2018-07-18 13:02:36.336 [IPControllerApp] Created profile dir: '/scratch/midway2/madduru/parsl/parsl/tests/integration/test_stress/runinfo/1173/profile_midway_ipp'
2018-07-18 13:02:36.354 [IPControllerApp] Hub listening on tcp://*:49550 for registration.
2018-07-18 13:02:36.356 [IPControllerApp] Hub using DB backend: 'DictDB'
2018-07-18 13:02:36.617 [IPControllerApp] hub::created hub
2018-07-18 13:02:36.618 [IPControllerApp] writing connection info to /scratch/midway2/madduru/parsl/parsl/tests/integration/test_stress/runinfo/1173/profile_midway_ipp/security/ipcontroller-client.json
2018-07-18 13:02:36.619 [IPControllerApp] writing connection info to /scratch/midway2/madduru/parsl/parsl/tests/integration/test_stress/runinfo/1173/profile_midway_ipp/security/ipcontroller-engine.json
2018-07-18 13:02:36.619 [IPControllerApp] task::using Python leastload Task scheduler
2018-07-18 13:02:36.620 [IPControllerApp] Heartmonitor started
2018-07-18 13:02:36.629 [IPControllerApp] Creating pid file: /scratch/midway2/madduru/parsl/parsl/tests/integration/test_stress/runinfo/1173/profile_midway_ipp/pid/ipcontroller.pid
2018-07-18 13:02:36.638 [scheduler] Scheduler started [leastload]
2018-07-18 13:02:36.641 [IPControllerApp] client::client b'\x00k\x8bEg' requested 'connection_request'
2018-07-18 13:02:36.641 [IPControllerApp] client::client [b'\x00k\x8bEg'] connected
2018-07-18 13:02:37.784 [IPControllerApp] client::client b'\x00k\x8bEh' requested 'connection_request'
2018-07-18 13:02:37.784 [IPControllerApp] client::client [b'\x00k\x8bEh'] connected
2018-07-18 13:03:11.054 [IPControllerApp] client::client b'6d138b91-d428715267bc594be4878059' requested 'registration_request'
2018-07-18 13:03:11.056 [IPControllerApp] client::client b'557a9b9c-20a22111e721900158a9858e' requested 'registration_request'
2018-07-18 13:03:11.059 [IPControllerApp] client::client b'7619bb4e-eeb0db0a92f7db971a2dfab0' requested 'registration_request'
2018-07-18 13:03:11.060 [IPControllerApp] client::client b'5f39b4d2-849dc2c84779c9e141a2162b' requested 'registration_request'
2018-07-18 13:03:11.061 [IPControllerApp] client::client b'd120cc7e-5ad252f66a8132e6538d00e0' requested 'registration_request'
2018-07-18 13:03:11.062 [IPControllerApp] client::client b'd5067e9f-ad0d5bbe7839c351cb5b55ca' requested 'registration_request'
2018-07-18 13:03:11.063 [IPControllerApp] client::client b'eaaedfe2-a0f8fc9f7f2b0de50c911855' requested 'registration_request'
2018-07-18 13:03:11.064 [IPControllerApp] client::client b'a3d6daa4-9dcb0e41fcf73b6e9f7936bf' requested 'registration_request'
2018-07-18 13:03:11.065 [IPControllerApp] client::client b'8f65d598-eb35ff20446a0f258332f2c2' requested 'registration_request'
2018-07-18 13:03:11.066 [IPControllerApp] client::client b'89862531-22e3e493c6cfcad92536b930' requested 'registration_request'
2018-07-18 13:03:11.067 [IPControllerApp] client::client b'60199e7a-2fef46807138439a184c2273' requested 'registration_request'
2018-07-18 13:03:11.068 [IPControllerApp] client::client b'a0cedb3a-612afde37e47869c17169234' requested 'registration_request'
2018-07-18 13:03:11.069 [IPControllerApp] client::client b'3b7c62d0-cf1f34e0d5948eaddf85a67c' requested 'registration_request'
2018-07-18 13:03:11.070 [IPControllerApp] client::client b'63e8502b-a46d67f24bd2bdd0e962a262' requested 'registration_request'
2018-07-18 13:03:11.071 [IPControllerApp] client::client b'6adb6a16-4bbd2856ee8b84a5030c94ee' requested 'registration_request'
2018-07-18 13:03:11.072 [IPControllerApp] client::client b'7ae50c29-a18a97200f9d99d3dc02e0e4' requested 'registration_request'
2018-07-18 13:03:11.072 [IPControllerApp] client::client b'16fe02a1-3aa101b4da1277147f1b3b49' requested 'registration_request'
2018-07-18 13:03:11.073 [IPControllerApp] client::client b'e778cefd-000de1e4c519c479c5d0f860' requested 'registration_request'
2018-07-18 13:03:11.092 [IPControllerApp] client::client b'2652ddfb-8a612d1df22a350f8462f97a' requested 'registration_request'
2018-07-18 13:03:11.096 [IPControllerApp] client::client b'ca5963b6-f2bb22ba031af58a654f7c06' requested 'registration_request'
2018-07-18 13:03:11.096 [IPControllerApp] client::client b'4f0f0233-8fb3d4dde4ac910c1d1ec7cc' requested 'registration_request'
2018-07-18 13:03:11.097 [IPControllerApp] client::client b'29c2f9e8-938dcb6f543bd4f262dda127' requested 'registration_request'
2018-07-18 13:03:11.098 [IPControllerApp] client::client b'71d36c4a-3386e65a7e5da1eea1d5ae86' requested 'registration_request'
2018-07-18 13:03:11.099 [IPControllerApp] client::client b'e9ff0363-87a11518d552a2028f09beab' requested 'registration_request'
2018-07-18 13:03:11.100 [IPControllerApp] client::client b'bc6c5375-fd7f4fcafb212d25183c8f64' requested 'registration_request'
2018-07-18 13:03:11.101 [IPControllerApp] client::client b'2fb5c1cd-a5c9669f9bb72bb2ebd59346' requested 'registration_request'
2018-07-18 13:03:11.102 [IPControllerApp] client::client b'aaf4bedc-0c371f73f816ea205cbe8cb3' requested 'registration_request'
2018-07-18 13:03:11.103 [IPControllerApp] client::client b'455a78cf-3ca8a95b5fa86ecddb4084ee' requested 'registration_request'
2018-07-18 13:03:11.104 [IPControllerApp] client::client b'98a2407e-6b84d887d39270580e3ffe51' requested 'registration_request'
2018-07-18 13:03:11.105 [IPControllerApp] client::client b'd3ab2ad8-c987fc71ad8ccda72da5a108' requested 'registration_request'
2018-07-18 13:03:11.106 [IPControllerApp] client::client b'45fe1c55-233ae5ccd5504fcdd2921f29' requested 'registration_request'
2018-07-18 13:03:11.107 [IPControllerApp] client::client b'72a98b13-27087ed84f81c140e4dc8506' requested 'registration_request'
2018-07-18 13:03:15.623 [IPControllerApp] registration::finished registering engine 27:455a78cf-3ca8a95b5fa86ecddb4084ee
2018-07-18 13:03:15.624 [IPControllerApp] engine::Engine Connected: 27
2018-07-18 13:03:15.625 [IPControllerApp] registration::finished registering engine 25:2fb5c1cd-a5c9669f9bb72bb2ebd59346
2018-07-18 13:03:15.625 [IPControllerApp] engine::Engine Connected: 25
2018-07-18 13:03:15.626 [IPControllerApp] registration::finished registering engine 30:45fe1c55-233ae5ccd5504fcdd2921f29
2018-07-18 13:03:15.626 [IPControllerApp] engine::Engine Connected: 30
2018-07-18 13:03:15.626 [IPControllerApp] registration::finished registering engine 10:60199e7a-2fef46807138439a184c2273
2018-07-18 13:03:15.626 [IPControllerApp] engine::Engine Connected: 10
2018-07-18 13:03:15.627 [IPControllerApp] registration::finished registering engine 7:a3d6daa4-9dcb0e41fcf73b6e9f7936bf
2018-07-18 13:03:15.627 [IPControllerApp] engine::Engine Connected: 7
2018-07-18 13:03:15.627 [IPControllerApp] registration::finished registering engine 16:16fe02a1-3aa101b4da1277147f1b3b49
2018-07-18 13:03:15.628 [IPControllerApp] engine::Engine Connected: 16
2018-07-18 13:03:15.628 [IPControllerApp] registration::finished registering engine 0:6d138b91-d428715267bc594be4878059
2018-07-18 13:03:15.628 [IPControllerApp] engine::Engine Connected: 0
2018-07-18 13:03:15.629 [IPControllerApp] registration::finished registering engine 22:71d36c4a-3386e65a7e5da1eea1d5ae86
2018-07-18 13:03:15.629 [IPControllerApp] engine::Engine Connected: 22
2018-07-18 13:03:15.629 [IPControllerApp] registration::finished registering engine 14:6adb6a16-4bbd2856ee8b84a5030c94ee
2018-07-18 13:03:15.630 [IPControllerApp] engine::Engine Connected: 14
2018-07-18 13:03:15.630 [IPControllerApp] registration::finished registering engine 4:d120cc7e-5ad252f66a8132e6538d00e0
2018-07-18 13:03:15.630 [IPControllerApp] engine::Engine Connected: 4
2018-07-18 13:03:15.630 [IPControllerApp] registration::finished registering engine 3:5f39b4d2-849dc2c84779c9e141a2162b
2018-07-18 13:03:15.631 [IPControllerApp] engine::Engine Connected: 3
2018-07-18 13:03:15.631 [IPControllerApp] registration::finished registering engine 15:7ae50c29-a18a97200f9d99d3dc02e0e4
2018-07-18 13:03:15.631 [IPControllerApp] engine::Engine Connected: 15
2018-07-18 13:03:15.632 [IPControllerApp] registration::finished registering engine 2:7619bb4e-eeb0db0a92f7db971a2dfab0
2018-07-18 13:03:15.632 [IPControllerApp] engine::Engine Connected: 2
2018-07-18 13:03:15.632 [IPControllerApp] registration::finished registering engine 5:d5067e9f-ad0d5bbe7839c351cb5b55ca
2018-07-18 13:03:15.633 [IPControllerApp] engine::Engine Connected: 5
2018-07-18 13:03:15.633 [IPControllerApp] registration::finished registering engine 13:63e8502b-a46d67f24bd2bdd0e962a262
2018-07-18 13:03:15.633 [IPControllerApp] engine::Engine Connected: 13
2018-07-18 13:03:15.634 [IPControllerApp] registration::finished registering engine 6:eaaedfe2-a0f8fc9f7f2b0de50c911855
2018-07-18 13:03:15.634 [IPControllerApp] engine::Engine Connected: 6
2018-07-18 13:03:15.634 [IPControllerApp] registration::finished registering engine 23:e9ff0363-87a11518d552a2028f09beab
2018-07-18 13:03:15.634 [IPControllerApp] engine::Engine Connected: 23
2018-07-18 13:03:15.635 [IPControllerApp] registration::finished registering engine 12:3b7c62d0-cf1f34e0d5948eaddf85a67c
2018-07-18 13:03:15.635 [IPControllerApp] engine::Engine Connected: 12
2018-07-18 13:03:15.635 [IPControllerApp] registration::finished registering engine 18:2652ddfb-8a612d1df22a350f8462f97a
2018-07-18 13:03:15.636 [IPControllerApp] engine::Engine Connected: 18
2018-07-18 13:03:15.636 [IPControllerApp] registration::finished registering engine 9:89862531-22e3e493c6cfcad92536b930
2018-07-18 13:03:15.636 [IPControllerApp] engine::Engine Connected: 9
2018-07-18 13:03:15.637 [IPControllerApp] registration::finished registering engine 21:29c2f9e8-938dcb6f543bd4f262dda127
2018-07-18 13:03:15.637 [IPControllerApp] engine::Engine Connected: 21
2018-07-18 13:03:15.637 [IPControllerApp] registration::finished registering engine 19:ca5963b6-f2bb22ba031af58a654f7c06
2018-07-18 13:03:15.637 [IPControllerApp] engine::Engine Connected: 19
2018-07-18 13:03:15.638 [IPControllerApp] registration::finished registering engine 24:bc6c5375-fd7f4fcafb212d25183c8f64
2018-07-18 13:03:15.638 [IPControllerApp] engine::Engine Connected: 24
2018-07-18 13:03:15.638 [IPControllerApp] registration::finished registering engine 29:d3ab2ad8-c987fc71ad8ccda72da5a108
2018-07-18 13:03:15.639 [IPControllerApp] engine::Engine Connected: 29
2018-07-18 13:03:15.639 [IPControllerApp] registration::finished registering engine 28:98a2407e-6b84d887d39270580e3ffe51
2018-07-18 13:03:15.639 [IPControllerApp] engine::Engine Connected: 28
2018-07-18 13:03:15.640 [IPControllerApp] registration::finished registering engine 17:e778cefd-000de1e4c519c479c5d0f860
2018-07-18 13:03:15.640 [IPControllerApp] engine::Engine Connected: 17
2018-07-18 13:03:15.640 [IPControllerApp] registration::finished registering engine 11:a0cedb3a-612afde37e47869c17169234
2018-07-18 13:03:15.641 [IPControllerApp] engine::Engine Connected: 11
2018-07-18 13:03:15.641 [IPControllerApp] registration::finished registering engine 26:aaf4bedc-0c371f73f816ea205cbe8cb3
2018-07-18 13:03:15.641 [IPControllerApp] engine::Engine Connected: 26
2018-07-18 13:03:15.642 [IPControllerApp] registration::finished registering engine 31:72a98b13-27087ed84f81c140e4dc8506
2018-07-18 13:03:15.642 [IPControllerApp] engine::Engine Connected: 31
2018-07-18 13:03:15.643 [IPControllerApp] registration::finished registering engine 1:557a9b9c-20a22111e721900158a9858e
2018-07-18 13:03:15.643 [IPControllerApp] engine::Engine Connected: 1
2018-07-18 13:03:15.644 [IPControllerApp] registration::finished registering engine 20:4f0f0233-8fb3d4dde4ac910c1d1ec7cc
2018-07-18 13:03:15.644 [IPControllerApp] engine::Engine Connected: 20
2018-07-18 13:03:15.644 [IPControllerApp] registration::finished registering engine 8:8f65d598-eb35ff20446a0f258332f2c2
2018-07-18 13:03:15.645 [IPControllerApp] engine::Engine Connected: 8
2018-07-18 13:03:15.649 [IPControllerApp] task::task 'ed3d9e6e-5a8b325fd4c721cf309a3251' arrived on 27
2018-07-18 13:03:15.650 [IPControllerApp] task::task '218c7099-4220b6504b42d82b49ac27fd' arrived on 25
2018-07-18 13:03:15.651 [IPControllerApp] task::task '7f6639f4-dbd020f91758f6a5c2f4a454' arrived on 30
2018-07-18 13:03:15.652 [IPControllerApp] task::task '51b3153e-2ff0567f04ffcdbed6767fa1' arrived on 10
2018-07-18 13:03:15.653 [IPControllerApp] task::task 'd803c270-98e48c4f1d5e32b6b8e307ee' arrived on 7
2018-07-18 13:03:15.654 [IPControllerApp] task::task '40d998e7-482ec0acdb06e625ec4c01e7' arrived on 16
2018-07-18 13:03:15.655 [IPControllerApp] task::task '133d56ed-1915e6a41bba42ba875ae4d0' arrived on 0
2018-07-18 13:03:15.656 [IPControllerApp] task::task 'a71466e6-d868deea0538f46f9b87f244' arrived on 22
2018-07-18 13:03:15.657 [IPControllerApp] task::task 'fc7ee0a0-c2aefab56a1c5d5db082c9d9' arrived on 14
2018-07-18 13:03:15.658 [IPControllerApp] task::task '044f0b38-3036ec6d8463ac309b1ab1cf' arrived on 4
2018-07-18 13:03:15.659 [IPControllerApp] task::task 'f8fbd5ca-7843ba448396b9e898447a8d' arrived on 3
2018-07-18 13:03:15.659 [IPControllerApp] task::task '8ed5be2b-4739e3dab00ccade3f655633' arrived on 15
2018-07-18 13:03:15.660 [IPControllerApp] task::task 'a63ebdfa-e5ee0b6bb1a31fc9ecb06bc1' arrived on 2
2018-07-18 13:03:15.662 [IPControllerApp] task::task '8e7a3fcd-a316daed6050d4ee774195cc' arrived on 5
2018-07-18 13:03:15.663 [IPControllerApp] task::task '678c384b-451d458579704482e1d9df2f' arrived on 13
2018-07-18 13:03:15.664 [IPControllerApp] task::task '21e863b0-ffbabfb78e108c570317646c' arrived on 6
2018-07-18 13:03:15.664 [IPControllerApp] task::task '1b113161-aa92300b7a80dd80bc019e61' arrived on 23
2018-07-18 13:03:15.666 [IPControllerApp] task::task 'e26ebb9f-db936ccebe1921e322c91bf0' arrived on 12
2018-07-18 13:03:15.667 [IPControllerApp] task::task '18fbc80c-5e8aba499e4723285924fd92' arrived on 18
2018-07-18 13:03:15.667 [IPControllerApp] task::task 'ae0d9090-fe7af829601d8eb69b9ef730' arrived on 9
2018-07-18 13:03:15.668 [IPControllerApp] task::task 'a7433ffd-ee709129e081bad8f6509631' arrived on 21
2018-07-18 13:03:15.670 [IPControllerApp] task::task 'd2130261-56b1adcfb589b277ebcdd26b' arrived on 19
2018-07-18 13:03:15.671 [IPControllerApp] task::task '5a73a214-89c9bf92b8b895de80991f3d' arrived on 24
2018-07-18 13:03:15.672 [IPControllerApp] task::task '85f51537-5befdd6c848975cbf89ba50f' arrived on 29
2018-07-18 13:03:15.673 [IPControllerApp] task::task '6a49549b-64ebc2eecb433fd4558bbc71' arrived on 28
2018-07-18 13:03:36.060 [IPControllerApp] task::task '678c384b-451d458579704482e1d9df2f' finished on 13
2018-07-18 13:03:36.065 [IPControllerApp] task::task '5a73a214-89c9bf92b8b895de80991f3d' finished on 24
2018-07-18 13:03:36.067 [IPControllerApp] task::task '218c7099-4220b6504b42d82b49ac27fd' finished on 25
2018-07-18 13:03:36.071 [IPControllerApp] task::task 'a7433ffd-ee709129e081bad8f6509631' finished on 21
2018-07-18 13:03:36.074 [IPControllerApp] task::task '6a49549b-64ebc2eecb433fd4558bbc71' finished on 28
2018-07-18 13:03:36.078 [IPControllerApp] task::task 'a63ebdfa-e5ee0b6bb1a31fc9ecb06bc1' finished on 2
2018-07-18 13:03:36.084 [IPControllerApp] task::task '133d56ed-1915e6a41bba42ba875ae4d0' finished on 0
2018-07-18 13:03:36.087 [IPControllerApp] task::task 'e26ebb9f-db936ccebe1921e322c91bf0' finished on 12
2018-07-18 13:03:36.091 [IPControllerApp] task::task '21e863b0-ffbabfb78e108c570317646c' finished on 6
2018-07-18 13:03:36.095 [IPControllerApp] task::task '7f6639f4-dbd020f91758f6a5c2f4a454' finished on 30
2018-07-18 13:03:36.098 [IPControllerApp] task::task 'fc7ee0a0-c2aefab56a1c5d5db082c9d9' finished on 14
2018-07-18 13:03:36.101 [IPControllerApp] task::task '18fbc80c-5e8aba499e4723285924fd92' finished on 18
2018-07-18 13:03:36.105 [IPControllerApp] task::task '40d998e7-482ec0acdb06e625ec4c01e7' finished on 16
2018-07-18 13:03:36.108 [IPControllerApp] task::task 'd803c270-98e48c4f1d5e32b6b8e307ee' finished on 7
2018-07-18 13:03:36.112 [IPControllerApp] task::task '044f0b38-3036ec6d8463ac309b1ab1cf' finished on 4
2018-07-18 13:03:36.115 [IPControllerApp] task::task '1b113161-aa92300b7a80dd80bc019e61' finished on 23
2018-07-18 13:03:36.119 [IPControllerApp] task::task 'a71466e6-d868deea0538f46f9b87f244' finished on 22
2018-07-18 13:03:36.123 [IPControllerApp] task::task 'ae0d9090-fe7af829601d8eb69b9ef730' finished on 9
2018-07-18 13:03:36.126 [IPControllerApp] task::task '51b3153e-2ff0567f04ffcdbed6767fa1' finished on 10
2018-07-18 13:03:36.129 [IPControllerApp] task::task '8e7a3fcd-a316daed6050d4ee774195cc' finished on 5
2018-07-18 13:03:36.133 [IPControllerApp] task::task '8ed5be2b-4739e3dab00ccade3f655633' finished on 15
2018-07-18 13:03:36.136 [IPControllerApp] task::task 'ed3d9e6e-5a8b325fd4c721cf309a3251' finished on 27
2018-07-18 13:03:36.140 [IPControllerApp] task::task 'd2130261-56b1adcfb589b277ebcdd26b' finished on 19
2018-07-18 13:03:36.142 [IPControllerApp] task::task '85f51537-5befdd6c848975cbf89ba50f' finished on 29
2018-07-18 13:03:36.145 [IPControllerApp] task::task 'f8fbd5ca-7843ba448396b9e898447a8d' finished on 3
2018-07-18 13:03:36.261 [IPControllerApp] CRITICAL | Received signal 15, shutting down
2018-07-18 13:03:36.261 [IPControllerApp] CRITICAL | terminating children...
