2018-07-17 13:48:52.485 [IPControllerApp] Created profile dir: '/scratch/midway2/madduru/parsl/parsl/tests/integration/test_stress/runinfo/1144/profile_midway_ipp'
2018-07-17 13:48:52.515 [IPControllerApp] Hub listening on tcp://*:61722 for registration.
2018-07-17 13:48:52.518 [IPControllerApp] Hub using DB backend: 'DictDB'
2018-07-17 13:48:52.785 [IPControllerApp] hub::created hub
2018-07-17 13:48:52.785 [IPControllerApp] writing connection info to /scratch/midway2/madduru/parsl/parsl/tests/integration/test_stress/runinfo/1144/profile_midway_ipp/security/ipcontroller-client.json
2018-07-17 13:48:52.786 [IPControllerApp] writing connection info to /scratch/midway2/madduru/parsl/parsl/tests/integration/test_stress/runinfo/1144/profile_midway_ipp/security/ipcontroller-engine.json
2018-07-17 13:48:52.787 [IPControllerApp] task::using Python leastload Task scheduler
2018-07-17 13:48:52.788 [IPControllerApp] Heartmonitor started
2018-07-17 13:48:52.800 [IPControllerApp] Creating pid file: /scratch/midway2/madduru/parsl/parsl/tests/integration/test_stress/runinfo/1144/profile_midway_ipp/pid/ipcontroller.pid
2018-07-17 13:48:52.813 [scheduler] Scheduler started [leastload]
2018-07-17 13:48:52.816 [IPControllerApp] client::client b'\x00k\x8bEg' requested 'connection_request'
2018-07-17 13:48:52.816 [IPControllerApp] client::client [b'\x00k\x8bEg'] connected
2018-07-17 13:48:53.584 [IPControllerApp] client::client b'\x00k\x8bEh' requested 'connection_request'
2018-07-17 13:48:53.584 [IPControllerApp] client::client [b'\x00k\x8bEh'] connected
2018-07-17 13:48:57.801 [IPControllerApp] client::client b'e3edcace-c9dcf9bc155f8f053a6deed8' requested 'registration_request'
2018-07-17 13:48:57.804 [IPControllerApp] client::client b'8699670e-fca8b099a6255a8921a945fb' requested 'registration_request'
2018-07-17 13:48:57.812 [IPControllerApp] client::client b'efb5176a-1bf79e51f1253d2f771c97b2' requested 'registration_request'
2018-07-17 13:48:57.814 [IPControllerApp] client::client b'350a3b5a-f4a3af23c83d0386bab2315e' requested 'registration_request'
2018-07-17 13:49:01.790 [IPControllerApp] registration::finished registering engine 0:e3edcace-c9dcf9bc155f8f053a6deed8
2018-07-17 13:49:01.791 [IPControllerApp] engine::Engine Connected: 0
2018-07-17 13:49:01.793 [IPControllerApp] registration::finished registering engine 1:8699670e-fca8b099a6255a8921a945fb
2018-07-17 13:49:01.793 [IPControllerApp] engine::Engine Connected: 1
2018-07-17 13:49:01.794 [IPControllerApp] registration::finished registering engine 3:350a3b5a-f4a3af23c83d0386bab2315e
2018-07-17 13:49:01.794 [IPControllerApp] engine::Engine Connected: 3
2018-07-17 13:49:01.794 [IPControllerApp] registration::finished registering engine 2:efb5176a-1bf79e51f1253d2f771c97b2
2018-07-17 13:49:01.795 [IPControllerApp] engine::Engine Connected: 2
2018-07-17 13:49:09.040 [IPControllerApp] CRITICAL | Received signal 15, shutting down
2018-07-17 13:49:09.040 [IPControllerApp] CRITICAL | terminating children...
