2018-07-11 12:27:05.278 [IPControllerApp] Created profile dir: '/scratch/midway2/madduru/parsl/parsl/tests/integration/test_stress/runinfo/928/profile_midway_ipp'
2018-07-11 12:27:05.297 [IPControllerApp] Hub listening on tcp://*:35927 for registration.
2018-07-11 12:27:05.299 [IPControllerApp] Hub using DB backend: 'DictDB'
2018-07-11 12:27:05.563 [IPControllerApp] hub::created hub
2018-07-11 12:27:05.564 [IPControllerApp] writing connection info to /scratch/midway2/madduru/parsl/parsl/tests/integration/test_stress/runinfo/928/profile_midway_ipp/security/ipcontroller-client.json
2018-07-11 12:27:05.565 [IPControllerApp] writing connection info to /scratch/midway2/madduru/parsl/parsl/tests/integration/test_stress/runinfo/928/profile_midway_ipp/security/ipcontroller-engine.json
2018-07-11 12:27:05.566 [IPControllerApp] task::using Python leastload Task scheduler
2018-07-11 12:27:05.567 [IPControllerApp] Heartmonitor started
2018-07-11 12:27:05.577 [IPControllerApp] Creating pid file: /scratch/midway2/madduru/parsl/parsl/tests/integration/test_stress/runinfo/928/profile_midway_ipp/pid/ipcontroller.pid
2018-07-11 12:27:05.587 [scheduler] Scheduler started [leastload]
2018-07-11 12:27:05.590 [IPControllerApp] client::client b'\x00k\x8bEg' requested 'connection_request'
2018-07-11 12:27:05.590 [IPControllerApp] client::client [b'\x00k\x8bEg'] connected
2018-07-11 12:27:06.604 [IPControllerApp] client::client b'\x00k\x8bEh' requested 'connection_request'
2018-07-11 12:27:06.604 [IPControllerApp] client::client [b'\x00k\x8bEh'] connected
2018-07-11 12:27:16.582 [IPControllerApp] client::client b'231e294d-f9ce2d50560322a8f55f51ad' requested 'registration_request'
2018-07-11 12:27:16.584 [IPControllerApp] client::client b'f7b1cdc7-e13ef60da28da5eae4214c01' requested 'registration_request'
2018-07-11 12:27:16.585 [IPControllerApp] client::client b'8ed11ce1-f4c96b9bf487daeab489474f' requested 'registration_request'
2018-07-11 12:27:16.586 [IPControllerApp] client::client b'ab88dfe7-dd40c7f82f90d0af843822f4' requested 'registration_request'
2018-07-11 12:27:20.570 [IPControllerApp] registration::finished registering engine 3:ab88dfe7-dd40c7f82f90d0af843822f4
2018-07-11 12:27:20.571 [IPControllerApp] engine::Engine Connected: 3
2018-07-11 12:27:20.573 [IPControllerApp] registration::finished registering engine 2:8ed11ce1-f4c96b9bf487daeab489474f
2018-07-11 12:27:20.573 [IPControllerApp] engine::Engine Connected: 2
2018-07-11 12:27:20.573 [IPControllerApp] registration::finished registering engine 0:231e294d-f9ce2d50560322a8f55f51ad
2018-07-11 12:27:20.574 [IPControllerApp] engine::Engine Connected: 0
2018-07-11 12:27:20.574 [IPControllerApp] registration::finished registering engine 1:f7b1cdc7-e13ef60da28da5eae4214c01
2018-07-11 12:27:20.575 [IPControllerApp] engine::Engine Connected: 1
2018-07-11 12:27:20.578 [IPControllerApp] task::task 'f796efbd-5ba26d5d02fbc3b3885b7559' arrived on 3
2018-07-11 12:27:20.579 [IPControllerApp] task::task '56249657-6cadd241f1d71bd2978d5cf4' arrived on 2
2018-07-11 12:27:20.581 [IPControllerApp] task::task '19a41804-9d21312d4e93394de2ad9a90' arrived on 0
2018-07-11 12:27:20.583 [IPControllerApp] task::task 'da7d3e11-2ff9537deb03b1015f3658d9' arrived on 1
2018-07-11 12:27:23.176 [IPControllerApp] task::task '98619354-7259d5d35164b7d7071ccc1b' arrived on 2
2018-07-11 12:27:23.177 [IPControllerApp] task::task '56249657-6cadd241f1d71bd2978d5cf4' finished on 2
2018-07-11 12:27:23.181 [IPControllerApp] task::task '526ed844-2368e504f5e65e294699b7ec' arrived on 3
2018-07-11 12:27:23.182 [IPControllerApp] task::task 'f796efbd-5ba26d5d02fbc3b3885b7559' finished on 3
2018-07-11 12:27:23.183 [IPControllerApp] task::task '18b702ed-1390fb9959d80c84b4b59210' arrived on 0
2018-07-11 12:27:23.184 [IPControllerApp] task::task '19a41804-9d21312d4e93394de2ad9a90' finished on 0
2018-07-11 12:27:23.188 [IPControllerApp] task::task '619650ea-06efbca0d56354c12a843b71' arrived on 1
2018-07-11 12:27:23.189 [IPControllerApp] task::task 'da7d3e11-2ff9537deb03b1015f3658d9' finished on 1
2018-07-11 12:27:24.193 [IPControllerApp] task::task '7eeefd3f-a04d467fe3b82a18a2cb448f' arrived on 0
2018-07-11 12:27:24.194 [IPControllerApp] task::task '18b702ed-1390fb9959d80c84b4b59210' finished on 0
2018-07-11 12:27:24.195 [IPControllerApp] task::task 'cf95a9e8-376e3242bca9c1cd704bd22b' arrived on 2
2018-07-11 12:27:24.196 [IPControllerApp] task::task '98619354-7259d5d35164b7d7071ccc1b' finished on 2
2018-07-11 12:27:24.197 [IPControllerApp] task::task 'd05ec625-d45e49ecbfc97ce726a4ed25' arrived on 3
2018-07-11 12:27:24.198 [IPControllerApp] task::task '526ed844-2368e504f5e65e294699b7ec' finished on 3
2018-07-11 12:27:24.199 [IPControllerApp] task::task '3c160732-e501bb99b0554c353bb0a6d7' arrived on 1
2018-07-11 12:27:24.200 [IPControllerApp] task::task '619650ea-06efbca0d56354c12a843b71' finished on 1
2018-07-11 12:27:25.202 [IPControllerApp] task::task '2da27f0f-4972d812564fe0244c3a1d89' arrived on 2
2018-07-11 12:27:25.203 [IPControllerApp] task::task 'cf95a9e8-376e3242bca9c1cd704bd22b' finished on 2
2018-07-11 12:27:25.203 [IPControllerApp] task::task '4ed08e7b-f7d743f72bb6fcd3596ff3c3' arrived on 3
2018-07-11 12:27:25.204 [IPControllerApp] task::task 'd05ec625-d45e49ecbfc97ce726a4ed25' finished on 3
2018-07-11 12:27:25.205 [IPControllerApp] task::task '174d9f17-d68ae75888e98d8e39da4d4e' arrived on 0
2018-07-11 12:27:25.206 [IPControllerApp] task::task '7eeefd3f-a04d467fe3b82a18a2cb448f' finished on 0
2018-07-11 12:27:25.207 [IPControllerApp] task::task '1ec6acc2-470b79eb24cfa3f0c04a2578' arrived on 1
2018-07-11 12:27:25.208 [IPControllerApp] task::task '3c160732-e501bb99b0554c353bb0a6d7' finished on 1
2018-07-11 12:27:26.206 [IPControllerApp] task::task '5bce467c-364172d6edb250cf992e3810' arrived on 2
2018-07-11 12:27:26.207 [IPControllerApp] task::task '2da27f0f-4972d812564fe0244c3a1d89' finished on 2
2018-07-11 12:27:26.210 [IPControllerApp] task::task '9e052b0e-f22033def1fbe784a0a2a6b0' arrived on 3
2018-07-11 12:27:26.211 [IPControllerApp] task::task '4ed08e7b-f7d743f72bb6fcd3596ff3c3' finished on 3
2018-07-11 12:27:26.212 [IPControllerApp] task::task '2dae73fd-6f374e712f1552765f1c24d2' arrived on 0
2018-07-11 12:27:26.213 [IPControllerApp] task::task '174d9f17-d68ae75888e98d8e39da4d4e' finished on 0
2018-07-11 12:27:26.216 [IPControllerApp] task::task '4e9c6614-bca72316605a4cbe437ae71b' arrived on 1
2018-07-11 12:27:26.216 [IPControllerApp] task::task '1ec6acc2-470b79eb24cfa3f0c04a2578' finished on 1
2018-07-11 12:27:27.216 [IPControllerApp] task::task '47158f6e-65e9e662cf21ca70a2270bab' arrived on 0
2018-07-11 12:27:27.217 [IPControllerApp] task::task '2dae73fd-6f374e712f1552765f1c24d2' finished on 0
2018-07-11 12:27:27.221 [IPControllerApp] task::task 'd7a3962e-0c39dd36b84c6e564796615c' arrived on 2
2018-07-11 12:27:27.222 [IPControllerApp] task::task '5bce467c-364172d6edb250cf992e3810' finished on 2
2018-07-11 12:27:27.222 [IPControllerApp] task::task '25172887-ec37a928c71dd629d2535896' arrived on 3
2018-07-11 12:27:27.224 [IPControllerApp] task::task '9e052b0e-f22033def1fbe784a0a2a6b0' finished on 3
2018-07-11 12:27:27.225 [IPControllerApp] task::task 'cf602baa-1496ad7882b156308491f91e' arrived on 1
2018-07-11 12:27:27.226 [IPControllerApp] task::task '4e9c6614-bca72316605a4cbe437ae71b' finished on 1
2018-07-11 12:27:28.230 [IPControllerApp] task::task 'e9cfbd82-2a93dbfaeea8a52146f7015a' arrived on 2
2018-07-11 12:27:28.231 [IPControllerApp] task::task 'd7a3962e-0c39dd36b84c6e564796615c' finished on 2
2018-07-11 12:27:28.232 [IPControllerApp] task::task '25172887-ec37a928c71dd629d2535896' finished on 3
2018-07-11 12:27:28.233 [IPControllerApp] task::task '47158f6e-65e9e662cf21ca70a2270bab' finished on 0
2018-07-11 12:27:28.234 [IPControllerApp] task::task 'cf602baa-1496ad7882b156308491f91e' finished on 1
2018-07-11 12:27:29.235 [IPControllerApp] task::task 'e9cfbd82-2a93dbfaeea8a52146f7015a' finished on 2
2018-07-11 12:27:30.791 [IPControllerApp] CRITICAL | Received signal 15, shutting down
2018-07-11 12:27:30.791 [IPControllerApp] CRITICAL | terminating children...
