2018-07-11 15:20:12.615 [IPControllerApp] Created profile dir: '/scratch/midway2/madduru/parsl/parsl/tests/integration/test_stress/runinfo/1011/profile_midway_ipp'
2018-07-11 15:20:12.657 [IPControllerApp] Hub listening on tcp://*:40143 for registration.
2018-07-11 15:20:12.658 [IPControllerApp] Hub using DB backend: 'DictDB'
2018-07-11 15:20:12.923 [IPControllerApp] hub::created hub
2018-07-11 15:20:12.923 [IPControllerApp] writing connection info to /scratch/midway2/madduru/parsl/parsl/tests/integration/test_stress/runinfo/1011/profile_midway_ipp/security/ipcontroller-client.json
2018-07-11 15:20:12.924 [IPControllerApp] writing connection info to /scratch/midway2/madduru/parsl/parsl/tests/integration/test_stress/runinfo/1011/profile_midway_ipp/security/ipcontroller-engine.json
2018-07-11 15:20:12.925 [IPControllerApp] task::using Python leastload Task scheduler
2018-07-11 15:20:12.925 [IPControllerApp] Heartmonitor started
2018-07-11 15:20:12.934 [IPControllerApp] Creating pid file: /scratch/midway2/madduru/parsl/parsl/tests/integration/test_stress/runinfo/1011/profile_midway_ipp/pid/ipcontroller.pid
2018-07-11 15:20:12.944 [scheduler] Scheduler started [leastload]
2018-07-11 15:20:12.947 [IPControllerApp] client::client b'\x00k\x8bEg' requested 'connection_request'
2018-07-11 15:20:12.947 [IPControllerApp] client::client [b'\x00k\x8bEg'] connected
2018-07-11 15:20:13.183 [IPControllerApp] client::client b'\x00k\x8bEh' requested 'connection_request'
2018-07-11 15:20:13.183 [IPControllerApp] client::client [b'\x00k\x8bEh'] connected
2018-07-11 15:20:56.984 [IPControllerApp] client::client b'81b8cfa3-4208096aba01c43912ac9806' requested 'registration_request'
2018-07-11 15:21:00.930 [IPControllerApp] registration::finished registering engine 0:81b8cfa3-4208096aba01c43912ac9806
2018-07-11 15:21:00.934 [IPControllerApp] engine::Engine Connected: 0
2018-07-11 15:21:00.948 [IPControllerApp] task::task 'bd9ae0c4-d826e373fbcc65738c9234bf' arrived on 0
2018-07-11 15:21:13.218 [IPControllerApp] task::task 'e4b8b405-df640a75ff0b068d2be1b796' arrived on 0
2018-07-11 15:21:13.220 [IPControllerApp] task::task 'bd9ae0c4-d826e373fbcc65738c9234bf' finished on 0
2018-07-11 15:21:23.235 [IPControllerApp] task::task 'ef41eeef-3191b808ef7bee93c48f202b' arrived on 0
2018-07-11 15:21:23.236 [IPControllerApp] task::task 'e4b8b405-df640a75ff0b068d2be1b796' finished on 0
2018-07-11 15:21:33.254 [IPControllerApp] task::task '42f10d93-6fb4a2038560014b0a57db15' arrived on 0
2018-07-11 15:21:33.256 [IPControllerApp] task::task 'ef41eeef-3191b808ef7bee93c48f202b' finished on 0
2018-07-11 15:21:43.267 [IPControllerApp] task::task 'b01897de-3798995f964f9be279ce06d2' arrived on 0
2018-07-11 15:21:43.268 [IPControllerApp] task::task '42f10d93-6fb4a2038560014b0a57db15' finished on 0
2018-07-11 15:21:53.286 [IPControllerApp] task::task 'a7de065a-d885d8561234a732c5642062' arrived on 0
2018-07-11 15:21:53.288 [IPControllerApp] task::task 'b01897de-3798995f964f9be279ce06d2' finished on 0
2018-07-11 15:22:03.300 [IPControllerApp] task::task 'bf60de59-4b2334568871b2f78a05747b' arrived on 0
2018-07-11 15:22:03.301 [IPControllerApp] task::task 'a7de065a-d885d8561234a732c5642062' finished on 0
2018-07-11 15:22:13.318 [IPControllerApp] task::task 'da3beb64-b5739c398984c580dead0abd' arrived on 0
2018-07-11 15:22:13.320 [IPControllerApp] task::task 'bf60de59-4b2334568871b2f78a05747b' finished on 0
2018-07-11 15:22:23.332 [IPControllerApp] task::task 'd4b35802-476d8c50737136dfc7b002a4' arrived on 0
2018-07-11 15:22:23.333 [IPControllerApp] task::task 'da3beb64-b5739c398984c580dead0abd' finished on 0
2018-07-11 15:22:33.346 [IPControllerApp] task::task '95786d1a-42e83c8a00b1bb374fae02b8' arrived on 0
2018-07-11 15:22:33.347 [IPControllerApp] task::task 'd4b35802-476d8c50737136dfc7b002a4' finished on 0
2018-07-11 15:22:43.362 [IPControllerApp] task::task '95786d1a-42e83c8a00b1bb374fae02b8' finished on 0
2018-07-11 15:22:43.573 [IPControllerApp] CRITICAL | Received signal 15, shutting down
2018-07-11 15:22:43.576 [IPControllerApp] CRITICAL | terminating children...
