2018-07-13 11:37:15.729 [IPEngineApp] Loading url_file 'ipengine.json'
2018-07-13 11:37:15.788 [IPEngineApp] Loading url_file 'ipengine.json'
2018-07-13 11:37:15.787 [IPEngineApp] Loading url_file 'ipengine.json'
2018-07-13 11:37:15.735 [IPEngineApp] Loading url_file 'ipengine.json'
2018-07-13 11:37:15.807 [IPEngineApp] Loading url_file 'ipengine.json'
2018-07-13 11:37:15.797 [IPEngineApp] Loading url_file 'ipengine.json'
2018-07-13 11:37:15.741 [IPEngineApp] Loading url_file 'ipengine.json'
2018-07-13 11:37:15.802 [IPEngineApp] Loading url_file 'ipengine.json'
2018-07-13 11:37:15.825 [IPEngineApp] Loading url_file 'ipengine.json'
2018-07-13 11:37:15.834 [IPEngineApp] Loading url_file 'ipengine.json'
2018-07-13 11:37:15.838 [IPEngineApp] Loading url_file 'ipengine.json'
2018-07-13 11:37:15.767 [IPEngineApp] Loading url_file 'ipengine.json'
2018-07-13 11:37:15.782 [IPEngineApp] Loading url_file 'ipengine.json'
2018-07-13 11:37:15.862 [IPEngineApp] Loading url_file 'ipengine.json'
2018-07-13 11:37:15.897 [IPEngineApp] Loading url_file 'ipengine.json'
2018-07-13 11:37:15.955 [IPEngineApp] Loading url_file 'ipengine.json'
2018-07-13 11:37:16.152 [IPEngineApp] Registering with controller at tcp://10.50.180.71:53535
2018-07-13 11:37:16.155 [IPEngineApp] Registering with controller at tcp://10.50.180.71:53535
2018-07-13 11:37:16.161 [IPEngineApp] Registering with controller at tcp://10.50.180.71:53535
2018-07-13 11:37:16.167 [IPEngineApp] Registering with controller at tcp://10.50.180.71:53535
2018-07-13 11:37:16.170 [IPEngineApp] Registering with controller at tcp://10.50.180.71:53535
2018-07-13 11:37:16.173 [IPEngineApp] Registering with controller at tcp://10.50.180.71:53535
2018-07-13 11:37:16.175 [IPEngineApp] Registering with controller at tcp://10.50.180.71:53535
2018-07-13 11:37:16.182 [IPEngineApp] Registering with controller at tcp://10.50.180.71:53535
2018-07-13 11:37:16.186 [IPEngineApp] Registering with controller at tcp://10.50.180.71:53535
2018-07-13 11:37:16.196 [IPEngineApp] Registering with controller at tcp://10.50.180.71:53535
2018-07-13 11:37:16.209 [IPEngineApp] Registering with controller at tcp://10.50.180.71:53535
2018-07-13 11:37:16.212 [IPEngineApp] Registering with controller at tcp://10.50.180.71:53535
2018-07-13 11:37:16.215 [IPEngineApp] Registering with controller at tcp://10.50.180.71:53535
2018-07-13 11:37:16.229 [IPEngineApp] Registering with controller at tcp://10.50.180.71:53535
2018-07-13 11:37:16.233 [IPEngineApp] Registering with controller at tcp://10.50.180.71:53535
2018-07-13 11:37:16.298 [IPEngineApp] Registering with controller at tcp://10.50.180.71:53535
2018-07-13 11:37:17.011 [IPEngineApp] Starting to monitor the heartbeat signal from the hub every 3010 ms.
2018-07-13 11:37:17.021 [IPEngineApp] Starting to monitor the heartbeat signal from the hub every 3010 ms.
2018-07-13 11:37:17.049 [IPEngineApp] Starting to monitor the heartbeat signal from the hub every 3010 ms.
2018-07-13 11:37:17.054 [IPEngineApp] Starting to monitor the heartbeat signal from the hub every 3010 ms.
2018-07-13 11:37:17.059 [IPEngineApp] Starting to monitor the heartbeat signal from the hub every 3010 ms.
2018-07-13 11:37:17.064 [IPEngineApp] Starting to monitor the heartbeat signal from the hub every 3010 ms.
2018-07-13 11:37:17.069 [IPEngineApp] Starting to monitor the heartbeat signal from the hub every 3010 ms.
2018-07-13 11:37:17.075 [IPEngineApp] Starting to monitor the heartbeat signal from the hub every 3010 ms.
2018-07-13 11:37:17.082 [IPEngineApp] Starting to monitor the heartbeat signal from the hub every 3010 ms.
2018-07-13 11:37:17.083 [IPEngineApp] Starting to monitor the heartbeat signal from the hub every 3010 ms.
2018-07-13 11:37:17.102 [IPEngineApp] Starting to monitor the heartbeat signal from the hub every 3010 ms.
2018-07-13 11:37:17.103 [IPEngineApp] Starting to monitor the heartbeat signal from the hub every 3010 ms.
2018-07-13 11:37:17.117 [IPEngineApp] Starting to monitor the heartbeat signal from the hub every 3010 ms.
2018-07-13 11:37:17.118 [IPEngineApp] Starting to monitor the heartbeat signal from the hub every 3010 ms.
2018-07-13 11:37:17.134 [IPEngineApp] Completed registration with id 0
2018-07-13 11:37:17.145 [IPEngineApp] Starting to monitor the heartbeat signal from the hub every 3010 ms.
2018-07-13 11:37:17.151 [IPEngineApp] Completed registration with id 1
2018-07-13 11:37:17.153 [IPEngineApp] Completed registration with id 5
2018-07-13 11:37:17.155 [IPEngineApp] Completed registration with id 4
2018-07-13 11:37:17.156 [IPEngineApp] Completed registration with id 2
2018-07-13 11:37:17.158 [IPEngineApp] Completed registration with id 6
2018-07-13 11:37:17.159 [IPEngineApp] Completed registration with id 3
2018-07-13 11:37:17.166 [IPEngineApp] Completed registration with id 7
2018-07-13 11:37:17.172 [IPEngineApp] Completed registration with id 8
2018-07-13 11:37:17.173 [IPEngineApp] Completed registration with id 9
2018-07-13 11:37:17.175 [IPEngineApp] Completed registration with id 11
2018-07-13 11:37:17.176 [IPEngineApp] Completed registration with id 10
2018-07-13 11:37:17.178 [IPEngineApp] Completed registration with id 12
2018-07-13 11:37:17.180 [IPEngineApp] Starting to monitor the heartbeat signal from the hub every 3010 ms.
2018-07-13 11:37:17.186 [IPEngineApp] Completed registration with id 13
2018-07-13 11:37:17.188 [IPEngineApp] Completed registration with id 14
2018-07-13 11:37:17.189 [IPEngineApp] Completed registration with id 15
2018-07-13 11:37:32.063 [IPEngineApp] WARNING | No heartbeat in the last 3010 ms (1 time(s) in a row).
2018-07-13 11:37:35.097 [IPEngineApp] WARNING | No heartbeat in the last 3010 ms (1 time(s) in a row).
2018-07-13 11:37:35.116 [IPEngineApp] WARNING | No heartbeat in the last 3010 ms (1 time(s) in a row).
2018-07-13 11:37:35.119 [IPEngineApp] WARNING | No heartbeat in the last 3010 ms (1 time(s) in a row).
2018-07-13 11:37:38.156 [IPEngineApp] WARNING | No heartbeat in the last 3010 ms (1 time(s) in a row).
2018-07-13 11:37:41.192 [IPEngineApp] WARNING | No heartbeat in the last 3010 ms (1 time(s) in a row).
2018-07-13 11:37:44.150 [IPEngineApp] WARNING | No heartbeat in the last 3010 ms (1 time(s) in a row).
2018-07-13 11:37:44.160 [IPEngineApp] WARNING | No heartbeat in the last 3010 ms (1 time(s) in a row).
2018-07-13 11:37:44.236 [IPEngineApp] WARNING | No heartbeat in the last 3010 ms (1 time(s) in a row).
2018-07-13 11:37:47.191 [IPEngineApp] WARNING | No heartbeat in the last 3010 ms (1 time(s) in a row).
2018-07-13 11:37:47.194 [IPEngineApp] WARNING | No heartbeat in the last 3010 ms (1 time(s) in a row).
2018-07-13 11:37:47.277 [IPEngineApp] WARNING | No heartbeat in the last 3010 ms (1 time(s) in a row).
2018-07-13 11:37:47.288 [IPEngineApp] WARNING | No heartbeat in the last 3010 ms (1 time(s) in a row).
2018-07-13 11:37:50.192 [IPEngineApp] WARNING | No heartbeat in the last 3010 ms (1 time(s) in a row).
2018-07-13 11:37:56.249 [IPEngineApp] WARNING | No heartbeat in the last 3010 ms (1 time(s) in a row).
2018-07-13 11:37:59.191 [IPEngineApp] WARNING | No heartbeat in the last 3010 ms (1 time(s) in a row).
2018-07-13 11:37:59.195 [IPEngineApp] WARNING | No heartbeat in the last 3010 ms (1 time(s) in a row).
2018-07-13 11:37:59.205 [IPEngineApp] WARNING | No heartbeat in the last 3010 ms (1 time(s) in a row).
2018-07-13 11:37:59.243 [IPEngineApp] WARNING | No heartbeat in the last 3010 ms (1 time(s) in a row).
2018-07-13 11:37:59.264 [IPEngineApp] WARNING | No heartbeat in the last 3010 ms (1 time(s) in a row).
2018-07-13 11:37:59.268 [IPEngineApp] WARNING | No heartbeat in the last 3010 ms (1 time(s) in a row).
2018-07-13 11:37:59.288 [IPEngineApp] WARNING | No heartbeat in the last 3010 ms (1 time(s) in a row).
2018-07-13 11:37:59.322 [IPEngineApp] WARNING | No heartbeat in the last 3010 ms (1 time(s) in a row).
