2018-06-28 14:26:08.832 [IPEngineApp] Loading url_file 'ipengine.json'
2018-06-28 14:26:08.921 [IPEngineApp] Registering with controller at tcp://10.50.180.71:48475
2018-06-28 14:26:08.961 [IPEngineApp] Loading url_file 'ipengine.json'
2018-06-28 14:26:08.969 [IPEngineApp] Loading url_file 'ipengine.json'
2018-06-28 14:26:09.011 [IPEngineApp] Loading url_file 'ipengine.json'
2018-06-28 14:26:09.055 [IPEngineApp] Registering with controller at tcp://10.50.180.71:48475
2018-06-28 14:26:09.053 [IPEngineApp] Registering with controller at tcp://10.50.180.71:48475
2018-06-28 14:26:09.085 [IPEngineApp] Registering with controller at tcp://10.50.180.71:48475
2018-06-28 14:26:09.148 [IPEngineApp] Starting to monitor the heartbeat signal from the hub every 3010 ms.
2018-06-28 14:26:09.174 [IPEngineApp] Completed registration with id 17
2018-06-28 14:26:09.244 [IPEngineApp] Starting to monitor the heartbeat signal from the hub every 3010 ms.
2018-06-28 14:26:09.252 [IPEngineApp] Starting to monitor the heartbeat signal from the hub every 3010 ms.
2018-06-28 14:26:09.272 [IPEngineApp] Completed registration with id 21
2018-06-28 14:26:09.273 [IPEngineApp] Completed registration with id 22
2018-06-28 14:26:09.279 [IPEngineApp] Starting to monitor the heartbeat signal from the hub every 3010 ms.
2018-06-28 14:26:09.285 [IPEngineApp] Completed registration with id 23
2018-06-28 14:26:18.183 [IPEngineApp] WARNING | No heartbeat in the last 3010 ms (1 time(s) in a row).
2018-06-28 14:26:18.278 [IPEngineApp] WARNING | No heartbeat in the last 3010 ms (1 time(s) in a row).
2018-06-28 14:26:18.286 [IPEngineApp] WARNING | No heartbeat in the last 3010 ms (1 time(s) in a row).
2018-06-28 14:26:18.313 [IPEngineApp] WARNING | No heartbeat in the last 3010 ms (1 time(s) in a row).
2018-06-28 14:26:21.191 [IPEngineApp] WARNING | No heartbeat in the last 3010 ms (2 time(s) in a row).
2018-06-28 14:26:21.287 [IPEngineApp] WARNING | No heartbeat in the last 3010 ms (2 time(s) in a row).
2018-06-28 14:26:21.295 [IPEngineApp] WARNING | No heartbeat in the last 3010 ms (2 time(s) in a row).
2018-06-28 14:26:21.323 [IPEngineApp] WARNING | No heartbeat in the last 3010 ms (2 time(s) in a row).
2018-06-28 14:26:24.201 [IPEngineApp] WARNING | No heartbeat in the last 3010 ms (3 time(s) in a row).
2018-06-28 14:26:24.298 [IPEngineApp] WARNING | No heartbeat in the last 3010 ms (3 time(s) in a row).
2018-06-28 14:26:24.306 [IPEngineApp] WARNING | No heartbeat in the last 3010 ms (3 time(s) in a row).
2018-06-28 14:26:24.332 [IPEngineApp] WARNING | No heartbeat in the last 3010 ms (3 time(s) in a row).
2018-06-28 14:26:27.213 [IPEngineApp] WARNING | No heartbeat in the last 3010 ms (4 time(s) in a row).
2018-06-28 14:26:27.308 [IPEngineApp] WARNING | No heartbeat in the last 3010 ms (4 time(s) in a row).
2018-06-28 14:26:27.316 [IPEngineApp] WARNING | No heartbeat in the last 3010 ms (4 time(s) in a row).
2018-06-28 14:26:27.343 [IPEngineApp] WARNING | No heartbeat in the last 3010 ms (4 time(s) in a row).
2018-06-28 14:26:30.221 [IPEngineApp] WARNING | No heartbeat in the last 3010 ms (5 time(s) in a row).
2018-06-28 14:26:30.317 [IPEngineApp] WARNING | No heartbeat in the last 3010 ms (5 time(s) in a row).
2018-06-28 14:26:30.325 [IPEngineApp] WARNING | No heartbeat in the last 3010 ms (5 time(s) in a row).
2018-06-28 14:26:30.352 [IPEngineApp] WARNING | No heartbeat in the last 3010 ms (5 time(s) in a row).
2018-06-28 14:26:33.233 [IPEngineApp] WARNING | No heartbeat in the last 3010 ms (6 time(s) in a row).
2018-06-28 14:26:33.325 [IPEngineApp] WARNING | No heartbeat in the last 3010 ms (6 time(s) in a row).
2018-06-28 14:26:33.336 [IPEngineApp] WARNING | No heartbeat in the last 3010 ms (6 time(s) in a row).
2018-06-28 14:26:33.362 [IPEngineApp] WARNING | No heartbeat in the last 3010 ms (6 time(s) in a row).
2018-06-28 14:26:36.242 [IPEngineApp] WARNING | No heartbeat in the last 3010 ms (7 time(s) in a row).
2018-06-28 14:26:36.337 [IPEngineApp] WARNING | No heartbeat in the last 3010 ms (7 time(s) in a row).
2018-06-28 14:26:36.345 [IPEngineApp] WARNING | No heartbeat in the last 3010 ms (7 time(s) in a row).
2018-06-28 14:26:36.373 [IPEngineApp] WARNING | No heartbeat in the last 3010 ms (7 time(s) in a row).
2018-06-28 14:26:39.252 [IPEngineApp] WARNING | No heartbeat in the last 3010 ms (8 time(s) in a row).
2018-06-28 14:26:39.347 [IPEngineApp] WARNING | No heartbeat in the last 3010 ms (8 time(s) in a row).
2018-06-28 14:26:39.356 [IPEngineApp] WARNING | No heartbeat in the last 3010 ms (8 time(s) in a row).
2018-06-28 14:26:39.383 [IPEngineApp] WARNING | No heartbeat in the last 3010 ms (8 time(s) in a row).
2018-06-28 14:26:42.262 [IPEngineApp] WARNING | No heartbeat in the last 3010 ms (9 time(s) in a row).
2018-06-28 14:26:42.357 [IPEngineApp] WARNING | No heartbeat in the last 3010 ms (9 time(s) in a row).
2018-06-28 14:26:42.366 [IPEngineApp] WARNING | No heartbeat in the last 3010 ms (9 time(s) in a row).
2018-06-28 14:26:42.392 [IPEngineApp] WARNING | No heartbeat in the last 3010 ms (9 time(s) in a row).
2018-06-28 14:26:45.270 [IPEngineApp] WARNING | No heartbeat in the last 3010 ms (10 time(s) in a row).
2018-06-28 14:26:45.366 [IPEngineApp] WARNING | No heartbeat in the last 3010 ms (10 time(s) in a row).
2018-06-28 14:26:45.376 [IPEngineApp] WARNING | No heartbeat in the last 3010 ms (10 time(s) in a row).
2018-06-28 14:26:45.403 [IPEngineApp] WARNING | No heartbeat in the last 3010 ms (10 time(s) in a row).
2018-06-28 14:26:48.281 [IPEngineApp] WARNING | No heartbeat in the last 3010 ms (11 time(s) in a row).
2018-06-28 14:26:48.377 [IPEngineApp] WARNING | No heartbeat in the last 3010 ms (11 time(s) in a row).
2018-06-28 14:26:48.385 [IPEngineApp] WARNING | No heartbeat in the last 3010 ms (11 time(s) in a row).
2018-06-28 14:26:48.412 [IPEngineApp] WARNING | No heartbeat in the last 3010 ms (11 time(s) in a row).
2018-06-28 14:26:51.293 [IPEngineApp] WARNING | No heartbeat in the last 3010 ms (12 time(s) in a row).
2018-06-28 14:26:51.388 [IPEngineApp] WARNING | No heartbeat in the last 3010 ms (12 time(s) in a row).
2018-06-28 14:26:51.396 [IPEngineApp] WARNING | No heartbeat in the last 3010 ms (12 time(s) in a row).
2018-06-28 14:26:51.423 [IPEngineApp] WARNING | No heartbeat in the last 3010 ms (12 time(s) in a row).
2018-06-28 14:26:54.302 [IPEngineApp] WARNING | No heartbeat in the last 3010 ms (13 time(s) in a row).
2018-06-28 14:26:54.398 [IPEngineApp] WARNING | No heartbeat in the last 3010 ms (13 time(s) in a row).
2018-06-28 14:26:54.405 [IPEngineApp] WARNING | No heartbeat in the last 3010 ms (13 time(s) in a row).
2018-06-28 14:26:54.432 [IPEngineApp] WARNING | No heartbeat in the last 3010 ms (13 time(s) in a row).
2018-06-28 14:26:57.312 [IPEngineApp] WARNING | No heartbeat in the last 3010 ms (14 time(s) in a row).
2018-06-28 14:26:57.407 [IPEngineApp] WARNING | No heartbeat in the last 3010 ms (14 time(s) in a row).
2018-06-28 14:26:57.416 [IPEngineApp] WARNING | No heartbeat in the last 3010 ms (14 time(s) in a row).
2018-06-28 14:26:57.442 [IPEngineApp] WARNING | No heartbeat in the last 3010 ms (14 time(s) in a row).
2018-06-28 14:27:00.322 [IPEngineApp] WARNING | No heartbeat in the last 3010 ms (15 time(s) in a row).
2018-06-28 14:27:00.418 [IPEngineApp] WARNING | No heartbeat in the last 3010 ms (15 time(s) in a row).
2018-06-28 14:27:00.425 [IPEngineApp] WARNING | No heartbeat in the last 3010 ms (15 time(s) in a row).
2018-06-28 14:27:00.452 [IPEngineApp] WARNING | No heartbeat in the last 3010 ms (15 time(s) in a row).
2018-06-28 14:27:03.333 [IPEngineApp] WARNING | No heartbeat in the last 3010 ms (16 time(s) in a row).
2018-06-28 14:27:03.428 [IPEngineApp] WARNING | No heartbeat in the last 3010 ms (16 time(s) in a row).
2018-06-28 14:27:03.436 [IPEngineApp] WARNING | No heartbeat in the last 3010 ms (16 time(s) in a row).
2018-06-28 14:27:03.463 [IPEngineApp] WARNING | No heartbeat in the last 3010 ms (16 time(s) in a row).
2018-06-28 14:27:06.341 [IPEngineApp] WARNING | No heartbeat in the last 3010 ms (17 time(s) in a row).
2018-06-28 14:27:06.438 [IPEngineApp] WARNING | No heartbeat in the last 3010 ms (17 time(s) in a row).
2018-06-28 14:27:06.445 [IPEngineApp] WARNING | No heartbeat in the last 3010 ms (17 time(s) in a row).
2018-06-28 14:27:06.473 [IPEngineApp] WARNING | No heartbeat in the last 3010 ms (17 time(s) in a row).
2018-06-28 14:27:09.351 [IPEngineApp] WARNING | No heartbeat in the last 3010 ms (18 time(s) in a row).
2018-06-28 14:27:09.447 [IPEngineApp] WARNING | No heartbeat in the last 3010 ms (18 time(s) in a row).
2018-06-28 14:27:09.456 [IPEngineApp] WARNING | No heartbeat in the last 3010 ms (18 time(s) in a row).
2018-06-28 14:27:09.482 [IPEngineApp] WARNING | No heartbeat in the last 3010 ms (18 time(s) in a row).
2018-06-28 14:27:12.363 [IPEngineApp] WARNING | No heartbeat in the last 3010 ms (19 time(s) in a row).
2018-06-28 14:27:12.458 [IPEngineApp] WARNING | No heartbeat in the last 3010 ms (19 time(s) in a row).
2018-06-28 14:27:12.465 [IPEngineApp] WARNING | No heartbeat in the last 3010 ms (19 time(s) in a row).
2018-06-28 14:27:12.492 [IPEngineApp] WARNING | No heartbeat in the last 3010 ms (19 time(s) in a row).
2018-06-28 14:27:15.372 [IPEngineApp] WARNING | No heartbeat in the last 3010 ms (20 time(s) in a row).
2018-06-28 14:27:15.467 [IPEngineApp] WARNING | No heartbeat in the last 3010 ms (20 time(s) in a row).
2018-06-28 14:27:15.475 [IPEngineApp] WARNING | No heartbeat in the last 3010 ms (20 time(s) in a row).
2018-06-28 14:27:15.503 [IPEngineApp] WARNING | No heartbeat in the last 3010 ms (20 time(s) in a row).
2018-06-28 14:27:18.382 [IPEngineApp] WARNING | No heartbeat in the last 3010 ms (21 time(s) in a row).
2018-06-28 14:27:18.477 [IPEngineApp] WARNING | No heartbeat in the last 3010 ms (21 time(s) in a row).
2018-06-28 14:27:18.486 [IPEngineApp] WARNING | No heartbeat in the last 3010 ms (21 time(s) in a row).
2018-06-28 14:27:18.512 [IPEngineApp] WARNING | No heartbeat in the last 3010 ms (21 time(s) in a row).
2018-06-28 14:27:21.392 [IPEngineApp] WARNING | No heartbeat in the last 3010 ms (22 time(s) in a row).
2018-06-28 14:27:21.485 [IPEngineApp] WARNING | No heartbeat in the last 3010 ms (22 time(s) in a row).
2018-06-28 14:27:21.495 [IPEngineApp] WARNING | No heartbeat in the last 3010 ms (22 time(s) in a row).
2018-06-28 14:27:21.522 [IPEngineApp] WARNING | No heartbeat in the last 3010 ms (22 time(s) in a row).
2018-06-28 14:27:24.403 [IPEngineApp] WARNING | No heartbeat in the last 3010 ms (23 time(s) in a row).
2018-06-28 14:27:24.497 [IPEngineApp] WARNING | No heartbeat in the last 3010 ms (23 time(s) in a row).
2018-06-28 14:27:24.506 [IPEngineApp] WARNING | No heartbeat in the last 3010 ms (23 time(s) in a row).
2018-06-28 14:27:24.532 [IPEngineApp] WARNING | No heartbeat in the last 3010 ms (23 time(s) in a row).
2018-06-28 14:27:27.412 [IPEngineApp] WARNING | No heartbeat in the last 3010 ms (24 time(s) in a row).
2018-06-28 14:27:27.508 [IPEngineApp] WARNING | No heartbeat in the last 3010 ms (24 time(s) in a row).
2018-06-28 14:27:27.516 [IPEngineApp] WARNING | No heartbeat in the last 3010 ms (24 time(s) in a row).
2018-06-28 14:27:27.543 [IPEngineApp] WARNING | No heartbeat in the last 3010 ms (24 time(s) in a row).
2018-06-28 14:27:30.423 [IPEngineApp] WARNING | No heartbeat in the last 3010 ms (25 time(s) in a row).
2018-06-28 14:27:30.517 [IPEngineApp] WARNING | No heartbeat in the last 3010 ms (25 time(s) in a row).
2018-06-28 14:27:30.526 [IPEngineApp] WARNING | No heartbeat in the last 3010 ms (25 time(s) in a row).
2018-06-28 14:27:30.551 [IPEngineApp] WARNING | No heartbeat in the last 3010 ms (25 time(s) in a row).
2018-06-28 14:27:33.431 [IPEngineApp] WARNING | No heartbeat in the last 3010 ms (26 time(s) in a row).
2018-06-28 14:27:33.528 [IPEngineApp] WARNING | No heartbeat in the last 3010 ms (26 time(s) in a row).
2018-06-28 14:27:33.535 [IPEngineApp] WARNING | No heartbeat in the last 3010 ms (26 time(s) in a row).
2018-06-28 14:27:33.562 [IPEngineApp] WARNING | No heartbeat in the last 3010 ms (26 time(s) in a row).
2018-06-28 14:27:36.442 [IPEngineApp] WARNING | No heartbeat in the last 3010 ms (27 time(s) in a row).
2018-06-28 14:27:36.538 [IPEngineApp] WARNING | No heartbeat in the last 3010 ms (27 time(s) in a row).
2018-06-28 14:27:36.545 [IPEngineApp] WARNING | No heartbeat in the last 3010 ms (27 time(s) in a row).
2018-06-28 14:27:36.572 [IPEngineApp] WARNING | No heartbeat in the last 3010 ms (27 time(s) in a row).
2018-06-28 14:27:39.452 [IPEngineApp] WARNING | No heartbeat in the last 3010 ms (28 time(s) in a row).
2018-06-28 14:27:39.547 [IPEngineApp] WARNING | No heartbeat in the last 3010 ms (28 time(s) in a row).
2018-06-28 14:27:39.555 [IPEngineApp] WARNING | No heartbeat in the last 3010 ms (28 time(s) in a row).
2018-06-28 14:27:39.583 [IPEngineApp] WARNING | No heartbeat in the last 3010 ms (28 time(s) in a row).
2018-06-28 14:27:42.462 [IPEngineApp] WARNING | No heartbeat in the last 3010 ms (29 time(s) in a row).
2018-06-28 14:27:42.558 [IPEngineApp] WARNING | No heartbeat in the last 3010 ms (29 time(s) in a row).
2018-06-28 14:27:42.565 [IPEngineApp] WARNING | No heartbeat in the last 3010 ms (29 time(s) in a row).
2018-06-28 14:27:42.592 [IPEngineApp] WARNING | No heartbeat in the last 3010 ms (29 time(s) in a row).
2018-06-28 14:27:45.472 [IPEngineApp] WARNING | No heartbeat in the last 3010 ms (30 time(s) in a row).
2018-06-28 14:27:45.567 [IPEngineApp] WARNING | No heartbeat in the last 3010 ms (30 time(s) in a row).
2018-06-28 14:27:45.575 [IPEngineApp] WARNING | No heartbeat in the last 3010 ms (30 time(s) in a row).
2018-06-28 14:27:45.603 [IPEngineApp] WARNING | No heartbeat in the last 3010 ms (30 time(s) in a row).
2018-06-28 14:27:48.483 [IPEngineApp] WARNING | No heartbeat in the last 3010 ms (31 time(s) in a row).
2018-06-28 14:27:48.577 [IPEngineApp] WARNING | No heartbeat in the last 3010 ms (31 time(s) in a row).
2018-06-28 14:27:48.585 [IPEngineApp] WARNING | No heartbeat in the last 3010 ms (31 time(s) in a row).
2018-06-28 14:27:48.613 [IPEngineApp] WARNING | No heartbeat in the last 3010 ms (31 time(s) in a row).
2018-06-28 14:27:51.492 [IPEngineApp] WARNING | No heartbeat in the last 3010 ms (32 time(s) in a row).
2018-06-28 14:27:51.587 [IPEngineApp] WARNING | No heartbeat in the last 3010 ms (32 time(s) in a row).
2018-06-28 14:27:51.596 [IPEngineApp] WARNING | No heartbeat in the last 3010 ms (32 time(s) in a row).
2018-06-28 14:27:51.622 [IPEngineApp] WARNING | No heartbeat in the last 3010 ms (32 time(s) in a row).
2018-06-28 14:27:54.502 [IPEngineApp] WARNING | No heartbeat in the last 3010 ms (33 time(s) in a row).
2018-06-28 14:27:54.597 [IPEngineApp] WARNING | No heartbeat in the last 3010 ms (33 time(s) in a row).
2018-06-28 14:27:54.606 [IPEngineApp] WARNING | No heartbeat in the last 3010 ms (33 time(s) in a row).
2018-06-28 14:27:54.633 [IPEngineApp] WARNING | No heartbeat in the last 3010 ms (33 time(s) in a row).
2018-06-28 14:27:57.511 [IPEngineApp] WARNING | No heartbeat in the last 3010 ms (34 time(s) in a row).
2018-06-28 14:27:57.607 [IPEngineApp] WARNING | No heartbeat in the last 3010 ms (34 time(s) in a row).
2018-06-28 14:27:57.615 [IPEngineApp] WARNING | No heartbeat in the last 3010 ms (34 time(s) in a row).
2018-06-28 14:27:57.641 [IPEngineApp] WARNING | No heartbeat in the last 3010 ms (34 time(s) in a row).
2018-06-28 14:28:00.522 [IPEngineApp] WARNING | No heartbeat in the last 3010 ms (35 time(s) in a row).
2018-06-28 14:28:00.617 [IPEngineApp] WARNING | No heartbeat in the last 3010 ms (35 time(s) in a row).
2018-06-28 14:28:00.626 [IPEngineApp] WARNING | No heartbeat in the last 3010 ms (35 time(s) in a row).
2018-06-28 14:28:00.652 [IPEngineApp] WARNING | No heartbeat in the last 3010 ms (35 time(s) in a row).
2018-06-28 14:28:03.532 [IPEngineApp] WARNING | No heartbeat in the last 3010 ms (36 time(s) in a row).
2018-06-28 14:28:03.625 [IPEngineApp] WARNING | No heartbeat in the last 3010 ms (36 time(s) in a row).
2018-06-28 14:28:03.635 [IPEngineApp] WARNING | No heartbeat in the last 3010 ms (36 time(s) in a row).
2018-06-28 14:28:03.662 [IPEngineApp] WARNING | No heartbeat in the last 3010 ms (36 time(s) in a row).
2018-06-28 14:28:06.543 [IPEngineApp] WARNING | No heartbeat in the last 3010 ms (37 time(s) in a row).
2018-06-28 14:28:06.638 [IPEngineApp] WARNING | No heartbeat in the last 3010 ms (37 time(s) in a row).
2018-06-28 14:28:06.646 [IPEngineApp] WARNING | No heartbeat in the last 3010 ms (37 time(s) in a row).
2018-06-28 14:28:06.673 [IPEngineApp] WARNING | No heartbeat in the last 3010 ms (37 time(s) in a row).
2018-06-28 14:28:09.552 [IPEngineApp] WARNING | No heartbeat in the last 3010 ms (38 time(s) in a row).
2018-06-28 14:28:09.647 [IPEngineApp] WARNING | No heartbeat in the last 3010 ms (38 time(s) in a row).
2018-06-28 14:28:09.655 [IPEngineApp] WARNING | No heartbeat in the last 3010 ms (38 time(s) in a row).
2018-06-28 14:28:09.681 [IPEngineApp] WARNING | No heartbeat in the last 3010 ms (38 time(s) in a row).
2018-06-28 14:28:12.562 [IPEngineApp] WARNING | No heartbeat in the last 3010 ms (39 time(s) in a row).
2018-06-28 14:28:12.658 [IPEngineApp] WARNING | No heartbeat in the last 3010 ms (39 time(s) in a row).
2018-06-28 14:28:12.665 [IPEngineApp] WARNING | No heartbeat in the last 3010 ms (39 time(s) in a row).
2018-06-28 14:28:12.692 [IPEngineApp] WARNING | No heartbeat in the last 3010 ms (39 time(s) in a row).
2018-06-28 14:28:15.573 [IPEngineApp] WARNING | No heartbeat in the last 3010 ms (40 time(s) in a row).
2018-06-28 14:28:15.667 [IPEngineApp] WARNING | No heartbeat in the last 3010 ms (40 time(s) in a row).
2018-06-28 14:28:15.675 [IPEngineApp] WARNING | No heartbeat in the last 3010 ms (40 time(s) in a row).
2018-06-28 14:28:15.703 [IPEngineApp] WARNING | No heartbeat in the last 3010 ms (40 time(s) in a row).
2018-06-28 14:28:18.582 [IPEngineApp] WARNING | No heartbeat in the last 3010 ms (41 time(s) in a row).
2018-06-28 14:28:18.677 [IPEngineApp] WARNING | No heartbeat in the last 3010 ms (41 time(s) in a row).
2018-06-28 14:28:18.685 [IPEngineApp] WARNING | No heartbeat in the last 3010 ms (41 time(s) in a row).
2018-06-28 14:28:18.712 [IPEngineApp] WARNING | No heartbeat in the last 3010 ms (41 time(s) in a row).
2018-06-28 14:28:21.593 [IPEngineApp] WARNING | No heartbeat in the last 3010 ms (42 time(s) in a row).
2018-06-28 14:28:21.687 [IPEngineApp] WARNING | No heartbeat in the last 3010 ms (42 time(s) in a row).
2018-06-28 14:28:21.696 [IPEngineApp] WARNING | No heartbeat in the last 3010 ms (42 time(s) in a row).
2018-06-28 14:28:21.722 [IPEngineApp] WARNING | No heartbeat in the last 3010 ms (42 time(s) in a row).
2018-06-28 14:28:24.601 [IPEngineApp] WARNING | No heartbeat in the last 3010 ms (43 time(s) in a row).
2018-06-28 14:28:24.697 [IPEngineApp] WARNING | No heartbeat in the last 3010 ms (43 time(s) in a row).
2018-06-28 14:28:24.705 [IPEngineApp] WARNING | No heartbeat in the last 3010 ms (43 time(s) in a row).
2018-06-28 14:28:24.732 [IPEngineApp] WARNING | No heartbeat in the last 3010 ms (43 time(s) in a row).
2018-06-28 14:28:27.613 [IPEngineApp] WARNING | No heartbeat in the last 3010 ms (44 time(s) in a row).
2018-06-28 14:28:27.708 [IPEngineApp] WARNING | No heartbeat in the last 3010 ms (44 time(s) in a row).
2018-06-28 14:28:27.716 [IPEngineApp] WARNING | No heartbeat in the last 3010 ms (44 time(s) in a row).
2018-06-28 14:28:27.743 [IPEngineApp] WARNING | No heartbeat in the last 3010 ms (44 time(s) in a row).
2018-06-28 14:28:30.621 [IPEngineApp] WARNING | No heartbeat in the last 3010 ms (45 time(s) in a row).
2018-06-28 14:28:30.718 [IPEngineApp] WARNING | No heartbeat in the last 3010 ms (45 time(s) in a row).
2018-06-28 14:28:30.725 [IPEngineApp] WARNING | No heartbeat in the last 3010 ms (45 time(s) in a row).
2018-06-28 14:28:30.752 [IPEngineApp] WARNING | No heartbeat in the last 3010 ms (45 time(s) in a row).
2018-06-28 14:28:33.632 [IPEngineApp] WARNING | No heartbeat in the last 3010 ms (46 time(s) in a row).
2018-06-28 14:28:33.727 [IPEngineApp] WARNING | No heartbeat in the last 3010 ms (46 time(s) in a row).
2018-06-28 14:28:33.735 [IPEngineApp] WARNING | No heartbeat in the last 3010 ms (46 time(s) in a row).
2018-06-28 14:28:33.763 [IPEngineApp] WARNING | No heartbeat in the last 3010 ms (46 time(s) in a row).
2018-06-28 14:28:36.642 [IPEngineApp] WARNING | No heartbeat in the last 3010 ms (47 time(s) in a row).
2018-06-28 14:28:36.738 [IPEngineApp] WARNING | No heartbeat in the last 3010 ms (47 time(s) in a row).
2018-06-28 14:28:36.745 [IPEngineApp] WARNING | No heartbeat in the last 3010 ms (47 time(s) in a row).
2018-06-28 14:28:36.773 [IPEngineApp] WARNING | No heartbeat in the last 3010 ms (47 time(s) in a row).
2018-06-28 14:28:39.653 [IPEngineApp] WARNING | No heartbeat in the last 3010 ms (48 time(s) in a row).
2018-06-28 14:28:39.748 [IPEngineApp] WARNING | No heartbeat in the last 3010 ms (48 time(s) in a row).
2018-06-28 14:28:39.756 [IPEngineApp] WARNING | No heartbeat in the last 3010 ms (48 time(s) in a row).
2018-06-28 14:28:39.782 [IPEngineApp] WARNING | No heartbeat in the last 3010 ms (48 time(s) in a row).
2018-06-28 14:28:42.661 [IPEngineApp] WARNING | No heartbeat in the last 3010 ms (49 time(s) in a row).
2018-06-28 14:28:42.757 [IPEngineApp] WARNING | No heartbeat in the last 3010 ms (49 time(s) in a row).
2018-06-28 14:28:42.765 [IPEngineApp] WARNING | No heartbeat in the last 3010 ms (49 time(s) in a row).
2018-06-28 14:28:42.793 [IPEngineApp] WARNING | No heartbeat in the last 3010 ms (49 time(s) in a row).
2018-06-28 14:28:45.673 [IPEngineApp] WARNING | No heartbeat in the last 3010 ms (50 time(s) in a row).
2018-06-28 14:28:45.673 [IPEngineApp] CRITICAL | Maximum number of heartbeats misses reached (50 times 3010 ms), shutting down.
2018-06-28 14:28:45.768 [IPEngineApp] WARNING | No heartbeat in the last 3010 ms (50 time(s) in a row).
2018-06-28 14:28:45.768 [IPEngineApp] CRITICAL | Maximum number of heartbeats misses reached (50 times 3010 ms), shutting down.
2018-06-28 14:28:45.776 [IPEngineApp] WARNING | No heartbeat in the last 3010 ms (50 time(s) in a row).
2018-06-28 14:28:45.776 [IPEngineApp] CRITICAL | Maximum number of heartbeats misses reached (50 times 3010 ms), shutting down.
2018-06-28 14:28:45.803 [IPEngineApp] WARNING | No heartbeat in the last 3010 ms (50 time(s) in a row).
2018-06-28 14:28:45.803 [IPEngineApp] CRITICAL | Maximum number of heartbeats misses reached (50 times 3010 ms), shutting down.
