2018-07-23 10:46:21.518 [IPEngineApp] Loading url_file 'ipengine.json'
2018-07-23 10:46:21.525 [IPEngineApp] Loading url_file 'ipengine.json'
2018-07-23 10:46:21.521 [IPEngineApp] Loading url_file 'ipengine.json'
2018-07-23 10:46:21.519 [IPEngineApp] Loading url_file 'ipengine.json'
2018-07-23 10:46:21.524 [IPEngineApp] Loading url_file 'ipengine.json'
2018-07-23 10:46:21.520 [IPEngineApp] Loading url_file 'ipengine.json'
2018-07-23 10:46:21.525 [IPEngineApp] Loading url_file 'ipengine.json'
2018-07-23 10:46:21.523 [IPEngineApp] Loading url_file 'ipengine.json'
2018-07-23 10:46:21.520 [IPEngineApp] Loading url_file 'ipengine.json'
2018-07-23 10:46:21.527 [IPEngineApp] Loading url_file 'ipengine.json'
2018-07-23 10:46:21.523 [IPEngineApp] Loading url_file 'ipengine.json'
2018-07-23 10:46:21.522 [IPEngineApp] Loading url_file 'ipengine.json'
2018-07-23 10:46:21.522 [IPEngineApp] Loading url_file 'ipengine.json'
2018-07-23 10:46:21.526 [IPEngineApp] Loading url_file 'ipengine.json'
2018-07-23 10:46:21.521 [IPEngineApp] Loading url_file 'ipengine.json'
2018-07-23 10:46:21.526 [IPEngineApp] Loading url_file 'ipengine.json'
2018-07-23 10:46:21.939 [IPEngineApp] Registering with controller at tcp://10.50.180.72:47367
2018-07-23 10:46:21.943 [IPEngineApp] Registering with controller at tcp://10.50.180.72:47367
2018-07-23 10:46:21.947 [IPEngineApp] Registering with controller at tcp://10.50.180.72:47367
2018-07-23 10:46:21.949 [IPEngineApp] Registering with controller at tcp://10.50.180.72:47367
2018-07-23 10:46:21.952 [IPEngineApp] Registering with controller at tcp://10.50.180.72:47367
2018-07-23 10:46:21.955 [IPEngineApp] Registering with controller at tcp://10.50.180.72:47367
2018-07-23 10:46:21.958 [IPEngineApp] Registering with controller at tcp://10.50.180.72:47367
2018-07-23 10:46:21.960 [IPEngineApp] Registering with controller at tcp://10.50.180.72:47367
2018-07-23 10:46:21.963 [IPEngineApp] Registering with controller at tcp://10.50.180.72:47367
2018-07-23 10:46:21.965 [IPEngineApp] Registering with controller at tcp://10.50.180.72:47367
2018-07-23 10:46:21.968 [IPEngineApp] Registering with controller at tcp://10.50.180.72:47367
2018-07-23 10:46:21.971 [IPEngineApp] Registering with controller at tcp://10.50.180.72:47367
2018-07-23 10:46:21.974 [IPEngineApp] Registering with controller at tcp://10.50.180.72:47367
2018-07-23 10:46:21.977 [IPEngineApp] Registering with controller at tcp://10.50.180.72:47367
2018-07-23 10:46:21.980 [IPEngineApp] Registering with controller at tcp://10.50.180.72:47367
2018-07-23 10:46:21.983 [IPEngineApp] Registering with controller at tcp://10.50.180.72:47367
2018-07-23 10:46:22.826 [IPEngineApp] Starting to monitor the heartbeat signal from the hub every 3010 ms.
2018-07-23 10:46:22.850 [IPEngineApp] Starting to monitor the heartbeat signal from the hub every 3010 ms.
2018-07-23 10:46:22.854 [IPEngineApp] Starting to monitor the heartbeat signal from the hub every 3010 ms.
2018-07-23 10:46:22.860 [IPEngineApp] Starting to monitor the heartbeat signal from the hub every 3010 ms.
2018-07-23 10:46:22.865 [IPEngineApp] Starting to monitor the heartbeat signal from the hub every 3010 ms.
2018-07-23 10:46:22.870 [IPEngineApp] Starting to monitor the heartbeat signal from the hub every 3010 ms.
2018-07-23 10:46:22.876 [IPEngineApp] Starting to monitor the heartbeat signal from the hub every 3010 ms.
2018-07-23 10:46:22.881 [IPEngineApp] Starting to monitor the heartbeat signal from the hub every 3010 ms.
2018-07-23 10:46:22.886 [IPEngineApp] Starting to monitor the heartbeat signal from the hub every 3010 ms.
2018-07-23 10:46:22.891 [IPEngineApp] Starting to monitor the heartbeat signal from the hub every 3010 ms.
2018-07-23 10:46:22.896 [IPEngineApp] Starting to monitor the heartbeat signal from the hub every 3010 ms.
2018-07-23 10:46:22.905 [IPEngineApp] Starting to monitor the heartbeat signal from the hub every 3010 ms.
2018-07-23 10:46:22.910 [IPEngineApp] Starting to monitor the heartbeat signal from the hub every 3010 ms.
2018-07-23 10:46:22.816 [IPEngineApp] Starting to monitor the heartbeat signal from the hub every 3010 ms.
2018-07-23 10:46:22.841 [IPEngineApp] Starting to monitor the heartbeat signal from the hub every 3010 ms.
2018-07-23 10:46:22.847 [IPEngineApp] Starting to monitor the heartbeat signal from the hub every 3010 ms.
2018-07-23 10:46:22.939 [IPEngineApp] Completed registration with id 13
2018-07-23 10:46:22.940 [IPEngineApp] Completed registration with id 9
2018-07-23 10:46:22.942 [IPEngineApp] Completed registration with id 14
2018-07-23 10:46:22.944 [IPEngineApp] Completed registration with id 8
2018-07-23 10:46:22.947 [IPEngineApp] Completed registration with id 2
2018-07-23 10:46:22.949 [IPEngineApp] Completed registration with id 12
2018-07-23 10:46:22.950 [IPEngineApp] Completed registration with id 7
2018-07-23 10:46:22.952 [IPEngineApp] Completed registration with id 1
2018-07-23 10:46:22.954 [IPEngineApp] Completed registration with id 5
2018-07-23 10:46:22.955 [IPEngineApp] Completed registration with id 4
2018-07-23 10:46:22.957 [IPEngineApp] Completed registration with id 3
2018-07-23 10:46:22.959 [IPEngineApp] Completed registration with id 11
2018-07-23 10:46:22.960 [IPEngineApp] Completed registration with id 6
2018-07-23 10:46:22.963 [IPEngineApp] Completed registration with id 10
2018-07-23 10:46:22.964 [IPEngineApp] Completed registration with id 0
2018-07-23 10:46:22.965 [IPEngineApp] Completed registration with id 15
2018-07-23 10:46:43.925 [IPEngineApp] WARNING | No heartbeat in the last 3010 ms (1 time(s) in a row).
2018-07-23 10:46:43.928 [IPEngineApp] WARNING | No heartbeat in the last 3010 ms (1 time(s) in a row).
2018-07-23 10:46:43.934 [IPEngineApp] WARNING | No heartbeat in the last 3010 ms (1 time(s) in a row).
2018-07-23 10:46:43.940 [IPEngineApp] WARNING | No heartbeat in the last 3010 ms (1 time(s) in a row).
2018-07-23 10:46:43.945 [IPEngineApp] WARNING | No heartbeat in the last 3010 ms (1 time(s) in a row).
2018-07-23 10:46:43.950 [IPEngineApp] WARNING | No heartbeat in the last 3010 ms (1 time(s) in a row).
2018-07-23 10:46:43.955 [IPEngineApp] WARNING | No heartbeat in the last 3010 ms (1 time(s) in a row).
2018-07-23 10:46:43.960 [IPEngineApp] WARNING | No heartbeat in the last 3010 ms (1 time(s) in a row).
2018-07-23 10:46:43.965 [IPEngineApp] WARNING | No heartbeat in the last 3010 ms (1 time(s) in a row).
2018-07-23 10:46:43.970 [IPEngineApp] WARNING | No heartbeat in the last 3010 ms (1 time(s) in a row).
2018-07-23 10:46:43.973 [IPEngineApp] WARNING | No heartbeat in the last 3010 ms (1 time(s) in a row).
2018-07-23 10:46:43.979 [IPEngineApp] WARNING | No heartbeat in the last 3010 ms (1 time(s) in a row).
2018-07-23 10:46:43.986 [IPEngineApp] WARNING | No heartbeat in the last 3010 ms (1 time(s) in a row).
2018-07-23 10:46:43.991 [IPEngineApp] WARNING | No heartbeat in the last 3010 ms (1 time(s) in a row).
2018-07-23 10:46:43.995 [IPEngineApp] WARNING | No heartbeat in the last 3010 ms (1 time(s) in a row).
2018-07-23 10:46:44.000 [IPEngineApp] WARNING | No heartbeat in the last 3010 ms (1 time(s) in a row).
2018-07-23 10:46:46.934 [IPEngineApp] WARNING | No heartbeat in the last 3010 ms (2 time(s) in a row).
2018-07-23 10:46:46.938 [IPEngineApp] WARNING | No heartbeat in the last 3010 ms (2 time(s) in a row).
2018-07-23 10:46:46.944 [IPEngineApp] WARNING | No heartbeat in the last 3010 ms (2 time(s) in a row).
2018-07-23 10:46:46.950 [IPEngineApp] WARNING | No heartbeat in the last 3010 ms (2 time(s) in a row).
2018-07-23 10:46:46.954 [IPEngineApp] WARNING | No heartbeat in the last 3010 ms (2 time(s) in a row).
2018-07-23 10:46:46.959 [IPEngineApp] WARNING | No heartbeat in the last 3010 ms (2 time(s) in a row).
2018-07-23 10:46:46.964 [IPEngineApp] WARNING | No heartbeat in the last 3010 ms (2 time(s) in a row).
2018-07-23 10:46:46.970 [IPEngineApp] WARNING | No heartbeat in the last 3010 ms (2 time(s) in a row).
2018-07-23 10:46:46.974 [IPEngineApp] WARNING | No heartbeat in the last 3010 ms (2 time(s) in a row).
2018-07-23 10:46:46.980 [IPEngineApp] WARNING | No heartbeat in the last 3010 ms (2 time(s) in a row).
2018-07-23 10:46:46.981 [IPEngineApp] WARNING | No heartbeat in the last 3010 ms (2 time(s) in a row).
2018-07-23 10:46:46.989 [IPEngineApp] WARNING | No heartbeat in the last 3010 ms (2 time(s) in a row).
2018-07-23 10:46:46.997 [IPEngineApp] WARNING | No heartbeat in the last 3010 ms (2 time(s) in a row).
2018-07-23 10:46:47.001 [IPEngineApp] WARNING | No heartbeat in the last 3010 ms (2 time(s) in a row).
2018-07-23 10:46:47.005 [IPEngineApp] WARNING | No heartbeat in the last 3010 ms (2 time(s) in a row).
2018-07-23 10:46:47.009 [IPEngineApp] WARNING | No heartbeat in the last 3010 ms (2 time(s) in a row).
2018-07-23 10:46:49.944 [IPEngineApp] WARNING | No heartbeat in the last 3010 ms (3 time(s) in a row).
2018-07-23 10:46:49.948 [IPEngineApp] WARNING | No heartbeat in the last 3010 ms (3 time(s) in a row).
2018-07-23 10:46:49.954 [IPEngineApp] WARNING | No heartbeat in the last 3010 ms (3 time(s) in a row).
2018-07-23 10:46:49.959 [IPEngineApp] WARNING | No heartbeat in the last 3010 ms (3 time(s) in a row).
2018-07-23 10:46:49.964 [IPEngineApp] WARNING | No heartbeat in the last 3010 ms (3 time(s) in a row).
2018-07-23 10:46:49.970 [IPEngineApp] WARNING | No heartbeat in the last 3010 ms (3 time(s) in a row).
2018-07-23 10:46:49.975 [IPEngineApp] WARNING | No heartbeat in the last 3010 ms (3 time(s) in a row).
2018-07-23 10:46:49.981 [IPEngineApp] WARNING | No heartbeat in the last 3010 ms (3 time(s) in a row).
2018-07-23 10:46:49.982 [IPEngineApp] WARNING | No heartbeat in the last 3010 ms (3 time(s) in a row).
2018-07-23 10:46:49.990 [IPEngineApp] WARNING | No heartbeat in the last 3010 ms (3 time(s) in a row).
2018-07-23 10:46:49.994 [IPEngineApp] WARNING | No heartbeat in the last 3010 ms (3 time(s) in a row).
2018-07-23 10:46:49.998 [IPEngineApp] WARNING | No heartbeat in the last 3010 ms (3 time(s) in a row).
2018-07-23 10:46:50.006 [IPEngineApp] WARNING | No heartbeat in the last 3010 ms (3 time(s) in a row).
2018-07-23 10:46:50.011 [IPEngineApp] WARNING | No heartbeat in the last 3010 ms (3 time(s) in a row).
2018-07-23 10:46:50.015 [IPEngineApp] WARNING | No heartbeat in the last 3010 ms (3 time(s) in a row).
2018-07-23 10:46:50.020 [IPEngineApp] WARNING | No heartbeat in the last 3010 ms (3 time(s) in a row).
2018-07-23 10:46:52.954 [IPEngineApp] WARNING | No heartbeat in the last 3010 ms (4 time(s) in a row).
2018-07-23 10:46:52.958 [IPEngineApp] WARNING | No heartbeat in the last 3010 ms (4 time(s) in a row).
2018-07-23 10:46:52.964 [IPEngineApp] WARNING | No heartbeat in the last 3010 ms (4 time(s) in a row).
2018-07-23 10:46:52.969 [IPEngineApp] WARNING | No heartbeat in the last 3010 ms (4 time(s) in a row).
2018-07-23 10:46:52.974 [IPEngineApp] WARNING | No heartbeat in the last 3010 ms (4 time(s) in a row).
2018-07-23 10:46:52.980 [IPEngineApp] WARNING | No heartbeat in the last 3010 ms (4 time(s) in a row).
2018-07-23 10:46:52.985 [IPEngineApp] WARNING | No heartbeat in the last 3010 ms (4 time(s) in a row).
2018-07-23 10:46:52.990 [IPEngineApp] WARNING | No heartbeat in the last 3010 ms (4 time(s) in a row).
2018-07-23 10:46:52.994 [IPEngineApp] WARNING | No heartbeat in the last 3010 ms (4 time(s) in a row).
2018-07-23 10:46:53.000 [IPEngineApp] WARNING | No heartbeat in the last 3010 ms (4 time(s) in a row).
2018-07-23 10:46:53.004 [IPEngineApp] WARNING | No heartbeat in the last 3010 ms (4 time(s) in a row).
2018-07-23 10:46:53.009 [IPEngineApp] WARNING | No heartbeat in the last 3010 ms (4 time(s) in a row).
2018-07-23 10:46:53.016 [IPEngineApp] WARNING | No heartbeat in the last 3010 ms (4 time(s) in a row).
2018-07-23 10:46:53.020 [IPEngineApp] WARNING | No heartbeat in the last 3010 ms (4 time(s) in a row).
2018-07-23 10:46:53.025 [IPEngineApp] WARNING | No heartbeat in the last 3010 ms (4 time(s) in a row).
2018-07-23 10:46:53.030 [IPEngineApp] WARNING | No heartbeat in the last 3010 ms (4 time(s) in a row).
2018-07-23 10:46:55.965 [IPEngineApp] WARNING | No heartbeat in the last 3010 ms (5 time(s) in a row).
2018-07-23 10:46:55.969 [IPEngineApp] WARNING | No heartbeat in the last 3010 ms (5 time(s) in a row).
2018-07-23 10:46:55.974 [IPEngineApp] WARNING | No heartbeat in the last 3010 ms (5 time(s) in a row).
2018-07-23 10:46:55.979 [IPEngineApp] WARNING | No heartbeat in the last 3010 ms (5 time(s) in a row).
2018-07-23 10:46:55.984 [IPEngineApp] WARNING | No heartbeat in the last 3010 ms (5 time(s) in a row).
2018-07-23 10:46:55.990 [IPEngineApp] WARNING | No heartbeat in the last 3010 ms (5 time(s) in a row).
2018-07-23 10:46:55.995 [IPEngineApp] WARNING | No heartbeat in the last 3010 ms (5 time(s) in a row).
2018-07-23 10:46:56.000 [IPEngineApp] WARNING | No heartbeat in the last 3010 ms (5 time(s) in a row).
2018-07-23 10:46:56.005 [IPEngineApp] WARNING | No heartbeat in the last 3010 ms (5 time(s) in a row).
2018-07-23 10:46:56.010 [IPEngineApp] WARNING | No heartbeat in the last 3010 ms (5 time(s) in a row).
2018-07-23 10:46:56.011 [IPEngineApp] WARNING | No heartbeat in the last 3010 ms (5 time(s) in a row).
2018-07-23 10:46:56.019 [IPEngineApp] WARNING | No heartbeat in the last 3010 ms (5 time(s) in a row).
2018-07-23 10:46:56.026 [IPEngineApp] WARNING | No heartbeat in the last 3010 ms (5 time(s) in a row).
2018-07-23 10:46:56.030 [IPEngineApp] WARNING | No heartbeat in the last 3010 ms (5 time(s) in a row).
2018-07-23 10:46:56.035 [IPEngineApp] WARNING | No heartbeat in the last 3010 ms (5 time(s) in a row).
2018-07-23 10:46:56.039 [IPEngineApp] WARNING | No heartbeat in the last 3010 ms (5 time(s) in a row).
2018-07-23 10:46:58.974 [IPEngineApp] WARNING | No heartbeat in the last 3010 ms (6 time(s) in a row).
2018-07-23 10:46:58.979 [IPEngineApp] WARNING | No heartbeat in the last 3010 ms (6 time(s) in a row).
2018-07-23 10:46:58.984 [IPEngineApp] WARNING | No heartbeat in the last 3010 ms (6 time(s) in a row).
2018-07-23 10:46:58.989 [IPEngineApp] WARNING | No heartbeat in the last 3010 ms (6 time(s) in a row).
2018-07-23 10:46:58.994 [IPEngineApp] WARNING | No heartbeat in the last 3010 ms (6 time(s) in a row).
2018-07-23 10:46:58.999 [IPEngineApp] WARNING | No heartbeat in the last 3010 ms (6 time(s) in a row).
2018-07-23 10:46:59.004 [IPEngineApp] WARNING | No heartbeat in the last 3010 ms (6 time(s) in a row).
2018-07-23 10:46:59.010 [IPEngineApp] WARNING | No heartbeat in the last 3010 ms (6 time(s) in a row).
2018-07-23 10:46:59.015 [IPEngineApp] WARNING | No heartbeat in the last 3010 ms (6 time(s) in a row).
2018-07-23 10:46:59.020 [IPEngineApp] WARNING | No heartbeat in the last 3010 ms (6 time(s) in a row).
2018-07-23 10:46:59.023 [IPEngineApp] WARNING | No heartbeat in the last 3010 ms (6 time(s) in a row).
2018-07-23 10:46:59.029 [IPEngineApp] WARNING | No heartbeat in the last 3010 ms (6 time(s) in a row).
2018-07-23 10:46:59.036 [IPEngineApp] WARNING | No heartbeat in the last 3010 ms (6 time(s) in a row).
2018-07-23 10:46:59.040 [IPEngineApp] WARNING | No heartbeat in the last 3010 ms (6 time(s) in a row).
2018-07-23 10:46:59.045 [IPEngineApp] WARNING | No heartbeat in the last 3010 ms (6 time(s) in a row).
2018-07-23 10:46:59.050 [IPEngineApp] WARNING | No heartbeat in the last 3010 ms (6 time(s) in a row).
2018-07-23 10:47:01.984 [IPEngineApp] WARNING | No heartbeat in the last 3010 ms (7 time(s) in a row).
2018-07-23 10:47:01.988 [IPEngineApp] WARNING | No heartbeat in the last 3010 ms (7 time(s) in a row).
2018-07-23 10:47:01.994 [IPEngineApp] WARNING | No heartbeat in the last 3010 ms (7 time(s) in a row).
2018-07-23 10:47:01.999 [IPEngineApp] WARNING | No heartbeat in the last 3010 ms (7 time(s) in a row).
2018-07-23 10:47:02.004 [IPEngineApp] WARNING | No heartbeat in the last 3010 ms (7 time(s) in a row).
2018-07-23 10:47:02.010 [IPEngineApp] WARNING | No heartbeat in the last 3010 ms (7 time(s) in a row).
2018-07-23 10:47:02.015 [IPEngineApp] WARNING | No heartbeat in the last 3010 ms (7 time(s) in a row).
2018-07-23 10:47:02.020 [IPEngineApp] WARNING | No heartbeat in the last 3010 ms (7 time(s) in a row).
2018-07-23 10:47:02.024 [IPEngineApp] WARNING | No heartbeat in the last 3010 ms (7 time(s) in a row).
2018-07-23 10:47:02.030 [IPEngineApp] WARNING | No heartbeat in the last 3010 ms (7 time(s) in a row).
2018-07-23 10:47:02.033 [IPEngineApp] WARNING | No heartbeat in the last 3010 ms (7 time(s) in a row).
2018-07-23 10:47:02.039 [IPEngineApp] WARNING | No heartbeat in the last 3010 ms (7 time(s) in a row).
2018-07-23 10:47:02.046 [IPEngineApp] WARNING | No heartbeat in the last 3010 ms (7 time(s) in a row).
2018-07-23 10:47:02.050 [IPEngineApp] WARNING | No heartbeat in the last 3010 ms (7 time(s) in a row).
2018-07-23 10:47:02.055 [IPEngineApp] WARNING | No heartbeat in the last 3010 ms (7 time(s) in a row).
2018-07-23 10:47:02.060 [IPEngineApp] WARNING | No heartbeat in the last 3010 ms (7 time(s) in a row).
2018-07-23 10:47:04.994 [IPEngineApp] WARNING | No heartbeat in the last 3010 ms (8 time(s) in a row).
2018-07-23 10:47:04.998 [IPEngineApp] WARNING | No heartbeat in the last 3010 ms (8 time(s) in a row).
2018-07-23 10:47:05.004 [IPEngineApp] WARNING | No heartbeat in the last 3010 ms (8 time(s) in a row).
2018-07-23 10:47:05.009 [IPEngineApp] WARNING | No heartbeat in the last 3010 ms (8 time(s) in a row).
2018-07-23 10:47:05.014 [IPEngineApp] WARNING | No heartbeat in the last 3010 ms (8 time(s) in a row).
2018-07-23 10:47:05.020 [IPEngineApp] WARNING | No heartbeat in the last 3010 ms (8 time(s) in a row).
2018-07-23 10:47:05.025 [IPEngineApp] WARNING | No heartbeat in the last 3010 ms (8 time(s) in a row).
2018-07-23 10:47:05.030 [IPEngineApp] WARNING | No heartbeat in the last 3010 ms (8 time(s) in a row).
2018-07-23 10:47:05.034 [IPEngineApp] WARNING | No heartbeat in the last 3010 ms (8 time(s) in a row).
2018-07-23 10:47:05.040 [IPEngineApp] WARNING | No heartbeat in the last 3010 ms (8 time(s) in a row).
2018-07-23 10:47:05.043 [IPEngineApp] WARNING | No heartbeat in the last 3010 ms (8 time(s) in a row).
2018-07-23 10:47:05.050 [IPEngineApp] WARNING | No heartbeat in the last 3010 ms (8 time(s) in a row).
2018-07-23 10:47:05.056 [IPEngineApp] WARNING | No heartbeat in the last 3010 ms (8 time(s) in a row).
2018-07-23 10:47:05.061 [IPEngineApp] WARNING | No heartbeat in the last 3010 ms (8 time(s) in a row).
2018-07-23 10:47:05.065 [IPEngineApp] WARNING | No heartbeat in the last 3010 ms (8 time(s) in a row).
2018-07-23 10:47:05.069 [IPEngineApp] WARNING | No heartbeat in the last 3010 ms (8 time(s) in a row).
2018-07-23 10:47:08.004 [IPEngineApp] WARNING | No heartbeat in the last 3010 ms (9 time(s) in a row).
2018-07-23 10:47:08.008 [IPEngineApp] WARNING | No heartbeat in the last 3010 ms (9 time(s) in a row).
2018-07-23 10:47:08.014 [IPEngineApp] WARNING | No heartbeat in the last 3010 ms (9 time(s) in a row).
2018-07-23 10:47:08.019 [IPEngineApp] WARNING | No heartbeat in the last 3010 ms (9 time(s) in a row).
2018-07-23 10:47:08.024 [IPEngineApp] WARNING | No heartbeat in the last 3010 ms (9 time(s) in a row).
2018-07-23 10:47:08.029 [IPEngineApp] WARNING | No heartbeat in the last 3010 ms (9 time(s) in a row).
2018-07-23 10:47:08.035 [IPEngineApp] WARNING | No heartbeat in the last 3010 ms (9 time(s) in a row).
2018-07-23 10:47:08.040 [IPEngineApp] WARNING | No heartbeat in the last 3010 ms (9 time(s) in a row).
2018-07-23 10:47:08.045 [IPEngineApp] WARNING | No heartbeat in the last 3010 ms (9 time(s) in a row).
2018-07-23 10:47:08.050 [IPEngineApp] WARNING | No heartbeat in the last 3010 ms (9 time(s) in a row).
2018-07-23 10:47:08.053 [IPEngineApp] WARNING | No heartbeat in the last 3010 ms (9 time(s) in a row).
2018-07-23 10:47:08.059 [IPEngineApp] WARNING | No heartbeat in the last 3010 ms (9 time(s) in a row).
2018-07-23 10:47:08.066 [IPEngineApp] WARNING | No heartbeat in the last 3010 ms (9 time(s) in a row).
2018-07-23 10:47:08.070 [IPEngineApp] WARNING | No heartbeat in the last 3010 ms (9 time(s) in a row).
2018-07-23 10:47:08.075 [IPEngineApp] WARNING | No heartbeat in the last 3010 ms (9 time(s) in a row).
2018-07-23 10:47:08.079 [IPEngineApp] WARNING | No heartbeat in the last 3010 ms (9 time(s) in a row).
2018-07-23 10:47:11.014 [IPEngineApp] WARNING | No heartbeat in the last 3010 ms (10 time(s) in a row).
2018-07-23 10:47:11.018 [IPEngineApp] WARNING | No heartbeat in the last 3010 ms (10 time(s) in a row).
2018-07-23 10:47:11.023 [IPEngineApp] WARNING | No heartbeat in the last 3010 ms (10 time(s) in a row).
2018-07-23 10:47:11.029 [IPEngineApp] WARNING | No heartbeat in the last 3010 ms (10 time(s) in a row).
2018-07-23 10:47:11.034 [IPEngineApp] WARNING | No heartbeat in the last 3010 ms (10 time(s) in a row).
2018-07-23 10:47:11.040 [IPEngineApp] WARNING | No heartbeat in the last 3010 ms (10 time(s) in a row).
2018-07-23 10:47:11.045 [IPEngineApp] WARNING | No heartbeat in the last 3010 ms (10 time(s) in a row).
2018-07-23 10:47:11.049 [IPEngineApp] WARNING | No heartbeat in the last 3010 ms (10 time(s) in a row).
2018-07-23 10:47:11.055 [IPEngineApp] WARNING | No heartbeat in the last 3010 ms (10 time(s) in a row).
2018-07-23 10:47:11.061 [IPEngineApp] WARNING | No heartbeat in the last 3010 ms (10 time(s) in a row).
2018-07-23 10:47:11.063 [IPEngineApp] WARNING | No heartbeat in the last 3010 ms (10 time(s) in a row).
2018-07-23 10:47:11.069 [IPEngineApp] WARNING | No heartbeat in the last 3010 ms (10 time(s) in a row).
2018-07-23 10:47:11.076 [IPEngineApp] WARNING | No heartbeat in the last 3010 ms (10 time(s) in a row).
2018-07-23 10:47:11.080 [IPEngineApp] WARNING | No heartbeat in the last 3010 ms (10 time(s) in a row).
2018-07-23 10:47:11.085 [IPEngineApp] WARNING | No heartbeat in the last 3010 ms (10 time(s) in a row).
2018-07-23 10:47:11.089 [IPEngineApp] WARNING | No heartbeat in the last 3010 ms (10 time(s) in a row).
2018-07-23 10:47:14.024 [IPEngineApp] WARNING | No heartbeat in the last 3010 ms (11 time(s) in a row).
2018-07-23 10:47:14.028 [IPEngineApp] WARNING | No heartbeat in the last 3010 ms (11 time(s) in a row).
2018-07-23 10:47:14.034 [IPEngineApp] WARNING | No heartbeat in the last 3010 ms (11 time(s) in a row).
2018-07-23 10:47:14.039 [IPEngineApp] WARNING | No heartbeat in the last 3010 ms (11 time(s) in a row).
2018-07-23 10:47:14.044 [IPEngineApp] WARNING | No heartbeat in the last 3010 ms (11 time(s) in a row).
2018-07-23 10:47:14.050 [IPEngineApp] WARNING | No heartbeat in the last 3010 ms (11 time(s) in a row).
2018-07-23 10:47:14.054 [IPEngineApp] WARNING | No heartbeat in the last 3010 ms (11 time(s) in a row).
2018-07-23 10:47:14.060 [IPEngineApp] WARNING | No heartbeat in the last 3010 ms (11 time(s) in a row).
2018-07-23 10:47:14.064 [IPEngineApp] WARNING | No heartbeat in the last 3010 ms (11 time(s) in a row).
2018-07-23 10:47:14.070 [IPEngineApp] WARNING | No heartbeat in the last 3010 ms (11 time(s) in a row).
2018-07-23 10:47:14.073 [IPEngineApp] WARNING | No heartbeat in the last 3010 ms (11 time(s) in a row).
2018-07-23 10:47:14.079 [IPEngineApp] WARNING | No heartbeat in the last 3010 ms (11 time(s) in a row).
2018-07-23 10:47:14.086 [IPEngineApp] WARNING | No heartbeat in the last 3010 ms (11 time(s) in a row).
2018-07-23 10:47:14.090 [IPEngineApp] WARNING | No heartbeat in the last 3010 ms (11 time(s) in a row).
2018-07-23 10:47:14.095 [IPEngineApp] WARNING | No heartbeat in the last 3010 ms (11 time(s) in a row).
2018-07-23 10:47:14.099 [IPEngineApp] WARNING | No heartbeat in the last 3010 ms (11 time(s) in a row).
2018-07-23 10:47:17.034 [IPEngineApp] WARNING | No heartbeat in the last 3010 ms (12 time(s) in a row).
2018-07-23 10:47:17.038 [IPEngineApp] WARNING | No heartbeat in the last 3010 ms (12 time(s) in a row).
2018-07-23 10:47:17.044 [IPEngineApp] WARNING | No heartbeat in the last 3010 ms (12 time(s) in a row).
2018-07-23 10:47:17.049 [IPEngineApp] WARNING | No heartbeat in the last 3010 ms (12 time(s) in a row).
2018-07-23 10:47:17.054 [IPEngineApp] WARNING | No heartbeat in the last 3010 ms (12 time(s) in a row).
2018-07-23 10:47:17.059 [IPEngineApp] WARNING | No heartbeat in the last 3010 ms (12 time(s) in a row).
2018-07-23 10:47:17.065 [IPEngineApp] WARNING | No heartbeat in the last 3010 ms (12 time(s) in a row).
2018-07-23 10:47:17.070 [IPEngineApp] WARNING | No heartbeat in the last 3010 ms (12 time(s) in a row).
2018-07-23 10:47:17.074 [IPEngineApp] WARNING | No heartbeat in the last 3010 ms (12 time(s) in a row).
2018-07-23 10:47:17.080 [IPEngineApp] WARNING | No heartbeat in the last 3010 ms (12 time(s) in a row).
2018-07-23 10:47:17.083 [IPEngineApp] WARNING | No heartbeat in the last 3010 ms (12 time(s) in a row).
2018-07-23 10:47:17.089 [IPEngineApp] WARNING | No heartbeat in the last 3010 ms (12 time(s) in a row).
2018-07-23 10:47:17.096 [IPEngineApp] WARNING | No heartbeat in the last 3010 ms (12 time(s) in a row).
2018-07-23 10:47:17.100 [IPEngineApp] WARNING | No heartbeat in the last 3010 ms (12 time(s) in a row).
2018-07-23 10:47:17.105 [IPEngineApp] WARNING | No heartbeat in the last 3010 ms (12 time(s) in a row).
2018-07-23 10:47:17.109 [IPEngineApp] WARNING | No heartbeat in the last 3010 ms (12 time(s) in a row).
2018-07-23 10:47:20.044 [IPEngineApp] WARNING | No heartbeat in the last 3010 ms (13 time(s) in a row).
2018-07-23 10:47:20.048 [IPEngineApp] WARNING | No heartbeat in the last 3010 ms (13 time(s) in a row).
2018-07-23 10:47:20.054 [IPEngineApp] WARNING | No heartbeat in the last 3010 ms (13 time(s) in a row).
2018-07-23 10:47:20.059 [IPEngineApp] WARNING | No heartbeat in the last 3010 ms (13 time(s) in a row).
2018-07-23 10:47:20.064 [IPEngineApp] WARNING | No heartbeat in the last 3010 ms (13 time(s) in a row).
2018-07-23 10:47:20.069 [IPEngineApp] WARNING | No heartbeat in the last 3010 ms (13 time(s) in a row).
2018-07-23 10:47:20.075 [IPEngineApp] WARNING | No heartbeat in the last 3010 ms (13 time(s) in a row).
2018-07-23 10:47:20.080 [IPEngineApp] WARNING | No heartbeat in the last 3010 ms (13 time(s) in a row).
2018-07-23 10:47:20.084 [IPEngineApp] WARNING | No heartbeat in the last 3010 ms (13 time(s) in a row).
2018-07-23 10:47:20.090 [IPEngineApp] WARNING | No heartbeat in the last 3010 ms (13 time(s) in a row).
2018-07-23 10:47:20.093 [IPEngineApp] WARNING | No heartbeat in the last 3010 ms (13 time(s) in a row).
2018-07-23 10:47:20.099 [IPEngineApp] WARNING | No heartbeat in the last 3010 ms (13 time(s) in a row).
2018-07-23 10:47:20.106 [IPEngineApp] WARNING | No heartbeat in the last 3010 ms (13 time(s) in a row).
2018-07-23 10:47:20.110 [IPEngineApp] WARNING | No heartbeat in the last 3010 ms (13 time(s) in a row).
2018-07-23 10:47:20.115 [IPEngineApp] WARNING | No heartbeat in the last 3010 ms (13 time(s) in a row).
2018-07-23 10:47:20.120 [IPEngineApp] WARNING | No heartbeat in the last 3010 ms (13 time(s) in a row).
2018-07-23 10:47:23.055 [IPEngineApp] WARNING | No heartbeat in the last 3010 ms (14 time(s) in a row).
2018-07-23 10:47:23.058 [IPEngineApp] WARNING | No heartbeat in the last 3010 ms (14 time(s) in a row).
2018-07-23 10:47:23.064 [IPEngineApp] WARNING | No heartbeat in the last 3010 ms (14 time(s) in a row).
2018-07-23 10:47:23.069 [IPEngineApp] WARNING | No heartbeat in the last 3010 ms (14 time(s) in a row).
2018-07-23 10:47:23.074 [IPEngineApp] WARNING | No heartbeat in the last 3010 ms (14 time(s) in a row).
2018-07-23 10:47:23.080 [IPEngineApp] WARNING | No heartbeat in the last 3010 ms (14 time(s) in a row).
2018-07-23 10:47:23.085 [IPEngineApp] WARNING | No heartbeat in the last 3010 ms (14 time(s) in a row).
2018-07-23 10:47:23.090 [IPEngineApp] WARNING | No heartbeat in the last 3010 ms (14 time(s) in a row).
2018-07-23 10:47:23.094 [IPEngineApp] WARNING | No heartbeat in the last 3010 ms (14 time(s) in a row).
2018-07-23 10:47:23.100 [IPEngineApp] WARNING | No heartbeat in the last 3010 ms (14 time(s) in a row).
2018-07-23 10:47:23.103 [IPEngineApp] WARNING | No heartbeat in the last 3010 ms (14 time(s) in a row).
2018-07-23 10:47:23.109 [IPEngineApp] WARNING | No heartbeat in the last 3010 ms (14 time(s) in a row).
2018-07-23 10:47:23.116 [IPEngineApp] WARNING | No heartbeat in the last 3010 ms (14 time(s) in a row).
2018-07-23 10:47:23.120 [IPEngineApp] WARNING | No heartbeat in the last 3010 ms (14 time(s) in a row).
2018-07-23 10:47:23.125 [IPEngineApp] WARNING | No heartbeat in the last 3010 ms (14 time(s) in a row).
2018-07-23 10:47:23.129 [IPEngineApp] WARNING | No heartbeat in the last 3010 ms (14 time(s) in a row).
2018-07-23 10:47:26.063 [IPEngineApp] WARNING | No heartbeat in the last 3010 ms (15 time(s) in a row).
2018-07-23 10:47:26.068 [IPEngineApp] WARNING | No heartbeat in the last 3010 ms (15 time(s) in a row).
2018-07-23 10:47:26.074 [IPEngineApp] WARNING | No heartbeat in the last 3010 ms (15 time(s) in a row).
2018-07-23 10:47:26.079 [IPEngineApp] WARNING | No heartbeat in the last 3010 ms (15 time(s) in a row).
2018-07-23 10:47:26.084 [IPEngineApp] WARNING | No heartbeat in the last 3010 ms (15 time(s) in a row).
2018-07-23 10:47:26.090 [IPEngineApp] WARNING | No heartbeat in the last 3010 ms (15 time(s) in a row).
2018-07-23 10:47:26.095 [IPEngineApp] WARNING | No heartbeat in the last 3010 ms (15 time(s) in a row).
2018-07-23 10:47:26.100 [IPEngineApp] WARNING | No heartbeat in the last 3010 ms (15 time(s) in a row).
2018-07-23 10:47:26.104 [IPEngineApp] WARNING | No heartbeat in the last 3010 ms (15 time(s) in a row).
2018-07-23 10:47:26.111 [IPEngineApp] WARNING | No heartbeat in the last 3010 ms (15 time(s) in a row).
2018-07-23 10:47:26.111 [IPEngineApp] WARNING | No heartbeat in the last 3010 ms (15 time(s) in a row).
2018-07-23 10:47:26.119 [IPEngineApp] WARNING | No heartbeat in the last 3010 ms (15 time(s) in a row).
2018-07-23 10:47:26.126 [IPEngineApp] WARNING | No heartbeat in the last 3010 ms (15 time(s) in a row).
2018-07-23 10:47:26.130 [IPEngineApp] WARNING | No heartbeat in the last 3010 ms (15 time(s) in a row).
2018-07-23 10:47:26.135 [IPEngineApp] WARNING | No heartbeat in the last 3010 ms (15 time(s) in a row).
2018-07-23 10:47:26.139 [IPEngineApp] WARNING | No heartbeat in the last 3010 ms (15 time(s) in a row).
2018-07-23 10:47:29.074 [IPEngineApp] WARNING | No heartbeat in the last 3010 ms (16 time(s) in a row).
2018-07-23 10:47:29.078 [IPEngineApp] WARNING | No heartbeat in the last 3010 ms (16 time(s) in a row).
2018-07-23 10:47:29.084 [IPEngineApp] WARNING | No heartbeat in the last 3010 ms (16 time(s) in a row).
2018-07-23 10:47:29.089 [IPEngineApp] WARNING | No heartbeat in the last 3010 ms (16 time(s) in a row).
2018-07-23 10:47:29.094 [IPEngineApp] WARNING | No heartbeat in the last 3010 ms (16 time(s) in a row).
2018-07-23 10:47:29.100 [IPEngineApp] WARNING | No heartbeat in the last 3010 ms (16 time(s) in a row).
2018-07-23 10:47:29.105 [IPEngineApp] WARNING | No heartbeat in the last 3010 ms (16 time(s) in a row).
2018-07-23 10:47:29.109 [IPEngineApp] WARNING | No heartbeat in the last 3010 ms (16 time(s) in a row).
2018-07-23 10:47:29.114 [IPEngineApp] WARNING | No heartbeat in the last 3010 ms (16 time(s) in a row).
2018-07-23 10:47:29.120 [IPEngineApp] WARNING | No heartbeat in the last 3010 ms (16 time(s) in a row).
2018-07-23 10:47:29.123 [IPEngineApp] WARNING | No heartbeat in the last 3010 ms (16 time(s) in a row).
2018-07-23 10:47:29.129 [IPEngineApp] WARNING | No heartbeat in the last 3010 ms (16 time(s) in a row).
2018-07-23 10:47:29.136 [IPEngineApp] WARNING | No heartbeat in the last 3010 ms (16 time(s) in a row).
2018-07-23 10:47:29.140 [IPEngineApp] WARNING | No heartbeat in the last 3010 ms (16 time(s) in a row).
2018-07-23 10:47:29.145 [IPEngineApp] WARNING | No heartbeat in the last 3010 ms (16 time(s) in a row).
2018-07-23 10:47:29.149 [IPEngineApp] WARNING | No heartbeat in the last 3010 ms (16 time(s) in a row).
2018-07-23 10:47:32.084 [IPEngineApp] WARNING | No heartbeat in the last 3010 ms (17 time(s) in a row).
2018-07-23 10:47:32.088 [IPEngineApp] WARNING | No heartbeat in the last 3010 ms (17 time(s) in a row).
2018-07-23 10:47:32.094 [IPEngineApp] WARNING | No heartbeat in the last 3010 ms (17 time(s) in a row).
2018-07-23 10:47:32.099 [IPEngineApp] WARNING | No heartbeat in the last 3010 ms (17 time(s) in a row).
2018-07-23 10:47:32.104 [IPEngineApp] WARNING | No heartbeat in the last 3010 ms (17 time(s) in a row).
2018-07-23 10:47:32.110 [IPEngineApp] WARNING | No heartbeat in the last 3010 ms (17 time(s) in a row).
2018-07-23 10:47:32.115 [IPEngineApp] WARNING | No heartbeat in the last 3010 ms (17 time(s) in a row).
2018-07-23 10:47:32.120 [IPEngineApp] WARNING | No heartbeat in the last 3010 ms (17 time(s) in a row).
2018-07-23 10:47:32.124 [IPEngineApp] WARNING | No heartbeat in the last 3010 ms (17 time(s) in a row).
2018-07-23 10:47:32.130 [IPEngineApp] WARNING | No heartbeat in the last 3010 ms (17 time(s) in a row).
2018-07-23 10:47:32.133 [IPEngineApp] WARNING | No heartbeat in the last 3010 ms (17 time(s) in a row).
2018-07-23 10:47:32.139 [IPEngineApp] WARNING | No heartbeat in the last 3010 ms (17 time(s) in a row).
2018-07-23 10:47:32.146 [IPEngineApp] WARNING | No heartbeat in the last 3010 ms (17 time(s) in a row).
2018-07-23 10:47:32.150 [IPEngineApp] WARNING | No heartbeat in the last 3010 ms (17 time(s) in a row).
2018-07-23 10:47:32.155 [IPEngineApp] WARNING | No heartbeat in the last 3010 ms (17 time(s) in a row).
2018-07-23 10:47:32.160 [IPEngineApp] WARNING | No heartbeat in the last 3010 ms (17 time(s) in a row).
2018-07-23 10:47:35.094 [IPEngineApp] WARNING | No heartbeat in the last 3010 ms (18 time(s) in a row).
2018-07-23 10:47:35.098 [IPEngineApp] WARNING | No heartbeat in the last 3010 ms (18 time(s) in a row).
2018-07-23 10:47:35.104 [IPEngineApp] WARNING | No heartbeat in the last 3010 ms (18 time(s) in a row).
2018-07-23 10:47:35.109 [IPEngineApp] WARNING | No heartbeat in the last 3010 ms (18 time(s) in a row).
2018-07-23 10:47:35.114 [IPEngineApp] WARNING | No heartbeat in the last 3010 ms (18 time(s) in a row).
2018-07-23 10:47:35.119 [IPEngineApp] WARNING | No heartbeat in the last 3010 ms (18 time(s) in a row).
2018-07-23 10:47:35.125 [IPEngineApp] WARNING | No heartbeat in the last 3010 ms (18 time(s) in a row).
2018-07-23 10:47:35.130 [IPEngineApp] WARNING | No heartbeat in the last 3010 ms (18 time(s) in a row).
2018-07-23 10:47:35.134 [IPEngineApp] WARNING | No heartbeat in the last 3010 ms (18 time(s) in a row).
2018-07-23 10:47:35.140 [IPEngineApp] WARNING | No heartbeat in the last 3010 ms (18 time(s) in a row).
2018-07-23 10:47:35.143 [IPEngineApp] WARNING | No heartbeat in the last 3010 ms (18 time(s) in a row).
2018-07-23 10:47:35.149 [IPEngineApp] WARNING | No heartbeat in the last 3010 ms (18 time(s) in a row).
2018-07-23 10:47:35.156 [IPEngineApp] WARNING | No heartbeat in the last 3010 ms (18 time(s) in a row).
2018-07-23 10:47:35.161 [IPEngineApp] WARNING | No heartbeat in the last 3010 ms (18 time(s) in a row).
2018-07-23 10:47:35.165 [IPEngineApp] WARNING | No heartbeat in the last 3010 ms (18 time(s) in a row).
2018-07-23 10:47:35.169 [IPEngineApp] WARNING | No heartbeat in the last 3010 ms (18 time(s) in a row).
2018-07-23 10:47:38.104 [IPEngineApp] WARNING | No heartbeat in the last 3010 ms (19 time(s) in a row).
2018-07-23 10:47:38.108 [IPEngineApp] WARNING | No heartbeat in the last 3010 ms (19 time(s) in a row).
2018-07-23 10:47:38.114 [IPEngineApp] WARNING | No heartbeat in the last 3010 ms (19 time(s) in a row).
2018-07-23 10:47:38.119 [IPEngineApp] WARNING | No heartbeat in the last 3010 ms (19 time(s) in a row).
2018-07-23 10:47:38.124 [IPEngineApp] WARNING | No heartbeat in the last 3010 ms (19 time(s) in a row).
2018-07-23 10:47:38.130 [IPEngineApp] WARNING | No heartbeat in the last 3010 ms (19 time(s) in a row).
2018-07-23 10:47:38.134 [IPEngineApp] WARNING | No heartbeat in the last 3010 ms (19 time(s) in a row).
2018-07-23 10:47:38.140 [IPEngineApp] WARNING | No heartbeat in the last 3010 ms (19 time(s) in a row).
2018-07-23 10:47:38.144 [IPEngineApp] WARNING | No heartbeat in the last 3010 ms (19 time(s) in a row).
2018-07-23 10:47:38.150 [IPEngineApp] WARNING | No heartbeat in the last 3010 ms (19 time(s) in a row).
2018-07-23 10:47:38.153 [IPEngineApp] WARNING | No heartbeat in the last 3010 ms (19 time(s) in a row).
2018-07-23 10:47:38.159 [IPEngineApp] WARNING | No heartbeat in the last 3010 ms (19 time(s) in a row).
2018-07-23 10:47:38.166 [IPEngineApp] WARNING | No heartbeat in the last 3010 ms (19 time(s) in a row).
2018-07-23 10:47:38.170 [IPEngineApp] WARNING | No heartbeat in the last 3010 ms (19 time(s) in a row).
2018-07-23 10:47:38.175 [IPEngineApp] WARNING | No heartbeat in the last 3010 ms (19 time(s) in a row).
2018-07-23 10:47:38.180 [IPEngineApp] WARNING | No heartbeat in the last 3010 ms (19 time(s) in a row).
2018-07-23 10:47:41.114 [IPEngineApp] WARNING | No heartbeat in the last 3010 ms (20 time(s) in a row).
2018-07-23 10:47:41.118 [IPEngineApp] WARNING | No heartbeat in the last 3010 ms (20 time(s) in a row).
2018-07-23 10:47:41.124 [IPEngineApp] WARNING | No heartbeat in the last 3010 ms (20 time(s) in a row).
2018-07-23 10:47:41.130 [IPEngineApp] WARNING | No heartbeat in the last 3010 ms (20 time(s) in a row).
2018-07-23 10:47:41.134 [IPEngineApp] WARNING | No heartbeat in the last 3010 ms (20 time(s) in a row).
2018-07-23 10:47:41.140 [IPEngineApp] WARNING | No heartbeat in the last 3010 ms (20 time(s) in a row).
2018-07-23 10:47:41.144 [IPEngineApp] WARNING | No heartbeat in the last 3010 ms (20 time(s) in a row).
2018-07-23 10:47:41.150 [IPEngineApp] WARNING | No heartbeat in the last 3010 ms (20 time(s) in a row).
2018-07-23 10:47:41.154 [IPEngineApp] WARNING | No heartbeat in the last 3010 ms (20 time(s) in a row).
2018-07-23 10:47:41.160 [IPEngineApp] WARNING | No heartbeat in the last 3010 ms (20 time(s) in a row).
2018-07-23 10:47:41.163 [IPEngineApp] WARNING | No heartbeat in the last 3010 ms (20 time(s) in a row).
2018-07-23 10:47:41.169 [IPEngineApp] WARNING | No heartbeat in the last 3010 ms (20 time(s) in a row).
2018-07-23 10:47:41.176 [IPEngineApp] WARNING | No heartbeat in the last 3010 ms (20 time(s) in a row).
2018-07-23 10:47:41.179 [IPEngineApp] WARNING | No heartbeat in the last 3010 ms (20 time(s) in a row).
2018-07-23 10:47:41.185 [IPEngineApp] WARNING | No heartbeat in the last 3010 ms (20 time(s) in a row).
2018-07-23 10:47:41.189 [IPEngineApp] WARNING | No heartbeat in the last 3010 ms (20 time(s) in a row).
2018-07-23 10:47:44.124 [IPEngineApp] WARNING | No heartbeat in the last 3010 ms (21 time(s) in a row).
2018-07-23 10:47:44.128 [IPEngineApp] WARNING | No heartbeat in the last 3010 ms (21 time(s) in a row).
2018-07-23 10:47:44.133 [IPEngineApp] WARNING | No heartbeat in the last 3010 ms (21 time(s) in a row).
2018-07-23 10:47:44.140 [IPEngineApp] WARNING | No heartbeat in the last 3010 ms (21 time(s) in a row).
2018-07-23 10:47:44.144 [IPEngineApp] WARNING | No heartbeat in the last 3010 ms (21 time(s) in a row).
2018-07-23 10:47:44.150 [IPEngineApp] WARNING | No heartbeat in the last 3010 ms (21 time(s) in a row).
2018-07-23 10:47:44.155 [IPEngineApp] WARNING | No heartbeat in the last 3010 ms (21 time(s) in a row).
2018-07-23 10:47:44.161 [IPEngineApp] WARNING | No heartbeat in the last 3010 ms (21 time(s) in a row).
2018-07-23 10:47:44.164 [IPEngineApp] WARNING | No heartbeat in the last 3010 ms (21 time(s) in a row).
2018-07-23 10:47:44.170 [IPEngineApp] WARNING | No heartbeat in the last 3010 ms (21 time(s) in a row).
2018-07-23 10:47:44.173 [IPEngineApp] WARNING | No heartbeat in the last 3010 ms (21 time(s) in a row).
2018-07-23 10:47:44.179 [IPEngineApp] WARNING | No heartbeat in the last 3010 ms (21 time(s) in a row).
2018-07-23 10:47:44.187 [IPEngineApp] WARNING | No heartbeat in the last 3010 ms (21 time(s) in a row).
2018-07-23 10:47:44.191 [IPEngineApp] WARNING | No heartbeat in the last 3010 ms (21 time(s) in a row).
2018-07-23 10:47:44.195 [IPEngineApp] WARNING | No heartbeat in the last 3010 ms (21 time(s) in a row).
2018-07-23 10:47:44.199 [IPEngineApp] WARNING | No heartbeat in the last 3010 ms (21 time(s) in a row).
2018-07-23 10:47:47.134 [IPEngineApp] WARNING | No heartbeat in the last 3010 ms (22 time(s) in a row).
2018-07-23 10:47:47.138 [IPEngineApp] WARNING | No heartbeat in the last 3010 ms (22 time(s) in a row).
2018-07-23 10:47:47.144 [IPEngineApp] WARNING | No heartbeat in the last 3010 ms (22 time(s) in a row).
2018-07-23 10:47:47.149 [IPEngineApp] WARNING | No heartbeat in the last 3010 ms (22 time(s) in a row).
2018-07-23 10:47:47.154 [IPEngineApp] WARNING | No heartbeat in the last 3010 ms (22 time(s) in a row).
2018-07-23 10:47:47.160 [IPEngineApp] WARNING | No heartbeat in the last 3010 ms (22 time(s) in a row).
2018-07-23 10:47:47.165 [IPEngineApp] WARNING | No heartbeat in the last 3010 ms (22 time(s) in a row).
2018-07-23 10:47:47.170 [IPEngineApp] WARNING | No heartbeat in the last 3010 ms (22 time(s) in a row).
2018-07-23 10:47:47.174 [IPEngineApp] WARNING | No heartbeat in the last 3010 ms (22 time(s) in a row).
2018-07-23 10:47:47.181 [IPEngineApp] WARNING | No heartbeat in the last 3010 ms (22 time(s) in a row).
2018-07-23 10:47:47.183 [IPEngineApp] WARNING | No heartbeat in the last 3010 ms (22 time(s) in a row).
2018-07-23 10:47:47.188 [IPEngineApp] WARNING | No heartbeat in the last 3010 ms (22 time(s) in a row).
2018-07-23 10:47:47.196 [IPEngineApp] WARNING | No heartbeat in the last 3010 ms (22 time(s) in a row).
2018-07-23 10:47:47.200 [IPEngineApp] WARNING | No heartbeat in the last 3010 ms (22 time(s) in a row).
2018-07-23 10:47:47.205 [IPEngineApp] WARNING | No heartbeat in the last 3010 ms (22 time(s) in a row).
2018-07-23 10:47:47.209 [IPEngineApp] WARNING | No heartbeat in the last 3010 ms (22 time(s) in a row).
2018-07-23 10:47:50.144 [IPEngineApp] WARNING | No heartbeat in the last 3010 ms (23 time(s) in a row).
2018-07-23 10:47:50.148 [IPEngineApp] WARNING | No heartbeat in the last 3010 ms (23 time(s) in a row).
2018-07-23 10:47:50.154 [IPEngineApp] WARNING | No heartbeat in the last 3010 ms (23 time(s) in a row).
2018-07-23 10:47:50.159 [IPEngineApp] WARNING | No heartbeat in the last 3010 ms (23 time(s) in a row).
2018-07-23 10:47:50.164 [IPEngineApp] WARNING | No heartbeat in the last 3010 ms (23 time(s) in a row).
2018-07-23 10:47:50.170 [IPEngineApp] WARNING | No heartbeat in the last 3010 ms (23 time(s) in a row).
2018-07-23 10:47:50.175 [IPEngineApp] WARNING | No heartbeat in the last 3010 ms (23 time(s) in a row).
2018-07-23 10:47:50.180 [IPEngineApp] WARNING | No heartbeat in the last 3010 ms (23 time(s) in a row).
2018-07-23 10:47:50.184 [IPEngineApp] WARNING | No heartbeat in the last 3010 ms (23 time(s) in a row).
2018-07-23 10:47:50.190 [IPEngineApp] WARNING | No heartbeat in the last 3010 ms (23 time(s) in a row).
2018-07-23 10:47:50.193 [IPEngineApp] WARNING | No heartbeat in the last 3010 ms (23 time(s) in a row).
2018-07-23 10:47:50.199 [IPEngineApp] WARNING | No heartbeat in the last 3010 ms (23 time(s) in a row).
2018-07-23 10:47:50.206 [IPEngineApp] WARNING | No heartbeat in the last 3010 ms (23 time(s) in a row).
2018-07-23 10:47:50.210 [IPEngineApp] WARNING | No heartbeat in the last 3010 ms (23 time(s) in a row).
2018-07-23 10:47:50.215 [IPEngineApp] WARNING | No heartbeat in the last 3010 ms (23 time(s) in a row).
2018-07-23 10:47:50.219 [IPEngineApp] WARNING | No heartbeat in the last 3010 ms (23 time(s) in a row).
2018-07-23 10:47:53.154 [IPEngineApp] WARNING | No heartbeat in the last 3010 ms (24 time(s) in a row).
2018-07-23 10:47:53.158 [IPEngineApp] WARNING | No heartbeat in the last 3010 ms (24 time(s) in a row).
2018-07-23 10:47:53.164 [IPEngineApp] WARNING | No heartbeat in the last 3010 ms (24 time(s) in a row).
2018-07-23 10:47:53.169 [IPEngineApp] WARNING | No heartbeat in the last 3010 ms (24 time(s) in a row).
2018-07-23 10:47:53.174 [IPEngineApp] WARNING | No heartbeat in the last 3010 ms (24 time(s) in a row).
2018-07-23 10:47:53.180 [IPEngineApp] WARNING | No heartbeat in the last 3010 ms (24 time(s) in a row).
2018-07-23 10:47:53.185 [IPEngineApp] WARNING | No heartbeat in the last 3010 ms (24 time(s) in a row).
2018-07-23 10:47:53.190 [IPEngineApp] WARNING | No heartbeat in the last 3010 ms (24 time(s) in a row).
2018-07-23 10:47:53.194 [IPEngineApp] WARNING | No heartbeat in the last 3010 ms (24 time(s) in a row).
2018-07-23 10:47:53.199 [IPEngineApp] WARNING | No heartbeat in the last 3010 ms (24 time(s) in a row).
2018-07-23 10:47:53.203 [IPEngineApp] WARNING | No heartbeat in the last 3010 ms (24 time(s) in a row).
2018-07-23 10:47:53.209 [IPEngineApp] WARNING | No heartbeat in the last 3010 ms (24 time(s) in a row).
2018-07-23 10:47:53.216 [IPEngineApp] WARNING | No heartbeat in the last 3010 ms (24 time(s) in a row).
2018-07-23 10:47:53.220 [IPEngineApp] WARNING | No heartbeat in the last 3010 ms (24 time(s) in a row).
2018-07-23 10:47:53.225 [IPEngineApp] WARNING | No heartbeat in the last 3010 ms (24 time(s) in a row).
2018-07-23 10:47:53.229 [IPEngineApp] WARNING | No heartbeat in the last 3010 ms (24 time(s) in a row).
2018-07-23 10:47:56.164 [IPEngineApp] WARNING | No heartbeat in the last 3010 ms (25 time(s) in a row).
2018-07-23 10:47:56.168 [IPEngineApp] WARNING | No heartbeat in the last 3010 ms (25 time(s) in a row).
2018-07-23 10:47:56.173 [IPEngineApp] WARNING | No heartbeat in the last 3010 ms (25 time(s) in a row).
2018-07-23 10:47:56.179 [IPEngineApp] WARNING | No heartbeat in the last 3010 ms (25 time(s) in a row).
2018-07-23 10:47:56.184 [IPEngineApp] WARNING | No heartbeat in the last 3010 ms (25 time(s) in a row).
2018-07-23 10:47:56.190 [IPEngineApp] WARNING | No heartbeat in the last 3010 ms (25 time(s) in a row).
2018-07-23 10:47:56.195 [IPEngineApp] WARNING | No heartbeat in the last 3010 ms (25 time(s) in a row).
2018-07-23 10:47:56.200 [IPEngineApp] WARNING | No heartbeat in the last 3010 ms (25 time(s) in a row).
2018-07-23 10:47:56.204 [IPEngineApp] WARNING | No heartbeat in the last 3010 ms (25 time(s) in a row).
2018-07-23 10:47:56.211 [IPEngineApp] WARNING | No heartbeat in the last 3010 ms (25 time(s) in a row).
2018-07-23 10:47:56.211 [IPEngineApp] WARNING | No heartbeat in the last 3010 ms (25 time(s) in a row).
2018-07-23 10:47:56.219 [IPEngineApp] WARNING | No heartbeat in the last 3010 ms (25 time(s) in a row).
2018-07-23 10:47:56.226 [IPEngineApp] WARNING | No heartbeat in the last 3010 ms (25 time(s) in a row).
2018-07-23 10:47:56.230 [IPEngineApp] WARNING | No heartbeat in the last 3010 ms (25 time(s) in a row).
2018-07-23 10:47:56.235 [IPEngineApp] WARNING | No heartbeat in the last 3010 ms (25 time(s) in a row).
2018-07-23 10:47:56.239 [IPEngineApp] WARNING | No heartbeat in the last 3010 ms (25 time(s) in a row).
2018-07-23 10:47:59.174 [IPEngineApp] WARNING | No heartbeat in the last 3010 ms (26 time(s) in a row).
2018-07-23 10:47:59.178 [IPEngineApp] WARNING | No heartbeat in the last 3010 ms (26 time(s) in a row).
2018-07-23 10:47:59.184 [IPEngineApp] WARNING | No heartbeat in the last 3010 ms (26 time(s) in a row).
2018-07-23 10:47:59.189 [IPEngineApp] WARNING | No heartbeat in the last 3010 ms (26 time(s) in a row).
2018-07-23 10:47:59.194 [IPEngineApp] WARNING | No heartbeat in the last 3010 ms (26 time(s) in a row).
2018-07-23 10:47:59.200 [IPEngineApp] WARNING | No heartbeat in the last 3010 ms (26 time(s) in a row).
2018-07-23 10:47:59.205 [IPEngineApp] WARNING | No heartbeat in the last 3010 ms (26 time(s) in a row).
2018-07-23 10:47:59.210 [IPEngineApp] WARNING | No heartbeat in the last 3010 ms (26 time(s) in a row).
2018-07-23 10:47:59.214 [IPEngineApp] WARNING | No heartbeat in the last 3010 ms (26 time(s) in a row).
2018-07-23 10:47:59.220 [IPEngineApp] WARNING | No heartbeat in the last 3010 ms (26 time(s) in a row).
2018-07-23 10:47:59.223 [IPEngineApp] WARNING | No heartbeat in the last 3010 ms (26 time(s) in a row).
2018-07-23 10:47:59.229 [IPEngineApp] WARNING | No heartbeat in the last 3010 ms (26 time(s) in a row).
2018-07-23 10:47:59.236 [IPEngineApp] WARNING | No heartbeat in the last 3010 ms (26 time(s) in a row).
2018-07-23 10:47:59.243 [IPEngineApp] WARNING | No heartbeat in the last 3010 ms (26 time(s) in a row).
2018-07-23 10:47:59.245 [IPEngineApp] WARNING | No heartbeat in the last 3010 ms (26 time(s) in a row).
2018-07-23 10:47:59.249 [IPEngineApp] WARNING | No heartbeat in the last 3010 ms (26 time(s) in a row).
2018-07-23 10:48:02.184 [IPEngineApp] WARNING | No heartbeat in the last 3010 ms (27 time(s) in a row).
2018-07-23 10:48:02.188 [IPEngineApp] WARNING | No heartbeat in the last 3010 ms (27 time(s) in a row).
2018-07-23 10:48:02.194 [IPEngineApp] WARNING | No heartbeat in the last 3010 ms (27 time(s) in a row).
2018-07-23 10:48:02.199 [IPEngineApp] WARNING | No heartbeat in the last 3010 ms (27 time(s) in a row).
2018-07-23 10:48:02.204 [IPEngineApp] WARNING | No heartbeat in the last 3010 ms (27 time(s) in a row).
2018-07-23 10:48:02.209 [IPEngineApp] WARNING | No heartbeat in the last 3010 ms (27 time(s) in a row).
2018-07-23 10:48:02.214 [IPEngineApp] WARNING | No heartbeat in the last 3010 ms (27 time(s) in a row).
2018-07-23 10:48:02.219 [IPEngineApp] WARNING | No heartbeat in the last 3010 ms (27 time(s) in a row).
2018-07-23 10:48:02.224 [IPEngineApp] WARNING | No heartbeat in the last 3010 ms (27 time(s) in a row).
2018-07-23 10:48:02.230 [IPEngineApp] WARNING | No heartbeat in the last 3010 ms (27 time(s) in a row).
2018-07-23 10:48:02.233 [IPEngineApp] WARNING | No heartbeat in the last 3010 ms (27 time(s) in a row).
2018-07-23 10:48:02.239 [IPEngineApp] WARNING | No heartbeat in the last 3010 ms (27 time(s) in a row).
2018-07-23 10:48:02.246 [IPEngineApp] WARNING | No heartbeat in the last 3010 ms (27 time(s) in a row).
2018-07-23 10:48:02.251 [IPEngineApp] WARNING | No heartbeat in the last 3010 ms (27 time(s) in a row).
2018-07-23 10:48:02.255 [IPEngineApp] WARNING | No heartbeat in the last 3010 ms (27 time(s) in a row).
2018-07-23 10:48:02.259 [IPEngineApp] WARNING | No heartbeat in the last 3010 ms (27 time(s) in a row).
2018-07-23 10:48:05.194 [IPEngineApp] WARNING | No heartbeat in the last 3010 ms (28 time(s) in a row).
2018-07-23 10:48:05.199 [IPEngineApp] WARNING | No heartbeat in the last 3010 ms (28 time(s) in a row).
2018-07-23 10:48:05.203 [IPEngineApp] WARNING | No heartbeat in the last 3010 ms (28 time(s) in a row).
2018-07-23 10:48:05.209 [IPEngineApp] WARNING | No heartbeat in the last 3010 ms (28 time(s) in a row).
2018-07-23 10:48:05.214 [IPEngineApp] WARNING | No heartbeat in the last 3010 ms (28 time(s) in a row).
2018-07-23 10:48:05.220 [IPEngineApp] WARNING | No heartbeat in the last 3010 ms (28 time(s) in a row).
2018-07-23 10:48:05.225 [IPEngineApp] WARNING | No heartbeat in the last 3010 ms (28 time(s) in a row).
2018-07-23 10:48:05.231 [IPEngineApp] WARNING | No heartbeat in the last 3010 ms (28 time(s) in a row).
2018-07-23 10:48:05.234 [IPEngineApp] WARNING | No heartbeat in the last 3010 ms (28 time(s) in a row).
2018-07-23 10:48:05.240 [IPEngineApp] WARNING | No heartbeat in the last 3010 ms (28 time(s) in a row).
2018-07-23 10:48:05.243 [IPEngineApp] WARNING | No heartbeat in the last 3010 ms (28 time(s) in a row).
2018-07-23 10:48:05.248 [IPEngineApp] WARNING | No heartbeat in the last 3010 ms (28 time(s) in a row).
2018-07-23 10:48:05.256 [IPEngineApp] WARNING | No heartbeat in the last 3010 ms (28 time(s) in a row).
2018-07-23 10:48:05.260 [IPEngineApp] WARNING | No heartbeat in the last 3010 ms (28 time(s) in a row).
2018-07-23 10:48:05.265 [IPEngineApp] WARNING | No heartbeat in the last 3010 ms (28 time(s) in a row).
2018-07-23 10:48:05.269 [IPEngineApp] WARNING | No heartbeat in the last 3010 ms (28 time(s) in a row).
2018-07-23 10:48:08.204 [IPEngineApp] WARNING | No heartbeat in the last 3010 ms (29 time(s) in a row).
2018-07-23 10:48:08.209 [IPEngineApp] WARNING | No heartbeat in the last 3010 ms (29 time(s) in a row).
2018-07-23 10:48:08.214 [IPEngineApp] WARNING | No heartbeat in the last 3010 ms (29 time(s) in a row).
2018-07-23 10:48:08.219 [IPEngineApp] WARNING | No heartbeat in the last 3010 ms (29 time(s) in a row).
2018-07-23 10:48:08.224 [IPEngineApp] WARNING | No heartbeat in the last 3010 ms (29 time(s) in a row).
2018-07-23 10:48:08.230 [IPEngineApp] WARNING | No heartbeat in the last 3010 ms (29 time(s) in a row).
2018-07-23 10:48:08.235 [IPEngineApp] WARNING | No heartbeat in the last 3010 ms (29 time(s) in a row).
2018-07-23 10:48:08.240 [IPEngineApp] WARNING | No heartbeat in the last 3010 ms (29 time(s) in a row).
2018-07-23 10:48:08.244 [IPEngineApp] WARNING | No heartbeat in the last 3010 ms (29 time(s) in a row).
2018-07-23 10:48:08.250 [IPEngineApp] WARNING | No heartbeat in the last 3010 ms (29 time(s) in a row).
2018-07-23 10:48:08.253 [IPEngineApp] WARNING | No heartbeat in the last 3010 ms (29 time(s) in a row).
2018-07-23 10:48:08.259 [IPEngineApp] WARNING | No heartbeat in the last 3010 ms (29 time(s) in a row).
2018-07-23 10:48:08.266 [IPEngineApp] WARNING | No heartbeat in the last 3010 ms (29 time(s) in a row).
2018-07-23 10:48:08.270 [IPEngineApp] WARNING | No heartbeat in the last 3010 ms (29 time(s) in a row).
2018-07-23 10:48:08.275 [IPEngineApp] WARNING | No heartbeat in the last 3010 ms (29 time(s) in a row).
2018-07-23 10:48:08.280 [IPEngineApp] WARNING | No heartbeat in the last 3010 ms (29 time(s) in a row).
2018-07-23 10:48:11.214 [IPEngineApp] WARNING | No heartbeat in the last 3010 ms (30 time(s) in a row).
2018-07-23 10:48:11.219 [IPEngineApp] WARNING | No heartbeat in the last 3010 ms (30 time(s) in a row).
2018-07-23 10:48:11.223 [IPEngineApp] WARNING | No heartbeat in the last 3010 ms (30 time(s) in a row).
2018-07-23 10:48:11.229 [IPEngineApp] WARNING | No heartbeat in the last 3010 ms (30 time(s) in a row).
2018-07-23 10:48:11.234 [IPEngineApp] WARNING | No heartbeat in the last 3010 ms (30 time(s) in a row).
2018-07-23 10:48:11.240 [IPEngineApp] WARNING | No heartbeat in the last 3010 ms (30 time(s) in a row).
2018-07-23 10:48:11.245 [IPEngineApp] WARNING | No heartbeat in the last 3010 ms (30 time(s) in a row).
2018-07-23 10:48:11.250 [IPEngineApp] WARNING | No heartbeat in the last 3010 ms (30 time(s) in a row).
2018-07-23 10:48:11.254 [IPEngineApp] WARNING | No heartbeat in the last 3010 ms (30 time(s) in a row).
2018-07-23 10:48:11.261 [IPEngineApp] WARNING | No heartbeat in the last 3010 ms (30 time(s) in a row).
2018-07-23 10:48:11.261 [IPEngineApp] WARNING | No heartbeat in the last 3010 ms (30 time(s) in a row).
2018-07-23 10:48:11.269 [IPEngineApp] WARNING | No heartbeat in the last 3010 ms (30 time(s) in a row).
2018-07-23 10:48:11.276 [IPEngineApp] WARNING | No heartbeat in the last 3010 ms (30 time(s) in a row).
2018-07-23 10:48:11.280 [IPEngineApp] WARNING | No heartbeat in the last 3010 ms (30 time(s) in a row).
2018-07-23 10:48:11.283 [IPEngineApp] WARNING | No heartbeat in the last 3010 ms (30 time(s) in a row).
2018-07-23 10:48:11.290 [IPEngineApp] WARNING | No heartbeat in the last 3010 ms (30 time(s) in a row).
2018-07-23 10:48:14.224 [IPEngineApp] WARNING | No heartbeat in the last 3010 ms (31 time(s) in a row).
2018-07-23 10:48:14.228 [IPEngineApp] WARNING | No heartbeat in the last 3010 ms (31 time(s) in a row).
2018-07-23 10:48:14.234 [IPEngineApp] WARNING | No heartbeat in the last 3010 ms (31 time(s) in a row).
2018-07-23 10:48:14.239 [IPEngineApp] WARNING | No heartbeat in the last 3010 ms (31 time(s) in a row).
2018-07-23 10:48:14.244 [IPEngineApp] WARNING | No heartbeat in the last 3010 ms (31 time(s) in a row).
2018-07-23 10:48:14.250 [IPEngineApp] WARNING | No heartbeat in the last 3010 ms (31 time(s) in a row).
2018-07-23 10:48:14.255 [IPEngineApp] WARNING | No heartbeat in the last 3010 ms (31 time(s) in a row).
2018-07-23 10:48:14.260 [IPEngineApp] WARNING | No heartbeat in the last 3010 ms (31 time(s) in a row).
2018-07-23 10:48:14.264 [IPEngineApp] WARNING | No heartbeat in the last 3010 ms (31 time(s) in a row).
2018-07-23 10:48:14.270 [IPEngineApp] WARNING | No heartbeat in the last 3010 ms (31 time(s) in a row).
2018-07-23 10:48:14.273 [IPEngineApp] WARNING | No heartbeat in the last 3010 ms (31 time(s) in a row).
2018-07-23 10:48:14.279 [IPEngineApp] WARNING | No heartbeat in the last 3010 ms (31 time(s) in a row).
2018-07-23 10:48:14.286 [IPEngineApp] WARNING | No heartbeat in the last 3010 ms (31 time(s) in a row).
2018-07-23 10:48:14.290 [IPEngineApp] WARNING | No heartbeat in the last 3010 ms (31 time(s) in a row).
2018-07-23 10:48:14.295 [IPEngineApp] WARNING | No heartbeat in the last 3010 ms (31 time(s) in a row).
2018-07-23 10:48:14.299 [IPEngineApp] WARNING | No heartbeat in the last 3010 ms (31 time(s) in a row).
2018-07-23 10:48:17.234 [IPEngineApp] WARNING | No heartbeat in the last 3010 ms (32 time(s) in a row).
2018-07-23 10:48:17.238 [IPEngineApp] WARNING | No heartbeat in the last 3010 ms (32 time(s) in a row).
2018-07-23 10:48:17.244 [IPEngineApp] WARNING | No heartbeat in the last 3010 ms (32 time(s) in a row).
2018-07-23 10:48:17.249 [IPEngineApp] WARNING | No heartbeat in the last 3010 ms (32 time(s) in a row).
2018-07-23 10:48:17.254 [IPEngineApp] WARNING | No heartbeat in the last 3010 ms (32 time(s) in a row).
2018-07-23 10:48:17.260 [IPEngineApp] WARNING | No heartbeat in the last 3010 ms (32 time(s) in a row).
2018-07-23 10:48:17.265 [IPEngineApp] WARNING | No heartbeat in the last 3010 ms (32 time(s) in a row).
2018-07-23 10:48:17.270 [IPEngineApp] WARNING | No heartbeat in the last 3010 ms (32 time(s) in a row).
2018-07-23 10:48:17.274 [IPEngineApp] WARNING | No heartbeat in the last 3010 ms (32 time(s) in a row).
2018-07-23 10:48:17.280 [IPEngineApp] WARNING | No heartbeat in the last 3010 ms (32 time(s) in a row).
2018-07-23 10:48:17.283 [IPEngineApp] WARNING | No heartbeat in the last 3010 ms (32 time(s) in a row).
2018-07-23 10:48:17.288 [IPEngineApp] WARNING | No heartbeat in the last 3010 ms (32 time(s) in a row).
2018-07-23 10:48:17.296 [IPEngineApp] WARNING | No heartbeat in the last 3010 ms (32 time(s) in a row).
2018-07-23 10:48:17.300 [IPEngineApp] WARNING | No heartbeat in the last 3010 ms (32 time(s) in a row).
2018-07-23 10:48:17.305 [IPEngineApp] WARNING | No heartbeat in the last 3010 ms (32 time(s) in a row).
2018-07-23 10:48:17.309 [IPEngineApp] WARNING | No heartbeat in the last 3010 ms (32 time(s) in a row).
2018-07-23 10:48:20.244 [IPEngineApp] WARNING | No heartbeat in the last 3010 ms (33 time(s) in a row).
2018-07-23 10:48:20.248 [IPEngineApp] WARNING | No heartbeat in the last 3010 ms (33 time(s) in a row).
2018-07-23 10:48:20.253 [IPEngineApp] WARNING | No heartbeat in the last 3010 ms (33 time(s) in a row).
2018-07-23 10:48:20.259 [IPEngineApp] WARNING | No heartbeat in the last 3010 ms (33 time(s) in a row).
2018-07-23 10:48:20.264 [IPEngineApp] WARNING | No heartbeat in the last 3010 ms (33 time(s) in a row).
2018-07-23 10:48:20.270 [IPEngineApp] WARNING | No heartbeat in the last 3010 ms (33 time(s) in a row).
2018-07-23 10:48:20.275 [IPEngineApp] WARNING | No heartbeat in the last 3010 ms (33 time(s) in a row).
2018-07-23 10:48:20.280 [IPEngineApp] WARNING | No heartbeat in the last 3010 ms (33 time(s) in a row).
2018-07-23 10:48:20.284 [IPEngineApp] WARNING | No heartbeat in the last 3010 ms (33 time(s) in a row).
2018-07-23 10:48:20.290 [IPEngineApp] WARNING | No heartbeat in the last 3010 ms (33 time(s) in a row).
2018-07-23 10:48:20.293 [IPEngineApp] WARNING | No heartbeat in the last 3010 ms (33 time(s) in a row).
2018-07-23 10:48:20.299 [IPEngineApp] WARNING | No heartbeat in the last 3010 ms (33 time(s) in a row).
2018-07-23 10:48:20.306 [IPEngineApp] WARNING | No heartbeat in the last 3010 ms (33 time(s) in a row).
2018-07-23 10:48:20.310 [IPEngineApp] WARNING | No heartbeat in the last 3010 ms (33 time(s) in a row).
2018-07-23 10:48:20.315 [IPEngineApp] WARNING | No heartbeat in the last 3010 ms (33 time(s) in a row).
2018-07-23 10:48:20.319 [IPEngineApp] WARNING | No heartbeat in the last 3010 ms (33 time(s) in a row).
2018-07-23 10:48:23.253 [IPEngineApp] WARNING | No heartbeat in the last 3010 ms (34 time(s) in a row).
2018-07-23 10:48:23.259 [IPEngineApp] WARNING | No heartbeat in the last 3010 ms (34 time(s) in a row).
2018-07-23 10:48:23.264 [IPEngineApp] WARNING | No heartbeat in the last 3010 ms (34 time(s) in a row).
2018-07-23 10:48:23.269 [IPEngineApp] WARNING | No heartbeat in the last 3010 ms (34 time(s) in a row).
2018-07-23 10:48:23.274 [IPEngineApp] WARNING | No heartbeat in the last 3010 ms (34 time(s) in a row).
2018-07-23 10:48:23.280 [IPEngineApp] WARNING | No heartbeat in the last 3010 ms (34 time(s) in a row).
2018-07-23 10:48:23.285 [IPEngineApp] WARNING | No heartbeat in the last 3010 ms (34 time(s) in a row).
2018-07-23 10:48:23.290 [IPEngineApp] WARNING | No heartbeat in the last 3010 ms (34 time(s) in a row).
2018-07-23 10:48:23.294 [IPEngineApp] WARNING | No heartbeat in the last 3010 ms (34 time(s) in a row).
2018-07-23 10:48:23.300 [IPEngineApp] WARNING | No heartbeat in the last 3010 ms (34 time(s) in a row).
2018-07-23 10:48:23.303 [IPEngineApp] WARNING | No heartbeat in the last 3010 ms (34 time(s) in a row).
2018-07-23 10:48:23.309 [IPEngineApp] WARNING | No heartbeat in the last 3010 ms (34 time(s) in a row).
2018-07-23 10:48:23.316 [IPEngineApp] WARNING | No heartbeat in the last 3010 ms (34 time(s) in a row).
2018-07-23 10:48:23.321 [IPEngineApp] WARNING | No heartbeat in the last 3010 ms (34 time(s) in a row).
2018-07-23 10:48:23.325 [IPEngineApp] WARNING | No heartbeat in the last 3010 ms (34 time(s) in a row).
2018-07-23 10:48:23.329 [IPEngineApp] WARNING | No heartbeat in the last 3010 ms (34 time(s) in a row).
2018-07-23 10:48:26.264 [IPEngineApp] WARNING | No heartbeat in the last 3010 ms (35 time(s) in a row).
2018-07-23 10:48:26.268 [IPEngineApp] WARNING | No heartbeat in the last 3010 ms (35 time(s) in a row).
2018-07-23 10:48:26.273 [IPEngineApp] WARNING | No heartbeat in the last 3010 ms (35 time(s) in a row).
2018-07-23 10:48:26.279 [IPEngineApp] WARNING | No heartbeat in the last 3010 ms (35 time(s) in a row).
2018-07-23 10:48:26.284 [IPEngineApp] WARNING | No heartbeat in the last 3010 ms (35 time(s) in a row).
2018-07-23 10:48:26.290 [IPEngineApp] WARNING | No heartbeat in the last 3010 ms (35 time(s) in a row).
2018-07-23 10:48:26.295 [IPEngineApp] WARNING | No heartbeat in the last 3010 ms (35 time(s) in a row).
2018-07-23 10:48:26.300 [IPEngineApp] WARNING | No heartbeat in the last 3010 ms (35 time(s) in a row).
2018-07-23 10:48:26.304 [IPEngineApp] WARNING | No heartbeat in the last 3010 ms (35 time(s) in a row).
2018-07-23 10:48:26.310 [IPEngineApp] WARNING | No heartbeat in the last 3010 ms (35 time(s) in a row).
2018-07-23 10:48:26.313 [IPEngineApp] WARNING | No heartbeat in the last 3010 ms (35 time(s) in a row).
2018-07-23 10:48:26.318 [IPEngineApp] WARNING | No heartbeat in the last 3010 ms (35 time(s) in a row).
2018-07-23 10:48:26.326 [IPEngineApp] WARNING | No heartbeat in the last 3010 ms (35 time(s) in a row).
2018-07-23 10:48:26.330 [IPEngineApp] WARNING | No heartbeat in the last 3010 ms (35 time(s) in a row).
2018-07-23 10:48:26.335 [IPEngineApp] WARNING | No heartbeat in the last 3010 ms (35 time(s) in a row).
2018-07-23 10:48:26.340 [IPEngineApp] WARNING | No heartbeat in the last 3010 ms (35 time(s) in a row).
2018-07-23 10:48:29.274 [IPEngineApp] WARNING | No heartbeat in the last 3010 ms (36 time(s) in a row).
2018-07-23 10:48:29.278 [IPEngineApp] WARNING | No heartbeat in the last 3010 ms (36 time(s) in a row).
2018-07-23 10:48:29.284 [IPEngineApp] WARNING | No heartbeat in the last 3010 ms (36 time(s) in a row).
2018-07-23 10:48:29.289 [IPEngineApp] WARNING | No heartbeat in the last 3010 ms (36 time(s) in a row).
2018-07-23 10:48:29.294 [IPEngineApp] WARNING | No heartbeat in the last 3010 ms (36 time(s) in a row).
2018-07-23 10:48:29.300 [IPEngineApp] WARNING | No heartbeat in the last 3010 ms (36 time(s) in a row).
2018-07-23 10:48:29.305 [IPEngineApp] WARNING | No heartbeat in the last 3010 ms (36 time(s) in a row).
2018-07-23 10:48:29.310 [IPEngineApp] WARNING | No heartbeat in the last 3010 ms (36 time(s) in a row).
2018-07-23 10:48:29.314 [IPEngineApp] WARNING | No heartbeat in the last 3010 ms (36 time(s) in a row).
2018-07-23 10:48:29.320 [IPEngineApp] WARNING | No heartbeat in the last 3010 ms (36 time(s) in a row).
2018-07-23 10:48:29.323 [IPEngineApp] WARNING | No heartbeat in the last 3010 ms (36 time(s) in a row).
2018-07-23 10:48:29.329 [IPEngineApp] WARNING | No heartbeat in the last 3010 ms (36 time(s) in a row).
2018-07-23 10:48:29.336 [IPEngineApp] WARNING | No heartbeat in the last 3010 ms (36 time(s) in a row).
2018-07-23 10:48:29.340 [IPEngineApp] WARNING | No heartbeat in the last 3010 ms (36 time(s) in a row).
2018-07-23 10:48:29.345 [IPEngineApp] WARNING | No heartbeat in the last 3010 ms (36 time(s) in a row).
2018-07-23 10:48:29.349 [IPEngineApp] WARNING | No heartbeat in the last 3010 ms (36 time(s) in a row).
2018-07-23 10:48:32.284 [IPEngineApp] WARNING | No heartbeat in the last 3010 ms (37 time(s) in a row).
2018-07-23 10:48:32.288 [IPEngineApp] WARNING | No heartbeat in the last 3010 ms (37 time(s) in a row).
2018-07-23 10:48:32.294 [IPEngineApp] WARNING | No heartbeat in the last 3010 ms (37 time(s) in a row).
2018-07-23 10:48:32.299 [IPEngineApp] WARNING | No heartbeat in the last 3010 ms (37 time(s) in a row).
2018-07-23 10:48:32.304 [IPEngineApp] WARNING | No heartbeat in the last 3010 ms (37 time(s) in a row).
2018-07-23 10:48:32.310 [IPEngineApp] WARNING | No heartbeat in the last 3010 ms (37 time(s) in a row).
2018-07-23 10:48:32.315 [IPEngineApp] WARNING | No heartbeat in the last 3010 ms (37 time(s) in a row).
2018-07-23 10:48:32.320 [IPEngineApp] WARNING | No heartbeat in the last 3010 ms (37 time(s) in a row).
2018-07-23 10:48:32.324 [IPEngineApp] WARNING | No heartbeat in the last 3010 ms (37 time(s) in a row).
2018-07-23 10:48:32.330 [IPEngineApp] WARNING | No heartbeat in the last 3010 ms (37 time(s) in a row).
2018-07-23 10:48:32.333 [IPEngineApp] WARNING | No heartbeat in the last 3010 ms (37 time(s) in a row).
2018-07-23 10:48:32.339 [IPEngineApp] WARNING | No heartbeat in the last 3010 ms (37 time(s) in a row).
2018-07-23 10:48:32.346 [IPEngineApp] WARNING | No heartbeat in the last 3010 ms (37 time(s) in a row).
2018-07-23 10:48:32.350 [IPEngineApp] WARNING | No heartbeat in the last 3010 ms (37 time(s) in a row).
2018-07-23 10:48:32.355 [IPEngineApp] WARNING | No heartbeat in the last 3010 ms (37 time(s) in a row).
2018-07-23 10:48:32.359 [IPEngineApp] WARNING | No heartbeat in the last 3010 ms (37 time(s) in a row).
2018-07-23 10:48:35.294 [IPEngineApp] WARNING | No heartbeat in the last 3010 ms (38 time(s) in a row).
2018-07-23 10:48:35.298 [IPEngineApp] WARNING | No heartbeat in the last 3010 ms (38 time(s) in a row).
2018-07-23 10:48:35.304 [IPEngineApp] WARNING | No heartbeat in the last 3010 ms (38 time(s) in a row).
2018-07-23 10:48:35.309 [IPEngineApp] WARNING | No heartbeat in the last 3010 ms (38 time(s) in a row).
2018-07-23 10:48:35.315 [IPEngineApp] WARNING | No heartbeat in the last 3010 ms (38 time(s) in a row).
2018-07-23 10:48:35.320 [IPEngineApp] WARNING | No heartbeat in the last 3010 ms (38 time(s) in a row).
2018-07-23 10:48:35.325 [IPEngineApp] WARNING | No heartbeat in the last 3010 ms (38 time(s) in a row).
2018-07-23 10:48:35.330 [IPEngineApp] WARNING | No heartbeat in the last 3010 ms (38 time(s) in a row).
2018-07-23 10:48:35.334 [IPEngineApp] WARNING | No heartbeat in the last 3010 ms (38 time(s) in a row).
2018-07-23 10:48:35.340 [IPEngineApp] WARNING | No heartbeat in the last 3010 ms (38 time(s) in a row).
2018-07-23 10:48:35.343 [IPEngineApp] WARNING | No heartbeat in the last 3010 ms (38 time(s) in a row).
2018-07-23 10:48:35.349 [IPEngineApp] WARNING | No heartbeat in the last 3010 ms (38 time(s) in a row).
2018-07-23 10:48:35.356 [IPEngineApp] WARNING | No heartbeat in the last 3010 ms (38 time(s) in a row).
2018-07-23 10:48:35.360 [IPEngineApp] WARNING | No heartbeat in the last 3010 ms (38 time(s) in a row).
2018-07-23 10:48:35.364 [IPEngineApp] WARNING | No heartbeat in the last 3010 ms (38 time(s) in a row).
2018-07-23 10:48:35.369 [IPEngineApp] WARNING | No heartbeat in the last 3010 ms (38 time(s) in a row).
2018-07-23 10:48:38.304 [IPEngineApp] WARNING | No heartbeat in the last 3010 ms (39 time(s) in a row).
2018-07-23 10:48:38.308 [IPEngineApp] WARNING | No heartbeat in the last 3010 ms (39 time(s) in a row).
2018-07-23 10:48:38.314 [IPEngineApp] WARNING | No heartbeat in the last 3010 ms (39 time(s) in a row).
2018-07-23 10:48:38.319 [IPEngineApp] WARNING | No heartbeat in the last 3010 ms (39 time(s) in a row).
2018-07-23 10:48:38.324 [IPEngineApp] WARNING | No heartbeat in the last 3010 ms (39 time(s) in a row).
2018-07-23 10:48:38.330 [IPEngineApp] WARNING | No heartbeat in the last 3010 ms (39 time(s) in a row).
2018-07-23 10:48:38.334 [IPEngineApp] WARNING | No heartbeat in the last 3010 ms (39 time(s) in a row).
2018-07-23 10:48:38.340 [IPEngineApp] WARNING | No heartbeat in the last 3010 ms (39 time(s) in a row).
2018-07-23 10:48:38.344 [IPEngineApp] WARNING | No heartbeat in the last 3010 ms (39 time(s) in a row).
2018-07-23 10:48:38.350 [IPEngineApp] WARNING | No heartbeat in the last 3010 ms (39 time(s) in a row).
2018-07-23 10:48:38.353 [IPEngineApp] WARNING | No heartbeat in the last 3010 ms (39 time(s) in a row).
2018-07-23 10:48:38.359 [IPEngineApp] WARNING | No heartbeat in the last 3010 ms (39 time(s) in a row).
2018-07-23 10:48:38.366 [IPEngineApp] WARNING | No heartbeat in the last 3010 ms (39 time(s) in a row).
2018-07-23 10:48:38.370 [IPEngineApp] WARNING | No heartbeat in the last 3010 ms (39 time(s) in a row).
2018-07-23 10:48:38.375 [IPEngineApp] WARNING | No heartbeat in the last 3010 ms (39 time(s) in a row).
2018-07-23 10:48:38.378 [IPEngineApp] WARNING | No heartbeat in the last 3010 ms (39 time(s) in a row).
2018-07-23 10:48:41.314 [IPEngineApp] WARNING | No heartbeat in the last 3010 ms (40 time(s) in a row).
2018-07-23 10:48:41.318 [IPEngineApp] WARNING | No heartbeat in the last 3010 ms (40 time(s) in a row).
2018-07-23 10:48:41.324 [IPEngineApp] WARNING | No heartbeat in the last 3010 ms (40 time(s) in a row).
2018-07-23 10:48:41.329 [IPEngineApp] WARNING | No heartbeat in the last 3010 ms (40 time(s) in a row).
2018-07-23 10:48:41.334 [IPEngineApp] WARNING | No heartbeat in the last 3010 ms (40 time(s) in a row).
2018-07-23 10:48:41.341 [IPEngineApp] WARNING | No heartbeat in the last 3010 ms (40 time(s) in a row).
2018-07-23 10:48:41.345 [IPEngineApp] WARNING | No heartbeat in the last 3010 ms (40 time(s) in a row).
2018-07-23 10:48:41.350 [IPEngineApp] WARNING | No heartbeat in the last 3010 ms (40 time(s) in a row).
2018-07-23 10:48:41.354 [IPEngineApp] WARNING | No heartbeat in the last 3010 ms (40 time(s) in a row).
2018-07-23 10:48:41.360 [IPEngineApp] WARNING | No heartbeat in the last 3010 ms (40 time(s) in a row).
2018-07-23 10:48:41.363 [IPEngineApp] WARNING | No heartbeat in the last 3010 ms (40 time(s) in a row).
2018-07-23 10:48:41.369 [IPEngineApp] WARNING | No heartbeat in the last 3010 ms (40 time(s) in a row).
2018-07-23 10:48:41.376 [IPEngineApp] WARNING | No heartbeat in the last 3010 ms (40 time(s) in a row).
2018-07-23 10:48:41.380 [IPEngineApp] WARNING | No heartbeat in the last 3010 ms (40 time(s) in a row).
2018-07-23 10:48:41.385 [IPEngineApp] WARNING | No heartbeat in the last 3010 ms (40 time(s) in a row).
2018-07-23 10:48:41.389 [IPEngineApp] WARNING | No heartbeat in the last 3010 ms (40 time(s) in a row).
2018-07-23 10:48:44.324 [IPEngineApp] WARNING | No heartbeat in the last 3010 ms (41 time(s) in a row).
2018-07-23 10:48:44.328 [IPEngineApp] WARNING | No heartbeat in the last 3010 ms (41 time(s) in a row).
2018-07-23 10:48:44.334 [IPEngineApp] WARNING | No heartbeat in the last 3010 ms (41 time(s) in a row).
2018-07-23 10:48:44.339 [IPEngineApp] WARNING | No heartbeat in the last 3010 ms (41 time(s) in a row).
2018-07-23 10:48:44.344 [IPEngineApp] WARNING | No heartbeat in the last 3010 ms (41 time(s) in a row).
2018-07-23 10:48:44.350 [IPEngineApp] WARNING | No heartbeat in the last 3010 ms (41 time(s) in a row).
2018-07-23 10:48:44.354 [IPEngineApp] WARNING | No heartbeat in the last 3010 ms (41 time(s) in a row).
2018-07-23 10:48:44.360 [IPEngineApp] WARNING | No heartbeat in the last 3010 ms (41 time(s) in a row).
2018-07-23 10:48:44.364 [IPEngineApp] WARNING | No heartbeat in the last 3010 ms (41 time(s) in a row).
2018-07-23 10:48:44.370 [IPEngineApp] WARNING | No heartbeat in the last 3010 ms (41 time(s) in a row).
2018-07-23 10:48:44.373 [IPEngineApp] WARNING | No heartbeat in the last 3010 ms (41 time(s) in a row).
2018-07-23 10:48:44.379 [IPEngineApp] WARNING | No heartbeat in the last 3010 ms (41 time(s) in a row).
2018-07-23 10:48:44.386 [IPEngineApp] WARNING | No heartbeat in the last 3010 ms (41 time(s) in a row).
2018-07-23 10:48:44.390 [IPEngineApp] WARNING | No heartbeat in the last 3010 ms (41 time(s) in a row).
2018-07-23 10:48:44.395 [IPEngineApp] WARNING | No heartbeat in the last 3010 ms (41 time(s) in a row).
2018-07-23 10:48:44.399 [IPEngineApp] WARNING | No heartbeat in the last 3010 ms (41 time(s) in a row).
2018-07-23 10:48:47.334 [IPEngineApp] WARNING | No heartbeat in the last 3010 ms (42 time(s) in a row).
2018-07-23 10:48:47.338 [IPEngineApp] WARNING | No heartbeat in the last 3010 ms (42 time(s) in a row).
2018-07-23 10:48:47.344 [IPEngineApp] WARNING | No heartbeat in the last 3010 ms (42 time(s) in a row).
2018-07-23 10:48:47.349 [IPEngineApp] WARNING | No heartbeat in the last 3010 ms (42 time(s) in a row).
2018-07-23 10:48:47.354 [IPEngineApp] WARNING | No heartbeat in the last 3010 ms (42 time(s) in a row).
2018-07-23 10:48:47.358 [IPEngineApp] WARNING | No heartbeat in the last 3010 ms (42 time(s) in a row).
2018-07-23 10:48:47.365 [IPEngineApp] WARNING | No heartbeat in the last 3010 ms (42 time(s) in a row).
2018-07-23 10:48:47.370 [IPEngineApp] WARNING | No heartbeat in the last 3010 ms (42 time(s) in a row).
2018-07-23 10:48:47.375 [IPEngineApp] WARNING | No heartbeat in the last 3010 ms (42 time(s) in a row).
2018-07-23 10:48:47.380 [IPEngineApp] WARNING | No heartbeat in the last 3010 ms (42 time(s) in a row).
2018-07-23 10:48:47.383 [IPEngineApp] WARNING | No heartbeat in the last 3010 ms (42 time(s) in a row).
2018-07-23 10:48:47.389 [IPEngineApp] WARNING | No heartbeat in the last 3010 ms (42 time(s) in a row).
2018-07-23 10:48:47.396 [IPEngineApp] WARNING | No heartbeat in the last 3010 ms (42 time(s) in a row).
2018-07-23 10:48:47.400 [IPEngineApp] WARNING | No heartbeat in the last 3010 ms (42 time(s) in a row).
2018-07-23 10:48:47.405 [IPEngineApp] WARNING | No heartbeat in the last 3010 ms (42 time(s) in a row).
2018-07-23 10:48:47.409 [IPEngineApp] WARNING | No heartbeat in the last 3010 ms (42 time(s) in a row).
2018-07-23 10:48:50.344 [IPEngineApp] WARNING | No heartbeat in the last 3010 ms (43 time(s) in a row).
2018-07-23 10:48:50.348 [IPEngineApp] WARNING | No heartbeat in the last 3010 ms (43 time(s) in a row).
2018-07-23 10:48:50.354 [IPEngineApp] WARNING | No heartbeat in the last 3010 ms (43 time(s) in a row).
2018-07-23 10:48:50.359 [IPEngineApp] WARNING | No heartbeat in the last 3010 ms (43 time(s) in a row).
2018-07-23 10:48:50.364 [IPEngineApp] WARNING | No heartbeat in the last 3010 ms (43 time(s) in a row).
2018-07-23 10:48:50.370 [IPEngineApp] WARNING | No heartbeat in the last 3010 ms (43 time(s) in a row).
2018-07-23 10:48:50.374 [IPEngineApp] WARNING | No heartbeat in the last 3010 ms (43 time(s) in a row).
2018-07-23 10:48:50.380 [IPEngineApp] WARNING | No heartbeat in the last 3010 ms (43 time(s) in a row).
2018-07-23 10:48:50.385 [IPEngineApp] WARNING | No heartbeat in the last 3010 ms (43 time(s) in a row).
2018-07-23 10:48:50.390 [IPEngineApp] WARNING | No heartbeat in the last 3010 ms (43 time(s) in a row).
2018-07-23 10:48:50.393 [IPEngineApp] WARNING | No heartbeat in the last 3010 ms (43 time(s) in a row).
2018-07-23 10:48:50.399 [IPEngineApp] WARNING | No heartbeat in the last 3010 ms (43 time(s) in a row).
2018-07-23 10:48:50.406 [IPEngineApp] WARNING | No heartbeat in the last 3010 ms (43 time(s) in a row).
2018-07-23 10:48:50.410 [IPEngineApp] WARNING | No heartbeat in the last 3010 ms (43 time(s) in a row).
2018-07-23 10:48:50.415 [IPEngineApp] WARNING | No heartbeat in the last 3010 ms (43 time(s) in a row).
2018-07-23 10:48:50.420 [IPEngineApp] WARNING | No heartbeat in the last 3010 ms (43 time(s) in a row).
2018-07-23 10:48:53.354 [IPEngineApp] WARNING | No heartbeat in the last 3010 ms (44 time(s) in a row).
2018-07-23 10:48:53.358 [IPEngineApp] WARNING | No heartbeat in the last 3010 ms (44 time(s) in a row).
2018-07-23 10:48:53.364 [IPEngineApp] WARNING | No heartbeat in the last 3010 ms (44 time(s) in a row).
2018-07-23 10:48:53.369 [IPEngineApp] WARNING | No heartbeat in the last 3010 ms (44 time(s) in a row).
2018-07-23 10:48:53.374 [IPEngineApp] WARNING | No heartbeat in the last 3010 ms (44 time(s) in a row).
2018-07-23 10:48:53.380 [IPEngineApp] WARNING | No heartbeat in the last 3010 ms (44 time(s) in a row).
2018-07-23 10:48:53.385 [IPEngineApp] WARNING | No heartbeat in the last 3010 ms (44 time(s) in a row).
2018-07-23 10:48:53.390 [IPEngineApp] WARNING | No heartbeat in the last 3010 ms (44 time(s) in a row).
2018-07-23 10:48:53.394 [IPEngineApp] WARNING | No heartbeat in the last 3010 ms (44 time(s) in a row).
2018-07-23 10:48:53.400 [IPEngineApp] WARNING | No heartbeat in the last 3010 ms (44 time(s) in a row).
2018-07-23 10:48:53.403 [IPEngineApp] WARNING | No heartbeat in the last 3010 ms (44 time(s) in a row).
2018-07-23 10:48:53.409 [IPEngineApp] WARNING | No heartbeat in the last 3010 ms (44 time(s) in a row).
2018-07-23 10:48:53.416 [IPEngineApp] WARNING | No heartbeat in the last 3010 ms (44 time(s) in a row).
2018-07-23 10:48:53.420 [IPEngineApp] WARNING | No heartbeat in the last 3010 ms (44 time(s) in a row).
2018-07-23 10:48:53.425 [IPEngineApp] WARNING | No heartbeat in the last 3010 ms (44 time(s) in a row).
2018-07-23 10:48:53.430 [IPEngineApp] WARNING | No heartbeat in the last 3010 ms (44 time(s) in a row).
2018-07-23 10:48:56.364 [IPEngineApp] WARNING | No heartbeat in the last 3010 ms (45 time(s) in a row).
2018-07-23 10:48:56.368 [IPEngineApp] WARNING | No heartbeat in the last 3010 ms (45 time(s) in a row).
2018-07-23 10:48:56.374 [IPEngineApp] WARNING | No heartbeat in the last 3010 ms (45 time(s) in a row).
2018-07-23 10:48:56.379 [IPEngineApp] WARNING | No heartbeat in the last 3010 ms (45 time(s) in a row).
2018-07-23 10:48:56.384 [IPEngineApp] WARNING | No heartbeat in the last 3010 ms (45 time(s) in a row).
2018-07-23 10:48:56.390 [IPEngineApp] WARNING | No heartbeat in the last 3010 ms (45 time(s) in a row).
2018-07-23 10:48:56.395 [IPEngineApp] WARNING | No heartbeat in the last 3010 ms (45 time(s) in a row).
2018-07-23 10:48:56.400 [IPEngineApp] WARNING | No heartbeat in the last 3010 ms (45 time(s) in a row).
2018-07-23 10:48:56.405 [IPEngineApp] WARNING | No heartbeat in the last 3010 ms (45 time(s) in a row).
2018-07-23 10:48:56.410 [IPEngineApp] WARNING | No heartbeat in the last 3010 ms (45 time(s) in a row).
2018-07-23 10:48:56.413 [IPEngineApp] WARNING | No heartbeat in the last 3010 ms (45 time(s) in a row).
2018-07-23 10:48:56.419 [IPEngineApp] WARNING | No heartbeat in the last 3010 ms (45 time(s) in a row).
2018-07-23 10:48:56.426 [IPEngineApp] WARNING | No heartbeat in the last 3010 ms (45 time(s) in a row).
2018-07-23 10:48:56.431 [IPEngineApp] WARNING | No heartbeat in the last 3010 ms (45 time(s) in a row).
2018-07-23 10:48:56.435 [IPEngineApp] WARNING | No heartbeat in the last 3010 ms (45 time(s) in a row).
2018-07-23 10:48:56.439 [IPEngineApp] WARNING | No heartbeat in the last 3010 ms (45 time(s) in a row).
2018-07-23 10:48:59.375 [IPEngineApp] WARNING | No heartbeat in the last 3010 ms (46 time(s) in a row).
2018-07-23 10:48:59.378 [IPEngineApp] WARNING | No heartbeat in the last 3010 ms (46 time(s) in a row).
2018-07-23 10:48:59.383 [IPEngineApp] WARNING | No heartbeat in the last 3010 ms (46 time(s) in a row).
2018-07-23 10:48:59.389 [IPEngineApp] WARNING | No heartbeat in the last 3010 ms (46 time(s) in a row).
2018-07-23 10:48:59.394 [IPEngineApp] WARNING | No heartbeat in the last 3010 ms (46 time(s) in a row).
2018-07-23 10:48:59.400 [IPEngineApp] WARNING | No heartbeat in the last 3010 ms (46 time(s) in a row).
2018-07-23 10:48:59.404 [IPEngineApp] WARNING | No heartbeat in the last 3010 ms (46 time(s) in a row).
2018-07-23 10:48:59.410 [IPEngineApp] WARNING | No heartbeat in the last 3010 ms (46 time(s) in a row).
2018-07-23 10:48:59.414 [IPEngineApp] WARNING | No heartbeat in the last 3010 ms (46 time(s) in a row).
2018-07-23 10:48:59.420 [IPEngineApp] WARNING | No heartbeat in the last 3010 ms (46 time(s) in a row).
2018-07-23 10:48:59.424 [IPEngineApp] WARNING | No heartbeat in the last 3010 ms (46 time(s) in a row).
2018-07-23 10:48:59.429 [IPEngineApp] WARNING | No heartbeat in the last 3010 ms (46 time(s) in a row).
2018-07-23 10:48:59.436 [IPEngineApp] WARNING | No heartbeat in the last 3010 ms (46 time(s) in a row).
2018-07-23 10:48:59.440 [IPEngineApp] WARNING | No heartbeat in the last 3010 ms (46 time(s) in a row).
2018-07-23 10:48:59.446 [IPEngineApp] WARNING | No heartbeat in the last 3010 ms (46 time(s) in a row).
2018-07-23 10:48:59.449 [IPEngineApp] WARNING | No heartbeat in the last 3010 ms (46 time(s) in a row).
2018-07-23 10:49:02.384 [IPEngineApp] WARNING | No heartbeat in the last 3010 ms (47 time(s) in a row).
2018-07-23 10:49:02.388 [IPEngineApp] WARNING | No heartbeat in the last 3010 ms (47 time(s) in a row).
2018-07-23 10:49:02.394 [IPEngineApp] WARNING | No heartbeat in the last 3010 ms (47 time(s) in a row).
2018-07-23 10:49:02.399 [IPEngineApp] WARNING | No heartbeat in the last 3010 ms (47 time(s) in a row).
2018-07-23 10:49:02.404 [IPEngineApp] WARNING | No heartbeat in the last 3010 ms (47 time(s) in a row).
2018-07-23 10:49:02.410 [IPEngineApp] WARNING | No heartbeat in the last 3010 ms (47 time(s) in a row).
2018-07-23 10:49:02.415 [IPEngineApp] WARNING | No heartbeat in the last 3010 ms (47 time(s) in a row).
2018-07-23 10:49:02.420 [IPEngineApp] WARNING | No heartbeat in the last 3010 ms (47 time(s) in a row).
2018-07-23 10:49:02.424 [IPEngineApp] WARNING | No heartbeat in the last 3010 ms (47 time(s) in a row).
2018-07-23 10:49:02.430 [IPEngineApp] WARNING | No heartbeat in the last 3010 ms (47 time(s) in a row).
2018-07-23 10:49:02.433 [IPEngineApp] WARNING | No heartbeat in the last 3010 ms (47 time(s) in a row).
2018-07-23 10:49:02.439 [IPEngineApp] WARNING | No heartbeat in the last 3010 ms (47 time(s) in a row).
2018-07-23 10:49:02.446 [IPEngineApp] WARNING | No heartbeat in the last 3010 ms (47 time(s) in a row).
2018-07-23 10:49:02.450 [IPEngineApp] WARNING | No heartbeat in the last 3010 ms (47 time(s) in a row).
2018-07-23 10:49:02.455 [IPEngineApp] WARNING | No heartbeat in the last 3010 ms (47 time(s) in a row).
2018-07-23 10:49:02.459 [IPEngineApp] WARNING | No heartbeat in the last 3010 ms (47 time(s) in a row).
2018-07-23 10:49:05.394 [IPEngineApp] WARNING | No heartbeat in the last 3010 ms (48 time(s) in a row).
2018-07-23 10:49:05.399 [IPEngineApp] WARNING | No heartbeat in the last 3010 ms (48 time(s) in a row).
2018-07-23 10:49:05.404 [IPEngineApp] WARNING | No heartbeat in the last 3010 ms (48 time(s) in a row).
2018-07-23 10:49:05.409 [IPEngineApp] WARNING | No heartbeat in the last 3010 ms (48 time(s) in a row).
2018-07-23 10:49:05.414 [IPEngineApp] WARNING | No heartbeat in the last 3010 ms (48 time(s) in a row).
2018-07-23 10:49:05.420 [IPEngineApp] WARNING | No heartbeat in the last 3010 ms (48 time(s) in a row).
2018-07-23 10:49:05.425 [IPEngineApp] WARNING | No heartbeat in the last 3010 ms (48 time(s) in a row).
2018-07-23 10:49:05.430 [IPEngineApp] WARNING | No heartbeat in the last 3010 ms (48 time(s) in a row).
2018-07-23 10:49:05.434 [IPEngineApp] WARNING | No heartbeat in the last 3010 ms (48 time(s) in a row).
2018-07-23 10:49:05.440 [IPEngineApp] WARNING | No heartbeat in the last 3010 ms (48 time(s) in a row).
2018-07-23 10:49:05.443 [IPEngineApp] WARNING | No heartbeat in the last 3010 ms (48 time(s) in a row).
2018-07-23 10:49:05.448 [IPEngineApp] WARNING | No heartbeat in the last 3010 ms (48 time(s) in a row).
2018-07-23 10:49:05.457 [IPEngineApp] WARNING | No heartbeat in the last 3010 ms (48 time(s) in a row).
2018-07-23 10:49:05.461 [IPEngineApp] WARNING | No heartbeat in the last 3010 ms (48 time(s) in a row).
2018-07-23 10:49:05.465 [IPEngineApp] WARNING | No heartbeat in the last 3010 ms (48 time(s) in a row).
2018-07-23 10:49:05.469 [IPEngineApp] WARNING | No heartbeat in the last 3010 ms (48 time(s) in a row).
2018-07-23 10:49:08.404 [IPEngineApp] WARNING | No heartbeat in the last 3010 ms (49 time(s) in a row).
2018-07-23 10:49:08.409 [IPEngineApp] WARNING | No heartbeat in the last 3010 ms (49 time(s) in a row).
2018-07-23 10:49:08.414 [IPEngineApp] WARNING | No heartbeat in the last 3010 ms (49 time(s) in a row).
2018-07-23 10:49:08.419 [IPEngineApp] WARNING | No heartbeat in the last 3010 ms (49 time(s) in a row).
2018-07-23 10:49:08.424 [IPEngineApp] WARNING | No heartbeat in the last 3010 ms (49 time(s) in a row).
2018-07-23 10:49:08.430 [IPEngineApp] WARNING | No heartbeat in the last 3010 ms (49 time(s) in a row).
2018-07-23 10:49:08.434 [IPEngineApp] WARNING | No heartbeat in the last 3010 ms (49 time(s) in a row).
2018-07-23 10:49:08.440 [IPEngineApp] WARNING | No heartbeat in the last 3010 ms (49 time(s) in a row).
2018-07-23 10:49:08.444 [IPEngineApp] WARNING | No heartbeat in the last 3010 ms (49 time(s) in a row).
2018-07-23 10:49:08.450 [IPEngineApp] WARNING | No heartbeat in the last 3010 ms (49 time(s) in a row).
2018-07-23 10:49:08.453 [IPEngineApp] WARNING | No heartbeat in the last 3010 ms (49 time(s) in a row).
2018-07-23 10:49:08.459 [IPEngineApp] WARNING | No heartbeat in the last 3010 ms (49 time(s) in a row).
2018-07-23 10:49:08.466 [IPEngineApp] WARNING | No heartbeat in the last 3010 ms (49 time(s) in a row).
2018-07-23 10:49:08.470 [IPEngineApp] WARNING | No heartbeat in the last 3010 ms (49 time(s) in a row).
2018-07-23 10:49:08.475 [IPEngineApp] WARNING | No heartbeat in the last 3010 ms (49 time(s) in a row).
2018-07-23 10:49:08.479 [IPEngineApp] WARNING | No heartbeat in the last 3010 ms (49 time(s) in a row).
2018-07-23 10:49:11.414 [IPEngineApp] WARNING | No heartbeat in the last 3010 ms (50 time(s) in a row).
2018-07-23 10:49:11.414 [IPEngineApp] CRITICAL | Maximum number of heartbeats misses reached (50 times 3010 ms), shutting down.
2018-07-23 10:49:11.420 [IPEngineApp] WARNING | No heartbeat in the last 3010 ms (50 time(s) in a row).
2018-07-23 10:49:11.420 [IPEngineApp] CRITICAL | Maximum number of heartbeats misses reached (50 times 3010 ms), shutting down.
2018-07-23 10:49:11.426 [IPEngineApp] WARNING | No heartbeat in the last 3010 ms (50 time(s) in a row).
2018-07-23 10:49:11.426 [IPEngineApp] CRITICAL | Maximum number of heartbeats misses reached (50 times 3010 ms), shutting down.
2018-07-23 10:49:11.432 [IPEngineApp] WARNING | No heartbeat in the last 3010 ms (50 time(s) in a row).
2018-07-23 10:49:11.432 [IPEngineApp] CRITICAL | Maximum number of heartbeats misses reached (50 times 3010 ms), shutting down.
2018-07-23 10:49:11.438 [IPEngineApp] WARNING | No heartbeat in the last 3010 ms (50 time(s) in a row).
2018-07-23 10:49:11.438 [IPEngineApp] CRITICAL | Maximum number of heartbeats misses reached (50 times 3010 ms), shutting down.
2018-07-23 10:49:11.439 [IPEngineApp] WARNING | No heartbeat in the last 3010 ms (50 time(s) in a row).
2018-07-23 10:49:11.439 [IPEngineApp] CRITICAL | Maximum number of heartbeats misses reached (50 times 3010 ms), shutting down.
2018-07-23 10:49:11.445 [IPEngineApp] WARNING | No heartbeat in the last 3010 ms (50 time(s) in a row).
2018-07-23 10:49:11.445 [IPEngineApp] CRITICAL | Maximum number of heartbeats misses reached (50 times 3010 ms), shutting down.
2018-07-23 10:49:11.450 [IPEngineApp] WARNING | No heartbeat in the last 3010 ms (50 time(s) in a row).
2018-07-23 10:49:11.450 [IPEngineApp] CRITICAL | Maximum number of heartbeats misses reached (50 times 3010 ms), shutting down.
2018-07-23 10:49:11.456 [IPEngineApp] WARNING | No heartbeat in the last 3010 ms (50 time(s) in a row).
2018-07-23 10:49:11.457 [IPEngineApp] CRITICAL | Maximum number of heartbeats misses reached (50 times 3010 ms), shutting down.
2018-07-23 10:49:11.460 [IPEngineApp] WARNING | No heartbeat in the last 3010 ms (50 time(s) in a row).
2018-07-23 10:49:11.460 [IPEngineApp] CRITICAL | Maximum number of heartbeats misses reached (50 times 3010 ms), shutting down.
2018-07-23 10:49:11.465 [IPEngineApp] WARNING | No heartbeat in the last 3010 ms (50 time(s) in a row).
2018-07-23 10:49:11.465 [IPEngineApp] CRITICAL | Maximum number of heartbeats misses reached (50 times 3010 ms), shutting down.
2018-07-23 10:49:11.472 [IPEngineApp] WARNING | No heartbeat in the last 3010 ms (50 time(s) in a row).
2018-07-23 10:49:11.472 [IPEngineApp] CRITICAL | Maximum number of heartbeats misses reached (50 times 3010 ms), shutting down.
2018-07-23 10:49:11.476 [IPEngineApp] WARNING | No heartbeat in the last 3010 ms (50 time(s) in a row).
2018-07-23 10:49:11.477 [IPEngineApp] CRITICAL | Maximum number of heartbeats misses reached (50 times 3010 ms), shutting down.
2018-07-23 10:49:11.482 [IPEngineApp] WARNING | No heartbeat in the last 3010 ms (50 time(s) in a row).
2018-07-23 10:49:11.482 [IPEngineApp] CRITICAL | Maximum number of heartbeats misses reached (50 times 3010 ms), shutting down.
2018-07-23 10:49:11.484 [IPEngineApp] WARNING | No heartbeat in the last 3010 ms (50 time(s) in a row).
2018-07-23 10:49:11.485 [IPEngineApp] CRITICAL | Maximum number of heartbeats misses reached (50 times 3010 ms), shutting down.
2018-07-23 10:49:11.490 [IPEngineApp] WARNING | No heartbeat in the last 3010 ms (50 time(s) in a row).
2018-07-23 10:49:11.490 [IPEngineApp] CRITICAL | Maximum number of heartbeats misses reached (50 times 3010 ms), shutting down.
