2018-07-17 13:49:00.755 [IPEngineApp] Loading url_file 'ipengine.json'
2018-07-17 13:49:00.755 [IPEngineApp] Loading url_file 'ipengine.json'
2018-07-17 13:49:00.768 [IPEngineApp] Loading url_file 'ipengine.json'
2018-07-17 13:49:00.769 [IPEngineApp] Loading url_file 'ipengine.json'
2018-07-17 13:49:00.770 [IPEngineApp] Loading url_file 'ipengine.json'
2018-07-17 13:49:00.771 [IPEngineApp] Loading url_file 'ipengine.json'
2018-07-17 13:49:00.801 [IPEngineApp] Loading url_file 'ipengine.json'
2018-07-17 13:49:00.807 [IPEngineApp] Loading url_file 'ipengine.json'
2018-07-17 13:49:00.912 [IPEngineApp] Registering with controller at tcp://10.50.180.71:33232
2018-07-17 13:49:00.915 [IPEngineApp] Registering with controller at tcp://10.50.180.71:33232
2018-07-17 13:49:00.918 [IPEngineApp] Registering with controller at tcp://10.50.180.71:33232
2018-07-17 13:49:00.920 [IPEngineApp] Registering with controller at tcp://10.50.180.71:33232
2018-07-17 13:49:00.924 [IPEngineApp] Registering with controller at tcp://10.50.180.71:33232
2018-07-17 13:49:00.926 [IPEngineApp] Registering with controller at tcp://10.50.180.71:33232
2018-07-17 13:49:00.942 [IPEngineApp] Registering with controller at tcp://10.50.180.71:33232
2018-07-17 13:49:00.960 [IPEngineApp] Registering with controller at tcp://10.50.180.71:33232
2018-07-17 13:49:01.274 [IPEngineApp] Starting to monitor the heartbeat signal from the hub every 3010 ms.
2018-07-17 13:49:01.283 [IPEngineApp] Starting to monitor the heartbeat signal from the hub every 3010 ms.
2018-07-17 13:49:01.292 [IPEngineApp] Starting to monitor the heartbeat signal from the hub every 3010 ms.
2018-07-17 13:49:01.295 [IPEngineApp] Starting to monitor the heartbeat signal from the hub every 3010 ms.
2018-07-17 13:49:01.316 [IPEngineApp] Starting to monitor the heartbeat signal from the hub every 3010 ms.
2018-07-17 13:49:01.325 [IPEngineApp] Starting to monitor the heartbeat signal from the hub every 3010 ms.
2018-07-17 13:49:01.336 [IPEngineApp] Completed registration with id 2
2018-07-17 13:49:01.337 [IPEngineApp] Completed registration with id 1
2018-07-17 13:49:01.338 [IPEngineApp] Completed registration with id 0
2018-07-17 13:49:01.341 [IPEngineApp] Starting to monitor the heartbeat signal from the hub every 3010 ms.
2018-07-17 13:49:01.345 [IPEngineApp] Completed registration with id 3
2018-07-17 13:49:01.349 [IPEngineApp] Starting to monitor the heartbeat signal from the hub every 3010 ms.
2018-07-17 13:49:01.352 [IPEngineApp] Completed registration with id 5
2018-07-17 13:49:01.353 [IPEngineApp] Completed registration with id 4
2018-07-17 13:49:01.358 [IPEngineApp] Completed registration with id 6
2018-07-17 13:49:01.360 [IPEngineApp] Completed registration with id 7
2018-07-17 13:49:10.308 [IPEngineApp] WARNING | No heartbeat in the last 3010 ms (1 time(s) in a row).
2018-07-17 13:49:10.316 [IPEngineApp] WARNING | No heartbeat in the last 3010 ms (1 time(s) in a row).
2018-07-17 13:49:10.326 [IPEngineApp] WARNING | No heartbeat in the last 3010 ms (1 time(s) in a row).
2018-07-17 13:49:10.330 [IPEngineApp] WARNING | No heartbeat in the last 3010 ms (1 time(s) in a row).
2018-07-17 13:49:10.350 [IPEngineApp] WARNING | No heartbeat in the last 3010 ms (1 time(s) in a row).
2018-07-17 13:49:10.359 [IPEngineApp] WARNING | No heartbeat in the last 3010 ms (1 time(s) in a row).
2018-07-17 13:49:10.375 [IPEngineApp] WARNING | No heartbeat in the last 3010 ms (1 time(s) in a row).
2018-07-17 13:49:10.383 [IPEngineApp] WARNING | No heartbeat in the last 3010 ms (1 time(s) in a row).
2018-07-17 13:49:13.318 [IPEngineApp] WARNING | No heartbeat in the last 3010 ms (2 time(s) in a row).
2018-07-17 13:49:13.327 [IPEngineApp] WARNING | No heartbeat in the last 3010 ms (2 time(s) in a row).
2018-07-17 13:49:13.336 [IPEngineApp] WARNING | No heartbeat in the last 3010 ms (2 time(s) in a row).
2018-07-17 13:49:13.339 [IPEngineApp] WARNING | No heartbeat in the last 3010 ms (2 time(s) in a row).
2018-07-17 13:49:13.360 [IPEngineApp] WARNING | No heartbeat in the last 3010 ms (2 time(s) in a row).
2018-07-17 13:49:13.369 [IPEngineApp] WARNING | No heartbeat in the last 3010 ms (2 time(s) in a row).
2018-07-17 13:49:13.385 [IPEngineApp] WARNING | No heartbeat in the last 3010 ms (2 time(s) in a row).
2018-07-17 13:49:13.393 [IPEngineApp] WARNING | No heartbeat in the last 3010 ms (2 time(s) in a row).
2018-07-17 13:49:16.328 [IPEngineApp] WARNING | No heartbeat in the last 3010 ms (3 time(s) in a row).
2018-07-17 13:49:16.337 [IPEngineApp] WARNING | No heartbeat in the last 3010 ms (3 time(s) in a row).
2018-07-17 13:49:16.346 [IPEngineApp] WARNING | No heartbeat in the last 3010 ms (3 time(s) in a row).
2018-07-17 13:49:16.350 [IPEngineApp] WARNING | No heartbeat in the last 3010 ms (3 time(s) in a row).
2018-07-17 13:49:16.370 [IPEngineApp] WARNING | No heartbeat in the last 3010 ms (3 time(s) in a row).
2018-07-17 13:49:16.379 [IPEngineApp] WARNING | No heartbeat in the last 3010 ms (3 time(s) in a row).
2018-07-17 13:49:16.395 [IPEngineApp] WARNING | No heartbeat in the last 3010 ms (3 time(s) in a row).
2018-07-17 13:49:16.403 [IPEngineApp] WARNING | No heartbeat in the last 3010 ms (3 time(s) in a row).
2018-07-17 13:49:19.338 [IPEngineApp] WARNING | No heartbeat in the last 3010 ms (4 time(s) in a row).
2018-07-17 13:49:19.347 [IPEngineApp] WARNING | No heartbeat in the last 3010 ms (4 time(s) in a row).
2018-07-17 13:49:19.356 [IPEngineApp] WARNING | No heartbeat in the last 3010 ms (4 time(s) in a row).
2018-07-17 13:49:19.359 [IPEngineApp] WARNING | No heartbeat in the last 3010 ms (4 time(s) in a row).
2018-07-17 13:49:19.380 [IPEngineApp] WARNING | No heartbeat in the last 3010 ms (4 time(s) in a row).
2018-07-17 13:49:19.388 [IPEngineApp] WARNING | No heartbeat in the last 3010 ms (4 time(s) in a row).
2018-07-17 13:49:19.404 [IPEngineApp] WARNING | No heartbeat in the last 3010 ms (4 time(s) in a row).
2018-07-17 13:49:19.413 [IPEngineApp] WARNING | No heartbeat in the last 3010 ms (4 time(s) in a row).
2018-07-17 13:49:22.348 [IPEngineApp] WARNING | No heartbeat in the last 3010 ms (5 time(s) in a row).
2018-07-17 13:49:22.357 [IPEngineApp] WARNING | No heartbeat in the last 3010 ms (5 time(s) in a row).
2018-07-17 13:49:22.366 [IPEngineApp] WARNING | No heartbeat in the last 3010 ms (5 time(s) in a row).
2018-07-17 13:49:22.370 [IPEngineApp] WARNING | No heartbeat in the last 3010 ms (5 time(s) in a row).
2018-07-17 13:49:22.390 [IPEngineApp] WARNING | No heartbeat in the last 3010 ms (5 time(s) in a row).
2018-07-17 13:49:22.398 [IPEngineApp] WARNING | No heartbeat in the last 3010 ms (5 time(s) in a row).
2018-07-17 13:49:22.415 [IPEngineApp] WARNING | No heartbeat in the last 3010 ms (5 time(s) in a row).
2018-07-17 13:49:22.423 [IPEngineApp] WARNING | No heartbeat in the last 3010 ms (5 time(s) in a row).
2018-07-17 13:49:25.358 [IPEngineApp] WARNING | No heartbeat in the last 3010 ms (6 time(s) in a row).
2018-07-17 13:49:25.367 [IPEngineApp] WARNING | No heartbeat in the last 3010 ms (6 time(s) in a row).
2018-07-17 13:49:25.376 [IPEngineApp] WARNING | No heartbeat in the last 3010 ms (6 time(s) in a row).
2018-07-17 13:49:25.379 [IPEngineApp] WARNING | No heartbeat in the last 3010 ms (6 time(s) in a row).
2018-07-17 13:49:25.400 [IPEngineApp] WARNING | No heartbeat in the last 3010 ms (6 time(s) in a row).
2018-07-17 13:49:25.408 [IPEngineApp] WARNING | No heartbeat in the last 3010 ms (6 time(s) in a row).
2018-07-17 13:49:25.425 [IPEngineApp] WARNING | No heartbeat in the last 3010 ms (6 time(s) in a row).
2018-07-17 13:49:25.433 [IPEngineApp] WARNING | No heartbeat in the last 3010 ms (6 time(s) in a row).
2018-07-17 13:49:28.368 [IPEngineApp] WARNING | No heartbeat in the last 3010 ms (7 time(s) in a row).
2018-07-17 13:49:28.377 [IPEngineApp] WARNING | No heartbeat in the last 3010 ms (7 time(s) in a row).
2018-07-17 13:49:28.386 [IPEngineApp] WARNING | No heartbeat in the last 3010 ms (7 time(s) in a row).
2018-07-17 13:49:28.387 [IPEngineApp] WARNING | No heartbeat in the last 3010 ms (7 time(s) in a row).
2018-07-17 13:49:28.410 [IPEngineApp] WARNING | No heartbeat in the last 3010 ms (7 time(s) in a row).
2018-07-17 13:49:28.418 [IPEngineApp] WARNING | No heartbeat in the last 3010 ms (7 time(s) in a row).
2018-07-17 13:49:28.435 [IPEngineApp] WARNING | No heartbeat in the last 3010 ms (7 time(s) in a row).
2018-07-17 13:49:28.443 [IPEngineApp] WARNING | No heartbeat in the last 3010 ms (7 time(s) in a row).
2018-07-17 13:49:31.378 [IPEngineApp] WARNING | No heartbeat in the last 3010 ms (8 time(s) in a row).
2018-07-17 13:49:31.387 [IPEngineApp] WARNING | No heartbeat in the last 3010 ms (8 time(s) in a row).
2018-07-17 13:49:31.396 [IPEngineApp] WARNING | No heartbeat in the last 3010 ms (8 time(s) in a row).
2018-07-17 13:49:31.399 [IPEngineApp] WARNING | No heartbeat in the last 3010 ms (8 time(s) in a row).
2018-07-17 13:49:31.420 [IPEngineApp] WARNING | No heartbeat in the last 3010 ms (8 time(s) in a row).
2018-07-17 13:49:31.428 [IPEngineApp] WARNING | No heartbeat in the last 3010 ms (8 time(s) in a row).
2018-07-17 13:49:31.445 [IPEngineApp] WARNING | No heartbeat in the last 3010 ms (8 time(s) in a row).
2018-07-17 13:49:31.453 [IPEngineApp] WARNING | No heartbeat in the last 3010 ms (8 time(s) in a row).
2018-07-17 13:49:34.388 [IPEngineApp] WARNING | No heartbeat in the last 3010 ms (9 time(s) in a row).
2018-07-17 13:49:34.397 [IPEngineApp] WARNING | No heartbeat in the last 3010 ms (9 time(s) in a row).
2018-07-17 13:49:34.406 [IPEngineApp] WARNING | No heartbeat in the last 3010 ms (9 time(s) in a row).
2018-07-17 13:49:34.409 [IPEngineApp] WARNING | No heartbeat in the last 3010 ms (9 time(s) in a row).
2018-07-17 13:49:34.430 [IPEngineApp] WARNING | No heartbeat in the last 3010 ms (9 time(s) in a row).
2018-07-17 13:49:34.438 [IPEngineApp] WARNING | No heartbeat in the last 3010 ms (9 time(s) in a row).
2018-07-17 13:49:34.455 [IPEngineApp] WARNING | No heartbeat in the last 3010 ms (9 time(s) in a row).
2018-07-17 13:49:34.463 [IPEngineApp] WARNING | No heartbeat in the last 3010 ms (9 time(s) in a row).
