2018-06-28 14:26:08.638 [IPEngineApp] Loading url_file 'ipengine.json'
2018-06-28 14:26:08.654 [IPEngineApp] Loading url_file 'ipengine.json'
2018-06-28 14:26:08.648 [IPEngineApp] Loading url_file 'ipengine.json'
2018-06-28 14:26:08.647 [IPEngineApp] Loading url_file 'ipengine.json'
2018-06-28 14:26:08.694 [IPEngineApp] Registering with controller at tcp://10.50.180.71:48475
2018-06-28 14:26:08.697 [IPEngineApp] Registering with controller at tcp://10.50.180.71:48475
2018-06-28 14:26:08.804 [IPEngineApp] Starting to monitor the heartbeat signal from the hub every 3010 ms.
2018-06-28 14:26:08.810 [IPEngineApp] Starting to monitor the heartbeat signal from the hub every 3010 ms.
2018-06-28 14:26:08.815 [IPEngineApp] Completed registration with id 2
2018-06-28 14:26:08.818 [IPEngineApp] Completed registration with id 1
2018-06-28 14:26:09.205 [IPEngineApp] Registering with controller at tcp://10.50.180.71:48475
2018-06-28 14:26:09.207 [IPEngineApp] Registering with controller at tcp://10.50.180.71:48475
2018-06-28 14:26:09.307 [IPEngineApp] Starting to monitor the heartbeat signal from the hub every 3010 ms.
2018-06-28 14:26:09.312 [IPEngineApp] Starting to monitor the heartbeat signal from the hub every 3010 ms.
2018-06-28 14:26:09.322 [IPEngineApp] Completed registration with id 28
2018-06-28 14:26:09.323 [IPEngineApp] Completed registration with id 27
2018-06-28 14:26:17.837 [IPEngineApp] WARNING | No heartbeat in the last 3010 ms (1 time(s) in a row).
2018-06-28 14:26:17.844 [IPEngineApp] WARNING | No heartbeat in the last 3010 ms (1 time(s) in a row).
2018-06-28 14:26:18.341 [IPEngineApp] WARNING | No heartbeat in the last 3010 ms (1 time(s) in a row).
2018-06-28 14:26:18.346 [IPEngineApp] WARNING | No heartbeat in the last 3010 ms (1 time(s) in a row).
2018-06-28 14:26:20.848 [IPEngineApp] WARNING | No heartbeat in the last 3010 ms (2 time(s) in a row).
2018-06-28 14:26:20.854 [IPEngineApp] WARNING | No heartbeat in the last 3010 ms (2 time(s) in a row).
2018-06-28 14:26:21.350 [IPEngineApp] WARNING | No heartbeat in the last 3010 ms (2 time(s) in a row).
2018-06-28 14:26:21.356 [IPEngineApp] WARNING | No heartbeat in the last 3010 ms (2 time(s) in a row).
2018-06-28 14:26:23.858 [IPEngineApp] WARNING | No heartbeat in the last 3010 ms (3 time(s) in a row).
2018-06-28 14:26:23.864 [IPEngineApp] WARNING | No heartbeat in the last 3010 ms (3 time(s) in a row).
2018-06-28 14:26:24.360 [IPEngineApp] WARNING | No heartbeat in the last 3010 ms (3 time(s) in a row).
2018-06-28 14:26:24.365 [IPEngineApp] WARNING | No heartbeat in the last 3010 ms (3 time(s) in a row).
2018-06-28 14:26:26.868 [IPEngineApp] WARNING | No heartbeat in the last 3010 ms (4 time(s) in a row).
2018-06-28 14:26:26.874 [IPEngineApp] WARNING | No heartbeat in the last 3010 ms (4 time(s) in a row).
2018-06-28 14:26:27.370 [IPEngineApp] WARNING | No heartbeat in the last 3010 ms (4 time(s) in a row).
2018-06-28 14:26:27.376 [IPEngineApp] WARNING | No heartbeat in the last 3010 ms (4 time(s) in a row).
2018-06-28 14:26:29.877 [IPEngineApp] WARNING | No heartbeat in the last 3010 ms (5 time(s) in a row).
2018-06-28 14:26:29.884 [IPEngineApp] WARNING | No heartbeat in the last 3010 ms (5 time(s) in a row).
2018-06-28 14:26:30.381 [IPEngineApp] WARNING | No heartbeat in the last 3010 ms (5 time(s) in a row).
2018-06-28 14:26:30.387 [IPEngineApp] WARNING | No heartbeat in the last 3010 ms (5 time(s) in a row).
2018-06-28 14:26:32.887 [IPEngineApp] WARNING | No heartbeat in the last 3010 ms (6 time(s) in a row).
2018-06-28 14:26:32.895 [IPEngineApp] WARNING | No heartbeat in the last 3010 ms (6 time(s) in a row).
2018-06-28 14:26:33.390 [IPEngineApp] WARNING | No heartbeat in the last 3010 ms (6 time(s) in a row).
2018-06-28 14:26:33.395 [IPEngineApp] WARNING | No heartbeat in the last 3010 ms (6 time(s) in a row).
2018-06-28 14:26:35.897 [IPEngineApp] WARNING | No heartbeat in the last 3010 ms (7 time(s) in a row).
2018-06-28 14:26:35.904 [IPEngineApp] WARNING | No heartbeat in the last 3010 ms (7 time(s) in a row).
2018-06-28 14:26:36.400 [IPEngineApp] WARNING | No heartbeat in the last 3010 ms (7 time(s) in a row).
2018-06-28 14:26:36.406 [IPEngineApp] WARNING | No heartbeat in the last 3010 ms (7 time(s) in a row).
2018-06-28 14:26:38.907 [IPEngineApp] WARNING | No heartbeat in the last 3010 ms (8 time(s) in a row).
2018-06-28 14:26:38.914 [IPEngineApp] WARNING | No heartbeat in the last 3010 ms (8 time(s) in a row).
2018-06-28 14:26:39.411 [IPEngineApp] WARNING | No heartbeat in the last 3010 ms (8 time(s) in a row).
2018-06-28 14:26:39.416 [IPEngineApp] WARNING | No heartbeat in the last 3010 ms (8 time(s) in a row).
2018-06-28 14:26:41.917 [IPEngineApp] WARNING | No heartbeat in the last 3010 ms (9 time(s) in a row).
2018-06-28 14:26:41.924 [IPEngineApp] WARNING | No heartbeat in the last 3010 ms (9 time(s) in a row).
2018-06-28 14:26:42.420 [IPEngineApp] WARNING | No heartbeat in the last 3010 ms (9 time(s) in a row).
2018-06-28 14:26:42.426 [IPEngineApp] WARNING | No heartbeat in the last 3010 ms (9 time(s) in a row).
2018-06-28 14:26:44.927 [IPEngineApp] WARNING | No heartbeat in the last 3010 ms (10 time(s) in a row).
2018-06-28 14:26:44.934 [IPEngineApp] WARNING | No heartbeat in the last 3010 ms (10 time(s) in a row).
2018-06-28 14:26:45.431 [IPEngineApp] WARNING | No heartbeat in the last 3010 ms (10 time(s) in a row).
2018-06-28 14:26:45.436 [IPEngineApp] WARNING | No heartbeat in the last 3010 ms (10 time(s) in a row).
2018-06-28 14:26:47.937 [IPEngineApp] WARNING | No heartbeat in the last 3010 ms (11 time(s) in a row).
2018-06-28 14:26:47.944 [IPEngineApp] WARNING | No heartbeat in the last 3010 ms (11 time(s) in a row).
2018-06-28 14:26:48.440 [IPEngineApp] WARNING | No heartbeat in the last 3010 ms (11 time(s) in a row).
2018-06-28 14:26:48.446 [IPEngineApp] WARNING | No heartbeat in the last 3010 ms (11 time(s) in a row).
2018-06-28 14:26:50.947 [IPEngineApp] WARNING | No heartbeat in the last 3010 ms (12 time(s) in a row).
2018-06-28 14:26:50.954 [IPEngineApp] WARNING | No heartbeat in the last 3010 ms (12 time(s) in a row).
2018-06-28 14:26:51.450 [IPEngineApp] WARNING | No heartbeat in the last 3010 ms (12 time(s) in a row).
2018-06-28 14:26:51.456 [IPEngineApp] WARNING | No heartbeat in the last 3010 ms (12 time(s) in a row).
2018-06-28 14:26:53.957 [IPEngineApp] WARNING | No heartbeat in the last 3010 ms (13 time(s) in a row).
2018-06-28 14:26:53.964 [IPEngineApp] WARNING | No heartbeat in the last 3010 ms (13 time(s) in a row).
2018-06-28 14:26:54.460 [IPEngineApp] WARNING | No heartbeat in the last 3010 ms (13 time(s) in a row).
2018-06-28 14:26:54.467 [IPEngineApp] WARNING | No heartbeat in the last 3010 ms (13 time(s) in a row).
2018-06-28 14:26:56.968 [IPEngineApp] WARNING | No heartbeat in the last 3010 ms (14 time(s) in a row).
2018-06-28 14:26:56.975 [IPEngineApp] WARNING | No heartbeat in the last 3010 ms (14 time(s) in a row).
2018-06-28 14:26:57.470 [IPEngineApp] WARNING | No heartbeat in the last 3010 ms (14 time(s) in a row).
2018-06-28 14:26:57.475 [IPEngineApp] WARNING | No heartbeat in the last 3010 ms (14 time(s) in a row).
2018-06-28 14:26:59.975 [IPEngineApp] WARNING | No heartbeat in the last 3010 ms (15 time(s) in a row).
2018-06-28 14:26:59.985 [IPEngineApp] WARNING | No heartbeat in the last 3010 ms (15 time(s) in a row).
2018-06-28 14:27:00.480 [IPEngineApp] WARNING | No heartbeat in the last 3010 ms (15 time(s) in a row).
2018-06-28 14:27:00.486 [IPEngineApp] WARNING | No heartbeat in the last 3010 ms (15 time(s) in a row).
2018-06-28 14:27:02.988 [IPEngineApp] WARNING | No heartbeat in the last 3010 ms (16 time(s) in a row).
2018-06-28 14:27:02.993 [IPEngineApp] WARNING | No heartbeat in the last 3010 ms (16 time(s) in a row).
2018-06-28 14:27:03.490 [IPEngineApp] WARNING | No heartbeat in the last 3010 ms (16 time(s) in a row).
2018-06-28 14:27:03.496 [IPEngineApp] WARNING | No heartbeat in the last 3010 ms (16 time(s) in a row).
2018-06-28 14:27:05.997 [IPEngineApp] WARNING | No heartbeat in the last 3010 ms (17 time(s) in a row).
2018-06-28 14:27:06.005 [IPEngineApp] WARNING | No heartbeat in the last 3010 ms (17 time(s) in a row).
2018-06-28 14:27:06.500 [IPEngineApp] WARNING | No heartbeat in the last 3010 ms (17 time(s) in a row).
2018-06-28 14:27:06.506 [IPEngineApp] WARNING | No heartbeat in the last 3010 ms (17 time(s) in a row).
2018-06-28 14:27:09.007 [IPEngineApp] WARNING | No heartbeat in the last 3010 ms (18 time(s) in a row).
2018-06-28 14:27:09.015 [IPEngineApp] WARNING | No heartbeat in the last 3010 ms (18 time(s) in a row).
2018-06-28 14:27:09.510 [IPEngineApp] WARNING | No heartbeat in the last 3010 ms (18 time(s) in a row).
2018-06-28 14:27:09.516 [IPEngineApp] WARNING | No heartbeat in the last 3010 ms (18 time(s) in a row).
2018-06-28 14:27:12.018 [IPEngineApp] WARNING | No heartbeat in the last 3010 ms (19 time(s) in a row).
2018-06-28 14:27:12.025 [IPEngineApp] WARNING | No heartbeat in the last 3010 ms (19 time(s) in a row).
2018-06-28 14:27:12.521 [IPEngineApp] WARNING | No heartbeat in the last 3010 ms (19 time(s) in a row).
2018-06-28 14:27:12.526 [IPEngineApp] WARNING | No heartbeat in the last 3010 ms (19 time(s) in a row).
2018-06-28 14:27:15.026 [IPEngineApp] WARNING | No heartbeat in the last 3010 ms (20 time(s) in a row).
2018-06-28 14:27:15.035 [IPEngineApp] WARNING | No heartbeat in the last 3010 ms (20 time(s) in a row).
2018-06-28 14:27:15.530 [IPEngineApp] WARNING | No heartbeat in the last 3010 ms (20 time(s) in a row).
2018-06-28 14:27:15.536 [IPEngineApp] WARNING | No heartbeat in the last 3010 ms (20 time(s) in a row).
2018-06-28 14:27:18.038 [IPEngineApp] WARNING | No heartbeat in the last 3010 ms (21 time(s) in a row).
2018-06-28 14:27:18.043 [IPEngineApp] WARNING | No heartbeat in the last 3010 ms (21 time(s) in a row).
2018-06-28 14:27:18.540 [IPEngineApp] WARNING | No heartbeat in the last 3010 ms (21 time(s) in a row).
2018-06-28 14:27:18.546 [IPEngineApp] WARNING | No heartbeat in the last 3010 ms (21 time(s) in a row).
2018-06-28 14:27:21.047 [IPEngineApp] WARNING | No heartbeat in the last 3010 ms (22 time(s) in a row).
2018-06-28 14:27:21.055 [IPEngineApp] WARNING | No heartbeat in the last 3010 ms (22 time(s) in a row).
2018-06-28 14:27:21.550 [IPEngineApp] WARNING | No heartbeat in the last 3010 ms (22 time(s) in a row).
2018-06-28 14:27:21.557 [IPEngineApp] WARNING | No heartbeat in the last 3010 ms (22 time(s) in a row).
2018-06-28 14:27:24.057 [IPEngineApp] WARNING | No heartbeat in the last 3010 ms (23 time(s) in a row).
2018-06-28 14:27:24.063 [IPEngineApp] WARNING | No heartbeat in the last 3010 ms (23 time(s) in a row).
2018-06-28 14:27:24.560 [IPEngineApp] WARNING | No heartbeat in the last 3010 ms (23 time(s) in a row).
2018-06-28 14:27:24.565 [IPEngineApp] WARNING | No heartbeat in the last 3010 ms (23 time(s) in a row).
2018-06-28 14:27:27.067 [IPEngineApp] WARNING | No heartbeat in the last 3010 ms (24 time(s) in a row).
2018-06-28 14:27:27.074 [IPEngineApp] WARNING | No heartbeat in the last 3010 ms (24 time(s) in a row).
2018-06-28 14:27:27.571 [IPEngineApp] WARNING | No heartbeat in the last 3010 ms (24 time(s) in a row).
2018-06-28 14:27:27.576 [IPEngineApp] WARNING | No heartbeat in the last 3010 ms (24 time(s) in a row).
2018-06-28 14:27:30.077 [IPEngineApp] WARNING | No heartbeat in the last 3010 ms (25 time(s) in a row).
2018-06-28 14:27:30.084 [IPEngineApp] WARNING | No heartbeat in the last 3010 ms (25 time(s) in a row).
2018-06-28 14:27:30.581 [IPEngineApp] WARNING | No heartbeat in the last 3010 ms (25 time(s) in a row).
2018-06-28 14:27:30.586 [IPEngineApp] WARNING | No heartbeat in the last 3010 ms (25 time(s) in a row).
2018-06-28 14:27:33.089 [IPEngineApp] WARNING | No heartbeat in the last 3010 ms (26 time(s) in a row).
2018-06-28 14:27:33.094 [IPEngineApp] WARNING | No heartbeat in the last 3010 ms (26 time(s) in a row).
2018-06-28 14:27:33.590 [IPEngineApp] WARNING | No heartbeat in the last 3010 ms (26 time(s) in a row).
2018-06-28 14:27:33.596 [IPEngineApp] WARNING | No heartbeat in the last 3010 ms (26 time(s) in a row).
2018-06-28 14:27:36.097 [IPEngineApp] WARNING | No heartbeat in the last 3010 ms (27 time(s) in a row).
2018-06-28 14:27:36.104 [IPEngineApp] WARNING | No heartbeat in the last 3010 ms (27 time(s) in a row).
2018-06-28 14:27:36.600 [IPEngineApp] WARNING | No heartbeat in the last 3010 ms (27 time(s) in a row).
2018-06-28 14:27:36.607 [IPEngineApp] WARNING | No heartbeat in the last 3010 ms (27 time(s) in a row).
2018-06-28 14:27:39.107 [IPEngineApp] WARNING | No heartbeat in the last 3010 ms (28 time(s) in a row).
2018-06-28 14:27:39.114 [IPEngineApp] WARNING | No heartbeat in the last 3010 ms (28 time(s) in a row).
2018-06-28 14:27:39.610 [IPEngineApp] WARNING | No heartbeat in the last 3010 ms (28 time(s) in a row).
2018-06-28 14:27:39.616 [IPEngineApp] WARNING | No heartbeat in the last 3010 ms (28 time(s) in a row).
2018-06-28 14:27:42.117 [IPEngineApp] WARNING | No heartbeat in the last 3010 ms (29 time(s) in a row).
2018-06-28 14:27:42.124 [IPEngineApp] WARNING | No heartbeat in the last 3010 ms (29 time(s) in a row).
2018-06-28 14:27:42.620 [IPEngineApp] WARNING | No heartbeat in the last 3010 ms (29 time(s) in a row).
2018-06-28 14:27:42.626 [IPEngineApp] WARNING | No heartbeat in the last 3010 ms (29 time(s) in a row).
2018-06-28 14:27:45.127 [IPEngineApp] WARNING | No heartbeat in the last 3010 ms (30 time(s) in a row).
2018-06-28 14:27:45.134 [IPEngineApp] WARNING | No heartbeat in the last 3010 ms (30 time(s) in a row).
2018-06-28 14:27:45.630 [IPEngineApp] WARNING | No heartbeat in the last 3010 ms (30 time(s) in a row).
2018-06-28 14:27:45.637 [IPEngineApp] WARNING | No heartbeat in the last 3010 ms (30 time(s) in a row).
2018-06-28 14:27:48.138 [IPEngineApp] WARNING | No heartbeat in the last 3010 ms (31 time(s) in a row).
2018-06-28 14:27:48.145 [IPEngineApp] WARNING | No heartbeat in the last 3010 ms (31 time(s) in a row).
2018-06-28 14:27:48.640 [IPEngineApp] WARNING | No heartbeat in the last 3010 ms (31 time(s) in a row).
2018-06-28 14:27:48.646 [IPEngineApp] WARNING | No heartbeat in the last 3010 ms (31 time(s) in a row).
2018-06-28 14:27:51.147 [IPEngineApp] WARNING | No heartbeat in the last 3010 ms (32 time(s) in a row).
2018-06-28 14:27:51.154 [IPEngineApp] WARNING | No heartbeat in the last 3010 ms (32 time(s) in a row).
2018-06-28 14:27:51.650 [IPEngineApp] WARNING | No heartbeat in the last 3010 ms (32 time(s) in a row).
2018-06-28 14:27:51.655 [IPEngineApp] WARNING | No heartbeat in the last 3010 ms (32 time(s) in a row).
2018-06-28 14:27:54.157 [IPEngineApp] WARNING | No heartbeat in the last 3010 ms (33 time(s) in a row).
2018-06-28 14:27:54.164 [IPEngineApp] WARNING | No heartbeat in the last 3010 ms (33 time(s) in a row).
2018-06-28 14:27:54.660 [IPEngineApp] WARNING | No heartbeat in the last 3010 ms (33 time(s) in a row).
2018-06-28 14:27:54.667 [IPEngineApp] WARNING | No heartbeat in the last 3010 ms (33 time(s) in a row).
2018-06-28 14:27:57.168 [IPEngineApp] WARNING | No heartbeat in the last 3010 ms (34 time(s) in a row).
2018-06-28 14:27:57.174 [IPEngineApp] WARNING | No heartbeat in the last 3010 ms (34 time(s) in a row).
2018-06-28 14:27:57.670 [IPEngineApp] WARNING | No heartbeat in the last 3010 ms (34 time(s) in a row).
2018-06-28 14:27:57.675 [IPEngineApp] WARNING | No heartbeat in the last 3010 ms (34 time(s) in a row).
2018-06-28 14:28:00.177 [IPEngineApp] WARNING | No heartbeat in the last 3010 ms (35 time(s) in a row).
2018-06-28 14:28:00.184 [IPEngineApp] WARNING | No heartbeat in the last 3010 ms (35 time(s) in a row).
2018-06-28 14:28:00.680 [IPEngineApp] WARNING | No heartbeat in the last 3010 ms (35 time(s) in a row).
2018-06-28 14:28:00.686 [IPEngineApp] WARNING | No heartbeat in the last 3010 ms (35 time(s) in a row).
2018-06-28 14:28:03.187 [IPEngineApp] WARNING | No heartbeat in the last 3010 ms (36 time(s) in a row).
2018-06-28 14:28:03.194 [IPEngineApp] WARNING | No heartbeat in the last 3010 ms (36 time(s) in a row).
2018-06-28 14:28:03.691 [IPEngineApp] WARNING | No heartbeat in the last 3010 ms (36 time(s) in a row).
2018-06-28 14:28:03.696 [IPEngineApp] WARNING | No heartbeat in the last 3010 ms (36 time(s) in a row).
2018-06-28 14:28:06.197 [IPEngineApp] WARNING | No heartbeat in the last 3010 ms (37 time(s) in a row).
2018-06-28 14:28:06.204 [IPEngineApp] WARNING | No heartbeat in the last 3010 ms (37 time(s) in a row).
2018-06-28 14:28:06.700 [IPEngineApp] WARNING | No heartbeat in the last 3010 ms (37 time(s) in a row).
2018-06-28 14:28:06.707 [IPEngineApp] WARNING | No heartbeat in the last 3010 ms (37 time(s) in a row).
2018-06-28 14:28:09.207 [IPEngineApp] WARNING | No heartbeat in the last 3010 ms (38 time(s) in a row).
2018-06-28 14:28:09.215 [IPEngineApp] WARNING | No heartbeat in the last 3010 ms (38 time(s) in a row).
2018-06-28 14:28:09.710 [IPEngineApp] WARNING | No heartbeat in the last 3010 ms (38 time(s) in a row).
2018-06-28 14:28:09.716 [IPEngineApp] WARNING | No heartbeat in the last 3010 ms (38 time(s) in a row).
2018-06-28 14:28:12.217 [IPEngineApp] WARNING | No heartbeat in the last 3010 ms (39 time(s) in a row).
2018-06-28 14:28:12.224 [IPEngineApp] WARNING | No heartbeat in the last 3010 ms (39 time(s) in a row).
2018-06-28 14:28:12.721 [IPEngineApp] WARNING | No heartbeat in the last 3010 ms (39 time(s) in a row).
2018-06-28 14:28:12.726 [IPEngineApp] WARNING | No heartbeat in the last 3010 ms (39 time(s) in a row).
2018-06-28 14:28:15.227 [IPEngineApp] WARNING | No heartbeat in the last 3010 ms (40 time(s) in a row).
2018-06-28 14:28:15.234 [IPEngineApp] WARNING | No heartbeat in the last 3010 ms (40 time(s) in a row).
2018-06-28 14:28:15.731 [IPEngineApp] WARNING | No heartbeat in the last 3010 ms (40 time(s) in a row).
2018-06-28 14:28:15.736 [IPEngineApp] WARNING | No heartbeat in the last 3010 ms (40 time(s) in a row).
2018-06-28 14:28:18.238 [IPEngineApp] WARNING | No heartbeat in the last 3010 ms (41 time(s) in a row).
2018-06-28 14:28:18.245 [IPEngineApp] WARNING | No heartbeat in the last 3010 ms (41 time(s) in a row).
2018-06-28 14:28:18.740 [IPEngineApp] WARNING | No heartbeat in the last 3010 ms (41 time(s) in a row).
2018-06-28 14:28:18.747 [IPEngineApp] WARNING | No heartbeat in the last 3010 ms (41 time(s) in a row).
2018-06-28 14:28:21.248 [IPEngineApp] WARNING | No heartbeat in the last 3010 ms (42 time(s) in a row).
2018-06-28 14:28:21.255 [IPEngineApp] WARNING | No heartbeat in the last 3010 ms (42 time(s) in a row).
2018-06-28 14:28:21.750 [IPEngineApp] WARNING | No heartbeat in the last 3010 ms (42 time(s) in a row).
2018-06-28 14:28:21.755 [IPEngineApp] WARNING | No heartbeat in the last 3010 ms (42 time(s) in a row).
2018-06-28 14:28:24.258 [IPEngineApp] WARNING | No heartbeat in the last 3010 ms (43 time(s) in a row).
2018-06-28 14:28:24.264 [IPEngineApp] WARNING | No heartbeat in the last 3010 ms (43 time(s) in a row).
2018-06-28 14:28:24.760 [IPEngineApp] WARNING | No heartbeat in the last 3010 ms (43 time(s) in a row).
2018-06-28 14:28:24.767 [IPEngineApp] WARNING | No heartbeat in the last 3010 ms (43 time(s) in a row).
2018-06-28 14:28:27.267 [IPEngineApp] WARNING | No heartbeat in the last 3010 ms (44 time(s) in a row).
2018-06-28 14:28:27.274 [IPEngineApp] WARNING | No heartbeat in the last 3010 ms (44 time(s) in a row).
2018-06-28 14:28:27.770 [IPEngineApp] WARNING | No heartbeat in the last 3010 ms (44 time(s) in a row).
2018-06-28 14:28:27.775 [IPEngineApp] WARNING | No heartbeat in the last 3010 ms (44 time(s) in a row).
2018-06-28 14:28:30.278 [IPEngineApp] WARNING | No heartbeat in the last 3010 ms (45 time(s) in a row).
2018-06-28 14:28:30.284 [IPEngineApp] WARNING | No heartbeat in the last 3010 ms (45 time(s) in a row).
2018-06-28 14:28:30.781 [IPEngineApp] WARNING | No heartbeat in the last 3010 ms (45 time(s) in a row).
2018-06-28 14:28:30.787 [IPEngineApp] WARNING | No heartbeat in the last 3010 ms (45 time(s) in a row).
2018-06-28 14:28:33.287 [IPEngineApp] WARNING | No heartbeat in the last 3010 ms (46 time(s) in a row).
2018-06-28 14:28:33.294 [IPEngineApp] WARNING | No heartbeat in the last 3010 ms (46 time(s) in a row).
2018-06-28 14:28:33.791 [IPEngineApp] WARNING | No heartbeat in the last 3010 ms (46 time(s) in a row).
2018-06-28 14:28:33.795 [IPEngineApp] WARNING | No heartbeat in the last 3010 ms (46 time(s) in a row).
2018-06-28 14:28:36.295 [IPEngineApp] WARNING | No heartbeat in the last 3010 ms (47 time(s) in a row).
2018-06-28 14:28:36.304 [IPEngineApp] WARNING | No heartbeat in the last 3010 ms (47 time(s) in a row).
2018-06-28 14:28:36.800 [IPEngineApp] WARNING | No heartbeat in the last 3010 ms (47 time(s) in a row).
2018-06-28 14:28:36.806 [IPEngineApp] WARNING | No heartbeat in the last 3010 ms (47 time(s) in a row).
2018-06-28 14:28:39.308 [IPEngineApp] WARNING | No heartbeat in the last 3010 ms (48 time(s) in a row).
2018-06-28 14:28:39.315 [IPEngineApp] WARNING | No heartbeat in the last 3010 ms (48 time(s) in a row).
2018-06-28 14:28:39.811 [IPEngineApp] WARNING | No heartbeat in the last 3010 ms (48 time(s) in a row).
2018-06-28 14:28:39.817 [IPEngineApp] WARNING | No heartbeat in the last 3010 ms (48 time(s) in a row).
2018-06-28 14:28:42.317 [IPEngineApp] WARNING | No heartbeat in the last 3010 ms (49 time(s) in a row).
2018-06-28 14:28:42.323 [IPEngineApp] WARNING | No heartbeat in the last 3010 ms (49 time(s) in a row).
2018-06-28 14:28:42.821 [IPEngineApp] WARNING | No heartbeat in the last 3010 ms (49 time(s) in a row).
2018-06-28 14:28:42.825 [IPEngineApp] WARNING | No heartbeat in the last 3010 ms (49 time(s) in a row).
2018-06-28 14:28:45.326 [IPEngineApp] WARNING | No heartbeat in the last 3010 ms (50 time(s) in a row).
2018-06-28 14:28:45.326 [IPEngineApp] CRITICAL | Maximum number of heartbeats misses reached (50 times 3010 ms), shutting down.
2018-06-28 14:28:45.334 [IPEngineApp] WARNING | No heartbeat in the last 3010 ms (50 time(s) in a row).
2018-06-28 14:28:45.335 [IPEngineApp] CRITICAL | Maximum number of heartbeats misses reached (50 times 3010 ms), shutting down.
2018-06-28 14:28:45.830 [IPEngineApp] WARNING | No heartbeat in the last 3010 ms (50 time(s) in a row).
2018-06-28 14:28:45.831 [IPEngineApp] CRITICAL | Maximum number of heartbeats misses reached (50 times 3010 ms), shutting down.
2018-06-28 14:28:45.836 [IPEngineApp] WARNING | No heartbeat in the last 3010 ms (50 time(s) in a row).
2018-06-28 14:28:45.837 [IPEngineApp] CRITICAL | Maximum number of heartbeats misses reached (50 times 3010 ms), shutting down.
