2018-07-19 10:41:56.036 [IPEngineApp] Loading url_file 'ipengine.json'
2018-07-19 10:41:56.096 [IPEngineApp] Registering with controller at tcp://10.50.180.71:42263
2018-07-19 10:41:56.290 [IPEngineApp] Starting to monitor the heartbeat signal from the hub every 3010 ms.
2018-07-19 10:41:56.296 [IPEngineApp] Completed registration with id 12
2018-07-19 10:54:19.764 [IPEngineApp] WARNING | No heartbeat in the last 3010 ms (1 time(s) in a row).
2018-07-19 10:54:22.774 [IPEngineApp] WARNING | No heartbeat in the last 3010 ms (2 time(s) in a row).
2018-07-19 10:54:25.785 [IPEngineApp] WARNING | No heartbeat in the last 3010 ms (3 time(s) in a row).
2018-07-19 10:54:28.794 [IPEngineApp] WARNING | No heartbeat in the last 3010 ms (4 time(s) in a row).
2018-07-19 10:54:31.805 [IPEngineApp] WARNING | No heartbeat in the last 3010 ms (5 time(s) in a row).
2018-07-19 10:54:34.814 [IPEngineApp] WARNING | No heartbeat in the last 3010 ms (6 time(s) in a row).
2018-07-19 10:54:37.825 [IPEngineApp] WARNING | No heartbeat in the last 3010 ms (7 time(s) in a row).
2018-07-19 10:54:40.834 [IPEngineApp] WARNING | No heartbeat in the last 3010 ms (8 time(s) in a row).
2018-07-19 10:54:43.844 [IPEngineApp] WARNING | No heartbeat in the last 3010 ms (9 time(s) in a row).
2018-07-19 10:54:46.854 [IPEngineApp] WARNING | No heartbeat in the last 3010 ms (10 time(s) in a row).
2018-07-19 10:54:49.863 [IPEngineApp] WARNING | No heartbeat in the last 3010 ms (11 time(s) in a row).
2018-07-19 10:54:52.875 [IPEngineApp] WARNING | No heartbeat in the last 3010 ms (12 time(s) in a row).
2018-07-19 10:54:55.884 [IPEngineApp] WARNING | No heartbeat in the last 3010 ms (13 time(s) in a row).
2018-07-19 10:54:58.894 [IPEngineApp] WARNING | No heartbeat in the last 3010 ms (14 time(s) in a row).
2018-07-19 10:55:01.904 [IPEngineApp] WARNING | No heartbeat in the last 3010 ms (15 time(s) in a row).
2018-07-19 10:55:04.914 [IPEngineApp] WARNING | No heartbeat in the last 3010 ms (16 time(s) in a row).
2018-07-19 10:55:07.924 [IPEngineApp] WARNING | No heartbeat in the last 3010 ms (17 time(s) in a row).
2018-07-19 10:55:10.935 [IPEngineApp] WARNING | No heartbeat in the last 3010 ms (18 time(s) in a row).
2018-07-19 10:55:13.944 [IPEngineApp] WARNING | No heartbeat in the last 3010 ms (19 time(s) in a row).
2018-07-19 10:55:16.955 [IPEngineApp] WARNING | No heartbeat in the last 3010 ms (20 time(s) in a row).
2018-07-19 10:55:19.964 [IPEngineApp] WARNING | No heartbeat in the last 3010 ms (21 time(s) in a row).
2018-07-19 10:55:22.975 [IPEngineApp] WARNING | No heartbeat in the last 3010 ms (22 time(s) in a row).
2018-07-19 10:55:25.983 [IPEngineApp] WARNING | No heartbeat in the last 3010 ms (23 time(s) in a row).
2018-07-19 10:55:28.994 [IPEngineApp] WARNING | No heartbeat in the last 3010 ms (24 time(s) in a row).
2018-07-19 10:55:32.004 [IPEngineApp] WARNING | No heartbeat in the last 3010 ms (25 time(s) in a row).
2018-07-19 10:55:35.014 [IPEngineApp] WARNING | No heartbeat in the last 3010 ms (26 time(s) in a row).
2018-07-19 10:55:38.024 [IPEngineApp] WARNING | No heartbeat in the last 3010 ms (27 time(s) in a row).
2018-07-19 10:55:41.035 [IPEngineApp] WARNING | No heartbeat in the last 3010 ms (28 time(s) in a row).
2018-07-19 10:55:44.044 [IPEngineApp] WARNING | No heartbeat in the last 3010 ms (29 time(s) in a row).
2018-07-19 10:55:47.054 [IPEngineApp] WARNING | No heartbeat in the last 3010 ms (30 time(s) in a row).
2018-07-19 10:55:50.065 [IPEngineApp] WARNING | No heartbeat in the last 3010 ms (31 time(s) in a row).
2018-07-19 10:55:53.074 [IPEngineApp] WARNING | No heartbeat in the last 3010 ms (32 time(s) in a row).
2018-07-19 10:55:56.084 [IPEngineApp] WARNING | No heartbeat in the last 3010 ms (33 time(s) in a row).
2018-07-19 10:55:59.095 [IPEngineApp] WARNING | No heartbeat in the last 3010 ms (34 time(s) in a row).
2018-07-19 10:56:02.104 [IPEngineApp] WARNING | No heartbeat in the last 3010 ms (35 time(s) in a row).
2018-07-19 10:56:05.114 [IPEngineApp] WARNING | No heartbeat in the last 3010 ms (36 time(s) in a row).
2018-07-19 10:56:08.124 [IPEngineApp] WARNING | No heartbeat in the last 3010 ms (37 time(s) in a row).
2018-07-19 10:56:11.135 [IPEngineApp] WARNING | No heartbeat in the last 3010 ms (38 time(s) in a row).
2018-07-19 10:56:14.144 [IPEngineApp] WARNING | No heartbeat in the last 3010 ms (39 time(s) in a row).
2018-07-19 10:56:17.155 [IPEngineApp] WARNING | No heartbeat in the last 3010 ms (40 time(s) in a row).
2018-07-19 10:56:20.164 [IPEngineApp] WARNING | No heartbeat in the last 3010 ms (41 time(s) in a row).
2018-07-19 10:56:23.175 [IPEngineApp] WARNING | No heartbeat in the last 3010 ms (42 time(s) in a row).
2018-07-19 10:56:26.184 [IPEngineApp] WARNING | No heartbeat in the last 3010 ms (43 time(s) in a row).
2018-07-19 10:56:29.195 [IPEngineApp] WARNING | No heartbeat in the last 3010 ms (44 time(s) in a row).
2018-07-19 10:56:32.204 [IPEngineApp] WARNING | No heartbeat in the last 3010 ms (45 time(s) in a row).
2018-07-19 10:56:35.215 [IPEngineApp] WARNING | No heartbeat in the last 3010 ms (46 time(s) in a row).
2018-07-19 10:56:38.224 [IPEngineApp] WARNING | No heartbeat in the last 3010 ms (47 time(s) in a row).
2018-07-19 10:56:41.234 [IPEngineApp] WARNING | No heartbeat in the last 3010 ms (48 time(s) in a row).
2018-07-19 10:56:44.244 [IPEngineApp] WARNING | No heartbeat in the last 3010 ms (49 time(s) in a row).
2018-07-19 10:56:47.254 [IPEngineApp] WARNING | No heartbeat in the last 3010 ms (50 time(s) in a row).
2018-07-19 10:56:47.254 [IPEngineApp] CRITICAL | Maximum number of heartbeats misses reached (50 times 3010 ms), shutting down.
