2018-07-19 01:49:45.806 [IPEngineApp] Loading url_file 'ipengine.json'
2018-07-19 01:49:45.946 [IPEngineApp] Loading url_file 'ipengine.json'
2018-07-19 01:49:45.957 [IPEngineApp] Loading url_file 'ipengine.json'
2018-07-19 01:49:45.961 [IPEngineApp] Loading url_file 'ipengine.json'
2018-07-19 01:49:45.971 [IPEngineApp] Loading url_file 'ipengine.json'
2018-07-19 01:49:45.976 [IPEngineApp] Loading url_file 'ipengine.json'
2018-07-19 01:49:45.994 [IPEngineApp] Loading url_file 'ipengine.json'
2018-07-19 01:49:46.026 [IPEngineApp] Loading url_file 'ipengine.json'
2018-07-19 01:49:46.043 [IPEngineApp] Loading url_file 'ipengine.json'
2018-07-19 01:49:46.047 [IPEngineApp] Loading url_file 'ipengine.json'
2018-07-19 01:49:46.050 [IPEngineApp] Loading url_file 'ipengine.json'
2018-07-19 01:49:46.061 [IPEngineApp] Loading url_file 'ipengine.json'
2018-07-19 01:49:46.068 [IPEngineApp] Loading url_file 'ipengine.json'
2018-07-19 01:49:46.085 [IPEngineApp] Loading url_file 'ipengine.json'
2018-07-19 01:49:46.121 [IPEngineApp] Loading url_file 'ipengine.json'
2018-07-19 01:49:46.138 [IPEngineApp] Loading url_file 'ipengine.json'
2018-07-19 01:49:46.143 [IPEngineApp] Loading url_file 'ipengine.json'
2018-07-19 01:49:46.174 [IPEngineApp] Loading url_file 'ipengine.json'
2018-07-19 01:49:46.180 [IPEngineApp] Loading url_file 'ipengine.json'
2018-07-19 01:49:46.197 [IPEngineApp] Loading url_file 'ipengine.json'
2018-07-19 01:49:46.225 [IPEngineApp] Loading url_file 'ipengine.json'
2018-07-19 01:49:46.270 [IPEngineApp] Loading url_file 'ipengine.json'
2018-07-19 01:49:46.280 [IPEngineApp] Loading url_file 'ipengine.json'
2018-07-19 01:49:46.282 [IPEngineApp] Loading url_file 'ipengine.json'
2018-07-19 01:49:46.296 [IPEngineApp] Loading url_file 'ipengine.json'
2018-07-19 01:49:46.304 [IPEngineApp] Loading url_file 'ipengine.json'
2018-07-19 01:49:46.307 [IPEngineApp] Loading url_file 'ipengine.json'
2018-07-19 01:49:46.314 [IPEngineApp] Loading url_file 'ipengine.json'
2018-07-19 01:49:46.339 [IPEngineApp] Loading url_file 'ipengine.json'
2018-07-19 01:49:46.378 [IPEngineApp] Loading url_file 'ipengine.json'
2018-07-19 01:49:46.469 [IPEngineApp] Loading url_file 'ipengine.json'
2018-07-19 01:49:46.520 [IPEngineApp] Loading url_file 'ipengine.json'
2018-07-19 01:49:46.522 [IPEngineApp] Loading url_file 'ipengine.json'
2018-07-19 01:49:46.566 [IPEngineApp] Loading url_file 'ipengine.json'
2018-07-19 01:49:49.407 [IPEngineApp] Loading url_file 'ipengine.json'
2018-07-19 01:49:49.458 [IPEngineApp] Registering with controller at tcp://10.50.180.72:54006
2018-07-19 01:49:49.461 [IPEngineApp] Registering with controller at tcp://10.50.180.72:54006
2018-07-19 01:49:49.475 [IPEngineApp] Registering with controller at tcp://10.50.180.72:54006
2018-07-19 01:49:49.592 [IPEngineApp] Registering with controller at tcp://10.50.180.72:54006
2018-07-19 01:49:49.595 [IPEngineApp] Registering with controller at tcp://10.50.180.72:54006
2018-07-19 01:49:49.610 [IPEngineApp] Registering with controller at tcp://10.50.180.72:54006
2018-07-19 01:49:49.622 [IPEngineApp] Registering with controller at tcp://10.50.180.72:54006
2018-07-19 01:49:49.635 [IPEngineApp] Registering with controller at tcp://10.50.180.72:54006
2018-07-19 01:49:49.641 [IPEngineApp] Registering with controller at tcp://10.50.180.72:54006
2018-07-19 01:49:49.664 [IPEngineApp] Registering with controller at tcp://10.50.180.72:54006
2018-07-19 01:49:49.673 [IPEngineApp] Loading url_file 'ipengine.json'
2018-07-19 01:49:49.675 [IPEngineApp] Registering with controller at tcp://10.50.180.72:54006
2018-07-19 01:49:49.683 [IPEngineApp] Registering with controller at tcp://10.50.180.72:54006
2018-07-19 01:49:49.694 [IPEngineApp] Registering with controller at tcp://10.50.180.72:54006
2018-07-19 01:49:49.720 [IPEngineApp] Registering with controller at tcp://10.50.180.72:54006
2018-07-19 01:49:49.736 [IPEngineApp] Loading url_file 'ipengine.json'
2018-07-19 01:49:49.746 [IPEngineApp] Registering with controller at tcp://10.50.180.72:54006
2018-07-19 01:49:49.820 [IPEngineApp] Registering with controller at tcp://10.50.180.72:54006
2018-07-19 01:49:49.774 [IPEngineApp] Loading url_file 'ipengine.json'
2018-07-19 01:49:49.839 [IPEngineApp] Registering with controller at tcp://10.50.180.72:54006
2018-07-19 01:49:49.844 [IPEngineApp] Registering with controller at tcp://10.50.180.72:54006
2018-07-19 01:49:49.851 [IPEngineApp] Registering with controller at tcp://10.50.180.72:54006
2018-07-19 01:49:49.855 [IPEngineApp] Registering with controller at tcp://10.50.180.72:54006
2018-07-19 01:49:49.857 [IPEngineApp] Registering with controller at tcp://10.50.180.72:54006
2018-07-19 01:49:49.862 [IPEngineApp] Registering with controller at tcp://10.50.180.72:54006
2018-07-19 01:49:49.865 [IPEngineApp] Registering with controller at tcp://10.50.180.72:54006
2018-07-19 01:49:49.868 [IPEngineApp] Registering with controller at tcp://10.50.180.72:54006
2018-07-19 01:49:49.881 [IPEngineApp] Registering with controller at tcp://10.50.180.72:54006
2018-07-19 01:49:49.886 [IPEngineApp] Registering with controller at tcp://10.50.180.72:54006
2018-07-19 01:49:49.916 [IPEngineApp] Loading url_file 'ipengine.json'
2018-07-19 01:49:49.919 [IPEngineApp] Registering with controller at tcp://10.50.180.72:54006
2018-07-19 01:49:49.927 [IPEngineApp] Loading url_file 'ipengine.json'
2018-07-19 01:49:49.931 [IPEngineApp] Registering with controller at tcp://10.50.180.72:54006
2018-07-19 01:49:49.938 [IPEngineApp] Registering with controller at tcp://10.50.180.72:54006
2018-07-19 01:49:49.942 [IPEngineApp] Loading url_file 'ipengine.json'
2018-07-19 01:49:50.007 [IPEngineApp] Registering with controller at tcp://10.50.180.72:54006
2018-07-19 01:49:50.112 [IPEngineApp] Registering with controller at tcp://10.50.180.72:54006
2018-07-19 01:49:50.134 [IPEngineApp] Registering with controller at tcp://10.50.180.72:54006
2018-07-19 01:49:50.280 [IPEngineApp] Registering with controller at tcp://10.50.180.72:54006
2018-07-19 01:49:50.295 [IPEngineApp] Registering with controller at tcp://10.50.180.72:54006
2018-07-19 01:49:50.536 [IPEngineApp] Loading url_file 'ipengine.json'
2018-07-19 01:49:50.626 [IPEngineApp] Registering with controller at tcp://10.50.180.72:54006
2018-07-19 01:49:50.701 [IPEngineApp] Registering with controller at tcp://10.50.180.72:54006
2018-07-19 01:49:50.759 [IPEngineApp] Registering with controller at tcp://10.50.180.72:54006
2018-07-19 01:49:53.456 [IPEngineApp] Registering with controller at tcp://10.50.180.72:54006
2018-07-19 01:49:53.476 [IPEngineApp] Registering with controller at tcp://10.50.180.72:54006
2018-07-19 01:49:53.665 [IPEngineApp] Registering with controller at tcp://10.50.180.72:54006
2018-07-19 01:49:54.069 [IPEngineApp] Registering with controller at tcp://10.50.180.72:54006
2018-07-19 01:49:54.145 [IPEngineApp] Starting to monitor the heartbeat signal from the hub every 3010 ms.
2018-07-19 01:49:54.345 [IPEngineApp] Starting to monitor the heartbeat signal from the hub every 3010 ms.
2018-07-19 01:49:54.350 [IPEngineApp] Starting to monitor the heartbeat signal from the hub every 3010 ms.
2018-07-19 01:49:54.369 [IPEngineApp] Starting to monitor the heartbeat signal from the hub every 3010 ms.
2018-07-19 01:49:54.426 [IPEngineApp] Starting to monitor the heartbeat signal from the hub every 3010 ms.
2018-07-19 01:49:54.442 [IPEngineApp] Starting to monitor the heartbeat signal from the hub every 3010 ms.
2018-07-19 01:49:54.451 [IPEngineApp] Starting to monitor the heartbeat signal from the hub every 3010 ms.
2018-07-19 01:49:54.462 [IPEngineApp] Starting to monitor the heartbeat signal from the hub every 3010 ms.
2018-07-19 01:49:54.467 [IPEngineApp] Starting to monitor the heartbeat signal from the hub every 3010 ms.
2018-07-19 01:49:54.503 [IPEngineApp] Starting to monitor the heartbeat signal from the hub every 3010 ms.
2018-07-19 01:49:54.512 [IPEngineApp] Starting to monitor the heartbeat signal from the hub every 3010 ms.
2018-07-19 01:49:54.531 [IPEngineApp] Starting to monitor the heartbeat signal from the hub every 3010 ms.
2018-07-19 01:49:54.546 [IPEngineApp] Completed registration with id 609
2018-07-19 01:49:54.578 [IPEngineApp] Starting to monitor the heartbeat signal from the hub every 3010 ms.
2018-07-19 01:49:54.593 [IPEngineApp] Completed registration with id 607
2018-07-19 01:49:54.616 [IPEngineApp] Starting to monitor the heartbeat signal from the hub every 3010 ms.
2018-07-19 01:49:54.620 [IPEngineApp] Starting to monitor the heartbeat signal from the hub every 3010 ms.
2018-07-19 01:49:54.627 [IPEngineApp] Starting to monitor the heartbeat signal from the hub every 3010 ms.
2018-07-19 01:49:54.633 [IPEngineApp] Starting to monitor the heartbeat signal from the hub every 3010 ms.
2018-07-19 01:49:54.640 [IPEngineApp] Completed registration with id 611
2018-07-19 01:49:54.648 [IPEngineApp] Starting to monitor the heartbeat signal from the hub every 3010 ms.
2018-07-19 01:49:54.654 [IPEngineApp] Completed registration with id 615
2018-07-19 01:49:54.657 [IPEngineApp] Completed registration with id 610
2018-07-19 01:49:54.665 [IPEngineApp] Completed registration with id 612
2018-07-19 01:49:54.667 [IPEngineApp] Starting to monitor the heartbeat signal from the hub every 3010 ms.
2018-07-19 01:49:54.672 [IPEngineApp] Starting to monitor the heartbeat signal from the hub every 3010 ms.
2018-07-19 01:49:54.677 [IPEngineApp] Starting to monitor the heartbeat signal from the hub every 3010 ms.
2018-07-19 01:49:54.700 [IPEngineApp] Completed registration with id 616
2018-07-19 01:49:54.703 [IPEngineApp] Starting to monitor the heartbeat signal from the hub every 3010 ms.
2018-07-19 01:49:54.707 [IPEngineApp] Starting to monitor the heartbeat signal from the hub every 3010 ms.
2018-07-19 01:49:54.718 [IPEngineApp] Completed registration with id 619
2018-07-19 01:49:54.721 [IPEngineApp] Completed registration with id 618
2018-07-19 01:49:54.735 [IPEngineApp] Starting to monitor the heartbeat signal from the hub every 3010 ms.
2018-07-19 01:49:54.741 [IPEngineApp] Starting to monitor the heartbeat signal from the hub every 3010 ms.
2018-07-19 01:49:54.750 [IPEngineApp] Starting to monitor the heartbeat signal from the hub every 3010 ms.
2018-07-19 01:49:54.756 [IPEngineApp] Completed registration with id 620
2018-07-19 01:49:54.764 [IPEngineApp] Completed registration with id 621
2018-07-19 01:49:54.778 [IPEngineApp] Completed registration with id 613
2018-07-19 01:49:54.609 [IPEngineApp] Starting to monitor the heartbeat signal from the hub every 3010 ms.
2018-07-19 01:49:54.796 [IPEngineApp] Starting to monitor the heartbeat signal from the hub every 3010 ms.
2018-07-19 01:49:54.815 [IPEngineApp] Completed registration with id 614
2018-07-19 01:49:54.837 [IPEngineApp] Completed registration with id 617
2018-07-19 01:49:54.856 [IPEngineApp] Starting to monitor the heartbeat signal from the hub every 3010 ms.
2018-07-19 01:49:54.862 [IPEngineApp] Completed registration with id 630
2018-07-19 01:49:54.866 [IPEngineApp] Completed registration with id 624
2018-07-19 01:49:54.870 [IPEngineApp] Completed registration with id 626
2018-07-19 01:49:54.873 [IPEngineApp] Completed registration with id 628
2018-07-19 01:49:54.883 [IPEngineApp] Completed registration with id 623
2018-07-19 01:49:54.888 [IPEngineApp] Completed registration with id 629
2018-07-19 01:49:54.893 [IPEngineApp] Completed registration with id 627
2018-07-19 01:49:54.905 [IPEngineApp] Completed registration with id 631
2018-07-19 01:49:54.920 [IPEngineApp] Completed registration with id 632
2018-07-19 01:49:54.926 [IPEngineApp] Starting to monitor the heartbeat signal from the hub every 3010 ms.
2018-07-19 01:49:54.949 [IPEngineApp] Completed registration with id 633
2018-07-19 01:49:54.965 [IPEngineApp] Completed registration with id 634
2018-07-19 01:49:54.973 [IPEngineApp] Completed registration with id 625
2018-07-19 01:49:54.984 [IPEngineApp] Completed registration with id 635
2018-07-19 01:49:55.005 [IPEngineApp] Completed registration with id 622
2018-07-19 01:49:55.022 [IPEngineApp] Starting to monitor the heartbeat signal from the hub every 3010 ms.
2018-07-19 01:49:55.071 [IPEngineApp] Completed registration with id 636
2018-07-19 01:49:55.085 [IPEngineApp] Starting to monitor the heartbeat signal from the hub every 3010 ms.
2018-07-19 01:49:55.187 [IPEngineApp] Starting to monitor the heartbeat signal from the hub every 3010 ms.
2018-07-19 01:49:55.202 [IPEngineApp] Completed registration with id 638
2018-07-19 01:49:55.248 [IPEngineApp] Completed registration with id 639
2018-07-19 01:49:55.269 [IPEngineApp] Starting to monitor the heartbeat signal from the hub every 3010 ms.
2018-07-19 01:49:55.277 [IPEngineApp] Starting to monitor the heartbeat signal from the hub every 3010 ms.
2018-07-19 01:49:55.366 [IPEngineApp] Completed registration with id 640
2018-07-19 01:49:55.474 [IPEngineApp] Starting to monitor the heartbeat signal from the hub every 3010 ms.
2018-07-19 01:49:55.497 [IPEngineApp] Starting to monitor the heartbeat signal from the hub every 3010 ms.
2018-07-19 01:49:55.499 [IPEngineApp] Completed registration with id 643
2018-07-19 01:49:55.527 [IPEngineApp] Completed registration with id 641
2018-07-19 01:49:55.571 [IPEngineApp] Completed registration with id 642
2018-07-19 01:49:55.625 [IPEngineApp] Starting to monitor the heartbeat signal from the hub every 3010 ms.
2018-07-19 01:49:55.715 [IPEngineApp] Completed registration with id 644
2018-07-19 01:49:55.751 [IPEngineApp] Completed registration with id 645
2018-07-19 01:49:55.855 [IPEngineApp] Completed registration with id 646
2018-07-19 01:49:55.886 [IPEngineApp] Starting to monitor the heartbeat signal from the hub every 3010 ms.
2018-07-19 01:49:56.107 [IPEngineApp] Completed registration with id 647
2018-07-19 01:49:56.263 [IPEngineApp] Loading url_file 'ipengine.json'
Bad address (src/tcp.cpp:286)
Bad address (src/tcp.cpp:286)
Bad address (src/tcp.cpp:286)
2018-07-19 01:49:59.519 [IPEngineApp] Registering with controller at tcp://10.50.180.72:54006
2018-07-19 01:50:01.581 [IPEngineApp] Starting to monitor the heartbeat signal from the hub every 3010 ms.
2018-07-19 01:50:01.879 [IPEngineApp] Completed registration with id 648
2018-07-19 01:50:07.605 [IPEngineApp] WARNING | No heartbeat in the last 3010 ms (1 time(s) in a row).
2018-07-19 01:50:10.615 [IPEngineApp] WARNING | No heartbeat in the last 3010 ms (2 time(s) in a row).
2018-07-19 01:50:13.625 [IPEngineApp] WARNING | No heartbeat in the last 3010 ms (3 time(s) in a row).
2018-07-19 01:50:16.635 [IPEngineApp] WARNING | No heartbeat in the last 3010 ms (4 time(s) in a row).
2018-07-19 01:50:19.644 [IPEngineApp] WARNING | No heartbeat in the last 3010 ms (5 time(s) in a row).
2018-07-19 01:50:22.654 [IPEngineApp] WARNING | No heartbeat in the last 3010 ms (6 time(s) in a row).
2018-07-19 01:50:25.665 [IPEngineApp] WARNING | No heartbeat in the last 3010 ms (7 time(s) in a row).
2018-07-19 01:50:28.674 [IPEngineApp] WARNING | No heartbeat in the last 3010 ms (8 time(s) in a row).
2018-07-19 01:50:31.684 [IPEngineApp] WARNING | No heartbeat in the last 3010 ms (9 time(s) in a row).
2018-07-19 01:50:34.695 [IPEngineApp] WARNING | No heartbeat in the last 3010 ms (10 time(s) in a row).
2018-07-19 01:50:37.704 [IPEngineApp] WARNING | No heartbeat in the last 3010 ms (11 time(s) in a row).
2018-07-19 01:50:40.715 [IPEngineApp] WARNING | No heartbeat in the last 3010 ms (12 time(s) in a row).
2018-07-19 01:50:43.724 [IPEngineApp] WARNING | No heartbeat in the last 3010 ms (13 time(s) in a row).
2018-07-19 01:50:46.735 [IPEngineApp] WARNING | No heartbeat in the last 3010 ms (14 time(s) in a row).
2018-07-19 01:50:49.745 [IPEngineApp] WARNING | No heartbeat in the last 3010 ms (15 time(s) in a row).
2018-07-19 01:50:52.754 [IPEngineApp] WARNING | No heartbeat in the last 3010 ms (16 time(s) in a row).
2018-07-19 01:50:55.765 [IPEngineApp] WARNING | No heartbeat in the last 3010 ms (17 time(s) in a row).
2018-07-19 01:50:58.775 [IPEngineApp] WARNING | No heartbeat in the last 3010 ms (18 time(s) in a row).
2018-07-19 01:51:01.785 [IPEngineApp] WARNING | No heartbeat in the last 3010 ms (19 time(s) in a row).
2018-07-19 01:51:04.794 [IPEngineApp] WARNING | No heartbeat in the last 3010 ms (20 time(s) in a row).
2018-07-19 01:51:07.805 [IPEngineApp] WARNING | No heartbeat in the last 3010 ms (21 time(s) in a row).
2018-07-19 01:51:10.814 [IPEngineApp] WARNING | No heartbeat in the last 3010 ms (22 time(s) in a row).
2018-07-19 01:51:13.825 [IPEngineApp] WARNING | No heartbeat in the last 3010 ms (23 time(s) in a row).
2018-07-19 01:51:16.835 [IPEngineApp] WARNING | No heartbeat in the last 3010 ms (24 time(s) in a row).
2018-07-19 01:51:19.844 [IPEngineApp] WARNING | No heartbeat in the last 3010 ms (25 time(s) in a row).
2018-07-19 01:51:22.855 [IPEngineApp] WARNING | No heartbeat in the last 3010 ms (26 time(s) in a row).
2018-07-19 01:51:25.865 [IPEngineApp] WARNING | No heartbeat in the last 3010 ms (27 time(s) in a row).
2018-07-19 01:51:28.875 [IPEngineApp] WARNING | No heartbeat in the last 3010 ms (28 time(s) in a row).
2018-07-19 01:51:31.885 [IPEngineApp] WARNING | No heartbeat in the last 3010 ms (29 time(s) in a row).
2018-07-19 01:51:34.895 [IPEngineApp] WARNING | No heartbeat in the last 3010 ms (30 time(s) in a row).
2018-07-19 01:51:37.905 [IPEngineApp] WARNING | No heartbeat in the last 3010 ms (31 time(s) in a row).
2018-07-19 01:51:40.915 [IPEngineApp] WARNING | No heartbeat in the last 3010 ms (32 time(s) in a row).
2018-07-19 01:51:43.924 [IPEngineApp] WARNING | No heartbeat in the last 3010 ms (33 time(s) in a row).
2018-07-19 01:51:46.935 [IPEngineApp] WARNING | No heartbeat in the last 3010 ms (34 time(s) in a row).
2018-07-19 01:51:49.945 [IPEngineApp] WARNING | No heartbeat in the last 3010 ms (35 time(s) in a row).
2018-07-19 01:51:52.955 [IPEngineApp] WARNING | No heartbeat in the last 3010 ms (36 time(s) in a row).
2018-07-19 01:51:55.965 [IPEngineApp] WARNING | No heartbeat in the last 3010 ms (37 time(s) in a row).
2018-07-19 01:51:58.974 [IPEngineApp] WARNING | No heartbeat in the last 3010 ms (38 time(s) in a row).
2018-07-19 01:52:01.985 [IPEngineApp] WARNING | No heartbeat in the last 3010 ms (39 time(s) in a row).
2018-07-19 01:52:04.994 [IPEngineApp] WARNING | No heartbeat in the last 3010 ms (40 time(s) in a row).
2018-07-19 01:52:08.005 [IPEngineApp] WARNING | No heartbeat in the last 3010 ms (41 time(s) in a row).
2018-07-19 01:52:11.015 [IPEngineApp] WARNING | No heartbeat in the last 3010 ms (42 time(s) in a row).
2018-07-19 01:52:14.025 [IPEngineApp] WARNING | No heartbeat in the last 3010 ms (43 time(s) in a row).
2018-07-19 01:52:17.034 [IPEngineApp] WARNING | No heartbeat in the last 3010 ms (44 time(s) in a row).
2018-07-19 01:52:20.045 [IPEngineApp] WARNING | No heartbeat in the last 3010 ms (45 time(s) in a row).
2018-07-19 01:52:23.055 [IPEngineApp] WARNING | No heartbeat in the last 3010 ms (46 time(s) in a row).
2018-07-19 01:52:26.065 [IPEngineApp] WARNING | No heartbeat in the last 3010 ms (47 time(s) in a row).
2018-07-19 01:52:29.075 [IPEngineApp] WARNING | No heartbeat in the last 3010 ms (48 time(s) in a row).
2018-07-19 01:52:32.085 [IPEngineApp] WARNING | No heartbeat in the last 3010 ms (49 time(s) in a row).
2018-07-19 01:52:35.095 [IPEngineApp] WARNING | No heartbeat in the last 3010 ms (50 time(s) in a row).
2018-07-19 01:52:35.095 [IPEngineApp] CRITICAL | Maximum number of heartbeats misses reached (50 times 3010 ms), shutting down.
