2018-07-30 10:38:08 parsl.dataflow.dflow:78 [INFO]  Parsl version: 0.6.1
2018-07-30 10:38:08 parsl.dataflow.dflow:79 [INFO]  Libsubmit version: 0.5.0
2018-07-30 10:38:08 parsl.dataflow.usage_tracking.usage:126 [DEBUG]  Tracking status: True
2018-07-30 10:38:08 parsl.dataflow.usage_tracking.usage:127 [DEBUG]  Testing mode   : False
2018-07-30 10:38:09 parsl.dataflow.dflow:95 [INFO]  Run id is: scale_test.py-38
2018-07-30 10:38:09 parsl.dataflow.memoization:52 [INFO]  App caching initialized
2018-07-30 10:38:09 parsl.executors.ipp_controller:83 [DEBUG]  Starting ipcontroller with 'ipcontroller --ipython-dir=/scratch/midway2/madduru/parsl/parsl/tests/integration/test_stress/runinfo/004 --ip=* --profile=midway_ipp   '
2018-07-30 10:38:12 parsl.executors.ipp:105 [DEBUG]  Waiting for /scratch/midway2/madduru/parsl/parsl/tests/integration/test_stress/runinfo/004/profile_midway_ipp/security/ipcontroller-client.json
2018-07-30 10:38:12 parsl.executors.ipp:122 [DEBUG]  Starting IPyParallelExecutor with provider:
SlurmProvider(
    'broadwl',
    channel=LocalChannel(
        envs={}, 
        script_dir='/scratch/midway2/madduru/parsl/parsl/tests/integration/test_stress/.scripts', 
        userhome='/scratch/midway2/madduru/parsl/parsl/tests/integration/test_stress'
    ), 
    cmd_timeout=10, 
    init_blocks=1, 
    label='slurm', 
    launcher=<libsubmit.launchers.launchers.SingleNodeLauncher object at 0x7f329668fe48>, 
    max_blocks=1, 
    min_blocks=1, 
    nodes_per_block=1, 
    overrides='module load Anaconda3/5.1.0; export PARSL_TESTING=True', 
    parallelism=0.5, 
    script_dir='parsl_scripts', 
    tasks_per_node=8, 
    walltime=361
)
2018-07-30 10:38:13 parsl.executors.ipp:127 [DEBUG]  Launched block: 0:47948284
2018-07-30 10:38:13 parsl.executors.ipp:142 [DEBUG]  Starting executor
2018-07-30 10:38:13 parsl.dataflow.strategy:122 [DEBUG]  Scaling strategy: simple
2018-07-30 10:38:15 parsl.dataflow.strategy:189 [DEBUG]  Tasks:0 Slots:8 Parallelism:0.5
2018-07-30 10:38:20 parsl.dataflow.strategy:189 [DEBUG]  Tasks:0 Slots:8 Parallelism:0.5
2018-07-30 10:38:24 parsl.dataflow.strategy:189 [DEBUG]  Tasks:0 Slots:8 Parallelism:0.5
2018-07-30 10:38:28 parsl.dataflow.dflow:565 [INFO]  Task 0 submitted for App sleeper, waiting on tasks []
2018-07-30 10:38:28 parsl.dataflow.dflow:363 [INFO]  Task 0 launched on executor midway_ipp
2018-07-30 10:38:28 parsl.dataflow.dflow:586 [DEBUG]  Task 0 launched with AppFuture: <AppFuture at 0x7f328cd6be10 state=pending>
2018-07-30 10:38:28 parsl.dataflow.dflow:565 [INFO]  Task 1 submitted for App sleeper, waiting on tasks []
2018-07-30 10:38:28 parsl.dataflow.dflow:363 [INFO]  Task 1 launched on executor midway_ipp
2018-07-30 10:38:28 parsl.dataflow.dflow:586 [DEBUG]  Task 1 launched with AppFuture: <AppFuture at 0x7f328cd9beb8 state=pending>
2018-07-30 10:38:28 parsl.dataflow.dflow:565 [INFO]  Task 2 submitted for App sleeper, waiting on tasks []
2018-07-30 10:38:28 parsl.dataflow.dflow:363 [INFO]  Task 2 launched on executor midway_ipp
2018-07-30 10:38:28 parsl.dataflow.dflow:586 [DEBUG]  Task 2 launched with AppFuture: <AppFuture at 0x7f328cd2d6d8 state=pending>
2018-07-30 10:38:28 parsl.dataflow.dflow:565 [INFO]  Task 3 submitted for App sleeper, waiting on tasks []
2018-07-30 10:38:28 parsl.dataflow.dflow:363 [INFO]  Task 3 launched on executor midway_ipp
2018-07-30 10:38:28 parsl.dataflow.dflow:586 [DEBUG]  Task 3 launched with AppFuture: <AppFuture at 0x7f328cd2de48 state=pending>
2018-07-30 10:38:28 parsl.dataflow.dflow:565 [INFO]  Task 4 submitted for App sleeper, waiting on tasks []
2018-07-30 10:38:28 parsl.dataflow.dflow:363 [INFO]  Task 4 launched on executor midway_ipp
2018-07-30 10:38:28 parsl.dataflow.dflow:586 [DEBUG]  Task 4 launched with AppFuture: <AppFuture at 0x7f328cd37668 state=pending>
2018-07-30 10:38:28 parsl.dataflow.dflow:565 [INFO]  Task 5 submitted for App sleeper, waiting on tasks []
2018-07-30 10:38:28 parsl.dataflow.dflow:363 [INFO]  Task 5 launched on executor midway_ipp
2018-07-30 10:38:28 parsl.dataflow.dflow:586 [DEBUG]  Task 5 launched with AppFuture: <AppFuture at 0x7f328cd37e80 state=pending>
2018-07-30 10:38:28 parsl.dataflow.dflow:565 [INFO]  Task 6 submitted for App sleeper, waiting on tasks []
2018-07-30 10:38:28 parsl.dataflow.dflow:363 [INFO]  Task 6 launched on executor midway_ipp
2018-07-30 10:38:28 parsl.dataflow.dflow:586 [DEBUG]  Task 6 launched with AppFuture: <AppFuture at 0x7f328cd426d8 state=pending>
2018-07-30 10:38:28 parsl.dataflow.dflow:565 [INFO]  Task 7 submitted for App sleeper, waiting on tasks []
2018-07-30 10:38:28 parsl.dataflow.dflow:363 [INFO]  Task 7 launched on executor midway_ipp
2018-07-30 10:38:28 parsl.dataflow.dflow:586 [DEBUG]  Task 7 launched with AppFuture: <AppFuture at 0x7f328cd42ef0 state=pending>
2018-07-30 10:38:28 parsl.dataflow.dflow:565 [INFO]  Task 8 submitted for App sleeper, waiting on tasks []
2018-07-30 10:38:28 parsl.dataflow.dflow:363 [INFO]  Task 8 launched on executor midway_ipp
2018-07-30 10:38:28 parsl.dataflow.dflow:586 [DEBUG]  Task 8 launched with AppFuture: <AppFuture at 0x7f328cd3b748 state=pending>
2018-07-30 10:38:28 parsl.dataflow.dflow:565 [INFO]  Task 9 submitted for App sleeper, waiting on tasks []
2018-07-30 10:38:28 parsl.dataflow.dflow:363 [INFO]  Task 9 launched on executor midway_ipp
2018-07-30 10:38:28 parsl.dataflow.dflow:586 [DEBUG]  Task 9 launched with AppFuture: <AppFuture at 0x7f328cd3bf60 state=pending>
2018-07-30 10:38:28 parsl.dataflow.dflow:565 [INFO]  Task 10 submitted for App sleeper, waiting on tasks []
2018-07-30 10:38:28 parsl.dataflow.dflow:363 [INFO]  Task 10 launched on executor midway_ipp
2018-07-30 10:38:28 parsl.dataflow.dflow:586 [DEBUG]  Task 10 launched with AppFuture: <AppFuture at 0x7f328cd577b8 state=pending>
2018-07-30 10:38:28 parsl.dataflow.dflow:565 [INFO]  Task 11 submitted for App sleeper, waiting on tasks []
2018-07-30 10:38:28 parsl.dataflow.dflow:363 [INFO]  Task 11 launched on executor midway_ipp
2018-07-30 10:38:28 parsl.dataflow.dflow:586 [DEBUG]  Task 11 launched with AppFuture: <AppFuture at 0x7f328cd57fd0 state=pending>
2018-07-30 10:38:28 parsl.dataflow.dflow:565 [INFO]  Task 12 submitted for App sleeper, waiting on tasks []
2018-07-30 10:38:28 parsl.dataflow.dflow:363 [INFO]  Task 12 launched on executor midway_ipp
2018-07-30 10:38:28 parsl.dataflow.dflow:586 [DEBUG]  Task 12 launched with AppFuture: <AppFuture at 0x7f328cd62828 state=pending>
2018-07-30 10:38:28 parsl.dataflow.dflow:565 [INFO]  Task 13 submitted for App sleeper, waiting on tasks []
2018-07-30 10:38:28 parsl.dataflow.dflow:363 [INFO]  Task 13 launched on executor midway_ipp
2018-07-30 10:38:28 parsl.dataflow.dflow:586 [DEBUG]  Task 13 launched with AppFuture: <AppFuture at 0x7f328cd62a90 state=pending>
2018-07-30 10:38:28 parsl.dataflow.dflow:565 [INFO]  Task 14 submitted for App sleeper, waiting on tasks []
2018-07-30 10:38:28 parsl.dataflow.dflow:363 [INFO]  Task 14 launched on executor midway_ipp
2018-07-30 10:38:28 parsl.dataflow.dflow:586 [DEBUG]  Task 14 launched with AppFuture: <AppFuture at 0x7f328ccef9e8 state=pending>
2018-07-30 10:38:28 parsl.dataflow.dflow:565 [INFO]  Task 15 submitted for App sleeper, waiting on tasks []
2018-07-30 10:38:28 parsl.dataflow.dflow:363 [INFO]  Task 15 launched on executor midway_ipp
2018-07-30 10:38:28 parsl.dataflow.dflow:586 [DEBUG]  Task 15 launched with AppFuture: <AppFuture at 0x7f328ccef048 state=pending>
2018-07-30 10:38:28 parsl.dataflow.dflow:565 [INFO]  Task 16 submitted for App sleeper, waiting on tasks []
2018-07-30 10:38:28 parsl.dataflow.dflow:363 [INFO]  Task 16 launched on executor midway_ipp
2018-07-30 10:38:28 parsl.dataflow.dflow:586 [DEBUG]  Task 16 launched with AppFuture: <AppFuture at 0x7f328ccf99b0 state=pending>
2018-07-30 10:38:28 parsl.dataflow.dflow:565 [INFO]  Task 17 submitted for App sleeper, waiting on tasks []
2018-07-30 10:38:28 parsl.dataflow.dflow:363 [INFO]  Task 17 launched on executor midway_ipp
2018-07-30 10:38:28 parsl.dataflow.dflow:586 [DEBUG]  Task 17 launched with AppFuture: <AppFuture at 0x7f328ccf95c0 state=pending>
2018-07-30 10:38:28 parsl.dataflow.dflow:565 [INFO]  Task 18 submitted for App sleeper, waiting on tasks []
2018-07-30 10:38:28 parsl.dataflow.dflow:363 [INFO]  Task 18 launched on executor midway_ipp
2018-07-30 10:38:28 parsl.dataflow.dflow:586 [DEBUG]  Task 18 launched with AppFuture: <AppFuture at 0x7f328cd05978 state=pending>
2018-07-30 10:38:28 parsl.dataflow.dflow:565 [INFO]  Task 19 submitted for App sleeper, waiting on tasks []
2018-07-30 10:38:28 parsl.dataflow.dflow:363 [INFO]  Task 19 launched on executor midway_ipp
2018-07-30 10:38:28 parsl.dataflow.dflow:586 [DEBUG]  Task 19 launched with AppFuture: <AppFuture at 0x7f328cd101d0 state=pending>
2018-07-30 10:38:28 parsl.dataflow.dflow:565 [INFO]  Task 20 submitted for App sleeper, waiting on tasks []
2018-07-30 10:38:28 parsl.dataflow.dflow:363 [INFO]  Task 20 launched on executor midway_ipp
2018-07-30 10:38:28 parsl.dataflow.dflow:586 [DEBUG]  Task 20 launched with AppFuture: <AppFuture at 0x7f328cd109e8 state=pending>
2018-07-30 10:38:28 parsl.dataflow.dflow:565 [INFO]  Task 21 submitted for App sleeper, waiting on tasks []
2018-07-30 10:38:28 parsl.dataflow.dflow:363 [INFO]  Task 21 launched on executor midway_ipp
2018-07-30 10:38:28 parsl.dataflow.dflow:586 [DEBUG]  Task 21 launched with AppFuture: <AppFuture at 0x7f328cd1c240 state=pending>
2018-07-30 10:38:28 parsl.dataflow.dflow:565 [INFO]  Task 22 submitted for App sleeper, waiting on tasks []
2018-07-30 10:38:28 parsl.dataflow.dflow:363 [INFO]  Task 22 launched on executor midway_ipp
2018-07-30 10:38:28 parsl.dataflow.dflow:586 [DEBUG]  Task 22 launched with AppFuture: <AppFuture at 0x7f328cd1ca58 state=pending>
2018-07-30 10:38:28 parsl.dataflow.dflow:565 [INFO]  Task 23 submitted for App sleeper, waiting on tasks []
2018-07-30 10:38:28 parsl.dataflow.dflow:363 [INFO]  Task 23 launched on executor midway_ipp
2018-07-30 10:38:28 parsl.dataflow.dflow:586 [DEBUG]  Task 23 launched with AppFuture: <AppFuture at 0x7f328cd272b0 state=pending>
2018-07-30 10:38:28 parsl.dataflow.dflow:565 [INFO]  Task 24 submitted for App sleeper, waiting on tasks []
2018-07-30 10:38:28 parsl.dataflow.dflow:363 [INFO]  Task 24 launched on executor midway_ipp
2018-07-30 10:38:28 parsl.dataflow.dflow:586 [DEBUG]  Task 24 launched with AppFuture: <AppFuture at 0x7f328cd27ac8 state=pending>
2018-07-30 10:38:28 parsl.dataflow.dflow:565 [INFO]  Task 25 submitted for App sleeper, waiting on tasks []
2018-07-30 10:38:28 parsl.dataflow.dflow:363 [INFO]  Task 25 launched on executor midway_ipp
2018-07-30 10:38:28 parsl.dataflow.dflow:586 [DEBUG]  Task 25 launched with AppFuture: <AppFuture at 0x7f328ccb3320 state=pending>
2018-07-30 10:38:28 parsl.dataflow.dflow:565 [INFO]  Task 26 submitted for App sleeper, waiting on tasks []
2018-07-30 10:38:28 parsl.dataflow.dflow:363 [INFO]  Task 26 launched on executor midway_ipp
2018-07-30 10:38:28 parsl.dataflow.dflow:586 [DEBUG]  Task 26 launched with AppFuture: <AppFuture at 0x7f328ccb3b38 state=pending>
2018-07-30 10:38:28 parsl.dataflow.dflow:565 [INFO]  Task 27 submitted for App sleeper, waiting on tasks []
2018-07-30 10:38:28 parsl.dataflow.dflow:363 [INFO]  Task 27 launched on executor midway_ipp
2018-07-30 10:38:28 parsl.dataflow.dflow:586 [DEBUG]  Task 27 launched with AppFuture: <AppFuture at 0x7f328ccc0390 state=pending>
2018-07-30 10:38:28 parsl.dataflow.dflow:565 [INFO]  Task 28 submitted for App sleeper, waiting on tasks []
2018-07-30 10:38:28 parsl.dataflow.dflow:363 [INFO]  Task 28 launched on executor midway_ipp
2018-07-30 10:38:28 parsl.dataflow.dflow:586 [DEBUG]  Task 28 launched with AppFuture: <AppFuture at 0x7f328ccc0ba8 state=pending>
2018-07-30 10:38:28 parsl.dataflow.dflow:565 [INFO]  Task 29 submitted for App sleeper, waiting on tasks []
2018-07-30 10:38:28 parsl.dataflow.dflow:363 [INFO]  Task 29 launched on executor midway_ipp
2018-07-30 10:38:28 parsl.dataflow.dflow:586 [DEBUG]  Task 29 launched with AppFuture: <AppFuture at 0x7f328ccca400 state=pending>
2018-07-30 10:38:28 parsl.dataflow.dflow:565 [INFO]  Task 30 submitted for App sleeper, waiting on tasks []
2018-07-30 10:38:28 parsl.dataflow.dflow:363 [INFO]  Task 30 launched on executor midway_ipp
2018-07-30 10:38:28 parsl.dataflow.dflow:586 [DEBUG]  Task 30 launched with AppFuture: <AppFuture at 0x7f328cccac18 state=pending>
2018-07-30 10:38:28 parsl.dataflow.dflow:565 [INFO]  Task 31 submitted for App sleeper, waiting on tasks []
2018-07-30 10:38:28 parsl.dataflow.dflow:363 [INFO]  Task 31 launched on executor midway_ipp
2018-07-30 10:38:28 parsl.dataflow.dflow:586 [DEBUG]  Task 31 launched with AppFuture: <AppFuture at 0x7f328ccd5470 state=pending>
2018-07-30 10:38:28 parsl.dataflow.dflow:565 [INFO]  Task 32 submitted for App sleeper, waiting on tasks []
2018-07-30 10:38:28 parsl.dataflow.dflow:363 [INFO]  Task 32 launched on executor midway_ipp
2018-07-30 10:38:28 parsl.dataflow.dflow:586 [DEBUG]  Task 32 launched with AppFuture: <AppFuture at 0x7f328ccd5c88 state=pending>
2018-07-30 10:38:28 parsl.dataflow.dflow:565 [INFO]  Task 33 submitted for App sleeper, waiting on tasks []
2018-07-30 10:38:28 parsl.dataflow.dflow:363 [INFO]  Task 33 launched on executor midway_ipp
2018-07-30 10:38:28 parsl.dataflow.dflow:586 [DEBUG]  Task 33 launched with AppFuture: <AppFuture at 0x7f328ccdf4e0 state=pending>
2018-07-30 10:38:28 parsl.dataflow.dflow:565 [INFO]  Task 34 submitted for App sleeper, waiting on tasks []
2018-07-30 10:38:28 parsl.dataflow.dflow:363 [INFO]  Task 34 launched on executor midway_ipp
2018-07-30 10:38:28 parsl.dataflow.dflow:586 [DEBUG]  Task 34 launched with AppFuture: <AppFuture at 0x7f328ccdfcf8 state=pending>
2018-07-30 10:38:28 parsl.dataflow.dflow:565 [INFO]  Task 35 submitted for App sleeper, waiting on tasks []
2018-07-30 10:38:28 parsl.dataflow.dflow:363 [INFO]  Task 35 launched on executor midway_ipp
2018-07-30 10:38:28 parsl.dataflow.dflow:586 [DEBUG]  Task 35 launched with AppFuture: <AppFuture at 0x7f328cce9550 state=pending>
2018-07-30 10:38:28 parsl.dataflow.dflow:565 [INFO]  Task 36 submitted for App sleeper, waiting on tasks []
2018-07-30 10:38:28 parsl.dataflow.dflow:363 [INFO]  Task 36 launched on executor midway_ipp
2018-07-30 10:38:28 parsl.dataflow.dflow:586 [DEBUG]  Task 36 launched with AppFuture: <AppFuture at 0x7f328cce9d68 state=pending>
2018-07-30 10:38:28 parsl.dataflow.dflow:565 [INFO]  Task 37 submitted for App sleeper, waiting on tasks []
2018-07-30 10:38:28 parsl.dataflow.dflow:363 [INFO]  Task 37 launched on executor midway_ipp
2018-07-30 10:38:28 parsl.dataflow.dflow:586 [DEBUG]  Task 37 launched with AppFuture: <AppFuture at 0x7f328cc775c0 state=pending>
2018-07-30 10:38:28 parsl.dataflow.dflow:565 [INFO]  Task 38 submitted for App sleeper, waiting on tasks []
2018-07-30 10:38:28 parsl.dataflow.dflow:363 [INFO]  Task 38 launched on executor midway_ipp
2018-07-30 10:38:28 parsl.dataflow.dflow:586 [DEBUG]  Task 38 launched with AppFuture: <AppFuture at 0x7f328cc77dd8 state=pending>
2018-07-30 10:38:28 parsl.dataflow.dflow:565 [INFO]  Task 39 submitted for App sleeper, waiting on tasks []
2018-07-30 10:38:28 parsl.dataflow.dflow:363 [INFO]  Task 39 launched on executor midway_ipp
2018-07-30 10:38:28 parsl.dataflow.dflow:586 [DEBUG]  Task 39 launched with AppFuture: <AppFuture at 0x7f328cc82630 state=pending>
2018-07-30 10:38:28 parsl.dataflow.dflow:565 [INFO]  Task 40 submitted for App sleeper, waiting on tasks []
2018-07-30 10:38:28 parsl.dataflow.dflow:363 [INFO]  Task 40 launched on executor midway_ipp
2018-07-30 10:38:28 parsl.dataflow.dflow:586 [DEBUG]  Task 40 launched with AppFuture: <AppFuture at 0x7f328cc82e48 state=pending>
2018-07-30 10:38:28 parsl.dataflow.dflow:565 [INFO]  Task 41 submitted for App sleeper, waiting on tasks []
2018-07-30 10:38:28 parsl.dataflow.dflow:363 [INFO]  Task 41 launched on executor midway_ipp
2018-07-30 10:38:28 parsl.dataflow.dflow:586 [DEBUG]  Task 41 launched with AppFuture: <AppFuture at 0x7f328cc916a0 state=pending>
2018-07-30 10:38:28 parsl.dataflow.dflow:565 [INFO]  Task 42 submitted for App sleeper, waiting on tasks []
2018-07-30 10:38:28 parsl.dataflow.dflow:363 [INFO]  Task 42 launched on executor midway_ipp
2018-07-30 10:38:28 parsl.dataflow.dflow:586 [DEBUG]  Task 42 launched with AppFuture: <AppFuture at 0x7f328cc91eb8 state=pending>
2018-07-30 10:38:28 parsl.dataflow.dflow:565 [INFO]  Task 43 submitted for App sleeper, waiting on tasks []
2018-07-30 10:38:28 parsl.dataflow.dflow:363 [INFO]  Task 43 launched on executor midway_ipp
2018-07-30 10:38:28 parsl.dataflow.dflow:586 [DEBUG]  Task 43 launched with AppFuture: <AppFuture at 0x7f328cc9a710 state=pending>
2018-07-30 10:38:28 parsl.dataflow.dflow:565 [INFO]  Task 44 submitted for App sleeper, waiting on tasks []
2018-07-30 10:38:28 parsl.dataflow.dflow:363 [INFO]  Task 44 launched on executor midway_ipp
2018-07-30 10:38:28 parsl.dataflow.dflow:586 [DEBUG]  Task 44 launched with AppFuture: <AppFuture at 0x7f328cc9a9b0 state=pending>
2018-07-30 10:38:28 parsl.dataflow.dflow:565 [INFO]  Task 45 submitted for App sleeper, waiting on tasks []
2018-07-30 10:38:28 parsl.dataflow.dflow:363 [INFO]  Task 45 launched on executor midway_ipp
2018-07-30 10:38:28 parsl.dataflow.dflow:586 [DEBUG]  Task 45 launched with AppFuture: <AppFuture at 0x7f328cca47b8 state=pending>
2018-07-30 10:38:28 parsl.dataflow.dflow:565 [INFO]  Task 46 submitted for App sleeper, waiting on tasks []
2018-07-30 10:38:28 parsl.dataflow.dflow:363 [INFO]  Task 46 launched on executor midway_ipp
2018-07-30 10:38:28 parsl.dataflow.dflow:586 [DEBUG]  Task 46 launched with AppFuture: <AppFuture at 0x7f328cca4f98 state=pending>
2018-07-30 10:38:28 parsl.dataflow.dflow:565 [INFO]  Task 47 submitted for App sleeper, waiting on tasks []
2018-07-30 10:38:28 parsl.dataflow.dflow:363 [INFO]  Task 47 launched on executor midway_ipp
2018-07-30 10:38:28 parsl.dataflow.dflow:586 [DEBUG]  Task 47 launched with AppFuture: <AppFuture at 0x7f328cc317f0 state=pending>
2018-07-30 10:38:28 parsl.dataflow.dflow:565 [INFO]  Task 48 submitted for App sleeper, waiting on tasks []
2018-07-30 10:38:28 parsl.dataflow.dflow:363 [INFO]  Task 48 launched on executor midway_ipp
2018-07-30 10:38:28 parsl.dataflow.dflow:586 [DEBUG]  Task 48 launched with AppFuture: <AppFuture at 0x7f328cc3d048 state=pending>
2018-07-30 10:38:28 parsl.dataflow.dflow:565 [INFO]  Task 49 submitted for App sleeper, waiting on tasks []
2018-07-30 10:38:28 parsl.dataflow.dflow:363 [INFO]  Task 49 launched on executor midway_ipp
2018-07-30 10:38:28 parsl.dataflow.dflow:586 [DEBUG]  Task 49 launched with AppFuture: <AppFuture at 0x7f328cc3d860 state=pending>
2018-07-30 10:38:28 parsl.dataflow.dflow:565 [INFO]  Task 50 submitted for App sleeper, waiting on tasks []
2018-07-30 10:38:28 parsl.dataflow.dflow:363 [INFO]  Task 50 launched on executor midway_ipp
2018-07-30 10:38:28 parsl.dataflow.dflow:586 [DEBUG]  Task 50 launched with AppFuture: <AppFuture at 0x7f328cc470b8 state=pending>
2018-07-30 10:38:28 parsl.dataflow.dflow:565 [INFO]  Task 51 submitted for App sleeper, waiting on tasks []
2018-07-30 10:38:28 parsl.dataflow.dflow:363 [INFO]  Task 51 launched on executor midway_ipp
2018-07-30 10:38:28 parsl.dataflow.dflow:586 [DEBUG]  Task 51 launched with AppFuture: <AppFuture at 0x7f328cc478d0 state=pending>
2018-07-30 10:38:28 parsl.dataflow.dflow:565 [INFO]  Task 52 submitted for App sleeper, waiting on tasks []
2018-07-30 10:38:28 parsl.dataflow.dflow:363 [INFO]  Task 52 launched on executor midway_ipp
2018-07-30 10:38:28 parsl.dataflow.dflow:586 [DEBUG]  Task 52 launched with AppFuture: <AppFuture at 0x7f328cc55128 state=pending>
2018-07-30 10:38:28 parsl.dataflow.dflow:565 [INFO]  Task 53 submitted for App sleeper, waiting on tasks []
2018-07-30 10:38:28 parsl.dataflow.dflow:363 [INFO]  Task 53 launched on executor midway_ipp
2018-07-30 10:38:28 parsl.dataflow.dflow:586 [DEBUG]  Task 53 launched with AppFuture: <AppFuture at 0x7f328cc559b0 state=pending>
2018-07-30 10:38:28 parsl.dataflow.dflow:565 [INFO]  Task 54 submitted for App sleeper, waiting on tasks []
2018-07-30 10:38:28 parsl.dataflow.dflow:363 [INFO]  Task 54 launched on executor midway_ipp
2018-07-30 10:38:28 parsl.dataflow.dflow:586 [DEBUG]  Task 54 launched with AppFuture: <AppFuture at 0x7f328cc5f198 state=pending>
2018-07-30 10:38:28 parsl.dataflow.dflow:565 [INFO]  Task 55 submitted for App sleeper, waiting on tasks []
2018-07-30 10:38:28 parsl.dataflow.dflow:363 [INFO]  Task 55 launched on executor midway_ipp
2018-07-30 10:38:28 parsl.dataflow.dflow:586 [DEBUG]  Task 55 launched with AppFuture: <AppFuture at 0x7f328cc5f9b0 state=pending>
2018-07-30 10:38:28 parsl.dataflow.dflow:565 [INFO]  Task 56 submitted for App sleeper, waiting on tasks []
2018-07-30 10:38:28 parsl.dataflow.dflow:363 [INFO]  Task 56 launched on executor midway_ipp
2018-07-30 10:38:28 parsl.dataflow.dflow:586 [DEBUG]  Task 56 launched with AppFuture: <AppFuture at 0x7f328cbeb208 state=pending>
2018-07-30 10:38:28 parsl.dataflow.dflow:565 [INFO]  Task 57 submitted for App sleeper, waiting on tasks []
2018-07-30 10:38:28 parsl.dataflow.dflow:363 [INFO]  Task 57 launched on executor midway_ipp
2018-07-30 10:38:28 parsl.dataflow.dflow:586 [DEBUG]  Task 57 launched with AppFuture: <AppFuture at 0x7f328cbeba90 state=pending>
2018-07-30 10:38:28 parsl.dataflow.dflow:565 [INFO]  Task 58 submitted for App sleeper, waiting on tasks []
2018-07-30 10:38:28 parsl.dataflow.dflow:363 [INFO]  Task 58 launched on executor midway_ipp
2018-07-30 10:38:28 parsl.dataflow.dflow:586 [DEBUG]  Task 58 launched with AppFuture: <AppFuture at 0x7f328cbebf98 state=pending>
2018-07-30 10:38:28 parsl.dataflow.dflow:565 [INFO]  Task 59 submitted for App sleeper, waiting on tasks []
2018-07-30 10:38:28 parsl.dataflow.dflow:363 [INFO]  Task 59 launched on executor midway_ipp
2018-07-30 10:38:28 parsl.dataflow.dflow:586 [DEBUG]  Task 59 launched with AppFuture: <AppFuture at 0x7f323b292ac8 state=pending>
2018-07-30 10:38:28 parsl.dataflow.dflow:565 [INFO]  Task 60 submitted for App sleeper, waiting on tasks []
2018-07-30 10:38:28 parsl.dataflow.dflow:363 [INFO]  Task 60 launched on executor midway_ipp
2018-07-30 10:38:28 parsl.dataflow.dflow:586 [DEBUG]  Task 60 launched with AppFuture: <AppFuture at 0x7f328cbfa2e8 state=pending>
2018-07-30 10:38:28 parsl.dataflow.dflow:565 [INFO]  Task 61 submitted for App sleeper, waiting on tasks []
2018-07-30 10:38:28 parsl.dataflow.dflow:363 [INFO]  Task 61 launched on executor midway_ipp
2018-07-30 10:38:28 parsl.dataflow.dflow:586 [DEBUG]  Task 61 launched with AppFuture: <AppFuture at 0x7f328cbfab00 state=pending>
2018-07-30 10:38:28 parsl.dataflow.dflow:565 [INFO]  Task 62 submitted for App sleeper, waiting on tasks []
2018-07-30 10:38:28 parsl.dataflow.dflow:363 [INFO]  Task 62 launched on executor midway_ipp
2018-07-30 10:38:28 parsl.dataflow.dflow:586 [DEBUG]  Task 62 launched with AppFuture: <AppFuture at 0x7f328cc02358 state=pending>
2018-07-30 10:38:28 parsl.dataflow.dflow:565 [INFO]  Task 63 submitted for App sleeper, waiting on tasks []
2018-07-30 10:38:28 parsl.dataflow.dflow:363 [INFO]  Task 63 launched on executor midway_ipp
2018-07-30 10:38:28 parsl.dataflow.dflow:586 [DEBUG]  Task 63 launched with AppFuture: <AppFuture at 0x7f328cc02b70 state=pending>
2018-07-30 10:38:28 parsl.dataflow.dflow:565 [INFO]  Task 64 submitted for App sleeper, waiting on tasks []
2018-07-30 10:38:28 parsl.dataflow.dflow:363 [INFO]  Task 64 launched on executor midway_ipp
2018-07-30 10:38:28 parsl.dataflow.dflow:586 [DEBUG]  Task 64 launched with AppFuture: <AppFuture at 0x7f328cc0b3c8 state=pending>
2018-07-30 10:38:28 parsl.dataflow.dflow:565 [INFO]  Task 65 submitted for App sleeper, waiting on tasks []
2018-07-30 10:38:28 parsl.dataflow.dflow:363 [INFO]  Task 65 launched on executor midway_ipp
2018-07-30 10:38:28 parsl.dataflow.dflow:586 [DEBUG]  Task 65 launched with AppFuture: <AppFuture at 0x7f328cc0bbe0 state=pending>
2018-07-30 10:38:28 parsl.dataflow.dflow:565 [INFO]  Task 66 submitted for App sleeper, waiting on tasks []
2018-07-30 10:38:28 parsl.dataflow.dflow:363 [INFO]  Task 66 launched on executor midway_ipp
2018-07-30 10:38:28 parsl.dataflow.dflow:586 [DEBUG]  Task 66 launched with AppFuture: <AppFuture at 0x7f328cc16438 state=pending>
2018-07-30 10:38:28 parsl.dataflow.dflow:565 [INFO]  Task 67 submitted for App sleeper, waiting on tasks []
2018-07-30 10:38:28 parsl.dataflow.dflow:363 [INFO]  Task 67 launched on executor midway_ipp
2018-07-30 10:38:28 parsl.dataflow.dflow:586 [DEBUG]  Task 67 launched with AppFuture: <AppFuture at 0x7f328cc16c50 state=pending>
2018-07-30 10:38:28 parsl.dataflow.dflow:565 [INFO]  Task 68 submitted for App sleeper, waiting on tasks []
2018-07-30 10:38:28 parsl.dataflow.dflow:363 [INFO]  Task 68 launched on executor midway_ipp
2018-07-30 10:38:28 parsl.dataflow.dflow:586 [DEBUG]  Task 68 launched with AppFuture: <AppFuture at 0x7f328cc204a8 state=pending>
2018-07-30 10:38:28 parsl.dataflow.dflow:565 [INFO]  Task 69 submitted for App sleeper, waiting on tasks []
2018-07-30 10:38:28 parsl.dataflow.dflow:363 [INFO]  Task 69 launched on executor midway_ipp
2018-07-30 10:38:28 parsl.dataflow.dflow:586 [DEBUG]  Task 69 launched with AppFuture: <AppFuture at 0x7f328cc20cc0 state=pending>
2018-07-30 10:38:28 parsl.dataflow.dflow:565 [INFO]  Task 70 submitted for App sleeper, waiting on tasks []
2018-07-30 10:38:28 parsl.dataflow.dflow:363 [INFO]  Task 70 launched on executor midway_ipp
2018-07-30 10:38:28 parsl.dataflow.dflow:586 [DEBUG]  Task 70 launched with AppFuture: <AppFuture at 0x7f328cbab518 state=pending>
2018-07-30 10:38:28 parsl.dataflow.dflow:565 [INFO]  Task 71 submitted for App sleeper, waiting on tasks []
2018-07-30 10:38:28 parsl.dataflow.dflow:363 [INFO]  Task 71 launched on executor midway_ipp
2018-07-30 10:38:28 parsl.dataflow.dflow:586 [DEBUG]  Task 71 launched with AppFuture: <AppFuture at 0x7f328cbabd30 state=pending>
2018-07-30 10:38:28 parsl.dataflow.dflow:565 [INFO]  Task 72 submitted for App sleeper, waiting on tasks []
2018-07-30 10:38:28 parsl.dataflow.dflow:363 [INFO]  Task 72 launched on executor midway_ipp
2018-07-30 10:38:28 parsl.dataflow.dflow:586 [DEBUG]  Task 72 launched with AppFuture: <AppFuture at 0x7f328cbb5588 state=pending>
2018-07-30 10:38:28 parsl.dataflow.dflow:565 [INFO]  Task 73 submitted for App sleeper, waiting on tasks []
2018-07-30 10:38:28 parsl.dataflow.dflow:363 [INFO]  Task 73 launched on executor midway_ipp
2018-07-30 10:38:28 parsl.dataflow.dflow:586 [DEBUG]  Task 73 launched with AppFuture: <AppFuture at 0x7f328cbb5da0 state=pending>
2018-07-30 10:38:28 parsl.dataflow.dflow:565 [INFO]  Task 74 submitted for App sleeper, waiting on tasks []
2018-07-30 10:38:28 parsl.dataflow.dflow:363 [INFO]  Task 74 launched on executor midway_ipp
2018-07-30 10:38:28 parsl.dataflow.dflow:586 [DEBUG]  Task 74 launched with AppFuture: <AppFuture at 0x7f328cbc25f8 state=pending>
2018-07-30 10:38:28 parsl.dataflow.dflow:565 [INFO]  Task 75 submitted for App sleeper, waiting on tasks []
2018-07-30 10:38:28 parsl.dataflow.dflow:363 [INFO]  Task 75 launched on executor midway_ipp
2018-07-30 10:38:28 parsl.dataflow.dflow:586 [DEBUG]  Task 75 launched with AppFuture: <AppFuture at 0x7f328cbc2e10 state=pending>
2018-07-30 10:38:28 parsl.dataflow.dflow:565 [INFO]  Task 76 submitted for App sleeper, waiting on tasks []
2018-07-30 10:38:28 parsl.dataflow.dflow:363 [INFO]  Task 76 launched on executor midway_ipp
2018-07-30 10:38:28 parsl.dataflow.dflow:586 [DEBUG]  Task 76 launched with AppFuture: <AppFuture at 0x7f328cbca668 state=pending>
2018-07-30 10:38:28 parsl.dataflow.dflow:565 [INFO]  Task 77 submitted for App sleeper, waiting on tasks []
2018-07-30 10:38:28 parsl.dataflow.dflow:363 [INFO]  Task 77 launched on executor midway_ipp
2018-07-30 10:38:28 parsl.dataflow.dflow:586 [DEBUG]  Task 77 launched with AppFuture: <AppFuture at 0x7f328cbcae80 state=pending>
2018-07-30 10:38:28 parsl.dataflow.dflow:565 [INFO]  Task 78 submitted for App sleeper, waiting on tasks []
2018-07-30 10:38:28 parsl.dataflow.dflow:363 [INFO]  Task 78 launched on executor midway_ipp
2018-07-30 10:38:28 parsl.dataflow.dflow:586 [DEBUG]  Task 78 launched with AppFuture: <AppFuture at 0x7f328cbd56d8 state=pending>
2018-07-30 10:38:28 parsl.dataflow.dflow:565 [INFO]  Task 79 submitted for App sleeper, waiting on tasks []
2018-07-30 10:38:28 parsl.dataflow.dflow:363 [INFO]  Task 79 launched on executor midway_ipp
2018-07-30 10:38:28 parsl.dataflow.dflow:586 [DEBUG]  Task 79 launched with AppFuture: <AppFuture at 0x7f328cbd5ef0 state=pending>
2018-07-30 10:38:28 parsl.dataflow.dflow:565 [INFO]  Task 80 submitted for App sleeper, waiting on tasks []
2018-07-30 10:38:28 parsl.dataflow.dflow:363 [INFO]  Task 80 launched on executor midway_ipp
2018-07-30 10:38:28 parsl.dataflow.dflow:586 [DEBUG]  Task 80 launched with AppFuture: <AppFuture at 0x7f328cbe1828 state=pending>
2018-07-30 10:38:28 parsl.dataflow.dflow:565 [INFO]  Task 81 submitted for App sleeper, waiting on tasks []
2018-07-30 10:38:28 parsl.dataflow.dflow:363 [INFO]  Task 81 launched on executor midway_ipp
2018-07-30 10:38:28 parsl.dataflow.dflow:586 [DEBUG]  Task 81 launched with AppFuture: <AppFuture at 0x7f328cbe19e8 state=pending>
2018-07-30 10:38:28 parsl.dataflow.dflow:565 [INFO]  Task 82 submitted for App sleeper, waiting on tasks []
2018-07-30 10:38:28 parsl.dataflow.dflow:363 [INFO]  Task 82 launched on executor midway_ipp
2018-07-30 10:38:28 parsl.dataflow.dflow:586 [DEBUG]  Task 82 launched with AppFuture: <AppFuture at 0x7f328cb6c7f0 state=pending>
2018-07-30 10:38:28 parsl.dataflow.dflow:565 [INFO]  Task 83 submitted for App sleeper, waiting on tasks []
2018-07-30 10:38:28 parsl.dataflow.dflow:363 [INFO]  Task 83 launched on executor midway_ipp
2018-07-30 10:38:28 parsl.dataflow.dflow:586 [DEBUG]  Task 83 launched with AppFuture: <AppFuture at 0x7f328cb6cfd0 state=pending>
2018-07-30 10:38:28 parsl.dataflow.dflow:565 [INFO]  Task 84 submitted for App sleeper, waiting on tasks []
2018-07-30 10:38:28 parsl.dataflow.dflow:363 [INFO]  Task 84 launched on executor midway_ipp
2018-07-30 10:38:28 parsl.dataflow.dflow:586 [DEBUG]  Task 84 launched with AppFuture: <AppFuture at 0x7f328cb78828 state=pending>
2018-07-30 10:38:28 parsl.dataflow.dflow:565 [INFO]  Task 85 submitted for App sleeper, waiting on tasks []
2018-07-30 10:38:28 parsl.dataflow.dflow:363 [INFO]  Task 85 launched on executor midway_ipp
2018-07-30 10:38:28 parsl.dataflow.dflow:586 [DEBUG]  Task 85 launched with AppFuture: <AppFuture at 0x7f328cb82080 state=pending>
2018-07-30 10:38:28 parsl.dataflow.dflow:565 [INFO]  Task 86 submitted for App sleeper, waiting on tasks []
2018-07-30 10:38:28 parsl.dataflow.dflow:363 [INFO]  Task 86 launched on executor midway_ipp
2018-07-30 10:38:28 parsl.dataflow.dflow:586 [DEBUG]  Task 86 launched with AppFuture: <AppFuture at 0x7f328cb82898 state=pending>
2018-07-30 10:38:28 parsl.dataflow.dflow:565 [INFO]  Task 87 submitted for App sleeper, waiting on tasks []
2018-07-30 10:38:28 parsl.dataflow.dflow:363 [INFO]  Task 87 launched on executor midway_ipp
2018-07-30 10:38:28 parsl.dataflow.dflow:586 [DEBUG]  Task 87 launched with AppFuture: <AppFuture at 0x7f328cb8e0f0 state=pending>
2018-07-30 10:38:28 parsl.dataflow.dflow:565 [INFO]  Task 88 submitted for App sleeper, waiting on tasks []
2018-07-30 10:38:28 parsl.dataflow.dflow:363 [INFO]  Task 88 launched on executor midway_ipp
2018-07-30 10:38:28 parsl.dataflow.dflow:586 [DEBUG]  Task 88 launched with AppFuture: <AppFuture at 0x7f328cb8e908 state=pending>
2018-07-30 10:38:28 parsl.dataflow.dflow:565 [INFO]  Task 89 submitted for App sleeper, waiting on tasks []
2018-07-30 10:38:28 parsl.dataflow.dflow:363 [INFO]  Task 89 launched on executor midway_ipp
2018-07-30 10:38:28 parsl.dataflow.dflow:586 [DEBUG]  Task 89 launched with AppFuture: <AppFuture at 0x7f328cb99160 state=pending>
2018-07-30 10:38:28 parsl.dataflow.dflow:565 [INFO]  Task 90 submitted for App sleeper, waiting on tasks []
2018-07-30 10:38:28 parsl.dataflow.dflow:363 [INFO]  Task 90 launched on executor midway_ipp
2018-07-30 10:38:28 parsl.dataflow.dflow:586 [DEBUG]  Task 90 launched with AppFuture: <AppFuture at 0x7f328cb99978 state=pending>
2018-07-30 10:38:28 parsl.dataflow.dflow:565 [INFO]  Task 91 submitted for App sleeper, waiting on tasks []
2018-07-30 10:38:28 parsl.dataflow.dflow:363 [INFO]  Task 91 launched on executor midway_ipp
2018-07-30 10:38:28 parsl.dataflow.dflow:586 [DEBUG]  Task 91 launched with AppFuture: <AppFuture at 0x7f328cba41d0 state=pending>
2018-07-30 10:38:28 parsl.dataflow.dflow:565 [INFO]  Task 92 submitted for App sleeper, waiting on tasks []
2018-07-30 10:38:28 parsl.dataflow.dflow:363 [INFO]  Task 92 launched on executor midway_ipp
2018-07-30 10:38:28 parsl.dataflow.dflow:586 [DEBUG]  Task 92 launched with AppFuture: <AppFuture at 0x7f328cba49e8 state=pending>
2018-07-30 10:38:28 parsl.dataflow.dflow:565 [INFO]  Task 93 submitted for App sleeper, waiting on tasks []
2018-07-30 10:38:28 parsl.dataflow.dflow:363 [INFO]  Task 93 launched on executor midway_ipp
2018-07-30 10:38:28 parsl.dataflow.dflow:586 [DEBUG]  Task 93 launched with AppFuture: <AppFuture at 0x7f328cb2f240 state=pending>
2018-07-30 10:38:28 parsl.dataflow.dflow:565 [INFO]  Task 94 submitted for App sleeper, waiting on tasks []
2018-07-30 10:38:28 parsl.dataflow.dflow:363 [INFO]  Task 94 launched on executor midway_ipp
2018-07-30 10:38:28 parsl.dataflow.dflow:586 [DEBUG]  Task 94 launched with AppFuture: <AppFuture at 0x7f328cb2fa58 state=pending>
2018-07-30 10:38:28 parsl.dataflow.dflow:565 [INFO]  Task 95 submitted for App sleeper, waiting on tasks []
2018-07-30 10:38:28 parsl.dataflow.dflow:363 [INFO]  Task 95 launched on executor midway_ipp
2018-07-30 10:38:28 parsl.dataflow.dflow:586 [DEBUG]  Task 95 launched with AppFuture: <AppFuture at 0x7f328cb3e2b0 state=pending>
2018-07-30 10:38:28 parsl.dataflow.dflow:565 [INFO]  Task 96 submitted for App sleeper, waiting on tasks []
2018-07-30 10:38:28 parsl.dataflow.dflow:363 [INFO]  Task 96 launched on executor midway_ipp
2018-07-30 10:38:28 parsl.dataflow.dflow:586 [DEBUG]  Task 96 launched with AppFuture: <AppFuture at 0x7f328cb3eba8 state=pending>
2018-07-30 10:38:28 parsl.dataflow.dflow:565 [INFO]  Task 97 submitted for App sleeper, waiting on tasks []
2018-07-30 10:38:28 parsl.dataflow.dflow:363 [INFO]  Task 97 launched on executor midway_ipp
2018-07-30 10:38:28 parsl.dataflow.dflow:586 [DEBUG]  Task 97 launched with AppFuture: <AppFuture at 0x7f328cb3ec50 state=pending>
2018-07-30 10:38:28 parsl.dataflow.dflow:565 [INFO]  Task 98 submitted for App sleeper, waiting on tasks []
2018-07-30 10:38:28 parsl.dataflow.dflow:363 [INFO]  Task 98 launched on executor midway_ipp
2018-07-30 10:38:28 parsl.dataflow.dflow:586 [DEBUG]  Task 98 launched with AppFuture: <AppFuture at 0x7f328cb48b38 state=pending>
2018-07-30 10:38:28 parsl.dataflow.dflow:565 [INFO]  Task 99 submitted for App sleeper, waiting on tasks []
2018-07-30 10:38:28 parsl.dataflow.dflow:363 [INFO]  Task 99 launched on executor midway_ipp
2018-07-30 10:38:28 parsl.dataflow.dflow:586 [DEBUG]  Task 99 launched with AppFuture: <AppFuture at 0x7f328cb53390 state=pending>
2018-07-30 10:38:29 parsl.dataflow.strategy:189 [DEBUG]  Tasks:100 Slots:8 Parallelism:0.5
2018-07-30 10:38:34 parsl.dataflow.strategy:189 [DEBUG]  Tasks:100 Slots:8 Parallelism:0.5
2018-07-30 10:38:39 parsl.dataflow.strategy:189 [DEBUG]  Tasks:100 Slots:8 Parallelism:0.5
2018-07-30 10:38:42 parsl.dataflow.dflow:234 [INFO]  Task 0 completed
2018-07-30 10:38:42 parsl.dataflow.dflow:234 [INFO]  Task 7 completed
2018-07-30 10:38:42 parsl.dataflow.dflow:234 [INFO]  Task 4 completed
2018-07-30 10:38:42 parsl.dataflow.dflow:234 [INFO]  Task 5 completed
2018-07-30 10:38:42 parsl.dataflow.dflow:234 [INFO]  Task 2 completed
2018-07-30 10:38:42 parsl.dataflow.dflow:234 [INFO]  Task 1 completed
2018-07-30 10:38:42 parsl.dataflow.dflow:234 [INFO]  Task 3 completed
2018-07-30 10:38:42 parsl.dataflow.dflow:234 [INFO]  Task 6 completed
2018-07-30 10:38:44 parsl.dataflow.strategy:189 [DEBUG]  Tasks:92 Slots:8 Parallelism:0.5
2018-07-30 10:38:45 parsl.dataflow.dflow:676 [INFO]  DFK cleanup initiated
2018-07-30 10:38:45 parsl.dataflow.dflow:623 [INFO]  Summary of tasks in DFK:
2018-07-30 10:38:45 parsl.dataflow.dflow:654 [INFO]  Tasks in state States.running: 8, 9, 10, 11, 12, 13, 14, 15, 16, 17, 18, 19, 20, 21, 22, 23, 24, 25, 26, 27, 28, 29, 30, 31, 32, 33, 34, 35, 36, 37, 38, 39, 40, 41, 42, 43, 44, 45, 46, 47, 48, 49, 50, 51, 52, 53, 54, 55, 56, 57, 58, 59, 60, 61, 62, 63, 64, 65, 66, 67, 68, 69, 70, 71, 72, 73, 74, 75, 76, 77, 78, 79, 80, 81, 82, 83, 84, 85, 86, 87, 88, 89, 90, 91, 92, 93, 94, 95, 96, 97, 98, 99
2018-07-30 10:38:45 parsl.dataflow.dflow:654 [INFO]  Tasks in state States.done: 0, 1, 2, 3, 4, 5, 6, 7
2018-07-30 10:38:45 parsl.dataflow.dflow:661 [INFO]  End of summary
2018-07-30 10:38:45 parsl.dataflow.dflow:700 [INFO]  Terminating flow_control and strategy threads
2018-07-30 10:38:45 parsl.executors.ipp:290 [DEBUG]  IPP:Shutdown sequence: Attempting controller kill
2018-07-30 10:38:45 parsl.executors.ipp_controller:142 [DEBUG]  Controller exited with 0
2018-07-30 10:38:45 parsl.executors.ipp:300 [DEBUG]  Done with executor shutdown
2018-07-30 10:38:45 parsl.data_provider.data_manager:66 [DEBUG]  Done with executor shutdown
2018-07-30 10:38:45 parsl.dataflow.dflow:713 [INFO]  DFK cleanup complete
