2018-07-17 13:46:48.072 [IPControllerApp] Created profile dir: '/scratch/midway2/madduru/parsl/parsl/tests/integration/test_stress/runinfo/1140/profile_midway_ipp'
2018-07-17 13:46:48.093 [IPControllerApp] Hub listening on tcp://*:54699 for registration.
2018-07-17 13:46:48.095 [IPControllerApp] Hub using DB backend: 'DictDB'
2018-07-17 13:46:48.364 [IPControllerApp] hub::created hub
2018-07-17 13:46:48.364 [IPControllerApp] writing connection info to /scratch/midway2/madduru/parsl/parsl/tests/integration/test_stress/runinfo/1140/profile_midway_ipp/security/ipcontroller-client.json
2018-07-17 13:46:48.365 [IPControllerApp] writing connection info to /scratch/midway2/madduru/parsl/parsl/tests/integration/test_stress/runinfo/1140/profile_midway_ipp/security/ipcontroller-engine.json
2018-07-17 13:46:48.366 [IPControllerApp] task::using Python leastload Task scheduler
2018-07-17 13:46:48.367 [IPControllerApp] Heartmonitor started
2018-07-17 13:46:48.380 [IPControllerApp] Creating pid file: /scratch/midway2/madduru/parsl/parsl/tests/integration/test_stress/runinfo/1140/profile_midway_ipp/pid/ipcontroller.pid
2018-07-17 13:46:48.393 [scheduler] Scheduler started [leastload]
2018-07-17 13:46:48.396 [IPControllerApp] client::client b'\x00k\x8bEg' requested 'connection_request'
2018-07-17 13:46:48.396 [IPControllerApp] client::client [b'\x00k\x8bEg'] connected
2018-07-17 13:46:49.106 [IPControllerApp] client::client b'\x00k\x8bEh' requested 'connection_request'
2018-07-17 13:46:49.106 [IPControllerApp] client::client [b'\x00k\x8bEh'] connected
2018-07-17 13:46:52.870 [IPControllerApp] client::client b'f94952d9-6bd82edfb91e8be02c4e65d8' requested 'registration_request'
2018-07-17 13:46:57.371 [IPControllerApp] registration::finished registering engine 0:f94952d9-6bd82edfb91e8be02c4e65d8
2018-07-17 13:46:57.372 [IPControllerApp] engine::Engine Connected: 0
2018-07-17 13:46:57.377 [IPControllerApp] task::task 'f1f33706-cd58b9aa9ee43595c14f89f1' arrived on 0
2018-07-17 13:47:04.118 [IPControllerApp] task::task 'a8ba1abb-1b7966b7f50d85f1fbf6a28c' arrived on 0
2018-07-17 13:47:04.120 [IPControllerApp] task::task 'f1f33706-cd58b9aa9ee43595c14f89f1' finished on 0
2018-07-17 13:47:09.131 [IPControllerApp] task::task '3f3df90e-ca5ecb54ffc7ece6f98dfba0' arrived on 0
2018-07-17 13:47:09.133 [IPControllerApp] task::task 'a8ba1abb-1b7966b7f50d85f1fbf6a28c' finished on 0
2018-07-17 13:47:14.144 [IPControllerApp] task::task '87b37467-732888d243ff2fd272e1d075' arrived on 0
2018-07-17 13:47:14.146 [IPControllerApp] task::task '3f3df90e-ca5ecb54ffc7ece6f98dfba0' finished on 0
2018-07-17 13:47:19.158 [IPControllerApp] task::task 'bbf74510-cff117d115a2c3dcc9739c9e' arrived on 0
2018-07-17 13:47:19.159 [IPControllerApp] task::task '87b37467-732888d243ff2fd272e1d075' finished on 0
2018-07-17 13:47:24.168 [IPControllerApp] task::task '17653566-d49313e9d8f7e4776a24d27b' arrived on 0
2018-07-17 13:47:24.169 [IPControllerApp] task::task 'bbf74510-cff117d115a2c3dcc9739c9e' finished on 0
2018-07-17 13:47:26.131 [IPControllerApp] CRITICAL | Received signal 15, shutting down
2018-07-17 13:47:26.131 [IPControllerApp] CRITICAL | terminating children...
