2018-07-13 17:20:15.712 [IPControllerApp] Created profile dir: '/scratch/midway2/madduru/parsl/parsl/tests/integration/test_stress/runinfo/1088/profile_midway_ipp'
2018-07-13 17:20:15.729 [IPControllerApp] Hub listening on tcp://*:64464 for registration.
2018-07-13 17:20:15.731 [IPControllerApp] Hub using DB backend: 'DictDB'
2018-07-13 17:20:15.992 [IPControllerApp] hub::created hub
2018-07-13 17:20:15.993 [IPControllerApp] writing connection info to /scratch/midway2/madduru/parsl/parsl/tests/integration/test_stress/runinfo/1088/profile_midway_ipp/security/ipcontroller-client.json
2018-07-13 17:20:15.993 [IPControllerApp] writing connection info to /scratch/midway2/madduru/parsl/parsl/tests/integration/test_stress/runinfo/1088/profile_midway_ipp/security/ipcontroller-engine.json
2018-07-13 17:20:15.995 [IPControllerApp] task::using Python leastload Task scheduler
2018-07-13 17:20:15.995 [IPControllerApp] Heartmonitor started
2018-07-13 17:20:16.004 [IPControllerApp] Creating pid file: /scratch/midway2/madduru/parsl/parsl/tests/integration/test_stress/runinfo/1088/profile_midway_ipp/pid/ipcontroller.pid
2018-07-13 17:20:16.012 [scheduler] Scheduler started [leastload]
2018-07-13 17:20:16.014 [IPControllerApp] client::client b'\x00k\x8bEg' requested 'connection_request'
2018-07-13 17:20:16.015 [IPControllerApp] client::client [b'\x00k\x8bEg'] connected
2018-07-13 17:20:16.600 [IPControllerApp] client::client b'\x00k\x8bEh' requested 'connection_request'
2018-07-13 17:20:16.601 [IPControllerApp] client::client [b'\x00k\x8bEh'] connected
2018-07-13 17:20:19.358 [IPControllerApp] client::client b'a2b129ec-8374117a53070998d3b2b615' requested 'registration_request'
2018-07-13 17:20:19.425 [IPControllerApp] client::client b'510d2a49-605c62282e76943d106ee92c' requested 'registration_request'
2018-07-13 17:20:24.999 [IPControllerApp] registration::finished registering engine 0:a2b129ec-8374117a53070998d3b2b615
2018-07-13 17:20:24.999 [IPControllerApp] engine::Engine Connected: 0
2018-07-13 17:20:25.000 [IPControllerApp] registration::finished registering engine 1:510d2a49-605c62282e76943d106ee92c
2018-07-13 17:20:25.001 [IPControllerApp] engine::Engine Connected: 1
2018-07-13 17:20:25.004 [IPControllerApp] task::task '597f3b52-a0b2670f221bfa0f0b1f0ec1' arrived on 0
2018-07-13 17:20:25.004 [IPControllerApp] task::task '95efe7f4-ed0d802da2004f9544d70453' arrived on 1
2018-07-13 17:20:36.108 [IPControllerApp] task::task '4bb90e5e-8b5c5b5db84e03c1e99bb2fd' arrived on 0
2018-07-13 17:20:36.109 [IPControllerApp] task::task '597f3b52-a0b2670f221bfa0f0b1f0ec1' finished on 0
2018-07-13 17:20:36.135 [IPControllerApp] task::task '1ad3462d-a278e7764c92abf3e0b1483d' arrived on 1
2018-07-13 17:20:36.135 [IPControllerApp] task::task '95efe7f4-ed0d802da2004f9544d70453' finished on 1
2018-07-13 17:20:46.124 [IPControllerApp] task::task 'b0ce05df-c7391eb46240727e0e1459db' arrived on 0
2018-07-13 17:20:46.125 [IPControllerApp] task::task '4bb90e5e-8b5c5b5db84e03c1e99bb2fd' finished on 0
2018-07-13 17:20:46.151 [IPControllerApp] task::task '1bf49055-dd38a39bdb87ea2abcbeec7a' arrived on 1
2018-07-13 17:20:46.151 [IPControllerApp] task::task '1ad3462d-a278e7764c92abf3e0b1483d' finished on 1
2018-07-13 17:20:56.139 [IPControllerApp] task::task '0e01cfe7-b2b0c87ba5f4583898b454f5' arrived on 0
2018-07-13 17:20:56.140 [IPControllerApp] task::task 'b0ce05df-c7391eb46240727e0e1459db' finished on 0
2018-07-13 17:20:56.166 [IPControllerApp] task::task 'ba4e41a8-c494e71864afd3f3c3e421d0' arrived on 1
2018-07-13 17:20:56.167 [IPControllerApp] task::task '1bf49055-dd38a39bdb87ea2abcbeec7a' finished on 1
2018-07-13 17:21:06.154 [IPControllerApp] task::task 'c52dead2-fb671eeeaa1ac9477e07811b' arrived on 0
2018-07-13 17:21:06.155 [IPControllerApp] task::task '0e01cfe7-b2b0c87ba5f4583898b454f5' finished on 0
2018-07-13 17:21:06.183 [IPControllerApp] task::task '6c2c36fe-3961d11b0667a95247081261' arrived on 1
2018-07-13 17:21:06.187 [IPControllerApp] task::task 'ba4e41a8-c494e71864afd3f3c3e421d0' finished on 1
2018-07-13 17:21:16.171 [IPControllerApp] task::task '1f73dacc-143d9ab936d8664890bb49d7' arrived on 0
2018-07-13 17:21:16.172 [IPControllerApp] task::task 'c52dead2-fb671eeeaa1ac9477e07811b' finished on 0
2018-07-13 17:21:16.198 [IPControllerApp] task::task 'a7d794ca-836afa4fc15ff2fcdcbe1213' arrived on 1
2018-07-13 17:21:16.199 [IPControllerApp] task::task '6c2c36fe-3961d11b0667a95247081261' finished on 1
2018-07-13 17:21:26.188 [IPControllerApp] task::task '2b493cb4-a44e7f31bc33385924344f36' arrived on 0
2018-07-13 17:21:26.189 [IPControllerApp] task::task '1f73dacc-143d9ab936d8664890bb49d7' finished on 0
2018-07-13 17:21:26.212 [IPControllerApp] task::task 'fac9312c-428376480e28f3b556aee852' arrived on 1
2018-07-13 17:21:26.213 [IPControllerApp] task::task 'a7d794ca-836afa4fc15ff2fcdcbe1213' finished on 1
2018-07-13 17:21:36.206 [IPControllerApp] task::task '3817572c-0a9c79f0fa578297b5a2ce9c' arrived on 0
2018-07-13 17:21:36.207 [IPControllerApp] task::task '2b493cb4-a44e7f31bc33385924344f36' finished on 0
2018-07-13 17:21:36.226 [IPControllerApp] task::task '4073e09d-6be9817b7e57d9456f9c18ba' arrived on 1
2018-07-13 17:21:36.227 [IPControllerApp] task::task 'fac9312c-428376480e28f3b556aee852' finished on 1
2018-07-13 17:21:46.222 [IPControllerApp] task::task 'b5dca161-87a837462c0377e595742259' arrived on 0
2018-07-13 17:21:46.222 [IPControllerApp] task::task '3817572c-0a9c79f0fa578297b5a2ce9c' finished on 0
2018-07-13 17:21:46.242 [IPControllerApp] task::task '32dfb548-4a859c2a2f3075339c258138' arrived on 1
2018-07-13 17:21:46.242 [IPControllerApp] task::task '4073e09d-6be9817b7e57d9456f9c18ba' finished on 1
2018-07-13 17:21:56.239 [IPControllerApp] task::task '7d387938-f97d5931cd6cf0ae2cbde89d' arrived on 0
2018-07-13 17:21:56.239 [IPControllerApp] task::task 'b5dca161-87a837462c0377e595742259' finished on 0
2018-07-13 17:21:56.256 [IPControllerApp] task::task '7b317dff-36d574bde04c295b5effc8f9' arrived on 1
2018-07-13 17:21:56.257 [IPControllerApp] task::task '32dfb548-4a859c2a2f3075339c258138' finished on 1
2018-07-13 17:22:06.258 [IPControllerApp] task::task '07fc08ee-2d37cd1fe5e992939b4034db' arrived on 0
2018-07-13 17:22:06.258 [IPControllerApp] task::task '7d387938-f97d5931cd6cf0ae2cbde89d' finished on 0
2018-07-13 17:22:06.271 [IPControllerApp] task::task '31c20327-22447a00e43446ab74083193' arrived on 1
2018-07-13 17:22:06.272 [IPControllerApp] task::task '7b317dff-36d574bde04c295b5effc8f9' finished on 1
2018-07-13 17:22:16.274 [IPControllerApp] task::task '83dd9bd2-2004a816453c2644f532047a' arrived on 0
2018-07-13 17:22:16.275 [IPControllerApp] task::task '07fc08ee-2d37cd1fe5e992939b4034db' finished on 0
2018-07-13 17:22:16.286 [IPControllerApp] task::task '1ccbcd80-f129f1236738a5cbea68655e' arrived on 1
2018-07-13 17:22:16.287 [IPControllerApp] task::task '31c20327-22447a00e43446ab74083193' finished on 1
2018-07-13 17:22:26.291 [IPControllerApp] task::task '9861f5c2-1ffbae0f833f8ebc1d2901cb' arrived on 0
2018-07-13 17:22:26.291 [IPControllerApp] task::task '83dd9bd2-2004a816453c2644f532047a' finished on 0
2018-07-13 17:22:26.302 [IPControllerApp] task::task 'd98a8690-b3a4e1153bb901bb293c55de' arrived on 1
2018-07-13 17:22:26.303 [IPControllerApp] task::task '1ccbcd80-f129f1236738a5cbea68655e' finished on 1
2018-07-13 17:22:36.301 [IPControllerApp] task::task '8e63dc54-7590d2c9294a527c94c249c2' arrived on 0
2018-07-13 17:22:36.302 [IPControllerApp] task::task '9861f5c2-1ffbae0f833f8ebc1d2901cb' finished on 0
2018-07-13 17:22:36.317 [IPControllerApp] task::task '902ca686-f0b5663da2386258c3ae77b5' arrived on 1
2018-07-13 17:22:36.318 [IPControllerApp] task::task 'd98a8690-b3a4e1153bb901bb293c55de' finished on 1
2018-07-13 17:22:46.316 [IPControllerApp] task::task '76420d89-af250be2530ad6d09c1a6040' arrived on 0
2018-07-13 17:22:46.317 [IPControllerApp] task::task '8e63dc54-7590d2c9294a527c94c249c2' finished on 0
2018-07-13 17:22:46.333 [IPControllerApp] task::task 'e35d5f9b-7c6a07c00d24897f55c58322' arrived on 1
2018-07-13 17:22:46.333 [IPControllerApp] task::task '902ca686-f0b5663da2386258c3ae77b5' finished on 1
2018-07-13 17:22:56.331 [IPControllerApp] task::task '503e93b1-86bfbb2d7d6e0a1b362ef9f0' arrived on 0
2018-07-13 17:22:56.332 [IPControllerApp] task::task '76420d89-af250be2530ad6d09c1a6040' finished on 0
2018-07-13 17:22:56.347 [IPControllerApp] task::task '7d040919-08e71bdc447be530bad8bdf1' arrived on 1
2018-07-13 17:22:56.348 [IPControllerApp] task::task 'e35d5f9b-7c6a07c00d24897f55c58322' finished on 1
2018-07-13 17:23:06.347 [IPControllerApp] task::task '6cf313fd-701754fce34854089f9506df' arrived on 0
2018-07-13 17:23:06.348 [IPControllerApp] task::task '503e93b1-86bfbb2d7d6e0a1b362ef9f0' finished on 0
2018-07-13 17:23:06.364 [IPControllerApp] task::task '410286d6-9ecd399495cabeb0d5e0ac13' arrived on 1
2018-07-13 17:23:06.365 [IPControllerApp] task::task '7d040919-08e71bdc447be530bad8bdf1' finished on 1
2018-07-13 17:23:16.364 [IPControllerApp] task::task '742253f8-357c950daf4051e10ea98896' arrived on 0
2018-07-13 17:23:16.365 [IPControllerApp] task::task '6cf313fd-701754fce34854089f9506df' finished on 0
2018-07-13 17:23:16.381 [IPControllerApp] task::task '2bdbc398-b62885e3b064df4100f66c24' arrived on 1
2018-07-13 17:23:16.381 [IPControllerApp] task::task '410286d6-9ecd399495cabeb0d5e0ac13' finished on 1
2018-07-13 17:23:26.379 [IPControllerApp] task::task '524e971c-4e16dc1407320af0ced4f005' arrived on 0
2018-07-13 17:23:26.380 [IPControllerApp] task::task '742253f8-357c950daf4051e10ea98896' finished on 0
2018-07-13 17:23:26.397 [IPControllerApp] task::task 'd9a1b96e-9f335566dc451f0197926d9c' arrived on 1
2018-07-13 17:23:26.397 [IPControllerApp] task::task '2bdbc398-b62885e3b064df4100f66c24' finished on 1
2018-07-13 17:23:36.395 [IPControllerApp] task::task '180e784d-dee468be7c413e36642e6718' arrived on 0
2018-07-13 17:23:36.396 [IPControllerApp] task::task '524e971c-4e16dc1407320af0ced4f005' finished on 0
2018-07-13 17:23:36.413 [IPControllerApp] task::task '316b1c8f-6944393b493f6a2fe3355ef0' arrived on 1
2018-07-13 17:23:36.414 [IPControllerApp] task::task 'd9a1b96e-9f335566dc451f0197926d9c' finished on 1
2018-07-13 17:23:46.410 [IPControllerApp] task::task 'fe6e6601-1cea3c763e0556b242b8e142' arrived on 0
2018-07-13 17:23:46.411 [IPControllerApp] task::task '180e784d-dee468be7c413e36642e6718' finished on 0
2018-07-13 17:23:46.429 [IPControllerApp] task::task '44752104-9874a77367dcfafd2dc34597' arrived on 1
2018-07-13 17:23:46.430 [IPControllerApp] task::task '316b1c8f-6944393b493f6a2fe3355ef0' finished on 1
2018-07-13 17:23:56.429 [IPControllerApp] task::task '3d374861-49d8994edef35caff5b934e0' arrived on 0
2018-07-13 17:23:56.430 [IPControllerApp] task::task 'fe6e6601-1cea3c763e0556b242b8e142' finished on 0
2018-07-13 17:23:56.444 [IPControllerApp] task::task 'ad2f51b1-1720517903cfd49224d814a8' arrived on 1
2018-07-13 17:23:56.445 [IPControllerApp] task::task '44752104-9874a77367dcfafd2dc34597' finished on 1
2018-07-13 17:24:06.449 [IPControllerApp] task::task 'f2a8d9e5-2d71b0a4720c43ff908fdfac' arrived on 0
2018-07-13 17:24:06.450 [IPControllerApp] task::task '3d374861-49d8994edef35caff5b934e0' finished on 0
2018-07-13 17:24:06.459 [IPControllerApp] task::task '06779e0a-706e13ec1746d51c30357c6f' arrived on 1
2018-07-13 17:24:06.460 [IPControllerApp] task::task 'ad2f51b1-1720517903cfd49224d814a8' finished on 1
2018-07-13 17:24:16.466 [IPControllerApp] task::task '4c18863e-54a743567fd037990b772c7c' arrived on 1
2018-07-13 17:24:16.467 [IPControllerApp] task::task '06779e0a-706e13ec1746d51c30357c6f' finished on 1
2018-07-13 17:24:16.467 [IPControllerApp] task::task '50b7f9c7-c9ee772e1c4dc0a0e5b2b1ce' arrived on 0
2018-07-13 17:24:16.469 [IPControllerApp] task::task 'f2a8d9e5-2d71b0a4720c43ff908fdfac' finished on 0
2018-07-13 17:24:26.481 [IPControllerApp] task::task '4798a604-bb3f4376455549e8eabcfe59' arrived on 1
2018-07-13 17:24:26.481 [IPControllerApp] task::task '4c18863e-54a743567fd037990b772c7c' finished on 1
2018-07-13 17:24:26.488 [IPControllerApp] task::task '345105b5-3549d362f283ddc47994aa4c' arrived on 0
2018-07-13 17:24:26.488 [IPControllerApp] task::task '50b7f9c7-c9ee772e1c4dc0a0e5b2b1ce' finished on 0
2018-07-13 17:24:36.501 [IPControllerApp] task::task '66519126-4c25dfa50bf48f6ef23e8d5a' arrived on 1
2018-07-13 17:24:36.501 [IPControllerApp] task::task '4798a604-bb3f4376455549e8eabcfe59' finished on 1
2018-07-13 17:24:36.504 [IPControllerApp] task::task '1e118f7c-9cc31cd13e0d6ece4efc2aef' arrived on 0
2018-07-13 17:24:36.505 [IPControllerApp] task::task '345105b5-3549d362f283ddc47994aa4c' finished on 0
2018-07-13 17:24:46.517 [IPControllerApp] task::task 'b3416d53-7caaf18ce830963e1a5c7f14' arrived on 1
2018-07-13 17:24:46.517 [IPControllerApp] task::task '66519126-4c25dfa50bf48f6ef23e8d5a' finished on 1
2018-07-13 17:24:46.520 [IPControllerApp] task::task '0c8fb752-0e3770a127a6c718579bd4f3' arrived on 0
2018-07-13 17:24:46.521 [IPControllerApp] task::task '1e118f7c-9cc31cd13e0d6ece4efc2aef' finished on 0
2018-07-13 17:24:56.533 [IPControllerApp] task::task 'f63b5dac-152c2799f9d0a3ff5ccd23a2' arrived on 1
2018-07-13 17:24:56.534 [IPControllerApp] task::task 'b3416d53-7caaf18ce830963e1a5c7f14' finished on 1
2018-07-13 17:24:56.536 [IPControllerApp] task::task '185ea140-e574d84bdbf69cd320238f31' arrived on 0
2018-07-13 17:24:56.537 [IPControllerApp] task::task '0c8fb752-0e3770a127a6c718579bd4f3' finished on 0
2018-07-13 17:25:06.551 [IPControllerApp] task::task '13ae03d7-4168c73e3c50459a1ea0c86c' arrived on 0
2018-07-13 17:25:06.552 [IPControllerApp] task::task '185ea140-e574d84bdbf69cd320238f31' finished on 0
2018-07-13 17:25:06.553 [IPControllerApp] task::task '00367806-9000dea662c02ac3b063de4e' arrived on 1
2018-07-13 17:25:06.554 [IPControllerApp] task::task 'f63b5dac-152c2799f9d0a3ff5ccd23a2' finished on 1
2018-07-13 17:25:16.569 [IPControllerApp] task::task 'a5672ed9-51049a9162cd4a13962ba4a3' arrived on 1
2018-07-13 17:25:16.570 [IPControllerApp] task::task '00367806-9000dea662c02ac3b063de4e' finished on 1
2018-07-13 17:25:16.571 [IPControllerApp] task::task 'cee43e83-4bc9a3e0b8eece113fe422dc' arrived on 0
2018-07-13 17:25:16.572 [IPControllerApp] task::task '13ae03d7-4168c73e3c50459a1ea0c86c' finished on 0
2018-07-13 17:25:26.593 [IPControllerApp] task::task 'd7689526-de0d48e46297d439141e9d16' arrived on 0
2018-07-13 17:25:26.594 [IPControllerApp] task::task 'cee43e83-4bc9a3e0b8eece113fe422dc' finished on 0
2018-07-13 17:25:26.595 [IPControllerApp] task::task 'ce1d4a58-5ed76c47632fb36c44d5ce3d' arrived on 1
2018-07-13 17:25:26.596 [IPControllerApp] task::task 'a5672ed9-51049a9162cd4a13962ba4a3' finished on 1
2018-07-13 17:25:36.611 [IPControllerApp] task::task '4369ce9c-da0d25dbab768cc2ea112de4' arrived on 0
2018-07-13 17:25:36.612 [IPControllerApp] task::task 'd7689526-de0d48e46297d439141e9d16' finished on 0
2018-07-13 17:25:36.613 [IPControllerApp] task::task '2b781f10-8831a9e44d2bc631c96ce46e' arrived on 1
2018-07-13 17:25:36.614 [IPControllerApp] task::task 'ce1d4a58-5ed76c47632fb36c44d5ce3d' finished on 1
2018-07-13 17:25:46.634 [IPControllerApp] task::task '9f2423a1-b1aebeefdf6e26dcc5aad313' arrived on 0
2018-07-13 17:25:46.635 [IPControllerApp] task::task '4369ce9c-da0d25dbab768cc2ea112de4' finished on 0
2018-07-13 17:25:46.636 [IPControllerApp] task::task '00fc9fcc-9d78220c663154d58d85c16c' arrived on 1
2018-07-13 17:25:46.637 [IPControllerApp] task::task '2b781f10-8831a9e44d2bc631c96ce46e' finished on 1
2018-07-13 17:25:56.652 [IPControllerApp] task::task '4815c8ad-2a7afe5a771a401cfc225a58' arrived on 1
2018-07-13 17:25:56.653 [IPControllerApp] task::task '00fc9fcc-9d78220c663154d58d85c16c' finished on 1
2018-07-13 17:25:56.654 [IPControllerApp] task::task '6154bc2f-87db1c4583e047ace836dc99' arrived on 0
2018-07-13 17:25:56.655 [IPControllerApp] task::task '9f2423a1-b1aebeefdf6e26dcc5aad313' finished on 0
2018-07-13 17:26:06.673 [IPControllerApp] task::task '801bfe84-1ba0fd65ed0b2e6db12fa16d' arrived on 0
2018-07-13 17:26:06.674 [IPControllerApp] task::task '6154bc2f-87db1c4583e047ace836dc99' finished on 0
2018-07-13 17:26:06.675 [IPControllerApp] task::task '4b560b62-d2630149ee890ee7ebd3f878' arrived on 1
2018-07-13 17:26:06.676 [IPControllerApp] task::task '4815c8ad-2a7afe5a771a401cfc225a58' finished on 1
2018-07-13 17:26:16.697 [IPControllerApp] task::task '1b26f656-62cae88e3c74a5d361c79633' arrived on 1
2018-07-13 17:26:16.698 [IPControllerApp] task::task '4b560b62-d2630149ee890ee7ebd3f878' finished on 1
2018-07-13 17:26:16.698 [IPControllerApp] task::task 'db4b616d-6bb0974ed6576b604a7d0d17' arrived on 0
2018-07-13 17:26:16.699 [IPControllerApp] task::task '801bfe84-1ba0fd65ed0b2e6db12fa16d' finished on 0
2018-07-13 17:26:26.709 [IPControllerApp] task::task '6054ef21-fab6826eebc0fcc2226a84a7' arrived on 0
2018-07-13 17:26:26.710 [IPControllerApp] task::task 'db4b616d-6bb0974ed6576b604a7d0d17' finished on 0
2018-07-13 17:26:26.711 [IPControllerApp] task::task 'edabf2ec-8e5a519910b5890962bb74e6' arrived on 1
2018-07-13 17:26:26.712 [IPControllerApp] task::task '1b26f656-62cae88e3c74a5d361c79633' finished on 1
2018-07-13 17:26:36.732 [IPControllerApp] task::task '515fac98-6f3396180fc5f5ffd6b97f61' arrived on 0
2018-07-13 17:26:36.733 [IPControllerApp] task::task '6054ef21-fab6826eebc0fcc2226a84a7' finished on 0
2018-07-13 17:26:36.734 [IPControllerApp] task::task '8303a4f9-e229b377fd2f3dd17ac72e7c' arrived on 1
2018-07-13 17:26:36.735 [IPControllerApp] task::task 'edabf2ec-8e5a519910b5890962bb74e6' finished on 1
2018-07-13 17:26:46.751 [IPControllerApp] task::task '06441cf0-095db138e15b9dc5e549549f' arrived on 1
2018-07-13 17:26:46.751 [IPControllerApp] task::task '8303a4f9-e229b377fd2f3dd17ac72e7c' finished on 1
2018-07-13 17:26:46.752 [IPControllerApp] task::task 'da61a3ef-45fbdd4ee62fca637abbd25b' arrived on 0
2018-07-13 17:26:46.753 [IPControllerApp] task::task '515fac98-6f3396180fc5f5ffd6b97f61' finished on 0
2018-07-13 17:26:56.768 [IPControllerApp] task::task '982ae06c-465261d29493221f23c3baef' arrived on 1
2018-07-13 17:26:56.769 [IPControllerApp] task::task '06441cf0-095db138e15b9dc5e549549f' finished on 1
2018-07-13 17:26:56.770 [IPControllerApp] task::task 'b483e247-c6293fc72057817bd39bb3b0' arrived on 0
2018-07-13 17:26:56.771 [IPControllerApp] task::task 'da61a3ef-45fbdd4ee62fca637abbd25b' finished on 0
2018-07-13 17:27:06.788 [IPControllerApp] task::task '71b5b368-a7f3bd9cd0e94faf29a0ea36' arrived on 0
2018-07-13 17:27:06.788 [IPControllerApp] task::task 'b483e247-c6293fc72057817bd39bb3b0' finished on 0
2018-07-13 17:27:06.789 [IPControllerApp] task::task '06c65336-4c713fcfc216420f43fcf73a' arrived on 1
2018-07-13 17:27:06.790 [IPControllerApp] task::task '982ae06c-465261d29493221f23c3baef' finished on 1
2018-07-13 17:27:16.808 [IPControllerApp] task::task '81648d2a-8fa8a8b75f731f86cc335326' arrived on 0
2018-07-13 17:27:16.809 [IPControllerApp] task::task '71b5b368-a7f3bd9cd0e94faf29a0ea36' finished on 0
2018-07-13 17:27:16.810 [IPControllerApp] task::task 'f0ae9af5-3737741d03e99e60a98d873a' arrived on 1
2018-07-13 17:27:16.811 [IPControllerApp] task::task '06c65336-4c713fcfc216420f43fcf73a' finished on 1
2018-07-13 17:27:26.830 [IPControllerApp] task::task '4c4a6bef-200c7e30474ecf87d1cfacae' arrived on 0
2018-07-13 17:27:26.831 [IPControllerApp] task::task '81648d2a-8fa8a8b75f731f86cc335326' finished on 0
2018-07-13 17:27:26.831 [IPControllerApp] task::task 'a9356660-791c7069a0dbdc9fd73120ff' arrived on 1
2018-07-13 17:27:26.833 [IPControllerApp] task::task 'f0ae9af5-3737741d03e99e60a98d873a' finished on 1
2018-07-13 17:27:36.847 [IPControllerApp] task::task '68e28e39-e72192d9c49915409177df90' arrived on 1
2018-07-13 17:27:36.848 [IPControllerApp] task::task 'a9356660-791c7069a0dbdc9fd73120ff' finished on 1
2018-07-13 17:27:36.848 [IPControllerApp] task::task 'bd3d1ec1-99204444c0af0def77f0d108' arrived on 0
2018-07-13 17:27:36.850 [IPControllerApp] task::task '4c4a6bef-200c7e30474ecf87d1cfacae' finished on 0
2018-07-13 17:27:46.871 [IPControllerApp] task::task '78869ee6-13aaf0ab1e75092cb24671e2' arrived on 0
2018-07-13 17:27:46.871 [IPControllerApp] task::task 'bd3d1ec1-99204444c0af0def77f0d108' finished on 0
2018-07-13 17:27:46.872 [IPControllerApp] task::task '98550999-74b42a22e6013151b9dc2036' arrived on 1
2018-07-13 17:27:46.873 [IPControllerApp] task::task '68e28e39-e72192d9c49915409177df90' finished on 1
2018-07-13 17:27:56.889 [IPControllerApp] task::task '1dc0b43b-9146eb5301392bccd26c39af' arrived on 0
2018-07-13 17:27:56.890 [IPControllerApp] task::task '78869ee6-13aaf0ab1e75092cb24671e2' finished on 0
2018-07-13 17:27:56.891 [IPControllerApp] task::task '6cadc689-1c0b79f9d5dc2f0044dd2249' arrived on 1
2018-07-13 17:27:56.892 [IPControllerApp] task::task '98550999-74b42a22e6013151b9dc2036' finished on 1
2018-07-13 17:28:06.915 [IPControllerApp] task::task '8a2b4fa1-ce1b4af5c602b7db7296159b' arrived on 0
2018-07-13 17:28:06.915 [IPControllerApp] task::task '1dc0b43b-9146eb5301392bccd26c39af' finished on 0
2018-07-13 17:28:06.916 [IPControllerApp] task::task '4c226eb8-da57ee9cdac688a28afc28a5' arrived on 1
2018-07-13 17:28:06.917 [IPControllerApp] task::task '6cadc689-1c0b79f9d5dc2f0044dd2249' finished on 1
2018-07-13 17:28:16.932 [IPControllerApp] task::task '181af1b7-b9c4406e5028d1b454e3922e' arrived on 1
2018-07-13 17:28:16.933 [IPControllerApp] task::task '4c226eb8-da57ee9cdac688a28afc28a5' finished on 1
2018-07-13 17:28:16.934 [IPControllerApp] task::task '2c280940-a9f29baedb73c15269b8f236' arrived on 0
2018-07-13 17:28:16.935 [IPControllerApp] task::task '8a2b4fa1-ce1b4af5c602b7db7296159b' finished on 0
2018-07-13 17:28:26.952 [IPControllerApp] task::task '0b8f4a4b-1754fabacbba5bfda55d7478' arrived on 0
2018-07-13 17:28:26.953 [IPControllerApp] task::task '2c280940-a9f29baedb73c15269b8f236' finished on 0
2018-07-13 17:28:26.954 [IPControllerApp] task::task '26adf6b1-0093cdc82004b1de174acfab' arrived on 1
2018-07-13 17:28:26.954 [IPControllerApp] task::task '181af1b7-b9c4406e5028d1b454e3922e' finished on 1
2018-07-13 17:28:36.969 [IPControllerApp] task::task 'a7f851c1-f4ec0c3272c99d5df45a27ae' arrived on 0
2018-07-13 17:28:36.970 [IPControllerApp] task::task '0b8f4a4b-1754fabacbba5bfda55d7478' finished on 0
2018-07-13 17:28:36.971 [IPControllerApp] task::task 'a0556576-cd2bee6bccc46ba0a2f8041f' arrived on 1
2018-07-13 17:28:36.972 [IPControllerApp] task::task '26adf6b1-0093cdc82004b1de174acfab' finished on 1
2018-07-13 17:28:46.986 [IPControllerApp] task::task '26d30ef1-005accbc2b0baadd7b9c2746' arrived on 0
2018-07-13 17:28:46.986 [IPControllerApp] task::task 'a7f851c1-f4ec0c3272c99d5df45a27ae' finished on 0
2018-07-13 17:28:46.987 [IPControllerApp] task::task '0abe8c7d-cff019c1112446b7a549955d' arrived on 1
2018-07-13 17:28:46.988 [IPControllerApp] task::task 'a0556576-cd2bee6bccc46ba0a2f8041f' finished on 1
2018-07-13 17:28:57.003 [IPControllerApp] task::task 'f082f175-c35cff5a2c49c4deada0c81e' arrived on 1
2018-07-13 17:28:57.004 [IPControllerApp] task::task '0abe8c7d-cff019c1112446b7a549955d' finished on 1
2018-07-13 17:28:57.005 [IPControllerApp] task::task '455fe9de-06b6ffbddce5f66d250fc6a9' arrived on 0
2018-07-13 17:28:57.006 [IPControllerApp] task::task '26d30ef1-005accbc2b0baadd7b9c2746' finished on 0
2018-07-13 17:29:07.020 [IPControllerApp] task::task 'aec3238a-41169485f1a2581ca25cdfd8' arrived on 0
2018-07-13 17:29:07.021 [IPControllerApp] task::task '455fe9de-06b6ffbddce5f66d250fc6a9' finished on 0
2018-07-13 17:29:07.022 [IPControllerApp] task::task '0034d2d6-cbf6981959bea5348bb082c6' arrived on 1
2018-07-13 17:29:07.022 [IPControllerApp] task::task 'f082f175-c35cff5a2c49c4deada0c81e' finished on 1
2018-07-13 17:29:17.042 [IPControllerApp] task::task 'c9732b67-b8835ad886608672a05605d6' arrived on 1
2018-07-13 17:29:17.043 [IPControllerApp] task::task '0034d2d6-cbf6981959bea5348bb082c6' finished on 1
2018-07-13 17:29:17.044 [IPControllerApp] task::task 'be08cc30-f86e6a8a708d8e21f6a7914f' arrived on 0
2018-07-13 17:29:17.045 [IPControllerApp] task::task 'aec3238a-41169485f1a2581ca25cdfd8' finished on 0
2018-07-13 17:29:27.057 [IPControllerApp] task::task 'ac77f64b-8de2e9fe51200945fa52da89' arrived on 1
2018-07-13 17:29:27.058 [IPControllerApp] task::task 'c9732b67-b8835ad886608672a05605d6' finished on 1
2018-07-13 17:29:27.058 [IPControllerApp] task::task '1f4a8746-2e5dce8daccf210f64946d7e' arrived on 0
2018-07-13 17:29:27.059 [IPControllerApp] task::task 'be08cc30-f86e6a8a708d8e21f6a7914f' finished on 0
2018-07-13 17:29:37.074 [IPControllerApp] task::task 'c37f0a3d-9868e991e6f1f9e5b72a43b5' arrived on 1
2018-07-13 17:29:37.075 [IPControllerApp] task::task 'ac77f64b-8de2e9fe51200945fa52da89' finished on 1
2018-07-13 17:29:37.078 [IPControllerApp] task::task 'd3e4c2ea-490604739206a23f1455d506' arrived on 0
2018-07-13 17:29:37.079 [IPControllerApp] task::task '1f4a8746-2e5dce8daccf210f64946d7e' finished on 0
2018-07-13 17:29:47.096 [IPControllerApp] task::task '3cc1cc7d-c7506137e0a6c3b58ce62cea' arrived on 1
2018-07-13 17:29:47.097 [IPControllerApp] task::task 'c37f0a3d-9868e991e6f1f9e5b72a43b5' finished on 1
2018-07-13 17:29:47.098 [IPControllerApp] task::task 'cba52dc6-d85c747344b5630268e418d4' arrived on 0
2018-07-13 17:29:47.099 [IPControllerApp] task::task 'd3e4c2ea-490604739206a23f1455d506' finished on 0
2018-07-13 17:29:57.114 [IPControllerApp] task::task '25246746-4bff910c2c23c1a2356b9d70' arrived on 1
2018-07-13 17:29:57.114 [IPControllerApp] task::task '3cc1cc7d-c7506137e0a6c3b58ce62cea' finished on 1
2018-07-13 17:29:57.115 [IPControllerApp] task::task '85c5b9d9-6d23e3edad90d95fa283c756' arrived on 0
2018-07-13 17:29:57.116 [IPControllerApp] task::task 'cba52dc6-d85c747344b5630268e418d4' finished on 0
2018-07-13 17:30:07.134 [IPControllerApp] task::task '9142174c-6b1413fc2cc532268e766b18' arrived on 0
2018-07-13 17:30:07.135 [IPControllerApp] task::task '85c5b9d9-6d23e3edad90d95fa283c756' finished on 0
2018-07-13 17:30:07.136 [IPControllerApp] task::task 'bad91ec2-40ffb59f2b680d946dea157a' arrived on 1
2018-07-13 17:30:07.137 [IPControllerApp] task::task '25246746-4bff910c2c23c1a2356b9d70' finished on 1
2018-07-13 17:30:17.158 [IPControllerApp] task::task '51a034e2-667588969b162cf610acd4b0' arrived on 1
2018-07-13 17:30:17.159 [IPControllerApp] task::task 'bad91ec2-40ffb59f2b680d946dea157a' finished on 1
2018-07-13 17:30:17.160 [IPControllerApp] task::task 'e4cb9bf6-dfe596f53b8eb9e489d1072a' arrived on 0
2018-07-13 17:30:17.161 [IPControllerApp] task::task '9142174c-6b1413fc2cc532268e766b18' finished on 0
2018-07-13 17:30:27.173 [IPControllerApp] task::task '75accf63-ae229849c36d9d429955c681' arrived on 0
2018-07-13 17:30:27.174 [IPControllerApp] task::task 'e4cb9bf6-dfe596f53b8eb9e489d1072a' finished on 0
2018-07-13 17:30:27.174 [IPControllerApp] task::task 'cdd52c48-6f6d2fa286fa1ff7f3ea6582' arrived on 1
2018-07-13 17:30:27.176 [IPControllerApp] task::task '51a034e2-667588969b162cf610acd4b0' finished on 1
2018-07-13 17:30:37.189 [IPControllerApp] task::task '83ad8e5b-168e515d34563ce7222bab80' arrived on 0
2018-07-13 17:30:37.190 [IPControllerApp] task::task '75accf63-ae229849c36d9d429955c681' finished on 0
2018-07-13 17:30:37.191 [IPControllerApp] task::task '3d9c42b7-482e4cf1317c8c7e82a81e0c' arrived on 1
2018-07-13 17:30:37.192 [IPControllerApp] task::task 'cdd52c48-6f6d2fa286fa1ff7f3ea6582' finished on 1
2018-07-13 17:30:47.206 [IPControllerApp] task::task '97ed027d-11b9d2e2d4eb3b59bb0de69d' arrived on 0
2018-07-13 17:30:47.206 [IPControllerApp] task::task '83ad8e5b-168e515d34563ce7222bab80' finished on 0
2018-07-13 17:30:47.207 [IPControllerApp] task::task 'a41c3bc8-b7c3e3430132b77bf1870616' arrived on 1
2018-07-13 17:30:47.209 [IPControllerApp] task::task '3d9c42b7-482e4cf1317c8c7e82a81e0c' finished on 1
2018-07-13 17:30:57.224 [IPControllerApp] task::task '784efa24-ef3f16a0b8dbcc58887eece7' arrived on 0
2018-07-13 17:30:57.225 [IPControllerApp] task::task '97ed027d-11b9d2e2d4eb3b59bb0de69d' finished on 0
2018-07-13 17:30:57.225 [IPControllerApp] task::task 'df55818d-73d9109478b3fc645ed26971' arrived on 1
2018-07-13 17:30:57.226 [IPControllerApp] task::task 'a41c3bc8-b7c3e3430132b77bf1870616' finished on 1
2018-07-13 17:31:07.247 [IPControllerApp] task::task '497dfd7f-46b60be52712e5a5b449d389' arrived on 1
2018-07-13 17:31:07.247 [IPControllerApp] task::task 'df55818d-73d9109478b3fc645ed26971' finished on 1
2018-07-13 17:31:07.248 [IPControllerApp] task::task '10f68515-cd5d99c3eef8b14baf449d97' arrived on 0
2018-07-13 17:31:07.249 [IPControllerApp] task::task '784efa24-ef3f16a0b8dbcc58887eece7' finished on 0
2018-07-13 17:31:17.265 [IPControllerApp] task::task '577e27ef-6e97809dd58d30899d09c42e' arrived on 0
2018-07-13 17:31:17.266 [IPControllerApp] task::task '10f68515-cd5d99c3eef8b14baf449d97' finished on 0
2018-07-13 17:31:17.267 [IPControllerApp] task::task '40e480c0-1afa67e2af471455bad57bd5' arrived on 1
2018-07-13 17:31:17.268 [IPControllerApp] task::task '497dfd7f-46b60be52712e5a5b449d389' finished on 1
2018-07-13 17:31:21.998 [IPControllerApp] heartbeat::missed b'a2b129ec-8374117a53070998d3b2b615' : 1
2018-07-13 17:31:21.998 [IPControllerApp] heartbeat::missed b'510d2a49-605c62282e76943d106ee92c' : 1
2018-07-13 17:31:24.998 [IPControllerApp] heartbeat::missed b'a2b129ec-8374117a53070998d3b2b615' : 2
2018-07-13 17:31:24.998 [IPControllerApp] heartbeat::missed b'510d2a49-605c62282e76943d106ee92c' : 2
2018-07-13 17:31:27.999 [IPControllerApp] heartbeat::missed b'a2b129ec-8374117a53070998d3b2b615' : 3
2018-07-13 17:31:27.999 [IPControllerApp] heartbeat::missed b'510d2a49-605c62282e76943d106ee92c' : 3
2018-07-13 17:31:30.999 [IPControllerApp] heartbeat::missed b'a2b129ec-8374117a53070998d3b2b615' : 4
2018-07-13 17:31:30.999 [IPControllerApp] heartbeat::missed b'510d2a49-605c62282e76943d106ee92c' : 4
2018-07-13 17:31:33.996 [IPControllerApp] heartbeat::missed b'a2b129ec-8374117a53070998d3b2b615' : 5
2018-07-13 17:31:33.996 [IPControllerApp] heartbeat::missed b'510d2a49-605c62282e76943d106ee92c' : 5
2018-07-13 17:31:36.998 [IPControllerApp] heartbeat::missed b'a2b129ec-8374117a53070998d3b2b615' : 6
2018-07-13 17:31:36.998 [IPControllerApp] heartbeat::missed b'510d2a49-605c62282e76943d106ee92c' : 6
2018-07-13 17:31:38.584 [IPControllerApp] client::client b'3626137e-83069c410e76a349caa96bb3' requested 'registration_request'
2018-07-13 17:31:38.585 [IPControllerApp] client::client b'1913c6d5-01faadf9346b86a0236101b0' requested 'registration_request'
2018-07-13 17:31:39.997 [IPControllerApp] heartbeat::missed b'a2b129ec-8374117a53070998d3b2b615' : 7
2018-07-13 17:31:39.997 [IPControllerApp] heartbeat::missed b'510d2a49-605c62282e76943d106ee92c' : 7
2018-07-13 17:31:42.999 [IPControllerApp] registration::finished registering engine 3:1913c6d5-01faadf9346b86a0236101b0
2018-07-13 17:31:42.999 [IPControllerApp] engine::Engine Connected: 3
2018-07-13 17:31:43.000 [IPControllerApp] registration::finished registering engine 2:3626137e-83069c410e76a349caa96bb3
2018-07-13 17:31:43.000 [IPControllerApp] engine::Engine Connected: 2
2018-07-13 17:31:43.001 [IPControllerApp] heartbeat::missed b'a2b129ec-8374117a53070998d3b2b615' : 8
2018-07-13 17:31:43.001 [IPControllerApp] heartbeat::missed b'510d2a49-605c62282e76943d106ee92c' : 8
2018-07-13 17:31:43.003 [IPControllerApp] task::task '2f05291a-598fb5113dae6a2fdae7a5c3' arrived on 3
2018-07-13 17:31:43.003 [IPControllerApp] task::task '255f60f1-10168311d2101230484eab59' arrived on 2
2018-07-13 17:31:45.999 [IPControllerApp] heartbeat::missed b'a2b129ec-8374117a53070998d3b2b615' : 9
2018-07-13 17:31:45.999 [IPControllerApp] heartbeat::missed b'510d2a49-605c62282e76943d106ee92c' : 9
2018-07-13 17:31:48.997 [IPControllerApp] heartbeat::missed b'a2b129ec-8374117a53070998d3b2b615' : 10
2018-07-13 17:31:48.997 [IPControllerApp] heartbeat::missed b'510d2a49-605c62282e76943d106ee92c' : 10
2018-07-13 17:31:51.999 [IPControllerApp] heartbeat::missed b'a2b129ec-8374117a53070998d3b2b615' : 11
2018-07-13 17:31:51.999 [IPControllerApp] heartbeat::missed b'510d2a49-605c62282e76943d106ee92c' : 11
2018-07-13 17:31:51.999 [IPControllerApp] registration::unregister_engine(0)
2018-07-13 17:31:52.000 [IPControllerApp] registration::unregister_engine(1)
2018-07-13 17:31:57.012 [IPControllerApp] task::task '577e27ef-6e97809dd58d30899d09c42e' finished on 0
2018-07-13 17:31:57.013 [IPControllerApp] task::task '40e480c0-1afa67e2af471455bad57bd5' finished on 1
2018-07-13 17:31:57.372 [IPControllerApp] CRITICAL | Received signal 15, shutting down
2018-07-13 17:31:57.372 [IPControllerApp] CRITICAL | terminating children...
