2018-07-13 17:01:36.978 [IPControllerApp] Created profile dir: '/scratch/midway2/madduru/parsl/parsl/tests/integration/test_stress/runinfo/1085/profile_midway_ipp'
2018-07-13 17:01:36.995 [IPControllerApp] Hub listening on tcp://*:64808 for registration.
2018-07-13 17:01:36.997 [IPControllerApp] Hub using DB backend: 'DictDB'
2018-07-13 17:01:37.259 [IPControllerApp] hub::created hub
2018-07-13 17:01:37.260 [IPControllerApp] writing connection info to /scratch/midway2/madduru/parsl/parsl/tests/integration/test_stress/runinfo/1085/profile_midway_ipp/security/ipcontroller-client.json
2018-07-13 17:01:37.261 [IPControllerApp] writing connection info to /scratch/midway2/madduru/parsl/parsl/tests/integration/test_stress/runinfo/1085/profile_midway_ipp/security/ipcontroller-engine.json
2018-07-13 17:01:37.262 [IPControllerApp] task::using Python leastload Task scheduler
2018-07-13 17:01:37.262 [IPControllerApp] Heartmonitor started
2018-07-13 17:01:37.272 [IPControllerApp] Creating pid file: /scratch/midway2/madduru/parsl/parsl/tests/integration/test_stress/runinfo/1085/profile_midway_ipp/pid/ipcontroller.pid
2018-07-13 17:01:37.281 [scheduler] Scheduler started [leastload]
2018-07-13 17:01:37.284 [IPControllerApp] client::client b'\x00k\x8bEg' requested 'connection_request'
2018-07-13 17:01:37.284 [IPControllerApp] client::client [b'\x00k\x8bEg'] connected
2018-07-13 17:01:38.325 [IPControllerApp] client::client b'\x00k\x8bEh' requested 'connection_request'
2018-07-13 17:01:38.326 [IPControllerApp] client::client [b'\x00k\x8bEh'] connected
2018-07-13 17:02:17.692 [IPControllerApp] client::client b'd5e8f31c-89275c4fc4c9b68105d0ffd4' requested 'registration_request'
2018-07-13 17:02:17.885 [IPControllerApp] client::client b'3160c736-537506c15294b639d0b5395d' requested 'registration_request'
2018-07-13 17:02:18.030 [IPControllerApp] client::client b'217a8a34-05c8683226ddb7ebdc360691' requested 'registration_request'
2018-07-13 17:02:18.081 [IPControllerApp] client::client b'5582e83b-4cf418b0c1d57c7ecc7aaf86' requested 'registration_request'
2018-07-13 17:02:18.133 [IPControllerApp] client::client b'550c6e22-18f670e3697d6616654648f8' requested 'registration_request'
2018-07-13 17:02:18.225 [IPControllerApp] client::client b'ffb41765-ba8c123c813306489ee3c856' requested 'registration_request'
2018-07-13 17:02:18.226 [IPControllerApp] client::client b'5d6f0a65-26f37029282d7e21d6eabf75' requested 'registration_request'
2018-07-13 17:02:18.291 [IPControllerApp] client::client b'9603b889-3083076441db161a671feeb4' requested 'registration_request'
2018-07-13 17:02:18.351 [IPControllerApp] client::client b'd6f3554f-10461a15a316e966f8310dbd' requested 'registration_request'
2018-07-13 17:02:18.356 [IPControllerApp] client::client b'15fedd30-a059ff003b168df6b2101b61' requested 'registration_request'
2018-07-13 17:02:18.364 [IPControllerApp] client::client b'0bf433d2-8466ff226c0a5091245be36e' requested 'registration_request'
2018-07-13 17:02:18.370 [IPControllerApp] client::client b'146919fc-0f26e062894ef1938b4faa71' requested 'registration_request'
2018-07-13 17:02:18.382 [IPControllerApp] client::client b'e4452452-92c0b3ba6d1d092f97bcc2a3' requested 'registration_request'
2018-07-13 17:02:18.407 [IPControllerApp] client::client b'05b9da26-9fec1cb099774d918477b949' requested 'registration_request'
2018-07-13 17:02:18.428 [IPControllerApp] client::client b'085a5af0-6c2c161bb06883150e3e1369' requested 'registration_request'
2018-07-13 17:02:18.521 [IPControllerApp] client::client b'5f72e321-768ccbdff4f93601006e5edb' requested 'registration_request'
2018-07-13 17:02:18.555 [IPControllerApp] client::client b'd89f479c-f8e54e2d373740f95b6245bd' requested 'registration_request'
2018-07-13 17:02:18.557 [IPControllerApp] client::client b'349fca0c-2fa8a5f2a5d8ccbb30111d8e' requested 'registration_request'
2018-07-13 17:02:18.645 [IPControllerApp] client::client b'd8c16160-abb2db04131cbda067e51043' requested 'registration_request'
2018-07-13 17:02:18.754 [IPControllerApp] client::client b'dc2becee-3518bf2ea39dc3243f74fc6d' requested 'registration_request'
2018-07-13 17:02:18.763 [IPControllerApp] client::client b'2dc76252-da1f7356e2504eec6bd80d7f' requested 'registration_request'
2018-07-13 17:02:18.764 [IPControllerApp] client::client b'44e3d1d4-662becdd8ab4004e17086c9d' requested 'registration_request'
2018-07-13 17:02:18.812 [IPControllerApp] client::client b'6aac8c30-b85f84a0bc55aa2abf2c15c9' requested 'registration_request'
2018-07-13 17:02:18.813 [IPControllerApp] client::client b'bd002820-ba7b1fe98fd51ef9bd13638f' requested 'registration_request'
2018-07-13 17:02:18.857 [IPControllerApp] client::client b'6615f5ea-ace3271e287deacc345625d7' requested 'registration_request'
2018-07-13 17:02:18.873 [IPControllerApp] client::client b'56079fa1-4cee5c7f4ecd55c5fbb851be' requested 'registration_request'
2018-07-13 17:02:19.180 [IPControllerApp] client::client b'3318b6c2-385c533689beb0beb96c03f3' requested 'registration_request'
2018-07-13 17:02:19.360 [IPControllerApp] client::client b'a2c6cab5-5102163a5bf7265ce65c71c8' requested 'registration_request'
2018-07-13 17:02:19.425 [IPControllerApp] client::client b'bf5bb1ae-1ff79e60d3391a642df06c5f' requested 'registration_request'
2018-07-13 17:02:19.530 [IPControllerApp] client::client b'404788aa-6c6673e4aac9bdee22e6b1a5' requested 'registration_request'
2018-07-13 17:02:19.592 [IPControllerApp] client::client b'42502089-7a9be90162bd8ce8bacd0b98' requested 'registration_request'
2018-07-13 17:02:19.755 [IPControllerApp] client::client b'6173d8d5-4383beb68446205cfc71f17e' requested 'registration_request'
2018-07-13 17:02:22.265 [IPControllerApp] registration::finished registering engine 3:5582e83b-4cf418b0c1d57c7ecc7aaf86
2018-07-13 17:02:22.266 [IPControllerApp] engine::Engine Connected: 3
2018-07-13 17:02:22.267 [IPControllerApp] registration::finished registering engine 13:05b9da26-9fec1cb099774d918477b949
2018-07-13 17:02:22.268 [IPControllerApp] engine::Engine Connected: 13
2018-07-13 17:02:22.268 [IPControllerApp] registration::finished registering engine 5:ffb41765-ba8c123c813306489ee3c856
2018-07-13 17:02:22.268 [IPControllerApp] engine::Engine Connected: 5
2018-07-13 17:02:22.269 [IPControllerApp] registration::finished registering engine 19:dc2becee-3518bf2ea39dc3243f74fc6d
2018-07-13 17:02:22.269 [IPControllerApp] engine::Engine Connected: 19
2018-07-13 17:02:22.269 [IPControllerApp] registration::finished registering engine 1:3160c736-537506c15294b639d0b5395d
2018-07-13 17:02:22.269 [IPControllerApp] engine::Engine Connected: 1
2018-07-13 17:02:22.270 [IPControllerApp] registration::finished registering engine 18:d8c16160-abb2db04131cbda067e51043
2018-07-13 17:02:22.270 [IPControllerApp] engine::Engine Connected: 18
2018-07-13 17:02:22.271 [IPControllerApp] registration::finished registering engine 14:085a5af0-6c2c161bb06883150e3e1369
2018-07-13 17:02:22.271 [IPControllerApp] engine::Engine Connected: 14
2018-07-13 17:02:22.271 [IPControllerApp] registration::finished registering engine 8:d6f3554f-10461a15a316e966f8310dbd
2018-07-13 17:02:22.271 [IPControllerApp] engine::Engine Connected: 8
2018-07-13 17:02:22.272 [IPControllerApp] registration::finished registering engine 21:44e3d1d4-662becdd8ab4004e17086c9d
2018-07-13 17:02:22.272 [IPControllerApp] engine::Engine Connected: 21
2018-07-13 17:02:22.272 [IPControllerApp] registration::finished registering engine 10:0bf433d2-8466ff226c0a5091245be36e
2018-07-13 17:02:22.273 [IPControllerApp] engine::Engine Connected: 10
2018-07-13 17:02:22.273 [IPControllerApp] registration::finished registering engine 6:5d6f0a65-26f37029282d7e21d6eabf75
2018-07-13 17:02:22.273 [IPControllerApp] engine::Engine Connected: 6
2018-07-13 17:02:22.273 [IPControllerApp] registration::finished registering engine 11:146919fc-0f26e062894ef1938b4faa71
2018-07-13 17:02:22.274 [IPControllerApp] engine::Engine Connected: 11
2018-07-13 17:02:22.274 [IPControllerApp] registration::finished registering engine 0:d5e8f31c-89275c4fc4c9b68105d0ffd4
2018-07-13 17:02:22.274 [IPControllerApp] engine::Engine Connected: 0
2018-07-13 17:02:22.275 [IPControllerApp] registration::finished registering engine 15:5f72e321-768ccbdff4f93601006e5edb
2018-07-13 17:02:22.275 [IPControllerApp] engine::Engine Connected: 15
2018-07-13 17:02:22.275 [IPControllerApp] registration::finished registering engine 4:550c6e22-18f670e3697d6616654648f8
2018-07-13 17:02:22.275 [IPControllerApp] engine::Engine Connected: 4
2018-07-13 17:02:22.276 [IPControllerApp] registration::finished registering engine 20:2dc76252-da1f7356e2504eec6bd80d7f
2018-07-13 17:02:22.276 [IPControllerApp] engine::Engine Connected: 20
2018-07-13 17:02:22.276 [IPControllerApp] registration::finished registering engine 22:6aac8c30-b85f84a0bc55aa2abf2c15c9
2018-07-13 17:02:22.277 [IPControllerApp] engine::Engine Connected: 22
2018-07-13 17:02:22.277 [IPControllerApp] registration::finished registering engine 17:349fca0c-2fa8a5f2a5d8ccbb30111d8e
2018-07-13 17:02:22.277 [IPControllerApp] engine::Engine Connected: 17
2018-07-13 17:02:22.277 [IPControllerApp] registration::finished registering engine 2:217a8a34-05c8683226ddb7ebdc360691
2018-07-13 17:02:22.278 [IPControllerApp] engine::Engine Connected: 2
2018-07-13 17:02:22.278 [IPControllerApp] registration::finished registering engine 7:9603b889-3083076441db161a671feeb4
2018-07-13 17:02:22.278 [IPControllerApp] engine::Engine Connected: 7
2018-07-13 17:02:22.279 [IPControllerApp] registration::finished registering engine 12:e4452452-92c0b3ba6d1d092f97bcc2a3
2018-07-13 17:02:22.279 [IPControllerApp] engine::Engine Connected: 12
2018-07-13 17:02:22.279 [IPControllerApp] registration::finished registering engine 16:d89f479c-f8e54e2d373740f95b6245bd
2018-07-13 17:02:22.279 [IPControllerApp] engine::Engine Connected: 16
2018-07-13 17:02:22.280 [IPControllerApp] registration::finished registering engine 23:bd002820-ba7b1fe98fd51ef9bd13638f
2018-07-13 17:02:22.280 [IPControllerApp] engine::Engine Connected: 23
2018-07-13 17:02:22.280 [IPControllerApp] registration::finished registering engine 9:15fedd30-a059ff003b168df6b2101b61
2018-07-13 17:02:22.281 [IPControllerApp] engine::Engine Connected: 9
2018-07-13 17:02:22.281 [IPControllerApp] registration::finished registering engine 24:6615f5ea-ace3271e287deacc345625d7
2018-07-13 17:02:22.281 [IPControllerApp] engine::Engine Connected: 24
2018-07-13 17:02:22.284 [IPControllerApp] task::task 'acd33254-62881d5b92c0b7ec86c6a2a1' arrived on 3
2018-07-13 17:02:22.285 [IPControllerApp] task::task 'd8ea0069-278f4bc38afa17d9ce50bfc3' arrived on 13
2018-07-13 17:02:22.286 [IPControllerApp] task::task 'f4aa725d-dd52283ba9b9c20f713b5e39' arrived on 5
2018-07-13 17:02:22.286 [IPControllerApp] task::task 'd8ac6d04-2e1b982741a526bb3e32880c' arrived on 19
2018-07-13 17:02:22.287 [IPControllerApp] task::task 'bb395c40-10a046ce732362dc8390011e' arrived on 1
2018-07-13 17:02:22.288 [IPControllerApp] task::task '964e3040-78621ae2ac5d81eaeaaf812a' arrived on 18
2018-07-13 17:02:22.289 [IPControllerApp] task::task 'c160304d-7c8a52aa5e1bfd09bc9e8c5d' arrived on 14
2018-07-13 17:02:22.290 [IPControllerApp] task::task '6bb4206f-3c37080b1e2dbea9b70dfb20' arrived on 8
2018-07-13 17:02:22.291 [IPControllerApp] task::task '248861ce-11e8517988243dc1a41e1ac1' arrived on 21
2018-07-13 17:02:22.292 [IPControllerApp] task::task '08cbfbf7-d3fd1a74c28409485cfa5ce5' arrived on 10
2018-07-13 17:02:22.293 [IPControllerApp] task::task 'b803232c-89fe7fa047cc2668a501a2dd' arrived on 6
2018-07-13 17:02:22.294 [IPControllerApp] task::task '16558aaf-a06c2ef0aa4c14376488cb12' arrived on 11
2018-07-13 17:02:22.294 [IPControllerApp] task::task 'a6fbccbf-7dba5ca583f2f0e03b703927' arrived on 0
2018-07-13 17:02:22.295 [IPControllerApp] task::task '8611fa91-3f3e57eebe685c952b98d2aa' arrived on 15
2018-07-13 17:02:22.296 [IPControllerApp] task::task 'b2208223-cab0b1d12a1effe7ea1fbd45' arrived on 4
2018-07-13 17:02:22.297 [IPControllerApp] task::task '1bea83b6-da4b063e766cad6955293f46' arrived on 20
2018-07-13 17:02:22.298 [IPControllerApp] task::task '69913a0a-d2b38d9d7d132be28fe98bb7' arrived on 22
2018-07-13 17:02:22.299 [IPControllerApp] task::task '6882cf3b-56378b6411670af3dd28f179' arrived on 17
2018-07-13 17:02:22.300 [IPControllerApp] task::task '94f40572-45810a5fdaacc66e8bdf83ef' arrived on 2
2018-07-13 17:02:22.301 [IPControllerApp] task::task 'adb5d996-db2133ef9279988595cf42eb' arrived on 7
2018-07-13 17:02:22.301 [IPControllerApp] task::task '1138ab5a-b4220322b53d27d1f52789d9' arrived on 12
2018-07-13 17:02:22.302 [IPControllerApp] task::task 'dfc852f4-988d7bf6095aae347b5e4786' arrived on 16
2018-07-13 17:02:22.303 [IPControllerApp] task::task '5e67e418-630db8ab42d31bbc56d15765' arrived on 23
2018-07-13 17:02:22.304 [IPControllerApp] task::task '1a8fa638-1a2388870c62d2a734a45d38' arrived on 9
2018-07-13 17:02:22.305 [IPControllerApp] task::task '257147c7-84ebcd51aa7aa38eb430b216' arrived on 24
2018-07-13 17:02:25.266 [IPControllerApp] registration::finished registering engine 30:42502089-7a9be90162bd8ce8bacd0b98
2018-07-13 17:02:25.266 [IPControllerApp] engine::Engine Connected: 30
2018-07-13 17:02:25.267 [IPControllerApp] registration::finished registering engine 29:404788aa-6c6673e4aac9bdee22e6b1a5
2018-07-13 17:02:25.267 [IPControllerApp] engine::Engine Connected: 29
2018-07-13 17:02:25.268 [IPControllerApp] registration::finished registering engine 27:a2c6cab5-5102163a5bf7265ce65c71c8
2018-07-13 17:02:25.268 [IPControllerApp] engine::Engine Connected: 27
2018-07-13 17:02:25.268 [IPControllerApp] registration::finished registering engine 26:3318b6c2-385c533689beb0beb96c03f3
2018-07-13 17:02:25.269 [IPControllerApp] engine::Engine Connected: 26
2018-07-13 17:02:25.269 [IPControllerApp] registration::finished registering engine 28:bf5bb1ae-1ff79e60d3391a642df06c5f
2018-07-13 17:02:25.269 [IPControllerApp] engine::Engine Connected: 28
2018-07-13 17:02:25.270 [IPControllerApp] registration::finished registering engine 25:56079fa1-4cee5c7f4ecd55c5fbb851be
2018-07-13 17:02:25.270 [IPControllerApp] engine::Engine Connected: 25
2018-07-13 17:02:25.270 [IPControllerApp] registration::finished registering engine 31:6173d8d5-4383beb68446205cfc71f17e
2018-07-13 17:02:25.271 [IPControllerApp] engine::Engine Connected: 31
2018-07-13 17:02:25.273 [IPControllerApp] task::task '73a5e266-8f9a70c6fb32e4b7e80db869' arrived on 30
2018-07-13 17:02:25.274 [IPControllerApp] task::task '717b170a-19b836790d291c77d09189a7' arrived on 29
2018-07-13 17:02:25.275 [IPControllerApp] task::task '7dd5e393-b3521af313be1cc12ecd626e' arrived on 27
2018-07-13 17:02:25.276 [IPControllerApp] task::task 'a07bb7e5-222f2171862ea3029618be78' arrived on 26
2018-07-13 17:02:25.277 [IPControllerApp] task::task '9fae2e66-8940613988c267b7744fd0d0' arrived on 28
2018-07-13 17:02:25.278 [IPControllerApp] task::task 'c21fb3ee-67ee4178f710ba9eaef5e223' arrived on 25
2018-07-13 17:02:25.279 [IPControllerApp] task::task '2aa2e2f3-67f0cab73b9c43571a137510' arrived on 31
2018-07-13 17:02:47.653 [IPControllerApp] task::task 'c36df0c1-efb6c86fa66bf7277cc435fd' arrived on 23
2018-07-13 17:02:47.654 [IPControllerApp] task::task '5e67e418-630db8ab42d31bbc56d15765' finished on 23
2018-07-13 17:02:47.924 [IPControllerApp] task::task '7d52acd6-abf584d7923ce4e667f00529' arrived on 21
2018-07-13 17:02:47.925 [IPControllerApp] task::task '248861ce-11e8517988243dc1a41e1ac1' finished on 21
2018-07-13 17:02:48.108 [IPControllerApp] task::task 'a3b1321f-8baca03970815aacb19f0d01' arrived on 1
2018-07-13 17:02:48.109 [IPControllerApp] task::task 'bb395c40-10a046ce732362dc8390011e' finished on 1
2018-07-13 17:02:48.123 [IPControllerApp] task::task 'ae034614-7722805596a7e2ba35101d92' arrived on 7
2018-07-13 17:02:48.123 [IPControllerApp] task::task 'adb5d996-db2133ef9279988595cf42eb' finished on 7
2018-07-13 17:02:48.162 [IPControllerApp] task::task '6fbff692-87c420147ebf887c5f81a372' arrived on 0
2018-07-13 17:02:48.163 [IPControllerApp] task::task 'a6fbccbf-7dba5ca583f2f0e03b703927' finished on 0
2018-07-13 17:02:48.284 [IPControllerApp] task::task '634eed6b-41c97d6309d9fc4a67cdf4ea' arrived on 5
2018-07-13 17:02:48.285 [IPControllerApp] task::task 'f4aa725d-dd52283ba9b9c20f713b5e39' finished on 5
2018-07-13 17:02:50.693 [IPControllerApp] task::task '481e3e39-51179af8f525e505e6a2f865' arrived on 3
2018-07-13 17:02:50.694 [IPControllerApp] task::task 'acd33254-62881d5b92c0b7ec86c6a2a1' finished on 3
2018-07-13 17:02:50.706 [IPControllerApp] task::task 'db41ad32-f5cdfd74334b5e4c8cfb8ae3' arrived on 13
2018-07-13 17:02:50.707 [IPControllerApp] task::task 'd8ea0069-278f4bc38afa17d9ce50bfc3' finished on 13
2018-07-13 17:02:50.724 [IPControllerApp] task::task '11307c36-d7e3868456c3a2905c7b2a3f' arrived on 16
2018-07-13 17:02:50.725 [IPControllerApp] task::task 'dfc852f4-988d7bf6095aae347b5e4786' finished on 16
2018-07-13 17:02:50.756 [IPControllerApp] task::task '84e8c8fc-24f065e9a74e7303d846e3b0' arrived on 2
2018-07-13 17:02:50.756 [IPControllerApp] task::task '94f40572-45810a5fdaacc66e8bdf83ef' finished on 2
2018-07-13 17:02:50.778 [IPControllerApp] task::task '5891c0cd-f72f035bf2d6f31c1838b542' arrived on 14
2018-07-13 17:02:50.779 [IPControllerApp] task::task 'c160304d-7c8a52aa5e1bfd09bc9e8c5d' finished on 14
2018-07-13 17:02:50.805 [IPControllerApp] task::task '5e78999e-056a2022ae18ff0bfe062164' arrived on 25
2018-07-13 17:02:50.806 [IPControllerApp] task::task 'c21fb3ee-67ee4178f710ba9eaef5e223' finished on 25
2018-07-13 17:02:50.809 [IPControllerApp] task::task '0b958a51-dc9e49e1206aef966071bd50' arrived on 12
2018-07-13 17:02:50.810 [IPControllerApp] task::task '1138ab5a-b4220322b53d27d1f52789d9' finished on 12
2018-07-13 17:02:50.816 [IPControllerApp] task::task '060a3aa5-44c9fc62e706405ef3b5d160' arrived on 27
2018-07-13 17:02:50.816 [IPControllerApp] task::task '7dd5e393-b3521af313be1cc12ecd626e' finished on 27
2018-07-13 17:02:50.855 [IPControllerApp] task::task 'c49bcf86-47c650e7ed085da15711ef0b' arrived on 11
2018-07-13 17:02:50.856 [IPControllerApp] task::task '16558aaf-a06c2ef0aa4c14376488cb12' finished on 11
2018-07-13 17:02:50.859 [IPControllerApp] task::task 'e44cdb36-e88e10c11a577711df767388' arrived on 22
2018-07-13 17:02:50.860 [IPControllerApp] task::task '69913a0a-d2b38d9d7d132be28fe98bb7' finished on 22
2018-07-13 17:02:50.866 [IPControllerApp] task::task '31dc62a4-d5d7bb72cb1598526e28fa20' arrived on 19
2018-07-13 17:02:50.867 [IPControllerApp] task::task 'd8ac6d04-2e1b982741a526bb3e32880c' finished on 19
2018-07-13 17:02:50.885 [IPControllerApp] task::task '13e74d11-ddb8059f34ddb3c66883b0b2' arrived on 17
2018-07-13 17:02:50.886 [IPControllerApp] task::task '6882cf3b-56378b6411670af3dd28f179' finished on 17
2018-07-13 17:02:50.891 [IPControllerApp] task::task '8d192efb-fe6521e51768bcb25eca42f9' arrived on 10
2018-07-13 17:02:50.891 [IPControllerApp] task::task '08cbfbf7-d3fd1a74c28409485cfa5ce5' finished on 10
2018-07-13 17:02:50.908 [IPControllerApp] task::task '30d327ef-db8963f59125d5f30d1d30de' arrived on 28
2018-07-13 17:02:50.909 [IPControllerApp] task::task '9fae2e66-8940613988c267b7744fd0d0' finished on 28
2018-07-13 17:02:50.911 [IPControllerApp] task::task '419604b9-5b6c841fc0206b367415f714' arrived on 24
2018-07-13 17:02:50.912 [IPControllerApp] task::task '257147c7-84ebcd51aa7aa38eb430b216' finished on 24
2018-07-13 17:02:50.931 [IPControllerApp] task::task '0125aebe-9c8d8bd96582a5ad8d72cad9' arrived on 4
2018-07-13 17:02:50.931 [IPControllerApp] task::task 'b2208223-cab0b1d12a1effe7ea1fbd45' finished on 4
2018-07-13 17:02:50.932 [IPControllerApp] task::task 'bc784946-88dfbc1f473a6414dc9fc652' arrived on 15
2018-07-13 17:02:50.933 [IPControllerApp] task::task '8611fa91-3f3e57eebe685c952b98d2aa' finished on 15
2018-07-13 17:02:50.942 [IPControllerApp] task::task 'c839d1cb-194929885b06726dd98f21ee' arrived on 6
2018-07-13 17:02:50.943 [IPControllerApp] task::task 'b803232c-89fe7fa047cc2668a501a2dd' finished on 6
2018-07-13 17:02:50.950 [IPControllerApp] task::task '886841fb-1153ae20d1521585eead72f1' arrived on 31
2018-07-13 17:02:50.950 [IPControllerApp] task::task '2aa2e2f3-67f0cab73b9c43571a137510' finished on 31
2018-07-13 17:02:50.952 [IPControllerApp] task::task 'd0f93ae6-d343ef924bcac8d92f80dcc1' arrived on 29
2018-07-13 17:02:50.953 [IPControllerApp] task::task '717b170a-19b836790d291c77d09189a7' finished on 29
2018-07-13 17:02:50.958 [IPControllerApp] task::task 'acf4c1a1-597189cd6e84642b30cd5ee4' arrived on 8
2018-07-13 17:02:50.959 [IPControllerApp] task::task '6bb4206f-3c37080b1e2dbea9b70dfb20' finished on 8
2018-07-13 17:02:50.962 [IPControllerApp] task::task 'e9745c7f-28abc12a240030137cb28905' arrived on 20
2018-07-13 17:02:50.962 [IPControllerApp] task::task '1bea83b6-da4b063e766cad6955293f46' finished on 20
2018-07-13 17:02:50.989 [IPControllerApp] task::task '843be6c8-ab9d010f21c1356b3f3c4026' arrived on 18
2018-07-13 17:02:50.990 [IPControllerApp] task::task '964e3040-78621ae2ac5d81eaeaaf812a' finished on 18
2018-07-13 17:02:51.008 [IPControllerApp] task::task 'bea463c4-126483847c9efac2a4a69a4f' arrived on 9
2018-07-13 17:02:51.009 [IPControllerApp] task::task '1a8fa638-1a2388870c62d2a734a45d38' finished on 9
2018-07-13 17:02:51.010 [IPControllerApp] task::task '1a59c3cf-29c62aeed30f65726d06c643' arrived on 30
2018-07-13 17:02:51.012 [IPControllerApp] task::task '73a5e266-8f9a70c6fb32e4b7e80db869' finished on 30
2018-07-13 17:02:51.017 [IPControllerApp] task::task '75e31b84-15bf7bd09962f3d8b66addd5' arrived on 26
2018-07-13 17:02:51.017 [IPControllerApp] task::task 'a07bb7e5-222f2171862ea3029618be78' finished on 26
2018-07-13 17:02:52.263 [IPControllerApp] heartbeat::missed b'3160c736-537506c15294b639d0b5395d' : 1
2018-07-13 17:02:55.265 [IPControllerApp] heartbeat::missed b'3160c736-537506c15294b639d0b5395d' : 2
2018-07-13 17:02:57.769 [IPControllerApp] task::task '1a28bdd4-dcb0d4be287bf3f34980c62a' arrived on 23
2018-07-13 17:02:57.770 [IPControllerApp] task::task 'c36df0c1-efb6c86fa66bf7277cc435fd' finished on 23
2018-07-13 17:02:58.038 [IPControllerApp] task::task '16635803-8cbe621bcc0b6016d54e08ea' arrived on 21
2018-07-13 17:02:58.039 [IPControllerApp] task::task '7d52acd6-abf584d7923ce4e667f00529' finished on 21
2018-07-13 17:02:58.263 [IPControllerApp] heartbeat::missed b'3160c736-537506c15294b639d0b5395d' : 3
2018-07-13 17:02:58.275 [IPControllerApp] task::task 'afccf764-9c1d489acdae4d4f19a94f3b' arrived on 0
2018-07-13 17:02:58.275 [IPControllerApp] task::task '6fbff692-87c420147ebf887c5f81a372' finished on 0
2018-07-13 17:02:58.276 [IPControllerApp] task::task '2db122f7-9abb946ad6ac94d87a4459c1' arrived on 7
2018-07-13 17:02:58.277 [IPControllerApp] task::task 'ae034614-7722805596a7e2ba35101d92' finished on 7
2018-07-13 17:03:00.724 [IPControllerApp] task::task 'ce261fae-a93eb51dd3c6d15a65dbb32f' arrived on 5
2018-07-13 17:03:00.725 [IPControllerApp] task::task '634eed6b-41c97d6309d9fc4a67cdf4ea' finished on 5
2018-07-13 17:03:00.787 [IPControllerApp] task::task 'a8059466-e93c982acd86926bdb728e4b' arrived on 3
2018-07-13 17:03:00.787 [IPControllerApp] task::task '481e3e39-51179af8f525e505e6a2f865' finished on 3
2018-07-13 17:03:00.798 [IPControllerApp] task::task '5b3ef0eb-62f9782b7f4d06c9e4ab9c05' arrived on 13
2018-07-13 17:03:00.799 [IPControllerApp] task::task 'db41ad32-f5cdfd74334b5e4c8cfb8ae3' finished on 13
2018-07-13 17:03:00.849 [IPControllerApp] task::task '3c9a3598-8cd13f95ebc9ab41a85d9cb2' arrived on 16
2018-07-13 17:03:00.849 [IPControllerApp] task::task '11307c36-d7e3868456c3a2905c7b2a3f' finished on 16
2018-07-13 17:03:00.863 [IPControllerApp] task::task 'a209a9ea-2a52e24bccb31d17142b7d26' arrived on 2
2018-07-13 17:03:00.864 [IPControllerApp] task::task '84e8c8fc-24f065e9a74e7303d846e3b0' finished on 2
2018-07-13 17:03:00.875 [IPControllerApp] task::task '0e60f8ee-1be75b5910cb1023ccf1fbd0' arrived on 14
2018-07-13 17:03:00.875 [IPControllerApp] task::task '5891c0cd-f72f035bf2d6f31c1838b542' finished on 14
2018-07-13 17:03:00.891 [IPControllerApp] task::task '0a952c33-886beff5dd5475caf85f9a48' arrived on 12
2018-07-13 17:03:00.891 [IPControllerApp] task::task '0b958a51-dc9e49e1206aef966071bd50' finished on 12
2018-07-13 17:03:00.892 [IPControllerApp] task::task 'd7a12d4b-428e7f98d4f20d05087d8ed9' arrived on 25
2018-07-13 17:03:00.893 [IPControllerApp] task::task '5e78999e-056a2022ae18ff0bfe062164' finished on 25
2018-07-13 17:03:00.899 [IPControllerApp] task::task 'df9940c4-6564bb237315683eff37f641' arrived on 27
2018-07-13 17:03:00.900 [IPControllerApp] task::task '060a3aa5-44c9fc62e706405ef3b5d160' finished on 27
2018-07-13 17:03:00.929 [IPControllerApp] task::task '87a79dbd-e0e6dbe669d910f96d3ea2af' arrived on 22
2018-07-13 17:03:00.930 [IPControllerApp] task::task 'e44cdb36-e88e10c11a577711df767388' finished on 22
2018-07-13 17:03:00.931 [IPControllerApp] task::task 'cecc1712-751b386532dc14301592b9fd' arrived on 11
2018-07-13 17:03:00.931 [IPControllerApp] task::task 'c49bcf86-47c650e7ed085da15711ef0b' finished on 11
2018-07-13 17:03:00.936 [IPControllerApp] task::task 'b4784588-35b8e2054ccc8bb334219433' arrived on 19
2018-07-13 17:03:00.937 [IPControllerApp] task::task '31dc62a4-d5d7bb72cb1598526e28fa20' finished on 19
2018-07-13 17:03:00.966 [IPControllerApp] task::task '305fa696-d23898d17a2dd6a0706f2c97' arrived on 10
2018-07-13 17:03:00.966 [IPControllerApp] task::task '8d192efb-fe6521e51768bcb25eca42f9' finished on 10
2018-07-13 17:03:00.968 [IPControllerApp] task::task '42d7163b-e16fe9dfe614b68642018a45' arrived on 15
2018-07-13 17:03:00.969 [IPControllerApp] task::task 'bc784946-88dfbc1f473a6414dc9fc652' finished on 15
2018-07-13 17:03:00.970 [IPControllerApp] task::task 'c8073359-af4e6b9f8073af99c81680a0' arrived on 17
2018-07-13 17:03:00.971 [IPControllerApp] task::task '13e74d11-ddb8059f34ddb3c66883b0b2' finished on 17
2018-07-13 17:03:00.976 [IPControllerApp] task::task 'a4dda75c-9a4322f1757c0de7cf9144f6' arrived on 29
2018-07-13 17:03:00.976 [IPControllerApp] task::task 'd0f93ae6-d343ef924bcac8d92f80dcc1' finished on 29
2018-07-13 17:03:00.977 [IPControllerApp] task::task 'e6373426-23761cb21835ec8e2eb8bbeb' arrived on 24
2018-07-13 17:03:00.978 [IPControllerApp] task::task '419604b9-5b6c841fc0206b367415f714' finished on 24
2018-07-13 17:03:00.991 [IPControllerApp] task::task '410eb7c5-07b191d35c21482fa498b74f' arrived on 28
2018-07-13 17:03:00.992 [IPControllerApp] task::task '30d327ef-db8963f59125d5f30d1d30de' finished on 28
2018-07-13 17:03:00.993 [IPControllerApp] task::task '5bca85e4-f805dad8d86c84762709064e' arrived on 20
2018-07-13 17:03:00.993 [IPControllerApp] task::task 'e9745c7f-28abc12a240030137cb28905' finished on 20
2018-07-13 17:03:01.000 [IPControllerApp] task::task '1241e1b6-3ee34edeb578d15aa98dd617' arrived on 31
2018-07-13 17:03:01.001 [IPControllerApp] task::task '886841fb-1153ae20d1521585eead72f1' finished on 31
2018-07-13 17:03:01.002 [IPControllerApp] task::task '72557258-0311d2658f2672a7d71ac82e' arrived on 6
2018-07-13 17:03:01.002 [IPControllerApp] task::task 'c839d1cb-194929885b06726dd98f21ee' finished on 6
2018-07-13 17:03:01.004 [IPControllerApp] task::task 'd24f6e05-2af96a0ff0f8aa648afcb9cd' arrived on 4
2018-07-13 17:03:01.005 [IPControllerApp] task::task '0125aebe-9c8d8bd96582a5ad8d72cad9' finished on 4
2018-07-13 17:03:01.006 [IPControllerApp] task::task '1f40efd0-ce890b3c852450782de8a161' arrived on 8
2018-07-13 17:03:01.007 [IPControllerApp] task::task 'acf4c1a1-597189cd6e84642b30cd5ee4' finished on 8
2018-07-13 17:03:01.020 [IPControllerApp] task::task '26c3ca7f-3e8adfc6b6279ae5bd2ad12b' arrived on 9
2018-07-13 17:03:01.020 [IPControllerApp] task::task 'bea463c4-126483847c9efac2a4a69a4f' finished on 9
2018-07-13 17:03:01.021 [IPControllerApp] task::task '5430d2a3-5e7731ea113fd2a810bb9d55' arrived on 18
2018-07-13 17:03:01.022 [IPControllerApp] task::task '843be6c8-ab9d010f21c1356b3f3c4026' finished on 18
2018-07-13 17:03:01.025 [IPControllerApp] task::task 'b8d99cf6-f1ec3b018c5c1d0e05311172' arrived on 30
2018-07-13 17:03:01.025 [IPControllerApp] task::task '1a59c3cf-29c62aeed30f65726d06c643' finished on 30
2018-07-13 17:03:01.032 [IPControllerApp] task::task 'f13fce54-18945e2f40260502c7313494' arrived on 26
2018-07-13 17:03:01.033 [IPControllerApp] task::task '75e31b84-15bf7bd09962f3d8b66addd5' finished on 26
2018-07-13 17:03:01.263 [IPControllerApp] heartbeat::missed b'3160c736-537506c15294b639d0b5395d' : 4
2018-07-13 17:03:04.263 [IPControllerApp] heartbeat::missed b'3160c736-537506c15294b639d0b5395d' : 5
2018-07-13 17:03:07.266 [IPControllerApp] heartbeat::missed b'3160c736-537506c15294b639d0b5395d' : 6
2018-07-13 17:03:07.785 [IPControllerApp] task::task '48f98104-2395c3e6363e9c1585f38a79' arrived on 23
2018-07-13 17:03:07.786 [IPControllerApp] task::task '1a28bdd4-dcb0d4be287bf3f34980c62a' finished on 23
2018-07-13 17:03:08.055 [IPControllerApp] task::task '90de5c0c-a495bf1fe6acf6b315c82941' arrived on 21
2018-07-13 17:03:08.056 [IPControllerApp] task::task '16635803-8cbe621bcc0b6016d54e08ea' finished on 21
2018-07-13 17:03:08.291 [IPControllerApp] task::task '1bf18832-54602033041a09a51a8ee29d' arrived on 7
2018-07-13 17:03:08.292 [IPControllerApp] task::task '2db122f7-9abb946ad6ac94d87a4459c1' finished on 7
2018-07-13 17:03:08.293 [IPControllerApp] task::task '56037d90-51424cf58c25f562d7c0095b' arrived on 0
2018-07-13 17:03:08.294 [IPControllerApp] task::task 'afccf764-9c1d489acdae4d4f19a94f3b' finished on 0
2018-07-13 17:03:10.265 [IPControllerApp] heartbeat::missed b'3160c736-537506c15294b639d0b5395d' : 7
2018-07-13 17:03:10.746 [IPControllerApp] task::task '5bbdc320-8572074de059bbbae3afb770' arrived on 5
2018-07-13 17:03:10.746 [IPControllerApp] task::task 'ce261fae-a93eb51dd3c6d15a65dbb32f' finished on 5
2018-07-13 17:03:10.910 [IPControllerApp] task::task '1833a1d0-fe246f36f0f395bd997187ed' arrived on 25
2018-07-13 17:03:10.911 [IPControllerApp] task::task 'd7a12d4b-428e7f98d4f20d05087d8ed9' finished on 25
2018-07-13 17:03:10.911 [IPControllerApp] task::task '7daef2ef-13e8049876b7064d458bc369' arrived on 12
2018-07-13 17:03:10.912 [IPControllerApp] task::task '0a952c33-886beff5dd5475caf85f9a48' finished on 12
2018-07-13 17:03:13.265 [IPControllerApp] heartbeat::missed b'3160c736-537506c15294b639d0b5395d' : 8
2018-07-13 17:03:16.265 [IPControllerApp] heartbeat::missed b'05b9da26-9fec1cb099774d918477b949' : 1
2018-07-13 17:03:16.265 [IPControllerApp] heartbeat::missed b'dc2becee-3518bf2ea39dc3243f74fc6d' : 1
2018-07-13 17:03:16.265 [IPControllerApp] heartbeat::missed b'3160c736-537506c15294b639d0b5395d' : 9
2018-07-13 17:03:16.265 [IPControllerApp] heartbeat::missed b'd8c16160-abb2db04131cbda067e51043' : 1
2018-07-13 17:03:16.265 [IPControllerApp] heartbeat::missed b'085a5af0-6c2c161bb06883150e3e1369' : 1
2018-07-13 17:03:16.266 [IPControllerApp] heartbeat::missed b'6173d8d5-4383beb68446205cfc71f17e' : 1
2018-07-13 17:03:16.266 [IPControllerApp] heartbeat::missed b'5f72e321-768ccbdff4f93601006e5edb' : 1
2018-07-13 17:03:16.266 [IPControllerApp] heartbeat::missed b'd5e8f31c-89275c4fc4c9b68105d0ffd4' : 1
2018-07-13 17:03:16.266 [IPControllerApp] heartbeat::missed b'550c6e22-18f670e3697d6616654648f8' : 1
2018-07-13 17:03:16.266 [IPControllerApp] heartbeat::missed b'2dc76252-da1f7356e2504eec6bd80d7f' : 1
2018-07-13 17:03:16.266 [IPControllerApp] heartbeat::missed b'6aac8c30-b85f84a0bc55aa2abf2c15c9' : 1
2018-07-13 17:03:16.266 [IPControllerApp] heartbeat::missed b'a2c6cab5-5102163a5bf7265ce65c71c8' : 1
2018-07-13 17:03:16.266 [IPControllerApp] heartbeat::missed b'e4452452-92c0b3ba6d1d092f97bcc2a3' : 1
2018-07-13 17:03:16.266 [IPControllerApp] heartbeat::missed b'5582e83b-4cf418b0c1d57c7ecc7aaf86' : 1
2018-07-13 17:03:16.266 [IPControllerApp] heartbeat::missed b'ffb41765-ba8c123c813306489ee3c856' : 1
2018-07-13 17:03:16.266 [IPControllerApp] heartbeat::missed b'42502089-7a9be90162bd8ce8bacd0b98' : 1
2018-07-13 17:03:16.266 [IPControllerApp] heartbeat::missed b'3318b6c2-385c533689beb0beb96c03f3' : 1
2018-07-13 17:03:16.266 [IPControllerApp] heartbeat::missed b'd6f3554f-10461a15a316e966f8310dbd' : 1
2018-07-13 17:03:16.266 [IPControllerApp] heartbeat::missed b'44e3d1d4-662becdd8ab4004e17086c9d' : 1
2018-07-13 17:03:16.266 [IPControllerApp] heartbeat::missed b'56079fa1-4cee5c7f4ecd55c5fbb851be' : 1
2018-07-13 17:03:16.266 [IPControllerApp] heartbeat::missed b'0bf433d2-8466ff226c0a5091245be36e' : 1
2018-07-13 17:03:16.267 [IPControllerApp] heartbeat::missed b'5d6f0a65-26f37029282d7e21d6eabf75' : 1
2018-07-13 17:03:16.267 [IPControllerApp] heartbeat::missed b'146919fc-0f26e062894ef1938b4faa71' : 1
2018-07-13 17:03:16.267 [IPControllerApp] heartbeat::missed b'404788aa-6c6673e4aac9bdee22e6b1a5' : 1
2018-07-13 17:03:16.267 [IPControllerApp] heartbeat::missed b'349fca0c-2fa8a5f2a5d8ccbb30111d8e' : 1
2018-07-13 17:03:16.267 [IPControllerApp] heartbeat::missed b'217a8a34-05c8683226ddb7ebdc360691' : 1
2018-07-13 17:03:16.267 [IPControllerApp] heartbeat::missed b'bf5bb1ae-1ff79e60d3391a642df06c5f' : 1
2018-07-13 17:03:16.267 [IPControllerApp] heartbeat::missed b'9603b889-3083076441db161a671feeb4' : 1
2018-07-13 17:03:16.267 [IPControllerApp] heartbeat::missed b'd89f479c-f8e54e2d373740f95b6245bd' : 1
2018-07-13 17:03:16.267 [IPControllerApp] heartbeat::missed b'bd002820-ba7b1fe98fd51ef9bd13638f' : 1
2018-07-13 17:03:16.267 [IPControllerApp] heartbeat::missed b'15fedd30-a059ff003b168df6b2101b61' : 1
2018-07-13 17:03:16.267 [IPControllerApp] heartbeat::missed b'6615f5ea-ace3271e287deacc345625d7' : 1
2018-07-13 17:03:19.264 [IPControllerApp] heartbeat::missed b'05b9da26-9fec1cb099774d918477b949' : 2
2018-07-13 17:03:19.264 [IPControllerApp] heartbeat::missed b'dc2becee-3518bf2ea39dc3243f74fc6d' : 2
2018-07-13 17:03:19.264 [IPControllerApp] heartbeat::missed b'3160c736-537506c15294b639d0b5395d' : 10
2018-07-13 17:03:19.264 [IPControllerApp] heartbeat::missed b'd8c16160-abb2db04131cbda067e51043' : 2
2018-07-13 17:03:19.264 [IPControllerApp] heartbeat::missed b'085a5af0-6c2c161bb06883150e3e1369' : 2
2018-07-13 17:03:19.264 [IPControllerApp] heartbeat::missed b'6173d8d5-4383beb68446205cfc71f17e' : 2
2018-07-13 17:03:19.264 [IPControllerApp] heartbeat::missed b'5f72e321-768ccbdff4f93601006e5edb' : 2
2018-07-13 17:03:19.265 [IPControllerApp] heartbeat::missed b'd5e8f31c-89275c4fc4c9b68105d0ffd4' : 2
2018-07-13 17:03:19.265 [IPControllerApp] heartbeat::missed b'550c6e22-18f670e3697d6616654648f8' : 2
2018-07-13 17:03:19.265 [IPControllerApp] heartbeat::missed b'2dc76252-da1f7356e2504eec6bd80d7f' : 2
2018-07-13 17:03:19.265 [IPControllerApp] heartbeat::missed b'6aac8c30-b85f84a0bc55aa2abf2c15c9' : 2
2018-07-13 17:03:19.265 [IPControllerApp] heartbeat::missed b'a2c6cab5-5102163a5bf7265ce65c71c8' : 2
2018-07-13 17:03:19.265 [IPControllerApp] heartbeat::missed b'e4452452-92c0b3ba6d1d092f97bcc2a3' : 2
2018-07-13 17:03:19.265 [IPControllerApp] heartbeat::missed b'5582e83b-4cf418b0c1d57c7ecc7aaf86' : 2
2018-07-13 17:03:19.265 [IPControllerApp] heartbeat::missed b'ffb41765-ba8c123c813306489ee3c856' : 2
2018-07-13 17:03:19.265 [IPControllerApp] heartbeat::missed b'42502089-7a9be90162bd8ce8bacd0b98' : 2
2018-07-13 17:03:19.265 [IPControllerApp] heartbeat::missed b'3318b6c2-385c533689beb0beb96c03f3' : 2
2018-07-13 17:03:19.265 [IPControllerApp] heartbeat::missed b'd6f3554f-10461a15a316e966f8310dbd' : 2
2018-07-13 17:03:19.265 [IPControllerApp] heartbeat::missed b'44e3d1d4-662becdd8ab4004e17086c9d' : 2
2018-07-13 17:03:19.265 [IPControllerApp] heartbeat::missed b'56079fa1-4cee5c7f4ecd55c5fbb851be' : 2
2018-07-13 17:03:19.265 [IPControllerApp] heartbeat::missed b'0bf433d2-8466ff226c0a5091245be36e' : 2
2018-07-13 17:03:19.265 [IPControllerApp] heartbeat::missed b'5d6f0a65-26f37029282d7e21d6eabf75' : 2
2018-07-13 17:03:19.266 [IPControllerApp] heartbeat::missed b'146919fc-0f26e062894ef1938b4faa71' : 2
2018-07-13 17:03:19.266 [IPControllerApp] heartbeat::missed b'404788aa-6c6673e4aac9bdee22e6b1a5' : 2
2018-07-13 17:03:19.266 [IPControllerApp] heartbeat::missed b'349fca0c-2fa8a5f2a5d8ccbb30111d8e' : 2
2018-07-13 17:03:19.266 [IPControllerApp] heartbeat::missed b'217a8a34-05c8683226ddb7ebdc360691' : 2
2018-07-13 17:03:19.266 [IPControllerApp] heartbeat::missed b'bf5bb1ae-1ff79e60d3391a642df06c5f' : 2
2018-07-13 17:03:19.266 [IPControllerApp] heartbeat::missed b'9603b889-3083076441db161a671feeb4' : 2
2018-07-13 17:03:19.266 [IPControllerApp] heartbeat::missed b'd89f479c-f8e54e2d373740f95b6245bd' : 2
2018-07-13 17:03:19.266 [IPControllerApp] heartbeat::missed b'bd002820-ba7b1fe98fd51ef9bd13638f' : 2
2018-07-13 17:03:19.266 [IPControllerApp] heartbeat::missed b'15fedd30-a059ff003b168df6b2101b61' : 2
2018-07-13 17:03:19.266 [IPControllerApp] heartbeat::missed b'6615f5ea-ace3271e287deacc345625d7' : 2
2018-07-13 17:03:22.265 [IPControllerApp] heartbeat::missed b'05b9da26-9fec1cb099774d918477b949' : 3
2018-07-13 17:03:22.265 [IPControllerApp] heartbeat::missed b'dc2becee-3518bf2ea39dc3243f74fc6d' : 3
2018-07-13 17:03:22.265 [IPControllerApp] heartbeat::missed b'3160c736-537506c15294b639d0b5395d' : 11
2018-07-13 17:03:22.266 [IPControllerApp] heartbeat::missed b'd8c16160-abb2db04131cbda067e51043' : 3
2018-07-13 17:03:22.266 [IPControllerApp] heartbeat::missed b'085a5af0-6c2c161bb06883150e3e1369' : 3
2018-07-13 17:03:22.266 [IPControllerApp] heartbeat::missed b'6173d8d5-4383beb68446205cfc71f17e' : 3
2018-07-13 17:03:22.266 [IPControllerApp] heartbeat::missed b'5f72e321-768ccbdff4f93601006e5edb' : 3
2018-07-13 17:03:22.266 [IPControllerApp] heartbeat::missed b'd5e8f31c-89275c4fc4c9b68105d0ffd4' : 3
2018-07-13 17:03:22.266 [IPControllerApp] heartbeat::missed b'550c6e22-18f670e3697d6616654648f8' : 3
2018-07-13 17:03:22.266 [IPControllerApp] heartbeat::missed b'2dc76252-da1f7356e2504eec6bd80d7f' : 3
2018-07-13 17:03:22.266 [IPControllerApp] heartbeat::missed b'6aac8c30-b85f84a0bc55aa2abf2c15c9' : 3
2018-07-13 17:03:22.266 [IPControllerApp] heartbeat::missed b'a2c6cab5-5102163a5bf7265ce65c71c8' : 3
2018-07-13 17:03:22.266 [IPControllerApp] heartbeat::missed b'e4452452-92c0b3ba6d1d092f97bcc2a3' : 3
2018-07-13 17:03:22.266 [IPControllerApp] heartbeat::missed b'5582e83b-4cf418b0c1d57c7ecc7aaf86' : 3
2018-07-13 17:03:22.266 [IPControllerApp] heartbeat::missed b'ffb41765-ba8c123c813306489ee3c856' : 3
2018-07-13 17:03:22.266 [IPControllerApp] heartbeat::missed b'42502089-7a9be90162bd8ce8bacd0b98' : 3
2018-07-13 17:03:22.266 [IPControllerApp] heartbeat::missed b'3318b6c2-385c533689beb0beb96c03f3' : 3
2018-07-13 17:03:22.266 [IPControllerApp] heartbeat::missed b'd6f3554f-10461a15a316e966f8310dbd' : 3
2018-07-13 17:03:22.267 [IPControllerApp] heartbeat::missed b'44e3d1d4-662becdd8ab4004e17086c9d' : 3
2018-07-13 17:03:22.267 [IPControllerApp] heartbeat::missed b'56079fa1-4cee5c7f4ecd55c5fbb851be' : 3
2018-07-13 17:03:22.267 [IPControllerApp] heartbeat::missed b'0bf433d2-8466ff226c0a5091245be36e' : 3
2018-07-13 17:03:22.267 [IPControllerApp] heartbeat::missed b'5d6f0a65-26f37029282d7e21d6eabf75' : 3
2018-07-13 17:03:22.267 [IPControllerApp] heartbeat::missed b'146919fc-0f26e062894ef1938b4faa71' : 3
2018-07-13 17:03:22.267 [IPControllerApp] heartbeat::missed b'404788aa-6c6673e4aac9bdee22e6b1a5' : 3
2018-07-13 17:03:22.267 [IPControllerApp] heartbeat::missed b'349fca0c-2fa8a5f2a5d8ccbb30111d8e' : 3
2018-07-13 17:03:22.267 [IPControllerApp] heartbeat::missed b'217a8a34-05c8683226ddb7ebdc360691' : 3
2018-07-13 17:03:22.267 [IPControllerApp] heartbeat::missed b'bf5bb1ae-1ff79e60d3391a642df06c5f' : 3
2018-07-13 17:03:22.267 [IPControllerApp] heartbeat::missed b'9603b889-3083076441db161a671feeb4' : 3
2018-07-13 17:03:22.267 [IPControllerApp] heartbeat::missed b'd89f479c-f8e54e2d373740f95b6245bd' : 3
2018-07-13 17:03:22.267 [IPControllerApp] heartbeat::missed b'bd002820-ba7b1fe98fd51ef9bd13638f' : 3
2018-07-13 17:03:22.267 [IPControllerApp] heartbeat::missed b'15fedd30-a059ff003b168df6b2101b61' : 3
2018-07-13 17:03:22.267 [IPControllerApp] heartbeat::missed b'6615f5ea-ace3271e287deacc345625d7' : 3
2018-07-13 17:03:22.267 [IPControllerApp] registration::unregister_engine(1)
2018-07-13 17:03:25.266 [IPControllerApp] heartbeat::missed b'5582e83b-4cf418b0c1d57c7ecc7aaf86' : 4
2018-07-13 17:03:25.266 [IPControllerApp] heartbeat::missed b'05b9da26-9fec1cb099774d918477b949' : 4
2018-07-13 17:03:25.266 [IPControllerApp] heartbeat::missed b'ffb41765-ba8c123c813306489ee3c856' : 4
2018-07-13 17:03:25.266 [IPControllerApp] heartbeat::missed b'42502089-7a9be90162bd8ce8bacd0b98' : 4
2018-07-13 17:03:25.266 [IPControllerApp] heartbeat::missed b'dc2becee-3518bf2ea39dc3243f74fc6d' : 4
2018-07-13 17:03:25.266 [IPControllerApp] heartbeat::missed b'3318b6c2-385c533689beb0beb96c03f3' : 4
2018-07-13 17:03:25.266 [IPControllerApp] heartbeat::missed b'd8c16160-abb2db04131cbda067e51043' : 4
2018-07-13 17:03:25.266 [IPControllerApp] heartbeat::missed b'085a5af0-6c2c161bb06883150e3e1369' : 4
2018-07-13 17:03:25.266 [IPControllerApp] heartbeat::missed b'd6f3554f-10461a15a316e966f8310dbd' : 4
2018-07-13 17:03:25.266 [IPControllerApp] heartbeat::missed b'44e3d1d4-662becdd8ab4004e17086c9d' : 4
2018-07-13 17:03:25.267 [IPControllerApp] heartbeat::missed b'56079fa1-4cee5c7f4ecd55c5fbb851be' : 4
2018-07-13 17:03:25.267 [IPControllerApp] heartbeat::missed b'6173d8d5-4383beb68446205cfc71f17e' : 4
2018-07-13 17:03:25.267 [IPControllerApp] heartbeat::missed b'0bf433d2-8466ff226c0a5091245be36e' : 4
2018-07-13 17:03:25.267 [IPControllerApp] heartbeat::missed b'5d6f0a65-26f37029282d7e21d6eabf75' : 4
2018-07-13 17:03:25.267 [IPControllerApp] heartbeat::missed b'146919fc-0f26e062894ef1938b4faa71' : 4
2018-07-13 17:03:25.267 [IPControllerApp] heartbeat::missed b'5f72e321-768ccbdff4f93601006e5edb' : 4
2018-07-13 17:03:25.267 [IPControllerApp] heartbeat::missed b'd5e8f31c-89275c4fc4c9b68105d0ffd4' : 4
2018-07-13 17:03:25.267 [IPControllerApp] heartbeat::missed b'550c6e22-18f670e3697d6616654648f8' : 4
2018-07-13 17:03:25.267 [IPControllerApp] heartbeat::missed b'2dc76252-da1f7356e2504eec6bd80d7f' : 4
2018-07-13 17:03:25.267 [IPControllerApp] heartbeat::missed b'6aac8c30-b85f84a0bc55aa2abf2c15c9' : 4
2018-07-13 17:03:25.267 [IPControllerApp] heartbeat::missed b'404788aa-6c6673e4aac9bdee22e6b1a5' : 4
2018-07-13 17:03:25.267 [IPControllerApp] heartbeat::missed b'a2c6cab5-5102163a5bf7265ce65c71c8' : 4
2018-07-13 17:03:25.267 [IPControllerApp] heartbeat::missed b'349fca0c-2fa8a5f2a5d8ccbb30111d8e' : 4
2018-07-13 17:03:25.267 [IPControllerApp] heartbeat::missed b'217a8a34-05c8683226ddb7ebdc360691' : 4
2018-07-13 17:03:25.267 [IPControllerApp] heartbeat::missed b'bf5bb1ae-1ff79e60d3391a642df06c5f' : 4
2018-07-13 17:03:25.268 [IPControllerApp] heartbeat::missed b'9603b889-3083076441db161a671feeb4' : 4
2018-07-13 17:03:25.268 [IPControllerApp] heartbeat::missed b'e4452452-92c0b3ba6d1d092f97bcc2a3' : 4
2018-07-13 17:03:25.268 [IPControllerApp] heartbeat::missed b'd89f479c-f8e54e2d373740f95b6245bd' : 4
2018-07-13 17:03:25.268 [IPControllerApp] heartbeat::missed b'bd002820-ba7b1fe98fd51ef9bd13638f' : 4
2018-07-13 17:03:25.268 [IPControllerApp] heartbeat::missed b'15fedd30-a059ff003b168df6b2101b61' : 4
2018-07-13 17:03:25.268 [IPControllerApp] heartbeat::missed b'6615f5ea-ace3271e287deacc345625d7' : 4
2018-07-13 17:03:27.278 [IPControllerApp] task::task 'a3b1321f-8baca03970815aacb19f0d01' finished on 1
2018-07-13 17:03:28.264 [IPControllerApp] heartbeat::missed b'5582e83b-4cf418b0c1d57c7ecc7aaf86' : 5
2018-07-13 17:03:28.264 [IPControllerApp] heartbeat::missed b'05b9da26-9fec1cb099774d918477b949' : 5
2018-07-13 17:03:28.265 [IPControllerApp] heartbeat::missed b'ffb41765-ba8c123c813306489ee3c856' : 5
2018-07-13 17:03:28.265 [IPControllerApp] heartbeat::missed b'42502089-7a9be90162bd8ce8bacd0b98' : 5
2018-07-13 17:03:28.265 [IPControllerApp] heartbeat::missed b'dc2becee-3518bf2ea39dc3243f74fc6d' : 5
2018-07-13 17:03:28.265 [IPControllerApp] heartbeat::missed b'3318b6c2-385c533689beb0beb96c03f3' : 5
2018-07-13 17:03:28.265 [IPControllerApp] heartbeat::missed b'd8c16160-abb2db04131cbda067e51043' : 5
2018-07-13 17:03:28.265 [IPControllerApp] heartbeat::missed b'085a5af0-6c2c161bb06883150e3e1369' : 5
2018-07-13 17:03:28.265 [IPControllerApp] heartbeat::missed b'd6f3554f-10461a15a316e966f8310dbd' : 5
2018-07-13 17:03:28.265 [IPControllerApp] heartbeat::missed b'44e3d1d4-662becdd8ab4004e17086c9d' : 5
2018-07-13 17:03:28.266 [IPControllerApp] heartbeat::missed b'56079fa1-4cee5c7f4ecd55c5fbb851be' : 5
2018-07-13 17:03:28.266 [IPControllerApp] heartbeat::missed b'6173d8d5-4383beb68446205cfc71f17e' : 5
2018-07-13 17:03:28.266 [IPControllerApp] heartbeat::missed b'0bf433d2-8466ff226c0a5091245be36e' : 5
2018-07-13 17:03:28.266 [IPControllerApp] heartbeat::missed b'5d6f0a65-26f37029282d7e21d6eabf75' : 5
2018-07-13 17:03:28.266 [IPControllerApp] heartbeat::missed b'146919fc-0f26e062894ef1938b4faa71' : 5
2018-07-13 17:03:28.266 [IPControllerApp] heartbeat::missed b'5f72e321-768ccbdff4f93601006e5edb' : 5
2018-07-13 17:03:28.266 [IPControllerApp] heartbeat::missed b'd5e8f31c-89275c4fc4c9b68105d0ffd4' : 5
2018-07-13 17:03:28.266 [IPControllerApp] heartbeat::missed b'550c6e22-18f670e3697d6616654648f8' : 5
2018-07-13 17:03:28.266 [IPControllerApp] heartbeat::missed b'2dc76252-da1f7356e2504eec6bd80d7f' : 5
2018-07-13 17:03:28.266 [IPControllerApp] heartbeat::missed b'6aac8c30-b85f84a0bc55aa2abf2c15c9' : 5
2018-07-13 17:03:28.266 [IPControllerApp] heartbeat::missed b'404788aa-6c6673e4aac9bdee22e6b1a5' : 5
2018-07-13 17:03:28.266 [IPControllerApp] heartbeat::missed b'a2c6cab5-5102163a5bf7265ce65c71c8' : 5
2018-07-13 17:03:28.266 [IPControllerApp] heartbeat::missed b'349fca0c-2fa8a5f2a5d8ccbb30111d8e' : 5
2018-07-13 17:03:28.266 [IPControllerApp] heartbeat::missed b'217a8a34-05c8683226ddb7ebdc360691' : 5
2018-07-13 17:03:28.267 [IPControllerApp] heartbeat::missed b'bf5bb1ae-1ff79e60d3391a642df06c5f' : 5
2018-07-13 17:03:28.267 [IPControllerApp] heartbeat::missed b'9603b889-3083076441db161a671feeb4' : 5
2018-07-13 17:03:28.267 [IPControllerApp] heartbeat::missed b'e4452452-92c0b3ba6d1d092f97bcc2a3' : 5
2018-07-13 17:03:28.267 [IPControllerApp] heartbeat::missed b'd89f479c-f8e54e2d373740f95b6245bd' : 5
2018-07-13 17:03:28.267 [IPControllerApp] heartbeat::missed b'bd002820-ba7b1fe98fd51ef9bd13638f' : 5
2018-07-13 17:03:28.267 [IPControllerApp] heartbeat::missed b'15fedd30-a059ff003b168df6b2101b61' : 5
2018-07-13 17:03:28.267 [IPControllerApp] heartbeat::missed b'6615f5ea-ace3271e287deacc345625d7' : 5
2018-07-13 17:03:28.559 [IPControllerApp] CRITICAL | Received signal 15, shutting down
2018-07-13 17:03:28.559 [IPControllerApp] CRITICAL | terminating children...
