2018-07-18 13:41:23.904 [IPControllerApp] Created profile dir: '/scratch/midway2/madduru/parsl/parsl/tests/integration/test_stress/runinfo/1181/profile_midway_ipp'
2018-07-18 13:41:23.923 [IPControllerApp] Hub listening on tcp://*:53686 for registration.
2018-07-18 13:41:23.925 [IPControllerApp] Hub using DB backend: 'DictDB'
2018-07-18 13:41:24.188 [IPControllerApp] hub::created hub
2018-07-18 13:41:24.188 [IPControllerApp] writing connection info to /scratch/midway2/madduru/parsl/parsl/tests/integration/test_stress/runinfo/1181/profile_midway_ipp/security/ipcontroller-client.json
2018-07-18 13:41:24.190 [IPControllerApp] writing connection info to /scratch/midway2/madduru/parsl/parsl/tests/integration/test_stress/runinfo/1181/profile_midway_ipp/security/ipcontroller-engine.json
2018-07-18 13:41:24.190 [IPControllerApp] task::using Python leastload Task scheduler
2018-07-18 13:41:24.191 [IPControllerApp] Heartmonitor started
2018-07-18 13:41:24.200 [IPControllerApp] Creating pid file: /scratch/midway2/madduru/parsl/parsl/tests/integration/test_stress/runinfo/1181/profile_midway_ipp/pid/ipcontroller.pid
2018-07-18 13:41:24.209 [scheduler] Scheduler started [leastload]
2018-07-18 13:41:24.211 [IPControllerApp] client::client b'\x00k\x8bEg' requested 'connection_request'
2018-07-18 13:41:24.211 [IPControllerApp] client::client [b'\x00k\x8bEg'] connected
2018-07-18 13:41:24.939 [IPControllerApp] client::client b'\x00k\x8bEh' requested 'connection_request'
2018-07-18 13:41:24.940 [IPControllerApp] client::client [b'\x00k\x8bEh'] connected
2018-07-18 13:44:45.498 [IPControllerApp] client::client b'd2d5e3eb-fde07e9e3512fc59f2bf67fc' requested 'registration_request'
2018-07-18 13:44:45.500 [IPControllerApp] client::client b'44ce1b96-c1fe1497eee02bbf66e6807c' requested 'registration_request'
2018-07-18 13:44:45.501 [IPControllerApp] client::client b'4eb76271-6a7a635e4461813ff6e1d82b' requested 'registration_request'
2018-07-18 13:44:45.502 [IPControllerApp] client::client b'4a95a4c7-5166ac9f003ac540c50dd0fe' requested 'registration_request'
2018-07-18 13:44:45.503 [IPControllerApp] client::client b'69d241c5-e3de82cef3806a4a9fa7e502' requested 'registration_request'
2018-07-18 13:44:45.503 [IPControllerApp] client::client b'd27ab00d-ff647e0ddb1755722bd9fb02' requested 'registration_request'
2018-07-18 13:44:45.504 [IPControllerApp] client::client b'bcddc0c9-4a2b7709f48c3e603e2f2c41' requested 'registration_request'
2018-07-18 13:44:45.505 [IPControllerApp] client::client b'03baae60-6a0af1746f9a2c6006b26a36' requested 'registration_request'
2018-07-18 13:44:45.506 [IPControllerApp] client::client b'4025a157-a2d4b53200940c878433c4cb' requested 'registration_request'
2018-07-18 13:44:45.513 [IPControllerApp] client::client b'89f41466-7552662d6ab4f42af3c19d4e' requested 'registration_request'
2018-07-18 13:44:45.575 [IPControllerApp] client::client b'2beeb5c0-026ab1165251c118483c7c4f' requested 'registration_request'
2018-07-18 13:44:45.576 [IPControllerApp] client::client b'd7dc8086-41dc9c444d209556a745bbc1' requested 'registration_request'
2018-07-18 13:44:45.577 [IPControllerApp] client::client b'6c937876-1534f5f52ea994b50d4b601e' requested 'registration_request'
2018-07-18 13:44:45.578 [IPControllerApp] client::client b'8898a317-4626877b3631eeff46bf9f8e' requested 'registration_request'
2018-07-18 13:44:45.579 [IPControllerApp] client::client b'0a63bf2c-79bf99223af04730aa509b82' requested 'registration_request'
2018-07-18 13:44:45.584 [IPControllerApp] client::client b'dd34f905-c4a2e4844c46ee0df831cf16' requested 'registration_request'
2018-07-18 13:44:45.590 [IPControllerApp] client::client b'8b1af325-58e139b472c4ae5ec8575f95' requested 'registration_request'
2018-07-18 13:44:45.603 [IPControllerApp] client::client b'077906ea-a4e2201345c171d0bdb1bec8' requested 'registration_request'
2018-07-18 13:44:45.608 [IPControllerApp] client::client b'afe748ca-c146a1f8791a444ec98281bb' requested 'registration_request'
2018-07-18 13:44:45.623 [IPControllerApp] client::client b'1bdb8aba-4bd58ee6b1ee1a3a752f2f9c' requested 'registration_request'
2018-07-18 13:44:45.630 [IPControllerApp] client::client b'68603a86-e527ab6d39b5666bc6cc200a' requested 'registration_request'
2018-07-18 13:44:45.631 [IPControllerApp] client::client b'4184904b-a019a630ac27a313ef572fe7' requested 'registration_request'
2018-07-18 13:44:45.632 [IPControllerApp] client::client b'850ad86d-ec178e6970e7d8b9eabd2ade' requested 'registration_request'
2018-07-18 13:44:45.633 [IPControllerApp] client::client b'2e0bc002-e096b70e2720b58ccac1d8a1' requested 'registration_request'
2018-07-18 13:44:45.634 [IPControllerApp] client::client b'cf279e4b-ffdf834390371c25520747f9' requested 'registration_request'
2018-07-18 13:44:45.635 [IPControllerApp] client::client b'540cd4e1-4e04a1582c76e7cb1077bdd0' requested 'registration_request'
2018-07-18 13:44:45.640 [IPControllerApp] client::client b'bc203e4c-a947404bd135c6dcb18d56a2' requested 'registration_request'
2018-07-18 13:44:45.644 [IPControllerApp] client::client b'ef939137-b732936aecb94dc47bd26019' requested 'registration_request'
2018-07-18 13:44:45.645 [IPControllerApp] client::client b'900c36cf-36c3baab64809bacfedb0d9f' requested 'registration_request'
2018-07-18 13:44:45.646 [IPControllerApp] client::client b'8684bdd1-bea0e4354c2685c3214259b8' requested 'registration_request'
2018-07-18 13:44:45.646 [IPControllerApp] client::client b'9b46f4d3-cb67c93c1589e7963c0eb336' requested 'registration_request'
2018-07-18 13:44:45.649 [IPControllerApp] client::client b'd132b4d9-faf7b3792f7850b457784d51' requested 'registration_request'
2018-07-18 13:44:45.651 [IPControllerApp] client::client b'7d6da2cf-aded7f04c7abfc6cd5ed7427' requested 'registration_request'
2018-07-18 13:44:45.654 [IPControllerApp] client::client b'7963bc9e-7db3ae4f77703e28a1bcae03' requested 'registration_request'
2018-07-18 13:44:45.681 [IPControllerApp] client::client b'f29789ec-f69e77d81d731b01c971d0d9' requested 'registration_request'
2018-07-18 13:44:45.682 [IPControllerApp] client::client b'fe4f2fd1-1387dc70a3ff795b865cfe0a' requested 'registration_request'
2018-07-18 13:44:45.889 [IPControllerApp] client::client b'298f5521-a480c0e6db7a58bde51bd049' requested 'registration_request'
2018-07-18 13:44:45.958 [IPControllerApp] client::client b'951be68d-7e14ba0b2deaeb3639d9c85f' requested 'registration_request'
2018-07-18 13:44:48.986 [IPControllerApp] client::client b'0a12813e-034b647cda64832c663a8a77' requested 'registration_request'
2018-07-18 13:44:49.003 [IPControllerApp] client::client b'544fe75f-039ba0dc0d46021151c95827' requested 'registration_request'
2018-07-18 13:44:50.030 [IPControllerApp] client::client b'e4636bdf-0bea0bd3b2926a80e9228908' requested 'registration_request'
2018-07-18 13:44:50.883 [IPControllerApp] client::client b'ce1bd404-7beae2c85ce2aa1ea668b419' requested 'registration_request'
2018-07-18 13:44:50.936 [IPControllerApp] client::client b'e5bfa8e4-3fcf31da40a0207846923266' requested 'registration_request'
2018-07-18 13:44:51.192 [IPControllerApp] registration::finished registering engine 7:03baae60-6a0af1746f9a2c6006b26a36
2018-07-18 13:44:51.192 [IPControllerApp] engine::Engine Connected: 7
2018-07-18 13:44:51.194 [IPControllerApp] registration::finished registering engine 12:6c937876-1534f5f52ea994b50d4b601e
2018-07-18 13:44:51.194 [IPControllerApp] engine::Engine Connected: 12
2018-07-18 13:44:51.195 [IPControllerApp] registration::finished registering engine 13:8898a317-4626877b3631eeff46bf9f8e
2018-07-18 13:44:51.195 [IPControllerApp] engine::Engine Connected: 13
2018-07-18 13:44:51.195 [IPControllerApp] registration::finished registering engine 9:89f41466-7552662d6ab4f42af3c19d4e
2018-07-18 13:44:51.196 [IPControllerApp] engine::Engine Connected: 9
2018-07-18 13:44:51.196 [IPControllerApp] registration::finished registering engine 8:4025a157-a2d4b53200940c878433c4cb
2018-07-18 13:44:51.197 [IPControllerApp] engine::Engine Connected: 8
2018-07-18 13:44:51.197 [IPControllerApp] registration::finished registering engine 11:d7dc8086-41dc9c444d209556a745bbc1
2018-07-18 13:44:51.197 [IPControllerApp] engine::Engine Connected: 11
2018-07-18 13:44:51.198 [IPControllerApp] registration::finished registering engine 14:0a63bf2c-79bf99223af04730aa509b82
2018-07-18 13:44:51.198 [IPControllerApp] engine::Engine Connected: 14
2018-07-18 13:44:51.198 [IPControllerApp] registration::finished registering engine 15:dd34f905-c4a2e4844c46ee0df831cf16
2018-07-18 13:44:51.199 [IPControllerApp] engine::Engine Connected: 15
2018-07-18 13:44:51.199 [IPControllerApp] registration::finished registering engine 16:8b1af325-58e139b472c4ae5ec8575f95
2018-07-18 13:44:51.199 [IPControllerApp] engine::Engine Connected: 16
2018-07-18 13:44:51.200 [IPControllerApp] registration::finished registering engine 1:44ce1b96-c1fe1497eee02bbf66e6807c
2018-07-18 13:44:51.200 [IPControllerApp] engine::Engine Connected: 1
2018-07-18 13:44:51.200 [IPControllerApp] registration::finished registering engine 2:4eb76271-6a7a635e4461813ff6e1d82b
2018-07-18 13:44:51.201 [IPControllerApp] engine::Engine Connected: 2
2018-07-18 13:44:51.201 [IPControllerApp] registration::finished registering engine 4:69d241c5-e3de82cef3806a4a9fa7e502
2018-07-18 13:44:51.201 [IPControllerApp] engine::Engine Connected: 4
2018-07-18 13:44:51.202 [IPControllerApp] registration::finished registering engine 3:4a95a4c7-5166ac9f003ac540c50dd0fe
2018-07-18 13:44:51.202 [IPControllerApp] engine::Engine Connected: 3
2018-07-18 13:44:51.202 [IPControllerApp] registration::finished registering engine 0:d2d5e3eb-fde07e9e3512fc59f2bf67fc
2018-07-18 13:44:51.202 [IPControllerApp] engine::Engine Connected: 0
2018-07-18 13:44:51.203 [IPControllerApp] registration::finished registering engine 17:077906ea-a4e2201345c171d0bdb1bec8
2018-07-18 13:44:51.203 [IPControllerApp] engine::Engine Connected: 17
2018-07-18 13:44:51.203 [IPControllerApp] registration::finished registering engine 10:2beeb5c0-026ab1165251c118483c7c4f
2018-07-18 13:44:51.204 [IPControllerApp] engine::Engine Connected: 10
2018-07-18 13:44:51.204 [IPControllerApp] registration::finished registering engine 5:d27ab00d-ff647e0ddb1755722bd9fb02
2018-07-18 13:44:51.204 [IPControllerApp] engine::Engine Connected: 5
2018-07-18 13:44:51.207 [IPControllerApp] task::task '832d9eb9-158120e9114d47a961889dff' arrived on 7
2018-07-18 13:44:51.208 [IPControllerApp] task::task '1667a17f-e8424b31488a36ae663be6dc' arrived on 12
2018-07-18 13:44:51.209 [IPControllerApp] task::task '42e16881-96e653cee85ca6a313d145f0' arrived on 13
2018-07-18 13:44:51.210 [IPControllerApp] task::task '6d8d5178-de3cd2f22abe0d69aa8eb9bd' arrived on 9
2018-07-18 13:44:51.211 [IPControllerApp] task::task '06c75610-578040252985449500b69425' arrived on 8
2018-07-18 13:44:51.212 [IPControllerApp] task::task 'e0159b0f-ede3cc41e43e577c21af3029' arrived on 11
2018-07-18 13:44:51.213 [IPControllerApp] task::task '75850b72-17216cf7f8d9f9f32c345a44' arrived on 14
2018-07-18 13:44:51.214 [IPControllerApp] task::task '81ecd6f0-919f73ef9ed67d140b01a0ee' arrived on 15
2018-07-18 13:44:51.214 [IPControllerApp] task::task '4849409e-12bdc18703580e59b7c71461' arrived on 16
2018-07-18 13:44:51.215 [IPControllerApp] task::task '25e9f700-3552ae5a9f06ae176e92d3c0' arrived on 1
2018-07-18 13:44:51.216 [IPControllerApp] task::task 'bdd5d1a5-fd6659d49f09ad9474c430a8' arrived on 2
2018-07-18 13:44:51.217 [IPControllerApp] task::task '37e1a7af-b1f3cd63f8ba4207ae02093f' arrived on 4
2018-07-18 13:44:51.218 [IPControllerApp] task::task '195005be-4f022cb4e66da120aeba2c76' arrived on 3
2018-07-18 13:44:51.219 [IPControllerApp] task::task '001c0a0f-12ba2dc36cf796cf3f809423' arrived on 0
2018-07-18 13:44:51.220 [IPControllerApp] task::task '5b758954-2362569f380877186e35dfc7' arrived on 17
2018-07-18 13:44:51.221 [IPControllerApp] task::task '8e87e9dd-d9b84b6cb4ac35e777aea0d1' arrived on 10
2018-07-18 13:44:51.222 [IPControllerApp] task::task '549d12d1-a42ed9022d7b87f059eb5a3e' arrived on 5
2018-07-18 13:44:53.634 [IPControllerApp] client::client b'1d143534-2bacff9b996d5f4dbccd3134' requested 'registration_request'
2018-07-18 13:44:54.191 [IPControllerApp] registration::finished registering engine 24:cf279e4b-ffdf834390371c25520747f9
2018-07-18 13:44:54.192 [IPControllerApp] engine::Engine Connected: 24
2018-07-18 13:44:54.192 [IPControllerApp] registration::finished registering engine 18:afe748ca-c146a1f8791a444ec98281bb
2018-07-18 13:44:54.193 [IPControllerApp] engine::Engine Connected: 18
2018-07-18 13:44:54.193 [IPControllerApp] registration::finished registering engine 42:e5bfa8e4-3fcf31da40a0207846923266
2018-07-18 13:44:54.193 [IPControllerApp] engine::Engine Connected: 42
2018-07-18 13:44:54.194 [IPControllerApp] registration::finished registering engine 32:7d6da2cf-aded7f04c7abfc6cd5ed7427
2018-07-18 13:44:54.194 [IPControllerApp] engine::Engine Connected: 32
2018-07-18 13:44:54.194 [IPControllerApp] registration::finished registering engine 30:9b46f4d3-cb67c93c1589e7963c0eb336
2018-07-18 13:44:54.195 [IPControllerApp] engine::Engine Connected: 30
2018-07-18 13:44:54.195 [IPControllerApp] registration::finished registering engine 41:ce1bd404-7beae2c85ce2aa1ea668b419
2018-07-18 13:44:54.195 [IPControllerApp] engine::Engine Connected: 41
2018-07-18 13:44:54.196 [IPControllerApp] registration::finished registering engine 21:4184904b-a019a630ac27a313ef572fe7
2018-07-18 13:44:54.196 [IPControllerApp] engine::Engine Connected: 21
2018-07-18 13:44:54.196 [IPControllerApp] registration::finished registering engine 36:298f5521-a480c0e6db7a58bde51bd049
2018-07-18 13:44:54.197 [IPControllerApp] engine::Engine Connected: 36
2018-07-18 13:44:54.197 [IPControllerApp] registration::finished registering engine 31:d132b4d9-faf7b3792f7850b457784d51
2018-07-18 13:44:54.197 [IPControllerApp] engine::Engine Connected: 31
2018-07-18 13:44:54.198 [IPControllerApp] registration::finished registering engine 25:540cd4e1-4e04a1582c76e7cb1077bdd0
2018-07-18 13:44:54.198 [IPControllerApp] engine::Engine Connected: 25
2018-07-18 13:44:54.198 [IPControllerApp] registration::finished registering engine 23:2e0bc002-e096b70e2720b58ccac1d8a1
2018-07-18 13:44:54.198 [IPControllerApp] engine::Engine Connected: 23
2018-07-18 13:44:54.199 [IPControllerApp] registration::finished registering engine 39:544fe75f-039ba0dc0d46021151c95827
2018-07-18 13:44:54.199 [IPControllerApp] engine::Engine Connected: 39
2018-07-18 13:44:54.199 [IPControllerApp] registration::finished registering engine 40:e4636bdf-0bea0bd3b2926a80e9228908
2018-07-18 13:44:54.200 [IPControllerApp] engine::Engine Connected: 40
2018-07-18 13:44:54.200 [IPControllerApp] registration::finished registering engine 29:8684bdd1-bea0e4354c2685c3214259b8
2018-07-18 13:44:54.200 [IPControllerApp] engine::Engine Connected: 29
2018-07-18 13:44:54.201 [IPControllerApp] registration::finished registering engine 20:68603a86-e527ab6d39b5666bc6cc200a
2018-07-18 13:44:54.201 [IPControllerApp] engine::Engine Connected: 20
2018-07-18 13:44:54.201 [IPControllerApp] registration::finished registering engine 28:900c36cf-36c3baab64809bacfedb0d9f
2018-07-18 13:44:54.202 [IPControllerApp] engine::Engine Connected: 28
2018-07-18 13:44:54.202 [IPControllerApp] registration::finished registering engine 27:ef939137-b732936aecb94dc47bd26019
2018-07-18 13:44:54.202 [IPControllerApp] engine::Engine Connected: 27
2018-07-18 13:44:54.203 [IPControllerApp] registration::finished registering engine 22:850ad86d-ec178e6970e7d8b9eabd2ade
2018-07-18 13:44:54.203 [IPControllerApp] engine::Engine Connected: 22
2018-07-18 13:44:54.203 [IPControllerApp] registration::finished registering engine 26:bc203e4c-a947404bd135c6dcb18d56a2
2018-07-18 13:44:54.204 [IPControllerApp] engine::Engine Connected: 26
2018-07-18 13:44:54.204 [IPControllerApp] registration::finished registering engine 35:fe4f2fd1-1387dc70a3ff795b865cfe0a
2018-07-18 13:44:54.204 [IPControllerApp] engine::Engine Connected: 35
2018-07-18 13:44:54.205 [IPControllerApp] registration::finished registering engine 37:951be68d-7e14ba0b2deaeb3639d9c85f
2018-07-18 13:44:54.205 [IPControllerApp] engine::Engine Connected: 37
2018-07-18 13:44:54.205 [IPControllerApp] registration::finished registering engine 38:0a12813e-034b647cda64832c663a8a77
2018-07-18 13:44:54.205 [IPControllerApp] engine::Engine Connected: 38
2018-07-18 13:44:54.206 [IPControllerApp] registration::finished registering engine 34:f29789ec-f69e77d81d731b01c971d0d9
2018-07-18 13:44:54.206 [IPControllerApp] engine::Engine Connected: 34
2018-07-18 13:44:54.207 [IPControllerApp] registration::finished registering engine 19:1bdb8aba-4bd58ee6b1ee1a3a752f2f9c
2018-07-18 13:44:54.207 [IPControllerApp] engine::Engine Connected: 19
2018-07-18 13:44:54.210 [IPControllerApp] task::task '0449ec20-68e7aad1f82b59b564ccc9d7' arrived on 24
2018-07-18 13:44:54.211 [IPControllerApp] task::task '2fea80f0-ec39b619449bfc91ca182868' arrived on 18
2018-07-18 13:44:54.213 [IPControllerApp] task::task '4fcac772-4cb1bc7725880c0c49e50a05' arrived on 42
2018-07-18 13:44:54.215 [IPControllerApp] task::task '0f40435a-8c2112870c66a9614443d936' arrived on 32
2018-07-18 13:44:54.215 [IPControllerApp] task::task '2c28a49f-67de8c49f99fc7e35a86da48' arrived on 30
2018-07-18 13:44:54.216 [IPControllerApp] task::task '5fd6ae04-6f64d7113e8ac33cd5b9120a' arrived on 41
2018-07-18 13:44:54.217 [IPControllerApp] task::task 'e22fff26-30f932b6eff363de864581c0' arrived on 21
2018-07-18 13:44:54.218 [IPControllerApp] task::task 'f7ab6f4e-05ce9a8a7c89c6f56a691975' arrived on 36
2018-07-18 13:44:57.194 [IPControllerApp] heartbeat::missed b'afe748ca-c146a1f8791a444ec98281bb' : 1
2018-07-18 13:44:57.194 [IPControllerApp] heartbeat::missed b'6c937876-1534f5f52ea994b50d4b601e' : 1
2018-07-18 13:44:57.194 [IPControllerApp] heartbeat::missed b'e5bfa8e4-3fcf31da40a0207846923266' : 1
2018-07-18 13:44:57.194 [IPControllerApp] heartbeat::missed b'8898a317-4626877b3631eeff46bf9f8e' : 1
2018-07-18 13:44:57.194 [IPControllerApp] heartbeat::missed b'4025a157-a2d4b53200940c878433c4cb' : 1
2018-07-18 13:44:57.194 [IPControllerApp] heartbeat::missed b'7d6da2cf-aded7f04c7abfc6cd5ed7427' : 1
2018-07-18 13:44:57.194 [IPControllerApp] heartbeat::missed b'd7dc8086-41dc9c444d209556a745bbc1' : 1
2018-07-18 13:44:57.194 [IPControllerApp] heartbeat::missed b'9b46f4d3-cb67c93c1589e7963c0eb336' : 1
2018-07-18 13:44:57.194 [IPControllerApp] heartbeat::missed b'8b1af325-58e139b472c4ae5ec8575f95' : 1
2018-07-18 13:44:57.195 [IPControllerApp] heartbeat::missed b'44ce1b96-c1fe1497eee02bbf66e6807c' : 1
2018-07-18 13:44:57.195 [IPControllerApp] heartbeat::missed b'4eb76271-6a7a635e4461813ff6e1d82b' : 1
2018-07-18 13:44:57.195 [IPControllerApp] heartbeat::missed b'4a95a4c7-5166ac9f003ac540c50dd0fe' : 1
2018-07-18 13:44:57.195 [IPControllerApp] heartbeat::missed b'4184904b-a019a630ac27a313ef572fe7' : 1
2018-07-18 13:44:57.195 [IPControllerApp] heartbeat::missed b'077906ea-a4e2201345c171d0bdb1bec8' : 1
2018-07-18 13:44:57.195 [IPControllerApp] heartbeat::missed b'298f5521-a480c0e6db7a58bde51bd049' : 1
2018-07-18 13:44:57.195 [IPControllerApp] heartbeat::missed b'03baae60-6a0af1746f9a2c6006b26a36' : 1
2018-07-18 13:44:57.195 [IPControllerApp] heartbeat::missed b'd132b4d9-faf7b3792f7850b457784d51' : 1
2018-07-18 13:44:57.195 [IPControllerApp] heartbeat::missed b'540cd4e1-4e04a1582c76e7cb1077bdd0' : 1
2018-07-18 13:44:57.195 [IPControllerApp] heartbeat::missed b'2e0bc002-e096b70e2720b58ccac1d8a1' : 1
2018-07-18 13:44:57.195 [IPControllerApp] heartbeat::missed b'89f41466-7552662d6ab4f42af3c19d4e' : 1
2018-07-18 13:44:57.195 [IPControllerApp] heartbeat::missed b'544fe75f-039ba0dc0d46021151c95827' : 1
2018-07-18 13:44:57.195 [IPControllerApp] heartbeat::missed b'68603a86-e527ab6d39b5666bc6cc200a' : 1
2018-07-18 13:44:57.195 [IPControllerApp] heartbeat::missed b'ef939137-b732936aecb94dc47bd26019' : 1
2018-07-18 13:44:57.195 [IPControllerApp] heartbeat::missed b'69d241c5-e3de82cef3806a4a9fa7e502' : 1
2018-07-18 13:44:57.195 [IPControllerApp] heartbeat::missed b'bc203e4c-a947404bd135c6dcb18d56a2' : 1
2018-07-18 13:44:57.196 [IPControllerApp] heartbeat::missed b'fe4f2fd1-1387dc70a3ff795b865cfe0a' : 1
2018-07-18 13:44:57.196 [IPControllerApp] heartbeat::missed b'951be68d-7e14ba0b2deaeb3639d9c85f' : 1
2018-07-18 13:44:57.196 [IPControllerApp] heartbeat::missed b'0a12813e-034b647cda64832c663a8a77' : 1
2018-07-18 13:44:57.196 [IPControllerApp] heartbeat::missed b'f29789ec-f69e77d81d731b01c971d0d9' : 1
2018-07-18 13:44:57.196 [IPControllerApp] heartbeat::missed b'1bdb8aba-4bd58ee6b1ee1a3a752f2f9c' : 1
2018-07-18 13:44:57.196 [IPControllerApp] heartbeat::missed b'2beeb5c0-026ab1165251c118483c7c4f' : 1
2018-07-18 13:44:57.196 [IPControllerApp] heartbeat::missed b'd27ab00d-ff647e0ddb1755722bd9fb02' : 1
2018-07-18 13:45:00.193 [IPControllerApp] heartbeat::missed b'cf279e4b-ffdf834390371c25520747f9' : 1
2018-07-18 13:45:00.193 [IPControllerApp] heartbeat::missed b'afe748ca-c146a1f8791a444ec98281bb' : 2
2018-07-18 13:45:00.193 [IPControllerApp] heartbeat::missed b'6c937876-1534f5f52ea994b50d4b601e' : 2
2018-07-18 13:45:00.193 [IPControllerApp] heartbeat::missed b'e5bfa8e4-3fcf31da40a0207846923266' : 2
2018-07-18 13:45:00.193 [IPControllerApp] heartbeat::missed b'8898a317-4626877b3631eeff46bf9f8e' : 2
2018-07-18 13:45:00.193 [IPControllerApp] heartbeat::missed b'4025a157-a2d4b53200940c878433c4cb' : 2
2018-07-18 13:45:00.193 [IPControllerApp] heartbeat::missed b'7d6da2cf-aded7f04c7abfc6cd5ed7427' : 2
2018-07-18 13:45:00.193 [IPControllerApp] heartbeat::missed b'd7dc8086-41dc9c444d209556a745bbc1' : 2
2018-07-18 13:45:00.193 [IPControllerApp] heartbeat::missed b'9b46f4d3-cb67c93c1589e7963c0eb336' : 2
2018-07-18 13:45:00.193 [IPControllerApp] heartbeat::missed b'8b1af325-58e139b472c4ae5ec8575f95' : 2
2018-07-18 13:45:00.193 [IPControllerApp] heartbeat::missed b'44ce1b96-c1fe1497eee02bbf66e6807c' : 2
2018-07-18 13:45:00.193 [IPControllerApp] heartbeat::missed b'4eb76271-6a7a635e4461813ff6e1d82b' : 2
2018-07-18 13:45:00.193 [IPControllerApp] heartbeat::missed b'4a95a4c7-5166ac9f003ac540c50dd0fe' : 2
2018-07-18 13:45:00.194 [IPControllerApp] heartbeat::missed b'd2d5e3eb-fde07e9e3512fc59f2bf67fc' : 1
2018-07-18 13:45:00.194 [IPControllerApp] heartbeat::missed b'ce1bd404-7beae2c85ce2aa1ea668b419' : 1
2018-07-18 13:45:00.194 [IPControllerApp] heartbeat::missed b'4184904b-a019a630ac27a313ef572fe7' : 2
2018-07-18 13:45:00.194 [IPControllerApp] heartbeat::missed b'077906ea-a4e2201345c171d0bdb1bec8' : 2
2018-07-18 13:45:00.194 [IPControllerApp] heartbeat::missed b'298f5521-a480c0e6db7a58bde51bd049' : 2
2018-07-18 13:45:00.194 [IPControllerApp] heartbeat::missed b'03baae60-6a0af1746f9a2c6006b26a36' : 2
2018-07-18 13:45:00.194 [IPControllerApp] heartbeat::missed b'd132b4d9-faf7b3792f7850b457784d51' : 2
2018-07-18 13:45:00.194 [IPControllerApp] heartbeat::missed b'540cd4e1-4e04a1582c76e7cb1077bdd0' : 2
2018-07-18 13:45:00.194 [IPControllerApp] heartbeat::missed b'2e0bc002-e096b70e2720b58ccac1d8a1' : 2
2018-07-18 13:45:00.194 [IPControllerApp] heartbeat::missed b'dd34f905-c4a2e4844c46ee0df831cf16' : 1
2018-07-18 13:45:00.194 [IPControllerApp] heartbeat::missed b'89f41466-7552662d6ab4f42af3c19d4e' : 2
2018-07-18 13:45:00.194 [IPControllerApp] heartbeat::missed b'544fe75f-039ba0dc0d46021151c95827' : 2
2018-07-18 13:45:00.194 [IPControllerApp] heartbeat::missed b'0a63bf2c-79bf99223af04730aa509b82' : 1
2018-07-18 13:45:00.194 [IPControllerApp] heartbeat::missed b'e4636bdf-0bea0bd3b2926a80e9228908' : 1
2018-07-18 13:45:00.194 [IPControllerApp] heartbeat::missed b'8684bdd1-bea0e4354c2685c3214259b8' : 1
2018-07-18 13:45:00.194 [IPControllerApp] heartbeat::missed b'68603a86-e527ab6d39b5666bc6cc200a' : 2
2018-07-18 13:45:00.195 [IPControllerApp] heartbeat::missed b'900c36cf-36c3baab64809bacfedb0d9f' : 1
2018-07-18 13:45:00.195 [IPControllerApp] heartbeat::missed b'ef939137-b732936aecb94dc47bd26019' : 2
2018-07-18 13:45:00.195 [IPControllerApp] heartbeat::missed b'850ad86d-ec178e6970e7d8b9eabd2ade' : 1
2018-07-18 13:45:00.195 [IPControllerApp] heartbeat::missed b'69d241c5-e3de82cef3806a4a9fa7e502' : 2
2018-07-18 13:45:00.195 [IPControllerApp] heartbeat::missed b'bc203e4c-a947404bd135c6dcb18d56a2' : 2
2018-07-18 13:45:00.195 [IPControllerApp] heartbeat::missed b'fe4f2fd1-1387dc70a3ff795b865cfe0a' : 2
2018-07-18 13:45:00.195 [IPControllerApp] heartbeat::missed b'951be68d-7e14ba0b2deaeb3639d9c85f' : 2
2018-07-18 13:45:00.195 [IPControllerApp] heartbeat::missed b'0a12813e-034b647cda64832c663a8a77' : 2
2018-07-18 13:45:00.195 [IPControllerApp] heartbeat::missed b'f29789ec-f69e77d81d731b01c971d0d9' : 2
2018-07-18 13:45:00.195 [IPControllerApp] heartbeat::missed b'1bdb8aba-4bd58ee6b1ee1a3a752f2f9c' : 2
2018-07-18 13:45:00.195 [IPControllerApp] heartbeat::missed b'2beeb5c0-026ab1165251c118483c7c4f' : 2
2018-07-18 13:45:00.195 [IPControllerApp] heartbeat::missed b'd27ab00d-ff647e0ddb1755722bd9fb02' : 2
2018-07-18 13:45:03.195 [IPControllerApp] heartbeat::missed b'cf279e4b-ffdf834390371c25520747f9' : 2
2018-07-18 13:45:03.195 [IPControllerApp] heartbeat::missed b'afe748ca-c146a1f8791a444ec98281bb' : 3
2018-07-18 13:45:03.195 [IPControllerApp] heartbeat::missed b'6c937876-1534f5f52ea994b50d4b601e' : 3
2018-07-18 13:45:03.195 [IPControllerApp] heartbeat::missed b'e5bfa8e4-3fcf31da40a0207846923266' : 3
2018-07-18 13:45:03.195 [IPControllerApp] heartbeat::missed b'8898a317-4626877b3631eeff46bf9f8e' : 3
2018-07-18 13:45:03.196 [IPControllerApp] heartbeat::missed b'4025a157-a2d4b53200940c878433c4cb' : 3
2018-07-18 13:45:03.196 [IPControllerApp] heartbeat::missed b'7d6da2cf-aded7f04c7abfc6cd5ed7427' : 3
2018-07-18 13:45:03.196 [IPControllerApp] heartbeat::missed b'd7dc8086-41dc9c444d209556a745bbc1' : 3
2018-07-18 13:45:03.196 [IPControllerApp] heartbeat::missed b'9b46f4d3-cb67c93c1589e7963c0eb336' : 3
2018-07-18 13:45:03.196 [IPControllerApp] heartbeat::missed b'8b1af325-58e139b472c4ae5ec8575f95' : 3
2018-07-18 13:45:03.196 [IPControllerApp] heartbeat::missed b'44ce1b96-c1fe1497eee02bbf66e6807c' : 3
2018-07-18 13:45:03.196 [IPControllerApp] heartbeat::missed b'4eb76271-6a7a635e4461813ff6e1d82b' : 3
2018-07-18 13:45:03.196 [IPControllerApp] heartbeat::missed b'4a95a4c7-5166ac9f003ac540c50dd0fe' : 3
2018-07-18 13:45:03.196 [IPControllerApp] heartbeat::missed b'd2d5e3eb-fde07e9e3512fc59f2bf67fc' : 2
2018-07-18 13:45:03.196 [IPControllerApp] heartbeat::missed b'ce1bd404-7beae2c85ce2aa1ea668b419' : 2
2018-07-18 13:45:03.196 [IPControllerApp] heartbeat::missed b'4184904b-a019a630ac27a313ef572fe7' : 3
2018-07-18 13:45:03.196 [IPControllerApp] heartbeat::missed b'077906ea-a4e2201345c171d0bdb1bec8' : 3
2018-07-18 13:45:03.196 [IPControllerApp] heartbeat::missed b'298f5521-a480c0e6db7a58bde51bd049' : 3
2018-07-18 13:45:03.196 [IPControllerApp] heartbeat::missed b'03baae60-6a0af1746f9a2c6006b26a36' : 3
2018-07-18 13:45:03.196 [IPControllerApp] heartbeat::missed b'd132b4d9-faf7b3792f7850b457784d51' : 3
2018-07-18 13:45:03.196 [IPControllerApp] heartbeat::missed b'540cd4e1-4e04a1582c76e7cb1077bdd0' : 3
2018-07-18 13:45:03.197 [IPControllerApp] heartbeat::missed b'2e0bc002-e096b70e2720b58ccac1d8a1' : 3
2018-07-18 13:45:03.197 [IPControllerApp] heartbeat::missed b'dd34f905-c4a2e4844c46ee0df831cf16' : 2
2018-07-18 13:45:03.197 [IPControllerApp] heartbeat::missed b'89f41466-7552662d6ab4f42af3c19d4e' : 3
2018-07-18 13:45:03.197 [IPControllerApp] heartbeat::missed b'544fe75f-039ba0dc0d46021151c95827' : 3
2018-07-18 13:45:03.197 [IPControllerApp] heartbeat::missed b'0a63bf2c-79bf99223af04730aa509b82' : 2
2018-07-18 13:45:03.197 [IPControllerApp] heartbeat::missed b'e4636bdf-0bea0bd3b2926a80e9228908' : 2
2018-07-18 13:45:03.197 [IPControllerApp] heartbeat::missed b'8684bdd1-bea0e4354c2685c3214259b8' : 2
2018-07-18 13:45:03.197 [IPControllerApp] heartbeat::missed b'68603a86-e527ab6d39b5666bc6cc200a' : 3
2018-07-18 13:45:03.197 [IPControllerApp] heartbeat::missed b'900c36cf-36c3baab64809bacfedb0d9f' : 2
2018-07-18 13:45:03.197 [IPControllerApp] heartbeat::missed b'ef939137-b732936aecb94dc47bd26019' : 3
2018-07-18 13:45:03.197 [IPControllerApp] heartbeat::missed b'850ad86d-ec178e6970e7d8b9eabd2ade' : 2
2018-07-18 13:45:03.197 [IPControllerApp] heartbeat::missed b'69d241c5-e3de82cef3806a4a9fa7e502' : 3
2018-07-18 13:45:03.197 [IPControllerApp] heartbeat::missed b'bc203e4c-a947404bd135c6dcb18d56a2' : 3
2018-07-18 13:45:03.197 [IPControllerApp] heartbeat::missed b'fe4f2fd1-1387dc70a3ff795b865cfe0a' : 3
2018-07-18 13:45:03.197 [IPControllerApp] heartbeat::missed b'951be68d-7e14ba0b2deaeb3639d9c85f' : 3
2018-07-18 13:45:03.197 [IPControllerApp] heartbeat::missed b'0a12813e-034b647cda64832c663a8a77' : 3
2018-07-18 13:45:03.198 [IPControllerApp] heartbeat::missed b'f29789ec-f69e77d81d731b01c971d0d9' : 3
2018-07-18 13:45:03.198 [IPControllerApp] heartbeat::missed b'1bdb8aba-4bd58ee6b1ee1a3a752f2f9c' : 3
2018-07-18 13:45:03.198 [IPControllerApp] heartbeat::missed b'2beeb5c0-026ab1165251c118483c7c4f' : 3
2018-07-18 13:45:03.198 [IPControllerApp] heartbeat::missed b'd27ab00d-ff647e0ddb1755722bd9fb02' : 3
2018-07-18 13:45:06.194 [IPControllerApp] heartbeat::missed b'cf279e4b-ffdf834390371c25520747f9' : 3
2018-07-18 13:45:06.195 [IPControllerApp] heartbeat::missed b'afe748ca-c146a1f8791a444ec98281bb' : 4
2018-07-18 13:45:06.195 [IPControllerApp] heartbeat::missed b'6c937876-1534f5f52ea994b50d4b601e' : 4
2018-07-18 13:45:06.195 [IPControllerApp] heartbeat::missed b'e5bfa8e4-3fcf31da40a0207846923266' : 4
2018-07-18 13:45:06.195 [IPControllerApp] heartbeat::missed b'8898a317-4626877b3631eeff46bf9f8e' : 4
2018-07-18 13:45:06.195 [IPControllerApp] heartbeat::missed b'4025a157-a2d4b53200940c878433c4cb' : 4
2018-07-18 13:45:06.195 [IPControllerApp] heartbeat::missed b'7d6da2cf-aded7f04c7abfc6cd5ed7427' : 4
2018-07-18 13:45:06.195 [IPControllerApp] heartbeat::missed b'd7dc8086-41dc9c444d209556a745bbc1' : 4
2018-07-18 13:45:06.195 [IPControllerApp] heartbeat::missed b'9b46f4d3-cb67c93c1589e7963c0eb336' : 4
2018-07-18 13:45:06.195 [IPControllerApp] heartbeat::missed b'8b1af325-58e139b472c4ae5ec8575f95' : 4
2018-07-18 13:45:06.195 [IPControllerApp] heartbeat::missed b'44ce1b96-c1fe1497eee02bbf66e6807c' : 4
2018-07-18 13:45:06.195 [IPControllerApp] heartbeat::missed b'4eb76271-6a7a635e4461813ff6e1d82b' : 4
2018-07-18 13:45:06.195 [IPControllerApp] heartbeat::missed b'4a95a4c7-5166ac9f003ac540c50dd0fe' : 4
2018-07-18 13:45:06.195 [IPControllerApp] heartbeat::missed b'd2d5e3eb-fde07e9e3512fc59f2bf67fc' : 3
2018-07-18 13:45:06.196 [IPControllerApp] heartbeat::missed b'ce1bd404-7beae2c85ce2aa1ea668b419' : 3
2018-07-18 13:45:06.196 [IPControllerApp] heartbeat::missed b'4184904b-a019a630ac27a313ef572fe7' : 4
2018-07-18 13:45:06.196 [IPControllerApp] heartbeat::missed b'077906ea-a4e2201345c171d0bdb1bec8' : 4
2018-07-18 13:45:06.196 [IPControllerApp] heartbeat::missed b'298f5521-a480c0e6db7a58bde51bd049' : 4
2018-07-18 13:45:06.196 [IPControllerApp] heartbeat::missed b'03baae60-6a0af1746f9a2c6006b26a36' : 4
2018-07-18 13:45:06.196 [IPControllerApp] heartbeat::missed b'd132b4d9-faf7b3792f7850b457784d51' : 4
2018-07-18 13:45:06.196 [IPControllerApp] heartbeat::missed b'540cd4e1-4e04a1582c76e7cb1077bdd0' : 4
2018-07-18 13:45:06.196 [IPControllerApp] heartbeat::missed b'2e0bc002-e096b70e2720b58ccac1d8a1' : 4
2018-07-18 13:45:06.196 [IPControllerApp] heartbeat::missed b'dd34f905-c4a2e4844c46ee0df831cf16' : 3
2018-07-18 13:45:06.196 [IPControllerApp] heartbeat::missed b'89f41466-7552662d6ab4f42af3c19d4e' : 4
2018-07-18 13:45:06.196 [IPControllerApp] heartbeat::missed b'544fe75f-039ba0dc0d46021151c95827' : 4
2018-07-18 13:45:06.196 [IPControllerApp] heartbeat::missed b'0a63bf2c-79bf99223af04730aa509b82' : 3
2018-07-18 13:45:06.196 [IPControllerApp] heartbeat::missed b'e4636bdf-0bea0bd3b2926a80e9228908' : 3
2018-07-18 13:45:06.196 [IPControllerApp] heartbeat::missed b'8684bdd1-bea0e4354c2685c3214259b8' : 3
2018-07-18 13:45:06.196 [IPControllerApp] heartbeat::missed b'68603a86-e527ab6d39b5666bc6cc200a' : 4
2018-07-18 13:45:06.196 [IPControllerApp] heartbeat::missed b'900c36cf-36c3baab64809bacfedb0d9f' : 3
2018-07-18 13:45:06.197 [IPControllerApp] heartbeat::missed b'ef939137-b732936aecb94dc47bd26019' : 4
2018-07-18 13:45:06.197 [IPControllerApp] heartbeat::missed b'850ad86d-ec178e6970e7d8b9eabd2ade' : 3
2018-07-18 13:45:06.197 [IPControllerApp] heartbeat::missed b'69d241c5-e3de82cef3806a4a9fa7e502' : 4
2018-07-18 13:45:06.197 [IPControllerApp] heartbeat::missed b'bc203e4c-a947404bd135c6dcb18d56a2' : 4
2018-07-18 13:45:06.197 [IPControllerApp] heartbeat::missed b'fe4f2fd1-1387dc70a3ff795b865cfe0a' : 4
2018-07-18 13:45:06.197 [IPControllerApp] heartbeat::missed b'951be68d-7e14ba0b2deaeb3639d9c85f' : 4
2018-07-18 13:45:06.197 [IPControllerApp] heartbeat::missed b'0a12813e-034b647cda64832c663a8a77' : 4
2018-07-18 13:45:06.197 [IPControllerApp] heartbeat::missed b'f29789ec-f69e77d81d731b01c971d0d9' : 4
2018-07-18 13:45:06.197 [IPControllerApp] heartbeat::missed b'1bdb8aba-4bd58ee6b1ee1a3a752f2f9c' : 4
2018-07-18 13:45:06.197 [IPControllerApp] heartbeat::missed b'2beeb5c0-026ab1165251c118483c7c4f' : 4
2018-07-18 13:45:06.197 [IPControllerApp] heartbeat::missed b'd27ab00d-ff647e0ddb1755722bd9fb02' : 4
2018-07-18 13:45:09.195 [IPControllerApp] heartbeat::missed b'cf279e4b-ffdf834390371c25520747f9' : 4
2018-07-18 13:45:09.195 [IPControllerApp] heartbeat::missed b'afe748ca-c146a1f8791a444ec98281bb' : 5
2018-07-18 13:45:09.195 [IPControllerApp] heartbeat::missed b'6c937876-1534f5f52ea994b50d4b601e' : 5
2018-07-18 13:45:09.195 [IPControllerApp] heartbeat::missed b'e5bfa8e4-3fcf31da40a0207846923266' : 5
2018-07-18 13:45:09.195 [IPControllerApp] heartbeat::missed b'8898a317-4626877b3631eeff46bf9f8e' : 5
2018-07-18 13:45:09.195 [IPControllerApp] heartbeat::missed b'4025a157-a2d4b53200940c878433c4cb' : 5
2018-07-18 13:45:09.195 [IPControllerApp] heartbeat::missed b'7d6da2cf-aded7f04c7abfc6cd5ed7427' : 5
2018-07-18 13:45:09.196 [IPControllerApp] heartbeat::missed b'd7dc8086-41dc9c444d209556a745bbc1' : 5
2018-07-18 13:45:09.196 [IPControllerApp] heartbeat::missed b'9b46f4d3-cb67c93c1589e7963c0eb336' : 5
2018-07-18 13:45:09.196 [IPControllerApp] heartbeat::missed b'8b1af325-58e139b472c4ae5ec8575f95' : 5
2018-07-18 13:45:09.196 [IPControllerApp] heartbeat::missed b'44ce1b96-c1fe1497eee02bbf66e6807c' : 5
2018-07-18 13:45:09.196 [IPControllerApp] heartbeat::missed b'4eb76271-6a7a635e4461813ff6e1d82b' : 5
2018-07-18 13:45:09.196 [IPControllerApp] heartbeat::missed b'4a95a4c7-5166ac9f003ac540c50dd0fe' : 5
2018-07-18 13:45:09.196 [IPControllerApp] heartbeat::missed b'd2d5e3eb-fde07e9e3512fc59f2bf67fc' : 4
2018-07-18 13:45:09.196 [IPControllerApp] heartbeat::missed b'ce1bd404-7beae2c85ce2aa1ea668b419' : 4
2018-07-18 13:45:09.196 [IPControllerApp] heartbeat::missed b'4184904b-a019a630ac27a313ef572fe7' : 5
2018-07-18 13:45:09.196 [IPControllerApp] heartbeat::missed b'077906ea-a4e2201345c171d0bdb1bec8' : 5
2018-07-18 13:45:09.196 [IPControllerApp] heartbeat::missed b'298f5521-a480c0e6db7a58bde51bd049' : 5
2018-07-18 13:45:09.196 [IPControllerApp] heartbeat::missed b'03baae60-6a0af1746f9a2c6006b26a36' : 5
2018-07-18 13:45:09.196 [IPControllerApp] heartbeat::missed b'd132b4d9-faf7b3792f7850b457784d51' : 5
2018-07-18 13:45:09.196 [IPControllerApp] heartbeat::missed b'540cd4e1-4e04a1582c76e7cb1077bdd0' : 5
2018-07-18 13:45:09.196 [IPControllerApp] heartbeat::missed b'2e0bc002-e096b70e2720b58ccac1d8a1' : 5
2018-07-18 13:45:09.196 [IPControllerApp] heartbeat::missed b'dd34f905-c4a2e4844c46ee0df831cf16' : 4
2018-07-18 13:45:09.197 [IPControllerApp] heartbeat::missed b'89f41466-7552662d6ab4f42af3c19d4e' : 5
2018-07-18 13:45:09.197 [IPControllerApp] heartbeat::missed b'544fe75f-039ba0dc0d46021151c95827' : 5
2018-07-18 13:45:09.197 [IPControllerApp] heartbeat::missed b'0a63bf2c-79bf99223af04730aa509b82' : 4
2018-07-18 13:45:09.197 [IPControllerApp] heartbeat::missed b'e4636bdf-0bea0bd3b2926a80e9228908' : 4
2018-07-18 13:45:09.197 [IPControllerApp] heartbeat::missed b'8684bdd1-bea0e4354c2685c3214259b8' : 4
2018-07-18 13:45:09.197 [IPControllerApp] heartbeat::missed b'68603a86-e527ab6d39b5666bc6cc200a' : 5
2018-07-18 13:45:09.197 [IPControllerApp] heartbeat::missed b'900c36cf-36c3baab64809bacfedb0d9f' : 4
2018-07-18 13:45:09.197 [IPControllerApp] heartbeat::missed b'ef939137-b732936aecb94dc47bd26019' : 5
2018-07-18 13:45:09.197 [IPControllerApp] heartbeat::missed b'850ad86d-ec178e6970e7d8b9eabd2ade' : 4
2018-07-18 13:45:09.197 [IPControllerApp] heartbeat::missed b'69d241c5-e3de82cef3806a4a9fa7e502' : 5
2018-07-18 13:45:09.197 [IPControllerApp] heartbeat::missed b'bc203e4c-a947404bd135c6dcb18d56a2' : 5
2018-07-18 13:45:09.197 [IPControllerApp] heartbeat::missed b'fe4f2fd1-1387dc70a3ff795b865cfe0a' : 5
2018-07-18 13:45:09.197 [IPControllerApp] heartbeat::missed b'951be68d-7e14ba0b2deaeb3639d9c85f' : 5
2018-07-18 13:45:09.197 [IPControllerApp] heartbeat::missed b'0a12813e-034b647cda64832c663a8a77' : 5
2018-07-18 13:45:09.197 [IPControllerApp] heartbeat::missed b'f29789ec-f69e77d81d731b01c971d0d9' : 5
2018-07-18 13:45:09.197 [IPControllerApp] heartbeat::missed b'1bdb8aba-4bd58ee6b1ee1a3a752f2f9c' : 5
2018-07-18 13:45:09.198 [IPControllerApp] heartbeat::missed b'2beeb5c0-026ab1165251c118483c7c4f' : 5
2018-07-18 13:45:09.198 [IPControllerApp] heartbeat::missed b'd27ab00d-ff647e0ddb1755722bd9fb02' : 5
2018-07-18 13:45:12.194 [IPControllerApp] heartbeat::missed b'cf279e4b-ffdf834390371c25520747f9' : 5
2018-07-18 13:45:12.195 [IPControllerApp] heartbeat::missed b'afe748ca-c146a1f8791a444ec98281bb' : 6
2018-07-18 13:45:12.195 [IPControllerApp] heartbeat::missed b'6c937876-1534f5f52ea994b50d4b601e' : 6
2018-07-18 13:45:12.195 [IPControllerApp] heartbeat::missed b'e5bfa8e4-3fcf31da40a0207846923266' : 6
2018-07-18 13:45:12.195 [IPControllerApp] heartbeat::missed b'8898a317-4626877b3631eeff46bf9f8e' : 6
2018-07-18 13:45:12.195 [IPControllerApp] heartbeat::missed b'4025a157-a2d4b53200940c878433c4cb' : 6
2018-07-18 13:45:12.195 [IPControllerApp] heartbeat::missed b'7d6da2cf-aded7f04c7abfc6cd5ed7427' : 6
2018-07-18 13:45:12.195 [IPControllerApp] heartbeat::missed b'd7dc8086-41dc9c444d209556a745bbc1' : 6
2018-07-18 13:45:12.195 [IPControllerApp] heartbeat::missed b'9b46f4d3-cb67c93c1589e7963c0eb336' : 6
2018-07-18 13:45:12.195 [IPControllerApp] heartbeat::missed b'8b1af325-58e139b472c4ae5ec8575f95' : 6
2018-07-18 13:45:12.195 [IPControllerApp] heartbeat::missed b'44ce1b96-c1fe1497eee02bbf66e6807c' : 6
2018-07-18 13:45:12.195 [IPControllerApp] heartbeat::missed b'4eb76271-6a7a635e4461813ff6e1d82b' : 6
2018-07-18 13:45:12.195 [IPControllerApp] heartbeat::missed b'4a95a4c7-5166ac9f003ac540c50dd0fe' : 6
2018-07-18 13:45:12.195 [IPControllerApp] heartbeat::missed b'd2d5e3eb-fde07e9e3512fc59f2bf67fc' : 5
2018-07-18 13:45:12.195 [IPControllerApp] heartbeat::missed b'ce1bd404-7beae2c85ce2aa1ea668b419' : 5
2018-07-18 13:45:12.195 [IPControllerApp] heartbeat::missed b'4184904b-a019a630ac27a313ef572fe7' : 6
2018-07-18 13:45:12.196 [IPControllerApp] heartbeat::missed b'077906ea-a4e2201345c171d0bdb1bec8' : 6
2018-07-18 13:45:12.196 [IPControllerApp] heartbeat::missed b'298f5521-a480c0e6db7a58bde51bd049' : 6
2018-07-18 13:45:12.196 [IPControllerApp] heartbeat::missed b'03baae60-6a0af1746f9a2c6006b26a36' : 6
2018-07-18 13:45:12.196 [IPControllerApp] heartbeat::missed b'd132b4d9-faf7b3792f7850b457784d51' : 6
2018-07-18 13:45:12.196 [IPControllerApp] heartbeat::missed b'540cd4e1-4e04a1582c76e7cb1077bdd0' : 6
2018-07-18 13:45:12.196 [IPControllerApp] heartbeat::missed b'2e0bc002-e096b70e2720b58ccac1d8a1' : 6
2018-07-18 13:45:12.196 [IPControllerApp] heartbeat::missed b'dd34f905-c4a2e4844c46ee0df831cf16' : 5
2018-07-18 13:45:12.196 [IPControllerApp] heartbeat::missed b'89f41466-7552662d6ab4f42af3c19d4e' : 6
2018-07-18 13:45:12.196 [IPControllerApp] heartbeat::missed b'544fe75f-039ba0dc0d46021151c95827' : 6
2018-07-18 13:45:12.196 [IPControllerApp] heartbeat::missed b'0a63bf2c-79bf99223af04730aa509b82' : 5
2018-07-18 13:45:12.196 [IPControllerApp] heartbeat::missed b'e4636bdf-0bea0bd3b2926a80e9228908' : 5
2018-07-18 13:45:12.196 [IPControllerApp] heartbeat::missed b'8684bdd1-bea0e4354c2685c3214259b8' : 5
2018-07-18 13:45:12.196 [IPControllerApp] heartbeat::missed b'68603a86-e527ab6d39b5666bc6cc200a' : 6
2018-07-18 13:45:12.196 [IPControllerApp] heartbeat::missed b'900c36cf-36c3baab64809bacfedb0d9f' : 5
2018-07-18 13:45:12.196 [IPControllerApp] heartbeat::missed b'ef939137-b732936aecb94dc47bd26019' : 6
2018-07-18 13:45:12.196 [IPControllerApp] heartbeat::missed b'850ad86d-ec178e6970e7d8b9eabd2ade' : 5
2018-07-18 13:45:12.197 [IPControllerApp] heartbeat::missed b'69d241c5-e3de82cef3806a4a9fa7e502' : 6
2018-07-18 13:45:12.197 [IPControllerApp] heartbeat::missed b'bc203e4c-a947404bd135c6dcb18d56a2' : 6
2018-07-18 13:45:12.197 [IPControllerApp] heartbeat::missed b'fe4f2fd1-1387dc70a3ff795b865cfe0a' : 6
2018-07-18 13:45:12.197 [IPControllerApp] heartbeat::missed b'951be68d-7e14ba0b2deaeb3639d9c85f' : 6
2018-07-18 13:45:12.197 [IPControllerApp] heartbeat::missed b'0a12813e-034b647cda64832c663a8a77' : 6
2018-07-18 13:45:12.197 [IPControllerApp] heartbeat::missed b'f29789ec-f69e77d81d731b01c971d0d9' : 6
2018-07-18 13:45:12.197 [IPControllerApp] heartbeat::missed b'1bdb8aba-4bd58ee6b1ee1a3a752f2f9c' : 6
2018-07-18 13:45:12.197 [IPControllerApp] heartbeat::missed b'2beeb5c0-026ab1165251c118483c7c4f' : 6
2018-07-18 13:45:12.197 [IPControllerApp] heartbeat::missed b'd27ab00d-ff647e0ddb1755722bd9fb02' : 6
2018-07-18 13:45:15.194 [IPControllerApp] heartbeat::missed b'cf279e4b-ffdf834390371c25520747f9' : 6
2018-07-18 13:45:15.194 [IPControllerApp] heartbeat::missed b'afe748ca-c146a1f8791a444ec98281bb' : 7
2018-07-18 13:45:15.194 [IPControllerApp] heartbeat::missed b'6c937876-1534f5f52ea994b50d4b601e' : 7
2018-07-18 13:45:15.194 [IPControllerApp] heartbeat::missed b'e5bfa8e4-3fcf31da40a0207846923266' : 7
2018-07-18 13:45:15.195 [IPControllerApp] heartbeat::missed b'8898a317-4626877b3631eeff46bf9f8e' : 7
2018-07-18 13:45:15.195 [IPControllerApp] heartbeat::missed b'4025a157-a2d4b53200940c878433c4cb' : 7
2018-07-18 13:45:15.195 [IPControllerApp] heartbeat::missed b'7d6da2cf-aded7f04c7abfc6cd5ed7427' : 7
2018-07-18 13:45:15.195 [IPControllerApp] heartbeat::missed b'd7dc8086-41dc9c444d209556a745bbc1' : 7
2018-07-18 13:45:15.195 [IPControllerApp] heartbeat::missed b'9b46f4d3-cb67c93c1589e7963c0eb336' : 7
2018-07-18 13:45:15.195 [IPControllerApp] heartbeat::missed b'8b1af325-58e139b472c4ae5ec8575f95' : 7
2018-07-18 13:45:15.195 [IPControllerApp] heartbeat::missed b'44ce1b96-c1fe1497eee02bbf66e6807c' : 7
2018-07-18 13:45:15.195 [IPControllerApp] heartbeat::missed b'4eb76271-6a7a635e4461813ff6e1d82b' : 7
2018-07-18 13:45:15.195 [IPControllerApp] heartbeat::missed b'4a95a4c7-5166ac9f003ac540c50dd0fe' : 7
2018-07-18 13:45:15.195 [IPControllerApp] heartbeat::missed b'd2d5e3eb-fde07e9e3512fc59f2bf67fc' : 6
2018-07-18 13:45:15.195 [IPControllerApp] heartbeat::missed b'ce1bd404-7beae2c85ce2aa1ea668b419' : 6
2018-07-18 13:45:15.195 [IPControllerApp] heartbeat::missed b'4184904b-a019a630ac27a313ef572fe7' : 7
2018-07-18 13:45:15.195 [IPControllerApp] heartbeat::missed b'077906ea-a4e2201345c171d0bdb1bec8' : 7
2018-07-18 13:45:15.195 [IPControllerApp] heartbeat::missed b'298f5521-a480c0e6db7a58bde51bd049' : 7
2018-07-18 13:45:15.195 [IPControllerApp] heartbeat::missed b'03baae60-6a0af1746f9a2c6006b26a36' : 7
2018-07-18 13:45:15.195 [IPControllerApp] heartbeat::missed b'd132b4d9-faf7b3792f7850b457784d51' : 7
2018-07-18 13:45:15.196 [IPControllerApp] heartbeat::missed b'540cd4e1-4e04a1582c76e7cb1077bdd0' : 7
2018-07-18 13:45:15.196 [IPControllerApp] heartbeat::missed b'2e0bc002-e096b70e2720b58ccac1d8a1' : 7
2018-07-18 13:45:15.196 [IPControllerApp] heartbeat::missed b'dd34f905-c4a2e4844c46ee0df831cf16' : 6
2018-07-18 13:45:15.196 [IPControllerApp] heartbeat::missed b'89f41466-7552662d6ab4f42af3c19d4e' : 7
2018-07-18 13:45:15.196 [IPControllerApp] heartbeat::missed b'544fe75f-039ba0dc0d46021151c95827' : 7
2018-07-18 13:45:15.196 [IPControllerApp] heartbeat::missed b'0a63bf2c-79bf99223af04730aa509b82' : 6
2018-07-18 13:45:15.196 [IPControllerApp] heartbeat::missed b'e4636bdf-0bea0bd3b2926a80e9228908' : 6
2018-07-18 13:45:15.196 [IPControllerApp] heartbeat::missed b'8684bdd1-bea0e4354c2685c3214259b8' : 6
2018-07-18 13:45:15.196 [IPControllerApp] heartbeat::missed b'68603a86-e527ab6d39b5666bc6cc200a' : 7
2018-07-18 13:45:15.196 [IPControllerApp] heartbeat::missed b'900c36cf-36c3baab64809bacfedb0d9f' : 6
2018-07-18 13:45:15.196 [IPControllerApp] heartbeat::missed b'ef939137-b732936aecb94dc47bd26019' : 7
2018-07-18 13:45:15.196 [IPControllerApp] heartbeat::missed b'850ad86d-ec178e6970e7d8b9eabd2ade' : 6
2018-07-18 13:45:15.196 [IPControllerApp] heartbeat::missed b'69d241c5-e3de82cef3806a4a9fa7e502' : 7
2018-07-18 13:45:15.196 [IPControllerApp] heartbeat::missed b'bc203e4c-a947404bd135c6dcb18d56a2' : 7
2018-07-18 13:45:15.196 [IPControllerApp] heartbeat::missed b'fe4f2fd1-1387dc70a3ff795b865cfe0a' : 7
2018-07-18 13:45:15.196 [IPControllerApp] heartbeat::missed b'951be68d-7e14ba0b2deaeb3639d9c85f' : 7
2018-07-18 13:45:15.197 [IPControllerApp] heartbeat::missed b'0a12813e-034b647cda64832c663a8a77' : 7
2018-07-18 13:45:15.197 [IPControllerApp] heartbeat::missed b'f29789ec-f69e77d81d731b01c971d0d9' : 7
2018-07-18 13:45:15.197 [IPControllerApp] heartbeat::missed b'1bdb8aba-4bd58ee6b1ee1a3a752f2f9c' : 7
2018-07-18 13:45:15.197 [IPControllerApp] heartbeat::missed b'2beeb5c0-026ab1165251c118483c7c4f' : 7
2018-07-18 13:45:15.197 [IPControllerApp] heartbeat::missed b'd27ab00d-ff647e0ddb1755722bd9fb02' : 7
2018-07-18 13:45:15.506 [IPControllerApp] registration::purging stalled registration: 6
2018-07-18 13:45:15.655 [IPControllerApp] registration::purging stalled registration: 33
2018-07-18 13:45:18.194 [IPControllerApp] heartbeat::missed b'cf279e4b-ffdf834390371c25520747f9' : 7
2018-07-18 13:45:18.195 [IPControllerApp] heartbeat::missed b'afe748ca-c146a1f8791a444ec98281bb' : 8
2018-07-18 13:45:18.195 [IPControllerApp] heartbeat::missed b'6c937876-1534f5f52ea994b50d4b601e' : 8
2018-07-18 13:45:18.195 [IPControllerApp] heartbeat::missed b'e5bfa8e4-3fcf31da40a0207846923266' : 8
2018-07-18 13:45:18.195 [IPControllerApp] heartbeat::missed b'8898a317-4626877b3631eeff46bf9f8e' : 8
2018-07-18 13:45:18.195 [IPControllerApp] heartbeat::missed b'4025a157-a2d4b53200940c878433c4cb' : 8
2018-07-18 13:45:18.195 [IPControllerApp] heartbeat::missed b'7d6da2cf-aded7f04c7abfc6cd5ed7427' : 8
2018-07-18 13:45:18.195 [IPControllerApp] heartbeat::missed b'd7dc8086-41dc9c444d209556a745bbc1' : 8
2018-07-18 13:45:18.195 [IPControllerApp] heartbeat::missed b'9b46f4d3-cb67c93c1589e7963c0eb336' : 8
2018-07-18 13:45:18.195 [IPControllerApp] heartbeat::missed b'8b1af325-58e139b472c4ae5ec8575f95' : 8
2018-07-18 13:45:18.195 [IPControllerApp] heartbeat::missed b'44ce1b96-c1fe1497eee02bbf66e6807c' : 8
2018-07-18 13:45:18.195 [IPControllerApp] heartbeat::missed b'4eb76271-6a7a635e4461813ff6e1d82b' : 8
2018-07-18 13:45:18.195 [IPControllerApp] heartbeat::missed b'4a95a4c7-5166ac9f003ac540c50dd0fe' : 8
2018-07-18 13:45:18.195 [IPControllerApp] heartbeat::missed b'd2d5e3eb-fde07e9e3512fc59f2bf67fc' : 7
2018-07-18 13:45:18.195 [IPControllerApp] heartbeat::missed b'ce1bd404-7beae2c85ce2aa1ea668b419' : 7
2018-07-18 13:45:18.195 [IPControllerApp] heartbeat::missed b'4184904b-a019a630ac27a313ef572fe7' : 8
2018-07-18 13:45:18.196 [IPControllerApp] heartbeat::missed b'077906ea-a4e2201345c171d0bdb1bec8' : 8
2018-07-18 13:45:18.196 [IPControllerApp] heartbeat::missed b'298f5521-a480c0e6db7a58bde51bd049' : 8
2018-07-18 13:45:18.196 [IPControllerApp] heartbeat::missed b'03baae60-6a0af1746f9a2c6006b26a36' : 8
2018-07-18 13:45:18.196 [IPControllerApp] heartbeat::missed b'd132b4d9-faf7b3792f7850b457784d51' : 8
2018-07-18 13:45:18.196 [IPControllerApp] heartbeat::missed b'540cd4e1-4e04a1582c76e7cb1077bdd0' : 8
2018-07-18 13:45:18.196 [IPControllerApp] heartbeat::missed b'2e0bc002-e096b70e2720b58ccac1d8a1' : 8
2018-07-18 13:45:18.196 [IPControllerApp] heartbeat::missed b'dd34f905-c4a2e4844c46ee0df831cf16' : 7
2018-07-18 13:45:18.196 [IPControllerApp] heartbeat::missed b'89f41466-7552662d6ab4f42af3c19d4e' : 8
2018-07-18 13:45:18.196 [IPControllerApp] heartbeat::missed b'544fe75f-039ba0dc0d46021151c95827' : 8
2018-07-18 13:45:18.196 [IPControllerApp] heartbeat::missed b'0a63bf2c-79bf99223af04730aa509b82' : 7
2018-07-18 13:45:18.196 [IPControllerApp] heartbeat::missed b'e4636bdf-0bea0bd3b2926a80e9228908' : 7
2018-07-18 13:45:18.196 [IPControllerApp] heartbeat::missed b'8684bdd1-bea0e4354c2685c3214259b8' : 7
2018-07-18 13:45:18.196 [IPControllerApp] heartbeat::missed b'68603a86-e527ab6d39b5666bc6cc200a' : 8
2018-07-18 13:45:18.196 [IPControllerApp] heartbeat::missed b'900c36cf-36c3baab64809bacfedb0d9f' : 7
2018-07-18 13:45:18.196 [IPControllerApp] heartbeat::missed b'ef939137-b732936aecb94dc47bd26019' : 8
2018-07-18 13:45:18.197 [IPControllerApp] heartbeat::missed b'850ad86d-ec178e6970e7d8b9eabd2ade' : 7
2018-07-18 13:45:18.197 [IPControllerApp] heartbeat::missed b'69d241c5-e3de82cef3806a4a9fa7e502' : 8
2018-07-18 13:45:18.197 [IPControllerApp] heartbeat::missed b'bc203e4c-a947404bd135c6dcb18d56a2' : 8
2018-07-18 13:45:18.197 [IPControllerApp] heartbeat::missed b'fe4f2fd1-1387dc70a3ff795b865cfe0a' : 8
2018-07-18 13:45:18.197 [IPControllerApp] heartbeat::missed b'951be68d-7e14ba0b2deaeb3639d9c85f' : 8
2018-07-18 13:45:18.197 [IPControllerApp] heartbeat::missed b'0a12813e-034b647cda64832c663a8a77' : 8
2018-07-18 13:45:18.197 [IPControllerApp] heartbeat::missed b'f29789ec-f69e77d81d731b01c971d0d9' : 8
2018-07-18 13:45:18.197 [IPControllerApp] heartbeat::missed b'1bdb8aba-4bd58ee6b1ee1a3a752f2f9c' : 8
2018-07-18 13:45:18.197 [IPControllerApp] heartbeat::missed b'2beeb5c0-026ab1165251c118483c7c4f' : 8
2018-07-18 13:45:18.197 [IPControllerApp] heartbeat::missed b'd27ab00d-ff647e0ddb1755722bd9fb02' : 8
2018-07-18 13:45:21.194 [IPControllerApp] heartbeat::missed b'cf279e4b-ffdf834390371c25520747f9' : 8
2018-07-18 13:45:21.195 [IPControllerApp] heartbeat::missed b'afe748ca-c146a1f8791a444ec98281bb' : 9
2018-07-18 13:45:21.195 [IPControllerApp] heartbeat::missed b'6c937876-1534f5f52ea994b50d4b601e' : 9
2018-07-18 13:45:21.195 [IPControllerApp] heartbeat::missed b'e5bfa8e4-3fcf31da40a0207846923266' : 9
2018-07-18 13:45:21.195 [IPControllerApp] heartbeat::missed b'8898a317-4626877b3631eeff46bf9f8e' : 9
2018-07-18 13:45:21.195 [IPControllerApp] heartbeat::missed b'4025a157-a2d4b53200940c878433c4cb' : 9
2018-07-18 13:45:21.195 [IPControllerApp] heartbeat::missed b'7d6da2cf-aded7f04c7abfc6cd5ed7427' : 9
2018-07-18 13:45:21.195 [IPControllerApp] heartbeat::missed b'd7dc8086-41dc9c444d209556a745bbc1' : 9
2018-07-18 13:45:21.195 [IPControllerApp] heartbeat::missed b'9b46f4d3-cb67c93c1589e7963c0eb336' : 9
2018-07-18 13:45:21.195 [IPControllerApp] heartbeat::missed b'8b1af325-58e139b472c4ae5ec8575f95' : 9
2018-07-18 13:45:21.195 [IPControllerApp] heartbeat::missed b'44ce1b96-c1fe1497eee02bbf66e6807c' : 9
2018-07-18 13:45:21.195 [IPControllerApp] heartbeat::missed b'4eb76271-6a7a635e4461813ff6e1d82b' : 9
2018-07-18 13:45:21.195 [IPControllerApp] heartbeat::missed b'4a95a4c7-5166ac9f003ac540c50dd0fe' : 9
2018-07-18 13:45:21.195 [IPControllerApp] heartbeat::missed b'd2d5e3eb-fde07e9e3512fc59f2bf67fc' : 8
2018-07-18 13:45:21.195 [IPControllerApp] heartbeat::missed b'ce1bd404-7beae2c85ce2aa1ea668b419' : 8
2018-07-18 13:45:21.195 [IPControllerApp] heartbeat::missed b'4184904b-a019a630ac27a313ef572fe7' : 9
2018-07-18 13:45:21.196 [IPControllerApp] heartbeat::missed b'077906ea-a4e2201345c171d0bdb1bec8' : 9
2018-07-18 13:45:21.196 [IPControllerApp] heartbeat::missed b'298f5521-a480c0e6db7a58bde51bd049' : 9
2018-07-18 13:45:21.196 [IPControllerApp] heartbeat::missed b'03baae60-6a0af1746f9a2c6006b26a36' : 9
2018-07-18 13:45:21.196 [IPControllerApp] heartbeat::missed b'd132b4d9-faf7b3792f7850b457784d51' : 9
2018-07-18 13:45:21.196 [IPControllerApp] heartbeat::missed b'540cd4e1-4e04a1582c76e7cb1077bdd0' : 9
2018-07-18 13:45:21.196 [IPControllerApp] heartbeat::missed b'2e0bc002-e096b70e2720b58ccac1d8a1' : 9
2018-07-18 13:45:21.196 [IPControllerApp] heartbeat::missed b'dd34f905-c4a2e4844c46ee0df831cf16' : 8
2018-07-18 13:45:21.196 [IPControllerApp] heartbeat::missed b'89f41466-7552662d6ab4f42af3c19d4e' : 9
2018-07-18 13:45:21.196 [IPControllerApp] heartbeat::missed b'544fe75f-039ba0dc0d46021151c95827' : 9
2018-07-18 13:45:21.196 [IPControllerApp] heartbeat::missed b'0a63bf2c-79bf99223af04730aa509b82' : 8
2018-07-18 13:45:21.196 [IPControllerApp] heartbeat::missed b'e4636bdf-0bea0bd3b2926a80e9228908' : 8
2018-07-18 13:45:21.196 [IPControllerApp] heartbeat::missed b'8684bdd1-bea0e4354c2685c3214259b8' : 8
2018-07-18 13:45:21.196 [IPControllerApp] heartbeat::missed b'68603a86-e527ab6d39b5666bc6cc200a' : 9
2018-07-18 13:45:21.196 [IPControllerApp] heartbeat::missed b'900c36cf-36c3baab64809bacfedb0d9f' : 8
2018-07-18 13:45:21.196 [IPControllerApp] heartbeat::missed b'ef939137-b732936aecb94dc47bd26019' : 9
2018-07-18 13:45:21.196 [IPControllerApp] heartbeat::missed b'850ad86d-ec178e6970e7d8b9eabd2ade' : 8
2018-07-18 13:45:21.197 [IPControllerApp] heartbeat::missed b'69d241c5-e3de82cef3806a4a9fa7e502' : 9
2018-07-18 13:45:21.197 [IPControllerApp] heartbeat::missed b'bc203e4c-a947404bd135c6dcb18d56a2' : 9
2018-07-18 13:45:21.197 [IPControllerApp] heartbeat::missed b'fe4f2fd1-1387dc70a3ff795b865cfe0a' : 9
2018-07-18 13:45:21.197 [IPControllerApp] heartbeat::missed b'951be68d-7e14ba0b2deaeb3639d9c85f' : 9
2018-07-18 13:45:21.197 [IPControllerApp] heartbeat::missed b'0a12813e-034b647cda64832c663a8a77' : 9
2018-07-18 13:45:21.197 [IPControllerApp] heartbeat::missed b'f29789ec-f69e77d81d731b01c971d0d9' : 9
2018-07-18 13:45:21.197 [IPControllerApp] heartbeat::missed b'1bdb8aba-4bd58ee6b1ee1a3a752f2f9c' : 9
2018-07-18 13:45:21.197 [IPControllerApp] heartbeat::missed b'2beeb5c0-026ab1165251c118483c7c4f' : 9
2018-07-18 13:45:21.197 [IPControllerApp] heartbeat::missed b'd27ab00d-ff647e0ddb1755722bd9fb02' : 9
2018-07-18 13:45:23.638 [IPControllerApp] registration::purging stalled registration: 43
2018-07-18 13:45:24.192 [IPControllerApp] heartbeat::missed b'cf279e4b-ffdf834390371c25520747f9' : 9
2018-07-18 13:45:24.193 [IPControllerApp] heartbeat::missed b'afe748ca-c146a1f8791a444ec98281bb' : 10
2018-07-18 13:45:24.193 [IPControllerApp] heartbeat::missed b'6c937876-1534f5f52ea994b50d4b601e' : 10
2018-07-18 13:45:24.193 [IPControllerApp] heartbeat::missed b'e5bfa8e4-3fcf31da40a0207846923266' : 10
2018-07-18 13:45:24.193 [IPControllerApp] heartbeat::missed b'8898a317-4626877b3631eeff46bf9f8e' : 10
2018-07-18 13:45:24.193 [IPControllerApp] heartbeat::missed b'4025a157-a2d4b53200940c878433c4cb' : 10
2018-07-18 13:45:24.193 [IPControllerApp] heartbeat::missed b'7d6da2cf-aded7f04c7abfc6cd5ed7427' : 10
2018-07-18 13:45:24.193 [IPControllerApp] heartbeat::missed b'd7dc8086-41dc9c444d209556a745bbc1' : 10
2018-07-18 13:45:24.193 [IPControllerApp] heartbeat::missed b'9b46f4d3-cb67c93c1589e7963c0eb336' : 10
2018-07-18 13:45:24.193 [IPControllerApp] heartbeat::missed b'8b1af325-58e139b472c4ae5ec8575f95' : 10
2018-07-18 13:45:24.193 [IPControllerApp] heartbeat::missed b'44ce1b96-c1fe1497eee02bbf66e6807c' : 10
2018-07-18 13:45:24.193 [IPControllerApp] heartbeat::missed b'4eb76271-6a7a635e4461813ff6e1d82b' : 10
2018-07-18 13:45:24.193 [IPControllerApp] heartbeat::missed b'4a95a4c7-5166ac9f003ac540c50dd0fe' : 10
2018-07-18 13:45:24.193 [IPControllerApp] heartbeat::missed b'd2d5e3eb-fde07e9e3512fc59f2bf67fc' : 9
2018-07-18 13:45:24.193 [IPControllerApp] heartbeat::missed b'ce1bd404-7beae2c85ce2aa1ea668b419' : 9
2018-07-18 13:45:24.194 [IPControllerApp] heartbeat::missed b'4184904b-a019a630ac27a313ef572fe7' : 10
2018-07-18 13:45:24.194 [IPControllerApp] heartbeat::missed b'077906ea-a4e2201345c171d0bdb1bec8' : 10
2018-07-18 13:45:24.194 [IPControllerApp] heartbeat::missed b'298f5521-a480c0e6db7a58bde51bd049' : 10
2018-07-18 13:45:24.194 [IPControllerApp] heartbeat::missed b'03baae60-6a0af1746f9a2c6006b26a36' : 10
2018-07-18 13:45:24.194 [IPControllerApp] heartbeat::missed b'd132b4d9-faf7b3792f7850b457784d51' : 10
2018-07-18 13:45:24.194 [IPControllerApp] heartbeat::missed b'540cd4e1-4e04a1582c76e7cb1077bdd0' : 10
2018-07-18 13:45:24.194 [IPControllerApp] heartbeat::missed b'2e0bc002-e096b70e2720b58ccac1d8a1' : 10
2018-07-18 13:45:24.194 [IPControllerApp] heartbeat::missed b'dd34f905-c4a2e4844c46ee0df831cf16' : 9
2018-07-18 13:45:24.194 [IPControllerApp] heartbeat::missed b'89f41466-7552662d6ab4f42af3c19d4e' : 10
2018-07-18 13:45:24.194 [IPControllerApp] heartbeat::missed b'544fe75f-039ba0dc0d46021151c95827' : 10
2018-07-18 13:45:24.194 [IPControllerApp] heartbeat::missed b'0a63bf2c-79bf99223af04730aa509b82' : 9
2018-07-18 13:45:24.194 [IPControllerApp] heartbeat::missed b'e4636bdf-0bea0bd3b2926a80e9228908' : 9
2018-07-18 13:45:24.194 [IPControllerApp] heartbeat::missed b'8684bdd1-bea0e4354c2685c3214259b8' : 9
2018-07-18 13:45:24.194 [IPControllerApp] heartbeat::missed b'68603a86-e527ab6d39b5666bc6cc200a' : 10
2018-07-18 13:45:24.194 [IPControllerApp] heartbeat::missed b'900c36cf-36c3baab64809bacfedb0d9f' : 9
2018-07-18 13:45:24.194 [IPControllerApp] heartbeat::missed b'ef939137-b732936aecb94dc47bd26019' : 10
2018-07-18 13:45:24.195 [IPControllerApp] heartbeat::missed b'850ad86d-ec178e6970e7d8b9eabd2ade' : 9
2018-07-18 13:45:24.195 [IPControllerApp] heartbeat::missed b'69d241c5-e3de82cef3806a4a9fa7e502' : 10
2018-07-18 13:45:24.195 [IPControllerApp] heartbeat::missed b'bc203e4c-a947404bd135c6dcb18d56a2' : 10
2018-07-18 13:45:24.195 [IPControllerApp] heartbeat::missed b'fe4f2fd1-1387dc70a3ff795b865cfe0a' : 10
2018-07-18 13:45:24.195 [IPControllerApp] heartbeat::missed b'951be68d-7e14ba0b2deaeb3639d9c85f' : 10
2018-07-18 13:45:24.195 [IPControllerApp] heartbeat::missed b'0a12813e-034b647cda64832c663a8a77' : 10
2018-07-18 13:45:24.195 [IPControllerApp] heartbeat::missed b'f29789ec-f69e77d81d731b01c971d0d9' : 10
2018-07-18 13:45:24.195 [IPControllerApp] heartbeat::missed b'1bdb8aba-4bd58ee6b1ee1a3a752f2f9c' : 10
2018-07-18 13:45:24.195 [IPControllerApp] heartbeat::missed b'2beeb5c0-026ab1165251c118483c7c4f' : 10
2018-07-18 13:45:24.195 [IPControllerApp] heartbeat::missed b'd27ab00d-ff647e0ddb1755722bd9fb02' : 10
2018-07-18 13:45:27.194 [IPControllerApp] heartbeat::missed b'cf279e4b-ffdf834390371c25520747f9' : 10
2018-07-18 13:45:27.194 [IPControllerApp] heartbeat::missed b'afe748ca-c146a1f8791a444ec98281bb' : 11
2018-07-18 13:45:27.194 [IPControllerApp] heartbeat::missed b'6c937876-1534f5f52ea994b50d4b601e' : 11
2018-07-18 13:45:27.194 [IPControllerApp] heartbeat::missed b'e5bfa8e4-3fcf31da40a0207846923266' : 11
2018-07-18 13:45:27.195 [IPControllerApp] heartbeat::missed b'8898a317-4626877b3631eeff46bf9f8e' : 11
2018-07-18 13:45:27.195 [IPControllerApp] heartbeat::missed b'4025a157-a2d4b53200940c878433c4cb' : 11
2018-07-18 13:45:27.195 [IPControllerApp] heartbeat::missed b'7d6da2cf-aded7f04c7abfc6cd5ed7427' : 11
2018-07-18 13:45:27.195 [IPControllerApp] heartbeat::missed b'd7dc8086-41dc9c444d209556a745bbc1' : 11
2018-07-18 13:45:27.195 [IPControllerApp] heartbeat::missed b'9b46f4d3-cb67c93c1589e7963c0eb336' : 11
2018-07-18 13:45:27.195 [IPControllerApp] heartbeat::missed b'8b1af325-58e139b472c4ae5ec8575f95' : 11
2018-07-18 13:45:27.195 [IPControllerApp] heartbeat::missed b'44ce1b96-c1fe1497eee02bbf66e6807c' : 11
2018-07-18 13:45:27.195 [IPControllerApp] heartbeat::missed b'4eb76271-6a7a635e4461813ff6e1d82b' : 11
2018-07-18 13:45:27.195 [IPControllerApp] heartbeat::missed b'4a95a4c7-5166ac9f003ac540c50dd0fe' : 11
2018-07-18 13:45:27.195 [IPControllerApp] heartbeat::missed b'd2d5e3eb-fde07e9e3512fc59f2bf67fc' : 10
2018-07-18 13:45:27.195 [IPControllerApp] heartbeat::missed b'ce1bd404-7beae2c85ce2aa1ea668b419' : 10
2018-07-18 13:45:27.195 [IPControllerApp] heartbeat::missed b'4184904b-a019a630ac27a313ef572fe7' : 11
2018-07-18 13:45:27.195 [IPControllerApp] heartbeat::missed b'077906ea-a4e2201345c171d0bdb1bec8' : 11
2018-07-18 13:45:27.195 [IPControllerApp] heartbeat::missed b'298f5521-a480c0e6db7a58bde51bd049' : 11
2018-07-18 13:45:27.195 [IPControllerApp] heartbeat::missed b'03baae60-6a0af1746f9a2c6006b26a36' : 11
2018-07-18 13:45:27.196 [IPControllerApp] heartbeat::missed b'd132b4d9-faf7b3792f7850b457784d51' : 11
2018-07-18 13:45:27.196 [IPControllerApp] heartbeat::missed b'540cd4e1-4e04a1582c76e7cb1077bdd0' : 11
2018-07-18 13:45:27.196 [IPControllerApp] heartbeat::missed b'2e0bc002-e096b70e2720b58ccac1d8a1' : 11
2018-07-18 13:45:27.196 [IPControllerApp] heartbeat::missed b'dd34f905-c4a2e4844c46ee0df831cf16' : 10
2018-07-18 13:45:27.196 [IPControllerApp] heartbeat::missed b'89f41466-7552662d6ab4f42af3c19d4e' : 11
2018-07-18 13:45:27.196 [IPControllerApp] heartbeat::missed b'544fe75f-039ba0dc0d46021151c95827' : 11
2018-07-18 13:45:27.196 [IPControllerApp] heartbeat::missed b'0a63bf2c-79bf99223af04730aa509b82' : 10
2018-07-18 13:45:27.196 [IPControllerApp] heartbeat::missed b'e4636bdf-0bea0bd3b2926a80e9228908' : 10
2018-07-18 13:45:27.196 [IPControllerApp] heartbeat::missed b'8684bdd1-bea0e4354c2685c3214259b8' : 10
2018-07-18 13:45:27.196 [IPControllerApp] heartbeat::missed b'68603a86-e527ab6d39b5666bc6cc200a' : 11
2018-07-18 13:45:27.196 [IPControllerApp] heartbeat::missed b'900c36cf-36c3baab64809bacfedb0d9f' : 10
2018-07-18 13:45:27.196 [IPControllerApp] heartbeat::missed b'ef939137-b732936aecb94dc47bd26019' : 11
2018-07-18 13:45:27.196 [IPControllerApp] heartbeat::missed b'850ad86d-ec178e6970e7d8b9eabd2ade' : 10
2018-07-18 13:45:27.196 [IPControllerApp] heartbeat::missed b'69d241c5-e3de82cef3806a4a9fa7e502' : 11
2018-07-18 13:45:27.196 [IPControllerApp] heartbeat::missed b'bc203e4c-a947404bd135c6dcb18d56a2' : 11
2018-07-18 13:45:27.196 [IPControllerApp] heartbeat::missed b'fe4f2fd1-1387dc70a3ff795b865cfe0a' : 11
2018-07-18 13:45:27.197 [IPControllerApp] heartbeat::missed b'951be68d-7e14ba0b2deaeb3639d9c85f' : 11
2018-07-18 13:45:27.197 [IPControllerApp] heartbeat::missed b'0a12813e-034b647cda64832c663a8a77' : 11
2018-07-18 13:45:27.197 [IPControllerApp] heartbeat::missed b'f29789ec-f69e77d81d731b01c971d0d9' : 11
2018-07-18 13:45:27.197 [IPControllerApp] heartbeat::missed b'1bdb8aba-4bd58ee6b1ee1a3a752f2f9c' : 11
2018-07-18 13:45:27.197 [IPControllerApp] heartbeat::missed b'2beeb5c0-026ab1165251c118483c7c4f' : 11
2018-07-18 13:45:27.197 [IPControllerApp] heartbeat::missed b'd27ab00d-ff647e0ddb1755722bd9fb02' : 11
2018-07-18 13:45:27.197 [IPControllerApp] registration::unregister_engine(18)
2018-07-18 13:45:27.198 [IPControllerApp] registration::unregister_engine(12)
2018-07-18 13:45:27.199 [IPControllerApp] registration::unregister_engine(42)
2018-07-18 13:45:27.199 [IPControllerApp] registration::unregister_engine(13)
2018-07-18 13:45:27.200 [IPControllerApp] registration::unregister_engine(8)
2018-07-18 13:45:27.201 [IPControllerApp] registration::unregister_engine(32)
2018-07-18 13:45:27.201 [IPControllerApp] registration::unregister_engine(11)
2018-07-18 13:45:27.202 [IPControllerApp] registration::unregister_engine(30)
2018-07-18 13:45:27.203 [IPControllerApp] registration::unregister_engine(16)
2018-07-18 13:45:27.203 [IPControllerApp] registration::unregister_engine(1)
2018-07-18 13:45:27.204 [IPControllerApp] registration::unregister_engine(2)
2018-07-18 13:45:27.205 [IPControllerApp] registration::unregister_engine(3)
2018-07-18 13:45:27.205 [IPControllerApp] registration::unregister_engine(21)
2018-07-18 13:45:27.206 [IPControllerApp] registration::unregister_engine(17)
2018-07-18 13:45:27.206 [IPControllerApp] registration::unregister_engine(36)
2018-07-18 13:45:27.207 [IPControllerApp] registration::unregister_engine(7)
2018-07-18 13:45:27.208 [IPControllerApp] registration::unregister_engine(31)
2018-07-18 13:45:27.208 [IPControllerApp] registration::unregister_engine(25)
2018-07-18 13:45:27.209 [IPControllerApp] registration::unregister_engine(23)
2018-07-18 13:45:27.209 [IPControllerApp] registration::unregister_engine(9)
2018-07-18 13:45:27.210 [IPControllerApp] registration::unregister_engine(39)
2018-07-18 13:45:27.211 [IPControllerApp] registration::unregister_engine(20)
2018-07-18 13:45:27.211 [IPControllerApp] registration::unregister_engine(27)
2018-07-18 13:45:27.212 [IPControllerApp] registration::unregister_engine(4)
2018-07-18 13:45:27.212 [IPControllerApp] registration::unregister_engine(26)
2018-07-18 13:45:27.213 [IPControllerApp] registration::unregister_engine(35)
2018-07-18 13:45:27.213 [IPControllerApp] registration::unregister_engine(37)
2018-07-18 13:45:27.214 [IPControllerApp] registration::unregister_engine(38)
2018-07-18 13:45:27.215 [IPControllerApp] registration::unregister_engine(34)
2018-07-18 13:45:27.215 [IPControllerApp] registration::unregister_engine(19)
2018-07-18 13:45:27.216 [IPControllerApp] registration::unregister_engine(10)
2018-07-18 13:45:27.216 [IPControllerApp] registration::unregister_engine(5)
2018-07-18 13:45:30.193 [IPControllerApp] heartbeat::missed b'cf279e4b-ffdf834390371c25520747f9' : 11
2018-07-18 13:45:30.194 [IPControllerApp] heartbeat::missed b'900c36cf-36c3baab64809bacfedb0d9f' : 11
2018-07-18 13:45:30.194 [IPControllerApp] heartbeat::missed b'850ad86d-ec178e6970e7d8b9eabd2ade' : 11
2018-07-18 13:45:30.194 [IPControllerApp] heartbeat::missed b'e4636bdf-0bea0bd3b2926a80e9228908' : 11
2018-07-18 13:45:30.194 [IPControllerApp] heartbeat::missed b'ce1bd404-7beae2c85ce2aa1ea668b419' : 11
2018-07-18 13:45:30.194 [IPControllerApp] heartbeat::missed b'd2d5e3eb-fde07e9e3512fc59f2bf67fc' : 11
2018-07-18 13:45:30.194 [IPControllerApp] heartbeat::missed b'dd34f905-c4a2e4844c46ee0df831cf16' : 11
2018-07-18 13:45:30.194 [IPControllerApp] heartbeat::missed b'0a63bf2c-79bf99223af04730aa509b82' : 11
2018-07-18 13:45:30.194 [IPControllerApp] heartbeat::missed b'8684bdd1-bea0e4354c2685c3214259b8' : 11
2018-07-18 13:45:30.194 [IPControllerApp] registration::unregister_engine(24)
2018-07-18 13:45:30.195 [IPControllerApp] registration::unregister_engine(28)
2018-07-18 13:45:30.195 [IPControllerApp] registration::unregister_engine(22)
2018-07-18 13:45:30.196 [IPControllerApp] registration::unregister_engine(40)
2018-07-18 13:45:30.197 [IPControllerApp] registration::unregister_engine(41)
2018-07-18 13:45:30.197 [IPControllerApp] registration::unregister_engine(0)
2018-07-18 13:45:30.198 [IPControllerApp] registration::unregister_engine(15)
2018-07-18 13:45:30.198 [IPControllerApp] registration::unregister_engine(14)
2018-07-18 13:45:30.199 [IPControllerApp] registration::unregister_engine(29)
2018-07-18 13:45:32.231 [IPControllerApp] task::task '2fea80f0-ec39b619449bfc91ca182868' finished on 18
2018-07-18 13:45:32.232 [IPControllerApp] task::task '1667a17f-e8424b31488a36ae663be6dc' finished on 12
2018-07-18 13:45:32.233 [IPControllerApp] task::task '4fcac772-4cb1bc7725880c0c49e50a05' finished on 42
2018-07-18 13:45:32.234 [IPControllerApp] task::task '42e16881-96e653cee85ca6a313d145f0' finished on 13
2018-07-18 13:45:32.235 [IPControllerApp] task::task '06c75610-578040252985449500b69425' finished on 8
2018-07-18 13:45:32.235 [IPControllerApp] task::task '0f40435a-8c2112870c66a9614443d936' finished on 32
2018-07-18 13:45:32.236 [IPControllerApp] task::task 'e0159b0f-ede3cc41e43e577c21af3029' finished on 11
2018-07-18 13:45:32.237 [IPControllerApp] task::task '2c28a49f-67de8c49f99fc7e35a86da48' finished on 30
2018-07-18 13:45:32.242 [IPControllerApp] task::task '4849409e-12bdc18703580e59b7c71461' finished on 16
2018-07-18 13:45:32.243 [IPControllerApp] task::task '25e9f700-3552ae5a9f06ae176e92d3c0' finished on 1
2018-07-18 13:45:32.243 [IPControllerApp] task::task 'bdd5d1a5-fd6659d49f09ad9474c430a8' finished on 2
2018-07-18 13:45:32.244 [IPControllerApp] task::task '195005be-4f022cb4e66da120aeba2c76' finished on 3
2018-07-18 13:45:32.245 [IPControllerApp] task::task 'e22fff26-30f932b6eff363de864581c0' finished on 21
2018-07-18 13:45:32.246 [IPControllerApp] task::task '5b758954-2362569f380877186e35dfc7' finished on 17
2018-07-18 13:45:32.246 [IPControllerApp] task::task 'f7ab6f4e-05ce9a8a7c89c6f56a691975' finished on 36
2018-07-18 13:45:32.247 [IPControllerApp] task::task '832d9eb9-158120e9114d47a961889dff' finished on 7
2018-07-18 13:45:32.248 [IPControllerApp] task::task '6d8d5178-de3cd2f22abe0d69aa8eb9bd' finished on 9
2018-07-18 13:45:32.249 [IPControllerApp] task::task '37e1a7af-b1f3cd63f8ba4207ae02093f' finished on 4
2018-07-18 13:45:32.249 [IPControllerApp] task::task '8e87e9dd-d9b84b6cb4ac35e777aea0d1' finished on 10
2018-07-18 13:45:32.250 [IPControllerApp] task::task '549d12d1-a42ed9022d7b87f059eb5a3e' finished on 5
2018-07-18 13:45:35.204 [IPControllerApp] task::task '0449ec20-68e7aad1f82b59b564ccc9d7' finished on 24
2018-07-18 13:45:35.208 [IPControllerApp] task::task '5fd6ae04-6f64d7113e8ac33cd5b9120a' finished on 41
2018-07-18 13:45:35.209 [IPControllerApp] task::task '001c0a0f-12ba2dc36cf796cf3f809423' finished on 0
2018-07-18 13:45:35.210 [IPControllerApp] task::task '81ecd6f0-919f73ef9ed67d140b01a0ee' finished on 15
2018-07-18 13:45:35.211 [IPControllerApp] task::task '75850b72-17216cf7f8d9f9f32c345a44' finished on 14
2018-07-18 13:45:37.470 [IPControllerApp] CRITICAL | Received signal 15, shutting down
2018-07-18 13:45:37.470 [IPControllerApp] CRITICAL | terminating children...
