2018-06-28 14:48:40 parsl.dataflow.dflow:71 [INFO]  Parsl version: 0.5.1
2018-06-28 14:48:40 parsl.dataflow.dflow:72 [INFO]  Libsubmit version: 0.4.1-a0
2018-06-28 14:48:40 parsl.dataflow.usage_tracking.usage:125 [DEBUG]  Tracking status: True
2018-06-28 14:48:40 parsl.dataflow.usage_tracking.usage:126 [DEBUG]  Testing mode   : False
2018-06-28 14:48:40 parsl.dataflow.memoization:52 [INFO]  App caching initialized
2018-06-28 14:48:40 parsl.executors.ipp_controller:83 [DEBUG]  Starting ipcontroller with 'ipcontroller --ipython-dir=/scratch/midway2/madduru/parsl/parsl/tests/integration/test_stress/runinfo/055 --ip=* --profile=midway_ipp   '
2018-06-28 14:48:41 parsl.dataflow.strategy:175 [DEBUG]  Tasks:0 Slots:0 Parallelism:0.5
2018-06-28 14:48:41 parsl.dataflow.strategy:175 [DEBUG]  Tasks:0 Slots:0 Parallelism:0.5
2018-06-28 14:48:41 parsl.dataflow.strategy:175 [DEBUG]  Tasks:0 Slots:0 Parallelism:0.5
2018-06-28 14:48:42 parsl.executors.ipp:97 [DEBUG]  Waiting for /scratch/midway2/madduru/parsl/parsl/tests/integration/test_stress/runinfo/055/profile_midway_ipp/security/ipcontroller-client.json
2018-06-28 14:48:42 parsl.executors.ipp:114 [DEBUG]  Starting IPyParallelExecutor with provider:
SlurmProvider(
    'westmere',
    channel=LocalChannel(
        envs={}, 
        script_dir='/scratch/midway2/madduru/parsl/parsl/tests/integration/test_stress/.scripts', 
        userhome='/scratch/midway2/madduru/parsl/parsl/tests/integration/test_stress'
    ), 
    init_blocks=2, 
    label='slurm', 
    launcher=<libsubmit.launchers.launchers.SingleNodeLauncher object at 0x7fc56016af60>, 
    max_blocks=2, 
    min_blocks=1, 
    nodes_per_block=1, 
    overrides='module load Anaconda3/5.1.0; export PARSL_TESTING=True', 
    parallelism=0.5, 
    script_dir='parsl_scripts', 
    tasks_per_node=4, 
    walltime=11
)
2018-06-28 14:48:42 parsl.executors.ipp:119 [DEBUG]  Launched block: 0:None
2018-06-28 14:48:46 parsl.dataflow.strategy:175 [DEBUG]  Tasks:0 Slots:0 Parallelism:0.5
2018-06-28 14:48:46 parsl.dataflow.strategy:175 [DEBUG]  Tasks:0 Slots:0 Parallelism:0.5
2018-06-28 14:48:46 parsl.dataflow.strategy:175 [DEBUG]  Tasks:0 Slots:0 Parallelism:0.5
2018-06-28 14:48:51 parsl.dataflow.strategy:175 [DEBUG]  Tasks:0 Slots:0 Parallelism:0.5
2018-06-28 14:48:51 parsl.dataflow.strategy:175 [DEBUG]  Tasks:0 Slots:0 Parallelism:0.5
2018-06-28 14:48:51 parsl.dataflow.strategy:175 [DEBUG]  Tasks:0 Slots:0 Parallelism:0.5
2018-06-28 14:48:56 parsl.dataflow.strategy:175 [DEBUG]  Tasks:0 Slots:0 Parallelism:0.5
2018-06-28 14:48:56 parsl.dataflow.strategy:175 [DEBUG]  Tasks:0 Slots:0 Parallelism:0.5
2018-06-28 14:48:56 parsl.dataflow.strategy:175 [DEBUG]  Tasks:0 Slots:0 Parallelism:0.5
2018-06-28 14:49:01 parsl.dataflow.strategy:175 [DEBUG]  Tasks:0 Slots:0 Parallelism:0.5
2018-06-28 14:49:01 parsl.dataflow.strategy:175 [DEBUG]  Tasks:0 Slots:0 Parallelism:0.5
2018-06-28 14:49:01 parsl.dataflow.strategy:175 [DEBUG]  Tasks:0 Slots:0 Parallelism:0.5
2018-06-28 14:49:06 parsl.dataflow.strategy:175 [DEBUG]  Tasks:0 Slots:0 Parallelism:0.5
2018-06-28 14:49:06 parsl.dataflow.strategy:175 [DEBUG]  Tasks:0 Slots:0 Parallelism:0.5
2018-06-28 14:49:06 parsl.dataflow.strategy:175 [DEBUG]  Tasks:0 Slots:0 Parallelism:0.5
2018-06-28 14:49:12 parsl.dataflow.strategy:175 [DEBUG]  Tasks:0 Slots:0 Parallelism:0.5
2018-06-28 14:49:12 parsl.dataflow.strategy:175 [DEBUG]  Tasks:0 Slots:0 Parallelism:0.5
2018-06-28 14:49:12 parsl.dataflow.strategy:175 [DEBUG]  Tasks:0 Slots:0 Parallelism:0.5
2018-06-28 14:49:17 parsl.dataflow.strategy:175 [DEBUG]  Tasks:0 Slots:0 Parallelism:0.5
2018-06-28 14:49:17 parsl.dataflow.strategy:175 [DEBUG]  Tasks:0 Slots:0 Parallelism:0.5
2018-06-28 14:49:17 parsl.dataflow.strategy:175 [DEBUG]  Tasks:0 Slots:0 Parallelism:0.5
2018-06-28 14:49:22 parsl.dataflow.strategy:175 [DEBUG]  Tasks:0 Slots:0 Parallelism:0.5
2018-06-28 14:49:24 parsl.dataflow.strategy:175 [DEBUG]  Tasks:0 Slots:0 Parallelism:0.5
2018-06-28 14:49:25 parsl.dataflow.strategy:175 [DEBUG]  Tasks:0 Slots:0 Parallelism:0.5
2018-06-28 14:49:27 parsl.dataflow.strategy:175 [DEBUG]  Tasks:0 Slots:0 Parallelism:0.5
2018-06-28 14:49:27 parsl.dataflow.strategy:175 [DEBUG]  Tasks:0 Slots:0 Parallelism:0.5
2018-06-28 14:49:27 parsl.dataflow.strategy:175 [DEBUG]  Tasks:0 Slots:0 Parallelism:0.5
2018-06-28 14:49:32 parsl.dataflow.strategy:175 [DEBUG]  Tasks:0 Slots:0 Parallelism:0.5
2018-06-28 14:49:32 parsl.dataflow.strategy:175 [DEBUG]  Tasks:0 Slots:0 Parallelism:0.5
2018-06-28 14:49:32 parsl.dataflow.strategy:175 [DEBUG]  Tasks:0 Slots:0 Parallelism:0.5
2018-06-28 14:49:38 parsl.dataflow.strategy:175 [DEBUG]  Tasks:0 Slots:0 Parallelism:0.5
2018-06-28 14:49:38 parsl.dataflow.strategy:175 [DEBUG]  Tasks:0 Slots:0 Parallelism:0.5
2018-06-28 14:49:38 parsl.dataflow.strategy:175 [DEBUG]  Tasks:0 Slots:0 Parallelism:0.5
2018-06-28 14:49:41 parsl.dataflow.strategy:175 [DEBUG]  Tasks:0 Slots:0 Parallelism:0.5
2018-06-28 14:49:41 parsl.dataflow.strategy:175 [DEBUG]  Tasks:0 Slots:0 Parallelism:0.5
2018-06-28 14:49:41 parsl.dataflow.strategy:175 [DEBUG]  Tasks:0 Slots:0 Parallelism:0.5
2018-06-28 14:49:46 parsl.dataflow.strategy:175 [DEBUG]  Tasks:0 Slots:0 Parallelism:0.5
2018-06-28 14:49:46 parsl.dataflow.strategy:175 [DEBUG]  Tasks:0 Slots:0 Parallelism:0.5
2018-06-28 14:49:46 parsl.dataflow.strategy:175 [DEBUG]  Tasks:0 Slots:0 Parallelism:0.5
2018-06-28 14:49:51 parsl.dataflow.strategy:175 [DEBUG]  Tasks:0 Slots:0 Parallelism:0.5
2018-06-28 14:49:51 parsl.dataflow.strategy:175 [DEBUG]  Tasks:0 Slots:0 Parallelism:0.5
2018-06-28 14:49:51 parsl.dataflow.strategy:175 [DEBUG]  Tasks:0 Slots:0 Parallelism:0.5
2018-06-28 14:49:56 parsl.dataflow.strategy:175 [DEBUG]  Tasks:0 Slots:0 Parallelism:0.5
2018-06-28 14:49:56 parsl.dataflow.strategy:175 [DEBUG]  Tasks:0 Slots:0 Parallelism:0.5
2018-06-28 14:49:56 parsl.dataflow.strategy:175 [DEBUG]  Tasks:0 Slots:0 Parallelism:0.5
2018-06-28 14:50:01 parsl.dataflow.strategy:175 [DEBUG]  Tasks:0 Slots:0 Parallelism:0.5
2018-06-28 14:50:01 parsl.dataflow.strategy:175 [DEBUG]  Tasks:0 Slots:0 Parallelism:0.5
2018-06-28 14:50:01 parsl.dataflow.strategy:175 [DEBUG]  Tasks:0 Slots:0 Parallelism:0.5
2018-06-28 14:50:06 parsl.dataflow.strategy:175 [DEBUG]  Tasks:0 Slots:0 Parallelism:0.5
2018-06-28 14:50:06 parsl.dataflow.strategy:175 [DEBUG]  Tasks:0 Slots:0 Parallelism:0.5
2018-06-28 14:50:06 parsl.dataflow.strategy:175 [DEBUG]  Tasks:0 Slots:0 Parallelism:0.5
2018-06-28 14:50:12 parsl.dataflow.strategy:175 [DEBUG]  Tasks:0 Slots:0 Parallelism:0.5
2018-06-28 14:50:12 parsl.dataflow.strategy:175 [DEBUG]  Tasks:0 Slots:0 Parallelism:0.5
2018-06-28 14:50:12 parsl.dataflow.strategy:175 [DEBUG]  Tasks:0 Slots:0 Parallelism:0.5
2018-06-28 14:50:17 parsl.dataflow.strategy:175 [DEBUG]  Tasks:0 Slots:0 Parallelism:0.5
2018-06-28 14:50:17 parsl.dataflow.strategy:175 [DEBUG]  Tasks:0 Slots:0 Parallelism:0.5
2018-06-28 14:50:17 parsl.dataflow.strategy:175 [DEBUG]  Tasks:0 Slots:0 Parallelism:0.5
2018-06-28 14:50:22 parsl.dataflow.strategy:175 [DEBUG]  Tasks:0 Slots:0 Parallelism:0.5
2018-06-28 14:50:22 parsl.dataflow.strategy:175 [DEBUG]  Tasks:0 Slots:0 Parallelism:0.5
2018-06-28 14:50:23 parsl.dataflow.strategy:175 [DEBUG]  Tasks:0 Slots:0 Parallelism:0.5
2018-06-28 14:50:27 parsl.dataflow.strategy:175 [DEBUG]  Tasks:0 Slots:0 Parallelism:0.5
2018-06-28 14:50:27 parsl.dataflow.strategy:175 [DEBUG]  Tasks:0 Slots:0 Parallelism:0.5
2018-06-28 14:50:28 parsl.dataflow.strategy:175 [DEBUG]  Tasks:0 Slots:0 Parallelism:0.5
2018-06-28 14:50:32 parsl.dataflow.strategy:175 [DEBUG]  Tasks:0 Slots:0 Parallelism:0.5
2018-06-28 14:50:33 parsl.dataflow.strategy:175 [DEBUG]  Tasks:0 Slots:0 Parallelism:0.5
2018-06-28 14:50:33 parsl.dataflow.strategy:175 [DEBUG]  Tasks:0 Slots:0 Parallelism:0.5
2018-06-28 14:50:38 parsl.dataflow.strategy:175 [DEBUG]  Tasks:0 Slots:0 Parallelism:0.5
2018-06-28 14:50:38 parsl.dataflow.strategy:175 [DEBUG]  Tasks:0 Slots:0 Parallelism:0.5
2018-06-28 14:50:38 parsl.dataflow.strategy:175 [DEBUG]  Tasks:0 Slots:0 Parallelism:0.5
2018-06-28 14:50:41 parsl.dataflow.strategy:175 [DEBUG]  Tasks:0 Slots:0 Parallelism:0.5
2018-06-28 14:50:41 parsl.dataflow.strategy:175 [DEBUG]  Tasks:0 Slots:0 Parallelism:0.5
2018-06-28 14:50:41 parsl.dataflow.strategy:175 [DEBUG]  Tasks:0 Slots:0 Parallelism:0.5
2018-06-28 14:50:46 parsl.dataflow.strategy:175 [DEBUG]  Tasks:0 Slots:0 Parallelism:0.5
2018-06-28 14:50:46 parsl.dataflow.strategy:175 [DEBUG]  Tasks:0 Slots:0 Parallelism:0.5
2018-06-28 14:50:46 parsl.dataflow.strategy:175 [DEBUG]  Tasks:0 Slots:0 Parallelism:0.5
2018-06-28 14:50:51 parsl.dataflow.strategy:175 [DEBUG]  Tasks:0 Slots:0 Parallelism:0.5
2018-06-28 14:50:51 parsl.dataflow.strategy:175 [DEBUG]  Tasks:0 Slots:0 Parallelism:0.5
2018-06-28 14:50:51 parsl.dataflow.strategy:175 [DEBUG]  Tasks:0 Slots:0 Parallelism:0.5
2018-06-28 14:50:56 parsl.dataflow.strategy:175 [DEBUG]  Tasks:0 Slots:0 Parallelism:0.5
2018-06-28 14:50:56 parsl.dataflow.strategy:175 [DEBUG]  Tasks:0 Slots:0 Parallelism:0.5
2018-06-28 14:50:56 parsl.dataflow.strategy:175 [DEBUG]  Tasks:0 Slots:0 Parallelism:0.5
2018-06-28 14:51:01 parsl.dataflow.strategy:175 [DEBUG]  Tasks:0 Slots:0 Parallelism:0.5
2018-06-28 14:51:01 parsl.dataflow.strategy:175 [DEBUG]  Tasks:0 Slots:0 Parallelism:0.5
2018-06-28 14:51:01 parsl.dataflow.strategy:175 [DEBUG]  Tasks:0 Slots:0 Parallelism:0.5
2018-06-28 14:51:06 parsl.dataflow.strategy:175 [DEBUG]  Tasks:0 Slots:0 Parallelism:0.5
2018-06-28 14:51:06 parsl.dataflow.strategy:175 [DEBUG]  Tasks:0 Slots:0 Parallelism:0.5
2018-06-28 14:51:06 parsl.dataflow.strategy:175 [DEBUG]  Tasks:0 Slots:0 Parallelism:0.5
2018-06-28 14:51:12 parsl.dataflow.strategy:175 [DEBUG]  Tasks:0 Slots:0 Parallelism:0.5
2018-06-28 14:51:12 parsl.dataflow.strategy:175 [DEBUG]  Tasks:0 Slots:0 Parallelism:0.5
2018-06-28 14:51:12 parsl.dataflow.strategy:175 [DEBUG]  Tasks:0 Slots:0 Parallelism:0.5
2018-06-28 14:51:17 parsl.dataflow.strategy:175 [DEBUG]  Tasks:0 Slots:0 Parallelism:0.5
2018-06-28 14:51:17 parsl.dataflow.strategy:175 [DEBUG]  Tasks:0 Slots:0 Parallelism:0.5
2018-06-28 14:51:17 parsl.dataflow.strategy:175 [DEBUG]  Tasks:0 Slots:0 Parallelism:0.5
2018-06-28 14:51:22 parsl.dataflow.strategy:175 [DEBUG]  Tasks:0 Slots:0 Parallelism:0.5
2018-06-28 14:51:22 parsl.dataflow.strategy:175 [DEBUG]  Tasks:0 Slots:0 Parallelism:0.5
2018-06-28 14:51:22 parsl.dataflow.strategy:175 [DEBUG]  Tasks:0 Slots:0 Parallelism:0.5
2018-06-28 14:51:27 parsl.dataflow.strategy:175 [DEBUG]  Tasks:0 Slots:0 Parallelism:0.5
2018-06-28 14:51:27 parsl.dataflow.strategy:175 [DEBUG]  Tasks:0 Slots:0 Parallelism:0.5
2018-06-28 14:51:28 parsl.dataflow.strategy:175 [DEBUG]  Tasks:0 Slots:0 Parallelism:0.5
2018-06-28 14:51:33 parsl.dataflow.strategy:175 [DEBUG]  Tasks:0 Slots:0 Parallelism:0.5
2018-06-28 14:51:35 parsl.dataflow.strategy:175 [DEBUG]  Tasks:0 Slots:0 Parallelism:0.5
2018-06-28 14:51:35 parsl.dataflow.strategy:175 [DEBUG]  Tasks:0 Slots:0 Parallelism:0.5
2018-06-28 14:51:36 parsl.dataflow.strategy:175 [DEBUG]  Tasks:0 Slots:0 Parallelism:0.5
2018-06-28 14:51:38 parsl.dataflow.strategy:175 [DEBUG]  Tasks:0 Slots:0 Parallelism:0.5
2018-06-28 14:51:38 parsl.dataflow.strategy:175 [DEBUG]  Tasks:0 Slots:0 Parallelism:0.5
2018-06-28 14:51:41 parsl.dataflow.strategy:175 [DEBUG]  Tasks:0 Slots:0 Parallelism:0.5
2018-06-28 14:51:41 parsl.dataflow.strategy:175 [DEBUG]  Tasks:0 Slots:0 Parallelism:0.5
2018-06-28 14:51:41 parsl.dataflow.strategy:175 [DEBUG]  Tasks:0 Slots:0 Parallelism:0.5
2018-06-28 14:51:46 parsl.dataflow.strategy:175 [DEBUG]  Tasks:0 Slots:0 Parallelism:0.5
2018-06-28 14:51:46 parsl.dataflow.strategy:175 [DEBUG]  Tasks:0 Slots:0 Parallelism:0.5
2018-06-28 14:51:46 parsl.dataflow.strategy:175 [DEBUG]  Tasks:0 Slots:0 Parallelism:0.5
2018-06-28 14:51:51 parsl.dataflow.strategy:175 [DEBUG]  Tasks:0 Slots:0 Parallelism:0.5
2018-06-28 14:51:51 parsl.dataflow.strategy:175 [DEBUG]  Tasks:0 Slots:0 Parallelism:0.5
2018-06-28 14:51:51 parsl.dataflow.strategy:175 [DEBUG]  Tasks:0 Slots:0 Parallelism:0.5
2018-06-28 14:51:56 parsl.dataflow.strategy:175 [DEBUG]  Tasks:0 Slots:0 Parallelism:0.5
2018-06-28 14:51:56 parsl.dataflow.strategy:175 [DEBUG]  Tasks:0 Slots:0 Parallelism:0.5
2018-06-28 14:51:56 parsl.dataflow.strategy:175 [DEBUG]  Tasks:0 Slots:0 Parallelism:0.5
2018-06-28 14:52:01 parsl.dataflow.strategy:175 [DEBUG]  Tasks:0 Slots:0 Parallelism:0.5
2018-06-28 14:52:01 parsl.dataflow.strategy:175 [DEBUG]  Tasks:0 Slots:0 Parallelism:0.5
2018-06-28 14:52:01 parsl.dataflow.strategy:175 [DEBUG]  Tasks:0 Slots:0 Parallelism:0.5
2018-06-28 14:52:06 parsl.dataflow.strategy:175 [DEBUG]  Tasks:0 Slots:0 Parallelism:0.5
2018-06-28 14:52:06 parsl.dataflow.strategy:175 [DEBUG]  Tasks:0 Slots:0 Parallelism:0.5
2018-06-28 14:52:06 parsl.dataflow.strategy:175 [DEBUG]  Tasks:0 Slots:0 Parallelism:0.5
2018-06-28 14:52:12 parsl.dataflow.strategy:175 [DEBUG]  Tasks:0 Slots:0 Parallelism:0.5
2018-06-28 14:52:12 parsl.dataflow.strategy:175 [DEBUG]  Tasks:0 Slots:0 Parallelism:0.5
2018-06-28 14:52:12 parsl.dataflow.strategy:175 [DEBUG]  Tasks:0 Slots:0 Parallelism:0.5
2018-06-28 14:52:17 parsl.dataflow.strategy:175 [DEBUG]  Tasks:0 Slots:0 Parallelism:0.5
2018-06-28 14:52:17 parsl.dataflow.strategy:175 [DEBUG]  Tasks:0 Slots:0 Parallelism:0.5
2018-06-28 14:52:17 parsl.dataflow.strategy:175 [DEBUG]  Tasks:0 Slots:0 Parallelism:0.5
2018-06-28 14:52:22 parsl.dataflow.strategy:175 [DEBUG]  Tasks:0 Slots:0 Parallelism:0.5
2018-06-28 14:52:22 parsl.dataflow.strategy:175 [DEBUG]  Tasks:0 Slots:0 Parallelism:0.5
2018-06-28 14:52:22 parsl.dataflow.strategy:175 [DEBUG]  Tasks:0 Slots:0 Parallelism:0.5
2018-06-28 14:52:27 parsl.dataflow.strategy:175 [DEBUG]  Tasks:0 Slots:0 Parallelism:0.5
2018-06-28 14:52:27 parsl.dataflow.strategy:175 [DEBUG]  Tasks:0 Slots:0 Parallelism:0.5
2018-06-28 14:52:28 parsl.dataflow.strategy:175 [DEBUG]  Tasks:0 Slots:0 Parallelism:0.5
2018-06-28 14:52:32 parsl.dataflow.strategy:175 [DEBUG]  Tasks:0 Slots:0 Parallelism:0.5
2018-06-28 14:52:32 parsl.dataflow.strategy:175 [DEBUG]  Tasks:0 Slots:0 Parallelism:0.5
2018-06-28 14:52:33 parsl.dataflow.strategy:175 [DEBUG]  Tasks:0 Slots:0 Parallelism:0.5
2018-06-28 14:52:36 parsl.dataflow.strategy:175 [DEBUG]  Tasks:0 Slots:0 Parallelism:0.5
2018-06-28 14:52:38 parsl.dataflow.strategy:175 [DEBUG]  Tasks:0 Slots:0 Parallelism:0.5
2018-06-28 14:52:38 parsl.dataflow.strategy:175 [DEBUG]  Tasks:0 Slots:0 Parallelism:0.5
2018-06-28 14:52:41 parsl.dataflow.strategy:175 [DEBUG]  Tasks:0 Slots:0 Parallelism:0.5
2018-06-28 14:52:41 parsl.dataflow.strategy:175 [DEBUG]  Tasks:0 Slots:0 Parallelism:0.5
2018-06-28 14:52:41 parsl.dataflow.strategy:175 [DEBUG]  Tasks:0 Slots:0 Parallelism:0.5
2018-06-28 14:52:46 parsl.dataflow.strategy:175 [DEBUG]  Tasks:0 Slots:0 Parallelism:0.5
2018-06-28 14:52:46 parsl.dataflow.strategy:175 [DEBUG]  Tasks:0 Slots:0 Parallelism:0.5
2018-06-28 14:52:46 parsl.dataflow.strategy:175 [DEBUG]  Tasks:0 Slots:0 Parallelism:0.5
2018-06-28 14:52:51 parsl.dataflow.strategy:175 [DEBUG]  Tasks:0 Slots:0 Parallelism:0.5
2018-06-28 14:52:51 parsl.dataflow.strategy:175 [DEBUG]  Tasks:0 Slots:0 Parallelism:0.5
2018-06-28 14:52:51 parsl.dataflow.strategy:175 [DEBUG]  Tasks:0 Slots:0 Parallelism:0.5
2018-06-28 14:52:56 parsl.dataflow.strategy:175 [DEBUG]  Tasks:0 Slots:0 Parallelism:0.5
2018-06-28 14:52:56 parsl.dataflow.strategy:175 [DEBUG]  Tasks:0 Slots:0 Parallelism:0.5
2018-06-28 14:52:56 parsl.dataflow.strategy:175 [DEBUG]  Tasks:0 Slots:0 Parallelism:0.5
2018-06-28 14:53:01 parsl.dataflow.strategy:175 [DEBUG]  Tasks:0 Slots:0 Parallelism:0.5
2018-06-28 14:53:01 parsl.dataflow.strategy:175 [DEBUG]  Tasks:0 Slots:0 Parallelism:0.5
2018-06-28 14:53:01 parsl.dataflow.strategy:175 [DEBUG]  Tasks:0 Slots:0 Parallelism:0.5
2018-06-28 14:53:06 parsl.dataflow.strategy:175 [DEBUG]  Tasks:0 Slots:0 Parallelism:0.5
2018-06-28 14:53:06 parsl.dataflow.strategy:175 [DEBUG]  Tasks:0 Slots:0 Parallelism:0.5
2018-06-28 14:53:06 parsl.dataflow.strategy:175 [DEBUG]  Tasks:0 Slots:0 Parallelism:0.5
2018-06-28 14:53:12 parsl.dataflow.strategy:175 [DEBUG]  Tasks:0 Slots:0 Parallelism:0.5
2018-06-28 14:53:12 parsl.dataflow.strategy:175 [DEBUG]  Tasks:0 Slots:0 Parallelism:0.5
2018-06-28 14:53:12 parsl.dataflow.strategy:175 [DEBUG]  Tasks:0 Slots:0 Parallelism:0.5
2018-06-28 14:53:17 parsl.dataflow.strategy:175 [DEBUG]  Tasks:0 Slots:0 Parallelism:0.5
2018-06-28 14:53:17 parsl.dataflow.strategy:175 [DEBUG]  Tasks:0 Slots:0 Parallelism:0.5
2018-06-28 14:53:17 parsl.dataflow.strategy:175 [DEBUG]  Tasks:0 Slots:0 Parallelism:0.5
2018-06-28 14:53:22 parsl.dataflow.strategy:175 [DEBUG]  Tasks:0 Slots:0 Parallelism:0.5
2018-06-28 14:53:22 parsl.dataflow.strategy:175 [DEBUG]  Tasks:0 Slots:0 Parallelism:0.5
2018-06-28 14:53:22 parsl.dataflow.strategy:175 [DEBUG]  Tasks:0 Slots:0 Parallelism:0.5
2018-06-28 14:53:27 parsl.dataflow.strategy:175 [DEBUG]  Tasks:0 Slots:0 Parallelism:0.5
2018-06-28 14:53:27 parsl.dataflow.strategy:175 [DEBUG]  Tasks:0 Slots:0 Parallelism:0.5
2018-06-28 14:53:27 parsl.dataflow.strategy:175 [DEBUG]  Tasks:0 Slots:0 Parallelism:0.5
2018-06-28 14:53:32 parsl.dataflow.strategy:175 [DEBUG]  Tasks:0 Slots:0 Parallelism:0.5
2018-06-28 14:53:32 parsl.dataflow.strategy:175 [DEBUG]  Tasks:0 Slots:0 Parallelism:0.5
2018-06-28 14:53:32 parsl.dataflow.strategy:175 [DEBUG]  Tasks:0 Slots:0 Parallelism:0.5
2018-06-28 14:53:37 parsl.dataflow.strategy:175 [DEBUG]  Tasks:0 Slots:0 Parallelism:0.5
2018-06-28 14:53:37 parsl.dataflow.strategy:175 [DEBUG]  Tasks:0 Slots:0 Parallelism:0.5
2018-06-28 14:53:37 parsl.dataflow.strategy:175 [DEBUG]  Tasks:0 Slots:0 Parallelism:0.5
2018-06-28 14:53:41 parsl.dataflow.strategy:175 [DEBUG]  Tasks:0 Slots:0 Parallelism:0.5
2018-06-28 14:53:41 parsl.dataflow.strategy:175 [DEBUG]  Tasks:0 Slots:0 Parallelism:0.5
2018-06-28 14:53:41 parsl.dataflow.strategy:175 [DEBUG]  Tasks:0 Slots:0 Parallelism:0.5
2018-06-28 14:53:46 parsl.dataflow.strategy:175 [DEBUG]  Tasks:0 Slots:0 Parallelism:0.5
2018-06-28 14:53:46 parsl.dataflow.strategy:175 [DEBUG]  Tasks:0 Slots:0 Parallelism:0.5
2018-06-28 14:53:46 parsl.dataflow.strategy:175 [DEBUG]  Tasks:0 Slots:0 Parallelism:0.5
2018-06-28 14:53:51 parsl.dataflow.strategy:175 [DEBUG]  Tasks:0 Slots:0 Parallelism:0.5
2018-06-28 14:53:51 parsl.dataflow.strategy:175 [DEBUG]  Tasks:0 Slots:0 Parallelism:0.5
2018-06-28 14:53:51 parsl.dataflow.strategy:175 [DEBUG]  Tasks:0 Slots:0 Parallelism:0.5
2018-06-28 14:53:56 parsl.dataflow.strategy:175 [DEBUG]  Tasks:0 Slots:0 Parallelism:0.5
2018-06-28 14:53:56 parsl.dataflow.strategy:175 [DEBUG]  Tasks:0 Slots:0 Parallelism:0.5
2018-06-28 14:53:56 parsl.dataflow.strategy:175 [DEBUG]  Tasks:0 Slots:0 Parallelism:0.5
2018-06-28 14:54:01 parsl.dataflow.strategy:175 [DEBUG]  Tasks:0 Slots:0 Parallelism:0.5
2018-06-28 14:54:01 parsl.dataflow.strategy:175 [DEBUG]  Tasks:0 Slots:0 Parallelism:0.5
2018-06-28 14:54:01 parsl.dataflow.strategy:175 [DEBUG]  Tasks:0 Slots:0 Parallelism:0.5
2018-06-28 14:54:06 parsl.dataflow.strategy:175 [DEBUG]  Tasks:0 Slots:0 Parallelism:0.5
2018-06-28 14:54:06 parsl.dataflow.strategy:175 [DEBUG]  Tasks:0 Slots:0 Parallelism:0.5
2018-06-28 14:54:06 parsl.dataflow.strategy:175 [DEBUG]  Tasks:0 Slots:0 Parallelism:0.5
2018-06-28 14:54:12 parsl.dataflow.strategy:175 [DEBUG]  Tasks:0 Slots:0 Parallelism:0.5
2018-06-28 14:54:12 parsl.dataflow.strategy:175 [DEBUG]  Tasks:0 Slots:0 Parallelism:0.5
2018-06-28 14:54:12 parsl.dataflow.strategy:175 [DEBUG]  Tasks:0 Slots:0 Parallelism:0.5
2018-06-28 14:54:17 parsl.dataflow.strategy:175 [DEBUG]  Tasks:0 Slots:0 Parallelism:0.5
2018-06-28 14:54:18 parsl.dataflow.strategy:175 [DEBUG]  Tasks:0 Slots:0 Parallelism:0.5
2018-06-28 14:54:18 parsl.dataflow.strategy:175 [DEBUG]  Tasks:0 Slots:0 Parallelism:0.5
2018-06-28 14:54:23 parsl.dataflow.strategy:175 [DEBUG]  Tasks:0 Slots:0 Parallelism:0.5
2018-06-28 14:54:23 parsl.dataflow.strategy:175 [DEBUG]  Tasks:0 Slots:0 Parallelism:0.5
2018-06-28 14:54:23 parsl.dataflow.strategy:175 [DEBUG]  Tasks:0 Slots:0 Parallelism:0.5
2018-06-28 14:54:26 parsl.dataflow.strategy:175 [DEBUG]  Tasks:0 Slots:0 Parallelism:0.5
2018-06-28 14:54:28 parsl.dataflow.strategy:175 [DEBUG]  Tasks:0 Slots:0 Parallelism:0.5
2018-06-28 14:54:28 parsl.dataflow.strategy:175 [DEBUG]  Tasks:0 Slots:0 Parallelism:0.5
2018-06-28 14:54:31 parsl.dataflow.strategy:175 [DEBUG]  Tasks:0 Slots:0 Parallelism:0.5
2018-06-28 14:54:31 parsl.dataflow.strategy:175 [DEBUG]  Tasks:0 Slots:0 Parallelism:0.5
2018-06-28 14:54:33 parsl.dataflow.strategy:175 [DEBUG]  Tasks:0 Slots:0 Parallelism:0.5
2018-06-28 14:54:36 parsl.dataflow.strategy:175 [DEBUG]  Tasks:0 Slots:0 Parallelism:0.5
2018-06-28 14:54:36 parsl.dataflow.strategy:175 [DEBUG]  Tasks:0 Slots:0 Parallelism:0.5
2018-06-28 14:54:36 parsl.dataflow.strategy:175 [DEBUG]  Tasks:0 Slots:0 Parallelism:0.5
2018-06-28 14:54:41 parsl.dataflow.strategy:175 [DEBUG]  Tasks:0 Slots:0 Parallelism:0.5
2018-06-28 14:54:41 parsl.dataflow.strategy:175 [DEBUG]  Tasks:0 Slots:0 Parallelism:0.5
2018-06-28 14:54:41 parsl.dataflow.strategy:175 [DEBUG]  Tasks:0 Slots:0 Parallelism:0.5
2018-06-28 14:54:46 parsl.dataflow.strategy:175 [DEBUG]  Tasks:0 Slots:0 Parallelism:0.5
2018-06-28 14:54:46 parsl.dataflow.strategy:175 [DEBUG]  Tasks:0 Slots:0 Parallelism:0.5
2018-06-28 14:54:46 parsl.dataflow.strategy:175 [DEBUG]  Tasks:0 Slots:0 Parallelism:0.5
2018-06-28 14:54:51 parsl.dataflow.strategy:175 [DEBUG]  Tasks:0 Slots:0 Parallelism:0.5
2018-06-28 14:54:51 parsl.dataflow.strategy:175 [DEBUG]  Tasks:0 Slots:0 Parallelism:0.5
2018-06-28 14:54:51 parsl.dataflow.strategy:175 [DEBUG]  Tasks:0 Slots:0 Parallelism:0.5
2018-06-28 14:54:56 parsl.dataflow.strategy:175 [DEBUG]  Tasks:0 Slots:0 Parallelism:0.5
2018-06-28 14:54:56 parsl.dataflow.strategy:175 [DEBUG]  Tasks:0 Slots:0 Parallelism:0.5
2018-06-28 14:54:56 parsl.dataflow.strategy:175 [DEBUG]  Tasks:0 Slots:0 Parallelism:0.5
2018-06-28 14:55:01 parsl.dataflow.strategy:175 [DEBUG]  Tasks:0 Slots:0 Parallelism:0.5
2018-06-28 14:55:01 parsl.dataflow.strategy:175 [DEBUG]  Tasks:0 Slots:0 Parallelism:0.5
2018-06-28 14:55:01 parsl.dataflow.strategy:175 [DEBUG]  Tasks:0 Slots:0 Parallelism:0.5
2018-06-28 14:55:06 parsl.dataflow.strategy:175 [DEBUG]  Tasks:0 Slots:0 Parallelism:0.5
2018-06-28 14:55:06 parsl.dataflow.strategy:175 [DEBUG]  Tasks:0 Slots:0 Parallelism:0.5
2018-06-28 14:55:06 parsl.dataflow.strategy:175 [DEBUG]  Tasks:0 Slots:0 Parallelism:0.5
2018-06-28 14:55:12 parsl.dataflow.strategy:175 [DEBUG]  Tasks:0 Slots:0 Parallelism:0.5
2018-06-28 14:55:12 parsl.dataflow.strategy:175 [DEBUG]  Tasks:0 Slots:0 Parallelism:0.5
2018-06-28 14:55:12 parsl.dataflow.strategy:175 [DEBUG]  Tasks:0 Slots:0 Parallelism:0.5
2018-06-28 14:55:17 parsl.dataflow.strategy:175 [DEBUG]  Tasks:0 Slots:0 Parallelism:0.5
2018-06-28 14:55:17 parsl.dataflow.strategy:175 [DEBUG]  Tasks:0 Slots:0 Parallelism:0.5
2018-06-28 14:55:17 parsl.dataflow.strategy:175 [DEBUG]  Tasks:0 Slots:0 Parallelism:0.5
2018-06-28 14:55:22 parsl.dataflow.strategy:175 [DEBUG]  Tasks:0 Slots:0 Parallelism:0.5
2018-06-28 14:55:22 parsl.dataflow.strategy:175 [DEBUG]  Tasks:0 Slots:0 Parallelism:0.5
2018-06-28 14:55:22 parsl.dataflow.strategy:175 [DEBUG]  Tasks:0 Slots:0 Parallelism:0.5
2018-06-28 14:55:27 parsl.dataflow.strategy:175 [DEBUG]  Tasks:0 Slots:0 Parallelism:0.5
2018-06-28 14:55:27 parsl.dataflow.strategy:175 [DEBUG]  Tasks:0 Slots:0 Parallelism:0.5
2018-06-28 14:55:27 parsl.dataflow.strategy:175 [DEBUG]  Tasks:0 Slots:0 Parallelism:0.5
2018-06-28 14:55:32 parsl.dataflow.strategy:175 [DEBUG]  Tasks:0 Slots:0 Parallelism:0.5
2018-06-28 14:55:32 parsl.dataflow.strategy:175 [DEBUG]  Tasks:0 Slots:0 Parallelism:0.5
2018-06-28 14:55:32 parsl.dataflow.strategy:175 [DEBUG]  Tasks:0 Slots:0 Parallelism:0.5
2018-06-28 14:55:37 parsl.dataflow.strategy:175 [DEBUG]  Tasks:0 Slots:0 Parallelism:0.5
2018-06-28 14:55:37 parsl.dataflow.strategy:175 [DEBUG]  Tasks:0 Slots:0 Parallelism:0.5
2018-06-28 14:55:38 parsl.dataflow.strategy:175 [DEBUG]  Tasks:0 Slots:0 Parallelism:0.5
2018-06-28 14:55:41 parsl.dataflow.strategy:175 [DEBUG]  Tasks:0 Slots:0 Parallelism:0.5
2018-06-28 14:55:41 parsl.dataflow.strategy:175 [DEBUG]  Tasks:0 Slots:0 Parallelism:0.5
2018-06-28 14:55:41 parsl.dataflow.strategy:175 [DEBUG]  Tasks:0 Slots:0 Parallelism:0.5
2018-06-28 14:55:46 parsl.dataflow.strategy:175 [DEBUG]  Tasks:0 Slots:0 Parallelism:0.5
2018-06-28 14:55:46 parsl.dataflow.strategy:175 [DEBUG]  Tasks:0 Slots:0 Parallelism:0.5
2018-06-28 14:55:46 parsl.dataflow.strategy:175 [DEBUG]  Tasks:0 Slots:0 Parallelism:0.5
2018-06-28 14:55:51 parsl.dataflow.strategy:175 [DEBUG]  Tasks:0 Slots:0 Parallelism:0.5
2018-06-28 14:55:51 parsl.dataflow.strategy:175 [DEBUG]  Tasks:0 Slots:0 Parallelism:0.5
2018-06-28 14:55:51 parsl.dataflow.strategy:175 [DEBUG]  Tasks:0 Slots:0 Parallelism:0.5
2018-06-28 14:55:56 parsl.dataflow.strategy:175 [DEBUG]  Tasks:0 Slots:0 Parallelism:0.5
2018-06-28 14:55:56 parsl.dataflow.strategy:175 [DEBUG]  Tasks:0 Slots:0 Parallelism:0.5
2018-06-28 14:55:56 parsl.dataflow.strategy:175 [DEBUG]  Tasks:0 Slots:0 Parallelism:0.5
2018-06-28 14:56:01 parsl.dataflow.strategy:175 [DEBUG]  Tasks:0 Slots:0 Parallelism:0.5
2018-06-28 14:56:01 parsl.dataflow.strategy:175 [DEBUG]  Tasks:0 Slots:0 Parallelism:0.5
2018-06-28 14:56:01 parsl.dataflow.strategy:175 [DEBUG]  Tasks:0 Slots:0 Parallelism:0.5
2018-06-28 14:56:06 parsl.dataflow.strategy:175 [DEBUG]  Tasks:0 Slots:0 Parallelism:0.5
2018-06-28 14:56:06 parsl.dataflow.strategy:175 [DEBUG]  Tasks:0 Slots:0 Parallelism:0.5
2018-06-28 14:56:06 parsl.dataflow.strategy:175 [DEBUG]  Tasks:0 Slots:0 Parallelism:0.5
2018-06-28 14:56:12 parsl.dataflow.strategy:175 [DEBUG]  Tasks:0 Slots:0 Parallelism:0.5
2018-06-28 14:56:12 parsl.dataflow.strategy:175 [DEBUG]  Tasks:0 Slots:0 Parallelism:0.5
2018-06-28 14:56:12 parsl.dataflow.strategy:175 [DEBUG]  Tasks:0 Slots:0 Parallelism:0.5
2018-06-28 14:56:17 parsl.dataflow.strategy:175 [DEBUG]  Tasks:0 Slots:0 Parallelism:0.5
2018-06-28 14:56:17 parsl.dataflow.strategy:175 [DEBUG]  Tasks:0 Slots:0 Parallelism:0.5
2018-06-28 14:56:17 parsl.dataflow.strategy:175 [DEBUG]  Tasks:0 Slots:0 Parallelism:0.5
2018-06-28 14:56:22 parsl.dataflow.strategy:175 [DEBUG]  Tasks:0 Slots:0 Parallelism:0.5
2018-06-28 14:56:22 parsl.dataflow.strategy:175 [DEBUG]  Tasks:0 Slots:0 Parallelism:0.5
2018-06-28 14:56:22 parsl.dataflow.strategy:175 [DEBUG]  Tasks:0 Slots:0 Parallelism:0.5
2018-06-28 14:56:27 parsl.dataflow.strategy:175 [DEBUG]  Tasks:0 Slots:0 Parallelism:0.5
2018-06-28 14:56:27 parsl.dataflow.strategy:175 [DEBUG]  Tasks:0 Slots:0 Parallelism:0.5
2018-06-28 14:56:27 parsl.dataflow.strategy:175 [DEBUG]  Tasks:0 Slots:0 Parallelism:0.5
2018-06-28 14:56:32 parsl.dataflow.strategy:175 [DEBUG]  Tasks:0 Slots:0 Parallelism:0.5
2018-06-28 14:56:32 parsl.dataflow.strategy:175 [DEBUG]  Tasks:0 Slots:0 Parallelism:0.5
2018-06-28 14:56:32 parsl.dataflow.strategy:175 [DEBUG]  Tasks:0 Slots:0 Parallelism:0.5
2018-06-28 14:56:37 parsl.dataflow.strategy:175 [DEBUG]  Tasks:0 Slots:0 Parallelism:0.5
2018-06-28 14:56:37 parsl.dataflow.strategy:175 [DEBUG]  Tasks:0 Slots:0 Parallelism:0.5
2018-06-28 14:56:38 parsl.dataflow.strategy:175 [DEBUG]  Tasks:0 Slots:0 Parallelism:0.5
2018-06-28 14:56:41 parsl.dataflow.strategy:175 [DEBUG]  Tasks:0 Slots:0 Parallelism:0.5
2018-06-28 14:56:41 parsl.dataflow.strategy:175 [DEBUG]  Tasks:0 Slots:0 Parallelism:0.5
2018-06-28 14:56:41 parsl.dataflow.strategy:175 [DEBUG]  Tasks:0 Slots:0 Parallelism:0.5
2018-06-28 14:56:46 parsl.dataflow.strategy:175 [DEBUG]  Tasks:0 Slots:0 Parallelism:0.5
2018-06-28 14:56:46 parsl.dataflow.strategy:175 [DEBUG]  Tasks:0 Slots:0 Parallelism:0.5
2018-06-28 14:56:46 parsl.dataflow.strategy:175 [DEBUG]  Tasks:0 Slots:0 Parallelism:0.5
2018-06-28 14:56:51 parsl.dataflow.strategy:175 [DEBUG]  Tasks:0 Slots:0 Parallelism:0.5
2018-06-28 14:56:51 parsl.dataflow.strategy:175 [DEBUG]  Tasks:0 Slots:0 Parallelism:0.5
2018-06-28 14:56:51 parsl.dataflow.strategy:175 [DEBUG]  Tasks:0 Slots:0 Parallelism:0.5
2018-06-28 14:56:56 parsl.dataflow.strategy:175 [DEBUG]  Tasks:0 Slots:0 Parallelism:0.5
2018-06-28 14:56:56 parsl.dataflow.strategy:175 [DEBUG]  Tasks:0 Slots:0 Parallelism:0.5
2018-06-28 14:56:56 parsl.dataflow.strategy:175 [DEBUG]  Tasks:0 Slots:0 Parallelism:0.5
2018-06-28 14:57:01 parsl.dataflow.strategy:175 [DEBUG]  Tasks:0 Slots:0 Parallelism:0.5
2018-06-28 14:57:01 parsl.dataflow.strategy:175 [DEBUG]  Tasks:0 Slots:0 Parallelism:0.5
2018-06-28 14:57:01 parsl.dataflow.strategy:175 [DEBUG]  Tasks:0 Slots:0 Parallelism:0.5
2018-06-28 14:57:06 parsl.dataflow.strategy:175 [DEBUG]  Tasks:0 Slots:0 Parallelism:0.5
2018-06-28 14:57:06 parsl.dataflow.strategy:175 [DEBUG]  Tasks:0 Slots:0 Parallelism:0.5
2018-06-28 14:57:06 parsl.dataflow.strategy:175 [DEBUG]  Tasks:0 Slots:0 Parallelism:0.5
2018-06-28 14:57:12 parsl.dataflow.strategy:175 [DEBUG]  Tasks:0 Slots:0 Parallelism:0.5
2018-06-28 14:57:12 parsl.dataflow.strategy:175 [DEBUG]  Tasks:0 Slots:0 Parallelism:0.5
2018-06-28 14:57:12 parsl.dataflow.strategy:175 [DEBUG]  Tasks:0 Slots:0 Parallelism:0.5
2018-06-28 14:57:17 parsl.dataflow.strategy:175 [DEBUG]  Tasks:0 Slots:0 Parallelism:0.5
2018-06-28 14:57:17 parsl.dataflow.strategy:175 [DEBUG]  Tasks:0 Slots:0 Parallelism:0.5
2018-06-28 14:57:17 parsl.dataflow.strategy:175 [DEBUG]  Tasks:0 Slots:0 Parallelism:0.5
2018-06-28 14:57:22 parsl.dataflow.strategy:175 [DEBUG]  Tasks:0 Slots:0 Parallelism:0.5
2018-06-28 14:57:22 parsl.dataflow.strategy:175 [DEBUG]  Tasks:0 Slots:0 Parallelism:0.5
2018-06-28 14:57:22 parsl.dataflow.strategy:175 [DEBUG]  Tasks:0 Slots:0 Parallelism:0.5
2018-06-28 14:57:27 parsl.dataflow.strategy:175 [DEBUG]  Tasks:0 Slots:0 Parallelism:0.5
2018-06-28 14:57:27 parsl.dataflow.strategy:175 [DEBUG]  Tasks:0 Slots:0 Parallelism:0.5
2018-06-28 14:57:27 parsl.dataflow.strategy:175 [DEBUG]  Tasks:0 Slots:0 Parallelism:0.5
2018-06-28 14:57:32 parsl.dataflow.strategy:175 [DEBUG]  Tasks:0 Slots:0 Parallelism:0.5
2018-06-28 14:57:32 parsl.dataflow.strategy:175 [DEBUG]  Tasks:0 Slots:0 Parallelism:0.5
2018-06-28 14:57:32 parsl.dataflow.strategy:175 [DEBUG]  Tasks:0 Slots:0 Parallelism:0.5
2018-06-28 14:57:37 parsl.dataflow.strategy:175 [DEBUG]  Tasks:0 Slots:0 Parallelism:0.5
2018-06-28 14:57:37 parsl.dataflow.strategy:175 [DEBUG]  Tasks:0 Slots:0 Parallelism:0.5
2018-06-28 14:57:38 parsl.dataflow.strategy:175 [DEBUG]  Tasks:0 Slots:0 Parallelism:0.5
2018-06-28 14:57:41 parsl.dataflow.strategy:175 [DEBUG]  Tasks:0 Slots:0 Parallelism:0.5
2018-06-28 14:57:41 parsl.dataflow.strategy:175 [DEBUG]  Tasks:0 Slots:0 Parallelism:0.5
2018-06-28 14:57:41 parsl.dataflow.strategy:175 [DEBUG]  Tasks:0 Slots:0 Parallelism:0.5
2018-06-28 14:57:46 parsl.dataflow.strategy:175 [DEBUG]  Tasks:0 Slots:0 Parallelism:0.5
2018-06-28 14:57:46 parsl.dataflow.strategy:175 [DEBUG]  Tasks:0 Slots:0 Parallelism:0.5
2018-06-28 14:57:46 parsl.dataflow.strategy:175 [DEBUG]  Tasks:0 Slots:0 Parallelism:0.5
2018-06-28 14:57:51 parsl.dataflow.strategy:175 [DEBUG]  Tasks:0 Slots:0 Parallelism:0.5
2018-06-28 14:57:51 parsl.dataflow.strategy:175 [DEBUG]  Tasks:0 Slots:0 Parallelism:0.5
2018-06-28 14:57:51 parsl.dataflow.strategy:175 [DEBUG]  Tasks:0 Slots:0 Parallelism:0.5
2018-06-28 14:57:56 parsl.dataflow.strategy:175 [DEBUG]  Tasks:0 Slots:0 Parallelism:0.5
2018-06-28 14:57:56 parsl.dataflow.strategy:175 [DEBUG]  Tasks:0 Slots:0 Parallelism:0.5
2018-06-28 14:57:56 parsl.dataflow.strategy:175 [DEBUG]  Tasks:0 Slots:0 Parallelism:0.5
2018-06-28 14:58:01 parsl.dataflow.strategy:175 [DEBUG]  Tasks:0 Slots:0 Parallelism:0.5
2018-06-28 14:58:01 parsl.dataflow.strategy:175 [DEBUG]  Tasks:0 Slots:0 Parallelism:0.5
2018-06-28 14:58:01 parsl.dataflow.strategy:175 [DEBUG]  Tasks:0 Slots:0 Parallelism:0.5
2018-06-28 14:58:06 parsl.dataflow.strategy:175 [DEBUG]  Tasks:0 Slots:0 Parallelism:0.5
2018-06-28 14:58:06 parsl.dataflow.strategy:175 [DEBUG]  Tasks:0 Slots:0 Parallelism:0.5
2018-06-28 14:58:06 parsl.dataflow.strategy:175 [DEBUG]  Tasks:0 Slots:0 Parallelism:0.5
2018-06-28 14:58:12 parsl.dataflow.strategy:175 [DEBUG]  Tasks:0 Slots:0 Parallelism:0.5
2018-06-28 14:58:12 parsl.dataflow.strategy:175 [DEBUG]  Tasks:0 Slots:0 Parallelism:0.5
2018-06-28 14:58:12 parsl.dataflow.strategy:175 [DEBUG]  Tasks:0 Slots:0 Parallelism:0.5
2018-06-28 14:58:17 parsl.dataflow.strategy:175 [DEBUG]  Tasks:0 Slots:0 Parallelism:0.5
2018-06-28 14:58:17 parsl.dataflow.strategy:175 [DEBUG]  Tasks:0 Slots:0 Parallelism:0.5
2018-06-28 14:58:17 parsl.dataflow.strategy:175 [DEBUG]  Tasks:0 Slots:0 Parallelism:0.5
2018-06-28 14:58:22 parsl.dataflow.strategy:175 [DEBUG]  Tasks:0 Slots:0 Parallelism:0.5
2018-06-28 14:58:22 parsl.dataflow.strategy:175 [DEBUG]  Tasks:0 Slots:0 Parallelism:0.5
2018-06-28 14:58:22 parsl.dataflow.strategy:175 [DEBUG]  Tasks:0 Slots:0 Parallelism:0.5
2018-06-28 14:58:27 parsl.dataflow.strategy:175 [DEBUG]  Tasks:0 Slots:0 Parallelism:0.5
2018-06-28 14:58:27 parsl.dataflow.strategy:175 [DEBUG]  Tasks:0 Slots:0 Parallelism:0.5
2018-06-28 14:58:27 parsl.dataflow.strategy:175 [DEBUG]  Tasks:0 Slots:0 Parallelism:0.5
2018-06-28 14:58:32 parsl.dataflow.strategy:175 [DEBUG]  Tasks:0 Slots:0 Parallelism:0.5
2018-06-28 14:58:32 parsl.dataflow.strategy:175 [DEBUG]  Tasks:0 Slots:0 Parallelism:0.5
2018-06-28 14:58:32 parsl.dataflow.strategy:175 [DEBUG]  Tasks:0 Slots:0 Parallelism:0.5
2018-06-28 14:58:37 parsl.dataflow.strategy:175 [DEBUG]  Tasks:0 Slots:0 Parallelism:0.5
2018-06-28 14:58:37 parsl.dataflow.strategy:175 [DEBUG]  Tasks:0 Slots:0 Parallelism:0.5
2018-06-28 14:58:37 parsl.dataflow.strategy:175 [DEBUG]  Tasks:0 Slots:0 Parallelism:0.5
2018-06-28 14:58:41 parsl.dataflow.strategy:175 [DEBUG]  Tasks:0 Slots:0 Parallelism:0.5
2018-06-28 14:58:41 parsl.dataflow.strategy:175 [DEBUG]  Tasks:0 Slots:0 Parallelism:0.5
2018-06-28 14:58:41 parsl.dataflow.strategy:175 [DEBUG]  Tasks:0 Slots:0 Parallelism:0.5
2018-06-28 14:58:46 parsl.dataflow.strategy:175 [DEBUG]  Tasks:0 Slots:0 Parallelism:0.5
2018-06-28 14:58:46 parsl.dataflow.strategy:175 [DEBUG]  Tasks:0 Slots:0 Parallelism:0.5
2018-06-28 14:58:46 parsl.dataflow.strategy:175 [DEBUG]  Tasks:0 Slots:0 Parallelism:0.5
2018-06-28 14:58:51 parsl.dataflow.strategy:175 [DEBUG]  Tasks:0 Slots:0 Parallelism:0.5
2018-06-28 14:58:51 parsl.dataflow.strategy:175 [DEBUG]  Tasks:0 Slots:0 Parallelism:0.5
2018-06-28 14:58:51 parsl.dataflow.strategy:175 [DEBUG]  Tasks:0 Slots:0 Parallelism:0.5
2018-06-28 14:58:56 parsl.dataflow.strategy:175 [DEBUG]  Tasks:0 Slots:0 Parallelism:0.5
2018-06-28 14:58:56 parsl.dataflow.strategy:175 [DEBUG]  Tasks:0 Slots:0 Parallelism:0.5
2018-06-28 14:58:56 parsl.dataflow.strategy:175 [DEBUG]  Tasks:0 Slots:0 Parallelism:0.5
2018-06-28 14:59:01 parsl.dataflow.strategy:175 [DEBUG]  Tasks:0 Slots:0 Parallelism:0.5
2018-06-28 14:59:01 parsl.dataflow.strategy:175 [DEBUG]  Tasks:0 Slots:0 Parallelism:0.5
2018-06-28 14:59:01 parsl.dataflow.strategy:175 [DEBUG]  Tasks:0 Slots:0 Parallelism:0.5
2018-06-28 14:59:06 parsl.dataflow.strategy:175 [DEBUG]  Tasks:0 Slots:0 Parallelism:0.5
2018-06-28 14:59:06 parsl.dataflow.strategy:175 [DEBUG]  Tasks:0 Slots:0 Parallelism:0.5
2018-06-28 14:59:06 parsl.dataflow.strategy:175 [DEBUG]  Tasks:0 Slots:0 Parallelism:0.5
2018-06-28 14:59:12 parsl.dataflow.strategy:175 [DEBUG]  Tasks:0 Slots:0 Parallelism:0.5
2018-06-28 14:59:12 parsl.dataflow.strategy:175 [DEBUG]  Tasks:0 Slots:0 Parallelism:0.5
2018-06-28 14:59:12 parsl.dataflow.strategy:175 [DEBUG]  Tasks:0 Slots:0 Parallelism:0.5
2018-06-28 14:59:17 parsl.dataflow.strategy:175 [DEBUG]  Tasks:0 Slots:0 Parallelism:0.5
2018-06-28 14:59:17 parsl.dataflow.strategy:175 [DEBUG]  Tasks:0 Slots:0 Parallelism:0.5
2018-06-28 14:59:17 parsl.dataflow.strategy:175 [DEBUG]  Tasks:0 Slots:0 Parallelism:0.5
2018-06-28 14:59:22 parsl.dataflow.strategy:175 [DEBUG]  Tasks:0 Slots:0 Parallelism:0.5
2018-06-28 14:59:22 parsl.dataflow.strategy:175 [DEBUG]  Tasks:0 Slots:0 Parallelism:0.5
2018-06-28 14:59:22 parsl.dataflow.strategy:175 [DEBUG]  Tasks:0 Slots:0 Parallelism:0.5
2018-06-28 14:59:27 parsl.dataflow.strategy:175 [DEBUG]  Tasks:0 Slots:0 Parallelism:0.5
2018-06-28 14:59:27 parsl.dataflow.strategy:175 [DEBUG]  Tasks:0 Slots:0 Parallelism:0.5
2018-06-28 14:59:27 parsl.dataflow.strategy:175 [DEBUG]  Tasks:0 Slots:0 Parallelism:0.5
2018-06-28 14:59:32 parsl.dataflow.strategy:175 [DEBUG]  Tasks:0 Slots:0 Parallelism:0.5
2018-06-28 14:59:32 parsl.dataflow.strategy:175 [DEBUG]  Tasks:0 Slots:0 Parallelism:0.5
2018-06-28 14:59:33 parsl.dataflow.strategy:175 [DEBUG]  Tasks:0 Slots:0 Parallelism:0.5
2018-06-28 14:59:37 parsl.dataflow.strategy:175 [DEBUG]  Tasks:0 Slots:0 Parallelism:0.5
2018-06-28 14:59:38 parsl.dataflow.strategy:175 [DEBUG]  Tasks:0 Slots:0 Parallelism:0.5
2018-06-28 14:59:38 parsl.dataflow.strategy:175 [DEBUG]  Tasks:0 Slots:0 Parallelism:0.5
2018-06-28 14:59:41 parsl.dataflow.strategy:175 [DEBUG]  Tasks:0 Slots:0 Parallelism:0.5
2018-06-28 14:59:41 parsl.dataflow.strategy:175 [DEBUG]  Tasks:0 Slots:0 Parallelism:0.5
2018-06-28 14:59:41 parsl.dataflow.strategy:175 [DEBUG]  Tasks:0 Slots:0 Parallelism:0.5
2018-06-28 14:59:46 parsl.dataflow.strategy:175 [DEBUG]  Tasks:0 Slots:0 Parallelism:0.5
2018-06-28 14:59:46 parsl.dataflow.strategy:175 [DEBUG]  Tasks:0 Slots:0 Parallelism:0.5
2018-06-28 14:59:46 parsl.dataflow.strategy:175 [DEBUG]  Tasks:0 Slots:0 Parallelism:0.5
2018-06-28 14:59:51 parsl.dataflow.strategy:175 [DEBUG]  Tasks:0 Slots:0 Parallelism:0.5
2018-06-28 14:59:51 parsl.dataflow.strategy:175 [DEBUG]  Tasks:0 Slots:0 Parallelism:0.5
2018-06-28 14:59:51 parsl.dataflow.strategy:175 [DEBUG]  Tasks:0 Slots:0 Parallelism:0.5
2018-06-28 14:59:56 parsl.dataflow.strategy:175 [DEBUG]  Tasks:0 Slots:0 Parallelism:0.5
2018-06-28 14:59:56 parsl.dataflow.strategy:175 [DEBUG]  Tasks:0 Slots:0 Parallelism:0.5
2018-06-28 14:59:56 parsl.dataflow.strategy:175 [DEBUG]  Tasks:0 Slots:0 Parallelism:0.5
2018-06-28 15:00:01 parsl.dataflow.strategy:175 [DEBUG]  Tasks:0 Slots:0 Parallelism:0.5
2018-06-28 15:00:01 parsl.dataflow.strategy:175 [DEBUG]  Tasks:0 Slots:0 Parallelism:0.5
2018-06-28 15:00:01 parsl.dataflow.strategy:175 [DEBUG]  Tasks:0 Slots:0 Parallelism:0.5
2018-06-28 15:00:06 parsl.dataflow.strategy:175 [DEBUG]  Tasks:0 Slots:0 Parallelism:0.5
2018-06-28 15:00:06 parsl.dataflow.strategy:175 [DEBUG]  Tasks:0 Slots:0 Parallelism:0.5
2018-06-28 15:00:06 parsl.dataflow.strategy:175 [DEBUG]  Tasks:0 Slots:0 Parallelism:0.5
2018-06-28 15:00:12 parsl.dataflow.strategy:175 [DEBUG]  Tasks:0 Slots:0 Parallelism:0.5
2018-06-28 15:00:12 parsl.dataflow.strategy:175 [DEBUG]  Tasks:0 Slots:0 Parallelism:0.5
2018-06-28 15:00:12 parsl.dataflow.strategy:175 [DEBUG]  Tasks:0 Slots:0 Parallelism:0.5
2018-06-28 15:00:17 parsl.dataflow.strategy:175 [DEBUG]  Tasks:0 Slots:0 Parallelism:0.5
2018-06-28 15:00:17 parsl.dataflow.strategy:175 [DEBUG]  Tasks:0 Slots:0 Parallelism:0.5
2018-06-28 15:00:17 parsl.dataflow.strategy:175 [DEBUG]  Tasks:0 Slots:0 Parallelism:0.5
2018-06-28 15:00:22 parsl.dataflow.strategy:175 [DEBUG]  Tasks:0 Slots:0 Parallelism:0.5
2018-06-28 15:00:22 parsl.dataflow.strategy:175 [DEBUG]  Tasks:0 Slots:0 Parallelism:0.5
2018-06-28 15:00:23 parsl.dataflow.strategy:175 [DEBUG]  Tasks:0 Slots:0 Parallelism:0.5
2018-06-28 15:00:27 parsl.dataflow.strategy:175 [DEBUG]  Tasks:0 Slots:0 Parallelism:0.5
2018-06-28 15:00:27 parsl.dataflow.strategy:175 [DEBUG]  Tasks:0 Slots:0 Parallelism:0.5
2018-06-28 15:00:28 parsl.dataflow.strategy:175 [DEBUG]  Tasks:0 Slots:0 Parallelism:0.5
2018-06-28 15:00:32 parsl.dataflow.strategy:175 [DEBUG]  Tasks:0 Slots:0 Parallelism:0.5
2018-06-28 15:00:33 parsl.dataflow.strategy:175 [DEBUG]  Tasks:0 Slots:0 Parallelism:0.5
2018-06-28 15:00:33 parsl.dataflow.strategy:175 [DEBUG]  Tasks:0 Slots:0 Parallelism:0.5
2018-06-28 15:00:37 parsl.dataflow.strategy:175 [DEBUG]  Tasks:0 Slots:0 Parallelism:0.5
2018-06-28 15:00:37 parsl.dataflow.strategy:175 [DEBUG]  Tasks:0 Slots:0 Parallelism:0.5
2018-06-28 15:00:38 parsl.dataflow.strategy:175 [DEBUG]  Tasks:0 Slots:0 Parallelism:0.5
2018-06-28 15:00:41 parsl.dataflow.strategy:175 [DEBUG]  Tasks:0 Slots:0 Parallelism:0.5
2018-06-28 15:00:41 parsl.dataflow.strategy:175 [DEBUG]  Tasks:0 Slots:0 Parallelism:0.5
2018-06-28 15:00:41 parsl.dataflow.strategy:175 [DEBUG]  Tasks:0 Slots:0 Parallelism:0.5
2018-06-28 15:00:46 parsl.dataflow.strategy:175 [DEBUG]  Tasks:0 Slots:0 Parallelism:0.5
2018-06-28 15:00:46 parsl.dataflow.strategy:175 [DEBUG]  Tasks:0 Slots:0 Parallelism:0.5
2018-06-28 15:00:46 parsl.dataflow.strategy:175 [DEBUG]  Tasks:0 Slots:0 Parallelism:0.5
2018-06-28 15:00:51 parsl.dataflow.strategy:175 [DEBUG]  Tasks:0 Slots:0 Parallelism:0.5
2018-06-28 15:00:51 parsl.dataflow.strategy:175 [DEBUG]  Tasks:0 Slots:0 Parallelism:0.5
2018-06-28 15:00:51 parsl.dataflow.strategy:175 [DEBUG]  Tasks:0 Slots:0 Parallelism:0.5
2018-06-28 15:00:56 parsl.dataflow.strategy:175 [DEBUG]  Tasks:0 Slots:0 Parallelism:0.5
2018-06-28 15:00:56 parsl.dataflow.strategy:175 [DEBUG]  Tasks:0 Slots:0 Parallelism:0.5
2018-06-28 15:00:56 parsl.dataflow.strategy:175 [DEBUG]  Tasks:0 Slots:0 Parallelism:0.5
2018-06-28 15:01:01 parsl.dataflow.strategy:175 [DEBUG]  Tasks:0 Slots:0 Parallelism:0.5
2018-06-28 15:01:01 parsl.dataflow.strategy:175 [DEBUG]  Tasks:0 Slots:0 Parallelism:0.5
2018-06-28 15:01:01 parsl.dataflow.strategy:175 [DEBUG]  Tasks:0 Slots:0 Parallelism:0.5
2018-06-28 15:01:06 parsl.dataflow.strategy:175 [DEBUG]  Tasks:0 Slots:0 Parallelism:0.5
2018-06-28 15:01:06 parsl.dataflow.strategy:175 [DEBUG]  Tasks:0 Slots:0 Parallelism:0.5
2018-06-28 15:01:06 parsl.dataflow.strategy:175 [DEBUG]  Tasks:0 Slots:0 Parallelism:0.5
2018-06-28 15:01:12 parsl.dataflow.strategy:175 [DEBUG]  Tasks:0 Slots:0 Parallelism:0.5
2018-06-28 15:01:12 parsl.dataflow.strategy:175 [DEBUG]  Tasks:0 Slots:0 Parallelism:0.5
2018-06-28 15:01:12 parsl.dataflow.strategy:175 [DEBUG]  Tasks:0 Slots:0 Parallelism:0.5
2018-06-28 15:01:17 parsl.dataflow.strategy:175 [DEBUG]  Tasks:0 Slots:0 Parallelism:0.5
2018-06-28 15:01:17 parsl.dataflow.strategy:175 [DEBUG]  Tasks:0 Slots:0 Parallelism:0.5
2018-06-28 15:01:17 parsl.dataflow.strategy:175 [DEBUG]  Tasks:0 Slots:0 Parallelism:0.5
2018-06-28 15:01:22 parsl.dataflow.strategy:175 [DEBUG]  Tasks:0 Slots:0 Parallelism:0.5
2018-06-28 15:01:22 parsl.dataflow.strategy:175 [DEBUG]  Tasks:0 Slots:0 Parallelism:0.5
2018-06-28 15:01:22 parsl.dataflow.strategy:175 [DEBUG]  Tasks:0 Slots:0 Parallelism:0.5
2018-06-28 15:01:27 parsl.dataflow.strategy:175 [DEBUG]  Tasks:0 Slots:0 Parallelism:0.5
2018-06-28 15:01:27 parsl.dataflow.strategy:175 [DEBUG]  Tasks:0 Slots:0 Parallelism:0.5
2018-06-28 15:01:27 parsl.dataflow.strategy:175 [DEBUG]  Tasks:0 Slots:0 Parallelism:0.5
2018-06-28 15:01:32 parsl.dataflow.strategy:175 [DEBUG]  Tasks:0 Slots:0 Parallelism:0.5
2018-06-28 15:01:32 parsl.dataflow.strategy:175 [DEBUG]  Tasks:0 Slots:0 Parallelism:0.5
2018-06-28 15:01:33 parsl.dataflow.strategy:175 [DEBUG]  Tasks:0 Slots:0 Parallelism:0.5
2018-06-28 15:01:37 parsl.dataflow.strategy:175 [DEBUG]  Tasks:0 Slots:0 Parallelism:0.5
2018-06-28 15:01:37 parsl.dataflow.strategy:175 [DEBUG]  Tasks:0 Slots:0 Parallelism:0.5
2018-06-28 15:01:38 parsl.dataflow.strategy:175 [DEBUG]  Tasks:0 Slots:0 Parallelism:0.5
2018-06-28 15:01:41 parsl.dataflow.strategy:175 [DEBUG]  Tasks:0 Slots:0 Parallelism:0.5
2018-06-28 15:01:41 parsl.dataflow.strategy:175 [DEBUG]  Tasks:0 Slots:0 Parallelism:0.5
2018-06-28 15:01:41 parsl.dataflow.strategy:175 [DEBUG]  Tasks:0 Slots:0 Parallelism:0.5
2018-06-28 15:01:46 parsl.dataflow.strategy:175 [DEBUG]  Tasks:0 Slots:0 Parallelism:0.5
2018-06-28 15:01:46 parsl.dataflow.strategy:175 [DEBUG]  Tasks:0 Slots:0 Parallelism:0.5
2018-06-28 15:01:46 parsl.dataflow.strategy:175 [DEBUG]  Tasks:0 Slots:0 Parallelism:0.5
2018-06-28 15:01:51 parsl.dataflow.strategy:175 [DEBUG]  Tasks:0 Slots:0 Parallelism:0.5
2018-06-28 15:01:51 parsl.dataflow.strategy:175 [DEBUG]  Tasks:0 Slots:0 Parallelism:0.5
2018-06-28 15:01:51 parsl.dataflow.strategy:175 [DEBUG]  Tasks:0 Slots:0 Parallelism:0.5
2018-06-28 15:01:56 parsl.dataflow.strategy:175 [DEBUG]  Tasks:0 Slots:0 Parallelism:0.5
2018-06-28 15:01:56 parsl.dataflow.strategy:175 [DEBUG]  Tasks:0 Slots:0 Parallelism:0.5
2018-06-28 15:01:56 parsl.dataflow.strategy:175 [DEBUG]  Tasks:0 Slots:0 Parallelism:0.5
2018-06-28 15:02:01 parsl.dataflow.strategy:175 [DEBUG]  Tasks:0 Slots:0 Parallelism:0.5
2018-06-28 15:02:01 parsl.dataflow.strategy:175 [DEBUG]  Tasks:0 Slots:0 Parallelism:0.5
2018-06-28 15:02:01 parsl.dataflow.strategy:175 [DEBUG]  Tasks:0 Slots:0 Parallelism:0.5
2018-06-28 15:02:06 parsl.dataflow.strategy:175 [DEBUG]  Tasks:0 Slots:0 Parallelism:0.5
2018-06-28 15:02:06 parsl.dataflow.strategy:175 [DEBUG]  Tasks:0 Slots:0 Parallelism:0.5
2018-06-28 15:02:06 parsl.dataflow.strategy:175 [DEBUG]  Tasks:0 Slots:0 Parallelism:0.5
2018-06-28 15:02:12 parsl.dataflow.strategy:175 [DEBUG]  Tasks:0 Slots:0 Parallelism:0.5
2018-06-28 15:02:12 parsl.dataflow.strategy:175 [DEBUG]  Tasks:0 Slots:0 Parallelism:0.5
2018-06-28 15:02:12 parsl.dataflow.strategy:175 [DEBUG]  Tasks:0 Slots:0 Parallelism:0.5
2018-06-28 15:02:17 parsl.dataflow.strategy:175 [DEBUG]  Tasks:0 Slots:0 Parallelism:0.5
2018-06-28 15:02:17 parsl.dataflow.strategy:175 [DEBUG]  Tasks:0 Slots:0 Parallelism:0.5
2018-06-28 15:02:17 parsl.dataflow.strategy:175 [DEBUG]  Tasks:0 Slots:0 Parallelism:0.5
2018-06-28 15:02:22 parsl.dataflow.strategy:175 [DEBUG]  Tasks:0 Slots:0 Parallelism:0.5
2018-06-28 15:02:22 parsl.dataflow.strategy:175 [DEBUG]  Tasks:0 Slots:0 Parallelism:0.5
2018-06-28 15:02:22 parsl.dataflow.strategy:175 [DEBUG]  Tasks:0 Slots:0 Parallelism:0.5
2018-06-28 15:02:27 parsl.dataflow.strategy:175 [DEBUG]  Tasks:0 Slots:0 Parallelism:0.5
2018-06-28 15:02:27 parsl.dataflow.strategy:175 [DEBUG]  Tasks:0 Slots:0 Parallelism:0.5
2018-06-28 15:02:27 parsl.dataflow.strategy:175 [DEBUG]  Tasks:0 Slots:0 Parallelism:0.5
2018-06-28 15:02:32 parsl.dataflow.strategy:175 [DEBUG]  Tasks:0 Slots:0 Parallelism:0.5
2018-06-28 15:02:32 parsl.dataflow.strategy:175 [DEBUG]  Tasks:0 Slots:0 Parallelism:0.5
2018-06-28 15:02:32 parsl.dataflow.strategy:175 [DEBUG]  Tasks:0 Slots:0 Parallelism:0.5
2018-06-28 15:02:37 parsl.dataflow.strategy:175 [DEBUG]  Tasks:0 Slots:0 Parallelism:0.5
2018-06-28 15:02:37 parsl.dataflow.strategy:175 [DEBUG]  Tasks:0 Slots:0 Parallelism:0.5
2018-06-28 15:02:38 parsl.dataflow.strategy:175 [DEBUG]  Tasks:0 Slots:0 Parallelism:0.5
2018-06-28 15:02:41 parsl.dataflow.strategy:175 [DEBUG]  Tasks:0 Slots:0 Parallelism:0.5
2018-06-28 15:02:41 parsl.dataflow.strategy:175 [DEBUG]  Tasks:0 Slots:0 Parallelism:0.5
2018-06-28 15:02:41 parsl.dataflow.strategy:175 [DEBUG]  Tasks:0 Slots:0 Parallelism:0.5
2018-06-28 15:02:46 parsl.dataflow.strategy:175 [DEBUG]  Tasks:0 Slots:0 Parallelism:0.5
2018-06-28 15:02:46 parsl.dataflow.strategy:175 [DEBUG]  Tasks:0 Slots:0 Parallelism:0.5
2018-06-28 15:02:46 parsl.dataflow.strategy:175 [DEBUG]  Tasks:0 Slots:0 Parallelism:0.5
2018-06-28 15:02:51 parsl.dataflow.strategy:175 [DEBUG]  Tasks:0 Slots:0 Parallelism:0.5
2018-06-28 15:02:51 parsl.dataflow.strategy:175 [DEBUG]  Tasks:0 Slots:0 Parallelism:0.5
2018-06-28 15:02:51 parsl.dataflow.strategy:175 [DEBUG]  Tasks:0 Slots:0 Parallelism:0.5
2018-06-28 15:02:56 parsl.dataflow.strategy:175 [DEBUG]  Tasks:0 Slots:0 Parallelism:0.5
2018-06-28 15:02:56 parsl.dataflow.strategy:175 [DEBUG]  Tasks:0 Slots:0 Parallelism:0.5
2018-06-28 15:02:56 parsl.dataflow.strategy:175 [DEBUG]  Tasks:0 Slots:0 Parallelism:0.5
2018-06-28 15:03:01 parsl.dataflow.strategy:175 [DEBUG]  Tasks:0 Slots:0 Parallelism:0.5
2018-06-28 15:03:01 parsl.dataflow.strategy:175 [DEBUG]  Tasks:0 Slots:0 Parallelism:0.5
2018-06-28 15:03:01 parsl.dataflow.strategy:175 [DEBUG]  Tasks:0 Slots:0 Parallelism:0.5
2018-06-28 15:03:06 parsl.dataflow.strategy:175 [DEBUG]  Tasks:0 Slots:0 Parallelism:0.5
2018-06-28 15:03:06 parsl.dataflow.strategy:175 [DEBUG]  Tasks:0 Slots:0 Parallelism:0.5
2018-06-28 15:03:06 parsl.dataflow.strategy:175 [DEBUG]  Tasks:0 Slots:0 Parallelism:0.5
2018-06-28 15:03:12 parsl.dataflow.strategy:175 [DEBUG]  Tasks:0 Slots:0 Parallelism:0.5
2018-06-28 15:03:12 parsl.dataflow.strategy:175 [DEBUG]  Tasks:0 Slots:0 Parallelism:0.5
2018-06-28 15:03:12 parsl.dataflow.strategy:175 [DEBUG]  Tasks:0 Slots:0 Parallelism:0.5
2018-06-28 15:03:17 parsl.dataflow.strategy:175 [DEBUG]  Tasks:0 Slots:0 Parallelism:0.5
2018-06-28 15:03:17 parsl.dataflow.strategy:175 [DEBUG]  Tasks:0 Slots:0 Parallelism:0.5
2018-06-28 15:03:17 parsl.dataflow.strategy:175 [DEBUG]  Tasks:0 Slots:0 Parallelism:0.5
2018-06-28 15:03:22 parsl.dataflow.strategy:175 [DEBUG]  Tasks:0 Slots:0 Parallelism:0.5
2018-06-28 15:03:22 parsl.dataflow.strategy:175 [DEBUG]  Tasks:0 Slots:0 Parallelism:0.5
2018-06-28 15:03:22 parsl.dataflow.strategy:175 [DEBUG]  Tasks:0 Slots:0 Parallelism:0.5
2018-06-28 15:03:27 parsl.dataflow.strategy:175 [DEBUG]  Tasks:0 Slots:0 Parallelism:0.5
2018-06-28 15:03:28 parsl.dataflow.strategy:175 [DEBUG]  Tasks:0 Slots:0 Parallelism:0.5
2018-06-28 15:03:28 parsl.dataflow.strategy:175 [DEBUG]  Tasks:0 Slots:0 Parallelism:0.5
2018-06-28 15:03:32 parsl.dataflow.strategy:175 [DEBUG]  Tasks:0 Slots:0 Parallelism:0.5
2018-06-28 15:03:35 parsl.dataflow.strategy:175 [DEBUG]  Tasks:0 Slots:0 Parallelism:0.5
2018-06-28 15:03:35 parsl.dataflow.strategy:175 [DEBUG]  Tasks:0 Slots:0 Parallelism:0.5
2018-06-28 15:03:37 parsl.dataflow.strategy:175 [DEBUG]  Tasks:0 Slots:0 Parallelism:0.5
2018-06-28 15:03:38 parsl.dataflow.strategy:175 [DEBUG]  Tasks:0 Slots:0 Parallelism:0.5
2018-06-28 15:03:38 parsl.dataflow.strategy:175 [DEBUG]  Tasks:0 Slots:0 Parallelism:0.5
2018-06-28 15:03:41 parsl.dataflow.strategy:175 [DEBUG]  Tasks:0 Slots:0 Parallelism:0.5
2018-06-28 15:03:41 parsl.dataflow.strategy:175 [DEBUG]  Tasks:0 Slots:0 Parallelism:0.5
2018-06-28 15:03:41 parsl.dataflow.strategy:175 [DEBUG]  Tasks:0 Slots:0 Parallelism:0.5
2018-06-28 15:03:46 parsl.dataflow.strategy:175 [DEBUG]  Tasks:0 Slots:0 Parallelism:0.5
2018-06-28 15:03:46 parsl.dataflow.strategy:175 [DEBUG]  Tasks:0 Slots:0 Parallelism:0.5
2018-06-28 15:03:46 parsl.dataflow.strategy:175 [DEBUG]  Tasks:0 Slots:0 Parallelism:0.5
2018-06-28 15:03:51 parsl.dataflow.strategy:175 [DEBUG]  Tasks:0 Slots:0 Parallelism:0.5
2018-06-28 15:03:51 parsl.dataflow.strategy:175 [DEBUG]  Tasks:0 Slots:0 Parallelism:0.5
2018-06-28 15:03:51 parsl.dataflow.strategy:175 [DEBUG]  Tasks:0 Slots:0 Parallelism:0.5
2018-06-28 15:03:56 parsl.dataflow.strategy:175 [DEBUG]  Tasks:0 Slots:0 Parallelism:0.5
2018-06-28 15:03:56 parsl.dataflow.strategy:175 [DEBUG]  Tasks:0 Slots:0 Parallelism:0.5
2018-06-28 15:03:56 parsl.dataflow.strategy:175 [DEBUG]  Tasks:0 Slots:0 Parallelism:0.5
2018-06-28 15:04:01 parsl.dataflow.strategy:175 [DEBUG]  Tasks:0 Slots:0 Parallelism:0.5
2018-06-28 15:04:01 parsl.dataflow.strategy:175 [DEBUG]  Tasks:0 Slots:0 Parallelism:0.5
2018-06-28 15:04:01 parsl.dataflow.strategy:175 [DEBUG]  Tasks:0 Slots:0 Parallelism:0.5
2018-06-28 15:04:06 parsl.dataflow.strategy:175 [DEBUG]  Tasks:0 Slots:0 Parallelism:0.5
2018-06-28 15:04:06 parsl.dataflow.strategy:175 [DEBUG]  Tasks:0 Slots:0 Parallelism:0.5
2018-06-28 15:04:06 parsl.dataflow.strategy:175 [DEBUG]  Tasks:0 Slots:0 Parallelism:0.5
2018-06-28 15:04:12 parsl.dataflow.strategy:175 [DEBUG]  Tasks:0 Slots:0 Parallelism:0.5
2018-06-28 15:04:12 parsl.dataflow.strategy:175 [DEBUG]  Tasks:0 Slots:0 Parallelism:0.5
2018-06-28 15:04:12 parsl.dataflow.strategy:175 [DEBUG]  Tasks:0 Slots:0 Parallelism:0.5
2018-06-28 15:04:17 parsl.dataflow.strategy:175 [DEBUG]  Tasks:0 Slots:0 Parallelism:0.5
2018-06-28 15:04:17 parsl.dataflow.strategy:175 [DEBUG]  Tasks:0 Slots:0 Parallelism:0.5
2018-06-28 15:04:17 parsl.dataflow.strategy:175 [DEBUG]  Tasks:0 Slots:0 Parallelism:0.5
2018-06-28 15:04:22 parsl.dataflow.strategy:175 [DEBUG]  Tasks:0 Slots:0 Parallelism:0.5
2018-06-28 15:04:22 parsl.dataflow.strategy:175 [DEBUG]  Tasks:0 Slots:0 Parallelism:0.5
2018-06-28 15:04:22 parsl.dataflow.strategy:175 [DEBUG]  Tasks:0 Slots:0 Parallelism:0.5
2018-06-28 15:04:27 parsl.dataflow.strategy:175 [DEBUG]  Tasks:0 Slots:0 Parallelism:0.5
2018-06-28 15:04:28 parsl.dataflow.strategy:175 [DEBUG]  Tasks:0 Slots:0 Parallelism:0.5
2018-06-28 15:04:30 parsl.dataflow.strategy:175 [DEBUG]  Tasks:0 Slots:0 Parallelism:0.5
2018-06-28 15:04:33 parsl.dataflow.strategy:175 [DEBUG]  Tasks:0 Slots:0 Parallelism:0.5
2018-06-28 15:04:33 parsl.dataflow.strategy:175 [DEBUG]  Tasks:0 Slots:0 Parallelism:0.5
2018-06-28 15:04:33 parsl.dataflow.strategy:175 [DEBUG]  Tasks:0 Slots:0 Parallelism:0.5
2018-06-28 15:04:38 parsl.dataflow.strategy:175 [DEBUG]  Tasks:0 Slots:0 Parallelism:0.5
2018-06-28 15:04:38 parsl.dataflow.strategy:175 [DEBUG]  Tasks:0 Slots:0 Parallelism:0.5
2018-06-28 15:04:38 parsl.dataflow.strategy:175 [DEBUG]  Tasks:0 Slots:0 Parallelism:0.5
2018-06-28 15:04:41 parsl.dataflow.strategy:175 [DEBUG]  Tasks:0 Slots:0 Parallelism:0.5
2018-06-28 15:04:41 parsl.dataflow.strategy:175 [DEBUG]  Tasks:0 Slots:0 Parallelism:0.5
2018-06-28 15:04:41 parsl.dataflow.strategy:175 [DEBUG]  Tasks:0 Slots:0 Parallelism:0.5
2018-06-28 15:04:46 parsl.dataflow.strategy:175 [DEBUG]  Tasks:0 Slots:0 Parallelism:0.5
2018-06-28 15:04:46 parsl.dataflow.strategy:175 [DEBUG]  Tasks:0 Slots:0 Parallelism:0.5
2018-06-28 15:04:46 parsl.dataflow.strategy:175 [DEBUG]  Tasks:0 Slots:0 Parallelism:0.5
2018-06-28 15:04:51 parsl.dataflow.strategy:175 [DEBUG]  Tasks:0 Slots:0 Parallelism:0.5
2018-06-28 15:04:51 parsl.dataflow.strategy:175 [DEBUG]  Tasks:0 Slots:0 Parallelism:0.5
2018-06-28 15:04:51 parsl.dataflow.strategy:175 [DEBUG]  Tasks:0 Slots:0 Parallelism:0.5
2018-06-28 15:04:56 parsl.dataflow.strategy:175 [DEBUG]  Tasks:0 Slots:0 Parallelism:0.5
2018-06-28 15:04:56 parsl.dataflow.strategy:175 [DEBUG]  Tasks:0 Slots:0 Parallelism:0.5
2018-06-28 15:04:56 parsl.dataflow.strategy:175 [DEBUG]  Tasks:0 Slots:0 Parallelism:0.5
2018-06-28 15:05:01 parsl.dataflow.strategy:175 [DEBUG]  Tasks:0 Slots:0 Parallelism:0.5
2018-06-28 15:05:01 parsl.dataflow.strategy:175 [DEBUG]  Tasks:0 Slots:0 Parallelism:0.5
2018-06-28 15:05:01 parsl.dataflow.strategy:175 [DEBUG]  Tasks:0 Slots:0 Parallelism:0.5
2018-06-28 15:05:06 parsl.dataflow.strategy:175 [DEBUG]  Tasks:0 Slots:0 Parallelism:0.5
2018-06-28 15:05:06 parsl.dataflow.strategy:175 [DEBUG]  Tasks:0 Slots:0 Parallelism:0.5
2018-06-28 15:05:06 parsl.dataflow.strategy:175 [DEBUG]  Tasks:0 Slots:0 Parallelism:0.5
2018-06-28 15:05:12 parsl.dataflow.strategy:175 [DEBUG]  Tasks:0 Slots:0 Parallelism:0.5
2018-06-28 15:05:12 parsl.dataflow.strategy:175 [DEBUG]  Tasks:0 Slots:0 Parallelism:0.5
2018-06-28 15:05:12 parsl.dataflow.strategy:175 [DEBUG]  Tasks:0 Slots:0 Parallelism:0.5
2018-06-28 15:05:17 parsl.dataflow.strategy:175 [DEBUG]  Tasks:0 Slots:0 Parallelism:0.5
2018-06-28 15:05:17 parsl.dataflow.strategy:175 [DEBUG]  Tasks:0 Slots:0 Parallelism:0.5
2018-06-28 15:05:17 parsl.dataflow.strategy:175 [DEBUG]  Tasks:0 Slots:0 Parallelism:0.5
2018-06-28 15:05:22 parsl.dataflow.strategy:175 [DEBUG]  Tasks:0 Slots:0 Parallelism:0.5
2018-06-28 15:05:22 parsl.dataflow.strategy:175 [DEBUG]  Tasks:0 Slots:0 Parallelism:0.5
2018-06-28 15:05:23 parsl.dataflow.strategy:175 [DEBUG]  Tasks:0 Slots:0 Parallelism:0.5
2018-06-28 15:05:27 parsl.dataflow.strategy:175 [DEBUG]  Tasks:0 Slots:0 Parallelism:0.5
2018-06-28 15:05:27 parsl.dataflow.strategy:175 [DEBUG]  Tasks:0 Slots:0 Parallelism:0.5
2018-06-28 15:05:28 parsl.dataflow.strategy:175 [DEBUG]  Tasks:0 Slots:0 Parallelism:0.5
2018-06-28 15:05:33 parsl.dataflow.strategy:175 [DEBUG]  Tasks:0 Slots:0 Parallelism:0.5
2018-06-28 15:05:33 parsl.dataflow.strategy:175 [DEBUG]  Tasks:0 Slots:0 Parallelism:0.5
2018-06-28 15:05:33 parsl.dataflow.strategy:175 [DEBUG]  Tasks:0 Slots:0 Parallelism:0.5
2018-06-28 15:05:38 parsl.dataflow.strategy:175 [DEBUG]  Tasks:0 Slots:0 Parallelism:0.5
2018-06-28 15:05:38 parsl.dataflow.strategy:175 [DEBUG]  Tasks:0 Slots:0 Parallelism:0.5
2018-06-28 15:05:38 parsl.dataflow.strategy:175 [DEBUG]  Tasks:0 Slots:0 Parallelism:0.5
2018-06-28 15:05:41 parsl.dataflow.strategy:175 [DEBUG]  Tasks:0 Slots:0 Parallelism:0.5
2018-06-28 15:05:41 parsl.dataflow.strategy:175 [DEBUG]  Tasks:0 Slots:0 Parallelism:0.5
2018-06-28 15:05:41 parsl.dataflow.strategy:175 [DEBUG]  Tasks:0 Slots:0 Parallelism:0.5
2018-06-28 15:05:46 parsl.dataflow.strategy:175 [DEBUG]  Tasks:0 Slots:0 Parallelism:0.5
2018-06-28 15:05:46 parsl.dataflow.strategy:175 [DEBUG]  Tasks:0 Slots:0 Parallelism:0.5
2018-06-28 15:05:46 parsl.dataflow.strategy:175 [DEBUG]  Tasks:0 Slots:0 Parallelism:0.5
2018-06-28 15:05:51 parsl.dataflow.strategy:175 [DEBUG]  Tasks:0 Slots:0 Parallelism:0.5
2018-06-28 15:05:51 parsl.dataflow.strategy:175 [DEBUG]  Tasks:0 Slots:0 Parallelism:0.5
2018-06-28 15:05:51 parsl.dataflow.strategy:175 [DEBUG]  Tasks:0 Slots:0 Parallelism:0.5
2018-06-28 15:05:56 parsl.dataflow.strategy:175 [DEBUG]  Tasks:0 Slots:0 Parallelism:0.5
2018-06-28 15:05:56 parsl.dataflow.strategy:175 [DEBUG]  Tasks:0 Slots:0 Parallelism:0.5
2018-06-28 15:05:56 parsl.dataflow.strategy:175 [DEBUG]  Tasks:0 Slots:0 Parallelism:0.5
2018-06-28 15:06:01 parsl.dataflow.strategy:175 [DEBUG]  Tasks:0 Slots:0 Parallelism:0.5
2018-06-28 15:06:01 parsl.dataflow.strategy:175 [DEBUG]  Tasks:0 Slots:0 Parallelism:0.5
2018-06-28 15:06:01 parsl.dataflow.strategy:175 [DEBUG]  Tasks:0 Slots:0 Parallelism:0.5
2018-06-28 15:06:06 parsl.dataflow.strategy:175 [DEBUG]  Tasks:0 Slots:0 Parallelism:0.5
2018-06-28 15:06:06 parsl.dataflow.strategy:175 [DEBUG]  Tasks:0 Slots:0 Parallelism:0.5
2018-06-28 15:06:06 parsl.dataflow.strategy:175 [DEBUG]  Tasks:0 Slots:0 Parallelism:0.5
2018-06-28 15:06:12 parsl.dataflow.strategy:175 [DEBUG]  Tasks:0 Slots:0 Parallelism:0.5
2018-06-28 15:06:12 parsl.dataflow.strategy:175 [DEBUG]  Tasks:0 Slots:0 Parallelism:0.5
2018-06-28 15:06:12 parsl.dataflow.strategy:175 [DEBUG]  Tasks:0 Slots:0 Parallelism:0.5
2018-06-28 15:06:17 parsl.dataflow.strategy:175 [DEBUG]  Tasks:0 Slots:0 Parallelism:0.5
2018-06-28 15:06:17 parsl.dataflow.strategy:175 [DEBUG]  Tasks:0 Slots:0 Parallelism:0.5
2018-06-28 15:06:17 parsl.dataflow.strategy:175 [DEBUG]  Tasks:0 Slots:0 Parallelism:0.5
2018-06-28 15:06:22 parsl.dataflow.strategy:175 [DEBUG]  Tasks:0 Slots:0 Parallelism:0.5
2018-06-28 15:06:22 parsl.dataflow.strategy:175 [DEBUG]  Tasks:0 Slots:0 Parallelism:0.5
2018-06-28 15:06:23 parsl.dataflow.strategy:175 [DEBUG]  Tasks:0 Slots:0 Parallelism:0.5
2018-06-28 15:06:30 parsl.dataflow.strategy:175 [DEBUG]  Tasks:0 Slots:0 Parallelism:0.5
2018-06-28 15:06:30 parsl.dataflow.strategy:175 [DEBUG]  Tasks:0 Slots:0 Parallelism:0.5
2018-06-28 15:06:30 parsl.dataflow.strategy:175 [DEBUG]  Tasks:0 Slots:0 Parallelism:0.5
2018-06-28 15:06:33 parsl.dataflow.strategy:175 [DEBUG]  Tasks:0 Slots:0 Parallelism:0.5
2018-06-28 15:06:33 parsl.dataflow.strategy:175 [DEBUG]  Tasks:0 Slots:0 Parallelism:0.5
2018-06-28 15:06:33 parsl.dataflow.strategy:175 [DEBUG]  Tasks:0 Slots:0 Parallelism:0.5
2018-06-28 15:06:38 parsl.dataflow.strategy:175 [DEBUG]  Tasks:0 Slots:0 Parallelism:0.5
2018-06-28 15:06:40 parsl.dataflow.strategy:175 [DEBUG]  Tasks:0 Slots:0 Parallelism:0.5
2018-06-28 15:06:40 parsl.dataflow.strategy:175 [DEBUG]  Tasks:0 Slots:0 Parallelism:0.5
2018-06-28 15:06:41 parsl.dataflow.strategy:175 [DEBUG]  Tasks:0 Slots:0 Parallelism:0.5
2018-06-28 15:06:41 parsl.dataflow.strategy:175 [DEBUG]  Tasks:0 Slots:0 Parallelism:0.5
2018-06-28 15:06:41 parsl.dataflow.strategy:175 [DEBUG]  Tasks:0 Slots:0 Parallelism:0.5
2018-06-28 15:06:46 parsl.dataflow.strategy:175 [DEBUG]  Tasks:0 Slots:0 Parallelism:0.5
2018-06-28 15:06:46 parsl.dataflow.strategy:175 [DEBUG]  Tasks:0 Slots:0 Parallelism:0.5
2018-06-28 15:06:46 parsl.dataflow.strategy:175 [DEBUG]  Tasks:0 Slots:0 Parallelism:0.5
2018-06-28 15:06:51 parsl.dataflow.strategy:175 [DEBUG]  Tasks:0 Slots:0 Parallelism:0.5
2018-06-28 15:06:51 parsl.dataflow.strategy:175 [DEBUG]  Tasks:0 Slots:0 Parallelism:0.5
2018-06-28 15:06:51 parsl.dataflow.strategy:175 [DEBUG]  Tasks:0 Slots:0 Parallelism:0.5
2018-06-28 15:06:56 parsl.dataflow.strategy:175 [DEBUG]  Tasks:0 Slots:0 Parallelism:0.5
2018-06-28 15:06:56 parsl.dataflow.strategy:175 [DEBUG]  Tasks:0 Slots:0 Parallelism:0.5
2018-06-28 15:06:56 parsl.dataflow.strategy:175 [DEBUG]  Tasks:0 Slots:0 Parallelism:0.5
2018-06-28 15:07:01 parsl.dataflow.strategy:175 [DEBUG]  Tasks:0 Slots:0 Parallelism:0.5
2018-06-28 15:07:01 parsl.dataflow.strategy:175 [DEBUG]  Tasks:0 Slots:0 Parallelism:0.5
2018-06-28 15:07:01 parsl.dataflow.strategy:175 [DEBUG]  Tasks:0 Slots:0 Parallelism:0.5
2018-06-28 15:07:06 parsl.dataflow.strategy:175 [DEBUG]  Tasks:0 Slots:0 Parallelism:0.5
2018-06-28 15:07:06 parsl.dataflow.strategy:175 [DEBUG]  Tasks:0 Slots:0 Parallelism:0.5
2018-06-28 15:07:06 parsl.dataflow.strategy:175 [DEBUG]  Tasks:0 Slots:0 Parallelism:0.5
2018-06-28 15:07:12 parsl.dataflow.strategy:175 [DEBUG]  Tasks:0 Slots:0 Parallelism:0.5
2018-06-28 15:07:12 parsl.dataflow.strategy:175 [DEBUG]  Tasks:0 Slots:0 Parallelism:0.5
2018-06-28 15:07:12 parsl.dataflow.strategy:175 [DEBUG]  Tasks:0 Slots:0 Parallelism:0.5
2018-06-28 15:07:17 parsl.dataflow.strategy:175 [DEBUG]  Tasks:0 Slots:0 Parallelism:0.5
2018-06-28 15:07:17 parsl.dataflow.strategy:175 [DEBUG]  Tasks:0 Slots:0 Parallelism:0.5
2018-06-28 15:07:17 parsl.dataflow.strategy:175 [DEBUG]  Tasks:0 Slots:0 Parallelism:0.5
2018-06-28 15:07:22 parsl.dataflow.strategy:175 [DEBUG]  Tasks:0 Slots:0 Parallelism:0.5
2018-06-28 15:07:22 parsl.dataflow.strategy:175 [DEBUG]  Tasks:0 Slots:0 Parallelism:0.5
2018-06-28 15:07:22 parsl.dataflow.strategy:175 [DEBUG]  Tasks:0 Slots:0 Parallelism:0.5
2018-06-28 15:07:27 parsl.dataflow.strategy:175 [DEBUG]  Tasks:0 Slots:0 Parallelism:0.5
2018-06-28 15:07:27 parsl.dataflow.strategy:175 [DEBUG]  Tasks:0 Slots:0 Parallelism:0.5
2018-06-28 15:07:30 parsl.dataflow.strategy:175 [DEBUG]  Tasks:0 Slots:0 Parallelism:0.5
2018-06-28 15:07:35 parsl.dataflow.strategy:175 [DEBUG]  Tasks:0 Slots:0 Parallelism:0.5
2018-06-28 15:07:35 parsl.dataflow.strategy:175 [DEBUG]  Tasks:0 Slots:0 Parallelism:0.5
2018-06-28 15:07:35 parsl.dataflow.strategy:175 [DEBUG]  Tasks:0 Slots:0 Parallelism:0.5
2018-06-28 15:07:38 parsl.dataflow.strategy:175 [DEBUG]  Tasks:0 Slots:0 Parallelism:0.5
2018-06-28 15:07:38 parsl.dataflow.strategy:175 [DEBUG]  Tasks:0 Slots:0 Parallelism:0.5
2018-06-28 15:07:38 parsl.dataflow.strategy:175 [DEBUG]  Tasks:0 Slots:0 Parallelism:0.5
2018-06-28 15:07:41 parsl.dataflow.strategy:175 [DEBUG]  Tasks:0 Slots:0 Parallelism:0.5
2018-06-28 15:07:41 parsl.dataflow.strategy:175 [DEBUG]  Tasks:0 Slots:0 Parallelism:0.5
2018-06-28 15:07:41 parsl.dataflow.strategy:175 [DEBUG]  Tasks:0 Slots:0 Parallelism:0.5
2018-06-28 15:07:46 parsl.dataflow.strategy:175 [DEBUG]  Tasks:0 Slots:0 Parallelism:0.5
2018-06-28 15:07:46 parsl.dataflow.strategy:175 [DEBUG]  Tasks:0 Slots:0 Parallelism:0.5
2018-06-28 15:07:46 parsl.dataflow.strategy:175 [DEBUG]  Tasks:0 Slots:0 Parallelism:0.5
2018-06-28 15:07:51 parsl.dataflow.strategy:175 [DEBUG]  Tasks:0 Slots:0 Parallelism:0.5
2018-06-28 15:07:51 parsl.dataflow.strategy:175 [DEBUG]  Tasks:0 Slots:0 Parallelism:0.5
2018-06-28 15:07:51 parsl.dataflow.strategy:175 [DEBUG]  Tasks:0 Slots:0 Parallelism:0.5
2018-06-28 15:07:56 parsl.dataflow.strategy:175 [DEBUG]  Tasks:0 Slots:0 Parallelism:0.5
2018-06-28 15:07:56 parsl.dataflow.strategy:175 [DEBUG]  Tasks:0 Slots:0 Parallelism:0.5
2018-06-28 15:07:56 parsl.dataflow.strategy:175 [DEBUG]  Tasks:0 Slots:0 Parallelism:0.5
2018-06-28 15:08:01 parsl.dataflow.strategy:175 [DEBUG]  Tasks:0 Slots:0 Parallelism:0.5
2018-06-28 15:08:01 parsl.dataflow.strategy:175 [DEBUG]  Tasks:0 Slots:0 Parallelism:0.5
2018-06-28 15:08:01 parsl.dataflow.strategy:175 [DEBUG]  Tasks:0 Slots:0 Parallelism:0.5
2018-06-28 15:08:06 parsl.dataflow.strategy:175 [DEBUG]  Tasks:0 Slots:0 Parallelism:0.5
2018-06-28 15:08:06 parsl.dataflow.strategy:175 [DEBUG]  Tasks:0 Slots:0 Parallelism:0.5
2018-06-28 15:08:06 parsl.dataflow.strategy:175 [DEBUG]  Tasks:0 Slots:0 Parallelism:0.5
2018-06-28 15:08:12 parsl.dataflow.strategy:175 [DEBUG]  Tasks:0 Slots:0 Parallelism:0.5
2018-06-28 15:08:12 parsl.dataflow.strategy:175 [DEBUG]  Tasks:0 Slots:0 Parallelism:0.5
2018-06-28 15:08:12 parsl.dataflow.strategy:175 [DEBUG]  Tasks:0 Slots:0 Parallelism:0.5
2018-06-28 15:08:17 parsl.dataflow.strategy:175 [DEBUG]  Tasks:0 Slots:0 Parallelism:0.5
2018-06-28 15:08:17 parsl.dataflow.strategy:175 [DEBUG]  Tasks:0 Slots:0 Parallelism:0.5
2018-06-28 15:08:17 parsl.dataflow.strategy:175 [DEBUG]  Tasks:0 Slots:0 Parallelism:0.5
2018-06-28 15:08:22 parsl.dataflow.strategy:175 [DEBUG]  Tasks:0 Slots:0 Parallelism:0.5
2018-06-28 15:08:22 parsl.dataflow.strategy:175 [DEBUG]  Tasks:0 Slots:0 Parallelism:0.5
2018-06-28 15:08:22 parsl.dataflow.strategy:175 [DEBUG]  Tasks:0 Slots:0 Parallelism:0.5
2018-06-28 15:08:27 parsl.dataflow.strategy:175 [DEBUG]  Tasks:0 Slots:0 Parallelism:0.5
2018-06-28 15:08:27 parsl.dataflow.strategy:175 [DEBUG]  Tasks:0 Slots:0 Parallelism:0.5
2018-06-28 15:08:27 parsl.dataflow.strategy:175 [DEBUG]  Tasks:0 Slots:0 Parallelism:0.5
2018-06-28 15:08:32 parsl.dataflow.strategy:175 [DEBUG]  Tasks:0 Slots:0 Parallelism:0.5
2018-06-28 15:08:32 parsl.dataflow.strategy:175 [DEBUG]  Tasks:0 Slots:0 Parallelism:0.5
2018-06-28 15:08:32 parsl.dataflow.strategy:175 [DEBUG]  Tasks:0 Slots:0 Parallelism:0.5
2018-06-28 15:08:37 parsl.dataflow.strategy:175 [DEBUG]  Tasks:0 Slots:0 Parallelism:0.5
2018-06-28 15:08:37 parsl.dataflow.strategy:175 [DEBUG]  Tasks:0 Slots:0 Parallelism:0.5
2018-06-28 15:08:37 parsl.dataflow.strategy:175 [DEBUG]  Tasks:0 Slots:0 Parallelism:0.5
2018-06-28 15:08:41 parsl.dataflow.strategy:175 [DEBUG]  Tasks:0 Slots:0 Parallelism:0.5
2018-06-28 15:08:41 parsl.dataflow.strategy:175 [DEBUG]  Tasks:0 Slots:0 Parallelism:0.5
2018-06-28 15:08:41 parsl.dataflow.strategy:175 [DEBUG]  Tasks:0 Slots:0 Parallelism:0.5
2018-06-28 15:08:46 parsl.dataflow.strategy:175 [DEBUG]  Tasks:0 Slots:0 Parallelism:0.5
2018-06-28 15:08:46 parsl.dataflow.strategy:175 [DEBUG]  Tasks:0 Slots:0 Parallelism:0.5
2018-06-28 15:08:46 parsl.dataflow.strategy:175 [DEBUG]  Tasks:0 Slots:0 Parallelism:0.5
2018-06-28 15:08:51 parsl.dataflow.strategy:175 [DEBUG]  Tasks:0 Slots:0 Parallelism:0.5
2018-06-28 15:08:51 parsl.dataflow.strategy:175 [DEBUG]  Tasks:0 Slots:0 Parallelism:0.5
2018-06-28 15:08:51 parsl.dataflow.strategy:175 [DEBUG]  Tasks:0 Slots:0 Parallelism:0.5
2018-06-28 15:08:56 parsl.dataflow.strategy:175 [DEBUG]  Tasks:0 Slots:0 Parallelism:0.5
2018-06-28 15:08:56 parsl.dataflow.strategy:175 [DEBUG]  Tasks:0 Slots:0 Parallelism:0.5
2018-06-28 15:08:56 parsl.dataflow.strategy:175 [DEBUG]  Tasks:0 Slots:0 Parallelism:0.5
2018-06-28 15:09:01 parsl.dataflow.strategy:175 [DEBUG]  Tasks:0 Slots:0 Parallelism:0.5
2018-06-28 15:09:01 parsl.dataflow.strategy:175 [DEBUG]  Tasks:0 Slots:0 Parallelism:0.5
2018-06-28 15:09:01 parsl.dataflow.strategy:175 [DEBUG]  Tasks:0 Slots:0 Parallelism:0.5
2018-06-28 15:09:06 parsl.dataflow.strategy:175 [DEBUG]  Tasks:0 Slots:0 Parallelism:0.5
2018-06-28 15:09:06 parsl.dataflow.strategy:175 [DEBUG]  Tasks:0 Slots:0 Parallelism:0.5
2018-06-28 15:09:06 parsl.dataflow.strategy:175 [DEBUG]  Tasks:0 Slots:0 Parallelism:0.5
2018-06-28 15:09:12 parsl.dataflow.strategy:175 [DEBUG]  Tasks:0 Slots:0 Parallelism:0.5
2018-06-28 15:09:12 parsl.dataflow.strategy:175 [DEBUG]  Tasks:0 Slots:0 Parallelism:0.5
2018-06-28 15:09:12 parsl.dataflow.strategy:175 [DEBUG]  Tasks:0 Slots:0 Parallelism:0.5
2018-06-28 15:09:17 parsl.dataflow.strategy:175 [DEBUG]  Tasks:0 Slots:0 Parallelism:0.5
2018-06-28 15:09:17 parsl.dataflow.strategy:175 [DEBUG]  Tasks:0 Slots:0 Parallelism:0.5
2018-06-28 15:09:17 parsl.dataflow.strategy:175 [DEBUG]  Tasks:0 Slots:0 Parallelism:0.5
2018-06-28 15:09:22 parsl.dataflow.strategy:175 [DEBUG]  Tasks:0 Slots:0 Parallelism:0.5
2018-06-28 15:09:22 parsl.dataflow.strategy:175 [DEBUG]  Tasks:0 Slots:0 Parallelism:0.5
2018-06-28 15:09:22 parsl.dataflow.strategy:175 [DEBUG]  Tasks:0 Slots:0 Parallelism:0.5
2018-06-28 15:09:27 parsl.dataflow.strategy:175 [DEBUG]  Tasks:0 Slots:0 Parallelism:0.5
2018-06-28 15:09:27 parsl.dataflow.strategy:175 [DEBUG]  Tasks:0 Slots:0 Parallelism:0.5
2018-06-28 15:09:27 parsl.dataflow.strategy:175 [DEBUG]  Tasks:0 Slots:0 Parallelism:0.5
2018-06-28 15:09:32 parsl.dataflow.strategy:175 [DEBUG]  Tasks:0 Slots:0 Parallelism:0.5
2018-06-28 15:09:32 parsl.dataflow.strategy:175 [DEBUG]  Tasks:0 Slots:0 Parallelism:0.5
2018-06-28 15:09:32 parsl.dataflow.strategy:175 [DEBUG]  Tasks:0 Slots:0 Parallelism:0.5
2018-06-28 15:09:37 parsl.dataflow.strategy:175 [DEBUG]  Tasks:0 Slots:0 Parallelism:0.5
2018-06-28 15:09:37 parsl.dataflow.strategy:175 [DEBUG]  Tasks:0 Slots:0 Parallelism:0.5
2018-06-28 15:09:38 parsl.dataflow.strategy:175 [DEBUG]  Tasks:0 Slots:0 Parallelism:0.5
2018-06-28 15:09:41 parsl.dataflow.strategy:175 [DEBUG]  Tasks:0 Slots:0 Parallelism:0.5
2018-06-28 15:09:41 parsl.dataflow.strategy:175 [DEBUG]  Tasks:0 Slots:0 Parallelism:0.5
2018-06-28 15:09:41 parsl.dataflow.strategy:175 [DEBUG]  Tasks:0 Slots:0 Parallelism:0.5
2018-06-28 15:09:46 parsl.dataflow.strategy:175 [DEBUG]  Tasks:0 Slots:0 Parallelism:0.5
2018-06-28 15:09:46 parsl.dataflow.strategy:175 [DEBUG]  Tasks:0 Slots:0 Parallelism:0.5
2018-06-28 15:09:46 parsl.dataflow.strategy:175 [DEBUG]  Tasks:0 Slots:0 Parallelism:0.5
2018-06-28 15:09:51 parsl.dataflow.strategy:175 [DEBUG]  Tasks:0 Slots:0 Parallelism:0.5
2018-06-28 15:09:51 parsl.dataflow.strategy:175 [DEBUG]  Tasks:0 Slots:0 Parallelism:0.5
2018-06-28 15:09:51 parsl.dataflow.strategy:175 [DEBUG]  Tasks:0 Slots:0 Parallelism:0.5
2018-06-28 15:09:56 parsl.dataflow.strategy:175 [DEBUG]  Tasks:0 Slots:0 Parallelism:0.5
2018-06-28 15:09:56 parsl.dataflow.strategy:175 [DEBUG]  Tasks:0 Slots:0 Parallelism:0.5
2018-06-28 15:09:56 parsl.dataflow.strategy:175 [DEBUG]  Tasks:0 Slots:0 Parallelism:0.5
2018-06-28 15:10:01 parsl.dataflow.strategy:175 [DEBUG]  Tasks:0 Slots:0 Parallelism:0.5
2018-06-28 15:10:01 parsl.dataflow.strategy:175 [DEBUG]  Tasks:0 Slots:0 Parallelism:0.5
2018-06-28 15:10:01 parsl.dataflow.strategy:175 [DEBUG]  Tasks:0 Slots:0 Parallelism:0.5
2018-06-28 15:10:06 parsl.dataflow.strategy:175 [DEBUG]  Tasks:0 Slots:0 Parallelism:0.5
2018-06-28 15:10:06 parsl.dataflow.strategy:175 [DEBUG]  Tasks:0 Slots:0 Parallelism:0.5
2018-06-28 15:10:06 parsl.dataflow.strategy:175 [DEBUG]  Tasks:0 Slots:0 Parallelism:0.5
2018-06-28 15:10:12 parsl.dataflow.strategy:175 [DEBUG]  Tasks:0 Slots:0 Parallelism:0.5
2018-06-28 15:10:12 parsl.dataflow.strategy:175 [DEBUG]  Tasks:0 Slots:0 Parallelism:0.5
2018-06-28 15:10:12 parsl.dataflow.strategy:175 [DEBUG]  Tasks:0 Slots:0 Parallelism:0.5
2018-06-28 15:10:17 parsl.dataflow.strategy:175 [DEBUG]  Tasks:0 Slots:0 Parallelism:0.5
2018-06-28 15:10:17 parsl.dataflow.strategy:175 [DEBUG]  Tasks:0 Slots:0 Parallelism:0.5
2018-06-28 15:10:17 parsl.dataflow.strategy:175 [DEBUG]  Tasks:0 Slots:0 Parallelism:0.5
2018-06-28 15:10:22 parsl.dataflow.strategy:175 [DEBUG]  Tasks:0 Slots:0 Parallelism:0.5
2018-06-28 15:10:22 parsl.dataflow.strategy:175 [DEBUG]  Tasks:0 Slots:0 Parallelism:0.5
2018-06-28 15:10:22 parsl.dataflow.strategy:175 [DEBUG]  Tasks:0 Slots:0 Parallelism:0.5
2018-06-28 15:10:27 parsl.dataflow.strategy:175 [DEBUG]  Tasks:0 Slots:0 Parallelism:0.5
2018-06-28 15:10:27 parsl.dataflow.strategy:175 [DEBUG]  Tasks:0 Slots:0 Parallelism:0.5
2018-06-28 15:10:27 parsl.dataflow.strategy:175 [DEBUG]  Tasks:0 Slots:0 Parallelism:0.5
2018-06-28 15:10:32 parsl.dataflow.strategy:175 [DEBUG]  Tasks:0 Slots:0 Parallelism:0.5
2018-06-28 15:10:32 parsl.dataflow.strategy:175 [DEBUG]  Tasks:0 Slots:0 Parallelism:0.5
2018-06-28 15:10:32 parsl.dataflow.strategy:175 [DEBUG]  Tasks:0 Slots:0 Parallelism:0.5
2018-06-28 15:10:37 parsl.dataflow.strategy:175 [DEBUG]  Tasks:0 Slots:0 Parallelism:0.5
2018-06-28 15:10:37 parsl.dataflow.strategy:175 [DEBUG]  Tasks:0 Slots:0 Parallelism:0.5
2018-06-28 15:10:38 parsl.dataflow.strategy:175 [DEBUG]  Tasks:0 Slots:0 Parallelism:0.5
2018-06-28 15:10:41 parsl.dataflow.strategy:175 [DEBUG]  Tasks:0 Slots:0 Parallelism:0.5
2018-06-28 15:10:41 parsl.dataflow.strategy:175 [DEBUG]  Tasks:0 Slots:0 Parallelism:0.5
2018-06-28 15:10:41 parsl.dataflow.strategy:175 [DEBUG]  Tasks:0 Slots:0 Parallelism:0.5
2018-06-28 15:10:46 parsl.dataflow.strategy:175 [DEBUG]  Tasks:0 Slots:0 Parallelism:0.5
2018-06-28 15:10:46 parsl.dataflow.strategy:175 [DEBUG]  Tasks:0 Slots:0 Parallelism:0.5
2018-06-28 15:10:46 parsl.dataflow.strategy:175 [DEBUG]  Tasks:0 Slots:0 Parallelism:0.5
2018-06-28 15:10:51 parsl.dataflow.strategy:175 [DEBUG]  Tasks:0 Slots:0 Parallelism:0.5
2018-06-28 15:10:51 parsl.dataflow.strategy:175 [DEBUG]  Tasks:0 Slots:0 Parallelism:0.5
2018-06-28 15:10:51 parsl.dataflow.strategy:175 [DEBUG]  Tasks:0 Slots:0 Parallelism:0.5
2018-06-28 15:10:56 parsl.dataflow.strategy:175 [DEBUG]  Tasks:0 Slots:0 Parallelism:0.5
2018-06-28 15:10:56 parsl.dataflow.strategy:175 [DEBUG]  Tasks:0 Slots:0 Parallelism:0.5
2018-06-28 15:10:56 parsl.dataflow.strategy:175 [DEBUG]  Tasks:0 Slots:0 Parallelism:0.5
2018-06-28 15:11:01 parsl.dataflow.strategy:175 [DEBUG]  Tasks:0 Slots:0 Parallelism:0.5
2018-06-28 15:11:01 parsl.dataflow.strategy:175 [DEBUG]  Tasks:0 Slots:0 Parallelism:0.5
2018-06-28 15:11:01 parsl.dataflow.strategy:175 [DEBUG]  Tasks:0 Slots:0 Parallelism:0.5
2018-06-28 15:11:06 parsl.dataflow.strategy:175 [DEBUG]  Tasks:0 Slots:0 Parallelism:0.5
2018-06-28 15:11:06 parsl.dataflow.strategy:175 [DEBUG]  Tasks:0 Slots:0 Parallelism:0.5
2018-06-28 15:11:06 parsl.dataflow.strategy:175 [DEBUG]  Tasks:0 Slots:0 Parallelism:0.5
2018-06-28 15:11:12 parsl.dataflow.strategy:175 [DEBUG]  Tasks:0 Slots:0 Parallelism:0.5
2018-06-28 15:11:12 parsl.dataflow.strategy:175 [DEBUG]  Tasks:0 Slots:0 Parallelism:0.5
2018-06-28 15:11:12 parsl.dataflow.strategy:175 [DEBUG]  Tasks:0 Slots:0 Parallelism:0.5
2018-06-28 15:11:17 parsl.dataflow.strategy:175 [DEBUG]  Tasks:0 Slots:0 Parallelism:0.5
2018-06-28 15:11:17 parsl.dataflow.strategy:175 [DEBUG]  Tasks:0 Slots:0 Parallelism:0.5
2018-06-28 15:11:17 parsl.dataflow.strategy:175 [DEBUG]  Tasks:0 Slots:0 Parallelism:0.5
2018-06-28 15:11:22 parsl.dataflow.strategy:175 [DEBUG]  Tasks:0 Slots:0 Parallelism:0.5
2018-06-28 15:11:22 parsl.dataflow.strategy:175 [DEBUG]  Tasks:0 Slots:0 Parallelism:0.5
2018-06-28 15:11:22 parsl.dataflow.strategy:175 [DEBUG]  Tasks:0 Slots:0 Parallelism:0.5
2018-06-28 15:11:27 parsl.dataflow.strategy:175 [DEBUG]  Tasks:0 Slots:0 Parallelism:0.5
2018-06-28 15:11:27 parsl.dataflow.strategy:175 [DEBUG]  Tasks:0 Slots:0 Parallelism:0.5
2018-06-28 15:11:28 parsl.dataflow.strategy:175 [DEBUG]  Tasks:0 Slots:0 Parallelism:0.5
2018-06-28 15:11:32 parsl.dataflow.strategy:175 [DEBUG]  Tasks:0 Slots:0 Parallelism:0.5
2018-06-28 15:11:32 parsl.dataflow.strategy:175 [DEBUG]  Tasks:0 Slots:0 Parallelism:0.5
2018-06-28 15:11:32 parsl.dataflow.strategy:175 [DEBUG]  Tasks:0 Slots:0 Parallelism:0.5
2018-06-28 15:11:37 parsl.dataflow.strategy:175 [DEBUG]  Tasks:0 Slots:0 Parallelism:0.5
2018-06-28 15:11:37 parsl.dataflow.strategy:175 [DEBUG]  Tasks:0 Slots:0 Parallelism:0.5
2018-06-28 15:11:38 parsl.dataflow.strategy:175 [DEBUG]  Tasks:0 Slots:0 Parallelism:0.5
2018-06-28 15:11:41 parsl.dataflow.strategy:175 [DEBUG]  Tasks:0 Slots:0 Parallelism:0.5
2018-06-28 15:11:41 parsl.dataflow.strategy:175 [DEBUG]  Tasks:0 Slots:0 Parallelism:0.5
2018-06-28 15:11:41 parsl.dataflow.strategy:175 [DEBUG]  Tasks:0 Slots:0 Parallelism:0.5
2018-06-28 15:11:46 parsl.dataflow.strategy:175 [DEBUG]  Tasks:0 Slots:0 Parallelism:0.5
2018-06-28 15:11:46 parsl.dataflow.strategy:175 [DEBUG]  Tasks:0 Slots:0 Parallelism:0.5
2018-06-28 15:11:46 parsl.dataflow.strategy:175 [DEBUG]  Tasks:0 Slots:0 Parallelism:0.5
2018-06-28 15:11:51 parsl.dataflow.strategy:175 [DEBUG]  Tasks:0 Slots:0 Parallelism:0.5
2018-06-28 15:11:51 parsl.dataflow.strategy:175 [DEBUG]  Tasks:0 Slots:0 Parallelism:0.5
2018-06-28 15:11:51 parsl.dataflow.strategy:175 [DEBUG]  Tasks:0 Slots:0 Parallelism:0.5
2018-06-28 15:11:56 parsl.dataflow.strategy:175 [DEBUG]  Tasks:0 Slots:0 Parallelism:0.5
2018-06-28 15:11:56 parsl.dataflow.strategy:175 [DEBUG]  Tasks:0 Slots:0 Parallelism:0.5
2018-06-28 15:11:56 parsl.dataflow.strategy:175 [DEBUG]  Tasks:0 Slots:0 Parallelism:0.5
2018-06-28 15:12:01 parsl.dataflow.strategy:175 [DEBUG]  Tasks:0 Slots:0 Parallelism:0.5
2018-06-28 15:12:01 parsl.dataflow.strategy:175 [DEBUG]  Tasks:0 Slots:0 Parallelism:0.5
2018-06-28 15:12:01 parsl.dataflow.strategy:175 [DEBUG]  Tasks:0 Slots:0 Parallelism:0.5
2018-06-28 15:12:06 parsl.dataflow.strategy:175 [DEBUG]  Tasks:0 Slots:0 Parallelism:0.5
2018-06-28 15:12:06 parsl.dataflow.strategy:175 [DEBUG]  Tasks:0 Slots:0 Parallelism:0.5
2018-06-28 15:12:06 parsl.dataflow.strategy:175 [DEBUG]  Tasks:0 Slots:0 Parallelism:0.5
2018-06-28 15:12:12 parsl.dataflow.strategy:175 [DEBUG]  Tasks:0 Slots:0 Parallelism:0.5
2018-06-28 15:12:12 parsl.dataflow.strategy:175 [DEBUG]  Tasks:0 Slots:0 Parallelism:0.5
2018-06-28 15:12:12 parsl.dataflow.strategy:175 [DEBUG]  Tasks:0 Slots:0 Parallelism:0.5
2018-06-28 15:12:17 parsl.dataflow.strategy:175 [DEBUG]  Tasks:0 Slots:0 Parallelism:0.5
2018-06-28 15:12:17 parsl.dataflow.strategy:175 [DEBUG]  Tasks:0 Slots:0 Parallelism:0.5
2018-06-28 15:12:17 parsl.dataflow.strategy:175 [DEBUG]  Tasks:0 Slots:0 Parallelism:0.5
2018-06-28 15:12:22 parsl.dataflow.strategy:175 [DEBUG]  Tasks:0 Slots:0 Parallelism:0.5
2018-06-28 15:12:22 parsl.dataflow.strategy:175 [DEBUG]  Tasks:0 Slots:0 Parallelism:0.5
2018-06-28 15:12:22 parsl.dataflow.strategy:175 [DEBUG]  Tasks:0 Slots:0 Parallelism:0.5
2018-06-28 15:12:27 parsl.dataflow.strategy:175 [DEBUG]  Tasks:0 Slots:0 Parallelism:0.5
2018-06-28 15:12:27 parsl.dataflow.strategy:175 [DEBUG]  Tasks:0 Slots:0 Parallelism:0.5
2018-06-28 15:12:27 parsl.dataflow.strategy:175 [DEBUG]  Tasks:0 Slots:0 Parallelism:0.5
2018-06-28 15:12:32 parsl.dataflow.strategy:175 [DEBUG]  Tasks:0 Slots:0 Parallelism:0.5
2018-06-28 15:12:32 parsl.dataflow.strategy:175 [DEBUG]  Tasks:0 Slots:0 Parallelism:0.5
2018-06-28 15:12:32 parsl.dataflow.strategy:175 [DEBUG]  Tasks:0 Slots:0 Parallelism:0.5
2018-06-28 15:12:37 parsl.dataflow.strategy:175 [DEBUG]  Tasks:0 Slots:0 Parallelism:0.5
2018-06-28 15:12:37 parsl.dataflow.strategy:175 [DEBUG]  Tasks:0 Slots:0 Parallelism:0.5
2018-06-28 15:12:37 parsl.dataflow.strategy:175 [DEBUG]  Tasks:0 Slots:0 Parallelism:0.5
2018-06-28 15:12:41 parsl.dataflow.strategy:175 [DEBUG]  Tasks:0 Slots:0 Parallelism:0.5
2018-06-28 15:12:41 parsl.dataflow.strategy:175 [DEBUG]  Tasks:0 Slots:0 Parallelism:0.5
2018-06-28 15:12:41 parsl.dataflow.strategy:175 [DEBUG]  Tasks:0 Slots:0 Parallelism:0.5
2018-06-28 15:12:46 parsl.dataflow.strategy:175 [DEBUG]  Tasks:0 Slots:0 Parallelism:0.5
2018-06-28 15:12:46 parsl.dataflow.strategy:175 [DEBUG]  Tasks:0 Slots:0 Parallelism:0.5
2018-06-28 15:12:46 parsl.dataflow.strategy:175 [DEBUG]  Tasks:0 Slots:0 Parallelism:0.5
2018-06-28 15:12:51 parsl.dataflow.strategy:175 [DEBUG]  Tasks:0 Slots:0 Parallelism:0.5
2018-06-28 15:12:51 parsl.dataflow.strategy:175 [DEBUG]  Tasks:0 Slots:0 Parallelism:0.5
2018-06-28 15:12:51 parsl.dataflow.strategy:175 [DEBUG]  Tasks:0 Slots:0 Parallelism:0.5
2018-06-28 15:12:56 parsl.dataflow.strategy:175 [DEBUG]  Tasks:0 Slots:0 Parallelism:0.5
2018-06-28 15:12:56 parsl.dataflow.strategy:175 [DEBUG]  Tasks:0 Slots:0 Parallelism:0.5
2018-06-28 15:12:56 parsl.dataflow.strategy:175 [DEBUG]  Tasks:0 Slots:0 Parallelism:0.5
2018-06-28 15:13:01 parsl.dataflow.strategy:175 [DEBUG]  Tasks:0 Slots:0 Parallelism:0.5
2018-06-28 15:13:01 parsl.dataflow.strategy:175 [DEBUG]  Tasks:0 Slots:0 Parallelism:0.5
2018-06-28 15:13:01 parsl.dataflow.strategy:175 [DEBUG]  Tasks:0 Slots:0 Parallelism:0.5
2018-06-28 15:13:06 parsl.dataflow.strategy:175 [DEBUG]  Tasks:0 Slots:0 Parallelism:0.5
2018-06-28 15:13:06 parsl.dataflow.strategy:175 [DEBUG]  Tasks:0 Slots:0 Parallelism:0.5
2018-06-28 15:13:06 parsl.dataflow.strategy:175 [DEBUG]  Tasks:0 Slots:0 Parallelism:0.5
2018-06-28 15:13:12 parsl.dataflow.strategy:175 [DEBUG]  Tasks:0 Slots:0 Parallelism:0.5
2018-06-28 15:13:12 parsl.dataflow.strategy:175 [DEBUG]  Tasks:0 Slots:0 Parallelism:0.5
2018-06-28 15:13:12 parsl.dataflow.strategy:175 [DEBUG]  Tasks:0 Slots:0 Parallelism:0.5
2018-06-28 15:13:17 parsl.dataflow.strategy:175 [DEBUG]  Tasks:0 Slots:0 Parallelism:0.5
2018-06-28 15:13:17 parsl.dataflow.strategy:175 [DEBUG]  Tasks:0 Slots:0 Parallelism:0.5
2018-06-28 15:13:17 parsl.dataflow.strategy:175 [DEBUG]  Tasks:0 Slots:0 Parallelism:0.5
2018-06-28 15:13:22 parsl.dataflow.strategy:175 [DEBUG]  Tasks:0 Slots:0 Parallelism:0.5
2018-06-28 15:13:22 parsl.dataflow.strategy:175 [DEBUG]  Tasks:0 Slots:0 Parallelism:0.5
2018-06-28 15:13:22 parsl.dataflow.strategy:175 [DEBUG]  Tasks:0 Slots:0 Parallelism:0.5
2018-06-28 15:13:27 parsl.dataflow.strategy:175 [DEBUG]  Tasks:0 Slots:0 Parallelism:0.5
2018-06-28 15:13:27 parsl.dataflow.strategy:175 [DEBUG]  Tasks:0 Slots:0 Parallelism:0.5
2018-06-28 15:13:28 parsl.dataflow.strategy:175 [DEBUG]  Tasks:0 Slots:0 Parallelism:0.5
2018-06-28 15:13:32 parsl.dataflow.strategy:175 [DEBUG]  Tasks:0 Slots:0 Parallelism:0.5
2018-06-28 15:13:32 parsl.dataflow.strategy:175 [DEBUG]  Tasks:0 Slots:0 Parallelism:0.5
2018-06-28 15:13:33 parsl.dataflow.strategy:175 [DEBUG]  Tasks:0 Slots:0 Parallelism:0.5
2018-06-28 15:13:38 parsl.dataflow.strategy:175 [DEBUG]  Tasks:0 Slots:0 Parallelism:0.5
2018-06-28 15:13:38 parsl.dataflow.strategy:175 [DEBUG]  Tasks:0 Slots:0 Parallelism:0.5
2018-06-28 15:13:38 parsl.dataflow.strategy:175 [DEBUG]  Tasks:0 Slots:0 Parallelism:0.5
2018-06-28 15:13:41 parsl.dataflow.strategy:175 [DEBUG]  Tasks:0 Slots:0 Parallelism:0.5
2018-06-28 15:13:41 parsl.dataflow.strategy:175 [DEBUG]  Tasks:0 Slots:0 Parallelism:0.5
2018-06-28 15:13:41 parsl.dataflow.strategy:175 [DEBUG]  Tasks:0 Slots:0 Parallelism:0.5
2018-06-28 15:13:46 parsl.dataflow.strategy:175 [DEBUG]  Tasks:0 Slots:0 Parallelism:0.5
2018-06-28 15:13:46 parsl.dataflow.strategy:175 [DEBUG]  Tasks:0 Slots:0 Parallelism:0.5
2018-06-28 15:13:46 parsl.dataflow.strategy:175 [DEBUG]  Tasks:0 Slots:0 Parallelism:0.5
2018-06-28 15:13:51 parsl.dataflow.strategy:175 [DEBUG]  Tasks:0 Slots:0 Parallelism:0.5
2018-06-28 15:13:51 parsl.dataflow.strategy:175 [DEBUG]  Tasks:0 Slots:0 Parallelism:0.5
2018-06-28 15:13:51 parsl.dataflow.strategy:175 [DEBUG]  Tasks:0 Slots:0 Parallelism:0.5
2018-06-28 15:13:56 parsl.dataflow.strategy:175 [DEBUG]  Tasks:0 Slots:0 Parallelism:0.5
2018-06-28 15:13:56 parsl.dataflow.strategy:175 [DEBUG]  Tasks:0 Slots:0 Parallelism:0.5
2018-06-28 15:13:56 parsl.dataflow.strategy:175 [DEBUG]  Tasks:0 Slots:0 Parallelism:0.5
2018-06-28 15:14:01 parsl.dataflow.strategy:175 [DEBUG]  Tasks:0 Slots:0 Parallelism:0.5
2018-06-28 15:14:01 parsl.dataflow.strategy:175 [DEBUG]  Tasks:0 Slots:0 Parallelism:0.5
2018-06-28 15:14:01 parsl.dataflow.strategy:175 [DEBUG]  Tasks:0 Slots:0 Parallelism:0.5
2018-06-28 15:14:06 parsl.dataflow.strategy:175 [DEBUG]  Tasks:0 Slots:0 Parallelism:0.5
2018-06-28 15:14:06 parsl.dataflow.strategy:175 [DEBUG]  Tasks:0 Slots:0 Parallelism:0.5
2018-06-28 15:14:06 parsl.dataflow.strategy:175 [DEBUG]  Tasks:0 Slots:0 Parallelism:0.5
2018-06-28 15:14:12 parsl.dataflow.strategy:175 [DEBUG]  Tasks:0 Slots:0 Parallelism:0.5
2018-06-28 15:14:12 parsl.dataflow.strategy:175 [DEBUG]  Tasks:0 Slots:0 Parallelism:0.5
2018-06-28 15:14:12 parsl.dataflow.strategy:175 [DEBUG]  Tasks:0 Slots:0 Parallelism:0.5
2018-06-28 15:14:17 parsl.dataflow.strategy:175 [DEBUG]  Tasks:0 Slots:0 Parallelism:0.5
2018-06-28 15:14:17 parsl.dataflow.strategy:175 [DEBUG]  Tasks:0 Slots:0 Parallelism:0.5
2018-06-28 15:14:17 parsl.dataflow.strategy:175 [DEBUG]  Tasks:0 Slots:0 Parallelism:0.5
2018-06-28 15:14:22 parsl.dataflow.strategy:175 [DEBUG]  Tasks:0 Slots:0 Parallelism:0.5
2018-06-28 15:14:22 parsl.dataflow.strategy:175 [DEBUG]  Tasks:0 Slots:0 Parallelism:0.5
2018-06-28 15:14:22 parsl.dataflow.strategy:175 [DEBUG]  Tasks:0 Slots:0 Parallelism:0.5
2018-06-28 15:14:33 parsl.dataflow.strategy:175 [DEBUG]  Tasks:0 Slots:0 Parallelism:0.5
2018-06-28 15:14:33 parsl.dataflow.strategy:175 [DEBUG]  Tasks:0 Slots:0 Parallelism:0.5
2018-06-28 15:14:33 parsl.dataflow.strategy:175 [DEBUG]  Tasks:0 Slots:0 Parallelism:0.5
2018-06-28 15:14:33 parsl.dataflow.strategy:175 [DEBUG]  Tasks:0 Slots:0 Parallelism:0.5
2018-06-28 15:14:33 parsl.dataflow.strategy:175 [DEBUG]  Tasks:0 Slots:0 Parallelism:0.5
2018-06-28 15:14:33 parsl.dataflow.strategy:175 [DEBUG]  Tasks:0 Slots:0 Parallelism:0.5
2018-06-28 15:14:38 parsl.dataflow.strategy:175 [DEBUG]  Tasks:0 Slots:0 Parallelism:0.5
2018-06-28 15:14:38 parsl.dataflow.strategy:175 [DEBUG]  Tasks:0 Slots:0 Parallelism:0.5
2018-06-28 15:14:38 parsl.dataflow.strategy:175 [DEBUG]  Tasks:0 Slots:0 Parallelism:0.5
2018-06-28 15:14:43 parsl.dataflow.strategy:175 [DEBUG]  Tasks:0 Slots:0 Parallelism:0.5
2018-06-28 15:14:43 parsl.dataflow.strategy:175 [DEBUG]  Tasks:0 Slots:0 Parallelism:0.5
2018-06-28 15:14:43 parsl.dataflow.strategy:175 [DEBUG]  Tasks:0 Slots:0 Parallelism:0.5
2018-06-28 15:14:48 parsl.dataflow.strategy:175 [DEBUG]  Tasks:0 Slots:0 Parallelism:0.5
2018-06-28 15:14:48 parsl.dataflow.strategy:175 [DEBUG]  Tasks:0 Slots:0 Parallelism:0.5
2018-06-28 15:14:48 parsl.dataflow.strategy:175 [DEBUG]  Tasks:0 Slots:0 Parallelism:0.5
2018-06-28 15:14:53 parsl.dataflow.strategy:175 [DEBUG]  Tasks:0 Slots:0 Parallelism:0.5
2018-06-28 15:14:53 parsl.dataflow.strategy:175 [DEBUG]  Tasks:0 Slots:0 Parallelism:0.5
2018-06-28 15:14:53 parsl.dataflow.strategy:175 [DEBUG]  Tasks:0 Slots:0 Parallelism:0.5
2018-06-28 15:14:58 parsl.dataflow.strategy:175 [DEBUG]  Tasks:0 Slots:0 Parallelism:0.5
2018-06-28 15:14:58 parsl.dataflow.strategy:175 [DEBUG]  Tasks:0 Slots:0 Parallelism:0.5
2018-06-28 15:14:58 parsl.dataflow.strategy:175 [DEBUG]  Tasks:0 Slots:0 Parallelism:0.5
2018-06-28 15:15:03 parsl.dataflow.strategy:175 [DEBUG]  Tasks:0 Slots:0 Parallelism:0.5
2018-06-28 15:15:03 parsl.dataflow.strategy:175 [DEBUG]  Tasks:0 Slots:0 Parallelism:0.5
2018-06-28 15:15:03 parsl.dataflow.strategy:175 [DEBUG]  Tasks:0 Slots:0 Parallelism:0.5
2018-06-28 15:15:08 parsl.dataflow.strategy:175 [DEBUG]  Tasks:0 Slots:0 Parallelism:0.5
2018-06-28 15:15:08 parsl.dataflow.strategy:175 [DEBUG]  Tasks:0 Slots:0 Parallelism:0.5
2018-06-28 15:15:08 parsl.dataflow.strategy:175 [DEBUG]  Tasks:0 Slots:0 Parallelism:0.5
2018-06-28 15:15:14 parsl.dataflow.strategy:175 [DEBUG]  Tasks:0 Slots:0 Parallelism:0.5
2018-06-28 15:15:14 parsl.dataflow.strategy:175 [DEBUG]  Tasks:0 Slots:0 Parallelism:0.5
2018-06-28 15:15:15 parsl.dataflow.strategy:175 [DEBUG]  Tasks:0 Slots:0 Parallelism:0.5
2018-06-28 15:15:19 parsl.dataflow.strategy:175 [DEBUG]  Tasks:0 Slots:0 Parallelism:0.5
2018-06-28 15:15:19 parsl.dataflow.strategy:175 [DEBUG]  Tasks:0 Slots:0 Parallelism:0.5
2018-06-28 15:15:19 parsl.dataflow.strategy:175 [DEBUG]  Tasks:0 Slots:0 Parallelism:0.5
2018-06-28 15:15:25 parsl.dataflow.strategy:175 [DEBUG]  Tasks:0 Slots:0 Parallelism:0.5
2018-06-28 15:15:25 parsl.dataflow.strategy:175 [DEBUG]  Tasks:0 Slots:0 Parallelism:0.5
2018-06-28 15:15:25 parsl.dataflow.strategy:175 [DEBUG]  Tasks:0 Slots:0 Parallelism:0.5
2018-06-28 15:15:31 parsl.dataflow.strategy:175 [DEBUG]  Tasks:0 Slots:0 Parallelism:0.5
2018-06-28 15:15:31 parsl.dataflow.strategy:175 [DEBUG]  Tasks:0 Slots:0 Parallelism:0.5
2018-06-28 15:15:33 parsl.dataflow.strategy:175 [DEBUG]  Tasks:0 Slots:0 Parallelism:0.5
2018-06-28 15:15:33 parsl.dataflow.strategy:175 [DEBUG]  Tasks:0 Slots:0 Parallelism:0.5
2018-06-28 15:15:34 parsl.dataflow.strategy:175 [DEBUG]  Tasks:0 Slots:0 Parallelism:0.5
2018-06-28 15:15:36 parsl.dataflow.strategy:175 [DEBUG]  Tasks:0 Slots:0 Parallelism:0.5
2018-06-28 15:15:38 parsl.dataflow.strategy:175 [DEBUG]  Tasks:0 Slots:0 Parallelism:0.5
2018-06-28 15:15:38 parsl.dataflow.strategy:175 [DEBUG]  Tasks:0 Slots:0 Parallelism:0.5
2018-06-28 15:15:39 parsl.dataflow.strategy:175 [DEBUG]  Tasks:0 Slots:0 Parallelism:0.5
2018-06-28 15:15:43 parsl.dataflow.strategy:175 [DEBUG]  Tasks:0 Slots:0 Parallelism:0.5
2018-06-28 15:15:43 parsl.dataflow.strategy:175 [DEBUG]  Tasks:0 Slots:0 Parallelism:0.5
2018-06-28 15:15:43 parsl.dataflow.strategy:175 [DEBUG]  Tasks:0 Slots:0 Parallelism:0.5
2018-06-28 15:15:48 parsl.dataflow.strategy:175 [DEBUG]  Tasks:0 Slots:0 Parallelism:0.5
2018-06-28 15:15:48 parsl.dataflow.strategy:175 [DEBUG]  Tasks:0 Slots:0 Parallelism:0.5
2018-06-28 15:15:48 parsl.dataflow.strategy:175 [DEBUG]  Tasks:0 Slots:0 Parallelism:0.5
2018-06-28 15:15:53 parsl.dataflow.strategy:175 [DEBUG]  Tasks:0 Slots:0 Parallelism:0.5
2018-06-28 15:15:53 parsl.dataflow.strategy:175 [DEBUG]  Tasks:0 Slots:0 Parallelism:0.5
2018-06-28 15:15:53 parsl.dataflow.strategy:175 [DEBUG]  Tasks:0 Slots:0 Parallelism:0.5
2018-06-28 15:15:58 parsl.dataflow.strategy:175 [DEBUG]  Tasks:0 Slots:0 Parallelism:0.5
2018-06-28 15:15:58 parsl.dataflow.strategy:175 [DEBUG]  Tasks:0 Slots:0 Parallelism:0.5
2018-06-28 15:15:58 parsl.dataflow.strategy:175 [DEBUG]  Tasks:0 Slots:0 Parallelism:0.5
2018-06-28 15:16:03 parsl.dataflow.strategy:175 [DEBUG]  Tasks:0 Slots:0 Parallelism:0.5
2018-06-28 15:16:03 parsl.dataflow.strategy:175 [DEBUG]  Tasks:0 Slots:0 Parallelism:0.5
2018-06-28 15:16:03 parsl.dataflow.strategy:175 [DEBUG]  Tasks:0 Slots:0 Parallelism:0.5
2018-06-28 15:16:08 parsl.dataflow.strategy:175 [DEBUG]  Tasks:0 Slots:0 Parallelism:0.5
2018-06-28 15:16:08 parsl.dataflow.strategy:175 [DEBUG]  Tasks:0 Slots:0 Parallelism:0.5
2018-06-28 15:16:08 parsl.dataflow.strategy:175 [DEBUG]  Tasks:0 Slots:0 Parallelism:0.5
2018-06-28 15:16:14 parsl.dataflow.strategy:175 [DEBUG]  Tasks:0 Slots:0 Parallelism:0.5
2018-06-28 15:16:14 parsl.dataflow.strategy:175 [DEBUG]  Tasks:0 Slots:0 Parallelism:0.5
2018-06-28 15:16:15 parsl.dataflow.strategy:175 [DEBUG]  Tasks:0 Slots:0 Parallelism:0.5
2018-06-28 15:16:22 parsl.dataflow.strategy:175 [DEBUG]  Tasks:0 Slots:0 Parallelism:0.5
2018-06-28 15:16:22 parsl.dataflow.strategy:175 [DEBUG]  Tasks:0 Slots:0 Parallelism:0.5
2018-06-28 15:16:22 parsl.dataflow.strategy:175 [DEBUG]  Tasks:0 Slots:0 Parallelism:0.5
2018-06-28 15:16:25 parsl.dataflow.strategy:175 [DEBUG]  Tasks:0 Slots:0 Parallelism:0.5
2018-06-28 15:16:25 parsl.dataflow.strategy:175 [DEBUG]  Tasks:0 Slots:0 Parallelism:0.5
2018-06-28 15:16:25 parsl.dataflow.strategy:175 [DEBUG]  Tasks:0 Slots:0 Parallelism:0.5
2018-06-28 15:16:33 parsl.dataflow.strategy:175 [DEBUG]  Tasks:0 Slots:0 Parallelism:0.5
2018-06-28 15:16:33 parsl.dataflow.strategy:175 [DEBUG]  Tasks:0 Slots:0 Parallelism:0.5
2018-06-28 15:16:33 parsl.dataflow.strategy:175 [DEBUG]  Tasks:0 Slots:0 Parallelism:0.5
2018-06-28 15:16:35 parsl.dataflow.strategy:175 [DEBUG]  Tasks:0 Slots:0 Parallelism:0.5
2018-06-28 15:16:35 parsl.dataflow.strategy:175 [DEBUG]  Tasks:0 Slots:0 Parallelism:0.5
2018-06-28 15:16:36 parsl.dataflow.strategy:175 [DEBUG]  Tasks:0 Slots:0 Parallelism:0.5
2018-06-28 15:16:38 parsl.dataflow.strategy:175 [DEBUG]  Tasks:0 Slots:0 Parallelism:0.5
2018-06-28 15:16:38 parsl.dataflow.strategy:175 [DEBUG]  Tasks:0 Slots:0 Parallelism:0.5
2018-06-28 15:16:40 parsl.dataflow.strategy:175 [DEBUG]  Tasks:0 Slots:0 Parallelism:0.5
2018-06-28 15:16:43 parsl.dataflow.strategy:175 [DEBUG]  Tasks:0 Slots:0 Parallelism:0.5
2018-06-28 15:16:43 parsl.dataflow.strategy:175 [DEBUG]  Tasks:0 Slots:0 Parallelism:0.5
2018-06-28 15:16:44 parsl.dataflow.strategy:175 [DEBUG]  Tasks:0 Slots:0 Parallelism:0.5
2018-06-28 15:16:48 parsl.dataflow.strategy:175 [DEBUG]  Tasks:0 Slots:0 Parallelism:0.5
2018-06-28 15:16:48 parsl.dataflow.strategy:175 [DEBUG]  Tasks:0 Slots:0 Parallelism:0.5
2018-06-28 15:16:49 parsl.dataflow.strategy:175 [DEBUG]  Tasks:0 Slots:0 Parallelism:0.5
2018-06-28 15:16:53 parsl.dataflow.strategy:175 [DEBUG]  Tasks:0 Slots:0 Parallelism:0.5
2018-06-28 15:16:53 parsl.dataflow.strategy:175 [DEBUG]  Tasks:0 Slots:0 Parallelism:0.5
2018-06-28 15:16:54 parsl.dataflow.strategy:175 [DEBUG]  Tasks:0 Slots:0 Parallelism:0.5
2018-06-28 15:16:58 parsl.dataflow.strategy:175 [DEBUG]  Tasks:0 Slots:0 Parallelism:0.5
2018-06-28 15:16:58 parsl.dataflow.strategy:175 [DEBUG]  Tasks:0 Slots:0 Parallelism:0.5
2018-06-28 15:16:59 parsl.dataflow.strategy:175 [DEBUG]  Tasks:0 Slots:0 Parallelism:0.5
2018-06-28 15:17:03 parsl.dataflow.strategy:175 [DEBUG]  Tasks:0 Slots:0 Parallelism:0.5
2018-06-28 15:17:03 parsl.dataflow.strategy:175 [DEBUG]  Tasks:0 Slots:0 Parallelism:0.5
2018-06-28 15:17:04 parsl.dataflow.strategy:175 [DEBUG]  Tasks:0 Slots:0 Parallelism:0.5
2018-06-28 15:17:08 parsl.dataflow.strategy:175 [DEBUG]  Tasks:0 Slots:0 Parallelism:0.5
2018-06-28 15:17:08 parsl.dataflow.strategy:175 [DEBUG]  Tasks:0 Slots:0 Parallelism:0.5
2018-06-28 15:17:09 parsl.dataflow.strategy:175 [DEBUG]  Tasks:0 Slots:0 Parallelism:0.5
2018-06-28 15:17:14 parsl.dataflow.strategy:175 [DEBUG]  Tasks:0 Slots:0 Parallelism:0.5
2018-06-28 15:17:14 parsl.dataflow.strategy:175 [DEBUG]  Tasks:0 Slots:0 Parallelism:0.5
2018-06-28 15:17:15 parsl.dataflow.strategy:175 [DEBUG]  Tasks:0 Slots:0 Parallelism:0.5
2018-06-28 15:17:19 parsl.dataflow.strategy:175 [DEBUG]  Tasks:0 Slots:0 Parallelism:0.5
2018-06-28 15:17:19 parsl.dataflow.strategy:175 [DEBUG]  Tasks:0 Slots:0 Parallelism:0.5
2018-06-28 15:17:20 parsl.dataflow.strategy:175 [DEBUG]  Tasks:0 Slots:0 Parallelism:0.5
2018-06-28 15:17:25 parsl.dataflow.strategy:175 [DEBUG]  Tasks:0 Slots:0 Parallelism:0.5
2018-06-28 15:17:25 parsl.dataflow.strategy:175 [DEBUG]  Tasks:0 Slots:0 Parallelism:0.5
2018-06-28 15:17:25 parsl.dataflow.strategy:175 [DEBUG]  Tasks:0 Slots:0 Parallelism:0.5
2018-06-28 15:17:30 parsl.dataflow.strategy:175 [DEBUG]  Tasks:0 Slots:0 Parallelism:0.5
2018-06-28 15:17:30 parsl.dataflow.strategy:175 [DEBUG]  Tasks:0 Slots:0 Parallelism:0.5
2018-06-28 15:17:30 parsl.dataflow.strategy:175 [DEBUG]  Tasks:0 Slots:0 Parallelism:0.5
2018-06-28 15:17:35 parsl.dataflow.strategy:175 [DEBUG]  Tasks:0 Slots:0 Parallelism:0.5
2018-06-28 15:17:35 parsl.dataflow.strategy:175 [DEBUG]  Tasks:0 Slots:0 Parallelism:0.5
2018-06-28 15:17:35 parsl.dataflow.strategy:175 [DEBUG]  Tasks:0 Slots:0 Parallelism:0.5
2018-06-28 15:17:40 parsl.dataflow.strategy:175 [DEBUG]  Tasks:0 Slots:0 Parallelism:0.5
2018-06-28 15:17:40 parsl.dataflow.strategy:175 [DEBUG]  Tasks:0 Slots:0 Parallelism:0.5
2018-06-28 15:17:40 parsl.dataflow.strategy:175 [DEBUG]  Tasks:0 Slots:0 Parallelism:0.5
2018-06-28 15:17:43 parsl.dataflow.strategy:175 [DEBUG]  Tasks:0 Slots:0 Parallelism:0.5
2018-06-28 15:17:43 parsl.dataflow.strategy:175 [DEBUG]  Tasks:0 Slots:0 Parallelism:0.5
2018-06-28 15:17:44 parsl.dataflow.strategy:175 [DEBUG]  Tasks:0 Slots:0 Parallelism:0.5
2018-06-28 15:17:48 parsl.dataflow.strategy:175 [DEBUG]  Tasks:0 Slots:0 Parallelism:0.5
2018-06-28 15:17:48 parsl.dataflow.strategy:175 [DEBUG]  Tasks:0 Slots:0 Parallelism:0.5
2018-06-28 15:17:49 parsl.dataflow.strategy:175 [DEBUG]  Tasks:0 Slots:0 Parallelism:0.5
2018-06-28 15:17:53 parsl.dataflow.strategy:175 [DEBUG]  Tasks:0 Slots:0 Parallelism:0.5
2018-06-28 15:17:53 parsl.dataflow.strategy:175 [DEBUG]  Tasks:0 Slots:0 Parallelism:0.5
2018-06-28 15:17:54 parsl.dataflow.strategy:175 [DEBUG]  Tasks:0 Slots:0 Parallelism:0.5
2018-06-28 15:17:58 parsl.dataflow.strategy:175 [DEBUG]  Tasks:0 Slots:0 Parallelism:0.5
2018-06-28 15:17:58 parsl.dataflow.strategy:175 [DEBUG]  Tasks:0 Slots:0 Parallelism:0.5
2018-06-28 15:17:59 parsl.dataflow.strategy:175 [DEBUG]  Tasks:0 Slots:0 Parallelism:0.5
2018-06-28 15:18:03 parsl.dataflow.strategy:175 [DEBUG]  Tasks:0 Slots:0 Parallelism:0.5
2018-06-28 15:18:03 parsl.dataflow.strategy:175 [DEBUG]  Tasks:0 Slots:0 Parallelism:0.5
2018-06-28 15:18:04 parsl.dataflow.strategy:175 [DEBUG]  Tasks:0 Slots:0 Parallelism:0.5
2018-06-28 15:18:08 parsl.dataflow.strategy:175 [DEBUG]  Tasks:0 Slots:0 Parallelism:0.5
2018-06-28 15:18:08 parsl.dataflow.strategy:175 [DEBUG]  Tasks:0 Slots:0 Parallelism:0.5
2018-06-28 15:18:09 parsl.dataflow.strategy:175 [DEBUG]  Tasks:0 Slots:0 Parallelism:0.5
2018-06-28 15:18:14 parsl.dataflow.strategy:175 [DEBUG]  Tasks:0 Slots:0 Parallelism:0.5
2018-06-28 15:18:14 parsl.dataflow.strategy:175 [DEBUG]  Tasks:0 Slots:0 Parallelism:0.5
2018-06-28 15:18:15 parsl.dataflow.strategy:175 [DEBUG]  Tasks:0 Slots:0 Parallelism:0.5
2018-06-28 15:18:19 parsl.dataflow.strategy:175 [DEBUG]  Tasks:0 Slots:0 Parallelism:0.5
2018-06-28 15:18:19 parsl.dataflow.strategy:175 [DEBUG]  Tasks:0 Slots:0 Parallelism:0.5
2018-06-28 15:18:20 parsl.dataflow.strategy:175 [DEBUG]  Tasks:0 Slots:0 Parallelism:0.5
2018-06-28 15:18:25 parsl.dataflow.strategy:175 [DEBUG]  Tasks:0 Slots:0 Parallelism:0.5
2018-06-28 15:18:25 parsl.dataflow.strategy:175 [DEBUG]  Tasks:0 Slots:0 Parallelism:0.5
2018-06-28 15:18:25 parsl.dataflow.strategy:175 [DEBUG]  Tasks:0 Slots:0 Parallelism:0.5
2018-06-28 15:18:30 parsl.dataflow.strategy:175 [DEBUG]  Tasks:0 Slots:0 Parallelism:0.5
2018-06-28 15:18:30 parsl.dataflow.strategy:175 [DEBUG]  Tasks:0 Slots:0 Parallelism:0.5
2018-06-28 15:18:30 parsl.dataflow.strategy:175 [DEBUG]  Tasks:0 Slots:0 Parallelism:0.5
2018-06-28 15:18:38 parsl.dataflow.strategy:175 [DEBUG]  Tasks:0 Slots:0 Parallelism:0.5
2018-06-28 15:18:38 parsl.dataflow.strategy:175 [DEBUG]  Tasks:0 Slots:0 Parallelism:0.5
2018-06-28 15:18:38 parsl.dataflow.strategy:175 [DEBUG]  Tasks:0 Slots:0 Parallelism:0.5
2018-06-28 15:18:40 parsl.dataflow.strategy:175 [DEBUG]  Tasks:0 Slots:0 Parallelism:0.5
2018-06-28 15:18:40 parsl.dataflow.strategy:175 [DEBUG]  Tasks:0 Slots:0 Parallelism:0.5
2018-06-28 15:18:40 parsl.dataflow.strategy:175 [DEBUG]  Tasks:0 Slots:0 Parallelism:0.5
2018-06-28 15:18:43 parsl.dataflow.strategy:175 [DEBUG]  Tasks:0 Slots:0 Parallelism:0.5
2018-06-28 15:18:43 parsl.dataflow.strategy:175 [DEBUG]  Tasks:0 Slots:0 Parallelism:0.5
2018-06-28 15:18:44 parsl.dataflow.strategy:175 [DEBUG]  Tasks:0 Slots:0 Parallelism:0.5
2018-06-28 15:18:48 parsl.dataflow.strategy:175 [DEBUG]  Tasks:0 Slots:0 Parallelism:0.5
2018-06-28 15:18:48 parsl.dataflow.strategy:175 [DEBUG]  Tasks:0 Slots:0 Parallelism:0.5
2018-06-28 15:18:49 parsl.dataflow.strategy:175 [DEBUG]  Tasks:0 Slots:0 Parallelism:0.5
