2018-07-23 10:48:45.755 [IPControllerApp] Created profile dir: '/scratch/midway2/madduru/parsl/parsl/tests/integration/test_stress/runinfo/1284/profile_midway_ipp'
2018-07-23 10:48:45.772 [IPControllerApp] Hub listening on tcp://*:40115 for registration.
2018-07-23 10:48:45.774 [IPControllerApp] Hub using DB backend: 'DictDB'
2018-07-23 10:48:46.037 [IPControllerApp] hub::created hub
2018-07-23 10:48:46.037 [IPControllerApp] writing connection info to /scratch/midway2/madduru/parsl/parsl/tests/integration/test_stress/runinfo/1284/profile_midway_ipp/security/ipcontroller-client.json
2018-07-23 10:48:46.038 [IPControllerApp] writing connection info to /scratch/midway2/madduru/parsl/parsl/tests/integration/test_stress/runinfo/1284/profile_midway_ipp/security/ipcontroller-engine.json
2018-07-23 10:48:46.039 [IPControllerApp] task::using Python leastload Task scheduler
2018-07-23 10:48:46.039 [IPControllerApp] Heartmonitor started
2018-07-23 10:48:46.048 [IPControllerApp] Creating pid file: /scratch/midway2/madduru/parsl/parsl/tests/integration/test_stress/runinfo/1284/profile_midway_ipp/pid/ipcontroller.pid
2018-07-23 10:48:46.056 [scheduler] Scheduler started [leastload]
2018-07-23 10:48:46.058 [IPControllerApp] client::client b'\x00k\x8bEg' requested 'connection_request'
2018-07-23 10:48:46.059 [IPControllerApp] client::client [b'\x00k\x8bEg'] connected
2018-07-23 10:48:46.958 [IPControllerApp] client::client b'\x00k\x8bEh' requested 'connection_request'
2018-07-23 10:48:46.958 [IPControllerApp] client::client [b'\x00k\x8bEh'] connected
2018-07-23 10:49:20.731 [IPControllerApp] client::client b'a11f4362-2031d846e3979317354f7c01' requested 'registration_request'
2018-07-23 10:49:20.733 [IPControllerApp] client::client b'090b5411-eb44d3f7f89ac5de48b2d108' requested 'registration_request'
2018-07-23 10:49:20.734 [IPControllerApp] client::client b'4b5047ca-e45d02862b1fc8a273e44b53' requested 'registration_request'
2018-07-23 10:49:20.735 [IPControllerApp] client::client b'28ced368-b9d72e0febb6b79371a9b824' requested 'registration_request'
2018-07-23 10:49:20.736 [IPControllerApp] client::client b'70681fde-84457864c34a983631f5075c' requested 'registration_request'
2018-07-23 10:49:20.737 [IPControllerApp] client::client b'2866d4de-8310172e5fe8080c0f12acc0' requested 'registration_request'
2018-07-23 10:49:20.738 [IPControllerApp] client::client b'a0256636-3466c5248680d4bccdb8a80d' requested 'registration_request'
2018-07-23 10:49:20.739 [IPControllerApp] client::client b'ff8d1e1d-6c3c70e639d471a5bf8576bc' requested 'registration_request'
2018-07-23 10:49:20.739 [IPControllerApp] client::client b'24abeb27-a68c12c4b6127759e6a011f0' requested 'registration_request'
2018-07-23 10:49:20.740 [IPControllerApp] client::client b'8c347ed2-b2f4932700ac3155069a63d0' requested 'registration_request'
2018-07-23 10:49:20.741 [IPControllerApp] client::client b'afa1bea4-a96898912af6e0ad1aec4fde' requested 'registration_request'
2018-07-23 10:49:20.742 [IPControllerApp] client::client b'88b2465f-2bc8d138f2be9b8b66042422' requested 'registration_request'
2018-07-23 10:49:20.743 [IPControllerApp] client::client b'3ed68fca-016fd53f86a687db0d37cb8e' requested 'registration_request'
2018-07-23 10:49:20.744 [IPControllerApp] client::client b'93f88f3c-6ed2d755a2d0b21a88cd55b9' requested 'registration_request'
2018-07-23 10:49:20.745 [IPControllerApp] client::client b'cc5dda09-e8ae7614ac3d5d1206014082' requested 'registration_request'
2018-07-23 10:49:20.746 [IPControllerApp] client::client b'89b09ec6-e0421fcb46cfcc9702a1229e' requested 'registration_request'
2018-07-23 10:49:20.746 [IPControllerApp] client::client b'b4b46cf4-107683fc9c1d80668c52e5b2' requested 'registration_request'
2018-07-23 10:49:20.747 [IPControllerApp] client::client b'085c805c-87753df8c46cddb8830ebe9f' requested 'registration_request'
2018-07-23 10:49:20.761 [IPControllerApp] client::client b'bc6d9f9a-898c6a896eb94212089f8ed8' requested 'registration_request'
2018-07-23 10:49:20.765 [IPControllerApp] client::client b'2655287c-bb472cea088125893e357f48' requested 'registration_request'
2018-07-23 10:49:20.766 [IPControllerApp] client::client b'6c8ff9c2-f9f54cb4326d6b7b25f2a6ff' requested 'registration_request'
2018-07-23 10:49:20.767 [IPControllerApp] client::client b'51c43f82-58b4a6573acee563dd65f3db' requested 'registration_request'
2018-07-23 10:49:20.768 [IPControllerApp] client::client b'0b0e938b-952f636e0423b27ac7945642' requested 'registration_request'
2018-07-23 10:49:20.769 [IPControllerApp] client::client b'eee04432-c975bb1ab1a4f7e18df09710' requested 'registration_request'
2018-07-23 10:49:20.770 [IPControllerApp] client::client b'6e744ad7-a71de928f628677d5238de41' requested 'registration_request'
2018-07-23 10:49:20.771 [IPControllerApp] client::client b'81718bff-b6e0f2381d9083be7cb74b0e' requested 'registration_request'
2018-07-23 10:49:20.772 [IPControllerApp] client::client b'87be28ec-a3a4eab7b5f55cf60aca0fee' requested 'registration_request'
2018-07-23 10:49:20.772 [IPControllerApp] client::client b'e43b9c41-750f8c5aac6e50221434108d' requested 'registration_request'
2018-07-23 10:49:20.773 [IPControllerApp] client::client b'38d561df-71ff73d9b07f24319f98009e' requested 'registration_request'
2018-07-23 10:49:20.774 [IPControllerApp] client::client b'a84d5c37-8cde2c177294975f8adb00de' requested 'registration_request'
2018-07-23 10:49:20.785 [IPControllerApp] client::client b'86fef12b-8f04189ca5a37889a3783244' requested 'registration_request'
2018-07-23 10:49:20.788 [IPControllerApp] client::client b'eeca678e-537ec8a9f1aeafb8f2c46cf9' requested 'registration_request'
2018-07-23 10:49:25.043 [IPControllerApp] registration::finished registering engine 20:6c8ff9c2-f9f54cb4326d6b7b25f2a6ff
2018-07-23 10:49:25.043 [IPControllerApp] engine::Engine Connected: 20
2018-07-23 10:49:25.045 [IPControllerApp] registration::finished registering engine 13:93f88f3c-6ed2d755a2d0b21a88cd55b9
2018-07-23 10:49:25.045 [IPControllerApp] engine::Engine Connected: 13
2018-07-23 10:49:25.045 [IPControllerApp] registration::finished registering engine 5:2866d4de-8310172e5fe8080c0f12acc0
2018-07-23 10:49:25.045 [IPControllerApp] engine::Engine Connected: 5
2018-07-23 10:49:25.046 [IPControllerApp] registration::finished registering engine 30:86fef12b-8f04189ca5a37889a3783244
2018-07-23 10:49:25.046 [IPControllerApp] engine::Engine Connected: 30
2018-07-23 10:49:25.046 [IPControllerApp] registration::finished registering engine 24:6e744ad7-a71de928f628677d5238de41
2018-07-23 10:49:25.046 [IPControllerApp] engine::Engine Connected: 24
2018-07-23 10:49:25.047 [IPControllerApp] registration::finished registering engine 19:2655287c-bb472cea088125893e357f48
2018-07-23 10:49:25.047 [IPControllerApp] engine::Engine Connected: 19
2018-07-23 10:49:25.047 [IPControllerApp] registration::finished registering engine 27:e43b9c41-750f8c5aac6e50221434108d
2018-07-23 10:49:25.048 [IPControllerApp] engine::Engine Connected: 27
2018-07-23 10:49:25.048 [IPControllerApp] registration::finished registering engine 10:afa1bea4-a96898912af6e0ad1aec4fde
2018-07-23 10:49:25.048 [IPControllerApp] engine::Engine Connected: 10
2018-07-23 10:49:25.049 [IPControllerApp] registration::finished registering engine 11:88b2465f-2bc8d138f2be9b8b66042422
2018-07-23 10:49:25.049 [IPControllerApp] engine::Engine Connected: 11
2018-07-23 10:49:25.049 [IPControllerApp] registration::finished registering engine 2:4b5047ca-e45d02862b1fc8a273e44b53
2018-07-23 10:49:25.049 [IPControllerApp] engine::Engine Connected: 2
2018-07-23 10:49:25.050 [IPControllerApp] registration::finished registering engine 12:3ed68fca-016fd53f86a687db0d37cb8e
2018-07-23 10:49:25.050 [IPControllerApp] engine::Engine Connected: 12
2018-07-23 10:49:25.050 [IPControllerApp] registration::finished registering engine 4:70681fde-84457864c34a983631f5075c
2018-07-23 10:49:25.051 [IPControllerApp] engine::Engine Connected: 4
2018-07-23 10:49:25.051 [IPControllerApp] registration::finished registering engine 26:87be28ec-a3a4eab7b5f55cf60aca0fee
2018-07-23 10:49:25.051 [IPControllerApp] engine::Engine Connected: 26
2018-07-23 10:49:25.052 [IPControllerApp] registration::finished registering engine 29:a84d5c37-8cde2c177294975f8adb00de
2018-07-23 10:49:25.052 [IPControllerApp] engine::Engine Connected: 29
2018-07-23 10:49:25.052 [IPControllerApp] registration::finished registering engine 25:81718bff-b6e0f2381d9083be7cb74b0e
2018-07-23 10:49:25.052 [IPControllerApp] engine::Engine Connected: 25
2018-07-23 10:49:25.053 [IPControllerApp] registration::finished registering engine 1:090b5411-eb44d3f7f89ac5de48b2d108
2018-07-23 10:49:25.053 [IPControllerApp] engine::Engine Connected: 1
2018-07-23 10:49:25.053 [IPControllerApp] registration::finished registering engine 23:eee04432-c975bb1ab1a4f7e18df09710
2018-07-23 10:49:25.054 [IPControllerApp] engine::Engine Connected: 23
2018-07-23 10:49:25.054 [IPControllerApp] registration::finished registering engine 18:bc6d9f9a-898c6a896eb94212089f8ed8
2018-07-23 10:49:25.054 [IPControllerApp] engine::Engine Connected: 18
2018-07-23 10:49:25.054 [IPControllerApp] registration::finished registering engine 14:cc5dda09-e8ae7614ac3d5d1206014082
2018-07-23 10:49:25.055 [IPControllerApp] engine::Engine Connected: 14
2018-07-23 10:49:25.055 [IPControllerApp] registration::finished registering engine 22:0b0e938b-952f636e0423b27ac7945642
2018-07-23 10:49:25.055 [IPControllerApp] engine::Engine Connected: 22
2018-07-23 10:49:25.056 [IPControllerApp] registration::finished registering engine 7:ff8d1e1d-6c3c70e639d471a5bf8576bc
2018-07-23 10:49:25.056 [IPControllerApp] engine::Engine Connected: 7
2018-07-23 10:49:25.056 [IPControllerApp] registration::finished registering engine 8:24abeb27-a68c12c4b6127759e6a011f0
2018-07-23 10:49:25.057 [IPControllerApp] engine::Engine Connected: 8
2018-07-23 10:49:25.057 [IPControllerApp] registration::finished registering engine 0:a11f4362-2031d846e3979317354f7c01
2018-07-23 10:49:25.057 [IPControllerApp] engine::Engine Connected: 0
2018-07-23 10:49:25.058 [IPControllerApp] registration::finished registering engine 6:a0256636-3466c5248680d4bccdb8a80d
2018-07-23 10:49:25.058 [IPControllerApp] engine::Engine Connected: 6
2018-07-23 10:49:25.059 [IPControllerApp] registration::finished registering engine 9:8c347ed2-b2f4932700ac3155069a63d0
2018-07-23 10:49:25.059 [IPControllerApp] engine::Engine Connected: 9
2018-07-23 10:49:25.059 [IPControllerApp] registration::finished registering engine 15:89b09ec6-e0421fcb46cfcc9702a1229e
2018-07-23 10:49:25.060 [IPControllerApp] engine::Engine Connected: 15
2018-07-23 10:49:25.060 [IPControllerApp] registration::finished registering engine 21:51c43f82-58b4a6573acee563dd65f3db
2018-07-23 10:49:25.061 [IPControllerApp] engine::Engine Connected: 21
2018-07-23 10:49:25.061 [IPControllerApp] registration::finished registering engine 31:eeca678e-537ec8a9f1aeafb8f2c46cf9
2018-07-23 10:49:25.061 [IPControllerApp] engine::Engine Connected: 31
2018-07-23 10:49:25.062 [IPControllerApp] registration::finished registering engine 17:085c805c-87753df8c46cddb8830ebe9f
2018-07-23 10:49:25.062 [IPControllerApp] engine::Engine Connected: 17
2018-07-23 10:49:25.062 [IPControllerApp] registration::finished registering engine 3:28ced368-b9d72e0febb6b79371a9b824
2018-07-23 10:49:25.063 [IPControllerApp] engine::Engine Connected: 3
2018-07-23 10:49:25.063 [IPControllerApp] registration::finished registering engine 28:38d561df-71ff73d9b07f24319f98009e
2018-07-23 10:49:25.063 [IPControllerApp] engine::Engine Connected: 28
2018-07-23 10:49:25.064 [IPControllerApp] registration::finished registering engine 16:b4b46cf4-107683fc9c1d80668c52e5b2
2018-07-23 10:49:25.064 [IPControllerApp] engine::Engine Connected: 16
2018-07-23 10:54:19.043 [IPControllerApp] heartbeat::missed b'6c8ff9c2-f9f54cb4326d6b7b25f2a6ff' : 1
2018-07-23 10:54:19.054 [IPControllerApp] heartbeat::missed b'93f88f3c-6ed2d755a2d0b21a88cd55b9' : 1
2018-07-23 10:54:19.054 [IPControllerApp] heartbeat::missed b'86fef12b-8f04189ca5a37889a3783244' : 1
2018-07-23 10:54:19.054 [IPControllerApp] heartbeat::missed b'6e744ad7-a71de928f628677d5238de41' : 1
2018-07-23 10:54:19.055 [IPControllerApp] heartbeat::missed b'2655287c-bb472cea088125893e357f48' : 1
2018-07-23 10:54:19.055 [IPControllerApp] heartbeat::missed b'e43b9c41-750f8c5aac6e50221434108d' : 1
2018-07-23 10:54:19.055 [IPControllerApp] heartbeat::missed b'afa1bea4-a96898912af6e0ad1aec4fde' : 1
2018-07-23 10:54:19.055 [IPControllerApp] heartbeat::missed b'88b2465f-2bc8d138f2be9b8b66042422' : 1
2018-07-23 10:54:19.055 [IPControllerApp] heartbeat::missed b'4b5047ca-e45d02862b1fc8a273e44b53' : 1
2018-07-23 10:54:19.055 [IPControllerApp] heartbeat::missed b'3ed68fca-016fd53f86a687db0d37cb8e' : 1
2018-07-23 10:54:19.055 [IPControllerApp] heartbeat::missed b'70681fde-84457864c34a983631f5075c' : 1
2018-07-23 10:54:19.055 [IPControllerApp] heartbeat::missed b'87be28ec-a3a4eab7b5f55cf60aca0fee' : 1
2018-07-23 10:54:19.055 [IPControllerApp] heartbeat::missed b'28ced368-b9d72e0febb6b79371a9b824' : 1
2018-07-23 10:54:19.056 [IPControllerApp] heartbeat::missed b'a84d5c37-8cde2c177294975f8adb00de' : 1
2018-07-23 10:54:19.056 [IPControllerApp] heartbeat::missed b'81718bff-b6e0f2381d9083be7cb74b0e' : 1
2018-07-23 10:54:19.056 [IPControllerApp] heartbeat::missed b'090b5411-eb44d3f7f89ac5de48b2d108' : 1
2018-07-23 10:54:19.056 [IPControllerApp] heartbeat::missed b'eee04432-c975bb1ab1a4f7e18df09710' : 1
2018-07-23 10:54:19.056 [IPControllerApp] heartbeat::missed b'bc6d9f9a-898c6a896eb94212089f8ed8' : 1
2018-07-23 10:54:19.056 [IPControllerApp] heartbeat::missed b'cc5dda09-e8ae7614ac3d5d1206014082' : 1
2018-07-23 10:54:19.056 [IPControllerApp] heartbeat::missed b'0b0e938b-952f636e0423b27ac7945642' : 1
2018-07-23 10:54:19.056 [IPControllerApp] heartbeat::missed b'38d561df-71ff73d9b07f24319f98009e' : 1
2018-07-23 10:54:19.056 [IPControllerApp] heartbeat::missed b'ff8d1e1d-6c3c70e639d471a5bf8576bc' : 1
2018-07-23 10:54:19.056 [IPControllerApp] heartbeat::missed b'24abeb27-a68c12c4b6127759e6a011f0' : 1
2018-07-23 10:54:19.056 [IPControllerApp] heartbeat::missed b'a0256636-3466c5248680d4bccdb8a80d' : 1
2018-07-23 10:54:19.056 [IPControllerApp] heartbeat::missed b'8c347ed2-b2f4932700ac3155069a63d0' : 1
2018-07-23 10:54:19.056 [IPControllerApp] heartbeat::missed b'89b09ec6-e0421fcb46cfcc9702a1229e' : 1
2018-07-23 10:54:19.056 [IPControllerApp] heartbeat::missed b'51c43f82-58b4a6573acee563dd65f3db' : 1
2018-07-23 10:54:19.056 [IPControllerApp] heartbeat::missed b'eeca678e-537ec8a9f1aeafb8f2c46cf9' : 1
2018-07-23 10:54:19.057 [IPControllerApp] heartbeat::missed b'085c805c-87753df8c46cddb8830ebe9f' : 1
2018-07-23 10:54:19.057 [IPControllerApp] heartbeat::missed b'a11f4362-2031d846e3979317354f7c01' : 1
2018-07-23 10:54:19.057 [IPControllerApp] heartbeat::missed b'2866d4de-8310172e5fe8080c0f12acc0' : 1
2018-07-23 10:54:19.057 [IPControllerApp] heartbeat::missed b'b4b46cf4-107683fc9c1d80668c52e5b2' : 1
2018-07-23 10:54:21.946 [IPControllerApp] CRITICAL | Received signal 15, shutting down
2018-07-23 10:54:21.947 [IPControllerApp] CRITICAL | terminating children...
