2018-07-11 12:17:33.862 [IPControllerApp] Created profile dir: '/scratch/midway2/madduru/parsl/parsl/tests/integration/test_stress/runinfo/918/profile_midway_ipp'
2018-07-11 12:17:33.879 [IPControllerApp] Hub listening on tcp://*:36071 for registration.
2018-07-11 12:17:33.881 [IPControllerApp] Hub using DB backend: 'DictDB'
2018-07-11 12:17:34.142 [IPControllerApp] hub::created hub
2018-07-11 12:17:34.142 [IPControllerApp] writing connection info to /scratch/midway2/madduru/parsl/parsl/tests/integration/test_stress/runinfo/918/profile_midway_ipp/security/ipcontroller-client.json
2018-07-11 12:17:34.144 [IPControllerApp] writing connection info to /scratch/midway2/madduru/parsl/parsl/tests/integration/test_stress/runinfo/918/profile_midway_ipp/security/ipcontroller-engine.json
2018-07-11 12:17:34.145 [IPControllerApp] task::using Python leastload Task scheduler
2018-07-11 12:17:34.145 [IPControllerApp] Heartmonitor started
2018-07-11 12:17:34.154 [IPControllerApp] Creating pid file: /scratch/midway2/madduru/parsl/parsl/tests/integration/test_stress/runinfo/918/profile_midway_ipp/pid/ipcontroller.pid
2018-07-11 12:17:34.163 [scheduler] Scheduler started [leastload]
2018-07-11 12:17:34.165 [IPControllerApp] client::client b'\x00k\x8bEg' requested 'connection_request'
2018-07-11 12:17:34.165 [IPControllerApp] client::client [b'\x00k\x8bEg'] connected
2018-07-11 12:17:35.242 [IPControllerApp] client::client b'\x00k\x8bEh' requested 'connection_request'
2018-07-11 12:17:35.242 [IPControllerApp] client::client [b'\x00k\x8bEh'] connected
2018-07-11 12:17:51.709 [IPControllerApp] client::client b'5bd5335c-071a51ee3298d43ab5b1e557' requested 'registration_request'
2018-07-11 12:17:55.147 [IPControllerApp] registration::finished registering engine 0:5bd5335c-071a51ee3298d43ab5b1e557
2018-07-11 12:17:55.147 [IPControllerApp] engine::Engine Connected: 0
2018-07-11 12:17:55.151 [IPControllerApp] task::task 'b57cbca0-ff17194ed371957fd13b4c08' arrived on 0
2018-07-11 12:17:57.360 [IPControllerApp] task::task 'f9134fb2-eaee6b4c681483895582369e' arrived on 0
2018-07-11 12:17:57.361 [IPControllerApp] task::task 'b57cbca0-ff17194ed371957fd13b4c08' finished on 0
2018-07-11 12:17:58.365 [IPControllerApp] task::task 'c32f1bce-589c00f6ab541fd6c9551d35' arrived on 0
2018-07-11 12:17:58.366 [IPControllerApp] task::task 'f9134fb2-eaee6b4c681483895582369e' finished on 0
2018-07-11 12:17:59.371 [IPControllerApp] task::task '2cddd144-76d37a1026e72cae22341c96' arrived on 0
2018-07-11 12:17:59.372 [IPControllerApp] task::task 'c32f1bce-589c00f6ab541fd6c9551d35' finished on 0
2018-07-11 12:18:00.376 [IPControllerApp] task::task '795bbdcf-4559d52c6c79120ebc50f4ea' arrived on 0
2018-07-11 12:18:00.377 [IPControllerApp] task::task '2cddd144-76d37a1026e72cae22341c96' finished on 0
2018-07-11 12:18:01.383 [IPControllerApp] task::task '20c24e5e-8ef1fb8cd986997806bb8634' arrived on 0
2018-07-11 12:18:01.383 [IPControllerApp] task::task '795bbdcf-4559d52c6c79120ebc50f4ea' finished on 0
2018-07-11 12:18:02.388 [IPControllerApp] task::task 'cf5f7852-9f78ef02188e96547c1fd0a3' arrived on 0
2018-07-11 12:18:02.389 [IPControllerApp] task::task '20c24e5e-8ef1fb8cd986997806bb8634' finished on 0
2018-07-11 12:18:03.394 [IPControllerApp] task::task '6d740c71-0a41ba61cacf110dca12b481' arrived on 0
2018-07-11 12:18:03.394 [IPControllerApp] task::task 'cf5f7852-9f78ef02188e96547c1fd0a3' finished on 0
2018-07-11 12:18:04.400 [IPControllerApp] task::task 'd5f9051c-0b93005d8b0b5f8ea21d7b98' arrived on 0
2018-07-11 12:18:04.401 [IPControllerApp] task::task '6d740c71-0a41ba61cacf110dca12b481' finished on 0
2018-07-11 12:18:05.405 [IPControllerApp] task::task '3b78dd7f-b0aba535062c0d6fb83304fa' arrived on 0
2018-07-11 12:18:05.406 [IPControllerApp] task::task 'd5f9051c-0b93005d8b0b5f8ea21d7b98' finished on 0
2018-07-11 12:18:06.410 [IPControllerApp] task::task 'b152272f-501c13fa0cf47628897b057b' arrived on 0
2018-07-11 12:18:06.411 [IPControllerApp] task::task '3b78dd7f-b0aba535062c0d6fb83304fa' finished on 0
2018-07-11 12:18:07.416 [IPControllerApp] task::task '804d2c9c-bc0996f6384c6fbc20db606a' arrived on 0
2018-07-11 12:18:07.418 [IPControllerApp] task::task 'b152272f-501c13fa0cf47628897b057b' finished on 0
2018-07-11 12:18:08.422 [IPControllerApp] task::task '753a7f2e-6dd89f0126dc045f49ab63f2' arrived on 0
2018-07-11 12:18:08.423 [IPControllerApp] task::task '804d2c9c-bc0996f6384c6fbc20db606a' finished on 0
2018-07-11 12:18:09.427 [IPControllerApp] task::task '781570fd-d72ced797150393914318d1a' arrived on 0
2018-07-11 12:18:09.428 [IPControllerApp] task::task '753a7f2e-6dd89f0126dc045f49ab63f2' finished on 0
2018-07-11 12:18:10.433 [IPControllerApp] task::task '71e056b0-617c25c9cecef264b8d49070' arrived on 0
2018-07-11 12:18:10.434 [IPControllerApp] task::task '781570fd-d72ced797150393914318d1a' finished on 0
2018-07-11 12:18:11.438 [IPControllerApp] task::task 'b685edcf-7e96441558c100da50c47021' arrived on 0
2018-07-11 12:18:11.439 [IPControllerApp] task::task '71e056b0-617c25c9cecef264b8d49070' finished on 0
2018-07-11 12:18:12.444 [IPControllerApp] task::task '067a6120-5cb65e5a07757384880b44ca' arrived on 0
2018-07-11 12:18:12.445 [IPControllerApp] task::task 'b685edcf-7e96441558c100da50c47021' finished on 0
2018-07-11 12:18:13.450 [IPControllerApp] task::task 'cfc7629e-cbf7575652fe90b1b1a2835d' arrived on 0
2018-07-11 12:18:13.451 [IPControllerApp] task::task '067a6120-5cb65e5a07757384880b44ca' finished on 0
2018-07-11 12:18:14.456 [IPControllerApp] task::task '39e8e66e-ae2081ede83b66763e5def28' arrived on 0
2018-07-11 12:18:14.457 [IPControllerApp] task::task 'cfc7629e-cbf7575652fe90b1b1a2835d' finished on 0
2018-07-11 12:18:15.462 [IPControllerApp] task::task '057f1a98-bf944f9ee922dac308137e24' arrived on 0
2018-07-11 12:18:15.463 [IPControllerApp] task::task '39e8e66e-ae2081ede83b66763e5def28' finished on 0
2018-07-11 12:18:16.468 [IPControllerApp] task::task '7c4d98e4-e2667faf8a9664833339c9b3' arrived on 0
2018-07-11 12:18:16.469 [IPControllerApp] task::task '057f1a98-bf944f9ee922dac308137e24' finished on 0
2018-07-11 12:18:17.474 [IPControllerApp] task::task 'ebb2ab3e-5b300b78b2e924d0100f0a23' arrived on 0
2018-07-11 12:18:17.475 [IPControllerApp] task::task '7c4d98e4-e2667faf8a9664833339c9b3' finished on 0
2018-07-11 12:18:18.480 [IPControllerApp] task::task 'cd89f51b-69eb475751b9ebaab296f680' arrived on 0
2018-07-11 12:18:18.480 [IPControllerApp] task::task 'ebb2ab3e-5b300b78b2e924d0100f0a23' finished on 0
2018-07-11 12:18:19.485 [IPControllerApp] task::task '29f24dac-bb056d6c957045d00522ef0b' arrived on 0
2018-07-11 12:18:19.486 [IPControllerApp] task::task 'cd89f51b-69eb475751b9ebaab296f680' finished on 0
2018-07-11 12:18:20.491 [IPControllerApp] task::task '98d650d8-c6089e6053ac55a3e1d60704' arrived on 0
2018-07-11 12:18:20.491 [IPControllerApp] task::task '29f24dac-bb056d6c957045d00522ef0b' finished on 0
2018-07-11 12:18:21.496 [IPControllerApp] task::task '8eeb4137-6fafbca267be8db1751d6983' arrived on 0
2018-07-11 12:18:21.497 [IPControllerApp] task::task '98d650d8-c6089e6053ac55a3e1d60704' finished on 0
2018-07-11 12:18:22.502 [IPControllerApp] task::task '87ae6947-fb8a69f43b446de61fc7bc43' arrived on 0
2018-07-11 12:18:22.503 [IPControllerApp] task::task '8eeb4137-6fafbca267be8db1751d6983' finished on 0
2018-07-11 12:18:23.507 [IPControllerApp] task::task '9be025a5-5437a6fe405ec2c005b9c2d3' arrived on 0
2018-07-11 12:18:23.508 [IPControllerApp] task::task '87ae6947-fb8a69f43b446de61fc7bc43' finished on 0
2018-07-11 12:18:24.513 [IPControllerApp] task::task 'c6ee315e-6417c4104bf6c5e6d7d2b21c' arrived on 0
2018-07-11 12:18:24.513 [IPControllerApp] task::task '9be025a5-5437a6fe405ec2c005b9c2d3' finished on 0
2018-07-11 12:18:25.518 [IPControllerApp] task::task '3da7d229-21fabcfbf325064e838cada9' arrived on 0
2018-07-11 12:18:25.519 [IPControllerApp] task::task 'c6ee315e-6417c4104bf6c5e6d7d2b21c' finished on 0
2018-07-11 12:18:26.524 [IPControllerApp] task::task 'e08fc81a-1bea5864c59eb2413d1d707e' arrived on 0
2018-07-11 12:18:26.524 [IPControllerApp] task::task '3da7d229-21fabcfbf325064e838cada9' finished on 0
2018-07-11 12:18:27.529 [IPControllerApp] task::task '291036ea-5b7fea154a2a5a034a6499a0' arrived on 0
2018-07-11 12:18:27.530 [IPControllerApp] task::task 'e08fc81a-1bea5864c59eb2413d1d707e' finished on 0
2018-07-11 12:18:28.535 [IPControllerApp] task::task 'd6535dd2-e32052314b9fee079269477f' arrived on 0
2018-07-11 12:18:28.536 [IPControllerApp] task::task '291036ea-5b7fea154a2a5a034a6499a0' finished on 0
2018-07-11 12:18:29.540 [IPControllerApp] task::task '8f1c69b1-0d4a9ef78b800249faefa884' arrived on 0
2018-07-11 12:18:29.541 [IPControllerApp] task::task 'd6535dd2-e32052314b9fee079269477f' finished on 0
2018-07-11 12:18:30.546 [IPControllerApp] task::task '0e8f7426-00d10e853855faaeab9ada1b' arrived on 0
2018-07-11 12:18:30.547 [IPControllerApp] task::task '8f1c69b1-0d4a9ef78b800249faefa884' finished on 0
2018-07-11 12:18:31.551 [IPControllerApp] task::task 'ef11bec8-c5f8392330b20ce4f553c1d7' arrived on 0
2018-07-11 12:18:31.552 [IPControllerApp] task::task '0e8f7426-00d10e853855faaeab9ada1b' finished on 0
2018-07-11 12:18:32.557 [IPControllerApp] task::task 'c154958b-c4fe5a9a8844b64f254b382c' arrived on 0
2018-07-11 12:18:32.557 [IPControllerApp] task::task 'ef11bec8-c5f8392330b20ce4f553c1d7' finished on 0
2018-07-11 12:18:33.562 [IPControllerApp] task::task 'd5a1a848-735a48e46f70c92064e4eed4' arrived on 0
2018-07-11 12:18:33.563 [IPControllerApp] task::task 'c154958b-c4fe5a9a8844b64f254b382c' finished on 0
2018-07-11 12:18:34.567 [IPControllerApp] task::task '7df2d752-1e37299dca22d9a839a14325' arrived on 0
2018-07-11 12:18:34.568 [IPControllerApp] task::task 'd5a1a848-735a48e46f70c92064e4eed4' finished on 0
2018-07-11 12:18:35.573 [IPControllerApp] task::task 'bbe7947b-97b5054d6577f167365822e7' arrived on 0
2018-07-11 12:18:35.574 [IPControllerApp] task::task '7df2d752-1e37299dca22d9a839a14325' finished on 0
2018-07-11 12:18:36.578 [IPControllerApp] task::task '7a193a38-24ac2b6d31a7ebf5e90d4a92' arrived on 0
2018-07-11 12:18:36.579 [IPControllerApp] task::task 'bbe7947b-97b5054d6577f167365822e7' finished on 0
2018-07-11 12:18:37.584 [IPControllerApp] task::task '4b690f87-27ae1dfc9c6c9d1621754078' arrived on 0
2018-07-11 12:18:37.584 [IPControllerApp] task::task '7a193a38-24ac2b6d31a7ebf5e90d4a92' finished on 0
2018-07-11 12:18:38.589 [IPControllerApp] task::task 'bf30f027-4b93675013dd3113b5b56ec5' arrived on 0
2018-07-11 12:18:38.590 [IPControllerApp] task::task '4b690f87-27ae1dfc9c6c9d1621754078' finished on 0
2018-07-11 12:18:39.595 [IPControllerApp] task::task '38376b37-9bbf0a97606cc95e1d7b1b36' arrived on 0
2018-07-11 12:18:39.595 [IPControllerApp] task::task 'bf30f027-4b93675013dd3113b5b56ec5' finished on 0
2018-07-11 12:18:40.600 [IPControllerApp] task::task '0ca95a01-b5dc94abfff2278f9de84958' arrived on 0
2018-07-11 12:18:40.601 [IPControllerApp] task::task '38376b37-9bbf0a97606cc95e1d7b1b36' finished on 0
2018-07-11 12:18:41.605 [IPControllerApp] task::task 'f029faf7-e3bb4470098b5988b8933d6f' arrived on 0
2018-07-11 12:18:41.606 [IPControllerApp] task::task '0ca95a01-b5dc94abfff2278f9de84958' finished on 0
2018-07-11 12:18:42.611 [IPControllerApp] task::task 'e65e6159-7a42b87bcabbd3a499700a8e' arrived on 0
2018-07-11 12:18:42.612 [IPControllerApp] task::task 'f029faf7-e3bb4470098b5988b8933d6f' finished on 0
2018-07-11 12:18:43.616 [IPControllerApp] task::task '8e0dcda6-5d67d32800ecb957f74d3247' arrived on 0
2018-07-11 12:18:43.617 [IPControllerApp] task::task 'e65e6159-7a42b87bcabbd3a499700a8e' finished on 0
2018-07-11 12:18:44.622 [IPControllerApp] task::task 'af93293e-ced56998f0bb80ceddf135a8' arrived on 0
2018-07-11 12:18:44.623 [IPControllerApp] task::task '8e0dcda6-5d67d32800ecb957f74d3247' finished on 0
2018-07-11 12:18:45.627 [IPControllerApp] task::task '9463124c-f6ac409d1253ba317814b0c9' arrived on 0
2018-07-11 12:18:45.628 [IPControllerApp] task::task 'af93293e-ced56998f0bb80ceddf135a8' finished on 0
2018-07-11 12:18:46.633 [IPControllerApp] task::task '69d5d6fa-82ded841f808750a30177038' arrived on 0
2018-07-11 12:18:46.635 [IPControllerApp] task::task '9463124c-f6ac409d1253ba317814b0c9' finished on 0
2018-07-11 12:18:47.638 [IPControllerApp] task::task '6930383d-295fb637f1d498ed8055b267' arrived on 0
2018-07-11 12:18:47.639 [IPControllerApp] task::task '69d5d6fa-82ded841f808750a30177038' finished on 0
2018-07-11 12:18:48.645 [IPControllerApp] task::task '1b84a198-68e87820377368a3d9f35609' arrived on 0
2018-07-11 12:18:48.646 [IPControllerApp] task::task '6930383d-295fb637f1d498ed8055b267' finished on 0
2018-07-11 12:18:49.652 [IPControllerApp] task::task '77646eca-f6fbba8705d240cd79666a2d' arrived on 0
2018-07-11 12:18:49.653 [IPControllerApp] task::task '1b84a198-68e87820377368a3d9f35609' finished on 0
2018-07-11 12:18:50.656 [IPControllerApp] task::task '8b72620e-7da17bd8a247aba3907e36e4' arrived on 0
2018-07-11 12:18:50.657 [IPControllerApp] task::task '77646eca-f6fbba8705d240cd79666a2d' finished on 0
2018-07-11 12:18:51.662 [IPControllerApp] task::task 'c22cb5a3-ace744fa262822151df61005' arrived on 0
2018-07-11 12:18:51.663 [IPControllerApp] task::task '8b72620e-7da17bd8a247aba3907e36e4' finished on 0
2018-07-11 12:18:52.668 [IPControllerApp] task::task 'd2827fa8-fac307e418c8302a7a1badbe' arrived on 0
2018-07-11 12:18:52.669 [IPControllerApp] task::task 'c22cb5a3-ace744fa262822151df61005' finished on 0
2018-07-11 12:18:53.673 [IPControllerApp] task::task '5e9d3e50-4e04b524ca7439143fe7c751' arrived on 0
2018-07-11 12:18:53.674 [IPControllerApp] task::task 'd2827fa8-fac307e418c8302a7a1badbe' finished on 0
2018-07-11 12:18:54.678 [IPControllerApp] task::task '94a4add6-f1e47f338e0ecc5c9711b39e' arrived on 0
2018-07-11 12:18:54.679 [IPControllerApp] task::task '5e9d3e50-4e04b524ca7439143fe7c751' finished on 0
2018-07-11 12:18:55.684 [IPControllerApp] task::task '8cf3e2cd-7e500bae7770fed3679ec4f0' arrived on 0
2018-07-11 12:18:55.685 [IPControllerApp] task::task '94a4add6-f1e47f338e0ecc5c9711b39e' finished on 0
2018-07-11 12:18:56.689 [IPControllerApp] task::task '6843817d-90a580939accb92a83dffcfe' arrived on 0
2018-07-11 12:18:56.690 [IPControllerApp] task::task '8cf3e2cd-7e500bae7770fed3679ec4f0' finished on 0
2018-07-11 12:18:57.694 [IPControllerApp] task::task '6640b37a-a093928eb6ed4b37ee9db5ad' arrived on 0
2018-07-11 12:18:57.695 [IPControllerApp] task::task '6843817d-90a580939accb92a83dffcfe' finished on 0
2018-07-11 12:18:58.700 [IPControllerApp] task::task '63a6dc1d-152f78b8e86d6520f7389ebd' arrived on 0
2018-07-11 12:18:58.701 [IPControllerApp] task::task '6640b37a-a093928eb6ed4b37ee9db5ad' finished on 0
2018-07-11 12:18:59.706 [IPControllerApp] task::task '5ceadc0b-b642a51be9a14440ae99aace' arrived on 0
2018-07-11 12:18:59.707 [IPControllerApp] task::task '63a6dc1d-152f78b8e86d6520f7389ebd' finished on 0
2018-07-11 12:19:00.711 [IPControllerApp] task::task '66b0fcaf-4b0fd43a7f615c2f2f313ffb' arrived on 0
2018-07-11 12:19:00.712 [IPControllerApp] task::task '5ceadc0b-b642a51be9a14440ae99aace' finished on 0
2018-07-11 12:19:01.716 [IPControllerApp] task::task 'd9f96ea9-f9b300dfab1aa96c017c0661' arrived on 0
2018-07-11 12:19:01.717 [IPControllerApp] task::task '66b0fcaf-4b0fd43a7f615c2f2f313ffb' finished on 0
2018-07-11 12:19:02.722 [IPControllerApp] task::task 'df3b511b-201e03759b8dd2f4a213bddd' arrived on 0
2018-07-11 12:19:02.723 [IPControllerApp] task::task 'd9f96ea9-f9b300dfab1aa96c017c0661' finished on 0
2018-07-11 12:19:03.727 [IPControllerApp] task::task '57eaf8dd-c258a57765c187ad9221ea97' arrived on 0
2018-07-11 12:19:03.728 [IPControllerApp] task::task 'df3b511b-201e03759b8dd2f4a213bddd' finished on 0
2018-07-11 12:19:04.733 [IPControllerApp] task::task 'd3d27911-76ce2061760e25ba14b05c50' arrived on 0
2018-07-11 12:19:04.734 [IPControllerApp] task::task '57eaf8dd-c258a57765c187ad9221ea97' finished on 0
2018-07-11 12:19:05.738 [IPControllerApp] task::task '37b95c1e-8674ef00a4dc538ead642c6a' arrived on 0
2018-07-11 12:19:05.739 [IPControllerApp] task::task 'd3d27911-76ce2061760e25ba14b05c50' finished on 0
2018-07-11 12:19:06.744 [IPControllerApp] task::task '664ea60d-7c7eb926e154c440e346bad6' arrived on 0
2018-07-11 12:19:06.745 [IPControllerApp] task::task '37b95c1e-8674ef00a4dc538ead642c6a' finished on 0
2018-07-11 12:19:07.749 [IPControllerApp] task::task '597d169e-cfec212584bc0addebaa2e75' arrived on 0
2018-07-11 12:19:07.750 [IPControllerApp] task::task '664ea60d-7c7eb926e154c440e346bad6' finished on 0
2018-07-11 12:19:08.754 [IPControllerApp] task::task 'e62caafd-3cd0788e748d8e302dbb78ae' arrived on 0
2018-07-11 12:19:08.755 [IPControllerApp] task::task '597d169e-cfec212584bc0addebaa2e75' finished on 0
2018-07-11 12:19:09.760 [IPControllerApp] task::task '492280c0-b021be471c2d9816711b8627' arrived on 0
2018-07-11 12:19:09.761 [IPControllerApp] task::task 'e62caafd-3cd0788e748d8e302dbb78ae' finished on 0
2018-07-11 12:19:10.765 [IPControllerApp] task::task '8af0508b-614d6f6ff305a0d871741205' arrived on 0
2018-07-11 12:19:10.766 [IPControllerApp] task::task '492280c0-b021be471c2d9816711b8627' finished on 0
2018-07-11 12:19:11.771 [IPControllerApp] task::task '6af429ae-e0fc51a48a78f6e7afc6e951' arrived on 0
2018-07-11 12:19:11.772 [IPControllerApp] task::task '8af0508b-614d6f6ff305a0d871741205' finished on 0
2018-07-11 12:19:12.776 [IPControllerApp] task::task '955dec77-ee4dcc5111927615f3564133' arrived on 0
2018-07-11 12:19:12.777 [IPControllerApp] task::task '6af429ae-e0fc51a48a78f6e7afc6e951' finished on 0
2018-07-11 12:19:13.782 [IPControllerApp] task::task 'bc1180d8-63c2aa00b4be7a17ce4cef56' arrived on 0
2018-07-11 12:19:13.783 [IPControllerApp] task::task '955dec77-ee4dcc5111927615f3564133' finished on 0
2018-07-11 12:19:14.787 [IPControllerApp] task::task '1f5f79e8-4b54e358c3d740c19c9fb43b' arrived on 0
2018-07-11 12:19:14.789 [IPControllerApp] task::task 'bc1180d8-63c2aa00b4be7a17ce4cef56' finished on 0
2018-07-11 12:19:15.794 [IPControllerApp] task::task 'c883d1f7-d3282c9fd2d932d341398b9c' arrived on 0
2018-07-11 12:19:15.795 [IPControllerApp] task::task '1f5f79e8-4b54e358c3d740c19c9fb43b' finished on 0
2018-07-11 12:19:16.800 [IPControllerApp] task::task 'cda78420-f9880d98b98b294e7b5ed2cb' arrived on 0
2018-07-11 12:19:16.801 [IPControllerApp] task::task 'c883d1f7-d3282c9fd2d932d341398b9c' finished on 0
2018-07-11 12:19:17.805 [IPControllerApp] task::task 'a09cd6f6-0426360f3f17d50c050d81df' arrived on 0
2018-07-11 12:19:17.806 [IPControllerApp] task::task 'cda78420-f9880d98b98b294e7b5ed2cb' finished on 0
2018-07-11 12:19:18.811 [IPControllerApp] task::task 'b12b33b9-351b33930417ce7f2cc0f5af' arrived on 0
2018-07-11 12:19:18.812 [IPControllerApp] task::task 'a09cd6f6-0426360f3f17d50c050d81df' finished on 0
2018-07-11 12:19:19.816 [IPControllerApp] task::task 'f7d88ab5-f7b3e0288db6e7a67ba216a9' arrived on 0
2018-07-11 12:19:19.817 [IPControllerApp] task::task 'b12b33b9-351b33930417ce7f2cc0f5af' finished on 0
2018-07-11 12:19:20.822 [IPControllerApp] task::task '902c069a-3711627b38be7a2967ed2a10' arrived on 0
2018-07-11 12:19:20.823 [IPControllerApp] task::task 'f7d88ab5-f7b3e0288db6e7a67ba216a9' finished on 0
2018-07-11 12:19:21.827 [IPControllerApp] task::task '26137d68-d189944a3edd22db056b4d56' arrived on 0
2018-07-11 12:19:21.828 [IPControllerApp] task::task '902c069a-3711627b38be7a2967ed2a10' finished on 0
2018-07-11 12:19:22.833 [IPControllerApp] task::task '4bc64ea2-232e79877bdf14902a0a0cb9' arrived on 0
2018-07-11 12:19:22.834 [IPControllerApp] task::task '26137d68-d189944a3edd22db056b4d56' finished on 0
2018-07-11 12:19:23.839 [IPControllerApp] task::task '41dd0105-687538a39902b8ad3fdddb95' arrived on 0
2018-07-11 12:19:23.840 [IPControllerApp] task::task '4bc64ea2-232e79877bdf14902a0a0cb9' finished on 0
2018-07-11 12:19:24.844 [IPControllerApp] task::task '762a699b-da1d356f613307cee28abdec' arrived on 0
2018-07-11 12:19:24.845 [IPControllerApp] task::task '41dd0105-687538a39902b8ad3fdddb95' finished on 0
2018-07-11 12:19:25.849 [IPControllerApp] task::task 'c0ece7d2-98d89365e35b5500c8d09101' arrived on 0
2018-07-11 12:19:25.850 [IPControllerApp] task::task '762a699b-da1d356f613307cee28abdec' finished on 0
2018-07-11 12:19:26.855 [IPControllerApp] task::task '7060aefa-c4a6ef0f61e65b01903b1e01' arrived on 0
2018-07-11 12:19:26.856 [IPControllerApp] task::task 'c0ece7d2-98d89365e35b5500c8d09101' finished on 0
2018-07-11 12:19:27.860 [IPControllerApp] task::task '44d7e999-9dbd69b7aa131a3d11aa33cc' arrived on 0
2018-07-11 12:19:27.861 [IPControllerApp] task::task '7060aefa-c4a6ef0f61e65b01903b1e01' finished on 0
2018-07-11 12:19:28.866 [IPControllerApp] task::task '62084fe2-ab71d279a3b8ca06b1c648df' arrived on 0
2018-07-11 12:19:28.867 [IPControllerApp] task::task '44d7e999-9dbd69b7aa131a3d11aa33cc' finished on 0
2018-07-11 12:19:29.871 [IPControllerApp] task::task '3bc3cad9-37e84188cda9b4419ca1bbe3' arrived on 0
2018-07-11 12:19:29.872 [IPControllerApp] task::task '62084fe2-ab71d279a3b8ca06b1c648df' finished on 0
2018-07-11 12:19:30.877 [IPControllerApp] task::task 'c539e7ba-bf3140e457cef54a3c677cc4' arrived on 0
2018-07-11 12:19:30.878 [IPControllerApp] task::task '3bc3cad9-37e84188cda9b4419ca1bbe3' finished on 0
2018-07-11 12:19:31.882 [IPControllerApp] task::task '75e7c9d0-1223603bc5b0441db935fe3c' arrived on 0
2018-07-11 12:19:31.883 [IPControllerApp] task::task 'c539e7ba-bf3140e457cef54a3c677cc4' finished on 0
2018-07-11 12:19:32.887 [IPControllerApp] task::task '9848262d-b45b98895f269d686f57e0f9' arrived on 0
2018-07-11 12:19:32.888 [IPControllerApp] task::task '75e7c9d0-1223603bc5b0441db935fe3c' finished on 0
2018-07-11 12:19:33.893 [IPControllerApp] task::task '763b3dd4-6ee075d8e8eaab0e7c99ebfc' arrived on 0
2018-07-11 12:19:33.894 [IPControllerApp] task::task '9848262d-b45b98895f269d686f57e0f9' finished on 0
2018-07-11 12:19:34.898 [IPControllerApp] task::task '431524dd-5978856a1787fac41974c97d' arrived on 0
2018-07-11 12:19:34.899 [IPControllerApp] task::task '763b3dd4-6ee075d8e8eaab0e7c99ebfc' finished on 0
2018-07-11 12:19:35.904 [IPControllerApp] task::task '0b409d4c-7354d3c25c9158bde77369a9' arrived on 0
2018-07-11 12:19:35.906 [IPControllerApp] task::task '431524dd-5978856a1787fac41974c97d' finished on 0
2018-07-11 12:19:36.909 [IPControllerApp] task::task '0b409d4c-7354d3c25c9158bde77369a9' finished on 0
2018-07-11 12:19:37.025 [IPControllerApp] CRITICAL | Received signal 15, shutting down
2018-07-11 12:19:37.025 [IPControllerApp] CRITICAL | terminating children...
