2018-07-11 12:25:19.032 [IPControllerApp] Created profile dir: '/scratch/midway2/madduru/parsl/parsl/tests/integration/test_stress/runinfo/926/profile_midway_ipp'
2018-07-11 12:25:19.050 [IPControllerApp] Hub listening on tcp://*:60132 for registration.
2018-07-11 12:25:19.052 [IPControllerApp] Hub using DB backend: 'DictDB'
2018-07-11 12:25:19.314 [IPControllerApp] hub::created hub
2018-07-11 12:25:19.315 [IPControllerApp] writing connection info to /scratch/midway2/madduru/parsl/parsl/tests/integration/test_stress/runinfo/926/profile_midway_ipp/security/ipcontroller-client.json
2018-07-11 12:25:19.316 [IPControllerApp] writing connection info to /scratch/midway2/madduru/parsl/parsl/tests/integration/test_stress/runinfo/926/profile_midway_ipp/security/ipcontroller-engine.json
2018-07-11 12:25:19.317 [IPControllerApp] task::using Python leastload Task scheduler
2018-07-11 12:25:19.317 [IPControllerApp] Heartmonitor started
2018-07-11 12:25:19.326 [IPControllerApp] Creating pid file: /scratch/midway2/madduru/parsl/parsl/tests/integration/test_stress/runinfo/926/profile_midway_ipp/pid/ipcontroller.pid
2018-07-11 12:25:19.334 [scheduler] Scheduler started [leastload]
2018-07-11 12:25:19.337 [IPControllerApp] client::client b'\x00k\x8bEg' requested 'connection_request'
2018-07-11 12:25:19.337 [IPControllerApp] client::client [b'\x00k\x8bEg'] connected
2018-07-11 12:25:20.299 [IPControllerApp] client::client b'\x00k\x8bEh' requested 'connection_request'
2018-07-11 12:25:20.299 [IPControllerApp] client::client [b'\x00k\x8bEh'] connected
2018-07-11 12:25:59.911 [IPControllerApp] client::client b'81b252f6-acd9456f3cafc5dfcc579c14' requested 'registration_request'
2018-07-11 12:26:04.321 [IPControllerApp] registration::finished registering engine 0:81b252f6-acd9456f3cafc5dfcc579c14
2018-07-11 12:26:04.322 [IPControllerApp] engine::Engine Connected: 0
2018-07-11 12:26:04.326 [IPControllerApp] task::task 'b87c6517-7dff5c1d9cc96d3c38f70cb9' arrived on 0
2018-07-11 12:26:05.826 [IPControllerApp] task::task '1a27d6da-7565d13a37f517e89358231e' arrived on 0
2018-07-11 12:26:05.826 [IPControllerApp] task::task 'b87c6517-7dff5c1d9cc96d3c38f70cb9' finished on 0
2018-07-11 12:26:06.831 [IPControllerApp] task::task 'ffd63e0f-6001e38223988b00b22b95e6' arrived on 0
2018-07-11 12:26:06.832 [IPControllerApp] task::task '1a27d6da-7565d13a37f517e89358231e' finished on 0
2018-07-11 12:26:07.837 [IPControllerApp] task::task 'ad929fe3-1bf24227f24c5dc39f3ef61a' arrived on 0
2018-07-11 12:26:07.838 [IPControllerApp] task::task 'ffd63e0f-6001e38223988b00b22b95e6' finished on 0
2018-07-11 12:26:08.842 [IPControllerApp] task::task 'fdc1513f-79cc2f40ad4b9686074c864e' arrived on 0
2018-07-11 12:26:08.843 [IPControllerApp] task::task 'ad929fe3-1bf24227f24c5dc39f3ef61a' finished on 0
2018-07-11 12:26:09.847 [IPControllerApp] task::task 'e8ca5ae5-91fccb9856c201b8681b802b' arrived on 0
2018-07-11 12:26:09.848 [IPControllerApp] task::task 'fdc1513f-79cc2f40ad4b9686074c864e' finished on 0
2018-07-11 12:26:10.853 [IPControllerApp] task::task 'cb40ef12-06cf82e63eab50f63ff0f8ed' arrived on 0
2018-07-11 12:26:10.854 [IPControllerApp] task::task 'e8ca5ae5-91fccb9856c201b8681b802b' finished on 0
2018-07-11 12:26:11.859 [IPControllerApp] task::task '4434cda7-57247b46952974594bdc7736' arrived on 0
2018-07-11 12:26:11.859 [IPControllerApp] task::task 'cb40ef12-06cf82e63eab50f63ff0f8ed' finished on 0
2018-07-11 12:26:12.864 [IPControllerApp] task::task 'bb7c1f80-7ca5a767f2bb4ada366abc3d' arrived on 0
2018-07-11 12:26:12.865 [IPControllerApp] task::task '4434cda7-57247b46952974594bdc7736' finished on 0
2018-07-11 12:26:13.869 [IPControllerApp] task::task 'aa24acce-a37ed263dc7cf2092a013e37' arrived on 0
2018-07-11 12:26:13.870 [IPControllerApp] task::task 'bb7c1f80-7ca5a767f2bb4ada366abc3d' finished on 0
2018-07-11 12:26:14.875 [IPControllerApp] task::task '60e0c5c9-da03ee9737630e8e96d5a948' arrived on 0
2018-07-11 12:26:14.876 [IPControllerApp] task::task 'aa24acce-a37ed263dc7cf2092a013e37' finished on 0
2018-07-11 12:26:15.880 [IPControllerApp] task::task 'a79115d5-e36203ef2030a6a96fe5be64' arrived on 0
2018-07-11 12:26:15.881 [IPControllerApp] task::task '60e0c5c9-da03ee9737630e8e96d5a948' finished on 0
2018-07-11 12:26:16.887 [IPControllerApp] task::task '8f4b194f-a9aca6c9de955ff03a991ac2' arrived on 0
2018-07-11 12:26:16.888 [IPControllerApp] task::task 'a79115d5-e36203ef2030a6a96fe5be64' finished on 0
2018-07-11 12:26:17.893 [IPControllerApp] task::task '0ca6a4a0-71e2dc389405126d8df356d8' arrived on 0
2018-07-11 12:26:17.894 [IPControllerApp] task::task '8f4b194f-a9aca6c9de955ff03a991ac2' finished on 0
2018-07-11 12:26:18.899 [IPControllerApp] task::task '05a5c38b-1d3a05354af04a9651953fbd' arrived on 0
2018-07-11 12:26:18.900 [IPControllerApp] task::task '0ca6a4a0-71e2dc389405126d8df356d8' finished on 0
2018-07-11 12:26:19.905 [IPControllerApp] task::task 'c23621ef-736d49a84f6d6c50fd183cfc' arrived on 0
2018-07-11 12:26:19.906 [IPControllerApp] task::task '05a5c38b-1d3a05354af04a9651953fbd' finished on 0
2018-07-11 12:26:20.910 [IPControllerApp] task::task '18ac79c0-4850bf9ce7dc6415a3eaddf6' arrived on 0
2018-07-11 12:26:20.911 [IPControllerApp] task::task 'c23621ef-736d49a84f6d6c50fd183cfc' finished on 0
2018-07-11 12:26:21.915 [IPControllerApp] task::task 'd4bc1f73-664dc09b4dc2fe93469be2db' arrived on 0
2018-07-11 12:26:21.916 [IPControllerApp] task::task '18ac79c0-4850bf9ce7dc6415a3eaddf6' finished on 0
2018-07-11 12:26:22.920 [IPControllerApp] task::task '0aebbbd6-1cbebd0c82c3100e2550f002' arrived on 0
2018-07-11 12:26:22.921 [IPControllerApp] task::task 'd4bc1f73-664dc09b4dc2fe93469be2db' finished on 0
2018-07-11 12:26:23.925 [IPControllerApp] task::task 'e10e642a-046356ab161f35604bb5ab13' arrived on 0
2018-07-11 12:26:23.926 [IPControllerApp] task::task '0aebbbd6-1cbebd0c82c3100e2550f002' finished on 0
2018-07-11 12:26:24.931 [IPControllerApp] task::task '92f2752a-a734ea9f518738ce66b96293' arrived on 0
2018-07-11 12:26:24.932 [IPControllerApp] task::task 'e10e642a-046356ab161f35604bb5ab13' finished on 0
2018-07-11 12:26:25.937 [IPControllerApp] task::task '00c8e2ac-64ae8fd45e71f7e0b33cedb1' arrived on 0
2018-07-11 12:26:25.938 [IPControllerApp] task::task '92f2752a-a734ea9f518738ce66b96293' finished on 0
2018-07-11 12:26:26.942 [IPControllerApp] task::task '43093ab6-57e120338ae53bb816846164' arrived on 0
2018-07-11 12:26:26.943 [IPControllerApp] task::task '00c8e2ac-64ae8fd45e71f7e0b33cedb1' finished on 0
2018-07-11 12:26:27.948 [IPControllerApp] task::task '2b6f4818-c389ffcc8bb06016b0183cc5' arrived on 0
2018-07-11 12:26:27.950 [IPControllerApp] task::task '43093ab6-57e120338ae53bb816846164' finished on 0
2018-07-11 12:26:28.954 [IPControllerApp] task::task '565650a9-66be7278e65911886550b191' arrived on 0
2018-07-11 12:26:28.955 [IPControllerApp] task::task '2b6f4818-c389ffcc8bb06016b0183cc5' finished on 0
2018-07-11 12:26:29.959 [IPControllerApp] task::task '565650a9-66be7278e65911886550b191' finished on 0
2018-07-11 12:26:30.082 [IPControllerApp] CRITICAL | Received signal 15, shutting down
2018-07-11 12:26:30.082 [IPControllerApp] CRITICAL | terminating children...
