2018-07-11 12:27:32.188 [IPControllerApp] Created profile dir: '/scratch/midway2/madduru/parsl/parsl/tests/integration/test_stress/runinfo/929/profile_midway_ipp'
2018-07-11 12:27:32.207 [IPControllerApp] Hub listening on tcp://*:53245 for registration.
2018-07-11 12:27:32.209 [IPControllerApp] Hub using DB backend: 'DictDB'
2018-07-11 12:27:32.474 [IPControllerApp] hub::created hub
2018-07-11 12:27:32.474 [IPControllerApp] writing connection info to /scratch/midway2/madduru/parsl/parsl/tests/integration/test_stress/runinfo/929/profile_midway_ipp/security/ipcontroller-client.json
2018-07-11 12:27:32.476 [IPControllerApp] writing connection info to /scratch/midway2/madduru/parsl/parsl/tests/integration/test_stress/runinfo/929/profile_midway_ipp/security/ipcontroller-engine.json
2018-07-11 12:27:32.477 [IPControllerApp] task::using Python leastload Task scheduler
2018-07-11 12:27:32.477 [IPControllerApp] Heartmonitor started
2018-07-11 12:27:32.493 [IPControllerApp] Creating pid file: /scratch/midway2/madduru/parsl/parsl/tests/integration/test_stress/runinfo/929/profile_midway_ipp/pid/ipcontroller.pid
2018-07-11 12:27:32.502 [scheduler] Scheduler started [leastload]
2018-07-11 12:27:32.505 [IPControllerApp] client::client b'\x00k\x8bEg' requested 'connection_request'
2018-07-11 12:27:32.505 [IPControllerApp] client::client [b'\x00k\x8bEg'] connected
2018-07-11 12:27:33.468 [IPControllerApp] client::client b'\x00k\x8bEh' requested 'connection_request'
2018-07-11 12:27:33.468 [IPControllerApp] client::client [b'\x00k\x8bEh'] connected
2018-07-11 12:28:15.523 [IPControllerApp] client::client b'8f0c2e9b-0e69d284f607b3d0bb91000b' requested 'registration_request'
2018-07-11 12:28:15.524 [IPControllerApp] client::client b'141b197e-93bea221d26299e8ed5201fd' requested 'registration_request'
2018-07-11 12:28:15.530 [IPControllerApp] client::client b'cfd9e761-5020de669e5c2eb1fd85ba8e' requested 'registration_request'
2018-07-11 12:28:15.531 [IPControllerApp] client::client b'7c8383cc-682e2478b2103827497bcda0' requested 'registration_request'
2018-07-11 12:28:15.546 [IPControllerApp] client::client b'232d99cc-8309d007e2be0e0665f996a4' requested 'registration_request'
2018-07-11 12:28:15.686 [IPControllerApp] client::client b'1f95b399-eb4924c0ea51a773907afd9f' requested 'registration_request'
2018-07-11 12:28:15.688 [IPControllerApp] client::client b'7046b4f9-c0ce5a67310c10e521710170' requested 'registration_request'
2018-07-11 12:28:15.746 [IPControllerApp] client::client b'c05a94f2-3500d1cee0a91efe96acd056' requested 'registration_request'
2018-07-11 12:28:20.481 [IPControllerApp] registration::finished registering engine 7:c05a94f2-3500d1cee0a91efe96acd056
2018-07-11 12:28:20.482 [IPControllerApp] engine::Engine Connected: 7
2018-07-11 12:28:20.484 [IPControllerApp] registration::finished registering engine 4:232d99cc-8309d007e2be0e0665f996a4
2018-07-11 12:28:20.484 [IPControllerApp] engine::Engine Connected: 4
2018-07-11 12:28:20.484 [IPControllerApp] registration::finished registering engine 3:7c8383cc-682e2478b2103827497bcda0
2018-07-11 12:28:20.485 [IPControllerApp] engine::Engine Connected: 3
2018-07-11 12:28:20.485 [IPControllerApp] registration::finished registering engine 2:cfd9e761-5020de669e5c2eb1fd85ba8e
2018-07-11 12:28:20.485 [IPControllerApp] engine::Engine Connected: 2
2018-07-11 12:28:20.485 [IPControllerApp] registration::finished registering engine 0:8f0c2e9b-0e69d284f607b3d0bb91000b
2018-07-11 12:28:20.486 [IPControllerApp] engine::Engine Connected: 0
2018-07-11 12:28:20.486 [IPControllerApp] registration::finished registering engine 5:1f95b399-eb4924c0ea51a773907afd9f
2018-07-11 12:28:20.486 [IPControllerApp] engine::Engine Connected: 5
2018-07-11 12:28:20.487 [IPControllerApp] registration::finished registering engine 6:7046b4f9-c0ce5a67310c10e521710170
2018-07-11 12:28:20.487 [IPControllerApp] engine::Engine Connected: 6
2018-07-11 12:28:20.487 [IPControllerApp] registration::finished registering engine 1:141b197e-93bea221d26299e8ed5201fd
2018-07-11 12:28:20.489 [IPControllerApp] engine::Engine Connected: 1
2018-07-11 12:28:20.491 [IPControllerApp] task::task '7b83a3f2-9fdc33c64da80db591b8704d' arrived on 7
2018-07-11 12:28:20.492 [IPControllerApp] task::task 'c142c1bd-2807e12f48b3a17511a95e87' arrived on 4
2018-07-11 12:28:20.493 [IPControllerApp] task::task '77dc9037-fd7b166a4461830d7df33272' arrived on 3
2018-07-11 12:28:20.494 [IPControllerApp] task::task 'd89f39d7-c6c3e8aa503c37e8a2313df1' arrived on 2
2018-07-11 12:28:20.495 [IPControllerApp] task::task '094adad5-4426567187964ed7107bcc44' arrived on 0
2018-07-11 12:28:20.496 [IPControllerApp] task::task 'b65351aa-9bb49a8bafc8854c85de204a' arrived on 5
2018-07-11 12:28:20.497 [IPControllerApp] task::task 'a017a19c-6d3ee6b5dca5c19d3f2c2cf7' arrived on 6
2018-07-11 12:28:20.498 [IPControllerApp] task::task '0951e62d-93a12839f7d6e30214586b73' arrived on 1
2018-07-11 12:28:24.497 [IPControllerApp] task::task 'e5ba4e11-d2190ba561524b6773acc33c' arrived on 2
2018-07-11 12:28:24.498 [IPControllerApp] task::task 'd89f39d7-c6c3e8aa503c37e8a2313df1' finished on 2
2018-07-11 12:28:24.501 [IPControllerApp] task::task 'c6d28916-935deadd451fa4bcd2238e94' arrived on 6
2018-07-11 12:28:24.502 [IPControllerApp] task::task 'a017a19c-6d3ee6b5dca5c19d3f2c2cf7' finished on 6
2018-07-11 12:28:24.504 [IPControllerApp] task::task '181493f7-ad8dec0cda0118e378df293d' arrived on 1
2018-07-11 12:28:24.505 [IPControllerApp] task::task '0951e62d-93a12839f7d6e30214586b73' finished on 1
2018-07-11 12:28:24.508 [IPControllerApp] task::task '06d6eec6-0d8069df9caefb494f84dc11' arrived on 4
2018-07-11 12:28:24.509 [IPControllerApp] task::task 'c142c1bd-2807e12f48b3a17511a95e87' finished on 4
2018-07-11 12:28:24.510 [IPControllerApp] task::task 'f08254d0-9ac5b9dce4555f50ab5b4cc1' arrived on 5
2018-07-11 12:28:24.511 [IPControllerApp] task::task 'b65351aa-9bb49a8bafc8854c85de204a' finished on 5
2018-07-11 12:28:24.514 [IPControllerApp] task::task '933e9baa-9f78bb232d6bd3f60505d1f3' arrived on 3
2018-07-11 12:28:24.515 [IPControllerApp] task::task '77dc9037-fd7b166a4461830d7df33272' finished on 3
2018-07-11 12:28:24.519 [IPControllerApp] task::task 'a668c42f-83ff65569bf9c2344cc59af0' arrived on 0
2018-07-11 12:28:24.520 [IPControllerApp] task::task '094adad5-4426567187964ed7107bcc44' finished on 0
2018-07-11 12:28:24.544 [IPControllerApp] task::task '8c61ba02-5175298ea2f66e08e161e5df' arrived on 7
2018-07-11 12:28:24.545 [IPControllerApp] task::task '7b83a3f2-9fdc33c64da80db591b8704d' finished on 7
2018-07-11 12:28:25.519 [IPControllerApp] task::task 'fe48dc1c-bf038e2df86c26dbf995a3e8' arrived on 2
2018-07-11 12:28:25.520 [IPControllerApp] task::task 'e5ba4e11-d2190ba561524b6773acc33c' finished on 2
2018-07-11 12:28:25.525 [IPControllerApp] task::task '3861b820-3b392d2667dde7cb4f0c3379' arrived on 1
2018-07-11 12:28:25.525 [IPControllerApp] task::task '181493f7-ad8dec0cda0118e378df293d' finished on 1
2018-07-11 12:28:25.529 [IPControllerApp] task::task 'f0644fe8-e3eef8c8fb691bdd90baa7b1' arrived on 5
2018-07-11 12:28:25.530 [IPControllerApp] task::task 'f08254d0-9ac5b9dce4555f50ab5b4cc1' finished on 5
2018-07-11 12:28:25.531 [IPControllerApp] task::task 'dc89e832-4da403c5c6d965ac744aa09d' arrived on 4
2018-07-11 12:28:25.531 [IPControllerApp] task::task '06d6eec6-0d8069df9caefb494f84dc11' finished on 4
2018-07-11 12:28:25.535 [IPControllerApp] task::task 'f21a3848-d44b10c71151b35eec76382c' arrived on 0
2018-07-11 12:28:25.536 [IPControllerApp] task::task 'a668c42f-83ff65569bf9c2344cc59af0' finished on 0
2018-07-11 12:28:25.537 [IPControllerApp] task::task '53922d83-0e309e7a6e859cf4273c25a9' arrived on 3
2018-07-11 12:28:25.539 [IPControllerApp] task::task '933e9baa-9f78bb232d6bd3f60505d1f3' finished on 3
2018-07-11 12:28:25.540 [IPControllerApp] task::task 'ff32089b-ea15ec3128a2f285fb262997' arrived on 6
2018-07-11 12:28:25.541 [IPControllerApp] task::task 'c6d28916-935deadd451fa4bcd2238e94' finished on 6
2018-07-11 12:28:25.549 [IPControllerApp] task::task '0cd16f0b-9112dbbddc91e1a9be8ba9f9' arrived on 7
2018-07-11 12:28:25.550 [IPControllerApp] task::task '8c61ba02-5175298ea2f66e08e161e5df' finished on 7
2018-07-11 12:28:26.525 [IPControllerApp] task::task 'f3acd77c-88cc130de7543a2c9c739a93' arrived on 2
2018-07-11 12:28:26.526 [IPControllerApp] task::task 'fe48dc1c-bf038e2df86c26dbf995a3e8' finished on 2
2018-07-11 12:28:26.545 [IPControllerApp] task::task '53922d83-0e309e7a6e859cf4273c25a9' finished on 3
2018-07-11 12:28:26.546 [IPControllerApp] task::task 'f21a3848-d44b10c71151b35eec76382c' finished on 0
2018-07-11 12:28:26.548 [IPControllerApp] task::task 'f0644fe8-e3eef8c8fb691bdd90baa7b1' finished on 5
2018-07-11 12:28:26.551 [IPControllerApp] task::task 'ff32089b-ea15ec3128a2f285fb262997' finished on 6
2018-07-11 12:28:26.554 [IPControllerApp] task::task 'dc89e832-4da403c5c6d965ac744aa09d' finished on 4
2018-07-11 12:28:26.556 [IPControllerApp] task::task '3861b820-3b392d2667dde7cb4f0c3379' finished on 1
2018-07-11 12:28:26.557 [IPControllerApp] task::task '0cd16f0b-9112dbbddc91e1a9be8ba9f9' finished on 7
2018-07-11 12:28:27.530 [IPControllerApp] task::task 'f3acd77c-88cc130de7543a2c9c739a93' finished on 2
2018-07-11 12:28:27.655 [IPControllerApp] CRITICAL | Received signal 15, shutting down
2018-07-11 12:28:27.655 [IPControllerApp] CRITICAL | terminating children...
