2018-07-30 10:36:05 parsl.dataflow.dflow:71 [INFO]  Parsl version: 0.5.1
2018-07-30 10:36:05 parsl.dataflow.dflow:72 [INFO]  Libsubmit version: 0.5.0-a0
2018-07-30 10:36:05 parsl.dataflow.usage_tracking.usage:125 [DEBUG]  Tracking status: True
2018-07-30 10:36:05 parsl.dataflow.usage_tracking.usage:126 [DEBUG]  Testing mode   : False
2018-07-30 10:36:05 parsl.dataflow.memoization:52 [INFO]  App caching initialized
2018-07-30 10:36:05 parsl.executors.ipp_controller:83 [DEBUG]  Starting ipcontroller with 'ipcontroller --ipython-dir=/scratch/midway2/madduru/parsl/parsl/tests/integration/test_stress/runinfo/003 --ip=* --profile=midway_ipp   '
2018-07-30 10:36:07 parsl.executors.ipp:97 [DEBUG]  Waiting for /scratch/midway2/madduru/parsl/parsl/tests/integration/test_stress/runinfo/003/profile_midway_ipp/security/ipcontroller-client.json
2018-07-30 10:36:07 parsl.executors.ipp:114 [DEBUG]  Starting IPyParallelExecutor with provider:
SlurmProvider(
    'broadwl',
    channel=LocalChannel(
        envs={}, 
        script_dir='/scratch/midway2/madduru/parsl/parsl/tests/integration/test_stress/.scripts', 
        userhome='/scratch/midway2/madduru/parsl/parsl/tests/integration/test_stress'
    ), 
    cmd_timeout=10, 
    init_blocks=1, 
    label='slurm', 
    launcher=<libsubmit.launchers.launchers.SingleNodeLauncher object at 0x7f78eafaada0>, 
    max_blocks=1, 
    min_blocks=1, 
    nodes_per_block=1, 
    overrides='module load Anaconda3/5.1.0; export PARSL_TESTING=True', 
    parallelism=0.5, 
    script_dir='parsl_scripts', 
    tasks_per_node=16, 
    walltime=361
)
2018-07-30 10:36:07 parsl.executors.ipp:119 [DEBUG]  Launched block: 0:47948277
2018-07-30 10:36:07 parsl.executors.ipp:134 [DEBUG]  Starting executor
2018-07-30 10:36:07 parsl.dataflow.strategy:120 [DEBUG]  Scaling strategy: simple
2018-07-30 10:36:10 parsl.dataflow.strategy:175 [DEBUG]  Tasks:0 Slots:16 Parallelism:0.5
2018-07-30 10:36:15 parsl.dataflow.strategy:175 [DEBUG]  Tasks:0 Slots:16 Parallelism:0.5
2018-07-30 10:36:18 parsl.dataflow.strategy:175 [DEBUG]  Tasks:0 Slots:16 Parallelism:0.5
2018-07-30 10:36:23 parsl.dataflow.strategy:175 [DEBUG]  Tasks:0 Slots:16 Parallelism:0.5
2018-07-30 10:36:28 parsl.dataflow.strategy:175 [DEBUG]  Tasks:0 Slots:16 Parallelism:0.5
2018-07-30 10:36:32 parsl.dataflow.dflow:480 [INFO]  Task 0 submitted for App sleeper, waiting on tasks []
2018-07-30 10:36:32 parsl.dataflow.dflow:286 [INFO]  Task 0 launched on executor midway_ipp
2018-07-30 10:36:32 parsl.dataflow.dflow:501 [DEBUG]  Task 0 launched with AppFuture: <AppFuture at 0x7f78e1f15f28 state=pending>
2018-07-30 10:36:32 parsl.dataflow.dflow:480 [INFO]  Task 1 submitted for App sleeper, waiting on tasks []
2018-07-30 10:36:32 parsl.dataflow.dflow:286 [INFO]  Task 1 launched on executor midway_ipp
2018-07-30 10:36:32 parsl.dataflow.dflow:501 [DEBUG]  Task 1 launched with AppFuture: <AppFuture at 0x7f78e1f24780 state=pending>
2018-07-30 10:36:32 parsl.dataflow.dflow:480 [INFO]  Task 2 submitted for App sleeper, waiting on tasks []
2018-07-30 10:36:32 parsl.dataflow.dflow:286 [INFO]  Task 2 launched on executor midway_ipp
2018-07-30 10:36:32 parsl.dataflow.dflow:501 [DEBUG]  Task 2 launched with AppFuture: <AppFuture at 0x7f78e1f24f98 state=pending>
2018-07-30 10:36:32 parsl.dataflow.dflow:480 [INFO]  Task 3 submitted for App sleeper, waiting on tasks []
2018-07-30 10:36:32 parsl.dataflow.dflow:286 [INFO]  Task 3 launched on executor midway_ipp
2018-07-30 10:36:32 parsl.dataflow.dflow:501 [DEBUG]  Task 3 launched with AppFuture: <AppFuture at 0x7f78e1f2f7f0 state=pending>
2018-07-30 10:36:32 parsl.dataflow.dflow:480 [INFO]  Task 4 submitted for App sleeper, waiting on tasks []
2018-07-30 10:36:32 parsl.dataflow.dflow:286 [INFO]  Task 4 launched on executor midway_ipp
2018-07-30 10:36:32 parsl.dataflow.dflow:501 [DEBUG]  Task 4 launched with AppFuture: <AppFuture at 0x7f78e1f3e048 state=pending>
2018-07-30 10:36:32 parsl.dataflow.dflow:480 [INFO]  Task 5 submitted for App sleeper, waiting on tasks []
2018-07-30 10:36:32 parsl.dataflow.dflow:286 [INFO]  Task 5 launched on executor midway_ipp
2018-07-30 10:36:32 parsl.dataflow.dflow:501 [DEBUG]  Task 5 launched with AppFuture: <AppFuture at 0x7f78e1f3e860 state=pending>
2018-07-30 10:36:32 parsl.dataflow.dflow:480 [INFO]  Task 6 submitted for App sleeper, waiting on tasks []
2018-07-30 10:36:32 parsl.dataflow.dflow:286 [INFO]  Task 6 launched on executor midway_ipp
2018-07-30 10:36:32 parsl.dataflow.dflow:501 [DEBUG]  Task 6 launched with AppFuture: <AppFuture at 0x7f78e1ec80b8 state=pending>
2018-07-30 10:36:32 parsl.dataflow.dflow:480 [INFO]  Task 7 submitted for App sleeper, waiting on tasks []
2018-07-30 10:36:32 parsl.dataflow.dflow:286 [INFO]  Task 7 launched on executor midway_ipp
2018-07-30 10:36:32 parsl.dataflow.dflow:501 [DEBUG]  Task 7 launched with AppFuture: <AppFuture at 0x7f78e1ec88d0 state=pending>
2018-07-30 10:36:32 parsl.dataflow.dflow:480 [INFO]  Task 8 submitted for App sleeper, waiting on tasks []
2018-07-30 10:36:32 parsl.dataflow.dflow:286 [INFO]  Task 8 launched on executor midway_ipp
2018-07-30 10:36:32 parsl.dataflow.dflow:501 [DEBUG]  Task 8 launched with AppFuture: <AppFuture at 0x7f78e1ed3128 state=pending>
2018-07-30 10:36:32 parsl.dataflow.dflow:480 [INFO]  Task 9 submitted for App sleeper, waiting on tasks []
2018-07-30 10:36:32 parsl.dataflow.dflow:286 [INFO]  Task 9 launched on executor midway_ipp
2018-07-30 10:36:32 parsl.dataflow.dflow:501 [DEBUG]  Task 9 launched with AppFuture: <AppFuture at 0x7f78e1ed3940 state=pending>
2018-07-30 10:36:32 parsl.dataflow.dflow:480 [INFO]  Task 10 submitted for App sleeper, waiting on tasks []
2018-07-30 10:36:32 parsl.dataflow.dflow:286 [INFO]  Task 10 launched on executor midway_ipp
2018-07-30 10:36:32 parsl.dataflow.dflow:501 [DEBUG]  Task 10 launched with AppFuture: <AppFuture at 0x7f78e1edd278 state=pending>
2018-07-30 10:36:32 parsl.dataflow.dflow:480 [INFO]  Task 11 submitted for App sleeper, waiting on tasks []
2018-07-30 10:36:32 parsl.dataflow.dflow:286 [INFO]  Task 11 launched on executor midway_ipp
2018-07-30 10:36:32 parsl.dataflow.dflow:501 [DEBUG]  Task 11 launched with AppFuture: <AppFuture at 0x7f78e1edda58 state=pending>
2018-07-30 10:36:32 parsl.dataflow.dflow:480 [INFO]  Task 12 submitted for App sleeper, waiting on tasks []
2018-07-30 10:36:32 parsl.dataflow.dflow:286 [INFO]  Task 12 launched on executor midway_ipp
2018-07-30 10:36:32 parsl.dataflow.dflow:501 [DEBUG]  Task 12 launched with AppFuture: <AppFuture at 0x7f78e1ee9208 state=pending>
2018-07-30 10:36:32 parsl.dataflow.dflow:480 [INFO]  Task 13 submitted for App sleeper, waiting on tasks []
2018-07-30 10:36:32 parsl.dataflow.dflow:286 [INFO]  Task 13 launched on executor midway_ipp
2018-07-30 10:36:32 parsl.dataflow.dflow:501 [DEBUG]  Task 13 launched with AppFuture: <AppFuture at 0x7f78e1ee9a20 state=pending>
2018-07-30 10:36:32 parsl.dataflow.dflow:480 [INFO]  Task 14 submitted for App sleeper, waiting on tasks []
2018-07-30 10:36:32 parsl.dataflow.dflow:286 [INFO]  Task 14 launched on executor midway_ipp
2018-07-30 10:36:32 parsl.dataflow.dflow:501 [DEBUG]  Task 14 launched with AppFuture: <AppFuture at 0x7f78e1ef4278 state=pending>
2018-07-30 10:36:32 parsl.dataflow.dflow:480 [INFO]  Task 15 submitted for App sleeper, waiting on tasks []
2018-07-30 10:36:32 parsl.dataflow.dflow:286 [INFO]  Task 15 launched on executor midway_ipp
2018-07-30 10:36:32 parsl.dataflow.dflow:501 [DEBUG]  Task 15 launched with AppFuture: <AppFuture at 0x7f78e1ef4a90 state=pending>
2018-07-30 10:36:32 parsl.dataflow.dflow:480 [INFO]  Task 16 submitted for App sleeper, waiting on tasks []
2018-07-30 10:36:32 parsl.dataflow.dflow:286 [INFO]  Task 16 launched on executor midway_ipp
2018-07-30 10:36:32 parsl.dataflow.dflow:501 [DEBUG]  Task 16 launched with AppFuture: <AppFuture at 0x7f78e1f01320 state=pending>
2018-07-30 10:36:32 parsl.dataflow.dflow:480 [INFO]  Task 17 submitted for App sleeper, waiting on tasks []
2018-07-30 10:36:32 parsl.dataflow.dflow:286 [INFO]  Task 17 launched on executor midway_ipp
2018-07-30 10:36:32 parsl.dataflow.dflow:501 [DEBUG]  Task 17 launched with AppFuture: <AppFuture at 0x7f78e1f01b00 state=pending>
2018-07-30 10:36:32 parsl.dataflow.dflow:480 [INFO]  Task 18 submitted for App sleeper, waiting on tasks []
2018-07-30 10:36:32 parsl.dataflow.dflow:286 [INFO]  Task 18 launched on executor midway_ipp
2018-07-30 10:36:32 parsl.dataflow.dflow:501 [DEBUG]  Task 18 launched with AppFuture: <AppFuture at 0x7f78e1e8b358 state=pending>
2018-07-30 10:36:32 parsl.dataflow.dflow:480 [INFO]  Task 19 submitted for App sleeper, waiting on tasks []
2018-07-30 10:36:32 parsl.dataflow.dflow:286 [INFO]  Task 19 launched on executor midway_ipp
2018-07-30 10:36:32 parsl.dataflow.dflow:501 [DEBUG]  Task 19 launched with AppFuture: <AppFuture at 0x7f78e1e8bb70 state=pending>
2018-07-30 10:36:32 parsl.dataflow.dflow:480 [INFO]  Task 20 submitted for App sleeper, waiting on tasks []
2018-07-30 10:36:32 parsl.dataflow.dflow:286 [INFO]  Task 20 launched on executor midway_ipp
2018-07-30 10:36:32 parsl.dataflow.dflow:501 [DEBUG]  Task 20 launched with AppFuture: <AppFuture at 0x7f78e1e983c8 state=pending>
2018-07-30 10:36:32 parsl.dataflow.dflow:480 [INFO]  Task 21 submitted for App sleeper, waiting on tasks []
2018-07-30 10:36:32 parsl.dataflow.dflow:286 [INFO]  Task 21 launched on executor midway_ipp
2018-07-30 10:36:32 parsl.dataflow.dflow:501 [DEBUG]  Task 21 launched with AppFuture: <AppFuture at 0x7f78e1e98be0 state=pending>
2018-07-30 10:36:32 parsl.dataflow.dflow:480 [INFO]  Task 22 submitted for App sleeper, waiting on tasks []
2018-07-30 10:36:32 parsl.dataflow.dflow:286 [INFO]  Task 22 launched on executor midway_ipp
2018-07-30 10:36:32 parsl.dataflow.dflow:501 [DEBUG]  Task 22 launched with AppFuture: <AppFuture at 0x7f78e1ea2438 state=pending>
2018-07-30 10:36:32 parsl.dataflow.dflow:480 [INFO]  Task 23 submitted for App sleeper, waiting on tasks []
2018-07-30 10:36:32 parsl.dataflow.dflow:286 [INFO]  Task 23 launched on executor midway_ipp
2018-07-30 10:36:32 parsl.dataflow.dflow:501 [DEBUG]  Task 23 launched with AppFuture: <AppFuture at 0x7f78e1ea2c50 state=pending>
2018-07-30 10:36:32 parsl.dataflow.dflow:480 [INFO]  Task 24 submitted for App sleeper, waiting on tasks []
2018-07-30 10:36:32 parsl.dataflow.dflow:286 [INFO]  Task 24 launched on executor midway_ipp
2018-07-30 10:36:32 parsl.dataflow.dflow:501 [DEBUG]  Task 24 launched with AppFuture: <AppFuture at 0x7f78e1eac4a8 state=pending>
2018-07-30 10:36:32 parsl.dataflow.dflow:480 [INFO]  Task 25 submitted for App sleeper, waiting on tasks []
2018-07-30 10:36:32 parsl.dataflow.dflow:286 [INFO]  Task 25 launched on executor midway_ipp
2018-07-30 10:36:32 parsl.dataflow.dflow:501 [DEBUG]  Task 25 launched with AppFuture: <AppFuture at 0x7f78e1eaccc0 state=pending>
2018-07-30 10:36:32 parsl.dataflow.dflow:480 [INFO]  Task 26 submitted for App sleeper, waiting on tasks []
2018-07-30 10:36:32 parsl.dataflow.dflow:286 [INFO]  Task 26 launched on executor midway_ipp
2018-07-30 10:36:32 parsl.dataflow.dflow:501 [DEBUG]  Task 26 launched with AppFuture: <AppFuture at 0x7f78e1eb8518 state=pending>
2018-07-30 10:36:32 parsl.dataflow.dflow:480 [INFO]  Task 27 submitted for App sleeper, waiting on tasks []
2018-07-30 10:36:32 parsl.dataflow.dflow:286 [INFO]  Task 27 launched on executor midway_ipp
2018-07-30 10:36:32 parsl.dataflow.dflow:501 [DEBUG]  Task 27 launched with AppFuture: <AppFuture at 0x7f78e1eb8d30 state=pending>
2018-07-30 10:36:32 parsl.dataflow.dflow:480 [INFO]  Task 28 submitted for App sleeper, waiting on tasks []
2018-07-30 10:36:32 parsl.dataflow.dflow:286 [INFO]  Task 28 launched on executor midway_ipp
2018-07-30 10:36:32 parsl.dataflow.dflow:501 [DEBUG]  Task 28 launched with AppFuture: <AppFuture at 0x7f78e1e46588 state=pending>
2018-07-30 10:36:32 parsl.dataflow.dflow:480 [INFO]  Task 29 submitted for App sleeper, waiting on tasks []
2018-07-30 10:36:32 parsl.dataflow.dflow:286 [INFO]  Task 29 launched on executor midway_ipp
2018-07-30 10:36:32 parsl.dataflow.dflow:501 [DEBUG]  Task 29 launched with AppFuture: <AppFuture at 0x7f78e1e46da0 state=pending>
2018-07-30 10:36:32 parsl.dataflow.dflow:480 [INFO]  Task 30 submitted for App sleeper, waiting on tasks []
2018-07-30 10:36:32 parsl.dataflow.dflow:286 [INFO]  Task 30 launched on executor midway_ipp
2018-07-30 10:36:32 parsl.dataflow.dflow:501 [DEBUG]  Task 30 launched with AppFuture: <AppFuture at 0x7f78e1e525f8 state=pending>
2018-07-30 10:36:32 parsl.dataflow.dflow:480 [INFO]  Task 31 submitted for App sleeper, waiting on tasks []
2018-07-30 10:36:32 parsl.dataflow.dflow:286 [INFO]  Task 31 launched on executor midway_ipp
2018-07-30 10:36:32 parsl.dataflow.dflow:501 [DEBUG]  Task 31 launched with AppFuture: <AppFuture at 0x7f78e1e52e10 state=pending>
2018-07-30 10:36:32 parsl.dataflow.dflow:480 [INFO]  Task 32 submitted for App sleeper, waiting on tasks []
2018-07-30 10:36:32 parsl.dataflow.dflow:286 [INFO]  Task 32 launched on executor midway_ipp
2018-07-30 10:36:32 parsl.dataflow.dflow:501 [DEBUG]  Task 32 launched with AppFuture: <AppFuture at 0x7f78e1e5b668 state=pending>
2018-07-30 10:36:32 parsl.dataflow.dflow:480 [INFO]  Task 33 submitted for App sleeper, waiting on tasks []
2018-07-30 10:36:32 parsl.dataflow.dflow:286 [INFO]  Task 33 launched on executor midway_ipp
2018-07-30 10:36:32 parsl.dataflow.dflow:501 [DEBUG]  Task 33 launched with AppFuture: <AppFuture at 0x7f78e1e5be80 state=pending>
2018-07-30 10:36:32 parsl.dataflow.dflow:480 [INFO]  Task 34 submitted for App sleeper, waiting on tasks []
2018-07-30 10:36:32 parsl.dataflow.dflow:286 [INFO]  Task 34 launched on executor midway_ipp
2018-07-30 10:36:32 parsl.dataflow.dflow:501 [DEBUG]  Task 34 launched with AppFuture: <AppFuture at 0x7f78e1e686d8 state=pending>
2018-07-30 10:36:32 parsl.dataflow.dflow:480 [INFO]  Task 35 submitted for App sleeper, waiting on tasks []
2018-07-30 10:36:32 parsl.dataflow.dflow:286 [INFO]  Task 35 launched on executor midway_ipp
2018-07-30 10:36:32 parsl.dataflow.dflow:501 [DEBUG]  Task 35 launched with AppFuture: <AppFuture at 0x7f78e1e68ef0 state=pending>
2018-07-30 10:36:32 parsl.dataflow.dflow:480 [INFO]  Task 36 submitted for App sleeper, waiting on tasks []
2018-07-30 10:36:32 parsl.dataflow.dflow:286 [INFO]  Task 36 launched on executor midway_ipp
2018-07-30 10:36:32 parsl.dataflow.dflow:501 [DEBUG]  Task 36 launched with AppFuture: <AppFuture at 0x7f78e1e73748 state=pending>
2018-07-30 10:36:32 parsl.dataflow.dflow:480 [INFO]  Task 37 submitted for App sleeper, waiting on tasks []
2018-07-30 10:36:32 parsl.dataflow.dflow:286 [INFO]  Task 37 launched on executor midway_ipp
2018-07-30 10:36:32 parsl.dataflow.dflow:501 [DEBUG]  Task 37 launched with AppFuture: <AppFuture at 0x7f78e1e73f60 state=pending>
2018-07-30 10:36:32 parsl.dataflow.dflow:480 [INFO]  Task 38 submitted for App sleeper, waiting on tasks []
2018-07-30 10:36:32 parsl.dataflow.dflow:286 [INFO]  Task 38 launched on executor midway_ipp
2018-07-30 10:36:32 parsl.dataflow.dflow:501 [DEBUG]  Task 38 launched with AppFuture: <AppFuture at 0x7f78e1e7e7b8 state=pending>
2018-07-30 10:36:32 parsl.dataflow.dflow:480 [INFO]  Task 39 submitted for App sleeper, waiting on tasks []
2018-07-30 10:36:32 parsl.dataflow.dflow:286 [INFO]  Task 39 launched on executor midway_ipp
2018-07-30 10:36:32 parsl.dataflow.dflow:501 [DEBUG]  Task 39 launched with AppFuture: <AppFuture at 0x7f78e1e7efd0 state=pending>
2018-07-30 10:36:32 parsl.dataflow.dflow:480 [INFO]  Task 40 submitted for App sleeper, waiting on tasks []
2018-07-30 10:36:32 parsl.dataflow.dflow:286 [INFO]  Task 40 launched on executor midway_ipp
2018-07-30 10:36:32 parsl.dataflow.dflow:501 [DEBUG]  Task 40 launched with AppFuture: <AppFuture at 0x7f78e1e09828 state=pending>
2018-07-30 10:36:32 parsl.dataflow.dflow:480 [INFO]  Task 41 submitted for App sleeper, waiting on tasks []
2018-07-30 10:36:32 parsl.dataflow.dflow:286 [INFO]  Task 41 launched on executor midway_ipp
2018-07-30 10:36:32 parsl.dataflow.dflow:501 [DEBUG]  Task 41 launched with AppFuture: <AppFuture at 0x7f78e1e15080 state=pending>
2018-07-30 10:36:32 parsl.dataflow.dflow:480 [INFO]  Task 42 submitted for App sleeper, waiting on tasks []
2018-07-30 10:36:32 parsl.dataflow.dflow:286 [INFO]  Task 42 launched on executor midway_ipp
2018-07-30 10:36:32 parsl.dataflow.dflow:501 [DEBUG]  Task 42 launched with AppFuture: <AppFuture at 0x7f78e1e15898 state=pending>
2018-07-30 10:36:32 parsl.dataflow.dflow:480 [INFO]  Task 43 submitted for App sleeper, waiting on tasks []
2018-07-30 10:36:32 parsl.dataflow.dflow:286 [INFO]  Task 43 launched on executor midway_ipp
2018-07-30 10:36:32 parsl.dataflow.dflow:501 [DEBUG]  Task 43 launched with AppFuture: <AppFuture at 0x7f78e1e200f0 state=pending>
2018-07-30 10:36:32 parsl.dataflow.dflow:480 [INFO]  Task 44 submitted for App sleeper, waiting on tasks []
2018-07-30 10:36:32 parsl.dataflow.dflow:286 [INFO]  Task 44 launched on executor midway_ipp
2018-07-30 10:36:32 parsl.dataflow.dflow:501 [DEBUG]  Task 44 launched with AppFuture: <AppFuture at 0x7f78e1e20908 state=pending>
2018-07-30 10:36:32 parsl.dataflow.dflow:480 [INFO]  Task 45 submitted for App sleeper, waiting on tasks []
2018-07-30 10:36:32 parsl.dataflow.dflow:286 [INFO]  Task 45 launched on executor midway_ipp
2018-07-30 10:36:32 parsl.dataflow.dflow:501 [DEBUG]  Task 45 launched with AppFuture: <AppFuture at 0x7f78e1e2b160 state=pending>
2018-07-30 10:36:32 parsl.dataflow.dflow:480 [INFO]  Task 46 submitted for App sleeper, waiting on tasks []
2018-07-30 10:36:32 parsl.dataflow.dflow:286 [INFO]  Task 46 launched on executor midway_ipp
2018-07-30 10:36:32 parsl.dataflow.dflow:501 [DEBUG]  Task 46 launched with AppFuture: <AppFuture at 0x7f78e1e2b978 state=pending>
2018-07-30 10:36:32 parsl.dataflow.dflow:480 [INFO]  Task 47 submitted for App sleeper, waiting on tasks []
2018-07-30 10:36:32 parsl.dataflow.dflow:286 [INFO]  Task 47 launched on executor midway_ipp
2018-07-30 10:36:32 parsl.dataflow.dflow:501 [DEBUG]  Task 47 launched with AppFuture: <AppFuture at 0x7f78e1e361d0 state=pending>
2018-07-30 10:36:32 parsl.dataflow.dflow:480 [INFO]  Task 48 submitted for App sleeper, waiting on tasks []
2018-07-30 10:36:32 parsl.dataflow.dflow:286 [INFO]  Task 48 launched on executor midway_ipp
2018-07-30 10:36:32 parsl.dataflow.dflow:501 [DEBUG]  Task 48 launched with AppFuture: <AppFuture at 0x7f78e1e369e8 state=pending>
2018-07-30 10:36:32 parsl.dataflow.dflow:480 [INFO]  Task 49 submitted for App sleeper, waiting on tasks []
2018-07-30 10:36:32 parsl.dataflow.dflow:286 [INFO]  Task 49 launched on executor midway_ipp
2018-07-30 10:36:32 parsl.dataflow.dflow:501 [DEBUG]  Task 49 launched with AppFuture: <AppFuture at 0x7f78e1dc2240 state=pending>
2018-07-30 10:36:32 parsl.dataflow.dflow:480 [INFO]  Task 50 submitted for App sleeper, waiting on tasks []
2018-07-30 10:36:32 parsl.dataflow.dflow:286 [INFO]  Task 50 launched on executor midway_ipp
2018-07-30 10:36:32 parsl.dataflow.dflow:501 [DEBUG]  Task 50 launched with AppFuture: <AppFuture at 0x7f78e1dc2a58 state=pending>
2018-07-30 10:36:32 parsl.dataflow.dflow:480 [INFO]  Task 51 submitted for App sleeper, waiting on tasks []
2018-07-30 10:36:32 parsl.dataflow.dflow:286 [INFO]  Task 51 launched on executor midway_ipp
2018-07-30 10:36:32 parsl.dataflow.dflow:501 [DEBUG]  Task 51 launched with AppFuture: <AppFuture at 0x7f78e1dce2b0 state=pending>
2018-07-30 10:36:32 parsl.dataflow.dflow:480 [INFO]  Task 52 submitted for App sleeper, waiting on tasks []
2018-07-30 10:36:32 parsl.dataflow.dflow:286 [INFO]  Task 52 launched on executor midway_ipp
2018-07-30 10:36:32 parsl.dataflow.dflow:501 [DEBUG]  Task 52 launched with AppFuture: <AppFuture at 0x7f78e1dceac8 state=pending>
2018-07-30 10:36:32 parsl.dataflow.dflow:480 [INFO]  Task 53 submitted for App sleeper, waiting on tasks []
2018-07-30 10:36:32 parsl.dataflow.dflow:286 [INFO]  Task 53 launched on executor midway_ipp
2018-07-30 10:36:32 parsl.dataflow.dflow:501 [DEBUG]  Task 53 launched with AppFuture: <AppFuture at 0x7f78e1dda320 state=pending>
2018-07-30 10:36:32 parsl.dataflow.dflow:480 [INFO]  Task 54 submitted for App sleeper, waiting on tasks []
2018-07-30 10:36:32 parsl.dataflow.dflow:286 [INFO]  Task 54 launched on executor midway_ipp
2018-07-30 10:36:32 parsl.dataflow.dflow:501 [DEBUG]  Task 54 launched with AppFuture: <AppFuture at 0x7f78e1ddab38 state=pending>
2018-07-30 10:36:32 parsl.dataflow.dflow:480 [INFO]  Task 55 submitted for App sleeper, waiting on tasks []
2018-07-30 10:36:32 parsl.dataflow.dflow:286 [INFO]  Task 55 launched on executor midway_ipp
2018-07-30 10:36:32 parsl.dataflow.dflow:501 [DEBUG]  Task 55 launched with AppFuture: <AppFuture at 0x7f78e1de6390 state=pending>
2018-07-30 10:36:32 parsl.dataflow.dflow:480 [INFO]  Task 56 submitted for App sleeper, waiting on tasks []
2018-07-30 10:36:32 parsl.dataflow.dflow:286 [INFO]  Task 56 launched on executor midway_ipp
2018-07-30 10:36:32 parsl.dataflow.dflow:501 [DEBUG]  Task 56 launched with AppFuture: <AppFuture at 0x7f78e1de6ba8 state=pending>
2018-07-30 10:36:32 parsl.dataflow.dflow:480 [INFO]  Task 57 submitted for App sleeper, waiting on tasks []
2018-07-30 10:36:32 parsl.dataflow.dflow:286 [INFO]  Task 57 launched on executor midway_ipp
2018-07-30 10:36:32 parsl.dataflow.dflow:501 [DEBUG]  Task 57 launched with AppFuture: <AppFuture at 0x7f78e1df0400 state=pending>
2018-07-30 10:36:32 parsl.dataflow.dflow:480 [INFO]  Task 58 submitted for App sleeper, waiting on tasks []
2018-07-30 10:36:32 parsl.dataflow.dflow:286 [INFO]  Task 58 launched on executor midway_ipp
2018-07-30 10:36:32 parsl.dataflow.dflow:501 [DEBUG]  Task 58 launched with AppFuture: <AppFuture at 0x7f78e1df0c18 state=pending>
2018-07-30 10:36:32 parsl.dataflow.dflow:480 [INFO]  Task 59 submitted for App sleeper, waiting on tasks []
2018-07-30 10:36:32 parsl.dataflow.dflow:286 [INFO]  Task 59 launched on executor midway_ipp
2018-07-30 10:36:32 parsl.dataflow.dflow:501 [DEBUG]  Task 59 launched with AppFuture: <AppFuture at 0x7f78e1df9470 state=pending>
2018-07-30 10:36:32 parsl.dataflow.dflow:480 [INFO]  Task 60 submitted for App sleeper, waiting on tasks []
2018-07-30 10:36:32 parsl.dataflow.dflow:286 [INFO]  Task 60 launched on executor midway_ipp
2018-07-30 10:36:32 parsl.dataflow.dflow:501 [DEBUG]  Task 60 launched with AppFuture: <AppFuture at 0x7f78e1df9c88 state=pending>
2018-07-30 10:36:32 parsl.dataflow.dflow:480 [INFO]  Task 61 submitted for App sleeper, waiting on tasks []
2018-07-30 10:36:32 parsl.dataflow.dflow:286 [INFO]  Task 61 launched on executor midway_ipp
2018-07-30 10:36:32 parsl.dataflow.dflow:501 [DEBUG]  Task 61 launched with AppFuture: <AppFuture at 0x7f78e1d844e0 state=pending>
2018-07-30 10:36:32 parsl.dataflow.dflow:480 [INFO]  Task 62 submitted for App sleeper, waiting on tasks []
2018-07-30 10:36:32 parsl.dataflow.dflow:286 [INFO]  Task 62 launched on executor midway_ipp
2018-07-30 10:36:32 parsl.dataflow.dflow:501 [DEBUG]  Task 62 launched with AppFuture: <AppFuture at 0x7f78e1d84cf8 state=pending>
2018-07-30 10:36:32 parsl.dataflow.dflow:480 [INFO]  Task 63 submitted for App sleeper, waiting on tasks []
2018-07-30 10:36:32 parsl.dataflow.dflow:286 [INFO]  Task 63 launched on executor midway_ipp
2018-07-30 10:36:32 parsl.dataflow.dflow:501 [DEBUG]  Task 63 launched with AppFuture: <AppFuture at 0x7f78e1d93550 state=pending>
2018-07-30 10:36:32 parsl.dataflow.dflow:480 [INFO]  Task 64 submitted for App sleeper, waiting on tasks []
2018-07-30 10:36:32 parsl.dataflow.dflow:286 [INFO]  Task 64 launched on executor midway_ipp
2018-07-30 10:36:32 parsl.dataflow.dflow:501 [DEBUG]  Task 64 launched with AppFuture: <AppFuture at 0x7f78e1d93d68 state=pending>
2018-07-30 10:36:32 parsl.dataflow.dflow:480 [INFO]  Task 65 submitted for App sleeper, waiting on tasks []
2018-07-30 10:36:32 parsl.dataflow.dflow:286 [INFO]  Task 65 launched on executor midway_ipp
2018-07-30 10:36:32 parsl.dataflow.dflow:501 [DEBUG]  Task 65 launched with AppFuture: <AppFuture at 0x7f78e1d9d5c0 state=pending>
2018-07-30 10:36:32 parsl.dataflow.dflow:480 [INFO]  Task 66 submitted for App sleeper, waiting on tasks []
2018-07-30 10:36:32 parsl.dataflow.dflow:286 [INFO]  Task 66 launched on executor midway_ipp
2018-07-30 10:36:32 parsl.dataflow.dflow:501 [DEBUG]  Task 66 launched with AppFuture: <AppFuture at 0x7f78e1d9ddd8 state=pending>
2018-07-30 10:36:32 parsl.dataflow.dflow:480 [INFO]  Task 67 submitted for App sleeper, waiting on tasks []
2018-07-30 10:36:32 parsl.dataflow.dflow:286 [INFO]  Task 67 launched on executor midway_ipp
2018-07-30 10:36:32 parsl.dataflow.dflow:501 [DEBUG]  Task 67 launched with AppFuture: <AppFuture at 0x7f78e1dab630 state=pending>
2018-07-30 10:36:32 parsl.dataflow.dflow:480 [INFO]  Task 68 submitted for App sleeper, waiting on tasks []
2018-07-30 10:36:32 parsl.dataflow.dflow:286 [INFO]  Task 68 launched on executor midway_ipp
2018-07-30 10:36:32 parsl.dataflow.dflow:501 [DEBUG]  Task 68 launched with AppFuture: <AppFuture at 0x7f78e1dabe48 state=pending>
2018-07-30 10:36:32 parsl.dataflow.dflow:480 [INFO]  Task 69 submitted for App sleeper, waiting on tasks []
2018-07-30 10:36:32 parsl.dataflow.dflow:286 [INFO]  Task 69 launched on executor midway_ipp
2018-07-30 10:36:32 parsl.dataflow.dflow:501 [DEBUG]  Task 69 launched with AppFuture: <AppFuture at 0x7f78e1db56a0 state=pending>
2018-07-30 10:36:32 parsl.dataflow.dflow:480 [INFO]  Task 70 submitted for App sleeper, waiting on tasks []
2018-07-30 10:36:32 parsl.dataflow.dflow:286 [INFO]  Task 70 launched on executor midway_ipp
2018-07-30 10:36:32 parsl.dataflow.dflow:501 [DEBUG]  Task 70 launched with AppFuture: <AppFuture at 0x7f78e1db5eb8 state=pending>
2018-07-30 10:36:32 parsl.dataflow.dflow:480 [INFO]  Task 71 submitted for App sleeper, waiting on tasks []
2018-07-30 10:36:32 parsl.dataflow.dflow:286 [INFO]  Task 71 launched on executor midway_ipp
2018-07-30 10:36:32 parsl.dataflow.dflow:501 [DEBUG]  Task 71 launched with AppFuture: <AppFuture at 0x7f78e1dc1710 state=pending>
2018-07-30 10:36:32 parsl.dataflow.dflow:480 [INFO]  Task 72 submitted for App sleeper, waiting on tasks []
2018-07-30 10:36:32 parsl.dataflow.dflow:286 [INFO]  Task 72 launched on executor midway_ipp
2018-07-30 10:36:32 parsl.dataflow.dflow:501 [DEBUG]  Task 72 launched with AppFuture: <AppFuture at 0x7f78e1dc1f28 state=pending>
2018-07-30 10:36:32 parsl.dataflow.dflow:480 [INFO]  Task 73 submitted for App sleeper, waiting on tasks []
2018-07-30 10:36:32 parsl.dataflow.dflow:286 [INFO]  Task 73 launched on executor midway_ipp
2018-07-30 10:36:32 parsl.dataflow.dflow:501 [DEBUG]  Task 73 launched with AppFuture: <AppFuture at 0x7f78e1d4b780 state=pending>
2018-07-30 10:36:32 parsl.dataflow.dflow:480 [INFO]  Task 74 submitted for App sleeper, waiting on tasks []
2018-07-30 10:36:32 parsl.dataflow.dflow:286 [INFO]  Task 74 launched on executor midway_ipp
2018-07-30 10:36:32 parsl.dataflow.dflow:501 [DEBUG]  Task 74 launched with AppFuture: <AppFuture at 0x7f78e1d4bf98 state=pending>
2018-07-30 10:36:32 parsl.dataflow.dflow:480 [INFO]  Task 75 submitted for App sleeper, waiting on tasks []
2018-07-30 10:36:32 parsl.dataflow.dflow:286 [INFO]  Task 75 launched on executor midway_ipp
2018-07-30 10:36:32 parsl.dataflow.dflow:501 [DEBUG]  Task 75 launched with AppFuture: <AppFuture at 0x7f78e1d5a7f0 state=pending>
2018-07-30 10:36:32 parsl.dataflow.dflow:480 [INFO]  Task 76 submitted for App sleeper, waiting on tasks []
2018-07-30 10:36:32 parsl.dataflow.dflow:286 [INFO]  Task 76 launched on executor midway_ipp
2018-07-30 10:36:32 parsl.dataflow.dflow:501 [DEBUG]  Task 76 launched with AppFuture: <AppFuture at 0x7f78e1d63048 state=pending>
2018-07-30 10:36:32 parsl.dataflow.dflow:480 [INFO]  Task 77 submitted for App sleeper, waiting on tasks []
2018-07-30 10:36:32 parsl.dataflow.dflow:286 [INFO]  Task 77 launched on executor midway_ipp
2018-07-30 10:36:32 parsl.dataflow.dflow:501 [DEBUG]  Task 77 launched with AppFuture: <AppFuture at 0x7f78e1d63860 state=pending>
2018-07-30 10:36:32 parsl.dataflow.dflow:480 [INFO]  Task 78 submitted for App sleeper, waiting on tasks []
2018-07-30 10:36:32 parsl.dataflow.dflow:286 [INFO]  Task 78 launched on executor midway_ipp
2018-07-30 10:36:32 parsl.dataflow.dflow:501 [DEBUG]  Task 78 launched with AppFuture: <AppFuture at 0x7f78e1d700b8 state=pending>
2018-07-30 10:36:32 parsl.dataflow.dflow:480 [INFO]  Task 79 submitted for App sleeper, waiting on tasks []
2018-07-30 10:36:32 parsl.dataflow.dflow:286 [INFO]  Task 79 launched on executor midway_ipp
2018-07-30 10:36:32 parsl.dataflow.dflow:501 [DEBUG]  Task 79 launched with AppFuture: <AppFuture at 0x7f78e1d708d0 state=pending>
2018-07-30 10:36:32 parsl.dataflow.dflow:480 [INFO]  Task 80 submitted for App sleeper, waiting on tasks []
2018-07-30 10:36:32 parsl.dataflow.dflow:286 [INFO]  Task 80 launched on executor midway_ipp
2018-07-30 10:36:32 parsl.dataflow.dflow:501 [DEBUG]  Task 80 launched with AppFuture: <AppFuture at 0x7f78e1d78128 state=pending>
2018-07-30 10:36:32 parsl.dataflow.dflow:480 [INFO]  Task 81 submitted for App sleeper, waiting on tasks []
2018-07-30 10:36:32 parsl.dataflow.dflow:286 [INFO]  Task 81 launched on executor midway_ipp
2018-07-30 10:36:32 parsl.dataflow.dflow:501 [DEBUG]  Task 81 launched with AppFuture: <AppFuture at 0x7f78e1d78940 state=pending>
2018-07-30 10:36:32 parsl.dataflow.dflow:480 [INFO]  Task 82 submitted for App sleeper, waiting on tasks []
2018-07-30 10:36:32 parsl.dataflow.dflow:286 [INFO]  Task 82 launched on executor midway_ipp
2018-07-30 10:36:32 parsl.dataflow.dflow:501 [DEBUG]  Task 82 launched with AppFuture: <AppFuture at 0x7f78e1d05198 state=pending>
2018-07-30 10:36:32 parsl.dataflow.dflow:480 [INFO]  Task 83 submitted for App sleeper, waiting on tasks []
2018-07-30 10:36:32 parsl.dataflow.dflow:286 [INFO]  Task 83 launched on executor midway_ipp
2018-07-30 10:36:32 parsl.dataflow.dflow:501 [DEBUG]  Task 83 launched with AppFuture: <AppFuture at 0x7f78e1d059b0 state=pending>
2018-07-30 10:36:32 parsl.dataflow.dflow:480 [INFO]  Task 84 submitted for App sleeper, waiting on tasks []
2018-07-30 10:36:32 parsl.dataflow.dflow:286 [INFO]  Task 84 launched on executor midway_ipp
2018-07-30 10:36:32 parsl.dataflow.dflow:501 [DEBUG]  Task 84 launched with AppFuture: <AppFuture at 0x7f78e1d10208 state=pending>
2018-07-30 10:36:32 parsl.dataflow.dflow:480 [INFO]  Task 85 submitted for App sleeper, waiting on tasks []
2018-07-30 10:36:32 parsl.dataflow.dflow:286 [INFO]  Task 85 launched on executor midway_ipp
2018-07-30 10:36:32 parsl.dataflow.dflow:501 [DEBUG]  Task 85 launched with AppFuture: <AppFuture at 0x7f78e1d10a20 state=pending>
2018-07-30 10:36:32 parsl.dataflow.dflow:480 [INFO]  Task 86 submitted for App sleeper, waiting on tasks []
2018-07-30 10:36:32 parsl.dataflow.dflow:286 [INFO]  Task 86 launched on executor midway_ipp
2018-07-30 10:36:32 parsl.dataflow.dflow:501 [DEBUG]  Task 86 launched with AppFuture: <AppFuture at 0x7f78e1d1d278 state=pending>
2018-07-30 10:36:32 parsl.dataflow.dflow:480 [INFO]  Task 87 submitted for App sleeper, waiting on tasks []
2018-07-30 10:36:32 parsl.dataflow.dflow:286 [INFO]  Task 87 launched on executor midway_ipp
2018-07-30 10:36:32 parsl.dataflow.dflow:501 [DEBUG]  Task 87 launched with AppFuture: <AppFuture at 0x7f78e1d1da90 state=pending>
2018-07-30 10:36:32 parsl.dataflow.dflow:480 [INFO]  Task 88 submitted for App sleeper, waiting on tasks []
2018-07-30 10:36:32 parsl.dataflow.dflow:286 [INFO]  Task 88 launched on executor midway_ipp
2018-07-30 10:36:32 parsl.dataflow.dflow:501 [DEBUG]  Task 88 launched with AppFuture: <AppFuture at 0x7f78e1d292e8 state=pending>
2018-07-30 10:36:32 parsl.dataflow.dflow:480 [INFO]  Task 89 submitted for App sleeper, waiting on tasks []
2018-07-30 10:36:32 parsl.dataflow.dflow:286 [INFO]  Task 89 launched on executor midway_ipp
2018-07-30 10:36:32 parsl.dataflow.dflow:501 [DEBUG]  Task 89 launched with AppFuture: <AppFuture at 0x7f78e1d29b00 state=pending>
2018-07-30 10:36:32 parsl.dataflow.dflow:480 [INFO]  Task 90 submitted for App sleeper, waiting on tasks []
2018-07-30 10:36:32 parsl.dataflow.dflow:286 [INFO]  Task 90 launched on executor midway_ipp
2018-07-30 10:36:32 parsl.dataflow.dflow:501 [DEBUG]  Task 90 launched with AppFuture: <AppFuture at 0x7f78e1d33470 state=pending>
2018-07-30 10:36:32 parsl.dataflow.dflow:480 [INFO]  Task 91 submitted for App sleeper, waiting on tasks []
2018-07-30 10:36:32 parsl.dataflow.dflow:286 [INFO]  Task 91 launched on executor midway_ipp
2018-07-30 10:36:32 parsl.dataflow.dflow:501 [DEBUG]  Task 91 launched with AppFuture: <AppFuture at 0x7f78e1d33ba8 state=pending>
2018-07-30 10:36:32 parsl.dataflow.dflow:480 [INFO]  Task 92 submitted for App sleeper, waiting on tasks []
2018-07-30 10:36:32 parsl.dataflow.dflow:286 [INFO]  Task 92 launched on executor midway_ipp
2018-07-30 10:36:32 parsl.dataflow.dflow:501 [DEBUG]  Task 92 launched with AppFuture: <AppFuture at 0x7f78e1d3e3c8 state=pending>
2018-07-30 10:36:32 parsl.dataflow.dflow:480 [INFO]  Task 93 submitted for App sleeper, waiting on tasks []
2018-07-30 10:36:32 parsl.dataflow.dflow:286 [INFO]  Task 93 launched on executor midway_ipp
2018-07-30 10:36:32 parsl.dataflow.dflow:501 [DEBUG]  Task 93 launched with AppFuture: <AppFuture at 0x7f78e1d3ebe0 state=pending>
2018-07-30 10:36:32 parsl.dataflow.dflow:480 [INFO]  Task 94 submitted for App sleeper, waiting on tasks []
2018-07-30 10:36:32 parsl.dataflow.dflow:286 [INFO]  Task 94 launched on executor midway_ipp
2018-07-30 10:36:32 parsl.dataflow.dflow:501 [DEBUG]  Task 94 launched with AppFuture: <AppFuture at 0x7f78e1cc9438 state=pending>
2018-07-30 10:36:32 parsl.dataflow.dflow:480 [INFO]  Task 95 submitted for App sleeper, waiting on tasks []
2018-07-30 10:36:32 parsl.dataflow.dflow:286 [INFO]  Task 95 launched on executor midway_ipp
2018-07-30 10:36:32 parsl.dataflow.dflow:501 [DEBUG]  Task 95 launched with AppFuture: <AppFuture at 0x7f78e1cc9c50 state=pending>
2018-07-30 10:36:32 parsl.dataflow.dflow:480 [INFO]  Task 96 submitted for App sleeper, waiting on tasks []
2018-07-30 10:36:32 parsl.dataflow.dflow:286 [INFO]  Task 96 launched on executor midway_ipp
2018-07-30 10:36:32 parsl.dataflow.dflow:501 [DEBUG]  Task 96 launched with AppFuture: <AppFuture at 0x7f78e1cd54a8 state=pending>
2018-07-30 10:36:32 parsl.dataflow.dflow:480 [INFO]  Task 97 submitted for App sleeper, waiting on tasks []
2018-07-30 10:36:32 parsl.dataflow.dflow:286 [INFO]  Task 97 launched on executor midway_ipp
2018-07-30 10:36:32 parsl.dataflow.dflow:501 [DEBUG]  Task 97 launched with AppFuture: <AppFuture at 0x7f78e1cd5cc0 state=pending>
2018-07-30 10:36:32 parsl.dataflow.dflow:480 [INFO]  Task 98 submitted for App sleeper, waiting on tasks []
2018-07-30 10:36:32 parsl.dataflow.dflow:286 [INFO]  Task 98 launched on executor midway_ipp
2018-07-30 10:36:32 parsl.dataflow.dflow:501 [DEBUG]  Task 98 launched with AppFuture: <AppFuture at 0x7f78e1ce0518 state=pending>
2018-07-30 10:36:32 parsl.dataflow.dflow:480 [INFO]  Task 99 submitted for App sleeper, waiting on tasks []
2018-07-30 10:36:32 parsl.dataflow.dflow:286 [INFO]  Task 99 launched on executor midway_ipp
2018-07-30 10:36:32 parsl.dataflow.dflow:501 [DEBUG]  Task 99 launched with AppFuture: <AppFuture at 0x7f78e1ce0d30 state=pending>
2018-07-30 10:36:33 parsl.dataflow.strategy:175 [DEBUG]  Tasks:100 Slots:16 Parallelism:0.5
2018-07-30 10:36:35 parsl.dataflow.dflow:591 [INFO]  DFK cleanup initiated
2018-07-30 10:36:35 parsl.dataflow.dflow:538 [INFO]  Summary of tasks in DFK:
2018-07-30 10:36:35 parsl.dataflow.dflow:569 [INFO]  Tasks in state States.running: 0, 1, 2, 3, 4, 5, 6, 7, 8, 9, 10, 11, 12, 13, 14, 15, 16, 17, 18, 19, 20, 21, 22, 23, 24, 25, 26, 27, 28, 29, 30, 31, 32, 33, 34, 35, 36, 37, 38, 39, 40, 41, 42, 43, 44, 45, 46, 47, 48, 49, 50, 51, 52, 53, 54, 55, 56, 57, 58, 59, 60, 61, 62, 63, 64, 65, 66, 67, 68, 69, 70, 71, 72, 73, 74, 75, 76, 77, 78, 79, 80, 81, 82, 83, 84, 85, 86, 87, 88, 89, 90, 91, 92, 93, 94, 95, 96, 97, 98, 99
2018-07-30 10:36:35 parsl.dataflow.dflow:576 [INFO]  End of summary
2018-07-30 10:36:35 parsl.dataflow.dflow:615 [INFO]  Terminating flow_control and strategy threads
2018-07-30 10:36:35 parsl.executors.ipp:282 [DEBUG]  IPP:Shutdown sequence: Attempting controller kill
2018-07-30 10:36:35 parsl.executors.ipp_controller:142 [DEBUG]  Controller exited with 0
2018-07-30 10:36:35 parsl.executors.ipp:292 [DEBUG]  Done with executor shutdown
2018-07-30 10:36:35 parsl.data_provider.data_manager:66 [DEBUG]  Done with executor shutdown
2018-07-30 10:36:35 parsl.dataflow.dflow:625 [INFO]  DFK cleanup complete
