2018-07-19 09:55:02.379 [IPControllerApp] Created profile dir: '/scratch/midway2/madduru/parsl/parsl/tests/integration/test_stress/runinfo/1200/profile_midway_ipp'
2018-07-19 09:55:02.398 [IPControllerApp] Hub listening on tcp://*:34092 for registration.
2018-07-19 09:55:02.399 [IPControllerApp] Hub using DB backend: 'DictDB'
2018-07-19 09:55:02.663 [IPControllerApp] hub::created hub
2018-07-19 09:55:02.663 [IPControllerApp] writing connection info to /scratch/midway2/madduru/parsl/parsl/tests/integration/test_stress/runinfo/1200/profile_midway_ipp/security/ipcontroller-client.json
2018-07-19 09:55:02.665 [IPControllerApp] writing connection info to /scratch/midway2/madduru/parsl/parsl/tests/integration/test_stress/runinfo/1200/profile_midway_ipp/security/ipcontroller-engine.json
2018-07-19 09:55:02.666 [IPControllerApp] task::using Python leastload Task scheduler
2018-07-19 09:55:02.666 [IPControllerApp] Heartmonitor started
2018-07-19 09:55:02.675 [IPControllerApp] Creating pid file: /scratch/midway2/madduru/parsl/parsl/tests/integration/test_stress/runinfo/1200/profile_midway_ipp/pid/ipcontroller.pid
2018-07-19 09:55:02.684 [scheduler] Scheduler started [leastload]
2018-07-19 09:55:02.687 [IPControllerApp] client::client b'\x00k\x8bEg' requested 'connection_request'
2018-07-19 09:55:02.687 [IPControllerApp] client::client [b'\x00k\x8bEg'] connected
2018-07-19 09:55:03.717 [IPControllerApp] client::client b'\x00k\x8bEh' requested 'connection_request'
2018-07-19 09:55:03.718 [IPControllerApp] client::client [b'\x00k\x8bEh'] connected
2018-07-19 09:55:36.417 [IPControllerApp] client::client b'7c699504-f0f7fb4516c439e449fc73f1' requested 'registration_request'
2018-07-19 09:55:36.418 [IPControllerApp] client::client b'38077375-3b8418cb20cfe787ecb9d8a3' requested 'registration_request'
2018-07-19 09:55:36.419 [IPControllerApp] client::client b'5442d3c3-792678c530d2f6a8eef469c8' requested 'registration_request'
2018-07-19 09:55:36.420 [IPControllerApp] client::client b'6c8b3c43-ab269e2286106bda7c9000dd' requested 'registration_request'
2018-07-19 09:55:36.421 [IPControllerApp] client::client b'0992d9dc-9d6231344a96e3fa982868e5' requested 'registration_request'
2018-07-19 09:55:36.422 [IPControllerApp] client::client b'86dc88fc-bbe2e51b83d8c22d5586700a' requested 'registration_request'
2018-07-19 09:55:36.423 [IPControllerApp] client::client b'edb0e141-462271d7a81df186e3a83431' requested 'registration_request'
2018-07-19 09:55:36.424 [IPControllerApp] client::client b'b7c82af4-ef231526667b2bbbbf57428d' requested 'registration_request'
2018-07-19 09:55:41.667 [IPControllerApp] registration::finished registering engine 6:edb0e141-462271d7a81df186e3a83431
2018-07-19 09:55:41.668 [IPControllerApp] engine::Engine Connected: 6
2018-07-19 09:55:41.669 [IPControllerApp] registration::finished registering engine 7:b7c82af4-ef231526667b2bbbbf57428d
2018-07-19 09:55:41.670 [IPControllerApp] engine::Engine Connected: 7
2018-07-19 09:55:41.670 [IPControllerApp] registration::finished registering engine 1:38077375-3b8418cb20cfe787ecb9d8a3
2018-07-19 09:55:41.670 [IPControllerApp] engine::Engine Connected: 1
2018-07-19 09:55:41.671 [IPControllerApp] registration::finished registering engine 2:5442d3c3-792678c530d2f6a8eef469c8
2018-07-19 09:55:41.671 [IPControllerApp] engine::Engine Connected: 2
2018-07-19 09:55:41.671 [IPControllerApp] registration::finished registering engine 0:7c699504-f0f7fb4516c439e449fc73f1
2018-07-19 09:55:41.671 [IPControllerApp] engine::Engine Connected: 0
2018-07-19 09:55:41.672 [IPControllerApp] registration::finished registering engine 5:86dc88fc-bbe2e51b83d8c22d5586700a
2018-07-19 09:55:41.672 [IPControllerApp] engine::Engine Connected: 5
2018-07-19 09:55:41.672 [IPControllerApp] registration::finished registering engine 3:6c8b3c43-ab269e2286106bda7c9000dd
2018-07-19 09:55:41.673 [IPControllerApp] engine::Engine Connected: 3
2018-07-19 09:55:41.673 [IPControllerApp] registration::finished registering engine 4:0992d9dc-9d6231344a96e3fa982868e5
2018-07-19 09:55:41.676 [IPControllerApp] engine::Engine Connected: 4
2018-07-19 09:55:41.678 [IPControllerApp] task::task 'd2980b6c-6739adac1c89a7f32a605529' arrived on 6
2018-07-19 09:55:41.679 [IPControllerApp] task::task 'fbf55dd0-056618ea981565195d41f2c6' arrived on 7
2018-07-19 09:55:41.680 [IPControllerApp] task::task 'd8f26b57-75cc55870c8ae423e2ad202e' arrived on 1
2018-07-19 09:55:41.682 [IPControllerApp] task::task '4cc97711-8752b4bed7d515c25f21a0a5' arrived on 2
2018-07-19 09:55:41.682 [IPControllerApp] task::task 'b834c7f9-cb442b8d3a5fb5b67079ca03' arrived on 0
2018-07-19 09:55:41.683 [IPControllerApp] task::task 'bb0681b7-09358cbcf615ee32861cd7c1' arrived on 5
2018-07-19 09:55:41.684 [IPControllerApp] task::task '5456edd2-89521ea10190cc4a6ed3ea6f' arrived on 3
2018-07-19 09:55:41.684 [IPControllerApp] task::task '2a078fc2-911049878ab94d49feabd441' arrived on 4
2018-07-19 09:55:55.602 [IPControllerApp] task::task '438ac9ee-78fef24784ec604ae8920243' arrived on 3
2018-07-19 09:55:55.603 [IPControllerApp] task::task '5456edd2-89521ea10190cc4a6ed3ea6f' finished on 3
2018-07-19 09:55:55.604 [IPControllerApp] task::task '83cb037f-3e1892f43399c95e3ccd779e' arrived on 2
2018-07-19 09:55:55.605 [IPControllerApp] task::task '4cc97711-8752b4bed7d515c25f21a0a5' finished on 2
2018-07-19 09:55:55.607 [IPControllerApp] task::task '437b10ef-8cc0d129ce742c702813b673' arrived on 0
2018-07-19 09:55:55.608 [IPControllerApp] task::task 'b834c7f9-cb442b8d3a5fb5b67079ca03' finished on 0
2018-07-19 09:55:55.610 [IPControllerApp] task::task '88671910-6e0ada18e04d438aabffd72f' arrived on 7
2018-07-19 09:55:55.611 [IPControllerApp] task::task 'fbf55dd0-056618ea981565195d41f2c6' finished on 7
2018-07-19 09:55:55.613 [IPControllerApp] task::task '2647184b-5c2c9ff22489a6cccc68232a' arrived on 1
2018-07-19 09:55:55.614 [IPControllerApp] task::task 'd8f26b57-75cc55870c8ae423e2ad202e' finished on 1
2018-07-19 09:55:55.616 [IPControllerApp] task::task '4d8692b9-157d93b7b9412aa44de41481' arrived on 6
2018-07-19 09:55:55.617 [IPControllerApp] task::task 'd2980b6c-6739adac1c89a7f32a605529' finished on 6
2018-07-19 09:55:55.619 [IPControllerApp] task::task '92a81a0f-77ccbd3abb742dd4ab1d5dd0' arrived on 5
2018-07-19 09:55:55.620 [IPControllerApp] task::task 'bb0681b7-09358cbcf615ee32861cd7c1' finished on 5
2018-07-19 09:55:55.622 [IPControllerApp] task::task '3f4f0c48-f5b5aa8592b9ba3f330bb878' arrived on 4
2018-07-19 09:55:55.622 [IPControllerApp] task::task '2a078fc2-911049878ab94d49feabd441' finished on 4
2018-07-19 09:56:05.644 [IPControllerApp] task::task '13005b57-d8155b14b8b8836b34eadb46' arrived on 0
2018-07-19 09:56:05.645 [IPControllerApp] task::task '437b10ef-8cc0d129ce742c702813b673' finished on 0
2018-07-19 09:56:05.646 [IPControllerApp] task::task '9c1e3c1d-748a83967d00648d9a92986b' arrived on 7
2018-07-19 09:56:05.646 [IPControllerApp] task::task '88671910-6e0ada18e04d438aabffd72f' finished on 7
2018-07-19 09:56:05.647 [IPControllerApp] task::task '1491d337-e62130beea479bd7f5519514' arrived on 6
2018-07-19 09:56:05.648 [IPControllerApp] task::task '4d8692b9-157d93b7b9412aa44de41481' finished on 6
2018-07-19 09:56:05.652 [IPControllerApp] task::task '92e45491-a51f090a101823963c180a60' arrived on 1
2018-07-19 09:56:05.653 [IPControllerApp] task::task '2647184b-5c2c9ff22489a6cccc68232a' finished on 1
2018-07-19 09:56:05.654 [IPControllerApp] task::task '7a7a9bab-572f2e2a414b449dd94fcb83' arrived on 5
2018-07-19 09:56:05.655 [IPControllerApp] task::task '92a81a0f-77ccbd3abb742dd4ab1d5dd0' finished on 5
2018-07-19 09:56:05.657 [IPControllerApp] task::task 'a8afb08a-120d54f93c9db1672bd647b4' arrived on 4
2018-07-19 09:56:05.658 [IPControllerApp] task::task '3f4f0c48-f5b5aa8592b9ba3f330bb878' finished on 4
2018-07-19 09:56:05.659 [IPControllerApp] task::task '8b3ba735-843a77cf3f7f532bb0493cb7' arrived on 3
2018-07-19 09:56:05.660 [IPControllerApp] task::task '438ac9ee-78fef24784ec604ae8920243' finished on 3
2018-07-19 09:56:05.662 [IPControllerApp] task::task '31de8092-dfb804622e9739dff0d77340' arrived on 2
2018-07-19 09:56:05.663 [IPControllerApp] task::task '83cb037f-3e1892f43399c95e3ccd779e' finished on 2
2018-07-19 09:56:15.681 [IPControllerApp] task::task '82003f2f-601a3fb8f8c17b1f60093b0a' arrived on 0
2018-07-19 09:56:15.683 [IPControllerApp] task::task '13005b57-d8155b14b8b8836b34eadb46' finished on 0
2018-07-19 09:56:15.685 [IPControllerApp] task::task '4240478b-81afb285989e08b2b1d9a49c' arrived on 1
2018-07-19 09:56:15.686 [IPControllerApp] task::task '92e45491-a51f090a101823963c180a60' finished on 1
2018-07-19 09:56:15.687 [IPControllerApp] task::task '40690f57-5a2e2d2fff0527a2101f3946' arrived on 3
2018-07-19 09:56:15.688 [IPControllerApp] task::task '8b3ba735-843a77cf3f7f532bb0493cb7' finished on 3
2018-07-19 09:56:15.689 [IPControllerApp] task::task 'ef602f56-4d29c06a63fe397448a6cea5' arrived on 6
2018-07-19 09:56:15.690 [IPControllerApp] task::task '1491d337-e62130beea479bd7f5519514' finished on 6
2018-07-19 09:56:15.691 [IPControllerApp] task::task '79ca56f6-8479549ca3e9c7cb582870be' arrived on 7
2018-07-19 09:56:15.693 [IPControllerApp] task::task '9c1e3c1d-748a83967d00648d9a92986b' finished on 7
2018-07-19 09:56:15.694 [IPControllerApp] task::task 'e0923a71-8c6bf9048b854c0ad12e1ded' arrived on 5
2018-07-19 09:56:15.695 [IPControllerApp] task::task '7a7a9bab-572f2e2a414b449dd94fcb83' finished on 5
2018-07-19 09:56:15.696 [IPControllerApp] task::task 'ae09ab2e-61054908a9dc0fb2e76045f2' arrived on 4
2018-07-19 09:56:15.697 [IPControllerApp] task::task 'a8afb08a-120d54f93c9db1672bd647b4' finished on 4
2018-07-19 09:56:15.698 [IPControllerApp] task::task '9b8474f6-a44ab4e243708c78c0a222ab' arrived on 2
2018-07-19 09:56:15.699 [IPControllerApp] task::task '31de8092-dfb804622e9739dff0d77340' finished on 2
2018-07-19 09:56:25.713 [IPControllerApp] task::task '267eabc6-e7726517d7e30f9243d74dbb' arrived on 1
2018-07-19 09:56:25.714 [IPControllerApp] task::task '4240478b-81afb285989e08b2b1d9a49c' finished on 1
2018-07-19 09:56:25.716 [IPControllerApp] task::task 'c7155467-228272a18ed877b3eadff65c' arrived on 6
2018-07-19 09:56:25.717 [IPControllerApp] task::task 'ef602f56-4d29c06a63fe397448a6cea5' finished on 6
2018-07-19 09:56:25.719 [IPControllerApp] task::task '1cf67eaf-da9748eeea81d9f885920dec' arrived on 3
2018-07-19 09:56:25.720 [IPControllerApp] task::task '40690f57-5a2e2d2fff0527a2101f3946' finished on 3
2018-07-19 09:56:25.721 [IPControllerApp] task::task '6e4ccd4e-ee763bc0e364231de7843cd2' arrived on 0
2018-07-19 09:56:25.723 [IPControllerApp] task::task '82003f2f-601a3fb8f8c17b1f60093b0a' finished on 0
2018-07-19 09:56:25.724 [IPControllerApp] task::task 'd001da66-f6a0c260b59f4f8072d885d9' arrived on 2
2018-07-19 09:56:25.725 [IPControllerApp] task::task '9b8474f6-a44ab4e243708c78c0a222ab' finished on 2
2018-07-19 09:56:25.726 [IPControllerApp] task::task '3d722bfa-176c7cbfb070311da6068214' arrived on 7
2018-07-19 09:56:25.727 [IPControllerApp] task::task '79ca56f6-8479549ca3e9c7cb582870be' finished on 7
2018-07-19 09:56:25.729 [IPControllerApp] task::task '7bd40306-61c4f774e8b772a03e8e6fda' arrived on 4
2018-07-19 09:56:25.730 [IPControllerApp] task::task 'ae09ab2e-61054908a9dc0fb2e76045f2' finished on 4
2018-07-19 09:56:25.731 [IPControllerApp] task::task 'da851659-134c73928124520915646200' arrived on 5
2018-07-19 09:56:25.732 [IPControllerApp] task::task 'e0923a71-8c6bf9048b854c0ad12e1ded' finished on 5
2018-07-19 09:56:35.727 [IPControllerApp] task::task '1b1babc4-b6f4f669b234a549d9c4bc45' arrived on 1
2018-07-19 09:56:35.727 [IPControllerApp] task::task '267eabc6-e7726517d7e30f9243d74dbb' finished on 1
2018-07-19 09:56:35.728 [IPControllerApp] task::task '4c9d510a-5c7031fa1ce5de110fd5d75a' arrived on 6
2018-07-19 09:56:35.729 [IPControllerApp] task::task 'c7155467-228272a18ed877b3eadff65c' finished on 6
2018-07-19 09:56:35.735 [IPControllerApp] task::task '19a6d17c-4596a1596e8d1be197f490ff' arrived on 7
2018-07-19 09:56:35.735 [IPControllerApp] task::task '3d722bfa-176c7cbfb070311da6068214' finished on 7
2018-07-19 09:56:35.737 [IPControllerApp] task::task '764f7270-f27aaa2a39f8887935b5e5f8' arrived on 3
2018-07-19 09:56:35.738 [IPControllerApp] task::task '1cf67eaf-da9748eeea81d9f885920dec' finished on 3
2018-07-19 09:56:35.739 [IPControllerApp] task::task 'dd6c32b9-ff0f4d147ab35ea6232a7f0f' arrived on 0
2018-07-19 09:56:35.739 [IPControllerApp] task::task '6e4ccd4e-ee763bc0e364231de7843cd2' finished on 0
2018-07-19 09:56:35.741 [IPControllerApp] task::task '4969d63e-471e8ab6a39c50411385e141' arrived on 5
2018-07-19 09:56:35.742 [IPControllerApp] task::task 'da851659-134c73928124520915646200' finished on 5
2018-07-19 09:56:35.743 [IPControllerApp] task::task '69cec59c-a86b629fb52a3e6e31fc6837' arrived on 4
2018-07-19 09:56:35.743 [IPControllerApp] task::task '7bd40306-61c4f774e8b772a03e8e6fda' finished on 4
2018-07-19 09:56:35.745 [IPControllerApp] task::task 'b71ab996-157a431cd02ef036139b4f50' arrived on 2
2018-07-19 09:56:35.746 [IPControllerApp] task::task 'd001da66-f6a0c260b59f4f8072d885d9' finished on 2
2018-07-19 09:56:45.745 [IPControllerApp] task::task '22314d00-0ce21530c255ee25406e0904' arrived on 1
2018-07-19 09:56:45.746 [IPControllerApp] task::task '1b1babc4-b6f4f669b234a549d9c4bc45' finished on 1
2018-07-19 09:56:45.747 [IPControllerApp] task::task '512a6a9b-cdf433ec6a14a0731d23b551' arrived on 6
2018-07-19 09:56:45.748 [IPControllerApp] task::task '4c9d510a-5c7031fa1ce5de110fd5d75a' finished on 6
2018-07-19 09:56:45.768 [IPControllerApp] task::task '6cc883f4-f177b7d35565c911d02a1ffa' arrived on 4
2018-07-19 09:56:45.768 [IPControllerApp] task::task '69cec59c-a86b629fb52a3e6e31fc6837' finished on 4
2018-07-19 09:56:45.772 [IPControllerApp] task::task '0d90022a-384ee6be6d959bf44bc98082' arrived on 7
2018-07-19 09:56:45.773 [IPControllerApp] task::task '19a6d17c-4596a1596e8d1be197f490ff' finished on 7
2018-07-19 09:56:45.774 [IPControllerApp] task::task '182bfbf8-32f999a46248dbc24f12330a' arrived on 0
2018-07-19 09:56:45.775 [IPControllerApp] task::task 'dd6c32b9-ff0f4d147ab35ea6232a7f0f' finished on 0
2018-07-19 09:56:45.777 [IPControllerApp] task::task '77800d18-ea052dfaf46bc2adc4c22079' arrived on 2
2018-07-19 09:56:45.778 [IPControllerApp] task::task 'b71ab996-157a431cd02ef036139b4f50' finished on 2
2018-07-19 09:56:45.779 [IPControllerApp] task::task '96e8d2a8-a6779f610e18c151b03e3196' arrived on 3
2018-07-19 09:56:45.780 [IPControllerApp] task::task '764f7270-f27aaa2a39f8887935b5e5f8' finished on 3
2018-07-19 09:56:45.782 [IPControllerApp] task::task 'c63d8b09-70f1bff5d5f497ab789c6474' arrived on 5
2018-07-19 09:56:45.782 [IPControllerApp] task::task '4969d63e-471e8ab6a39c50411385e141' finished on 5
2018-07-19 09:56:55.763 [IPControllerApp] task::task 'f083db10-fa40f655ece8eacb0ce217d8' arrived on 6
2018-07-19 09:56:55.763 [IPControllerApp] task::task '512a6a9b-cdf433ec6a14a0731d23b551' finished on 6
2018-07-19 09:56:55.764 [IPControllerApp] task::task '5800f832-3aa93328841ccd2f46c31720' arrived on 1
2018-07-19 09:56:55.765 [IPControllerApp] task::task '22314d00-0ce21530c255ee25406e0904' finished on 1
2018-07-19 09:56:55.796 [IPControllerApp] task::task '06671a0c-26110818529ccc68ca1b4676' arrived on 7
2018-07-19 09:56:55.797 [IPControllerApp] task::task '0d90022a-384ee6be6d959bf44bc98082' finished on 7
2018-07-19 09:56:55.799 [IPControllerApp] task::task '56825257-68df7249c232801ea2557398' arrived on 3
2018-07-19 09:56:55.800 [IPControllerApp] task::task '96e8d2a8-a6779f610e18c151b03e3196' finished on 3
2018-07-19 09:56:55.801 [IPControllerApp] task::task '2fbefabb-e389b8564d33ee6ff90c91de' arrived on 0
2018-07-19 09:56:55.802 [IPControllerApp] task::task '182bfbf8-32f999a46248dbc24f12330a' finished on 0
2018-07-19 09:56:55.803 [IPControllerApp] task::task '01b4050f-424677e5de1ee21b58d64c24' arrived on 2
2018-07-19 09:56:55.804 [IPControllerApp] task::task '77800d18-ea052dfaf46bc2adc4c22079' finished on 2
2018-07-19 09:56:55.806 [IPControllerApp] task::task '4cd21b2e-9b4581d03d0b632fb1974638' arrived on 5
2018-07-19 09:56:55.807 [IPControllerApp] task::task 'c63d8b09-70f1bff5d5f497ab789c6474' finished on 5
2018-07-19 09:56:55.808 [IPControllerApp] task::task '58859a74-af7e016bf32ba680600ec982' arrived on 4
2018-07-19 09:56:55.808 [IPControllerApp] task::task '6cc883f4-f177b7d35565c911d02a1ffa' finished on 4
2018-07-19 09:57:05.781 [IPControllerApp] task::task '4e44021d-6528d45979f0eaeb2f1aaf95' arrived on 1
2018-07-19 09:57:05.781 [IPControllerApp] task::task '5800f832-3aa93328841ccd2f46c31720' finished on 1
2018-07-19 09:57:05.782 [IPControllerApp] task::task '6eca63eb-9359e5406eea2011d8e79ed1' arrived on 6
2018-07-19 09:57:05.783 [IPControllerApp] task::task 'f083db10-fa40f655ece8eacb0ce217d8' finished on 6
2018-07-19 09:57:05.821 [IPControllerApp] task::task '3fa5d20f-4bd2326c5973aabce321f598' arrived on 2
2018-07-19 09:57:05.822 [IPControllerApp] task::task '01b4050f-424677e5de1ee21b58d64c24' finished on 2
2018-07-19 09:57:05.827 [IPControllerApp] task::task '2329428f-518e87432d000bf2dddb29ae' arrived on 5
2018-07-19 09:57:05.828 [IPControllerApp] task::task '4cd21b2e-9b4581d03d0b632fb1974638' finished on 5
2018-07-19 09:57:05.830 [IPControllerApp] task::task 'c8237a04-4407b62c602a591bf4402a92' arrived on 4
2018-07-19 09:57:05.831 [IPControllerApp] task::task '58859a74-af7e016bf32ba680600ec982' finished on 4
2018-07-19 09:57:05.832 [IPControllerApp] task::task '14c85a63-f5d4d8afa55d66b319a94519' arrived on 7
2018-07-19 09:57:05.833 [IPControllerApp] task::task '06671a0c-26110818529ccc68ca1b4676' finished on 7
2018-07-19 09:57:05.835 [IPControllerApp] task::task 'e7da73c1-8036aa4e744e420188a1c744' arrived on 0
2018-07-19 09:57:05.836 [IPControllerApp] task::task '2fbefabb-e389b8564d33ee6ff90c91de' finished on 0
2018-07-19 09:57:05.836 [IPControllerApp] task::task 'f7ba4b21-1ee061960caa5fa38784124b' arrived on 3
2018-07-19 09:57:05.837 [IPControllerApp] task::task '56825257-68df7249c232801ea2557398' finished on 3
2018-07-19 09:57:15.798 [IPControllerApp] task::task '419fbf4d-03e061ed24eb7b97e9b34bd2' arrived on 6
2018-07-19 09:57:15.799 [IPControllerApp] task::task '6eca63eb-9359e5406eea2011d8e79ed1' finished on 6
2018-07-19 09:57:15.800 [IPControllerApp] task::task 'a64aac11-6d1eced6ffcfecca8479adac' arrived on 1
2018-07-19 09:57:15.801 [IPControllerApp] task::task '4e44021d-6528d45979f0eaeb2f1aaf95' finished on 1
2018-07-19 09:57:15.849 [IPControllerApp] task::task '60f03303-e93dd2df1c48ac541466bf8c' arrived on 2
2018-07-19 09:57:15.850 [IPControllerApp] task::task '3fa5d20f-4bd2326c5973aabce321f598' finished on 2
2018-07-19 09:57:15.852 [IPControllerApp] task::task '2e9db6f5-bc86e260e6ef145ac559d82a' arrived on 0
2018-07-19 09:57:15.853 [IPControllerApp] task::task 'e7da73c1-8036aa4e744e420188a1c744' finished on 0
2018-07-19 09:57:15.854 [IPControllerApp] task::task 'f2a6b693-6778e858a55a15d0a4e32c91' arrived on 5
2018-07-19 09:57:15.854 [IPControllerApp] task::task '2329428f-518e87432d000bf2dddb29ae' finished on 5
2018-07-19 09:57:15.855 [IPControllerApp] task::task '399079ea-e97c5bdbeb8dca61c167c7a2' arrived on 7
2018-07-19 09:57:15.856 [IPControllerApp] task::task '14c85a63-f5d4d8afa55d66b319a94519' finished on 7
2018-07-19 09:57:15.857 [IPControllerApp] task::task '4908ccba-a25f5be6511212610edaf8de' arrived on 3
2018-07-19 09:57:15.859 [IPControllerApp] task::task 'f7ba4b21-1ee061960caa5fa38784124b' finished on 3
2018-07-19 09:57:15.860 [IPControllerApp] task::task 'b0661c5f-f82d65e1aa730ff11e62fcd3' arrived on 4
2018-07-19 09:57:15.861 [IPControllerApp] task::task 'c8237a04-4407b62c602a591bf4402a92' finished on 4
2018-07-19 09:57:25.816 [IPControllerApp] task::task 'd071cbbe-9c4fe644cee2b6c840d086cb' arrived on 1
2018-07-19 09:57:25.817 [IPControllerApp] task::task 'a64aac11-6d1eced6ffcfecca8479adac' finished on 1
2018-07-19 09:57:25.818 [IPControllerApp] task::task '21c115ed-fc9a3298cb61cae1e2158d20' arrived on 6
2018-07-19 09:57:25.819 [IPControllerApp] task::task '419fbf4d-03e061ed24eb7b97e9b34bd2' finished on 6
2018-07-19 09:57:25.874 [IPControllerApp] task::task '19d36bc7-3994b87d984c29796329de20' arrived on 2
2018-07-19 09:57:25.874 [IPControllerApp] task::task '60f03303-e93dd2df1c48ac541466bf8c' finished on 2
2018-07-19 09:57:25.876 [IPControllerApp] task::task '63d9df08-9087dbef057ad731ed187330' arrived on 5
2018-07-19 09:57:25.877 [IPControllerApp] task::task 'f2a6b693-6778e858a55a15d0a4e32c91' finished on 5
2018-07-19 09:57:25.878 [IPControllerApp] task::task '97b3ecf7-4300f0ae90c6b03063001a51' arrived on 7
2018-07-19 09:57:25.879 [IPControllerApp] task::task '399079ea-e97c5bdbeb8dca61c167c7a2' finished on 7
2018-07-19 09:57:25.880 [IPControllerApp] task::task '939af588-2a4e023be78f077e1ddacefa' arrived on 0
2018-07-19 09:57:25.881 [IPControllerApp] task::task '2e9db6f5-bc86e260e6ef145ac559d82a' finished on 0
2018-07-19 09:57:25.883 [IPControllerApp] task::task 'd07b69e3-5c13b922613a8888ab8a0549' arrived on 4
2018-07-19 09:57:25.884 [IPControllerApp] task::task 'b0661c5f-f82d65e1aa730ff11e62fcd3' finished on 4
2018-07-19 09:57:25.885 [IPControllerApp] task::task 'faef4fba-e8a73464d425dfe91ccebac6' arrived on 3
2018-07-19 09:57:25.886 [IPControllerApp] task::task '4908ccba-a25f5be6511212610edaf8de' finished on 3
2018-07-19 09:57:35.834 [IPControllerApp] task::task 'c4e0a273-0bc0f90545a492d90cc55e34' arrived on 6
2018-07-19 09:57:35.835 [IPControllerApp] task::task '21c115ed-fc9a3298cb61cae1e2158d20' finished on 6
2018-07-19 09:57:35.836 [IPControllerApp] task::task '57b37314-3a5647d9370e137685e386f4' arrived on 1
2018-07-19 09:57:35.837 [IPControllerApp] task::task 'd071cbbe-9c4fe644cee2b6c840d086cb' finished on 1
2018-07-19 09:57:35.895 [IPControllerApp] task::task 'cd54004f-bc0d1d181b69abaf15a37ba5' arrived on 2
2018-07-19 09:57:35.896 [IPControllerApp] task::task '19d36bc7-3994b87d984c29796329de20' finished on 2
2018-07-19 09:57:35.897 [IPControllerApp] task::task '2a120ef0-cf201d06b9abe30f7e0ad595' arrived on 7
2018-07-19 09:57:35.898 [IPControllerApp] task::task '97b3ecf7-4300f0ae90c6b03063001a51' finished on 7
2018-07-19 09:57:35.899 [IPControllerApp] task::task 'e3840bb1-760ac46415a2515d91d3620d' arrived on 0
2018-07-19 09:57:35.900 [IPControllerApp] task::task '939af588-2a4e023be78f077e1ddacefa' finished on 0
2018-07-19 09:57:35.901 [IPControllerApp] task::task '8f5eb288-35a4447445fbdb38d8cfc78d' arrived on 5
2018-07-19 09:57:35.902 [IPControllerApp] task::task '63d9df08-9087dbef057ad731ed187330' finished on 5
2018-07-19 09:57:35.903 [IPControllerApp] task::task '313b14e1-ede19b17bab2052e16d1ec37' arrived on 4
2018-07-19 09:57:35.904 [IPControllerApp] task::task 'd07b69e3-5c13b922613a8888ab8a0549' finished on 4
2018-07-19 09:57:35.905 [IPControllerApp] task::task '35a96ace-ffe7c2ec2a0d2cd1cac8270e' arrived on 3
2018-07-19 09:57:35.907 [IPControllerApp] task::task 'faef4fba-e8a73464d425dfe91ccebac6' finished on 3
2018-07-19 09:57:45.853 [IPControllerApp] task::task '2781ebfe-196384786254b2926be82224' arrived on 6
2018-07-19 09:57:45.854 [IPControllerApp] task::task 'c4e0a273-0bc0f90545a492d90cc55e34' finished on 6
2018-07-19 09:57:45.854 [IPControllerApp] task::task '4b58cc87-87a9b6bc5a62892ae13b89b4' arrived on 1
2018-07-19 09:57:45.856 [IPControllerApp] task::task '57b37314-3a5647d9370e137685e386f4' finished on 1
2018-07-19 09:57:45.914 [IPControllerApp] task::task '6236872b-f8b28ce14d258f934c0f01a8' arrived on 7
2018-07-19 09:57:45.915 [IPControllerApp] task::task '2a120ef0-cf201d06b9abe30f7e0ad595' finished on 7
2018-07-19 09:57:45.916 [IPControllerApp] task::task 'b5fdb6f2-829ee4dda31caf4760f31b3b' arrived on 2
2018-07-19 09:57:45.917 [IPControllerApp] task::task 'cd54004f-bc0d1d181b69abaf15a37ba5' finished on 2
2018-07-19 09:57:45.919 [IPControllerApp] task::task 'a4e2cbf8-7c8a2452bc8eb09007edd8ae' arrived on 0
2018-07-19 09:57:45.919 [IPControllerApp] task::task 'e3840bb1-760ac46415a2515d91d3620d' finished on 0
2018-07-19 09:57:45.920 [IPControllerApp] task::task '9cb2cecd-9659ed78c1a294fdd340e2c6' arrived on 5
2018-07-19 09:57:45.921 [IPControllerApp] task::task '8f5eb288-35a4447445fbdb38d8cfc78d' finished on 5
2018-07-19 09:57:45.923 [IPControllerApp] task::task '2eed94f6-1b5b411bc9e78ade11a3e479' arrived on 4
2018-07-19 09:57:45.923 [IPControllerApp] task::task '313b14e1-ede19b17bab2052e16d1ec37' finished on 4
2018-07-19 09:57:45.924 [IPControllerApp] task::task 'b6e0d64f-cf4482450dd01f3e60bdb1fa' arrived on 3
2018-07-19 09:57:45.925 [IPControllerApp] task::task '35a96ace-ffe7c2ec2a0d2cd1cac8270e' finished on 3
2018-07-19 09:57:55.871 [IPControllerApp] task::task '2b2c8736-6f7ca0eeebeda0ffdc23029d' arrived on 6
2018-07-19 09:57:55.872 [IPControllerApp] task::task '2781ebfe-196384786254b2926be82224' finished on 6
2018-07-19 09:57:55.873 [IPControllerApp] task::task '35e601b9-b73d847892b194d12cb3f45b' arrived on 1
2018-07-19 09:57:55.874 [IPControllerApp] task::task '4b58cc87-87a9b6bc5a62892ae13b89b4' finished on 1
2018-07-19 09:57:55.936 [IPControllerApp] task::task '060bb097-853ac2ecaefc08a5e1e441e6' arrived on 0
2018-07-19 09:57:55.937 [IPControllerApp] task::task 'a4e2cbf8-7c8a2452bc8eb09007edd8ae' finished on 0
2018-07-19 09:57:55.939 [IPControllerApp] task::task '2687531b-9feaa931aee6c0f2ca87a55e' arrived on 7
2018-07-19 09:57:55.940 [IPControllerApp] task::task '6236872b-f8b28ce14d258f934c0f01a8' finished on 7
2018-07-19 09:57:55.941 [IPControllerApp] task::task '31ceb840-bd762b17fd56608f858c2a2a' arrived on 2
2018-07-19 09:57:55.941 [IPControllerApp] task::task 'b5fdb6f2-829ee4dda31caf4760f31b3b' finished on 2
2018-07-19 09:57:55.943 [IPControllerApp] task::task '1faea9f0-f6c02164055d1a5eeffdc762' arrived on 5
2018-07-19 09:57:55.944 [IPControllerApp] task::task '9cb2cecd-9659ed78c1a294fdd340e2c6' finished on 5
2018-07-19 09:57:55.944 [IPControllerApp] task::task '574f4504-339015074585e3c061467b96' arrived on 4
2018-07-19 09:57:55.945 [IPControllerApp] task::task '2eed94f6-1b5b411bc9e78ade11a3e479' finished on 4
2018-07-19 09:57:55.946 [IPControllerApp] task::task '6f42c113-01f9181abdf2b63e4541b7e1' arrived on 3
2018-07-19 09:57:55.948 [IPControllerApp] task::task 'b6e0d64f-cf4482450dd01f3e60bdb1fa' finished on 3
2018-07-19 09:58:05.890 [IPControllerApp] task::task 'b62ead02-f2fb3fb186689353c43da436' arrived on 1
2018-07-19 09:58:05.891 [IPControllerApp] task::task '35e601b9-b73d847892b194d12cb3f45b' finished on 1
2018-07-19 09:58:05.892 [IPControllerApp] task::task 'c9ce79f5-c9be0e179ff3bbdb3a1a5363' arrived on 6
2018-07-19 09:58:05.892 [IPControllerApp] task::task '2b2c8736-6f7ca0eeebeda0ffdc23029d' finished on 6
2018-07-19 09:58:05.970 [IPControllerApp] task::task 'e4ad54d5-0ab80a251bcebb55e730be48' arrived on 0
2018-07-19 09:58:05.971 [IPControllerApp] task::task '060bb097-853ac2ecaefc08a5e1e441e6' finished on 0
2018-07-19 09:58:05.974 [IPControllerApp] task::task '712e8c0e-3e87f3c01307589fc79baabf' arrived on 7
2018-07-19 09:58:05.975 [IPControllerApp] task::task '2687531b-9feaa931aee6c0f2ca87a55e' finished on 7
2018-07-19 09:58:05.976 [IPControllerApp] task::task '31eb8c97-addfffe2d932dd12e9763b07' arrived on 2
2018-07-19 09:58:05.977 [IPControllerApp] task::task '31ceb840-bd762b17fd56608f858c2a2a' finished on 2
2018-07-19 09:58:05.979 [IPControllerApp] task::task '08d1ec09-578c826ff0b625f7221d7721' arrived on 5
2018-07-19 09:58:05.980 [IPControllerApp] task::task '1faea9f0-f6c02164055d1a5eeffdc762' finished on 5
2018-07-19 09:58:05.981 [IPControllerApp] task::task '6604c3da-d02f2780a1ae0074065d8f3f' arrived on 4
2018-07-19 09:58:05.982 [IPControllerApp] task::task '574f4504-339015074585e3c061467b96' finished on 4
2018-07-19 09:58:05.983 [IPControllerApp] task::task 'ddadf5b7-a0ea5d95706d8c917b7ccac8' arrived on 3
2018-07-19 09:58:05.985 [IPControllerApp] task::task '6f42c113-01f9181abdf2b63e4541b7e1' finished on 3
2018-07-19 09:58:15.906 [IPControllerApp] task::task '724b5264-6aff0bdc58f149059c477acc' arrived on 6
2018-07-19 09:58:15.907 [IPControllerApp] task::task 'c9ce79f5-c9be0e179ff3bbdb3a1a5363' finished on 6
2018-07-19 09:58:15.908 [IPControllerApp] task::task '322a3bf9-c8b41d93804143b6cf2535f0' arrived on 1
2018-07-19 09:58:15.909 [IPControllerApp] task::task 'b62ead02-f2fb3fb186689353c43da436' finished on 1
2018-07-19 09:58:15.997 [IPControllerApp] task::task 'c27c70fd-042d2a39ee20f5dc93a6b25a' arrived on 4
2018-07-19 09:58:15.998 [IPControllerApp] task::task '6604c3da-d02f2780a1ae0074065d8f3f' finished on 4
2018-07-19 09:58:15.999 [IPControllerApp] task::task 'dbfa2c67-289bac4e6c142273adb974b0' arrived on 3
2018-07-19 09:58:16.000 [IPControllerApp] task::task 'ddadf5b7-a0ea5d95706d8c917b7ccac8' finished on 3
2018-07-19 09:58:16.002 [IPControllerApp] task::task 'e5ebe084-39b5d36640be7041da766f90' arrived on 7
2018-07-19 09:58:16.002 [IPControllerApp] task::task '712e8c0e-3e87f3c01307589fc79baabf' finished on 7
2018-07-19 09:58:16.003 [IPControllerApp] task::task '69c5990c-9d19851a343ff94e9920098b' arrived on 0
2018-07-19 09:58:16.004 [IPControllerApp] task::task 'e4ad54d5-0ab80a251bcebb55e730be48' finished on 0
2018-07-19 09:58:16.006 [IPControllerApp] task::task '3fce2a5a-4b920074b8ed204e9b41b549' arrived on 5
2018-07-19 09:58:16.007 [IPControllerApp] task::task '08d1ec09-578c826ff0b625f7221d7721' finished on 5
2018-07-19 09:58:16.008 [IPControllerApp] task::task '3f877850-f9cc40e5a8d9d06702f9187a' arrived on 2
2018-07-19 09:58:16.009 [IPControllerApp] task::task '31eb8c97-addfffe2d932dd12e9763b07' finished on 2
2018-07-19 09:58:25.923 [IPControllerApp] task::task '7d2b80b7-79b665d7e223b8f3386b5723' arrived on 6
2018-07-19 09:58:25.924 [IPControllerApp] task::task '724b5264-6aff0bdc58f149059c477acc' finished on 6
2018-07-19 09:58:25.925 [IPControllerApp] task::task '006b77a3-290b740019f4533c0dafb2de' arrived on 1
2018-07-19 09:58:25.926 [IPControllerApp] task::task '322a3bf9-c8b41d93804143b6cf2535f0' finished on 1
2018-07-19 09:58:26.021 [IPControllerApp] task::task 'b3cabcbb-4215ac20906d01f7b99a615a' arrived on 4
2018-07-19 09:58:26.021 [IPControllerApp] task::task 'c27c70fd-042d2a39ee20f5dc93a6b25a' finished on 4
2018-07-19 09:58:26.023 [IPControllerApp] task::task '87cb0292-a8a7049f53ba9249c6670a3a' arrived on 2
2018-07-19 09:58:26.024 [IPControllerApp] task::task '3f877850-f9cc40e5a8d9d06702f9187a' finished on 2
2018-07-19 09:58:26.027 [IPControllerApp] task::task '40ee6ed2-9b54301305362f278e08506f' arrived on 5
2018-07-19 09:58:26.027 [IPControllerApp] task::task '3fce2a5a-4b920074b8ed204e9b41b549' finished on 5
2018-07-19 09:58:26.028 [IPControllerApp] task::task '1373a98f-a1ec60c3313f0cefb2dc96a9' arrived on 0
2018-07-19 09:58:26.029 [IPControllerApp] task::task '69c5990c-9d19851a343ff94e9920098b' finished on 0
2018-07-19 09:58:26.030 [IPControllerApp] task::task '609a16e1-119848d64b6a0d88ff666d08' arrived on 3
2018-07-19 09:58:26.032 [IPControllerApp] task::task 'dbfa2c67-289bac4e6c142273adb974b0' finished on 3
2018-07-19 09:58:26.033 [IPControllerApp] task::task 'a83e0298-276b918be2faf2ebffcfe5da' arrived on 7
2018-07-19 09:58:26.034 [IPControllerApp] task::task 'e5ebe084-39b5d36640be7041da766f90' finished on 7
2018-07-19 09:58:35.943 [IPControllerApp] task::task '30461772-d2772fa2e188e55fa8b17abc' arrived on 1
2018-07-19 09:58:35.943 [IPControllerApp] task::task '006b77a3-290b740019f4533c0dafb2de' finished on 1
2018-07-19 09:58:35.944 [IPControllerApp] task::task '7ecdad81-08470dfbe0505f97d9829b23' arrived on 6
2018-07-19 09:58:35.945 [IPControllerApp] task::task '7d2b80b7-79b665d7e223b8f3386b5723' finished on 6
2018-07-19 09:58:36.052 [IPControllerApp] task::task 'edfad781-0bf69211915b784c846440bb' arrived on 5
2018-07-19 09:58:36.053 [IPControllerApp] task::task '40ee6ed2-9b54301305362f278e08506f' finished on 5
2018-07-19 09:58:36.058 [IPControllerApp] task::task '72bca763-9d426e013cfda508f44c191e' arrived on 2
2018-07-19 09:58:36.058 [IPControllerApp] task::task '87cb0292-a8a7049f53ba9249c6670a3a' finished on 2
2018-07-19 09:58:36.059 [IPControllerApp] task::task 'b585a555-d054c009e5aa8db8969fad20' arrived on 0
2018-07-19 09:58:36.060 [IPControllerApp] task::task '1373a98f-a1ec60c3313f0cefb2dc96a9' finished on 0
2018-07-19 09:58:36.061 [IPControllerApp] task::task '62ea57e1-824f9b5b66ad0b466627895f' arrived on 4
2018-07-19 09:58:36.062 [IPControllerApp] task::task 'b3cabcbb-4215ac20906d01f7b99a615a' finished on 4
2018-07-19 09:58:36.063 [IPControllerApp] task::task '18c7a907-a48ee0701a284e3ac7c8ea17' arrived on 7
2018-07-19 09:58:36.064 [IPControllerApp] task::task 'a83e0298-276b918be2faf2ebffcfe5da' finished on 7
2018-07-19 09:58:36.065 [IPControllerApp] task::task '3a5f27c5-dab8adbec6406b716306b77c' arrived on 3
2018-07-19 09:58:36.066 [IPControllerApp] task::task '609a16e1-119848d64b6a0d88ff666d08' finished on 3
2018-07-19 09:58:41.669 [IPControllerApp] heartbeat::missed b'edb0e141-462271d7a81df186e3a83431' : 1
2018-07-19 09:58:41.670 [IPControllerApp] heartbeat::missed b'b7c82af4-ef231526667b2bbbbf57428d' : 1
2018-07-19 09:58:41.670 [IPControllerApp] heartbeat::missed b'38077375-3b8418cb20cfe787ecb9d8a3' : 1
2018-07-19 09:58:41.670 [IPControllerApp] heartbeat::missed b'5442d3c3-792678c530d2f6a8eef469c8' : 1
2018-07-19 09:58:41.670 [IPControllerApp] heartbeat::missed b'7c699504-f0f7fb4516c439e449fc73f1' : 1
2018-07-19 09:58:41.670 [IPControllerApp] heartbeat::missed b'86dc88fc-bbe2e51b83d8c22d5586700a' : 1
2018-07-19 09:58:41.670 [IPControllerApp] heartbeat::missed b'6c8b3c43-ab269e2286106bda7c9000dd' : 1
2018-07-19 09:58:41.670 [IPControllerApp] heartbeat::missed b'0992d9dc-9d6231344a96e3fa982868e5' : 1
2018-07-19 09:58:44.670 [IPControllerApp] heartbeat::missed b'edb0e141-462271d7a81df186e3a83431' : 2
2018-07-19 09:58:44.670 [IPControllerApp] heartbeat::missed b'b7c82af4-ef231526667b2bbbbf57428d' : 2
2018-07-19 09:58:44.670 [IPControllerApp] heartbeat::missed b'38077375-3b8418cb20cfe787ecb9d8a3' : 2
2018-07-19 09:58:44.670 [IPControllerApp] heartbeat::missed b'5442d3c3-792678c530d2f6a8eef469c8' : 2
2018-07-19 09:58:44.670 [IPControllerApp] heartbeat::missed b'7c699504-f0f7fb4516c439e449fc73f1' : 2
2018-07-19 09:58:44.670 [IPControllerApp] heartbeat::missed b'86dc88fc-bbe2e51b83d8c22d5586700a' : 2
2018-07-19 09:58:44.670 [IPControllerApp] heartbeat::missed b'6c8b3c43-ab269e2286106bda7c9000dd' : 2
2018-07-19 09:58:44.670 [IPControllerApp] heartbeat::missed b'0992d9dc-9d6231344a96e3fa982868e5' : 2
2018-07-19 09:58:45.527 [IPControllerApp] WARNING | heartbeat::got bad heartbeat (possibly old?): b'216.00367856025696' (current=222.004)
2018-07-19 09:58:45.527 [IPControllerApp] WARNING | heartbeat::got bad heartbeat (possibly old?): b'216.00367856025696' (current=222.004)
2018-07-19 09:58:45.527 [IPControllerApp] WARNING | heartbeat::got bad heartbeat (possibly old?): b'216.00367856025696' (current=222.004)
2018-07-19 09:58:45.527 [IPControllerApp] WARNING | heartbeat::got bad heartbeat (possibly old?): b'216.00367856025696' (current=222.004)
2018-07-19 09:58:45.528 [IPControllerApp] WARNING | heartbeat::got bad heartbeat (possibly old?): b'216.00367856025696' (current=222.004)
2018-07-19 09:58:45.528 [IPControllerApp] WARNING | heartbeat::got bad heartbeat (possibly old?): b'216.00367856025696' (current=222.004)
2018-07-19 09:58:45.528 [IPControllerApp] WARNING | heartbeat::got bad heartbeat (possibly old?): b'216.00367856025696' (current=222.004)
2018-07-19 09:58:45.528 [IPControllerApp] WARNING | heartbeat::got bad heartbeat (possibly old?): b'216.00367856025696' (current=222.004)
2018-07-19 09:58:45.528 [IPControllerApp] WARNING | heartbeat::heart b'0992d9dc-9d6231344a96e3fa982868e5' missed a beat, and took 3858.81 ms to respond
2018-07-19 09:58:45.528 [IPControllerApp] WARNING | heartbeat::heart b'edb0e141-462271d7a81df186e3a83431' missed a beat, and took 3858.99 ms to respond
2018-07-19 09:58:45.529 [IPControllerApp] WARNING | heartbeat::heart b'6c8b3c43-ab269e2286106bda7c9000dd' missed a beat, and took 3859.16 ms to respond
2018-07-19 09:58:45.529 [IPControllerApp] WARNING | heartbeat::heart b'7c699504-f0f7fb4516c439e449fc73f1' missed a beat, and took 3859.34 ms to respond
2018-07-19 09:58:45.529 [IPControllerApp] WARNING | heartbeat::heart b'86dc88fc-bbe2e51b83d8c22d5586700a' missed a beat, and took 3859.52 ms to respond
2018-07-19 09:58:45.529 [IPControllerApp] WARNING | heartbeat::heart b'b7c82af4-ef231526667b2bbbbf57428d' missed a beat, and took 3859.68 ms to respond
2018-07-19 09:58:45.529 [IPControllerApp] WARNING | heartbeat::heart b'38077375-3b8418cb20cfe787ecb9d8a3' missed a beat, and took 3859.85 ms to respond
2018-07-19 09:58:45.529 [IPControllerApp] WARNING | heartbeat::heart b'5442d3c3-792678c530d2f6a8eef469c8' missed a beat, and took 3860.01 ms to respond
2018-07-19 09:58:45.960 [IPControllerApp] task::task 'e46975b2-5ff0345a9bdf3466621e7cd3' arrived on 6
2018-07-19 09:58:45.961 [IPControllerApp] task::task '7ecdad81-08470dfbe0505f97d9829b23' finished on 6
2018-07-19 09:58:45.962 [IPControllerApp] task::task '76d6cdfb-ad56f20ad9a8f47ecd63974c' arrived on 1
2018-07-19 09:58:45.962 [IPControllerApp] task::task '30461772-d2772fa2e188e55fa8b17abc' finished on 1
2018-07-19 09:58:46.079 [IPControllerApp] task::task '3f1a5bbb-191ae3e731407b4db0dffb94' arrived on 5
2018-07-19 09:58:46.080 [IPControllerApp] task::task 'edfad781-0bf69211915b784c846440bb' finished on 5
2018-07-19 09:58:46.083 [IPControllerApp] task::task '0da376ae-22a885ff54e127a3b1ae79c0' arrived on 3
2018-07-19 09:58:46.084 [IPControllerApp] task::task '3a5f27c5-dab8adbec6406b716306b77c' finished on 3
2018-07-19 09:58:46.084 [IPControllerApp] task::task '2fb1fe31-8587548e0cbe5e48d11fcbd6' arrived on 0
2018-07-19 09:58:46.085 [IPControllerApp] task::task 'b585a555-d054c009e5aa8db8969fad20' finished on 0
2018-07-19 09:58:46.086 [IPControllerApp] task::task '2bd99e1f-2c180481c52a08915412f433' arrived on 2
2018-07-19 09:58:46.087 [IPControllerApp] task::task '72bca763-9d426e013cfda508f44c191e' finished on 2
2018-07-19 09:58:46.088 [IPControllerApp] task::task '5abb2f4b-0f91e022c54b0869cfa7653f' arrived on 4
2018-07-19 09:58:46.090 [IPControllerApp] task::task '62ea57e1-824f9b5b66ad0b466627895f' finished on 4
2018-07-19 09:58:46.091 [IPControllerApp] task::task '74ba7a88-bd71e96a1cb1a08af10a2ceb' arrived on 7
2018-07-19 09:58:46.092 [IPControllerApp] task::task '18c7a907-a48ee0701a284e3ac7c8ea17' finished on 7
2018-07-19 09:58:55.978 [IPControllerApp] task::task '62a78060-ab4ece19d3eaa7b90ba43dfd' arrived on 6
2018-07-19 09:58:55.979 [IPControllerApp] task::task 'e46975b2-5ff0345a9bdf3466621e7cd3' finished on 6
2018-07-19 09:58:55.980 [IPControllerApp] task::task '59056251-c59f13f5802884a848240b51' arrived on 1
2018-07-19 09:58:55.981 [IPControllerApp] task::task '76d6cdfb-ad56f20ad9a8f47ecd63974c' finished on 1
2018-07-19 09:58:56.105 [IPControllerApp] task::task '5ceed98c-c0c9c03ef74d9d2cb75deb71' arrived on 4
2018-07-19 09:58:56.106 [IPControllerApp] task::task '5abb2f4b-0f91e022c54b0869cfa7653f' finished on 4
2018-07-19 09:58:56.109 [IPControllerApp] task::task '665a6054-43164736c2bf72c25b5a2ec3' arrived on 7
2018-07-19 09:58:56.111 [IPControllerApp] task::task '74ba7a88-bd71e96a1cb1a08af10a2ceb' finished on 7
2018-07-19 09:58:56.112 [IPControllerApp] task::task '9b01a788-dc29b7ba13bf65a3685d193b' arrived on 2
2018-07-19 09:58:56.113 [IPControllerApp] task::task '2bd99e1f-2c180481c52a08915412f433' finished on 2
2018-07-19 09:58:56.114 [IPControllerApp] task::task '70df0f9a-0d21e0b50d85ec91e2247f6b' arrived on 0
2018-07-19 09:58:56.116 [IPControllerApp] task::task '2fb1fe31-8587548e0cbe5e48d11fcbd6' finished on 0
2018-07-19 09:58:56.117 [IPControllerApp] task::task '3d230bfb-8cf1ee6d7b2e5d9d25eb3cb2' arrived on 3
2018-07-19 09:58:56.118 [IPControllerApp] task::task '0da376ae-22a885ff54e127a3b1ae79c0' finished on 3
2018-07-19 09:58:56.119 [IPControllerApp] task::task 'a3ee4721-29d5814d666cb40c8260db61' arrived on 5
2018-07-19 09:58:56.119 [IPControllerApp] task::task '3f1a5bbb-191ae3e731407b4db0dffb94' finished on 5
2018-07-19 09:59:05.996 [IPControllerApp] task::task '8981096d-6c841e7992eebdce5eff109c' arrived on 1
2018-07-19 09:59:05.997 [IPControllerApp] task::task '59056251-c59f13f5802884a848240b51' finished on 1
2018-07-19 09:59:05.998 [IPControllerApp] task::task 'f8064cb2-75e221fbe731d61c68dddaf6' arrived on 6
2018-07-19 09:59:05.999 [IPControllerApp] task::task '62a78060-ab4ece19d3eaa7b90ba43dfd' finished on 6
2018-07-19 09:59:06.133 [IPControllerApp] task::task '6d830f6a-58c62a5684fa88b899a33d37' arrived on 0
2018-07-19 09:59:06.134 [IPControllerApp] task::task '70df0f9a-0d21e0b50d85ec91e2247f6b' finished on 0
2018-07-19 09:59:06.138 [IPControllerApp] task::task 'b37a484b-44ae1e5f537cd2286aad10c5' arrived on 2
2018-07-19 09:59:06.139 [IPControllerApp] task::task '9b01a788-dc29b7ba13bf65a3685d193b' finished on 2
2018-07-19 09:59:06.141 [IPControllerApp] task::task 'dec5f1fc-f02eaba20feb85cfa0fb40ee' arrived on 4
2018-07-19 09:59:06.142 [IPControllerApp] task::task '5ceed98c-c0c9c03ef74d9d2cb75deb71' finished on 4
2018-07-19 09:59:06.143 [IPControllerApp] task::task 'd67cdebf-8502c7e9b60474ad2f3878ac' arrived on 3
2018-07-19 09:59:06.144 [IPControllerApp] task::task '3d230bfb-8cf1ee6d7b2e5d9d25eb3cb2' finished on 3
2018-07-19 09:59:06.145 [IPControllerApp] task::task 'c818e351-afea94df14c2b9ded50d7931' arrived on 5
2018-07-19 09:59:06.146 [IPControllerApp] task::task 'a3ee4721-29d5814d666cb40c8260db61' finished on 5
2018-07-19 09:59:06.146 [IPControllerApp] task::task '79eddd2b-2f93b5bcc1855189e8416e33' arrived on 7
2018-07-19 09:59:06.147 [IPControllerApp] task::task '665a6054-43164736c2bf72c25b5a2ec3' finished on 7
2018-07-19 09:59:16.014 [IPControllerApp] task::task 'fd7230ff-c052bd7ab67466eb4f670d28' arrived on 6
2018-07-19 09:59:16.015 [IPControllerApp] task::task 'f8064cb2-75e221fbe731d61c68dddaf6' finished on 6
2018-07-19 09:59:16.016 [IPControllerApp] task::task '6b7efa58-ec42da6c19f912d0c72b6ed6' arrived on 1
2018-07-19 09:59:16.017 [IPControllerApp] task::task '8981096d-6c841e7992eebdce5eff109c' finished on 1
2018-07-19 09:59:16.160 [IPControllerApp] task::task '4485dda1-f218e7f9841942618b2e8f8d' arrived on 0
2018-07-19 09:59:16.161 [IPControllerApp] task::task '6d830f6a-58c62a5684fa88b899a33d37' finished on 0
2018-07-19 09:59:16.165 [IPControllerApp] task::task '2423ce9e-55613f0bfca626f4bc1b5bba' arrived on 5
2018-07-19 09:59:16.166 [IPControllerApp] task::task 'c818e351-afea94df14c2b9ded50d7931' finished on 5
2018-07-19 09:59:16.167 [IPControllerApp] task::task 'db9424af-e291e40dab170ac4a536f580' arrived on 3
2018-07-19 09:59:16.169 [IPControllerApp] task::task 'd67cdebf-8502c7e9b60474ad2f3878ac' finished on 3
2018-07-19 09:59:16.170 [IPControllerApp] task::task 'a6c31141-bcc4bedff0b0c16227eea087' arrived on 4
2018-07-19 09:59:16.171 [IPControllerApp] task::task 'dec5f1fc-f02eaba20feb85cfa0fb40ee' finished on 4
2018-07-19 09:59:16.172 [IPControllerApp] task::task '7e1c5605-1f36227ffa73008db857260c' arrived on 7
2018-07-19 09:59:16.173 [IPControllerApp] task::task '79eddd2b-2f93b5bcc1855189e8416e33' finished on 7
2018-07-19 09:59:16.174 [IPControllerApp] task::task 'ddd4e19b-f2ad3dd5833a066f84afa572' arrived on 2
2018-07-19 09:59:16.174 [IPControllerApp] task::task 'b37a484b-44ae1e5f537cd2286aad10c5' finished on 2
2018-07-19 09:59:26.032 [IPControllerApp] task::task 'dce55ad9-e47cfedbe3ed65aedd9f6391' arrived on 1
2018-07-19 09:59:26.033 [IPControllerApp] task::task '6b7efa58-ec42da6c19f912d0c72b6ed6' finished on 1
2018-07-19 09:59:26.033 [IPControllerApp] task::task '16ef164f-edcdda5150e05f3ac4a0f521' arrived on 6
2018-07-19 09:59:26.034 [IPControllerApp] task::task 'fd7230ff-c052bd7ab67466eb4f670d28' finished on 6
2018-07-19 09:59:26.188 [IPControllerApp] task::task '16f79c47-7062ce7482f767ab9c9a7dd2' arrived on 7
2018-07-19 09:59:26.189 [IPControllerApp] task::task '7e1c5605-1f36227ffa73008db857260c' finished on 7
2018-07-19 09:59:26.192 [IPControllerApp] task::task '91c55a60-42772c29125de4410baf6c49' arrived on 4
2018-07-19 09:59:26.192 [IPControllerApp] task::task 'a6c31141-bcc4bedff0b0c16227eea087' finished on 4
2018-07-19 09:59:26.193 [IPControllerApp] task::task 'a4162793-c5fd073c3707f4498a34ec8a' arrived on 0
2018-07-19 09:59:26.194 [IPControllerApp] task::task '4485dda1-f218e7f9841942618b2e8f8d' finished on 0
2018-07-19 09:59:26.194 [IPControllerApp] task::task '7e3ed672-9994773fd1a213d18601e6c8' arrived on 5
2018-07-19 09:59:26.196 [IPControllerApp] task::task '2423ce9e-55613f0bfca626f4bc1b5bba' finished on 5
2018-07-19 09:59:26.197 [IPControllerApp] task::task '2b9576c8-569261a267aee1783b131240' arrived on 2
2018-07-19 09:59:26.198 [IPControllerApp] task::task 'ddd4e19b-f2ad3dd5833a066f84afa572' finished on 2
2018-07-19 09:59:26.199 [IPControllerApp] task::task 'be2afa9d-368e7d94e6ebb5cdad6eb8c5' arrived on 3
2018-07-19 09:59:26.200 [IPControllerApp] task::task 'db9424af-e291e40dab170ac4a536f580' finished on 3
2018-07-19 09:59:36.050 [IPControllerApp] task::task '204be65e-c58222d04a14b74331f791d0' arrived on 1
2018-07-19 09:59:36.051 [IPControllerApp] task::task 'dce55ad9-e47cfedbe3ed65aedd9f6391' finished on 1
2018-07-19 09:59:36.052 [IPControllerApp] task::task 'afea6acc-48eeb8c22af9498d8c5c5eab' arrived on 6
2018-07-19 09:59:36.054 [IPControllerApp] task::task '16ef164f-edcdda5150e05f3ac4a0f521' finished on 6
2018-07-19 09:59:36.213 [IPControllerApp] task::task '7753568b-29fe41b981da421e0557c869' arrived on 7
2018-07-19 09:59:36.214 [IPControllerApp] task::task '16f79c47-7062ce7482f767ab9c9a7dd2' finished on 7
2018-07-19 09:59:36.217 [IPControllerApp] task::task 'adf96e37-1fc6105ef7c7dc1e3e3b6209' arrived on 3
2018-07-19 09:59:36.217 [IPControllerApp] task::task 'be2afa9d-368e7d94e6ebb5cdad6eb8c5' finished on 3
2018-07-19 09:59:36.219 [IPControllerApp] task::task 'ca5a10a6-b62a315408aeb6690df35f8f' arrived on 4
2018-07-19 09:59:36.220 [IPControllerApp] task::task '91c55a60-42772c29125de4410baf6c49' finished on 4
2018-07-19 09:59:36.221 [IPControllerApp] task::task '07b7b55d-35fa6c1dc70d1dfcf6e6212c' arrived on 0
2018-07-19 09:59:36.222 [IPControllerApp] task::task 'a4162793-c5fd073c3707f4498a34ec8a' finished on 0
2018-07-19 09:59:36.224 [IPControllerApp] task::task 'eb214e69-9888f5e017bf51181ccfaa53' arrived on 5
2018-07-19 09:59:36.225 [IPControllerApp] task::task '7e3ed672-9994773fd1a213d18601e6c8' finished on 5
2018-07-19 09:59:36.225 [IPControllerApp] task::task 'abeef71b-9d8b873f30c3ef8acc720050' arrived on 2
2018-07-19 09:59:36.226 [IPControllerApp] task::task '2b9576c8-569261a267aee1783b131240' finished on 2
2018-07-19 09:59:46.069 [IPControllerApp] task::task '36205f56-f1cf9129c85f6725126f697b' arrived on 1
2018-07-19 09:59:46.070 [IPControllerApp] task::task '204be65e-c58222d04a14b74331f791d0' finished on 1
2018-07-19 09:59:46.070 [IPControllerApp] task::task 'fcc18d3b-c2fd59b5ebb7a378f36450ee' arrived on 6
2018-07-19 09:59:46.072 [IPControllerApp] task::task 'afea6acc-48eeb8c22af9498d8c5c5eab' finished on 6
2018-07-19 09:59:46.242 [IPControllerApp] task::task '4ea5c52e-32010bb1b2800b75d283ff15' arrived on 7
2018-07-19 09:59:46.243 [IPControllerApp] task::task '7753568b-29fe41b981da421e0557c869' finished on 7
2018-07-19 09:59:46.247 [IPControllerApp] task::task 'e55e3089-e5b82f2880ae3cc5632c7d48' arrived on 2
2018-07-19 09:59:46.248 [IPControllerApp] task::task 'abeef71b-9d8b873f30c3ef8acc720050' finished on 2
2018-07-19 09:59:46.249 [IPControllerApp] task::task 'd234eb6d-35ea64b501f02c53f16010db' arrived on 4
2018-07-19 09:59:46.250 [IPControllerApp] task::task 'ca5a10a6-b62a315408aeb6690df35f8f' finished on 4
2018-07-19 09:59:46.252 [IPControllerApp] task::task '76cc664b-da1cafc4ddc91616d4a4ee36' arrived on 3
2018-07-19 09:59:46.253 [IPControllerApp] task::task 'adf96e37-1fc6105ef7c7dc1e3e3b6209' finished on 3
2018-07-19 09:59:46.254 [IPControllerApp] task::task '8af86575-d4e482152b2de07c89b67d5f' arrived on 0
2018-07-19 09:59:46.255 [IPControllerApp] task::task '07b7b55d-35fa6c1dc70d1dfcf6e6212c' finished on 0
2018-07-19 09:59:46.256 [IPControllerApp] task::task 'bb07b4a0-610cabf992af093b84ab0d2a' arrived on 5
2018-07-19 09:59:46.257 [IPControllerApp] task::task 'eb214e69-9888f5e017bf51181ccfaa53' finished on 5
2018-07-19 09:59:56.088 [IPControllerApp] task::task '5ecf4f39-4688e7ce9558d9c1eac66f85' arrived on 6
2018-07-19 09:59:56.089 [IPControllerApp] task::task 'fcc18d3b-c2fd59b5ebb7a378f36450ee' finished on 6
2018-07-19 09:59:56.090 [IPControllerApp] task::task '4c74dba4-e09ad499dd131628b18a0232' arrived on 1
2018-07-19 09:59:56.091 [IPControllerApp] task::task '36205f56-f1cf9129c85f6725126f697b' finished on 1
2018-07-19 09:59:56.272 [IPControllerApp] task::task '9d6bbfc5-be0e5854f645ae6dc2b61494' arrived on 4
2018-07-19 09:59:56.273 [IPControllerApp] task::task 'd234eb6d-35ea64b501f02c53f16010db' finished on 4
2018-07-19 09:59:56.276 [IPControllerApp] task::task '13ab47aa-55cd6f990513bb42c3c84617' arrived on 0
2018-07-19 09:59:56.278 [IPControllerApp] task::task '8af86575-d4e482152b2de07c89b67d5f' finished on 0
2018-07-19 09:59:56.279 [IPControllerApp] task::task '142440bc-ed22477f5942179b9e25a964' arrived on 7
2018-07-19 09:59:56.280 [IPControllerApp] task::task '4ea5c52e-32010bb1b2800b75d283ff15' finished on 7
2018-07-19 09:59:56.281 [IPControllerApp] task::task 'e993ce80-fc243d3f1e8fb40b8465133f' arrived on 5
2018-07-19 09:59:56.282 [IPControllerApp] task::task 'bb07b4a0-610cabf992af093b84ab0d2a' finished on 5
2018-07-19 09:59:56.284 [IPControllerApp] task::task '4533d621-c22e2b8c6efb9843d568dcc7' arrived on 3
2018-07-19 09:59:56.284 [IPControllerApp] task::task '76cc664b-da1cafc4ddc91616d4a4ee36' finished on 3
2018-07-19 09:59:56.285 [IPControllerApp] task::task 'eb6b0358-4223fbdf3760462ce1499b8d' arrived on 2
2018-07-19 09:59:56.286 [IPControllerApp] task::task 'e55e3089-e5b82f2880ae3cc5632c7d48' finished on 2
2018-07-19 10:00:06.108 [IPControllerApp] task::task '31843aaf-3fa9673125f18a8f265711ba' arrived on 1
2018-07-19 10:00:06.109 [IPControllerApp] task::task '4c74dba4-e09ad499dd131628b18a0232' finished on 1
2018-07-19 10:00:06.109 [IPControllerApp] task::task '64f4223b-6f2895addc5462d822206bbf' arrived on 6
2018-07-19 10:00:06.110 [IPControllerApp] task::task '5ecf4f39-4688e7ce9558d9c1eac66f85' finished on 6
2018-07-19 10:00:06.297 [IPControllerApp] task::task '4625114c-259c1b26d130a8baee0e5559' arrived on 0
2018-07-19 10:00:06.298 [IPControllerApp] task::task '13ab47aa-55cd6f990513bb42c3c84617' finished on 0
2018-07-19 10:00:06.301 [IPControllerApp] task::task 'ed1461ca-a8ec21a448dcc1c3507e816a' arrived on 4
2018-07-19 10:00:06.303 [IPControllerApp] task::task '9d6bbfc5-be0e5854f645ae6dc2b61494' finished on 4
2018-07-19 10:00:06.304 [IPControllerApp] task::task 'b8087080-d3003268b6182e0b84aad604' arrived on 5
2018-07-19 10:00:06.305 [IPControllerApp] task::task 'e993ce80-fc243d3f1e8fb40b8465133f' finished on 5
2018-07-19 10:00:06.306 [IPControllerApp] task::task '06a005f4-3ceaab905dd38986d9b8863b' arrived on 7
2018-07-19 10:00:06.308 [IPControllerApp] task::task '142440bc-ed22477f5942179b9e25a964' finished on 7
2018-07-19 10:00:06.309 [IPControllerApp] task::task 'c3878742-fbe36bd408acbed75556e7c9' arrived on 2
2018-07-19 10:00:06.310 [IPControllerApp] task::task 'eb6b0358-4223fbdf3760462ce1499b8d' finished on 2
2018-07-19 10:00:06.311 [IPControllerApp] task::task '58ba1667-402e316a7021a15adb67a84b' arrived on 3
2018-07-19 10:00:06.311 [IPControllerApp] task::task '4533d621-c22e2b8c6efb9843d568dcc7' finished on 3
2018-07-19 10:00:16.125 [IPControllerApp] task::task 'e7b97ed3-d7d629aca052faca49271abd' arrived on 6
2018-07-19 10:00:16.126 [IPControllerApp] task::task '64f4223b-6f2895addc5462d822206bbf' finished on 6
2018-07-19 10:00:16.127 [IPControllerApp] task::task 'e363bd2d-778912c5b6cc90e2b792bc5c' arrived on 1
2018-07-19 10:00:16.128 [IPControllerApp] task::task '31843aaf-3fa9673125f18a8f265711ba' finished on 1
2018-07-19 10:00:16.325 [IPControllerApp] task::task '9f577208-aa991f70cabede4c054474bb' arrived on 2
2018-07-19 10:00:16.326 [IPControllerApp] task::task 'c3878742-fbe36bd408acbed75556e7c9' finished on 2
2018-07-19 10:00:16.330 [IPControllerApp] task::task 'b2e7af42-2f6fd92ef36aa4d7787c8576' arrived on 0
2018-07-19 10:00:16.331 [IPControllerApp] task::task '4625114c-259c1b26d130a8baee0e5559' finished on 0
2018-07-19 10:00:16.332 [IPControllerApp] task::task '61705d59-3c2e79b2779932a71de2a17e' arrived on 5
2018-07-19 10:00:16.334 [IPControllerApp] task::task 'b8087080-d3003268b6182e0b84aad604' finished on 5
2018-07-19 10:00:16.335 [IPControllerApp] task::task '5a796a41-1c61630acd3a35ef81037896' arrived on 7
2018-07-19 10:00:16.336 [IPControllerApp] task::task '06a005f4-3ceaab905dd38986d9b8863b' finished on 7
2018-07-19 10:00:16.337 [IPControllerApp] task::task 'a66f8d17-c75f30a9fa6c0c5351f7b4fb' arrived on 4
2018-07-19 10:00:16.338 [IPControllerApp] task::task 'ed1461ca-a8ec21a448dcc1c3507e816a' finished on 4
2018-07-19 10:00:16.339 [IPControllerApp] task::task '4efb07bc-81ce0febe76897791a07a904' arrived on 3
2018-07-19 10:00:16.339 [IPControllerApp] task::task '58ba1667-402e316a7021a15adb67a84b' finished on 3
2018-07-19 10:00:26.144 [IPControllerApp] task::task '41961465-00bd5ac8055a030e15395469' arrived on 1
2018-07-19 10:00:26.145 [IPControllerApp] task::task 'e363bd2d-778912c5b6cc90e2b792bc5c' finished on 1
2018-07-19 10:00:26.145 [IPControllerApp] task::task '4478feec-67901a37d532ad5b5c631f4d' arrived on 6
2018-07-19 10:00:26.147 [IPControllerApp] task::task 'e7b97ed3-d7d629aca052faca49271abd' finished on 6
2018-07-19 10:00:26.349 [IPControllerApp] task::task '2ce0c144-b10e2ca394b5f4f060f58918' arrived on 4
2018-07-19 10:00:26.350 [IPControllerApp] task::task 'a66f8d17-c75f30a9fa6c0c5351f7b4fb' finished on 4
2018-07-19 10:00:26.350 [IPControllerApp] task::task 'c1782d3a-92aa596d984c73659db88088' arrived on 3
2018-07-19 10:00:26.353 [IPControllerApp] task::task '4efb07bc-81ce0febe76897791a07a904' finished on 3
2018-07-19 10:00:26.354 [IPControllerApp] task::task '6d6a6167-3d231c43c926e5a171521a17' arrived on 7
2018-07-19 10:00:26.355 [IPControllerApp] task::task '5a796a41-1c61630acd3a35ef81037896' finished on 7
2018-07-19 10:00:26.356 [IPControllerApp] task::task '576bb423-b4239d6058f1b9ece304e47e' arrived on 5
2018-07-19 10:00:26.358 [IPControllerApp] task::task '61705d59-3c2e79b2779932a71de2a17e' finished on 5
2018-07-19 10:00:26.359 [IPControllerApp] task::task 'df3db22a-6ead353a7c9304a22ccf1ade' arrived on 0
2018-07-19 10:00:26.360 [IPControllerApp] task::task 'b2e7af42-2f6fd92ef36aa4d7787c8576' finished on 0
2018-07-19 10:00:26.361 [IPControllerApp] task::task '10ebac2d-1da38ed93c06d30b6da92091' arrived on 2
2018-07-19 10:00:26.363 [IPControllerApp] task::task '9f577208-aa991f70cabede4c054474bb' finished on 2
2018-07-19 10:00:36.162 [IPControllerApp] task::task 'a4fae63a-58378c4a4751bf8868419c05' arrived on 6
2018-07-19 10:00:36.163 [IPControllerApp] task::task '4478feec-67901a37d532ad5b5c631f4d' finished on 6
2018-07-19 10:00:36.164 [IPControllerApp] task::task '0aec95e7-a117f2c7845f7a04056c5292' arrived on 1
2018-07-19 10:00:36.165 [IPControllerApp] task::task '41961465-00bd5ac8055a030e15395469' finished on 1
2018-07-19 10:00:36.370 [IPControllerApp] task::task 'd4e38066-fc2e7ba7a7d2f0f2cf5054dd' arrived on 7
2018-07-19 10:00:36.371 [IPControllerApp] task::task '6d6a6167-3d231c43c926e5a171521a17' finished on 7
2018-07-19 10:00:36.377 [IPControllerApp] task::task 'd3946301-af64535de6faee8d599b56fa' arrived on 5
2018-07-19 10:00:36.378 [IPControllerApp] task::task '576bb423-b4239d6058f1b9ece304e47e' finished on 5
2018-07-19 10:00:36.380 [IPControllerApp] task::task '3e2aafd9-6fbf79aa0dd30a38fa021d9e' arrived on 2
2018-07-19 10:00:36.381 [IPControllerApp] task::task '10ebac2d-1da38ed93c06d30b6da92091' finished on 2
2018-07-19 10:00:36.382 [IPControllerApp] task::task 'd60742a8-048c9bc6a9a03d784ba4f637' arrived on 3
2018-07-19 10:00:36.384 [IPControllerApp] task::task 'c1782d3a-92aa596d984c73659db88088' finished on 3
2018-07-19 10:00:36.385 [IPControllerApp] task::task '20c336e9-ca76246533ebfdad49053266' arrived on 4
2018-07-19 10:00:36.386 [IPControllerApp] task::task '2ce0c144-b10e2ca394b5f4f060f58918' finished on 4
2018-07-19 10:00:36.386 [IPControllerApp] task::task 'd04f1c7e-4a878552e44023f65e53a548' arrived on 0
2018-07-19 10:00:36.388 [IPControllerApp] task::task 'df3db22a-6ead353a7c9304a22ccf1ade' finished on 0
2018-07-19 10:00:46.181 [IPControllerApp] task::task '71305b5c-1a4986fb60b7e196c6d7fa48' arrived on 1
2018-07-19 10:00:46.182 [IPControllerApp] task::task '0aec95e7-a117f2c7845f7a04056c5292' finished on 1
2018-07-19 10:00:46.183 [IPControllerApp] task::task '517be8de-d340a735cdeaf52e9510db37' arrived on 6
2018-07-19 10:00:46.184 [IPControllerApp] task::task 'a4fae63a-58378c4a4751bf8868419c05' finished on 6
2018-07-19 10:00:46.394 [IPControllerApp] task::task '4e21fc99-d103e17fb6e72bcade250c0a' arrived on 7
2018-07-19 10:00:46.395 [IPControllerApp] task::task 'd4e38066-fc2e7ba7a7d2f0f2cf5054dd' finished on 7
2018-07-19 10:00:46.398 [IPControllerApp] task::task 'eb9a7952-17a470f5b999f1a9c2be70ae' arrived on 2
2018-07-19 10:00:46.399 [IPControllerApp] task::task '3e2aafd9-6fbf79aa0dd30a38fa021d9e' finished on 2
2018-07-19 10:00:46.405 [IPControllerApp] task::task 'c8043454-5bc9bac93b62f6d0c00f6c1d' arrived on 3
2018-07-19 10:00:46.406 [IPControllerApp] task::task 'd60742a8-048c9bc6a9a03d784ba4f637' finished on 3
2018-07-19 10:00:46.408 [IPControllerApp] task::task '195a8b89-5a251aee7e5650c5564a42d7' arrived on 0
2018-07-19 10:00:46.409 [IPControllerApp] task::task 'd04f1c7e-4a878552e44023f65e53a548' finished on 0
2018-07-19 10:00:46.410 [IPControllerApp] task::task '8600e884-5edd618d4e36721d2e50add2' arrived on 4
2018-07-19 10:00:46.412 [IPControllerApp] task::task '20c336e9-ca76246533ebfdad49053266' finished on 4
2018-07-19 10:00:46.413 [IPControllerApp] task::task 'b591fe58-347c493884d89fdd2aa7931f' arrived on 5
2018-07-19 10:00:46.414 [IPControllerApp] task::task 'd3946301-af64535de6faee8d599b56fa' finished on 5
2018-07-19 10:00:56.199 [IPControllerApp] task::task 'df271458-4de4d0412ed71c6fca43e39f' arrived on 1
2018-07-19 10:00:56.200 [IPControllerApp] task::task '71305b5c-1a4986fb60b7e196c6d7fa48' finished on 1
2018-07-19 10:00:56.201 [IPControllerApp] task::task 'c38fb79e-52ec2b3486a312129602ff6b' arrived on 6
2018-07-19 10:00:56.202 [IPControllerApp] task::task '517be8de-d340a735cdeaf52e9510db37' finished on 6
2018-07-19 10:00:56.430 [IPControllerApp] task::task '39a1b046-63b0cd087affcfddfc9be0eb' arrived on 7
2018-07-19 10:00:56.431 [IPControllerApp] task::task '4e21fc99-d103e17fb6e72bcade250c0a' finished on 7
2018-07-19 10:00:56.434 [IPControllerApp] task::task 'e4ad02f7-d9fa2f37be6607ec8f9f83eb' arrived on 5
2018-07-19 10:00:56.435 [IPControllerApp] task::task 'b591fe58-347c493884d89fdd2aa7931f' finished on 5
2018-07-19 10:00:56.435 [IPControllerApp] task::task '2baaa1a3-1415677576cbbc1edc57c261' arrived on 2
2018-07-19 10:00:56.436 [IPControllerApp] task::task 'eb9a7952-17a470f5b999f1a9c2be70ae' finished on 2
2018-07-19 10:00:56.437 [IPControllerApp] task::task '05c8cec4-999f017ad1e8ff75e645f462' arrived on 0
2018-07-19 10:00:56.438 [IPControllerApp] task::task '195a8b89-5a251aee7e5650c5564a42d7' finished on 0
2018-07-19 10:00:56.439 [IPControllerApp] task::task '61605175-66ae3665f1229ed1ff544762' arrived on 4
2018-07-19 10:00:56.441 [IPControllerApp] task::task '8600e884-5edd618d4e36721d2e50add2' finished on 4
2018-07-19 10:00:56.442 [IPControllerApp] task::task 'b11ee215-f987646ece1663f7b577c1d7' arrived on 3
2018-07-19 10:00:56.443 [IPControllerApp] task::task 'c8043454-5bc9bac93b62f6d0c00f6c1d' finished on 3
2018-07-19 10:01:06.216 [IPControllerApp] task::task '37369262-a9be3ed2efb67c7da6c40439' arrived on 6
2018-07-19 10:01:06.217 [IPControllerApp] task::task 'c38fb79e-52ec2b3486a312129602ff6b' finished on 6
2018-07-19 10:01:06.217 [IPControllerApp] task::task '68b54291-7fa03f91127dc6cff6f2f951' arrived on 1
2018-07-19 10:01:06.219 [IPControllerApp] task::task 'df271458-4de4d0412ed71c6fca43e39f' finished on 1
2018-07-19 10:01:06.450 [IPControllerApp] task::task '108a60f8-070c2f5b1cfc9278eab79095' arrived on 5
2018-07-19 10:01:06.451 [IPControllerApp] task::task 'e4ad02f7-d9fa2f37be6607ec8f9f83eb' finished on 5
2018-07-19 10:01:06.451 [IPControllerApp] task::task 'db652d14-2f73f6159b7684a9970af1a1' arrived on 7
2018-07-19 10:01:06.452 [IPControllerApp] task::task '39a1b046-63b0cd087affcfddfc9be0eb' finished on 7
2018-07-19 10:01:06.453 [IPControllerApp] task::task 'ddb4d083-1396b0d2cfd91851ba1aa005' arrived on 0
2018-07-19 10:01:06.454 [IPControllerApp] task::task '05c8cec4-999f017ad1e8ff75e645f462' finished on 0
2018-07-19 10:01:06.454 [IPControllerApp] task::task 'f65bc450-dec5201fbcba2ebec5e54b8a' arrived on 3
2018-07-19 10:01:06.456 [IPControllerApp] task::task 'b11ee215-f987646ece1663f7b577c1d7' finished on 3
2018-07-19 10:01:06.457 [IPControllerApp] task::task '7c802264-960b246b9aac01fc9706cad6' arrived on 2
2018-07-19 10:01:06.458 [IPControllerApp] task::task '2baaa1a3-1415677576cbbc1edc57c261' finished on 2
2018-07-19 10:01:06.460 [IPControllerApp] task::task '6df5c040-fe479e0e0b2f58ae7ac361e3' arrived on 4
2018-07-19 10:01:06.461 [IPControllerApp] task::task '61605175-66ae3665f1229ed1ff544762' finished on 4
2018-07-19 10:01:16.233 [IPControllerApp] task::task 'f26b3208-88f1d1bfef3ebde57b5d2a15' arrived on 6
2018-07-19 10:01:16.234 [IPControllerApp] task::task '37369262-a9be3ed2efb67c7da6c40439' finished on 6
2018-07-19 10:01:16.234 [IPControllerApp] task::task '7a7626ea-8a34652e15069993457ae900' arrived on 1
2018-07-19 10:01:16.235 [IPControllerApp] task::task '68b54291-7fa03f91127dc6cff6f2f951' finished on 1
2018-07-19 10:01:16.479 [IPControllerApp] task::task '038a2a94-1ab8f1471d5ef4152f2a9f06' arrived on 5
2018-07-19 10:01:16.480 [IPControllerApp] task::task '108a60f8-070c2f5b1cfc9278eab79095' finished on 5
2018-07-19 10:01:16.481 [IPControllerApp] task::task 'fece4c19-8cc6da7aefec42635eec1d50' arrived on 3
2018-07-19 10:01:16.482 [IPControllerApp] task::task 'f65bc450-dec5201fbcba2ebec5e54b8a' finished on 3
2018-07-19 10:01:16.483 [IPControllerApp] task::task '0e52759f-0614dbeddc63272ef8cbae25' arrived on 2
2018-07-19 10:01:16.484 [IPControllerApp] task::task '7c802264-960b246b9aac01fc9706cad6' finished on 2
2018-07-19 10:01:16.486 [IPControllerApp] task::task 'bf16bf46-c765705236a9770640606202' arrived on 7
2018-07-19 10:01:16.487 [IPControllerApp] task::task 'db652d14-2f73f6159b7684a9970af1a1' finished on 7
2018-07-19 10:01:16.488 [IPControllerApp] task::task '62db7ab8-3acb6e40ccafff41e501cb14' arrived on 4
2018-07-19 10:01:16.489 [IPControllerApp] task::task '6df5c040-fe479e0e0b2f58ae7ac361e3' finished on 4
2018-07-19 10:01:16.490 [IPControllerApp] task::task 'c503e125-fa19b470319c275016af0fcf' arrived on 0
2018-07-19 10:01:16.491 [IPControllerApp] task::task 'ddb4d083-1396b0d2cfd91851ba1aa005' finished on 0
2018-07-19 10:01:26.250 [IPControllerApp] task::task '273b911a-d45b5f410a0708aa52e0af64' arrived on 1
2018-07-19 10:01:26.251 [IPControllerApp] task::task '7a7626ea-8a34652e15069993457ae900' finished on 1
2018-07-19 10:01:26.252 [IPControllerApp] task::task 'cb6a23e9-4a8448c86a4f781578fbf2e4' arrived on 6
2018-07-19 10:01:26.253 [IPControllerApp] task::task 'f26b3208-88f1d1bfef3ebde57b5d2a15' finished on 6
2018-07-19 10:01:26.504 [IPControllerApp] task::task '4415334d-1aefdda28af9598aa44a0421' arrived on 0
2018-07-19 10:01:26.504 [IPControllerApp] task::task 'c503e125-fa19b470319c275016af0fcf' finished on 0
2018-07-19 10:01:26.505 [IPControllerApp] task::task 'b21f6309-80ed31bfbb6d51fd067fbd64' arrived on 4
2018-07-19 10:01:26.507 [IPControllerApp] task::task '62db7ab8-3acb6e40ccafff41e501cb14' finished on 4
2018-07-19 10:01:26.507 [IPControllerApp] task::task '1dedd9a6-a349d79d81751bbb199a5631' arrived on 3
2018-07-19 10:01:26.509 [IPControllerApp] task::task 'fece4c19-8cc6da7aefec42635eec1d50' finished on 3
2018-07-19 10:01:26.510 [IPControllerApp] task::task '09ff988d-a613a45f63753a07922a8f1f' arrived on 7
2018-07-19 10:01:26.512 [IPControllerApp] task::task 'bf16bf46-c765705236a9770640606202' finished on 7
2018-07-19 10:01:26.513 [IPControllerApp] task::task '544cb4dd-ed2ba419684a3cfa3559745f' arrived on 2
2018-07-19 10:01:26.514 [IPControllerApp] task::task '0e52759f-0614dbeddc63272ef8cbae25' finished on 2
2018-07-19 10:01:26.516 [IPControllerApp] task::task '7f811ab8-6ff8720e4130d10ad2e8284c' arrived on 5
2018-07-19 10:01:26.517 [IPControllerApp] task::task '038a2a94-1ab8f1471d5ef4152f2a9f06' finished on 5
2018-07-19 10:01:36.267 [IPControllerApp] task::task '979b4f42-b6eaf01159f2c006be060e2d' arrived on 1
2018-07-19 10:01:36.268 [IPControllerApp] task::task '273b911a-d45b5f410a0708aa52e0af64' finished on 1
2018-07-19 10:01:36.269 [IPControllerApp] task::task '552d5fd5-e91f31995bc1a9135400e52b' arrived on 6
2018-07-19 10:01:36.270 [IPControllerApp] task::task 'cb6a23e9-4a8448c86a4f781578fbf2e4' finished on 6
2018-07-19 10:01:36.531 [IPControllerApp] task::task '6ac804e8-5f7104bc4b00a3863346b3c3' arrived on 4
2018-07-19 10:01:36.532 [IPControllerApp] task::task 'b21f6309-80ed31bfbb6d51fd067fbd64' finished on 4
2018-07-19 10:01:36.533 [IPControllerApp] task::task '6a0982f2-19c3ef925057d28c78448772' arrived on 0
2018-07-19 10:01:36.534 [IPControllerApp] task::task '4415334d-1aefdda28af9598aa44a0421' finished on 0
2018-07-19 10:01:36.536 [IPControllerApp] task::task '04d549e6-46264239d7d3cd410aede1bf' arrived on 2
2018-07-19 10:01:36.537 [IPControllerApp] task::task '544cb4dd-ed2ba419684a3cfa3559745f' finished on 2
2018-07-19 10:01:36.538 [IPControllerApp] task::task '6520dd6c-b10d2dc69692ca2e09e313da' arrived on 7
2018-07-19 10:01:36.539 [IPControllerApp] task::task '09ff988d-a613a45f63753a07922a8f1f' finished on 7
2018-07-19 10:01:36.541 [IPControllerApp] task::task 'ee9c79e9-e0c935bd4a4db146eb7d5b2b' arrived on 5
2018-07-19 10:01:36.542 [IPControllerApp] task::task '7f811ab8-6ff8720e4130d10ad2e8284c' finished on 5
2018-07-19 10:01:36.543 [IPControllerApp] task::task '824a10d0-d5e125ed6cce974e0342331a' arrived on 3
2018-07-19 10:01:36.545 [IPControllerApp] task::task '1dedd9a6-a349d79d81751bbb199a5631' finished on 3
2018-07-19 10:01:46.285 [IPControllerApp] task::task '32e0e4e2-96db56c5b2507cf1454c52db' arrived on 6
2018-07-19 10:01:46.286 [IPControllerApp] task::task '552d5fd5-e91f31995bc1a9135400e52b' finished on 6
2018-07-19 10:01:46.286 [IPControllerApp] task::task 'c164e7ff-f5cbd38fc7d7724b9c5ff6f9' arrived on 1
2018-07-19 10:01:46.287 [IPControllerApp] task::task '979b4f42-b6eaf01159f2c006be060e2d' finished on 1
2018-07-19 10:01:46.559 [IPControllerApp] task::task '7e1ee0c8-774e6fadce5ef953afc1abde' arrived on 4
2018-07-19 10:01:46.560 [IPControllerApp] task::task '6ac804e8-5f7104bc4b00a3863346b3c3' finished on 4
2018-07-19 10:01:46.563 [IPControllerApp] task::task '5cf44cda-c466fa7795f7fedaa0379d86' arrived on 7
2018-07-19 10:01:46.564 [IPControllerApp] task::task '6520dd6c-b10d2dc69692ca2e09e313da' finished on 7
2018-07-19 10:01:46.565 [IPControllerApp] task::task '55c6f366-387e3feb05fd0782c16c3aa2' arrived on 2
2018-07-19 10:01:46.567 [IPControllerApp] task::task '04d549e6-46264239d7d3cd410aede1bf' finished on 2
2018-07-19 10:01:46.568 [IPControllerApp] task::task 'd7f4836e-69b5c3b3611a0f5b46024462' arrived on 3
2018-07-19 10:01:46.570 [IPControllerApp] task::task '824a10d0-d5e125ed6cce974e0342331a' finished on 3
2018-07-19 10:01:46.571 [IPControllerApp] task::task '8d619e3c-45d5fc44ea4946e662cddec3' arrived on 0
2018-07-19 10:01:46.572 [IPControllerApp] task::task '6a0982f2-19c3ef925057d28c78448772' finished on 0
2018-07-19 10:01:46.573 [IPControllerApp] task::task '6623f98d-8343ea48133625209e1952d0' arrived on 5
2018-07-19 10:01:46.574 [IPControllerApp] task::task 'ee9c79e9-e0c935bd4a4db146eb7d5b2b' finished on 5
2018-07-19 10:01:56.303 [IPControllerApp] task::task '9a8ce974-5f64c4c61e0ad23f55d2ffc3' arrived on 1
2018-07-19 10:01:56.304 [IPControllerApp] task::task 'c164e7ff-f5cbd38fc7d7724b9c5ff6f9' finished on 1
2018-07-19 10:01:56.306 [IPControllerApp] task::task '5ec674f4-d7e545f1034103389ddfdc73' arrived on 6
2018-07-19 10:01:56.308 [IPControllerApp] task::task '32e0e4e2-96db56c5b2507cf1454c52db' finished on 6
2018-07-19 10:01:56.586 [IPControllerApp] task::task '45731032-a408e8a0816c28e2fca9c67c' arrived on 0
2018-07-19 10:01:56.586 [IPControllerApp] task::task '8d619e3c-45d5fc44ea4946e662cddec3' finished on 0
2018-07-19 10:01:56.589 [IPControllerApp] task::task '1fec6bf9-a30c578d3c850a36d7ad3f2d' arrived on 5
2018-07-19 10:01:56.591 [IPControllerApp] task::task '6623f98d-8343ea48133625209e1952d0' finished on 5
2018-07-19 10:01:56.592 [IPControllerApp] task::task '78c8d96c-8840da3daef1be5ee39c5de2' arrived on 7
2018-07-19 10:01:56.594 [IPControllerApp] task::task '5cf44cda-c466fa7795f7fedaa0379d86' finished on 7
2018-07-19 10:01:56.595 [IPControllerApp] task::task '1be3da1a-695d27cb5324949af281e4b0' arrived on 2
2018-07-19 10:01:56.596 [IPControllerApp] task::task '55c6f366-387e3feb05fd0782c16c3aa2' finished on 2
2018-07-19 10:01:56.598 [IPControllerApp] task::task 'e2843ae7-a1f14738bfe17da0d1ca63a2' arrived on 3
2018-07-19 10:01:56.599 [IPControllerApp] task::task 'd7f4836e-69b5c3b3611a0f5b46024462' finished on 3
2018-07-19 10:01:56.600 [IPControllerApp] task::task 'f652b83c-77e5e867d6fb79729bc3ee42' arrived on 4
2018-07-19 10:01:56.601 [IPControllerApp] task::task '7e1ee0c8-774e6fadce5ef953afc1abde' finished on 4
2018-07-19 10:02:06.319 [IPControllerApp] task::task '107e74d8-9a7d83264a98e031a9ac3068' arrived on 6
2018-07-19 10:02:06.320 [IPControllerApp] task::task '5ec674f4-d7e545f1034103389ddfdc73' finished on 6
2018-07-19 10:02:06.321 [IPControllerApp] task::task 'fd139f12-6dcd325fc63c45713599758e' arrived on 1
2018-07-19 10:02:06.323 [IPControllerApp] task::task '9a8ce974-5f64c4c61e0ad23f55d2ffc3' finished on 1
2018-07-19 10:02:06.612 [IPControllerApp] task::task 'a310bee8-0c9f416ce01352a5a5aa370c' arrived on 7
2018-07-19 10:02:06.613 [IPControllerApp] task::task '78c8d96c-8840da3daef1be5ee39c5de2' finished on 7
2018-07-19 10:02:06.615 [IPControllerApp] task::task 'd08bbe49-77feb239d710fe835baed8cb' arrived on 3
2018-07-19 10:02:06.617 [IPControllerApp] task::task 'e2843ae7-a1f14738bfe17da0d1ca63a2' finished on 3
2018-07-19 10:02:06.618 [IPControllerApp] task::task '3fc6666e-cf53a335c1febc1043880a5c' arrived on 2
2018-07-19 10:02:06.619 [IPControllerApp] task::task '1be3da1a-695d27cb5324949af281e4b0' finished on 2
2018-07-19 10:02:06.619 [IPControllerApp] task::task 'd8be0677-c42162fc089528c6360247c2' arrived on 5
2018-07-19 10:02:06.620 [IPControllerApp] task::task '1fec6bf9-a30c578d3c850a36d7ad3f2d' finished on 5
2018-07-19 10:02:06.622 [IPControllerApp] task::task '429a4302-7cda6299554fd4270bdbd225' arrived on 4
2018-07-19 10:02:06.623 [IPControllerApp] task::task 'f652b83c-77e5e867d6fb79729bc3ee42' finished on 4
2018-07-19 10:02:06.624 [IPControllerApp] task::task '7c2d6973-88a61293644546868c86ef3e' arrived on 0
2018-07-19 10:02:06.625 [IPControllerApp] task::task '45731032-a408e8a0816c28e2fca9c67c' finished on 0
2018-07-19 10:02:16.336 [IPControllerApp] task::task 'fcf68f87-60067ca56d595bacecebb76a' arrived on 6
2018-07-19 10:02:16.337 [IPControllerApp] task::task '107e74d8-9a7d83264a98e031a9ac3068' finished on 6
2018-07-19 10:02:16.338 [IPControllerApp] task::task 'f8f285d0-6ec9491a2c007527d4388dd2' arrived on 1
2018-07-19 10:02:16.340 [IPControllerApp] task::task 'fd139f12-6dcd325fc63c45713599758e' finished on 1
2018-07-19 10:02:16.638 [IPControllerApp] task::task '1ab8d4a5-8ce278059803e3a6bcbdbd64' arrived on 7
2018-07-19 10:02:16.639 [IPControllerApp] task::task 'a310bee8-0c9f416ce01352a5a5aa370c' finished on 7
2018-07-19 10:02:16.641 [IPControllerApp] task::task '0f05146d-1c0c35ad2e5de891c867f4db' arrived on 3
2018-07-19 10:02:16.642 [IPControllerApp] task::task 'd08bbe49-77feb239d710fe835baed8cb' finished on 3
2018-07-19 10:02:16.643 [IPControllerApp] task::task '543573f8-89315d4d91dc7d6763185c90' arrived on 5
2018-07-19 10:02:16.645 [IPControllerApp] task::task 'd8be0677-c42162fc089528c6360247c2' finished on 5
2018-07-19 10:02:16.646 [IPControllerApp] task::task '455840ba-3a58bb6556f6dfa6e253755c' arrived on 2
2018-07-19 10:02:16.647 [IPControllerApp] task::task '3fc6666e-cf53a335c1febc1043880a5c' finished on 2
2018-07-19 10:02:16.648 [IPControllerApp] task::task 'e9543456-86a45de36ae4cb1a40aea922' arrived on 4
2018-07-19 10:02:16.650 [IPControllerApp] task::task '429a4302-7cda6299554fd4270bdbd225' finished on 4
2018-07-19 10:02:16.651 [IPControllerApp] task::task '519fa4ed-a6811b1b8315c058b7e1eb3c' arrived on 0
2018-07-19 10:02:16.652 [IPControllerApp] task::task '7c2d6973-88a61293644546868c86ef3e' finished on 0
2018-07-19 10:02:26.355 [IPControllerApp] task::task '1efee2a8-5de91f69e1840e87e2a684b9' arrived on 6
2018-07-19 10:02:26.356 [IPControllerApp] task::task 'fcf68f87-60067ca56d595bacecebb76a' finished on 6
2018-07-19 10:02:26.357 [IPControllerApp] task::task '415e1b1a-8516db7df2fe6f676539102a' arrived on 1
2018-07-19 10:02:26.358 [IPControllerApp] task::task 'f8f285d0-6ec9491a2c007527d4388dd2' finished on 1
2018-07-19 10:02:26.666 [IPControllerApp] task::task 'b2ff9536-a16116d79b5c1fba17a55ffc' arrived on 4
2018-07-19 10:02:26.667 [IPControllerApp] task::task 'e9543456-86a45de36ae4cb1a40aea922' finished on 4
2018-07-19 10:02:26.670 [IPControllerApp] task::task 'edfd9747-3e4aa55f03d67d9d14ae4bda' arrived on 2
2018-07-19 10:02:26.671 [IPControllerApp] task::task '455840ba-3a58bb6556f6dfa6e253755c' finished on 2
2018-07-19 10:02:26.673 [IPControllerApp] task::task 'd3ab938d-22fdee89ec967c1fa23c5b68' arrived on 0
2018-07-19 10:02:26.674 [IPControllerApp] task::task '519fa4ed-a6811b1b8315c058b7e1eb3c' finished on 0
2018-07-19 10:02:26.676 [IPControllerApp] task::task '992755f8-567ef5a4d2a195e922dc42d2' arrived on 7
2018-07-19 10:02:26.678 [IPControllerApp] task::task '1ab8d4a5-8ce278059803e3a6bcbdbd64' finished on 7
2018-07-19 10:02:26.679 [IPControllerApp] task::task '1489d807-4adfa80df20fbf55b22c365e' arrived on 5
2018-07-19 10:02:26.681 [IPControllerApp] task::task '543573f8-89315d4d91dc7d6763185c90' finished on 5
2018-07-19 10:02:26.682 [IPControllerApp] task::task 'df1a7258-36f84dc49868fefd768d580b' arrived on 3
2018-07-19 10:02:26.683 [IPControllerApp] task::task '0f05146d-1c0c35ad2e5de891c867f4db' finished on 3
2018-07-19 10:02:36.373 [IPControllerApp] task::task '9ac33366-cb8abf3f41ae8123f9845b7a' arrived on 6
2018-07-19 10:02:36.374 [IPControllerApp] task::task '1efee2a8-5de91f69e1840e87e2a684b9' finished on 6
2018-07-19 10:02:36.374 [IPControllerApp] task::task '619e826e-fba6be0a217e2fd4e77eab43' arrived on 1
2018-07-19 10:02:36.376 [IPControllerApp] task::task '415e1b1a-8516db7df2fe6f676539102a' finished on 1
2018-07-19 10:02:36.689 [IPControllerApp] task::task 'a971a079-74a9ef23e36afc7e5cc6d4c2' arrived on 7
2018-07-19 10:02:36.690 [IPControllerApp] task::task '992755f8-567ef5a4d2a195e922dc42d2' finished on 7
2018-07-19 10:02:36.691 [IPControllerApp] task::task 'f9f54c21-ca2dd719c46c32b7b8228172' arrived on 5
2018-07-19 10:02:36.692 [IPControllerApp] task::task '1489d807-4adfa80df20fbf55b22c365e' finished on 5
2018-07-19 10:02:36.693 [IPControllerApp] task::task 'cc9a3630-3f80f33a00f3a2596a66ef7c' arrived on 2
2018-07-19 10:02:36.694 [IPControllerApp] task::task 'edfd9747-3e4aa55f03d67d9d14ae4bda' finished on 2
2018-07-19 10:02:36.696 [IPControllerApp] task::task '64951694-03e4f6e5988c2c70625ec52e' arrived on 3
2018-07-19 10:02:36.697 [IPControllerApp] task::task 'df1a7258-36f84dc49868fefd768d580b' finished on 3
2018-07-19 10:02:36.699 [IPControllerApp] task::task '459345d3-6ccd3cba706226c987511c5d' arrived on 0
2018-07-19 10:02:36.700 [IPControllerApp] task::task 'd3ab938d-22fdee89ec967c1fa23c5b68' finished on 0
2018-07-19 10:02:36.702 [IPControllerApp] task::task '7cb4b74f-62a46ddb66d0019a73888a80' arrived on 4
2018-07-19 10:02:36.703 [IPControllerApp] task::task 'b2ff9536-a16116d79b5c1fba17a55ffc' finished on 4
2018-07-19 10:02:46.390 [IPControllerApp] task::task '3affcf80-9a1491a52258892e7883b44d' arrived on 1
2018-07-19 10:02:46.390 [IPControllerApp] task::task '619e826e-fba6be0a217e2fd4e77eab43' finished on 1
2018-07-19 10:02:46.391 [IPControllerApp] task::task '3d8cca12-3fde58f5631536846fdc2994' arrived on 6
2018-07-19 10:02:46.392 [IPControllerApp] task::task '9ac33366-cb8abf3f41ae8123f9845b7a' finished on 6
2018-07-19 10:02:46.718 [IPControllerApp] task::task '5a3b7a8e-13d918d9897472fab7caa98c' arrived on 0
2018-07-19 10:02:46.719 [IPControllerApp] task::task '459345d3-6ccd3cba706226c987511c5d' finished on 0
2018-07-19 10:02:46.722 [IPControllerApp] task::task '14691dad-8f978f7778c28141f10e3077' arrived on 7
2018-07-19 10:02:46.724 [IPControllerApp] task::task 'a971a079-74a9ef23e36afc7e5cc6d4c2' finished on 7
2018-07-19 10:02:46.725 [IPControllerApp] task::task 'd72a8650-179aa1810f06e52ae47defc6' arrived on 3
2018-07-19 10:02:46.726 [IPControllerApp] task::task '64951694-03e4f6e5988c2c70625ec52e' finished on 3
2018-07-19 10:02:46.728 [IPControllerApp] task::task 'a3218dc1-b06c917d5a578a226585c7bd' arrived on 4
2018-07-19 10:02:46.731 [IPControllerApp] task::task '7cb4b74f-62a46ddb66d0019a73888a80' finished on 4
2018-07-19 10:02:46.732 [IPControllerApp] task::task 'be007153-4a152708bf26a7b4c0191d63' arrived on 2
2018-07-19 10:02:46.733 [IPControllerApp] task::task 'cc9a3630-3f80f33a00f3a2596a66ef7c' finished on 2
2018-07-19 10:02:46.735 [IPControllerApp] task::task 'a0d2bab4-2573bc7a959ca9f83d2d001f' arrived on 5
2018-07-19 10:02:46.736 [IPControllerApp] task::task 'f9f54c21-ca2dd719c46c32b7b8228172' finished on 5
2018-07-19 10:02:56.407 [IPControllerApp] task::task '5ac2186e-504374d21f1d1f2277e4786b' arrived on 6
2018-07-19 10:02:56.408 [IPControllerApp] task::task '3d8cca12-3fde58f5631536846fdc2994' finished on 6
2018-07-19 10:02:56.410 [IPControllerApp] task::task '4ca04e99-f076438d5210344108819a9c' arrived on 1
2018-07-19 10:02:56.411 [IPControllerApp] task::task '3affcf80-9a1491a52258892e7883b44d' finished on 1
2018-07-19 10:02:56.734 [IPControllerApp] task::task '6c7f80db-dfb59279d81c4404f9e1e045' arrived on 0
2018-07-19 10:02:56.735 [IPControllerApp] task::task '5a3b7a8e-13d918d9897472fab7caa98c' finished on 0
2018-07-19 10:02:56.741 [IPControllerApp] task::task 'd8d80445-10aaf5776a56cb43ef677680' arrived on 5
2018-07-19 10:02:56.742 [IPControllerApp] task::task 'a0d2bab4-2573bc7a959ca9f83d2d001f' finished on 5
2018-07-19 10:02:56.744 [IPControllerApp] task::task '63b31f81-0f472b72b4ef91a3c0e0d447' arrived on 7
2018-07-19 10:02:56.745 [IPControllerApp] task::task '14691dad-8f978f7778c28141f10e3077' finished on 7
2018-07-19 10:02:56.747 [IPControllerApp] task::task 'a9d1c3ee-943642354a4192036fd95871' arrived on 2
2018-07-19 10:02:56.749 [IPControllerApp] task::task 'be007153-4a152708bf26a7b4c0191d63' finished on 2
2018-07-19 10:02:56.751 [IPControllerApp] task::task '4d8d96b8-eab808f27dee7e625b1b25ff' arrived on 4
2018-07-19 10:02:56.752 [IPControllerApp] task::task 'a3218dc1-b06c917d5a578a226585c7bd' finished on 4
2018-07-19 10:02:56.754 [IPControllerApp] task::task 'adf27b93-e1e9dfb5ac43f68dd2e71307' arrived on 3
2018-07-19 10:02:56.755 [IPControllerApp] task::task 'd72a8650-179aa1810f06e52ae47defc6' finished on 3
2018-07-19 10:03:06.423 [IPControllerApp] task::task 'f2fa0cf9-9eaaaf5787cde62a631204d9' arrived on 1
2018-07-19 10:03:06.424 [IPControllerApp] task::task '4ca04e99-f076438d5210344108819a9c' finished on 1
2018-07-19 10:03:06.425 [IPControllerApp] task::task '00a9d545-9195e4d39c7f88ec9976383d' arrived on 6
2018-07-19 10:03:06.426 [IPControllerApp] task::task '5ac2186e-504374d21f1d1f2277e4786b' finished on 6
2018-07-19 10:03:06.761 [IPControllerApp] task::task '237938e8-4bab5dbaf03a3efd492c4e73' arrived on 0
2018-07-19 10:03:06.763 [IPControllerApp] task::task '6c7f80db-dfb59279d81c4404f9e1e045' finished on 0
2018-07-19 10:03:06.764 [IPControllerApp] task::task 'a37fc546-e8a2fb6ee337b3260d2d9d5c' arrived on 3
2018-07-19 10:03:06.764 [IPControllerApp] task::task 'adf27b93-e1e9dfb5ac43f68dd2e71307' finished on 3
2018-07-19 10:03:06.770 [IPControllerApp] task::task 'e6bae970-f04005220c7fcac152a4652b' arrived on 4
2018-07-19 10:03:06.772 [IPControllerApp] task::task '4d8d96b8-eab808f27dee7e625b1b25ff' finished on 4
2018-07-19 10:03:06.773 [IPControllerApp] task::task '472e3d83-61ff1406a62088d136926f77' arrived on 2
2018-07-19 10:03:06.774 [IPControllerApp] task::task 'a9d1c3ee-943642354a4192036fd95871' finished on 2
2018-07-19 10:03:06.776 [IPControllerApp] task::task 'c709abe9-a781db7e213478de8b4bd10f' arrived on 5
2018-07-19 10:03:06.777 [IPControllerApp] task::task 'd8d80445-10aaf5776a56cb43ef677680' finished on 5
2018-07-19 10:03:06.779 [IPControllerApp] task::task 'f05ce460-30cc863f02f49b60f3a867ec' arrived on 7
2018-07-19 10:03:06.780 [IPControllerApp] task::task '63b31f81-0f472b72b4ef91a3c0e0d447' finished on 7
2018-07-19 10:03:16.441 [IPControllerApp] task::task 'df782601-5b4007370a7030e6731d1d05' arrived on 6
2018-07-19 10:03:16.442 [IPControllerApp] task::task '00a9d545-9195e4d39c7f88ec9976383d' finished on 6
2018-07-19 10:03:16.442 [IPControllerApp] task::task '4326f9f0-beee93cb1e1c91f318bd62cc' arrived on 1
2018-07-19 10:03:16.444 [IPControllerApp] task::task 'f2fa0cf9-9eaaaf5787cde62a631204d9' finished on 1
2018-07-19 10:03:16.794 [IPControllerApp] task::task '96525b0e-ae0b313bf43a7f360f55c72b' arrived on 0
2018-07-19 10:03:16.795 [IPControllerApp] task::task '237938e8-4bab5dbaf03a3efd492c4e73' finished on 0
2018-07-19 10:03:16.798 [IPControllerApp] task::task 'ae4db44d-7fef7ab60aad31d2ec537527' arrived on 4
2018-07-19 10:03:16.800 [IPControllerApp] task::task 'e6bae970-f04005220c7fcac152a4652b' finished on 4
2018-07-19 10:03:16.802 [IPControllerApp] task::task '63693afe-cc4c50915926ff6e75d486b2' arrived on 7
2018-07-19 10:03:16.803 [IPControllerApp] task::task 'f05ce460-30cc863f02f49b60f3a867ec' finished on 7
2018-07-19 10:03:16.804 [IPControllerApp] task::task '85d9a6b5-e6f3d80765c9a162786250fe' arrived on 3
2018-07-19 10:03:16.806 [IPControllerApp] task::task 'a37fc546-e8a2fb6ee337b3260d2d9d5c' finished on 3
2018-07-19 10:03:16.808 [IPControllerApp] task::task '08ce4a3b-1272869e4108ead260cce188' arrived on 2
2018-07-19 10:03:16.809 [IPControllerApp] task::task '472e3d83-61ff1406a62088d136926f77' finished on 2
2018-07-19 10:03:16.810 [IPControllerApp] task::task '765034eb-94a55577bfd97d273e154bdf' arrived on 5
2018-07-19 10:03:16.812 [IPControllerApp] task::task 'c709abe9-a781db7e213478de8b4bd10f' finished on 5
2018-07-19 10:03:26.458 [IPControllerApp] task::task '52686944-73fe9767724f667f4093735a' arrived on 1
2018-07-19 10:03:26.459 [IPControllerApp] task::task '4326f9f0-beee93cb1e1c91f318bd62cc' finished on 1
2018-07-19 10:03:26.460 [IPControllerApp] task::task 'b73b5869-57371e31e3716610930abdd3' arrived on 6
2018-07-19 10:03:26.461 [IPControllerApp] task::task 'df782601-5b4007370a7030e6731d1d05' finished on 6
2018-07-19 10:03:26.822 [IPControllerApp] task::task '36f79046-8f23c904b967a1d351299044' arrived on 7
2018-07-19 10:03:26.823 [IPControllerApp] task::task '63693afe-cc4c50915926ff6e75d486b2' finished on 7
2018-07-19 10:03:26.826 [IPControllerApp] task::task '2dc544e7-3863740996bf0b9aa0d3faf7' arrived on 2
2018-07-19 10:03:26.827 [IPControllerApp] task::task '08ce4a3b-1272869e4108ead260cce188' finished on 2
2018-07-19 10:03:26.828 [IPControllerApp] task::task '22561a38-c6b77228f335451b6497f425' arrived on 3
2018-07-19 10:03:26.830 [IPControllerApp] task::task '85d9a6b5-e6f3d80765c9a162786250fe' finished on 3
2018-07-19 10:03:26.832 [IPControllerApp] task::task 'ff9c0b13-1aee1872c903a13a218c371c' arrived on 5
2018-07-19 10:03:26.834 [IPControllerApp] task::task '765034eb-94a55577bfd97d273e154bdf' finished on 5
2018-07-19 10:03:26.836 [IPControllerApp] task::task '4377ed41-9ad083ebc3cceed4cd0f4882' arrived on 0
2018-07-19 10:03:26.838 [IPControllerApp] task::task '96525b0e-ae0b313bf43a7f360f55c72b' finished on 0
2018-07-19 10:03:26.840 [IPControllerApp] task::task 'cfe035b3-c8dfc384d73daecf0187a2a0' arrived on 4
2018-07-19 10:03:26.842 [IPControllerApp] task::task 'ae4db44d-7fef7ab60aad31d2ec537527' finished on 4
2018-07-19 10:03:36.475 [IPControllerApp] task::task 'a09791a1-dee4990a220ef1164dd8cd3b' arrived on 6
2018-07-19 10:03:36.476 [IPControllerApp] task::task 'b73b5869-57371e31e3716610930abdd3' finished on 6
2018-07-19 10:03:36.477 [IPControllerApp] task::task 'ddd57d88-b984c2c6c638f18cf58642c5' arrived on 1
2018-07-19 10:03:36.479 [IPControllerApp] task::task '52686944-73fe9767724f667f4093735a' finished on 1
2018-07-19 10:03:36.848 [IPControllerApp] task::task 'd5683d50-7266c49631efff721f7a39a0' arrived on 3
2018-07-19 10:03:36.849 [IPControllerApp] task::task '22561a38-c6b77228f335451b6497f425' finished on 3
2018-07-19 10:03:36.853 [IPControllerApp] task::task 'b28da178-2ee11312cb60ee5f933cb2ed' arrived on 4
2018-07-19 10:03:36.854 [IPControllerApp] task::task 'cfe035b3-c8dfc384d73daecf0187a2a0' finished on 4
2018-07-19 10:03:36.856 [IPControllerApp] task::task '4254359d-f64cf4b57d18594182596cf7' arrived on 7
2018-07-19 10:03:36.857 [IPControllerApp] task::task '36f79046-8f23c904b967a1d351299044' finished on 7
2018-07-19 10:03:36.858 [IPControllerApp] task::task 'c63c4cac-a34709f0db451deeaf84c4f6' arrived on 0
2018-07-19 10:03:36.859 [IPControllerApp] task::task '4377ed41-9ad083ebc3cceed4cd0f4882' finished on 0
2018-07-19 10:03:36.861 [IPControllerApp] task::task '9ac4ad46-1598b606dfa7bb25f18b7ba1' arrived on 5
2018-07-19 10:03:36.862 [IPControllerApp] task::task 'ff9c0b13-1aee1872c903a13a218c371c' finished on 5
2018-07-19 10:03:36.863 [IPControllerApp] task::task 'a97ef4ad-cc6d75623774ea9783153a61' arrived on 2
2018-07-19 10:03:36.864 [IPControllerApp] task::task '2dc544e7-3863740996bf0b9aa0d3faf7' finished on 2
2018-07-19 10:03:46.492 [IPControllerApp] task::task 'c8a832fc-249f1ac5ea99f45eb195af27' arrived on 1
2018-07-19 10:03:46.493 [IPControllerApp] task::task 'ddd57d88-b984c2c6c638f18cf58642c5' finished on 1
2018-07-19 10:03:46.494 [IPControllerApp] task::task '7dbf6ad3-43b21bed377714bd9817c1d5' arrived on 6
2018-07-19 10:03:46.495 [IPControllerApp] task::task 'a09791a1-dee4990a220ef1164dd8cd3b' finished on 6
2018-07-19 10:03:46.876 [IPControllerApp] task::task '43d75af8-13e66ddfd7be7448673bb3cc' arrived on 3
2018-07-19 10:03:46.877 [IPControllerApp] task::task 'd5683d50-7266c49631efff721f7a39a0' finished on 3
2018-07-19 10:03:46.880 [IPControllerApp] task::task 'd2348e10-97ca29c5dceb6345ae06f067' arrived on 0
2018-07-19 10:03:46.881 [IPControllerApp] task::task 'c63c4cac-a34709f0db451deeaf84c4f6' finished on 0
2018-07-19 10:03:46.882 [IPControllerApp] task::task '224bcafa-40754458bbdc2259f75f00af' arrived on 5
2018-07-19 10:03:46.884 [IPControllerApp] task::task '9ac4ad46-1598b606dfa7bb25f18b7ba1' finished on 5
2018-07-19 10:03:46.885 [IPControllerApp] task::task '4eb92fd0-5014f5429c51e96351970f1d' arrived on 2
2018-07-19 10:03:46.886 [IPControllerApp] task::task 'a97ef4ad-cc6d75623774ea9783153a61' finished on 2
2018-07-19 10:03:46.888 [IPControllerApp] task::task '15965046-305380d4a552d07b390f3820' arrived on 7
2018-07-19 10:03:46.889 [IPControllerApp] task::task '4254359d-f64cf4b57d18594182596cf7' finished on 7
2018-07-19 10:03:46.890 [IPControllerApp] task::task '5974bdf5-31fe8e00f10af4424f71d4fe' arrived on 4
2018-07-19 10:03:46.892 [IPControllerApp] task::task 'b28da178-2ee11312cb60ee5f933cb2ed' finished on 4
2018-07-19 10:03:56.488 [IPControllerApp] CRITICAL | Received signal 15, shutting down
2018-07-19 10:03:56.489 [IPControllerApp] CRITICAL | terminating children...
