2018-07-11 13:27:36 parsl.dataflow.dflow:71 [INFO]  Parsl version: 0.5.1
2018-07-11 13:27:36 parsl.dataflow.dflow:72 [INFO]  Libsubmit version: 0.5.0-a0
2018-07-11 13:27:36 parsl.dataflow.usage_tracking.usage:125 [DEBUG]  Tracking status: True
2018-07-11 13:27:36 parsl.dataflow.usage_tracking.usage:126 [DEBUG]  Testing mode   : False
2018-07-11 13:27:36 parsl.dataflow.memoization:52 [INFO]  App caching initialized
2018-07-11 13:27:36 parsl.executors.ipp_controller:83 [DEBUG]  Starting ipcontroller with 'ipcontroller --ipython-dir=/scratch/midway2/madduru/parsl/parsl/tests/integration/test_stress/runinfo/950 --ip=* --profile=midway_ipp   '
2018-07-11 13:27:40 parsl.executors.ipp:97 [DEBUG]  Waiting for /scratch/midway2/madduru/parsl/parsl/tests/integration/test_stress/runinfo/950/profile_midway_ipp/security/ipcontroller-client.json
2018-07-11 13:27:40 parsl.executors.ipp:114 [DEBUG]  Starting IPyParallelExecutor with provider:
SlurmProvider(
    'sandyb',
    channel=LocalChannel(
        envs={}, 
        script_dir='/scratch/midway2/madduru/parsl/parsl/tests/integration/test_stress/.scripts', 
        userhome='/scratch/midway2/madduru/parsl/parsl/tests/integration/test_stress'
    ), 
    cmd_timeout=10, 
    init_blocks=1, 
    label='slurm', 
    launcher=<libsubmit.launchers.launchers.SingleNodeLauncher object at 0x7fa8b3eaae10>, 
    max_blocks=1, 
    min_blocks=1, 
    nodes_per_block=1, 
    overrides='module load Anaconda3/5.1.0; export PARSL_TESTING=True', 
    parallelism=0.5, 
    script_dir='parsl_scripts', 
    tasks_per_node=1, 
    walltime=11
)
2018-07-11 13:27:40 parsl.executors.ipp:119 [DEBUG]  Launched block: 0:47407831
2018-07-11 13:27:40 parsl.executors.ipp:134 [DEBUG]  Starting executor
2018-07-11 13:27:40 parsl.dataflow.strategy:120 [DEBUG]  Scaling strategy: simple
2018-07-11 13:27:40 parsl.dataflow.dflow:480 [INFO]  Task 0 submitted for App sleeper, waiting on tasks []
2018-07-11 13:27:40 parsl.dataflow.dflow:286 [INFO]  Task 0 launched on executor midway_ipp
2018-07-11 13:27:40 parsl.dataflow.dflow:501 [DEBUG]  Task 0 launched with AppFuture: <AppFuture at 0x7fa89bbf5c18 state=pending>
2018-07-11 13:27:40 parsl.dataflow.dflow:480 [INFO]  Task 1 submitted for App sleeper, waiting on tasks []
2018-07-11 13:27:40 parsl.dataflow.dflow:286 [INFO]  Task 1 launched on executor midway_ipp
2018-07-11 13:27:40 parsl.dataflow.dflow:501 [DEBUG]  Task 1 launched with AppFuture: <AppFuture at 0x7fa89bc0b470 state=pending>
2018-07-11 13:27:40 parsl.dataflow.dflow:480 [INFO]  Task 2 submitted for App sleeper, waiting on tasks []
2018-07-11 13:27:40 parsl.dataflow.dflow:286 [INFO]  Task 2 launched on executor midway_ipp
2018-07-11 13:27:40 parsl.dataflow.dflow:501 [DEBUG]  Task 2 launched with AppFuture: <AppFuture at 0x7fa89bc0bc88 state=pending>
2018-07-11 13:27:40 parsl.dataflow.dflow:480 [INFO]  Task 3 submitted for App sleeper, waiting on tasks []
2018-07-11 13:27:40 parsl.dataflow.dflow:286 [INFO]  Task 3 launched on executor midway_ipp
2018-07-11 13:27:40 parsl.dataflow.dflow:501 [DEBUG]  Task 3 launched with AppFuture: <AppFuture at 0x7fa89bc164e0 state=pending>
2018-07-11 13:27:40 parsl.dataflow.dflow:480 [INFO]  Task 4 submitted for App sleeper, waiting on tasks []
2018-07-11 13:27:40 parsl.dataflow.dflow:286 [INFO]  Task 4 launched on executor midway_ipp
2018-07-11 13:27:40 parsl.dataflow.dflow:501 [DEBUG]  Task 4 launched with AppFuture: <AppFuture at 0x7fa89bc16dd8 state=pending>
2018-07-11 13:27:40 parsl.dataflow.dflow:480 [INFO]  Task 5 submitted for App sleeper, waiting on tasks []
2018-07-11 13:27:40 parsl.dataflow.dflow:286 [INFO]  Task 5 launched on executor midway_ipp
2018-07-11 13:27:40 parsl.dataflow.dflow:501 [DEBUG]  Task 5 launched with AppFuture: <AppFuture at 0x7fa89bc166d8 state=pending>
2018-07-11 13:27:40 parsl.dataflow.dflow:480 [INFO]  Task 6 submitted for App sleeper, waiting on tasks []
2018-07-11 13:27:40 parsl.dataflow.dflow:286 [INFO]  Task 6 launched on executor midway_ipp
2018-07-11 13:27:40 parsl.dataflow.dflow:501 [DEBUG]  Task 6 launched with AppFuture: <AppFuture at 0x7fa89b19fd68 state=pending>
2018-07-11 13:27:40 parsl.dataflow.dflow:480 [INFO]  Task 7 submitted for App sleeper, waiting on tasks []
2018-07-11 13:27:40 parsl.dataflow.dflow:286 [INFO]  Task 7 launched on executor midway_ipp
2018-07-11 13:27:40 parsl.dataflow.dflow:501 [DEBUG]  Task 7 launched with AppFuture: <AppFuture at 0x7fa89b1a95c0 state=pending>
2018-07-11 13:27:40 parsl.dataflow.dflow:480 [INFO]  Task 8 submitted for App sleeper, waiting on tasks []
2018-07-11 13:27:40 parsl.dataflow.dflow:286 [INFO]  Task 8 launched on executor midway_ipp
2018-07-11 13:27:40 parsl.dataflow.dflow:501 [DEBUG]  Task 8 launched with AppFuture: <AppFuture at 0x7fa89b1a9eb8 state=pending>
2018-07-11 13:27:40 parsl.dataflow.dflow:480 [INFO]  Task 9 submitted for App sleeper, waiting on tasks []
2018-07-11 13:27:40 parsl.dataflow.dflow:286 [INFO]  Task 9 launched on executor midway_ipp
2018-07-11 13:27:40 parsl.dataflow.dflow:501 [DEBUG]  Task 9 launched with AppFuture: <AppFuture at 0x7fa89b1b6668 state=pending>
2018-07-11 13:27:40 parsl.dataflow.dflow:480 [INFO]  Task 10 submitted for App sleeper, waiting on tasks []
2018-07-11 13:27:40 parsl.dataflow.dflow:286 [INFO]  Task 10 launched on executor midway_ipp
2018-07-11 13:27:40 parsl.dataflow.dflow:501 [DEBUG]  Task 10 launched with AppFuture: <AppFuture at 0x7fa89b1b6e48 state=pending>
2018-07-11 13:27:40 parsl.dataflow.dflow:480 [INFO]  Task 11 submitted for App sleeper, waiting on tasks []
2018-07-11 13:27:40 parsl.dataflow.dflow:286 [INFO]  Task 11 launched on executor midway_ipp
2018-07-11 13:27:40 parsl.dataflow.dflow:501 [DEBUG]  Task 11 launched with AppFuture: <AppFuture at 0x7fa89b1bf6a0 state=pending>
2018-07-11 13:27:40 parsl.dataflow.dflow:480 [INFO]  Task 12 submitted for App sleeper, waiting on tasks []
2018-07-11 13:27:40 parsl.dataflow.dflow:286 [INFO]  Task 12 launched on executor midway_ipp
2018-07-11 13:27:40 parsl.dataflow.dflow:501 [DEBUG]  Task 12 launched with AppFuture: <AppFuture at 0x7fa89b1bfeb8 state=pending>
2018-07-11 13:27:40 parsl.dataflow.dflow:480 [INFO]  Task 13 submitted for App sleeper, waiting on tasks []
2018-07-11 13:27:40 parsl.dataflow.dflow:286 [INFO]  Task 13 launched on executor midway_ipp
2018-07-11 13:27:40 parsl.dataflow.dflow:501 [DEBUG]  Task 13 launched with AppFuture: <AppFuture at 0x7fa89b1cb710 state=pending>
2018-07-11 13:27:40 parsl.dataflow.dflow:480 [INFO]  Task 14 submitted for App sleeper, waiting on tasks []
2018-07-11 13:27:40 parsl.dataflow.dflow:286 [INFO]  Task 14 launched on executor midway_ipp
2018-07-11 13:27:40 parsl.dataflow.dflow:501 [DEBUG]  Task 14 launched with AppFuture: <AppFuture at 0x7fa89b1cb9b0 state=pending>
2018-07-11 13:27:40 parsl.dataflow.dflow:480 [INFO]  Task 15 submitted for App sleeper, waiting on tasks []
2018-07-11 13:27:40 parsl.dataflow.dflow:286 [INFO]  Task 15 launched on executor midway_ipp
2018-07-11 13:27:40 parsl.dataflow.dflow:501 [DEBUG]  Task 15 launched with AppFuture: <AppFuture at 0x7fa89b1d57b8 state=pending>
2018-07-11 13:27:40 parsl.dataflow.dflow:480 [INFO]  Task 16 submitted for App sleeper, waiting on tasks []
2018-07-11 13:27:40 parsl.dataflow.dflow:286 [INFO]  Task 16 launched on executor midway_ipp
2018-07-11 13:27:40 parsl.dataflow.dflow:501 [DEBUG]  Task 16 launched with AppFuture: <AppFuture at 0x7fa89b1d5f98 state=pending>
2018-07-11 13:27:40 parsl.dataflow.dflow:480 [INFO]  Task 17 submitted for App sleeper, waiting on tasks []
2018-07-11 13:27:40 parsl.dataflow.dflow:286 [INFO]  Task 17 launched on executor midway_ipp
2018-07-11 13:27:40 parsl.dataflow.dflow:501 [DEBUG]  Task 17 launched with AppFuture: <AppFuture at 0x7fa89b1647f0 state=pending>
2018-07-11 13:27:40 parsl.dataflow.dflow:480 [INFO]  Task 18 submitted for App sleeper, waiting on tasks []
2018-07-11 13:27:40 parsl.dataflow.dflow:286 [INFO]  Task 18 launched on executor midway_ipp
2018-07-11 13:27:40 parsl.dataflow.dflow:501 [DEBUG]  Task 18 launched with AppFuture: <AppFuture at 0x7fa89b170048 state=pending>
2018-07-11 13:27:40 parsl.dataflow.dflow:480 [INFO]  Task 19 submitted for App sleeper, waiting on tasks []
2018-07-11 13:27:40 parsl.dataflow.dflow:286 [INFO]  Task 19 launched on executor midway_ipp
2018-07-11 13:27:40 parsl.dataflow.dflow:501 [DEBUG]  Task 19 launched with AppFuture: <AppFuture at 0x7fa89b170940 state=pending>
2018-07-11 13:27:40 parsl.dataflow.dflow:480 [INFO]  Task 20 submitted for App sleeper, waiting on tasks []
2018-07-11 13:27:40 parsl.dataflow.dflow:286 [INFO]  Task 20 launched on executor midway_ipp
2018-07-11 13:27:40 parsl.dataflow.dflow:501 [DEBUG]  Task 20 launched with AppFuture: <AppFuture at 0x7fa89b1709e8 state=pending>
2018-07-11 13:27:40 parsl.dataflow.dflow:480 [INFO]  Task 21 submitted for App sleeper, waiting on tasks []
2018-07-11 13:27:40 parsl.dataflow.dflow:286 [INFO]  Task 21 launched on executor midway_ipp
2018-07-11 13:27:40 parsl.dataflow.dflow:501 [DEBUG]  Task 21 launched with AppFuture: <AppFuture at 0x7fa89b17b8d0 state=pending>
2018-07-11 13:27:40 parsl.dataflow.dflow:480 [INFO]  Task 22 submitted for App sleeper, waiting on tasks []
2018-07-11 13:27:40 parsl.dataflow.dflow:286 [INFO]  Task 22 launched on executor midway_ipp
2018-07-11 13:27:40 parsl.dataflow.dflow:501 [DEBUG]  Task 22 launched with AppFuture: <AppFuture at 0x7fa89b186128 state=pending>
2018-07-11 13:27:40 parsl.dataflow.dflow:480 [INFO]  Task 23 submitted for App sleeper, waiting on tasks []
2018-07-11 13:27:40 parsl.dataflow.dflow:286 [INFO]  Task 23 launched on executor midway_ipp
2018-07-11 13:27:40 parsl.dataflow.dflow:501 [DEBUG]  Task 23 launched with AppFuture: <AppFuture at 0x7fa89b186940 state=pending>
2018-07-11 13:27:40 parsl.dataflow.dflow:480 [INFO]  Task 24 submitted for App sleeper, waiting on tasks []
2018-07-11 13:27:40 parsl.dataflow.dflow:286 [INFO]  Task 24 launched on executor midway_ipp
2018-07-11 13:27:40 parsl.dataflow.dflow:501 [DEBUG]  Task 24 launched with AppFuture: <AppFuture at 0x7fa89b191198 state=pending>
2018-07-11 13:27:41 parsl.dataflow.strategy:175 [DEBUG]  Tasks:25 Slots:1 Parallelism:0.5
2018-07-11 13:27:46 parsl.dataflow.strategy:175 [DEBUG]  Tasks:25 Slots:1 Parallelism:0.5
2018-07-11 13:27:51 parsl.dataflow.strategy:175 [DEBUG]  Tasks:25 Slots:1 Parallelism:0.5
2018-07-11 13:27:56 parsl.dataflow.strategy:175 [DEBUG]  Tasks:25 Slots:1 Parallelism:0.5
2018-07-11 13:27:57 parsl.dataflow.dflow:185 [INFO]  Task 0 completed
2018-07-11 13:27:58 parsl.dataflow.dflow:185 [INFO]  Task 1 completed
2018-07-11 13:27:59 parsl.dataflow.dflow:185 [INFO]  Task 2 completed
2018-07-11 13:28:00 parsl.dataflow.dflow:185 [INFO]  Task 3 completed
2018-07-11 13:28:01 parsl.dataflow.dflow:185 [INFO]  Task 4 completed
2018-07-11 13:28:02 parsl.dataflow.strategy:175 [DEBUG]  Tasks:20 Slots:1 Parallelism:0.5
2018-07-11 13:28:02 parsl.dataflow.dflow:185 [INFO]  Task 5 completed
2018-07-11 13:28:03 parsl.dataflow.dflow:185 [INFO]  Task 6 completed
2018-07-11 13:28:04 parsl.dataflow.dflow:185 [INFO]  Task 7 completed
2018-07-11 13:28:05 parsl.dataflow.dflow:185 [INFO]  Task 8 completed
2018-07-11 13:28:06 parsl.dataflow.dflow:185 [INFO]  Task 9 completed
2018-07-11 13:28:06 parsl.dataflow.strategy:175 [DEBUG]  Tasks:15 Slots:1 Parallelism:0.5
2018-07-11 13:28:07 parsl.dataflow.dflow:185 [INFO]  Task 10 completed
2018-07-11 13:28:08 parsl.dataflow.dflow:185 [INFO]  Task 11 completed
2018-07-11 13:28:09 parsl.dataflow.dflow:185 [INFO]  Task 12 completed
2018-07-11 13:28:10 parsl.dataflow.dflow:185 [INFO]  Task 13 completed
2018-07-11 13:28:11 parsl.dataflow.dflow:185 [INFO]  Task 14 completed
2018-07-11 13:28:11 parsl.dataflow.strategy:175 [DEBUG]  Tasks:10 Slots:1 Parallelism:0.5
2018-07-11 13:28:12 parsl.dataflow.dflow:185 [INFO]  Task 15 completed
2018-07-11 13:28:13 parsl.dataflow.dflow:185 [INFO]  Task 16 completed
2018-07-11 13:28:14 parsl.dataflow.dflow:185 [INFO]  Task 17 completed
2018-07-11 13:28:15 parsl.dataflow.dflow:185 [INFO]  Task 18 completed
2018-07-11 13:28:16 parsl.dataflow.dflow:185 [INFO]  Task 19 completed
2018-07-11 13:28:16 parsl.dataflow.strategy:175 [DEBUG]  Tasks:5 Slots:1 Parallelism:0.5
2018-07-11 13:28:17 parsl.dataflow.dflow:185 [INFO]  Task 20 completed
2018-07-11 13:28:18 parsl.dataflow.dflow:185 [INFO]  Task 21 completed
2018-07-11 13:28:19 parsl.dataflow.dflow:185 [INFO]  Task 22 completed
2018-07-11 13:28:20 parsl.dataflow.dflow:185 [INFO]  Task 23 completed
2018-07-11 13:28:21 parsl.dataflow.dflow:185 [INFO]  Task 24 completed
2018-07-11 13:28:21 parsl.dataflow.dflow:591 [INFO]  DFK cleanup initiated
2018-07-11 13:28:21 parsl.dataflow.dflow:538 [INFO]  Summary of tasks in DFK:
2018-07-11 13:28:21 parsl.dataflow.dflow:569 [INFO]  Tasks in state States.done: 0, 1, 2, 3, 4, 5, 6, 7, 8, 9, 10, 11, 12, 13, 14, 15, 16, 17, 18, 19, 20, 21, 22, 23, 24
2018-07-11 13:28:21 parsl.dataflow.dflow:576 [INFO]  End of summary
2018-07-11 13:28:21 parsl.dataflow.dflow:615 [INFO]  Terminating flow_control and strategy threads
2018-07-11 13:28:21 parsl.executors.ipp:282 [DEBUG]  IPP:Shutdown sequence: Attempting controller kill
2018-07-11 13:28:21 parsl.executors.ipp_controller:142 [DEBUG]  Controller exited with 0
2018-07-11 13:28:21 parsl.executors.ipp:292 [DEBUG]  Done with executor shutdown
2018-07-11 13:28:21 parsl.data_provider.data_manager:66 [DEBUG]  Done with executor shutdown
2018-07-11 13:28:21 parsl.dataflow.dflow:625 [INFO]  DFK cleanup complete
2018-07-11 13:28:21 parsl.config:65 [DEBUG]  Checkpoint period only has an effect with checkpoint_mode='periodic'
2018-07-11 13:28:21 parsl.dataflow.dflow:66 [DEBUG]  Starting DataFlowKernel with config
Config(
    app_cache=True, 
    checkpoint_files=None, 
    checkpoint_mode=None, 
    checkpoint_period='00:30:00', 
    data_management_max_threads=10, 
    executors=[IPyParallelExecutor(
        container_image=None, 
        controller=Controller(
            interfaces=None, 
            ipython_dir='/scratch/midway2/madduru/parsl/parsl/tests/integration/test_stress/runinfo/950', 
            log=True, 
            mode='auto', 
            port=None, 
            port_range=None, 
            profile='midway_ipp', 
            public_ip=None, 
            reuse=False
        ), 
        engine_dir='.', 
        engine_file='~/.ipython/profile_default/security/ipcontroller-engine.json', 
        label='midway_ipp', 
        managed=True, 
        provider=SlurmProvider(
            'sandyb',
            channel=LocalChannel(
                envs={}, 
                script_dir='/scratch/midway2/madduru/parsl/parsl/tests/integration/test_stress/.scripts', 
                userhome='/scratch/midway2/madduru/parsl/parsl/tests/integration/test_stress'
            ), 
            cmd_timeout=10, 
            init_blocks=1, 
            label='slurm', 
            launcher=<libsubmit.launchers.launchers.SingleNodeLauncher object at 0x7fa8b3eaae10>, 
            max_blocks=1, 
            min_blocks=1, 
            nodes_per_block=1, 
            overrides='module load Anaconda3/5.1.0; export PARSL_TESTING=True', 
            parallelism=0.5, 
            script_dir='parsl_scripts', 
            tasks_per_node=2, 
            walltime=11
        ), 
        storage_access=[], 
        working_dir=None
    )], 
    lazy_errors=True, 
    retries=0, 
    run_dir='runinfo', 
    strategy='simple', 
    usage_tracking=True
)
2018-07-11 13:28:21 parsl.dataflow.rundirs:36 [DEBUG]  Parsl run initializing in rundir:runinfo/951
2018-07-11 13:28:21 parsl.dataflow.dflow:71 [INFO]  Parsl version: 0.5.1
2018-07-11 13:28:21 parsl.dataflow.dflow:72 [INFO]  Libsubmit version: 0.5.0-a0
2018-07-11 13:28:21 parsl.dataflow.usage_tracking.usage:125 [DEBUG]  Tracking status: True
2018-07-11 13:28:21 parsl.dataflow.usage_tracking.usage:126 [DEBUG]  Testing mode   : False
2018-07-11 13:28:21 parsl.dataflow.memoization:52 [INFO]  App caching initialized
2018-07-11 13:28:21 parsl.executors.ipp_controller:83 [DEBUG]  Starting ipcontroller with 'ipcontroller --ipython-dir=/scratch/midway2/madduru/parsl/parsl/tests/integration/test_stress/runinfo/951 --ip=* --profile=midway_ipp   '
2018-07-11 13:28:24 parsl.executors.ipp:97 [DEBUG]  Waiting for /scratch/midway2/madduru/parsl/parsl/tests/integration/test_stress/runinfo/951/profile_midway_ipp/security/ipcontroller-client.json
2018-07-11 13:28:24 parsl.executors.ipp:114 [DEBUG]  Starting IPyParallelExecutor with provider:
SlurmProvider(
    'sandyb',
    channel=LocalChannel(
        envs={}, 
        script_dir='/scratch/midway2/madduru/parsl/parsl/tests/integration/test_stress/.scripts', 
        userhome='/scratch/midway2/madduru/parsl/parsl/tests/integration/test_stress'
    ), 
    cmd_timeout=10, 
    init_blocks=1, 
    label='slurm', 
    launcher=<libsubmit.launchers.launchers.SingleNodeLauncher object at 0x7fa8b3eaae10>, 
    max_blocks=1, 
    min_blocks=1, 
    nodes_per_block=1, 
    overrides='module load Anaconda3/5.1.0; export PARSL_TESTING=True', 
    parallelism=0.5, 
    script_dir='parsl_scripts', 
    tasks_per_node=2, 
    walltime=11
)
2018-07-11 13:28:24 parsl.executors.ipp:119 [DEBUG]  Launched block: 0:47407853
2018-07-11 13:28:24 parsl.executors.ipp:134 [DEBUG]  Starting executor
2018-07-11 13:28:24 parsl.dataflow.strategy:120 [DEBUG]  Scaling strategy: simple
2018-07-11 13:28:24 parsl.dataflow.dflow:480 [INFO]  Task 0 submitted for App sleeper, waiting on tasks []
2018-07-11 13:28:24 parsl.dataflow.dflow:286 [INFO]  Task 0 launched on executor midway_ipp
2018-07-11 13:28:24 parsl.dataflow.dflow:501 [DEBUG]  Task 0 launched with AppFuture: <AppFuture at 0x7fa89b137550 state=pending>
2018-07-11 13:28:24 parsl.dataflow.dflow:480 [INFO]  Task 1 submitted for App sleeper, waiting on tasks []
2018-07-11 13:28:24 parsl.dataflow.dflow:286 [INFO]  Task 1 launched on executor midway_ipp
2018-07-11 13:28:24 parsl.dataflow.dflow:501 [DEBUG]  Task 1 launched with AppFuture: <AppFuture at 0x7fa89b137d68 state=pending>
2018-07-11 13:28:24 parsl.dataflow.dflow:480 [INFO]  Task 2 submitted for App sleeper, waiting on tasks []
2018-07-11 13:28:24 parsl.dataflow.dflow:286 [INFO]  Task 2 launched on executor midway_ipp
2018-07-11 13:28:24 parsl.dataflow.dflow:501 [DEBUG]  Task 2 launched with AppFuture: <AppFuture at 0x7fa89b1295c0 state=pending>
2018-07-11 13:28:24 parsl.dataflow.dflow:480 [INFO]  Task 3 submitted for App sleeper, waiting on tasks []
2018-07-11 13:28:24 parsl.dataflow.dflow:286 [INFO]  Task 3 launched on executor midway_ipp
2018-07-11 13:28:24 parsl.dataflow.dflow:501 [DEBUG]  Task 3 launched with AppFuture: <AppFuture at 0x7fa89b129dd8 state=pending>
2018-07-11 13:28:24 parsl.dataflow.dflow:480 [INFO]  Task 4 submitted for App sleeper, waiting on tasks []
2018-07-11 13:28:24 parsl.dataflow.dflow:286 [INFO]  Task 4 launched on executor midway_ipp
2018-07-11 13:28:24 parsl.dataflow.dflow:501 [DEBUG]  Task 4 launched with AppFuture: <AppFuture at 0x7fa89b144630 state=pending>
2018-07-11 13:28:24 parsl.dataflow.dflow:480 [INFO]  Task 5 submitted for App sleeper, waiting on tasks []
2018-07-11 13:28:24 parsl.dataflow.dflow:286 [INFO]  Task 5 launched on executor midway_ipp
2018-07-11 13:28:24 parsl.dataflow.dflow:501 [DEBUG]  Task 5 launched with AppFuture: <AppFuture at 0x7fa89b144e48 state=pending>
2018-07-11 13:28:24 parsl.dataflow.dflow:480 [INFO]  Task 6 submitted for App sleeper, waiting on tasks []
2018-07-11 13:28:24 parsl.dataflow.dflow:286 [INFO]  Task 6 launched on executor midway_ipp
2018-07-11 13:28:24 parsl.dataflow.dflow:501 [DEBUG]  Task 6 launched with AppFuture: <AppFuture at 0x7fa89b1526a0 state=pending>
2018-07-11 13:28:24 parsl.dataflow.dflow:480 [INFO]  Task 7 submitted for App sleeper, waiting on tasks []
2018-07-11 13:28:24 parsl.dataflow.dflow:286 [INFO]  Task 7 launched on executor midway_ipp
2018-07-11 13:28:24 parsl.dataflow.dflow:501 [DEBUG]  Task 7 launched with AppFuture: <AppFuture at 0x7fa89b152eb8 state=pending>
2018-07-11 13:28:24 parsl.dataflow.dflow:480 [INFO]  Task 8 submitted for App sleeper, waiting on tasks []
2018-07-11 13:28:24 parsl.dataflow.dflow:286 [INFO]  Task 8 launched on executor midway_ipp
2018-07-11 13:28:24 parsl.dataflow.dflow:501 [DEBUG]  Task 8 launched with AppFuture: <AppFuture at 0x7fa89b0dd710 state=pending>
2018-07-11 13:28:24 parsl.dataflow.dflow:480 [INFO]  Task 9 submitted for App sleeper, waiting on tasks []
2018-07-11 13:28:24 parsl.dataflow.dflow:286 [INFO]  Task 9 launched on executor midway_ipp
2018-07-11 13:28:24 parsl.dataflow.dflow:501 [DEBUG]  Task 9 launched with AppFuture: <AppFuture at 0x7fa89b0ddf28 state=pending>
2018-07-11 13:28:24 parsl.dataflow.dflow:480 [INFO]  Task 10 submitted for App sleeper, waiting on tasks []
2018-07-11 13:28:24 parsl.dataflow.dflow:286 [INFO]  Task 10 launched on executor midway_ipp
2018-07-11 13:28:24 parsl.dataflow.dflow:501 [DEBUG]  Task 10 launched with AppFuture: <AppFuture at 0x7fa89b0ea780 state=pending>
2018-07-11 13:28:24 parsl.dataflow.dflow:480 [INFO]  Task 11 submitted for App sleeper, waiting on tasks []
2018-07-11 13:28:24 parsl.dataflow.dflow:286 [INFO]  Task 11 launched on executor midway_ipp
2018-07-11 13:28:24 parsl.dataflow.dflow:501 [DEBUG]  Task 11 launched with AppFuture: <AppFuture at 0x7fa89b0eaf98 state=pending>
2018-07-11 13:28:24 parsl.dataflow.dflow:480 [INFO]  Task 12 submitted for App sleeper, waiting on tasks []
2018-07-11 13:28:24 parsl.dataflow.dflow:286 [INFO]  Task 12 launched on executor midway_ipp
2018-07-11 13:28:24 parsl.dataflow.dflow:501 [DEBUG]  Task 12 launched with AppFuture: <AppFuture at 0x7fa89b0f17f0 state=pending>
2018-07-11 13:28:24 parsl.dataflow.dflow:480 [INFO]  Task 13 submitted for App sleeper, waiting on tasks []
2018-07-11 13:28:24 parsl.dataflow.dflow:286 [INFO]  Task 13 launched on executor midway_ipp
2018-07-11 13:28:24 parsl.dataflow.dflow:501 [DEBUG]  Task 13 launched with AppFuture: <AppFuture at 0x7fa89b0fe048 state=pending>
2018-07-11 13:28:24 parsl.dataflow.dflow:480 [INFO]  Task 14 submitted for App sleeper, waiting on tasks []
2018-07-11 13:28:24 parsl.dataflow.dflow:286 [INFO]  Task 14 launched on executor midway_ipp
2018-07-11 13:28:24 parsl.dataflow.dflow:501 [DEBUG]  Task 14 launched with AppFuture: <AppFuture at 0x7fa89b0fe860 state=pending>
2018-07-11 13:28:24 parsl.dataflow.dflow:480 [INFO]  Task 15 submitted for App sleeper, waiting on tasks []
2018-07-11 13:28:24 parsl.dataflow.dflow:286 [INFO]  Task 15 launched on executor midway_ipp
2018-07-11 13:28:24 parsl.dataflow.dflow:501 [DEBUG]  Task 15 launched with AppFuture: <AppFuture at 0x7fa89b1090b8 state=pending>
2018-07-11 13:28:24 parsl.dataflow.dflow:480 [INFO]  Task 16 submitted for App sleeper, waiting on tasks []
2018-07-11 13:28:24 parsl.dataflow.dflow:286 [INFO]  Task 16 launched on executor midway_ipp
2018-07-11 13:28:24 parsl.dataflow.dflow:501 [DEBUG]  Task 16 launched with AppFuture: <AppFuture at 0x7fa89b1098d0 state=pending>
2018-07-11 13:28:24 parsl.dataflow.dflow:480 [INFO]  Task 17 submitted for App sleeper, waiting on tasks []
2018-07-11 13:28:24 parsl.dataflow.dflow:286 [INFO]  Task 17 launched on executor midway_ipp
2018-07-11 13:28:24 parsl.dataflow.dflow:501 [DEBUG]  Task 17 launched with AppFuture: <AppFuture at 0x7fa89b116128 state=pending>
2018-07-11 13:28:24 parsl.dataflow.dflow:480 [INFO]  Task 18 submitted for App sleeper, waiting on tasks []
2018-07-11 13:28:24 parsl.dataflow.dflow:286 [INFO]  Task 18 launched on executor midway_ipp
2018-07-11 13:28:24 parsl.dataflow.dflow:501 [DEBUG]  Task 18 launched with AppFuture: <AppFuture at 0x7fa89b116940 state=pending>
2018-07-11 13:28:24 parsl.dataflow.dflow:480 [INFO]  Task 19 submitted for App sleeper, waiting on tasks []
2018-07-11 13:28:24 parsl.dataflow.dflow:286 [INFO]  Task 19 launched on executor midway_ipp
2018-07-11 13:28:24 parsl.dataflow.dflow:501 [DEBUG]  Task 19 launched with AppFuture: <AppFuture at 0x7fa89b0a0198 state=pending>
2018-07-11 13:28:24 parsl.dataflow.dflow:480 [INFO]  Task 20 submitted for App sleeper, waiting on tasks []
2018-07-11 13:28:24 parsl.dataflow.dflow:286 [INFO]  Task 20 launched on executor midway_ipp
2018-07-11 13:28:24 parsl.dataflow.dflow:501 [DEBUG]  Task 20 launched with AppFuture: <AppFuture at 0x7fa89b0a09b0 state=pending>
2018-07-11 13:28:24 parsl.dataflow.dflow:480 [INFO]  Task 21 submitted for App sleeper, waiting on tasks []
2018-07-11 13:28:24 parsl.dataflow.dflow:286 [INFO]  Task 21 launched on executor midway_ipp
2018-07-11 13:28:24 parsl.dataflow.dflow:501 [DEBUG]  Task 21 launched with AppFuture: <AppFuture at 0x7fa89b0ac208 state=pending>
2018-07-11 13:28:24 parsl.dataflow.dflow:480 [INFO]  Task 22 submitted for App sleeper, waiting on tasks []
2018-07-11 13:28:24 parsl.dataflow.dflow:286 [INFO]  Task 22 launched on executor midway_ipp
2018-07-11 13:28:24 parsl.dataflow.dflow:501 [DEBUG]  Task 22 launched with AppFuture: <AppFuture at 0x7fa89b0aca20 state=pending>
2018-07-11 13:28:24 parsl.dataflow.dflow:480 [INFO]  Task 23 submitted for App sleeper, waiting on tasks []
2018-07-11 13:28:24 parsl.dataflow.dflow:286 [INFO]  Task 23 launched on executor midway_ipp
2018-07-11 13:28:24 parsl.dataflow.dflow:501 [DEBUG]  Task 23 launched with AppFuture: <AppFuture at 0x7fa89b0b7278 state=pending>
2018-07-11 13:28:24 parsl.dataflow.dflow:480 [INFO]  Task 24 submitted for App sleeper, waiting on tasks []
2018-07-11 13:28:24 parsl.dataflow.dflow:286 [INFO]  Task 24 launched on executor midway_ipp
2018-07-11 13:28:24 parsl.dataflow.dflow:501 [DEBUG]  Task 24 launched with AppFuture: <AppFuture at 0x7fa89b0b7a90 state=pending>
2018-07-11 13:28:25 parsl.dataflow.strategy:175 [DEBUG]  Tasks:25 Slots:2 Parallelism:0.5
2018-07-11 13:28:30 parsl.dataflow.strategy:175 [DEBUG]  Tasks:25 Slots:2 Parallelism:0.5
2018-07-11 13:28:35 parsl.dataflow.strategy:175 [DEBUG]  Tasks:25 Slots:2 Parallelism:0.5
2018-07-11 13:28:40 parsl.dataflow.strategy:175 [DEBUG]  Tasks:25 Slots:2 Parallelism:0.5
2018-07-11 13:28:45 parsl.dataflow.strategy:175 [DEBUG]  Tasks:25 Slots:2 Parallelism:0.5
2018-07-11 13:28:50 parsl.dataflow.strategy:175 [DEBUG]  Tasks:25 Slots:2 Parallelism:0.5
2018-07-11 13:28:55 parsl.dataflow.dflow:185 [INFO]  Task 0 completed
2018-07-11 13:28:55 parsl.dataflow.dflow:185 [INFO]  Task 1 completed
2018-07-11 13:28:55 parsl.dataflow.strategy:175 [DEBUG]  Tasks:23 Slots:2 Parallelism:0.5
2018-07-11 13:28:56 parsl.dataflow.dflow:185 [INFO]  Task 2 completed
2018-07-11 13:28:56 parsl.dataflow.dflow:185 [INFO]  Task 3 completed
2018-07-11 13:28:57 parsl.dataflow.dflow:185 [INFO]  Task 4 completed
2018-07-11 13:28:57 parsl.dataflow.dflow:185 [INFO]  Task 5 completed
2018-07-11 13:28:58 parsl.dataflow.dflow:185 [INFO]  Task 7 completed
2018-07-11 13:28:58 parsl.dataflow.dflow:185 [INFO]  Task 6 completed
2018-07-11 13:28:59 parsl.dataflow.dflow:185 [INFO]  Task 9 completed
2018-07-11 13:28:59 parsl.dataflow.dflow:185 [INFO]  Task 8 completed
2018-07-11 13:29:00 parsl.dataflow.dflow:185 [INFO]  Task 10 completed
2018-07-11 13:29:00 parsl.dataflow.dflow:185 [INFO]  Task 11 completed
2018-07-11 13:29:00 parsl.dataflow.strategy:175 [DEBUG]  Tasks:13 Slots:2 Parallelism:0.5
2018-07-11 13:29:01 parsl.dataflow.dflow:185 [INFO]  Task 13 completed
2018-07-11 13:29:01 parsl.dataflow.dflow:185 [INFO]  Task 12 completed
2018-07-11 13:29:02 parsl.dataflow.dflow:185 [INFO]  Task 14 completed
2018-07-11 13:29:02 parsl.dataflow.dflow:185 [INFO]  Task 15 completed
2018-07-11 13:29:03 parsl.dataflow.dflow:185 [INFO]  Task 16 completed
2018-07-11 13:29:03 parsl.dataflow.dflow:185 [INFO]  Task 17 completed
2018-07-11 13:29:04 parsl.dataflow.dflow:185 [INFO]  Task 18 completed
2018-07-11 13:29:04 parsl.dataflow.dflow:185 [INFO]  Task 19 completed
2018-07-11 13:29:05 parsl.dataflow.dflow:185 [INFO]  Task 20 completed
2018-07-11 13:29:05 parsl.dataflow.dflow:185 [INFO]  Task 21 completed
2018-07-11 13:29:05 parsl.dataflow.strategy:175 [DEBUG]  Tasks:3 Slots:2 Parallelism:0.5
2018-07-11 13:29:06 parsl.dataflow.dflow:185 [INFO]  Task 22 completed
2018-07-11 13:29:06 parsl.dataflow.dflow:185 [INFO]  Task 23 completed
2018-07-11 13:29:07 parsl.dataflow.dflow:185 [INFO]  Task 24 completed
2018-07-11 13:29:07 parsl.dataflow.dflow:591 [INFO]  DFK cleanup initiated
2018-07-11 13:29:07 parsl.dataflow.dflow:538 [INFO]  Summary of tasks in DFK:
2018-07-11 13:29:07 parsl.dataflow.dflow:569 [INFO]  Tasks in state States.done: 0, 1, 2, 3, 4, 5, 6, 7, 8, 9, 10, 11, 12, 13, 14, 15, 16, 17, 18, 19, 20, 21, 22, 23, 24
2018-07-11 13:29:07 parsl.dataflow.dflow:576 [INFO]  End of summary
2018-07-11 13:29:07 parsl.dataflow.dflow:615 [INFO]  Terminating flow_control and strategy threads
2018-07-11 13:29:07 parsl.executors.ipp:282 [DEBUG]  IPP:Shutdown sequence: Attempting controller kill
2018-07-11 13:29:07 parsl.executors.ipp_controller:142 [DEBUG]  Controller exited with 0
2018-07-11 13:29:07 parsl.executors.ipp:292 [DEBUG]  Done with executor shutdown
2018-07-11 13:29:07 parsl.data_provider.data_manager:66 [DEBUG]  Done with executor shutdown
2018-07-11 13:29:07 parsl.dataflow.dflow:625 [INFO]  DFK cleanup complete
2018-07-11 13:29:07 parsl.config:65 [DEBUG]  Checkpoint period only has an effect with checkpoint_mode='periodic'
2018-07-11 13:29:07 parsl.dataflow.dflow:66 [DEBUG]  Starting DataFlowKernel with config
Config(
    app_cache=True, 
    checkpoint_files=None, 
    checkpoint_mode=None, 
    checkpoint_period='00:30:00', 
    data_management_max_threads=10, 
    executors=[IPyParallelExecutor(
        container_image=None, 
        controller=Controller(
            interfaces=None, 
            ipython_dir='/scratch/midway2/madduru/parsl/parsl/tests/integration/test_stress/runinfo/951', 
            log=True, 
            mode='auto', 
            port=None, 
            port_range=None, 
            profile='midway_ipp', 
            public_ip=None, 
            reuse=False
        ), 
        engine_dir='.', 
        engine_file='~/.ipython/profile_default/security/ipcontroller-engine.json', 
        label='midway_ipp', 
        managed=True, 
        provider=SlurmProvider(
            'sandyb',
            channel=LocalChannel(
                envs={}, 
                script_dir='/scratch/midway2/madduru/parsl/parsl/tests/integration/test_stress/.scripts', 
                userhome='/scratch/midway2/madduru/parsl/parsl/tests/integration/test_stress'
            ), 
            cmd_timeout=10, 
            init_blocks=1, 
            label='slurm', 
            launcher=<libsubmit.launchers.launchers.SingleNodeLauncher object at 0x7fa8b3eaae10>, 
            max_blocks=1, 
            min_blocks=1, 
            nodes_per_block=1, 
            overrides='module load Anaconda3/5.1.0; export PARSL_TESTING=True', 
            parallelism=0.5, 
            script_dir='parsl_scripts', 
            tasks_per_node=4, 
            walltime=11
        ), 
        storage_access=[], 
        working_dir=None
    )], 
    lazy_errors=True, 
    retries=0, 
    run_dir='runinfo', 
    strategy='simple', 
    usage_tracking=True
)
2018-07-11 13:29:07 parsl.dataflow.rundirs:36 [DEBUG]  Parsl run initializing in rundir:runinfo/952
2018-07-11 13:29:07 parsl.dataflow.dflow:71 [INFO]  Parsl version: 0.5.1
2018-07-11 13:29:07 parsl.dataflow.dflow:72 [INFO]  Libsubmit version: 0.5.0-a0
2018-07-11 13:29:07 parsl.dataflow.usage_tracking.usage:125 [DEBUG]  Tracking status: True
2018-07-11 13:29:07 parsl.dataflow.usage_tracking.usage:126 [DEBUG]  Testing mode   : False
2018-07-11 13:29:07 parsl.dataflow.memoization:52 [INFO]  App caching initialized
2018-07-11 13:29:07 parsl.executors.ipp_controller:83 [DEBUG]  Starting ipcontroller with 'ipcontroller --ipython-dir=/scratch/midway2/madduru/parsl/parsl/tests/integration/test_stress/runinfo/952 --ip=* --profile=midway_ipp   '
2018-07-11 13:29:10 parsl.executors.ipp:97 [DEBUG]  Waiting for /scratch/midway2/madduru/parsl/parsl/tests/integration/test_stress/runinfo/952/profile_midway_ipp/security/ipcontroller-client.json
2018-07-11 13:29:10 parsl.executors.ipp:114 [DEBUG]  Starting IPyParallelExecutor with provider:
SlurmProvider(
    'sandyb',
    channel=LocalChannel(
        envs={}, 
        script_dir='/scratch/midway2/madduru/parsl/parsl/tests/integration/test_stress/.scripts', 
        userhome='/scratch/midway2/madduru/parsl/parsl/tests/integration/test_stress'
    ), 
    cmd_timeout=10, 
    init_blocks=1, 
    label='slurm', 
    launcher=<libsubmit.launchers.launchers.SingleNodeLauncher object at 0x7fa8b3eaae10>, 
    max_blocks=1, 
    min_blocks=1, 
    nodes_per_block=1, 
    overrides='module load Anaconda3/5.1.0; export PARSL_TESTING=True', 
    parallelism=0.5, 
    script_dir='parsl_scripts', 
    tasks_per_node=4, 
    walltime=11
)
2018-07-11 13:29:10 parsl.executors.ipp:119 [DEBUG]  Launched block: 0:47407858
2018-07-11 13:29:10 parsl.executors.ipp:134 [DEBUG]  Starting executor
2018-07-11 13:29:10 parsl.dataflow.strategy:120 [DEBUG]  Scaling strategy: simple
2018-07-11 13:29:10 parsl.dataflow.dflow:480 [INFO]  Task 0 submitted for App sleeper, waiting on tasks []
2018-07-11 13:29:10 parsl.dataflow.dflow:286 [INFO]  Task 0 launched on executor midway_ipp
2018-07-11 13:29:10 parsl.dataflow.dflow:501 [DEBUG]  Task 0 launched with AppFuture: <AppFuture at 0x7fa89b0cfdd8 state=pending>
2018-07-11 13:29:10 parsl.dataflow.dflow:480 [INFO]  Task 1 submitted for App sleeper, waiting on tasks []
2018-07-11 13:29:10 parsl.dataflow.dflow:286 [INFO]  Task 1 launched on executor midway_ipp
2018-07-11 13:29:10 parsl.dataflow.dflow:501 [DEBUG]  Task 1 launched with AppFuture: <AppFuture at 0x7fa89b060710 state=pending>
2018-07-11 13:29:10 parsl.dataflow.dflow:480 [INFO]  Task 2 submitted for App sleeper, waiting on tasks []
2018-07-11 13:29:10 parsl.dataflow.dflow:286 [INFO]  Task 2 launched on executor midway_ipp
2018-07-11 13:29:10 parsl.dataflow.dflow:501 [DEBUG]  Task 2 launched with AppFuture: <AppFuture at 0x7fa89b060e80 state=pending>
2018-07-11 13:29:10 parsl.dataflow.dflow:480 [INFO]  Task 3 submitted for App sleeper, waiting on tasks []
2018-07-11 13:29:10 parsl.dataflow.dflow:286 [INFO]  Task 3 launched on executor midway_ipp
2018-07-11 13:29:10 parsl.dataflow.dflow:501 [DEBUG]  Task 3 launched with AppFuture: <AppFuture at 0x7fa89b06d6a0 state=pending>
2018-07-11 13:29:10 parsl.dataflow.dflow:480 [INFO]  Task 4 submitted for App sleeper, waiting on tasks []
2018-07-11 13:29:10 parsl.dataflow.dflow:286 [INFO]  Task 4 launched on executor midway_ipp
2018-07-11 13:29:10 parsl.dataflow.dflow:501 [DEBUG]  Task 4 launched with AppFuture: <AppFuture at 0x7fa89b06deb8 state=pending>
2018-07-11 13:29:10 parsl.dataflow.dflow:480 [INFO]  Task 5 submitted for App sleeper, waiting on tasks []
2018-07-11 13:29:10 parsl.dataflow.dflow:286 [INFO]  Task 5 launched on executor midway_ipp
2018-07-11 13:29:10 parsl.dataflow.dflow:501 [DEBUG]  Task 5 launched with AppFuture: <AppFuture at 0x7fa89b078710 state=pending>
2018-07-11 13:29:10 parsl.dataflow.dflow:480 [INFO]  Task 6 submitted for App sleeper, waiting on tasks []
2018-07-11 13:29:10 parsl.dataflow.dflow:286 [INFO]  Task 6 launched on executor midway_ipp
2018-07-11 13:29:10 parsl.dataflow.dflow:501 [DEBUG]  Task 6 launched with AppFuture: <AppFuture at 0x7fa89b078f28 state=pending>
2018-07-11 13:29:10 parsl.dataflow.dflow:480 [INFO]  Task 7 submitted for App sleeper, waiting on tasks []
2018-07-11 13:29:10 parsl.dataflow.dflow:286 [INFO]  Task 7 launched on executor midway_ipp
2018-07-11 13:29:10 parsl.dataflow.dflow:501 [DEBUG]  Task 7 launched with AppFuture: <AppFuture at 0x7fa89b083780 state=pending>
2018-07-11 13:29:10 parsl.dataflow.dflow:480 [INFO]  Task 8 submitted for App sleeper, waiting on tasks []
2018-07-11 13:29:10 parsl.dataflow.dflow:286 [INFO]  Task 8 launched on executor midway_ipp
2018-07-11 13:29:10 parsl.dataflow.dflow:501 [DEBUG]  Task 8 launched with AppFuture: <AppFuture at 0x7fa89b083f98 state=pending>
2018-07-11 13:29:10 parsl.dataflow.dflow:480 [INFO]  Task 9 submitted for App sleeper, waiting on tasks []
2018-07-11 13:29:10 parsl.dataflow.dflow:286 [INFO]  Task 9 launched on executor midway_ipp
2018-07-11 13:29:10 parsl.dataflow.dflow:501 [DEBUG]  Task 9 launched with AppFuture: <AppFuture at 0x7fa89b0917f0 state=pending>
2018-07-11 13:29:10 parsl.dataflow.dflow:480 [INFO]  Task 10 submitted for App sleeper, waiting on tasks []
2018-07-11 13:29:10 parsl.dataflow.dflow:286 [INFO]  Task 10 launched on executor midway_ipp
2018-07-11 13:29:10 parsl.dataflow.dflow:501 [DEBUG]  Task 10 launched with AppFuture: <AppFuture at 0x7fa89b01a048 state=pending>
2018-07-11 13:29:10 parsl.dataflow.dflow:480 [INFO]  Task 11 submitted for App sleeper, waiting on tasks []
2018-07-11 13:29:10 parsl.dataflow.dflow:286 [INFO]  Task 11 launched on executor midway_ipp
2018-07-11 13:29:10 parsl.dataflow.dflow:501 [DEBUG]  Task 11 launched with AppFuture: <AppFuture at 0x7fa89b01a860 state=pending>
2018-07-11 13:29:10 parsl.dataflow.dflow:480 [INFO]  Task 12 submitted for App sleeper, waiting on tasks []
2018-07-11 13:29:10 parsl.dataflow.dflow:286 [INFO]  Task 12 launched on executor midway_ipp
2018-07-11 13:29:10 parsl.dataflow.dflow:501 [DEBUG]  Task 12 launched with AppFuture: <AppFuture at 0x7fa89b0250b8 state=pending>
2018-07-11 13:29:10 parsl.dataflow.dflow:480 [INFO]  Task 13 submitted for App sleeper, waiting on tasks []
2018-07-11 13:29:10 parsl.dataflow.dflow:286 [INFO]  Task 13 launched on executor midway_ipp
2018-07-11 13:29:10 parsl.dataflow.dflow:501 [DEBUG]  Task 13 launched with AppFuture: <AppFuture at 0x7fa89b0258d0 state=pending>
2018-07-11 13:29:10 parsl.dataflow.dflow:480 [INFO]  Task 14 submitted for App sleeper, waiting on tasks []
2018-07-11 13:29:10 parsl.dataflow.dflow:286 [INFO]  Task 14 launched on executor midway_ipp
2018-07-11 13:29:10 parsl.dataflow.dflow:501 [DEBUG]  Task 14 launched with AppFuture: <AppFuture at 0x7fa89b030128 state=pending>
2018-07-11 13:29:10 parsl.dataflow.dflow:480 [INFO]  Task 15 submitted for App sleeper, waiting on tasks []
2018-07-11 13:29:10 parsl.dataflow.dflow:286 [INFO]  Task 15 launched on executor midway_ipp
2018-07-11 13:29:10 parsl.dataflow.dflow:501 [DEBUG]  Task 15 launched with AppFuture: <AppFuture at 0x7fa89b030940 state=pending>
2018-07-11 13:29:10 parsl.dataflow.dflow:480 [INFO]  Task 16 submitted for App sleeper, waiting on tasks []
2018-07-11 13:29:10 parsl.dataflow.dflow:286 [INFO]  Task 16 launched on executor midway_ipp
2018-07-11 13:29:10 parsl.dataflow.dflow:501 [DEBUG]  Task 16 launched with AppFuture: <AppFuture at 0x7fa89b03d198 state=pending>
2018-07-11 13:29:10 parsl.dataflow.dflow:480 [INFO]  Task 17 submitted for App sleeper, waiting on tasks []
2018-07-11 13:29:10 parsl.dataflow.dflow:286 [INFO]  Task 17 launched on executor midway_ipp
2018-07-11 13:29:10 parsl.dataflow.dflow:501 [DEBUG]  Task 17 launched with AppFuture: <AppFuture at 0x7fa89b03d9b0 state=pending>
2018-07-11 13:29:10 parsl.dataflow.dflow:480 [INFO]  Task 18 submitted for App sleeper, waiting on tasks []
2018-07-11 13:29:10 parsl.dataflow.dflow:286 [INFO]  Task 18 launched on executor midway_ipp
2018-07-11 13:29:10 parsl.dataflow.dflow:501 [DEBUG]  Task 18 launched with AppFuture: <AppFuture at 0x7fa89b048208 state=pending>
2018-07-11 13:29:10 parsl.dataflow.dflow:480 [INFO]  Task 19 submitted for App sleeper, waiting on tasks []
2018-07-11 13:29:10 parsl.dataflow.dflow:286 [INFO]  Task 19 launched on executor midway_ipp
2018-07-11 13:29:10 parsl.dataflow.dflow:501 [DEBUG]  Task 19 launched with AppFuture: <AppFuture at 0x7fa89b048a20 state=pending>
2018-07-11 13:29:10 parsl.dataflow.dflow:480 [INFO]  Task 20 submitted for App sleeper, waiting on tasks []
2018-07-11 13:29:10 parsl.dataflow.dflow:286 [INFO]  Task 20 launched on executor midway_ipp
2018-07-11 13:29:10 parsl.dataflow.dflow:501 [DEBUG]  Task 20 launched with AppFuture: <AppFuture at 0x7fa89b052278 state=pending>
2018-07-11 13:29:10 parsl.dataflow.dflow:480 [INFO]  Task 21 submitted for App sleeper, waiting on tasks []
2018-07-11 13:29:10 parsl.dataflow.dflow:286 [INFO]  Task 21 launched on executor midway_ipp
2018-07-11 13:29:10 parsl.dataflow.dflow:501 [DEBUG]  Task 21 launched with AppFuture: <AppFuture at 0x7fa89b052a90 state=pending>
2018-07-11 13:29:10 parsl.dataflow.dflow:480 [INFO]  Task 22 submitted for App sleeper, waiting on tasks []
2018-07-11 13:29:10 parsl.dataflow.dflow:286 [INFO]  Task 22 launched on executor midway_ipp
2018-07-11 13:29:10 parsl.dataflow.dflow:501 [DEBUG]  Task 22 launched with AppFuture: <AppFuture at 0x7fa89afdd2e8 state=pending>
2018-07-11 13:29:10 parsl.dataflow.dflow:480 [INFO]  Task 23 submitted for App sleeper, waiting on tasks []
2018-07-11 13:29:10 parsl.dataflow.dflow:286 [INFO]  Task 23 launched on executor midway_ipp
2018-07-11 13:29:10 parsl.dataflow.dflow:501 [DEBUG]  Task 23 launched with AppFuture: <AppFuture at 0x7fa89afddb00 state=pending>
2018-07-11 13:29:10 parsl.dataflow.dflow:480 [INFO]  Task 24 submitted for App sleeper, waiting on tasks []
2018-07-11 13:29:10 parsl.dataflow.dflow:286 [INFO]  Task 24 launched on executor midway_ipp
2018-07-11 13:29:10 parsl.dataflow.dflow:501 [DEBUG]  Task 24 launched with AppFuture: <AppFuture at 0x7fa89afea358 state=pending>
2018-07-11 13:29:11 parsl.dataflow.strategy:175 [DEBUG]  Tasks:25 Slots:4 Parallelism:0.5
2018-07-11 13:29:16 parsl.dataflow.strategy:175 [DEBUG]  Tasks:25 Slots:4 Parallelism:0.5
2018-07-11 13:29:21 parsl.dataflow.strategy:175 [DEBUG]  Tasks:25 Slots:4 Parallelism:0.5
2018-07-11 13:29:26 parsl.dataflow.strategy:175 [DEBUG]  Tasks:25 Slots:4 Parallelism:0.5
2018-07-11 13:29:31 parsl.dataflow.strategy:175 [DEBUG]  Tasks:25 Slots:4 Parallelism:0.5
2018-07-11 13:29:36 parsl.dataflow.strategy:175 [DEBUG]  Tasks:25 Slots:4 Parallelism:0.5
2018-07-11 13:29:41 parsl.dataflow.strategy:175 [DEBUG]  Tasks:25 Slots:4 Parallelism:0.5
2018-07-11 13:29:42 parsl.dataflow.dflow:185 [INFO]  Task 1 completed
2018-07-11 13:29:42 parsl.dataflow.dflow:185 [INFO]  Task 3 completed
2018-07-11 13:29:42 parsl.dataflow.dflow:185 [INFO]  Task 2 completed
2018-07-11 13:29:42 parsl.dataflow.dflow:185 [INFO]  Task 0 completed
2018-07-11 13:29:43 parsl.dataflow.dflow:185 [INFO]  Task 4 completed
2018-07-11 13:29:43 parsl.dataflow.dflow:185 [INFO]  Task 6 completed
2018-07-11 13:29:43 parsl.dataflow.dflow:185 [INFO]  Task 5 completed
2018-07-11 13:29:43 parsl.dataflow.dflow:185 [INFO]  Task 7 completed
2018-07-11 13:29:44 parsl.dataflow.dflow:591 [INFO]  DFK cleanup initiated
2018-07-11 13:29:44 parsl.dataflow.dflow:538 [INFO]  Summary of tasks in DFK:
2018-07-11 13:29:44 parsl.dataflow.dflow:569 [INFO]  Tasks in state States.running: 8, 9, 10, 11, 12, 13, 14, 15, 16, 17, 18, 19, 20, 21, 22, 23, 24
2018-07-11 13:29:44 parsl.dataflow.dflow:569 [INFO]  Tasks in state States.done: 0, 1, 2, 3, 4, 5, 6, 7
2018-07-11 13:29:44 parsl.dataflow.dflow:576 [INFO]  End of summary
2018-07-11 13:29:44 parsl.dataflow.dflow:615 [INFO]  Terminating flow_control and strategy threads
2018-07-11 13:29:44 parsl.executors.ipp:282 [DEBUG]  IPP:Shutdown sequence: Attempting controller kill
2018-07-11 13:29:44 parsl.executors.ipp_controller:142 [DEBUG]  Controller exited with 0
2018-07-11 13:29:44 parsl.executors.ipp:292 [DEBUG]  Done with executor shutdown
2018-07-11 13:29:44 parsl.data_provider.data_manager:66 [DEBUG]  Done with executor shutdown
2018-07-11 13:29:44 parsl.dataflow.dflow:625 [INFO]  DFK cleanup complete
