2018-07-20 09:37:27 parsl.dataflow.dflow:71 [INFO]  Parsl version: 0.5.1
2018-07-20 09:37:27 parsl.dataflow.dflow:72 [INFO]  Libsubmit version: 0.5.0-a0
2018-07-20 09:37:27 parsl.dataflow.usage_tracking.usage:125 [DEBUG]  Tracking status: True
2018-07-20 09:37:27 parsl.dataflow.usage_tracking.usage:126 [DEBUG]  Testing mode   : False
2018-07-20 09:37:27 parsl.dataflow.memoization:52 [INFO]  App caching initialized
2018-07-20 09:37:27 parsl.executors.ipp_controller:83 [DEBUG]  Starting ipcontroller with 'ipcontroller --ipython-dir=/scratch/midway2/madduru/parsl/parsl/tests/integration/test_stress/runinfo/1261 --ip=* --profile=midway_ipp   '
2018-07-20 09:37:29 parsl.dataflow.strategy:175 [DEBUG]  Tasks:0 Slots:0 Parallelism:0.5
2018-07-20 09:37:29 parsl.dataflow.strategy:175 [DEBUG]  Tasks:0 Slots:0 Parallelism:0.5
2018-07-20 09:37:29 parsl.executors.ipp:97 [DEBUG]  Waiting for /scratch/midway2/madduru/parsl/parsl/tests/integration/test_stress/runinfo/1261/profile_midway_ipp/security/ipcontroller-client.json
2018-07-20 09:37:29 parsl.executors.ipp:114 [DEBUG]  Starting IPyParallelExecutor with provider:
SlurmProvider(
    'sandyb',
    channel=LocalChannel(
        envs={}, 
        script_dir='/scratch/midway2/madduru/parsl/parsl/tests/integration/test_stress/.scripts', 
        userhome='/scratch/midway2/madduru/parsl/parsl/tests/integration/test_stress'
    ), 
    cmd_timeout=10, 
    init_blocks=1, 
    label='slurm', 
    launcher=<libsubmit.launchers.launchers.SingleNodeLauncher object at 0x7fe5970d0e80>, 
    max_blocks=1, 
    min_blocks=1, 
    nodes_per_block=1, 
    overrides='module load Anaconda3/5.1.0; export PARSL_TESTING=True', 
    parallelism=0.5, 
    script_dir='parsl_scripts', 
    tasks_per_node=1, 
    walltime=601
)
2018-07-20 09:37:29 parsl.executors.ipp:119 [DEBUG]  Launched block: 0:47750321
2018-07-20 09:37:29 parsl.executors.ipp:134 [DEBUG]  Starting executor
2018-07-20 09:37:29 parsl.dataflow.strategy:120 [DEBUG]  Scaling strategy: simple
2018-07-20 09:37:30 parsl.dataflow.strategy:175 [DEBUG]  Tasks:0 Slots:1 Parallelism:0.5
2018-07-20 09:37:31 parsl.dataflow.strategy:175 [DEBUG]  Tasks:0 Slots:0 Parallelism:0.5
2018-07-20 09:37:31 parsl.dataflow.strategy:175 [DEBUG]  Tasks:0 Slots:0 Parallelism:0.5
2018-07-20 09:37:32 parsl.dataflow.strategy:175 [DEBUG]  Tasks:0 Slots:0 Parallelism:0.5
2018-07-20 09:37:34 parsl.dataflow.strategy:175 [DEBUG]  Tasks:0 Slots:0 Parallelism:0.5
2018-07-20 09:37:34 parsl.dataflow.strategy:175 [DEBUG]  Tasks:0 Slots:0 Parallelism:0.5
2018-07-20 09:37:37 parsl.dataflow.strategy:175 [DEBUG]  Tasks:0 Slots:0 Parallelism:0.5
2018-07-20 09:37:37 parsl.dataflow.strategy:175 [DEBUG]  Tasks:0 Slots:0 Parallelism:0.5
2018-07-20 09:37:37 parsl.dataflow.strategy:175 [DEBUG]  Tasks:0 Slots:0 Parallelism:0.5
2018-07-20 09:37:37 parsl.dataflow.strategy:175 [DEBUG]  Tasks:0 Slots:1 Parallelism:0.5
2018-07-20 09:37:40 parsl.dataflow.strategy:175 [DEBUG]  Tasks:0 Slots:0 Parallelism:0.5
2018-07-20 09:37:40 parsl.dataflow.strategy:175 [DEBUG]  Tasks:0 Slots:0 Parallelism:0.5
2018-07-20 09:37:40 parsl.dataflow.strategy:175 [DEBUG]  Tasks:0 Slots:1 Parallelism:0.5
2018-07-20 09:37:41 parsl.dataflow.strategy:175 [DEBUG]  Tasks:0 Slots:0 Parallelism:0.5
2018-07-20 09:37:41 parsl.dataflow.strategy:175 [DEBUG]  Tasks:0 Slots:0 Parallelism:0.5
2018-07-20 09:37:42 parsl.dataflow.strategy:175 [DEBUG]  Tasks:0 Slots:0 Parallelism:0.5
2018-07-20 09:37:44 parsl.dataflow.strategy:175 [DEBUG]  Tasks:0 Slots:0 Parallelism:0.5
2018-07-20 09:37:44 parsl.dataflow.strategy:175 [DEBUG]  Tasks:0 Slots:0 Parallelism:0.5
2018-07-20 09:37:45 parsl.dataflow.strategy:175 [DEBUG]  Tasks:0 Slots:1 Parallelism:0.5
2018-07-20 09:37:46 parsl.dataflow.strategy:175 [DEBUG]  Tasks:0 Slots:0 Parallelism:0.5
2018-07-20 09:37:46 parsl.dataflow.strategy:175 [DEBUG]  Tasks:0 Slots:0 Parallelism:0.5
2018-07-20 09:37:47 parsl.dataflow.strategy:175 [DEBUG]  Tasks:0 Slots:0 Parallelism:0.5
2018-07-20 09:37:49 parsl.dataflow.strategy:175 [DEBUG]  Tasks:0 Slots:0 Parallelism:0.5
2018-07-20 09:37:49 parsl.dataflow.strategy:175 [DEBUG]  Tasks:0 Slots:0 Parallelism:0.5
2018-07-20 09:37:50 parsl.dataflow.strategy:175 [DEBUG]  Tasks:0 Slots:1 Parallelism:0.5
2018-07-20 09:37:51 parsl.dataflow.strategy:175 [DEBUG]  Tasks:0 Slots:0 Parallelism:0.5
2018-07-20 09:37:51 parsl.dataflow.strategy:175 [DEBUG]  Tasks:0 Slots:0 Parallelism:0.5
2018-07-20 09:37:52 parsl.dataflow.strategy:175 [DEBUG]  Tasks:0 Slots:0 Parallelism:0.5
2018-07-20 09:37:54 parsl.dataflow.strategy:175 [DEBUG]  Tasks:0 Slots:0 Parallelism:0.5
2018-07-20 09:37:54 parsl.dataflow.strategy:175 [DEBUG]  Tasks:0 Slots:0 Parallelism:0.5
2018-07-20 09:37:55 parsl.dataflow.strategy:175 [DEBUG]  Tasks:0 Slots:1 Parallelism:0.5
2018-07-20 09:37:56 parsl.dataflow.strategy:175 [DEBUG]  Tasks:0 Slots:0 Parallelism:0.5
2018-07-20 09:37:56 parsl.dataflow.strategy:175 [DEBUG]  Tasks:0 Slots:0 Parallelism:0.5
2018-07-20 09:37:57 parsl.dataflow.strategy:175 [DEBUG]  Tasks:0 Slots:0 Parallelism:0.5
2018-07-20 09:37:59 parsl.dataflow.strategy:175 [DEBUG]  Tasks:0 Slots:0 Parallelism:0.5
2018-07-20 09:37:59 parsl.dataflow.strategy:175 [DEBUG]  Tasks:0 Slots:0 Parallelism:0.5
2018-07-20 09:38:00 parsl.dataflow.strategy:175 [DEBUG]  Tasks:0 Slots:1 Parallelism:0.5
2018-07-20 09:38:01 parsl.dataflow.strategy:175 [DEBUG]  Tasks:0 Slots:0 Parallelism:0.5
2018-07-20 09:38:01 parsl.dataflow.strategy:175 [DEBUG]  Tasks:0 Slots:0 Parallelism:0.5
2018-07-20 09:38:02 parsl.dataflow.strategy:175 [DEBUG]  Tasks:0 Slots:0 Parallelism:0.5
2018-07-20 09:38:04 parsl.dataflow.strategy:175 [DEBUG]  Tasks:0 Slots:0 Parallelism:0.5
2018-07-20 09:38:04 parsl.dataflow.strategy:175 [DEBUG]  Tasks:0 Slots:0 Parallelism:0.5
2018-07-20 09:38:05 parsl.dataflow.strategy:175 [DEBUG]  Tasks:0 Slots:1 Parallelism:0.5
2018-07-20 09:38:06 parsl.dataflow.strategy:175 [DEBUG]  Tasks:0 Slots:0 Parallelism:0.5
2018-07-20 09:38:06 parsl.dataflow.strategy:175 [DEBUG]  Tasks:0 Slots:0 Parallelism:0.5
2018-07-20 09:38:07 parsl.dataflow.strategy:175 [DEBUG]  Tasks:0 Slots:0 Parallelism:0.5
2018-07-20 09:38:09 parsl.dataflow.strategy:175 [DEBUG]  Tasks:0 Slots:0 Parallelism:0.5
2018-07-20 09:38:09 parsl.dataflow.strategy:175 [DEBUG]  Tasks:0 Slots:0 Parallelism:0.5
2018-07-20 09:38:12 parsl.dataflow.strategy:175 [DEBUG]  Tasks:0 Slots:0 Parallelism:0.5
2018-07-20 09:38:12 parsl.dataflow.strategy:175 [DEBUG]  Tasks:0 Slots:0 Parallelism:0.5
2018-07-20 09:38:12 parsl.dataflow.strategy:175 [DEBUG]  Tasks:0 Slots:1 Parallelism:0.5
2018-07-20 09:38:12 parsl.dataflow.strategy:175 [DEBUG]  Tasks:0 Slots:0 Parallelism:0.5
2018-07-20 09:38:14 parsl.dataflow.strategy:175 [DEBUG]  Tasks:0 Slots:0 Parallelism:0.5
2018-07-20 09:38:14 parsl.dataflow.strategy:175 [DEBUG]  Tasks:0 Slots:0 Parallelism:0.5
2018-07-20 09:38:15 parsl.dataflow.strategy:175 [DEBUG]  Tasks:0 Slots:1 Parallelism:0.5
2018-07-20 09:38:16 parsl.dataflow.strategy:175 [DEBUG]  Tasks:0 Slots:0 Parallelism:0.5
2018-07-20 09:38:16 parsl.dataflow.strategy:175 [DEBUG]  Tasks:0 Slots:0 Parallelism:0.5
2018-07-20 09:38:17 parsl.dataflow.strategy:175 [DEBUG]  Tasks:0 Slots:0 Parallelism:0.5
2018-07-20 09:38:19 parsl.dataflow.strategy:175 [DEBUG]  Tasks:0 Slots:0 Parallelism:0.5
2018-07-20 09:38:19 parsl.dataflow.strategy:175 [DEBUG]  Tasks:0 Slots:0 Parallelism:0.5
2018-07-20 09:38:20 parsl.dataflow.strategy:175 [DEBUG]  Tasks:0 Slots:1 Parallelism:0.5
2018-07-20 09:38:21 parsl.dataflow.strategy:175 [DEBUG]  Tasks:0 Slots:0 Parallelism:0.5
2018-07-20 09:38:21 parsl.dataflow.strategy:175 [DEBUG]  Tasks:0 Slots:0 Parallelism:0.5
2018-07-20 09:38:22 parsl.dataflow.strategy:175 [DEBUG]  Tasks:0 Slots:0 Parallelism:0.5
2018-07-20 09:38:24 parsl.dataflow.strategy:175 [DEBUG]  Tasks:0 Slots:0 Parallelism:0.5
2018-07-20 09:38:24 parsl.dataflow.strategy:175 [DEBUG]  Tasks:0 Slots:0 Parallelism:0.5
2018-07-20 09:38:25 parsl.dataflow.strategy:175 [DEBUG]  Tasks:0 Slots:1 Parallelism:0.5
2018-07-20 09:38:26 parsl.dataflow.strategy:175 [DEBUG]  Tasks:0 Slots:0 Parallelism:0.5
2018-07-20 09:38:26 parsl.dataflow.strategy:175 [DEBUG]  Tasks:0 Slots:0 Parallelism:0.5
2018-07-20 09:38:27 parsl.dataflow.strategy:175 [DEBUG]  Tasks:0 Slots:0 Parallelism:0.5
2018-07-20 09:38:29 parsl.dataflow.strategy:175 [DEBUG]  Tasks:0 Slots:0 Parallelism:0.5
2018-07-20 09:38:29 parsl.dataflow.strategy:175 [DEBUG]  Tasks:0 Slots:0 Parallelism:0.5
2018-07-20 09:38:30 parsl.dataflow.strategy:175 [DEBUG]  Tasks:0 Slots:1 Parallelism:0.5
2018-07-20 09:38:31 parsl.dataflow.strategy:175 [DEBUG]  Tasks:0 Slots:0 Parallelism:0.5
2018-07-20 09:38:31 parsl.dataflow.strategy:175 [DEBUG]  Tasks:0 Slots:0 Parallelism:0.5
2018-07-20 09:38:32 parsl.dataflow.strategy:175 [DEBUG]  Tasks:0 Slots:0 Parallelism:0.5
2018-07-20 09:38:34 parsl.dataflow.strategy:175 [DEBUG]  Tasks:0 Slots:0 Parallelism:0.5
2018-07-20 09:38:34 parsl.dataflow.strategy:175 [DEBUG]  Tasks:0 Slots:0 Parallelism:0.5
2018-07-20 09:38:35 parsl.dataflow.strategy:175 [DEBUG]  Tasks:0 Slots:1 Parallelism:0.5
2018-07-20 09:38:36 parsl.dataflow.strategy:175 [DEBUG]  Tasks:0 Slots:0 Parallelism:0.5
2018-07-20 09:38:36 parsl.dataflow.strategy:175 [DEBUG]  Tasks:0 Slots:0 Parallelism:0.5
2018-07-20 09:38:37 parsl.dataflow.strategy:175 [DEBUG]  Tasks:0 Slots:0 Parallelism:0.5
2018-07-20 09:38:39 parsl.dataflow.strategy:175 [DEBUG]  Tasks:0 Slots:0 Parallelism:0.5
2018-07-20 09:38:39 parsl.dataflow.strategy:175 [DEBUG]  Tasks:0 Slots:0 Parallelism:0.5
2018-07-20 09:38:40 parsl.dataflow.strategy:175 [DEBUG]  Tasks:0 Slots:1 Parallelism:0.5
2018-07-20 09:38:41 parsl.dataflow.strategy:175 [DEBUG]  Tasks:0 Slots:0 Parallelism:0.5
2018-07-20 09:38:41 parsl.dataflow.strategy:175 [DEBUG]  Tasks:0 Slots:0 Parallelism:0.5
2018-07-20 09:38:42 parsl.dataflow.strategy:175 [DEBUG]  Tasks:0 Slots:0 Parallelism:0.5
2018-07-20 09:38:44 parsl.dataflow.strategy:175 [DEBUG]  Tasks:0 Slots:0 Parallelism:0.5
2018-07-20 09:38:44 parsl.dataflow.strategy:175 [DEBUG]  Tasks:0 Slots:0 Parallelism:0.5
2018-07-20 09:38:47 parsl.dataflow.strategy:175 [DEBUG]  Tasks:0 Slots:1 Parallelism:0.5
2018-07-20 09:38:47 parsl.dataflow.strategy:175 [DEBUG]  Tasks:0 Slots:0 Parallelism:0.5
2018-07-20 09:38:47 parsl.dataflow.strategy:175 [DEBUG]  Tasks:0 Slots:0 Parallelism:0.5
2018-07-20 09:38:47 parsl.dataflow.strategy:175 [DEBUG]  Tasks:0 Slots:0 Parallelism:0.5
2018-07-20 09:38:49 parsl.dataflow.strategy:175 [DEBUG]  Tasks:0 Slots:0 Parallelism:0.5
2018-07-20 09:38:49 parsl.dataflow.strategy:175 [DEBUG]  Tasks:0 Slots:0 Parallelism:0.5
2018-07-20 09:38:50 parsl.dataflow.strategy:175 [DEBUG]  Tasks:0 Slots:1 Parallelism:0.5
2018-07-20 09:38:51 parsl.dataflow.strategy:175 [DEBUG]  Tasks:0 Slots:0 Parallelism:0.5
2018-07-20 09:38:51 parsl.dataflow.strategy:175 [DEBUG]  Tasks:0 Slots:0 Parallelism:0.5
2018-07-20 09:38:52 parsl.dataflow.strategy:175 [DEBUG]  Tasks:0 Slots:0 Parallelism:0.5
2018-07-20 09:38:54 parsl.dataflow.strategy:175 [DEBUG]  Tasks:0 Slots:0 Parallelism:0.5
2018-07-20 09:38:54 parsl.dataflow.strategy:175 [DEBUG]  Tasks:0 Slots:0 Parallelism:0.5
2018-07-20 09:38:55 parsl.dataflow.strategy:175 [DEBUG]  Tasks:0 Slots:1 Parallelism:0.5
2018-07-20 09:38:56 parsl.dataflow.strategy:175 [DEBUG]  Tasks:0 Slots:0 Parallelism:0.5
2018-07-20 09:38:56 parsl.dataflow.strategy:175 [DEBUG]  Tasks:0 Slots:0 Parallelism:0.5
2018-07-20 09:38:57 parsl.dataflow.strategy:175 [DEBUG]  Tasks:0 Slots:0 Parallelism:0.5
2018-07-20 09:38:59 parsl.dataflow.strategy:175 [DEBUG]  Tasks:0 Slots:0 Parallelism:0.5
2018-07-20 09:38:59 parsl.dataflow.strategy:175 [DEBUG]  Tasks:0 Slots:0 Parallelism:0.5
2018-07-20 09:39:00 parsl.dataflow.strategy:175 [DEBUG]  Tasks:0 Slots:1 Parallelism:0.5
2018-07-20 09:39:01 parsl.dataflow.strategy:175 [DEBUG]  Tasks:0 Slots:0 Parallelism:0.5
2018-07-20 09:39:01 parsl.dataflow.strategy:175 [DEBUG]  Tasks:0 Slots:0 Parallelism:0.5
2018-07-20 09:39:02 parsl.dataflow.strategy:175 [DEBUG]  Tasks:0 Slots:0 Parallelism:0.5
2018-07-20 09:39:04 parsl.dataflow.strategy:175 [DEBUG]  Tasks:0 Slots:0 Parallelism:0.5
2018-07-20 09:39:04 parsl.dataflow.strategy:175 [DEBUG]  Tasks:0 Slots:0 Parallelism:0.5
2018-07-20 09:39:05 parsl.dataflow.strategy:175 [DEBUG]  Tasks:0 Slots:1 Parallelism:0.5
2018-07-20 09:39:06 parsl.dataflow.strategy:175 [DEBUG]  Tasks:0 Slots:0 Parallelism:0.5
2018-07-20 09:39:06 parsl.dataflow.strategy:175 [DEBUG]  Tasks:0 Slots:0 Parallelism:0.5
2018-07-20 09:39:07 parsl.dataflow.strategy:175 [DEBUG]  Tasks:0 Slots:0 Parallelism:0.5
2018-07-20 09:39:09 parsl.dataflow.strategy:175 [DEBUG]  Tasks:0 Slots:0 Parallelism:0.5
2018-07-20 09:39:09 parsl.dataflow.strategy:175 [DEBUG]  Tasks:0 Slots:0 Parallelism:0.5
2018-07-20 09:39:10 parsl.dataflow.strategy:175 [DEBUG]  Tasks:0 Slots:1 Parallelism:0.5
2018-07-20 09:39:11 parsl.dataflow.strategy:175 [DEBUG]  Tasks:0 Slots:0 Parallelism:0.5
2018-07-20 09:39:11 parsl.dataflow.strategy:175 [DEBUG]  Tasks:0 Slots:0 Parallelism:0.5
2018-07-20 09:39:12 parsl.dataflow.strategy:175 [DEBUG]  Tasks:0 Slots:0 Parallelism:0.5
2018-07-20 09:39:14 parsl.dataflow.strategy:175 [DEBUG]  Tasks:0 Slots:0 Parallelism:0.5
2018-07-20 09:39:14 parsl.dataflow.strategy:175 [DEBUG]  Tasks:0 Slots:0 Parallelism:0.5
2018-07-20 09:39:15 parsl.dataflow.strategy:175 [DEBUG]  Tasks:0 Slots:1 Parallelism:0.5
2018-07-20 09:39:16 parsl.dataflow.strategy:175 [DEBUG]  Tasks:0 Slots:0 Parallelism:0.5
2018-07-20 09:39:16 parsl.dataflow.strategy:175 [DEBUG]  Tasks:0 Slots:0 Parallelism:0.5
2018-07-20 09:39:17 parsl.dataflow.strategy:175 [DEBUG]  Tasks:0 Slots:0 Parallelism:0.5
2018-07-20 09:39:19 parsl.dataflow.strategy:175 [DEBUG]  Tasks:0 Slots:0 Parallelism:0.5
2018-07-20 09:39:19 parsl.dataflow.strategy:175 [DEBUG]  Tasks:0 Slots:0 Parallelism:0.5
2018-07-20 09:39:21 parsl.dataflow.strategy:175 [DEBUG]  Tasks:0 Slots:1 Parallelism:0.5
2018-07-20 09:39:21 parsl.dataflow.strategy:175 [DEBUG]  Tasks:0 Slots:0 Parallelism:0.5
2018-07-20 09:39:21 parsl.dataflow.strategy:175 [DEBUG]  Tasks:0 Slots:0 Parallelism:0.5
2018-07-20 09:39:22 parsl.dataflow.strategy:175 [DEBUG]  Tasks:0 Slots:0 Parallelism:0.5
2018-07-20 09:39:24 parsl.dataflow.strategy:175 [DEBUG]  Tasks:0 Slots:0 Parallelism:0.5
2018-07-20 09:39:24 parsl.dataflow.strategy:175 [DEBUG]  Tasks:0 Slots:0 Parallelism:0.5
2018-07-20 09:39:25 parsl.dataflow.strategy:175 [DEBUG]  Tasks:0 Slots:1 Parallelism:0.5
2018-07-20 09:39:26 parsl.dataflow.strategy:175 [DEBUG]  Tasks:0 Slots:0 Parallelism:0.5
2018-07-20 09:39:26 parsl.dataflow.strategy:175 [DEBUG]  Tasks:0 Slots:0 Parallelism:0.5
2018-07-20 09:39:27 parsl.dataflow.strategy:175 [DEBUG]  Tasks:0 Slots:0 Parallelism:0.5
2018-07-20 09:39:29 parsl.dataflow.strategy:175 [DEBUG]  Tasks:0 Slots:0 Parallelism:0.5
2018-07-20 09:39:29 parsl.dataflow.strategy:175 [DEBUG]  Tasks:0 Slots:0 Parallelism:0.5
2018-07-20 09:39:30 parsl.dataflow.strategy:175 [DEBUG]  Tasks:0 Slots:1 Parallelism:0.5
2018-07-20 09:39:31 parsl.dataflow.strategy:175 [DEBUG]  Tasks:0 Slots:0 Parallelism:0.5
2018-07-20 09:39:31 parsl.dataflow.strategy:175 [DEBUG]  Tasks:0 Slots:0 Parallelism:0.5
2018-07-20 09:39:32 parsl.dataflow.strategy:175 [DEBUG]  Tasks:0 Slots:0 Parallelism:0.5
2018-07-20 09:39:34 parsl.dataflow.strategy:175 [DEBUG]  Tasks:0 Slots:0 Parallelism:0.5
2018-07-20 09:39:34 parsl.dataflow.strategy:175 [DEBUG]  Tasks:0 Slots:0 Parallelism:0.5
2018-07-20 09:39:35 parsl.dataflow.strategy:175 [DEBUG]  Tasks:0 Slots:1 Parallelism:0.5
2018-07-20 09:39:36 parsl.dataflow.strategy:175 [DEBUG]  Tasks:0 Slots:0 Parallelism:0.5
2018-07-20 09:39:36 parsl.dataflow.strategy:175 [DEBUG]  Tasks:0 Slots:0 Parallelism:0.5
2018-07-20 09:39:37 parsl.dataflow.strategy:175 [DEBUG]  Tasks:0 Slots:0 Parallelism:0.5
2018-07-20 09:39:39 parsl.dataflow.strategy:175 [DEBUG]  Tasks:0 Slots:0 Parallelism:0.5
2018-07-20 09:39:39 parsl.dataflow.strategy:175 [DEBUG]  Tasks:0 Slots:0 Parallelism:0.5
2018-07-20 09:39:40 parsl.dataflow.strategy:175 [DEBUG]  Tasks:0 Slots:1 Parallelism:0.5
2018-07-20 09:39:41 parsl.dataflow.strategy:175 [DEBUG]  Tasks:0 Slots:0 Parallelism:0.5
2018-07-20 09:39:41 parsl.dataflow.strategy:175 [DEBUG]  Tasks:0 Slots:0 Parallelism:0.5
2018-07-20 09:39:42 parsl.dataflow.strategy:175 [DEBUG]  Tasks:0 Slots:0 Parallelism:0.5
2018-07-20 09:39:44 parsl.dataflow.strategy:175 [DEBUG]  Tasks:0 Slots:0 Parallelism:0.5
2018-07-20 09:39:44 parsl.dataflow.strategy:175 [DEBUG]  Tasks:0 Slots:0 Parallelism:0.5
2018-07-20 09:39:45 parsl.dataflow.strategy:175 [DEBUG]  Tasks:0 Slots:1 Parallelism:0.5
2018-07-20 09:39:46 parsl.dataflow.strategy:175 [DEBUG]  Tasks:0 Slots:0 Parallelism:0.5
2018-07-20 09:39:46 parsl.dataflow.strategy:175 [DEBUG]  Tasks:0 Slots:0 Parallelism:0.5
2018-07-20 09:39:47 parsl.dataflow.strategy:175 [DEBUG]  Tasks:0 Slots:0 Parallelism:0.5
2018-07-20 09:39:49 parsl.dataflow.strategy:175 [DEBUG]  Tasks:0 Slots:0 Parallelism:0.5
2018-07-20 09:39:49 parsl.dataflow.strategy:175 [DEBUG]  Tasks:0 Slots:0 Parallelism:0.5
2018-07-20 09:39:50 parsl.dataflow.strategy:175 [DEBUG]  Tasks:0 Slots:1 Parallelism:0.5
2018-07-20 09:39:51 parsl.dataflow.strategy:175 [DEBUG]  Tasks:0 Slots:0 Parallelism:0.5
2018-07-20 09:39:51 parsl.dataflow.strategy:175 [DEBUG]  Tasks:0 Slots:0 Parallelism:0.5
2018-07-20 09:39:52 parsl.dataflow.strategy:175 [DEBUG]  Tasks:0 Slots:0 Parallelism:0.5
2018-07-20 09:39:56 parsl.dataflow.strategy:175 [DEBUG]  Tasks:0 Slots:0 Parallelism:0.5
2018-07-20 09:39:56 parsl.dataflow.strategy:175 [DEBUG]  Tasks:0 Slots:1 Parallelism:0.5
2018-07-20 09:39:56 parsl.dataflow.strategy:175 [DEBUG]  Tasks:0 Slots:0 Parallelism:0.5
2018-07-20 09:39:58 parsl.dataflow.strategy:175 [DEBUG]  Tasks:0 Slots:0 Parallelism:0.5
2018-07-20 09:39:58 parsl.dataflow.strategy:175 [DEBUG]  Tasks:0 Slots:0 Parallelism:0.5
2018-07-20 09:39:58 parsl.dataflow.strategy:175 [DEBUG]  Tasks:0 Slots:0 Parallelism:0.5
2018-07-20 09:39:59 parsl.dataflow.strategy:175 [DEBUG]  Tasks:0 Slots:0 Parallelism:0.5
2018-07-20 09:39:59 parsl.dataflow.strategy:175 [DEBUG]  Tasks:0 Slots:0 Parallelism:0.5
2018-07-20 09:40:00 parsl.dataflow.strategy:175 [DEBUG]  Tasks:0 Slots:1 Parallelism:0.5
2018-07-20 09:40:01 parsl.dataflow.strategy:175 [DEBUG]  Tasks:0 Slots:0 Parallelism:0.5
2018-07-20 09:40:01 parsl.dataflow.strategy:175 [DEBUG]  Tasks:0 Slots:0 Parallelism:0.5
2018-07-20 09:40:02 parsl.dataflow.strategy:175 [DEBUG]  Tasks:0 Slots:0 Parallelism:0.5
2018-07-20 09:40:04 parsl.dataflow.strategy:175 [DEBUG]  Tasks:0 Slots:0 Parallelism:0.5
2018-07-20 09:40:04 parsl.dataflow.strategy:175 [DEBUG]  Tasks:0 Slots:0 Parallelism:0.5
2018-07-20 09:40:05 parsl.dataflow.strategy:175 [DEBUG]  Tasks:0 Slots:1 Parallelism:0.5
2018-07-20 09:40:06 parsl.dataflow.strategy:175 [DEBUG]  Tasks:0 Slots:0 Parallelism:0.5
2018-07-20 09:40:06 parsl.dataflow.strategy:175 [DEBUG]  Tasks:0 Slots:0 Parallelism:0.5
2018-07-20 09:40:07 parsl.dataflow.strategy:175 [DEBUG]  Tasks:0 Slots:0 Parallelism:0.5
2018-07-20 09:40:09 parsl.dataflow.strategy:175 [DEBUG]  Tasks:0 Slots:0 Parallelism:0.5
2018-07-20 09:40:09 parsl.dataflow.strategy:175 [DEBUG]  Tasks:0 Slots:0 Parallelism:0.5
2018-07-20 09:40:10 parsl.dataflow.strategy:175 [DEBUG]  Tasks:0 Slots:1 Parallelism:0.5
2018-07-20 09:40:11 parsl.dataflow.strategy:175 [DEBUG]  Tasks:0 Slots:0 Parallelism:0.5
2018-07-20 09:40:11 parsl.dataflow.strategy:175 [DEBUG]  Tasks:0 Slots:0 Parallelism:0.5
2018-07-20 09:40:12 parsl.dataflow.strategy:175 [DEBUG]  Tasks:0 Slots:0 Parallelism:0.5
2018-07-20 09:40:14 parsl.dataflow.strategy:175 [DEBUG]  Tasks:0 Slots:0 Parallelism:0.5
2018-07-20 09:40:14 parsl.dataflow.strategy:175 [DEBUG]  Tasks:0 Slots:0 Parallelism:0.5
2018-07-20 09:40:15 parsl.dataflow.strategy:175 [DEBUG]  Tasks:0 Slots:1 Parallelism:0.5
2018-07-20 09:40:16 parsl.dataflow.strategy:175 [DEBUG]  Tasks:0 Slots:0 Parallelism:0.5
2018-07-20 09:40:16 parsl.dataflow.strategy:175 [DEBUG]  Tasks:0 Slots:0 Parallelism:0.5
2018-07-20 09:40:17 parsl.dataflow.strategy:175 [DEBUG]  Tasks:0 Slots:0 Parallelism:0.5
2018-07-20 09:40:19 parsl.dataflow.strategy:175 [DEBUG]  Tasks:0 Slots:0 Parallelism:0.5
2018-07-20 09:40:19 parsl.dataflow.strategy:175 [DEBUG]  Tasks:0 Slots:0 Parallelism:0.5
2018-07-20 09:40:20 parsl.dataflow.strategy:175 [DEBUG]  Tasks:0 Slots:1 Parallelism:0.5
2018-07-20 09:40:21 parsl.dataflow.strategy:175 [DEBUG]  Tasks:0 Slots:0 Parallelism:0.5
2018-07-20 09:40:21 parsl.dataflow.strategy:175 [DEBUG]  Tasks:0 Slots:0 Parallelism:0.5
2018-07-20 09:40:22 parsl.dataflow.strategy:175 [DEBUG]  Tasks:0 Slots:0 Parallelism:0.5
2018-07-20 09:40:24 parsl.dataflow.strategy:175 [DEBUG]  Tasks:0 Slots:0 Parallelism:0.5
2018-07-20 09:40:24 parsl.dataflow.strategy:175 [DEBUG]  Tasks:0 Slots:0 Parallelism:0.5
2018-07-20 09:40:25 parsl.dataflow.strategy:175 [DEBUG]  Tasks:0 Slots:1 Parallelism:0.5
2018-07-20 09:40:26 parsl.dataflow.strategy:175 [DEBUG]  Tasks:0 Slots:0 Parallelism:0.5
2018-07-20 09:40:26 parsl.dataflow.strategy:175 [DEBUG]  Tasks:0 Slots:0 Parallelism:0.5
2018-07-20 09:40:27 parsl.dataflow.strategy:175 [DEBUG]  Tasks:0 Slots:0 Parallelism:0.5
2018-07-20 09:40:30 parsl.dataflow.strategy:175 [DEBUG]  Tasks:0 Slots:0 Parallelism:0.5
2018-07-20 09:40:30 parsl.dataflow.strategy:175 [DEBUG]  Tasks:0 Slots:0 Parallelism:0.5
2018-07-20 09:40:30 parsl.dataflow.strategy:175 [DEBUG]  Tasks:0 Slots:1 Parallelism:0.5
2018-07-20 09:40:33 parsl.dataflow.strategy:175 [DEBUG]  Tasks:0 Slots:0 Parallelism:0.5
2018-07-20 09:40:33 parsl.dataflow.strategy:175 [DEBUG]  Tasks:0 Slots:0 Parallelism:0.5
2018-07-20 09:40:33 parsl.dataflow.strategy:175 [DEBUG]  Tasks:0 Slots:0 Parallelism:0.5
2018-07-20 09:40:34 parsl.dataflow.strategy:175 [DEBUG]  Tasks:0 Slots:0 Parallelism:0.5
2018-07-20 09:40:34 parsl.dataflow.strategy:175 [DEBUG]  Tasks:0 Slots:0 Parallelism:0.5
2018-07-20 09:40:35 parsl.dataflow.strategy:175 [DEBUG]  Tasks:0 Slots:1 Parallelism:0.5
2018-07-20 09:40:36 parsl.dataflow.strategy:175 [DEBUG]  Tasks:0 Slots:0 Parallelism:0.5
2018-07-20 09:40:36 parsl.dataflow.strategy:175 [DEBUG]  Tasks:0 Slots:0 Parallelism:0.5
2018-07-20 09:40:37 parsl.dataflow.strategy:175 [DEBUG]  Tasks:0 Slots:0 Parallelism:0.5
2018-07-20 09:40:39 parsl.dataflow.strategy:175 [DEBUG]  Tasks:0 Slots:0 Parallelism:0.5
2018-07-20 09:40:39 parsl.dataflow.strategy:175 [DEBUG]  Tasks:0 Slots:0 Parallelism:0.5
2018-07-20 09:40:40 parsl.dataflow.strategy:175 [DEBUG]  Tasks:0 Slots:1 Parallelism:0.5
2018-07-20 09:40:41 parsl.dataflow.strategy:175 [DEBUG]  Tasks:0 Slots:0 Parallelism:0.5
2018-07-20 09:40:41 parsl.dataflow.strategy:175 [DEBUG]  Tasks:0 Slots:0 Parallelism:0.5
2018-07-20 09:40:42 parsl.dataflow.strategy:175 [DEBUG]  Tasks:0 Slots:0 Parallelism:0.5
2018-07-20 09:40:44 parsl.dataflow.strategy:175 [DEBUG]  Tasks:0 Slots:0 Parallelism:0.5
2018-07-20 09:40:44 parsl.dataflow.strategy:175 [DEBUG]  Tasks:0 Slots:0 Parallelism:0.5
2018-07-20 09:40:45 parsl.dataflow.strategy:175 [DEBUG]  Tasks:0 Slots:1 Parallelism:0.5
2018-07-20 09:40:46 parsl.dataflow.strategy:175 [DEBUG]  Tasks:0 Slots:0 Parallelism:0.5
2018-07-20 09:40:46 parsl.dataflow.strategy:175 [DEBUG]  Tasks:0 Slots:0 Parallelism:0.5
2018-07-20 09:40:47 parsl.dataflow.strategy:175 [DEBUG]  Tasks:0 Slots:0 Parallelism:0.5
2018-07-20 09:40:49 parsl.dataflow.strategy:175 [DEBUG]  Tasks:0 Slots:0 Parallelism:0.5
2018-07-20 09:40:49 parsl.dataflow.strategy:175 [DEBUG]  Tasks:0 Slots:0 Parallelism:0.5
2018-07-20 09:40:50 parsl.dataflow.strategy:175 [DEBUG]  Tasks:0 Slots:1 Parallelism:0.5
2018-07-20 09:40:51 parsl.dataflow.strategy:175 [DEBUG]  Tasks:0 Slots:0 Parallelism:0.5
2018-07-20 09:40:51 parsl.dataflow.strategy:175 [DEBUG]  Tasks:0 Slots:0 Parallelism:0.5
2018-07-20 09:40:52 parsl.dataflow.strategy:175 [DEBUG]  Tasks:0 Slots:0 Parallelism:0.5
2018-07-20 09:40:54 parsl.dataflow.strategy:175 [DEBUG]  Tasks:0 Slots:0 Parallelism:0.5
2018-07-20 09:40:54 parsl.dataflow.strategy:175 [DEBUG]  Tasks:0 Slots:0 Parallelism:0.5
2018-07-20 09:40:55 parsl.dataflow.strategy:175 [DEBUG]  Tasks:0 Slots:1 Parallelism:0.5
2018-07-20 09:40:56 parsl.dataflow.strategy:175 [DEBUG]  Tasks:0 Slots:0 Parallelism:0.5
2018-07-20 09:40:56 parsl.dataflow.strategy:175 [DEBUG]  Tasks:0 Slots:0 Parallelism:0.5
2018-07-20 09:40:57 parsl.dataflow.strategy:175 [DEBUG]  Tasks:0 Slots:0 Parallelism:0.5
2018-07-20 09:40:59 parsl.dataflow.strategy:175 [DEBUG]  Tasks:0 Slots:0 Parallelism:0.5
2018-07-20 09:40:59 parsl.dataflow.strategy:175 [DEBUG]  Tasks:0 Slots:0 Parallelism:0.5
2018-07-20 09:41:00 parsl.dataflow.strategy:175 [DEBUG]  Tasks:0 Slots:1 Parallelism:0.5
2018-07-20 09:41:01 parsl.dataflow.strategy:175 [DEBUG]  Tasks:0 Slots:0 Parallelism:0.5
2018-07-20 09:41:01 parsl.dataflow.strategy:175 [DEBUG]  Tasks:0 Slots:0 Parallelism:0.5
2018-07-20 09:41:02 parsl.dataflow.strategy:175 [DEBUG]  Tasks:0 Slots:0 Parallelism:0.5
2018-07-20 09:41:05 parsl.dataflow.strategy:175 [DEBUG]  Tasks:0 Slots:0 Parallelism:0.5
2018-07-20 09:41:05 parsl.dataflow.strategy:175 [DEBUG]  Tasks:0 Slots:0 Parallelism:0.5
2018-07-20 09:41:07 parsl.dataflow.strategy:175 [DEBUG]  Tasks:0 Slots:1 Parallelism:0.5
2018-07-20 09:41:07 parsl.dataflow.strategy:175 [DEBUG]  Tasks:0 Slots:0 Parallelism:0.5
2018-07-20 09:41:07 parsl.dataflow.strategy:175 [DEBUG]  Tasks:0 Slots:0 Parallelism:0.5
2018-07-20 09:41:07 parsl.dataflow.strategy:175 [DEBUG]  Tasks:0 Slots:0 Parallelism:0.5
2018-07-20 09:41:09 parsl.dataflow.strategy:175 [DEBUG]  Tasks:0 Slots:0 Parallelism:0.5
2018-07-20 09:41:09 parsl.dataflow.strategy:175 [DEBUG]  Tasks:0 Slots:0 Parallelism:0.5
2018-07-20 09:41:10 parsl.dataflow.strategy:175 [DEBUG]  Tasks:0 Slots:1 Parallelism:0.5
2018-07-20 09:41:11 parsl.dataflow.strategy:175 [DEBUG]  Tasks:0 Slots:0 Parallelism:0.5
2018-07-20 09:41:11 parsl.dataflow.strategy:175 [DEBUG]  Tasks:0 Slots:0 Parallelism:0.5
2018-07-20 09:41:12 parsl.dataflow.strategy:175 [DEBUG]  Tasks:0 Slots:0 Parallelism:0.5
2018-07-20 09:41:14 parsl.dataflow.strategy:175 [DEBUG]  Tasks:0 Slots:0 Parallelism:0.5
2018-07-20 09:41:14 parsl.dataflow.strategy:175 [DEBUG]  Tasks:0 Slots:0 Parallelism:0.5
2018-07-20 09:41:15 parsl.dataflow.strategy:175 [DEBUG]  Tasks:0 Slots:1 Parallelism:0.5
2018-07-20 09:41:16 parsl.dataflow.strategy:175 [DEBUG]  Tasks:0 Slots:0 Parallelism:0.5
2018-07-20 09:41:16 parsl.dataflow.strategy:175 [DEBUG]  Tasks:0 Slots:0 Parallelism:0.5
2018-07-20 09:41:17 parsl.dataflow.strategy:175 [DEBUG]  Tasks:0 Slots:0 Parallelism:0.5
2018-07-20 09:41:19 parsl.dataflow.strategy:175 [DEBUG]  Tasks:0 Slots:0 Parallelism:0.5
2018-07-20 09:41:19 parsl.dataflow.strategy:175 [DEBUG]  Tasks:0 Slots:0 Parallelism:0.5
2018-07-20 09:41:20 parsl.dataflow.strategy:175 [DEBUG]  Tasks:0 Slots:1 Parallelism:0.5
2018-07-20 09:41:21 parsl.dataflow.strategy:175 [DEBUG]  Tasks:0 Slots:0 Parallelism:0.5
2018-07-20 09:41:21 parsl.dataflow.strategy:175 [DEBUG]  Tasks:0 Slots:0 Parallelism:0.5
2018-07-20 09:41:22 parsl.dataflow.strategy:175 [DEBUG]  Tasks:0 Slots:0 Parallelism:0.5
2018-07-20 09:41:24 parsl.dataflow.strategy:175 [DEBUG]  Tasks:0 Slots:0 Parallelism:0.5
2018-07-20 09:41:24 parsl.dataflow.strategy:175 [DEBUG]  Tasks:0 Slots:0 Parallelism:0.5
2018-07-20 09:41:25 parsl.dataflow.strategy:175 [DEBUG]  Tasks:0 Slots:1 Parallelism:0.5
2018-07-20 09:41:26 parsl.dataflow.strategy:175 [DEBUG]  Tasks:0 Slots:0 Parallelism:0.5
2018-07-20 09:41:26 parsl.dataflow.strategy:175 [DEBUG]  Tasks:0 Slots:0 Parallelism:0.5
2018-07-20 09:41:27 parsl.dataflow.strategy:175 [DEBUG]  Tasks:0 Slots:0 Parallelism:0.5
2018-07-20 09:41:29 parsl.dataflow.strategy:175 [DEBUG]  Tasks:0 Slots:0 Parallelism:0.5
2018-07-20 09:41:29 parsl.dataflow.strategy:175 [DEBUG]  Tasks:0 Slots:0 Parallelism:0.5
2018-07-20 09:41:30 parsl.dataflow.strategy:175 [DEBUG]  Tasks:0 Slots:1 Parallelism:0.5
2018-07-20 09:41:31 parsl.dataflow.strategy:175 [DEBUG]  Tasks:0 Slots:0 Parallelism:0.5
2018-07-20 09:41:31 parsl.dataflow.strategy:175 [DEBUG]  Tasks:0 Slots:0 Parallelism:0.5
2018-07-20 09:41:32 parsl.dataflow.strategy:175 [DEBUG]  Tasks:0 Slots:0 Parallelism:0.5
2018-07-20 09:41:34 parsl.dataflow.strategy:175 [DEBUG]  Tasks:0 Slots:0 Parallelism:0.5
2018-07-20 09:41:34 parsl.dataflow.strategy:175 [DEBUG]  Tasks:0 Slots:0 Parallelism:0.5
2018-07-20 09:41:35 parsl.dataflow.strategy:175 [DEBUG]  Tasks:0 Slots:1 Parallelism:0.5
2018-07-20 09:41:36 parsl.dataflow.strategy:175 [DEBUG]  Tasks:0 Slots:0 Parallelism:0.5
2018-07-20 09:41:36 parsl.dataflow.strategy:175 [DEBUG]  Tasks:0 Slots:0 Parallelism:0.5
2018-07-20 09:41:37 parsl.dataflow.strategy:175 [DEBUG]  Tasks:0 Slots:0 Parallelism:0.5
2018-07-20 09:41:39 parsl.dataflow.strategy:175 [DEBUG]  Tasks:0 Slots:0 Parallelism:0.5
2018-07-20 09:41:39 parsl.dataflow.strategy:175 [DEBUG]  Tasks:0 Slots:0 Parallelism:0.5
2018-07-20 09:41:41 parsl.dataflow.strategy:175 [DEBUG]  Tasks:0 Slots:1 Parallelism:0.5
2018-07-20 09:41:41 parsl.dataflow.strategy:175 [DEBUG]  Tasks:0 Slots:0 Parallelism:0.5
2018-07-20 09:41:41 parsl.dataflow.strategy:175 [DEBUG]  Tasks:0 Slots:0 Parallelism:0.5
2018-07-20 09:41:42 parsl.dataflow.strategy:175 [DEBUG]  Tasks:0 Slots:0 Parallelism:0.5
2018-07-20 09:41:44 parsl.dataflow.strategy:175 [DEBUG]  Tasks:0 Slots:0 Parallelism:0.5
2018-07-20 09:41:44 parsl.dataflow.strategy:175 [DEBUG]  Tasks:0 Slots:0 Parallelism:0.5
2018-07-20 09:41:45 parsl.dataflow.strategy:175 [DEBUG]  Tasks:0 Slots:1 Parallelism:0.5
2018-07-20 09:41:46 parsl.dataflow.strategy:175 [DEBUG]  Tasks:0 Slots:0 Parallelism:0.5
2018-07-20 09:41:46 parsl.dataflow.strategy:175 [DEBUG]  Tasks:0 Slots:0 Parallelism:0.5
2018-07-20 09:41:47 parsl.dataflow.strategy:175 [DEBUG]  Tasks:0 Slots:0 Parallelism:0.5
2018-07-20 09:41:49 parsl.dataflow.strategy:175 [DEBUG]  Tasks:0 Slots:0 Parallelism:0.5
2018-07-20 09:41:49 parsl.dataflow.strategy:175 [DEBUG]  Tasks:0 Slots:0 Parallelism:0.5
2018-07-20 09:41:50 parsl.dataflow.strategy:175 [DEBUG]  Tasks:0 Slots:1 Parallelism:0.5
2018-07-20 09:41:51 parsl.dataflow.strategy:175 [DEBUG]  Tasks:0 Slots:0 Parallelism:0.5
2018-07-20 09:41:51 parsl.dataflow.strategy:175 [DEBUG]  Tasks:0 Slots:0 Parallelism:0.5
2018-07-20 09:41:52 parsl.dataflow.strategy:175 [DEBUG]  Tasks:0 Slots:0 Parallelism:0.5
2018-07-20 09:41:54 parsl.dataflow.strategy:175 [DEBUG]  Tasks:0 Slots:0 Parallelism:0.5
2018-07-20 09:41:54 parsl.dataflow.strategy:175 [DEBUG]  Tasks:0 Slots:0 Parallelism:0.5
2018-07-20 09:41:55 parsl.dataflow.strategy:175 [DEBUG]  Tasks:0 Slots:1 Parallelism:0.5
2018-07-20 09:41:56 parsl.dataflow.strategy:175 [DEBUG]  Tasks:0 Slots:0 Parallelism:0.5
2018-07-20 09:41:56 parsl.dataflow.strategy:175 [DEBUG]  Tasks:0 Slots:0 Parallelism:0.5
2018-07-20 09:41:57 parsl.dataflow.strategy:175 [DEBUG]  Tasks:0 Slots:0 Parallelism:0.5
2018-07-20 09:41:59 parsl.dataflow.strategy:175 [DEBUG]  Tasks:0 Slots:0 Parallelism:0.5
2018-07-20 09:41:59 parsl.dataflow.strategy:175 [DEBUG]  Tasks:0 Slots:0 Parallelism:0.5
2018-07-20 09:42:00 parsl.dataflow.strategy:175 [DEBUG]  Tasks:0 Slots:1 Parallelism:0.5
2018-07-20 09:42:01 parsl.dataflow.strategy:175 [DEBUG]  Tasks:0 Slots:0 Parallelism:0.5
2018-07-20 09:42:01 parsl.dataflow.strategy:175 [DEBUG]  Tasks:0 Slots:0 Parallelism:0.5
2018-07-20 09:42:02 parsl.dataflow.strategy:175 [DEBUG]  Tasks:0 Slots:0 Parallelism:0.5
2018-07-20 09:42:04 parsl.dataflow.strategy:175 [DEBUG]  Tasks:0 Slots:0 Parallelism:0.5
2018-07-20 09:42:04 parsl.dataflow.strategy:175 [DEBUG]  Tasks:0 Slots:0 Parallelism:0.5
2018-07-20 09:42:05 parsl.dataflow.strategy:175 [DEBUG]  Tasks:0 Slots:1 Parallelism:0.5
2018-07-20 09:42:06 parsl.dataflow.strategy:175 [DEBUG]  Tasks:0 Slots:0 Parallelism:0.5
2018-07-20 09:42:06 parsl.dataflow.strategy:175 [DEBUG]  Tasks:0 Slots:0 Parallelism:0.5
2018-07-20 09:42:07 parsl.dataflow.strategy:175 [DEBUG]  Tasks:0 Slots:0 Parallelism:0.5
2018-07-20 09:42:09 parsl.dataflow.strategy:175 [DEBUG]  Tasks:0 Slots:0 Parallelism:0.5
2018-07-20 09:42:09 parsl.dataflow.strategy:175 [DEBUG]  Tasks:0 Slots:0 Parallelism:0.5
2018-07-20 09:42:10 parsl.dataflow.strategy:175 [DEBUG]  Tasks:0 Slots:1 Parallelism:0.5
2018-07-20 09:42:13 parsl.dataflow.strategy:175 [DEBUG]  Tasks:0 Slots:0 Parallelism:0.5
2018-07-20 09:42:13 parsl.dataflow.strategy:175 [DEBUG]  Tasks:0 Slots:0 Parallelism:0.5
2018-07-20 09:42:13 parsl.dataflow.strategy:175 [DEBUG]  Tasks:0 Slots:0 Parallelism:0.5
2018-07-20 09:42:16 parsl.dataflow.strategy:175 [DEBUG]  Tasks:0 Slots:0 Parallelism:0.5
2018-07-20 09:42:16 parsl.dataflow.strategy:175 [DEBUG]  Tasks:0 Slots:0 Parallelism:0.5
2018-07-20 09:42:16 parsl.dataflow.strategy:175 [DEBUG]  Tasks:0 Slots:1 Parallelism:0.5
2018-07-20 09:42:16 parsl.dataflow.strategy:175 [DEBUG]  Tasks:0 Slots:0 Parallelism:0.5
2018-07-20 09:42:16 parsl.dataflow.strategy:175 [DEBUG]  Tasks:0 Slots:0 Parallelism:0.5
2018-07-20 09:42:17 parsl.dataflow.strategy:175 [DEBUG]  Tasks:0 Slots:0 Parallelism:0.5
2018-07-20 09:42:19 parsl.dataflow.strategy:175 [DEBUG]  Tasks:0 Slots:0 Parallelism:0.5
2018-07-20 09:42:19 parsl.dataflow.strategy:175 [DEBUG]  Tasks:0 Slots:0 Parallelism:0.5
2018-07-20 09:42:20 parsl.dataflow.strategy:175 [DEBUG]  Tasks:0 Slots:1 Parallelism:0.5
2018-07-20 09:42:21 parsl.dataflow.strategy:175 [DEBUG]  Tasks:0 Slots:0 Parallelism:0.5
2018-07-20 09:42:21 parsl.dataflow.strategy:175 [DEBUG]  Tasks:0 Slots:0 Parallelism:0.5
2018-07-20 09:42:22 parsl.dataflow.strategy:175 [DEBUG]  Tasks:0 Slots:0 Parallelism:0.5
2018-07-20 09:42:24 parsl.dataflow.strategy:175 [DEBUG]  Tasks:0 Slots:0 Parallelism:0.5
2018-07-20 09:42:24 parsl.dataflow.strategy:175 [DEBUG]  Tasks:0 Slots:0 Parallelism:0.5
2018-07-20 09:42:25 parsl.dataflow.strategy:175 [DEBUG]  Tasks:0 Slots:1 Parallelism:0.5
2018-07-20 09:42:26 parsl.dataflow.strategy:175 [DEBUG]  Tasks:0 Slots:0 Parallelism:0.5
2018-07-20 09:42:26 parsl.dataflow.strategy:175 [DEBUG]  Tasks:0 Slots:0 Parallelism:0.5
2018-07-20 09:42:27 parsl.dataflow.strategy:175 [DEBUG]  Tasks:0 Slots:0 Parallelism:0.5
2018-07-20 09:42:29 parsl.dataflow.strategy:175 [DEBUG]  Tasks:0 Slots:0 Parallelism:0.5
2018-07-20 09:42:29 parsl.dataflow.strategy:175 [DEBUG]  Tasks:0 Slots:0 Parallelism:0.5
2018-07-20 09:42:30 parsl.dataflow.strategy:175 [DEBUG]  Tasks:0 Slots:1 Parallelism:0.5
2018-07-20 09:42:31 parsl.dataflow.strategy:175 [DEBUG]  Tasks:0 Slots:0 Parallelism:0.5
2018-07-20 09:42:31 parsl.dataflow.strategy:175 [DEBUG]  Tasks:0 Slots:0 Parallelism:0.5
2018-07-20 09:42:32 parsl.dataflow.strategy:175 [DEBUG]  Tasks:0 Slots:0 Parallelism:0.5
2018-07-20 09:42:34 parsl.dataflow.strategy:175 [DEBUG]  Tasks:0 Slots:0 Parallelism:0.5
2018-07-20 09:42:34 parsl.dataflow.strategy:175 [DEBUG]  Tasks:0 Slots:0 Parallelism:0.5
2018-07-20 09:42:35 parsl.dataflow.strategy:175 [DEBUG]  Tasks:0 Slots:1 Parallelism:0.5
2018-07-20 09:42:36 parsl.dataflow.strategy:175 [DEBUG]  Tasks:0 Slots:0 Parallelism:0.5
2018-07-20 09:42:36 parsl.dataflow.strategy:175 [DEBUG]  Tasks:0 Slots:0 Parallelism:0.5
2018-07-20 09:42:37 parsl.dataflow.strategy:175 [DEBUG]  Tasks:0 Slots:0 Parallelism:0.5
2018-07-20 09:42:39 parsl.dataflow.strategy:175 [DEBUG]  Tasks:0 Slots:0 Parallelism:0.5
2018-07-20 09:42:39 parsl.dataflow.strategy:175 [DEBUG]  Tasks:0 Slots:0 Parallelism:0.5
2018-07-20 09:42:40 parsl.dataflow.strategy:175 [DEBUG]  Tasks:0 Slots:1 Parallelism:0.5
2018-07-20 09:42:41 parsl.dataflow.strategy:175 [DEBUG]  Tasks:0 Slots:0 Parallelism:0.5
2018-07-20 09:42:41 parsl.dataflow.strategy:175 [DEBUG]  Tasks:0 Slots:0 Parallelism:0.5
2018-07-20 09:42:42 parsl.dataflow.strategy:175 [DEBUG]  Tasks:0 Slots:0 Parallelism:0.5
2018-07-20 09:42:44 parsl.dataflow.strategy:175 [DEBUG]  Tasks:0 Slots:0 Parallelism:0.5
2018-07-20 09:42:44 parsl.dataflow.strategy:175 [DEBUG]  Tasks:0 Slots:0 Parallelism:0.5
2018-07-20 09:42:45 parsl.dataflow.strategy:175 [DEBUG]  Tasks:0 Slots:1 Parallelism:0.5
2018-07-20 09:42:48 parsl.dataflow.strategy:175 [DEBUG]  Tasks:0 Slots:0 Parallelism:0.5
2018-07-20 09:42:48 parsl.dataflow.strategy:175 [DEBUG]  Tasks:0 Slots:0 Parallelism:0.5
2018-07-20 09:42:48 parsl.dataflow.strategy:175 [DEBUG]  Tasks:0 Slots:0 Parallelism:0.5
2018-07-20 09:42:50 parsl.dataflow.strategy:175 [DEBUG]  Tasks:0 Slots:0 Parallelism:0.5
2018-07-20 09:42:50 parsl.dataflow.strategy:175 [DEBUG]  Tasks:0 Slots:0 Parallelism:0.5
2018-07-20 09:42:50 parsl.dataflow.strategy:175 [DEBUG]  Tasks:0 Slots:1 Parallelism:0.5
2018-07-20 09:42:51 parsl.dataflow.strategy:175 [DEBUG]  Tasks:0 Slots:0 Parallelism:0.5
2018-07-20 09:42:51 parsl.dataflow.strategy:175 [DEBUG]  Tasks:0 Slots:0 Parallelism:0.5
2018-07-20 09:42:52 parsl.dataflow.strategy:175 [DEBUG]  Tasks:0 Slots:0 Parallelism:0.5
2018-07-20 09:42:54 parsl.dataflow.strategy:175 [DEBUG]  Tasks:0 Slots:0 Parallelism:0.5
2018-07-20 09:42:54 parsl.dataflow.strategy:175 [DEBUG]  Tasks:0 Slots:0 Parallelism:0.5
2018-07-20 09:42:55 parsl.dataflow.strategy:175 [DEBUG]  Tasks:0 Slots:1 Parallelism:0.5
2018-07-20 09:42:56 parsl.dataflow.strategy:175 [DEBUG]  Tasks:0 Slots:0 Parallelism:0.5
2018-07-20 09:42:56 parsl.dataflow.strategy:175 [DEBUG]  Tasks:0 Slots:0 Parallelism:0.5
2018-07-20 09:42:57 parsl.dataflow.strategy:175 [DEBUG]  Tasks:0 Slots:0 Parallelism:0.5
2018-07-20 09:42:59 parsl.dataflow.strategy:175 [DEBUG]  Tasks:0 Slots:0 Parallelism:0.5
2018-07-20 09:42:59 parsl.dataflow.strategy:175 [DEBUG]  Tasks:0 Slots:0 Parallelism:0.5
2018-07-20 09:43:00 parsl.dataflow.strategy:175 [DEBUG]  Tasks:0 Slots:1 Parallelism:0.5
2018-07-20 09:43:01 parsl.dataflow.strategy:175 [DEBUG]  Tasks:0 Slots:0 Parallelism:0.5
2018-07-20 09:43:02 parsl.dataflow.strategy:175 [DEBUG]  Tasks:0 Slots:0 Parallelism:0.5
2018-07-20 09:43:02 parsl.dataflow.strategy:175 [DEBUG]  Tasks:0 Slots:0 Parallelism:0.5
2018-07-20 09:43:04 parsl.dataflow.strategy:175 [DEBUG]  Tasks:0 Slots:0 Parallelism:0.5
2018-07-20 09:43:04 parsl.dataflow.strategy:175 [DEBUG]  Tasks:0 Slots:0 Parallelism:0.5
2018-07-20 09:43:05 parsl.dataflow.strategy:175 [DEBUG]  Tasks:0 Slots:1 Parallelism:0.5
2018-07-20 09:43:06 parsl.dataflow.strategy:175 [DEBUG]  Tasks:0 Slots:0 Parallelism:0.5
2018-07-20 09:43:06 parsl.dataflow.strategy:175 [DEBUG]  Tasks:0 Slots:0 Parallelism:0.5
2018-07-20 09:43:07 parsl.dataflow.strategy:175 [DEBUG]  Tasks:0 Slots:0 Parallelism:0.5
2018-07-20 09:43:09 parsl.dataflow.strategy:175 [DEBUG]  Tasks:0 Slots:0 Parallelism:0.5
2018-07-20 09:43:09 parsl.dataflow.strategy:175 [DEBUG]  Tasks:0 Slots:0 Parallelism:0.5
2018-07-20 09:43:10 parsl.dataflow.strategy:175 [DEBUG]  Tasks:0 Slots:1 Parallelism:0.5
2018-07-20 09:43:11 parsl.dataflow.strategy:175 [DEBUG]  Tasks:0 Slots:0 Parallelism:0.5
2018-07-20 09:43:11 parsl.dataflow.strategy:175 [DEBUG]  Tasks:0 Slots:0 Parallelism:0.5
2018-07-20 09:43:12 parsl.dataflow.strategy:175 [DEBUG]  Tasks:0 Slots:0 Parallelism:0.5
2018-07-20 09:43:14 parsl.dataflow.strategy:175 [DEBUG]  Tasks:0 Slots:0 Parallelism:0.5
2018-07-20 09:43:14 parsl.dataflow.strategy:175 [DEBUG]  Tasks:0 Slots:0 Parallelism:0.5
2018-07-20 09:43:15 parsl.dataflow.strategy:175 [DEBUG]  Tasks:0 Slots:1 Parallelism:0.5
2018-07-20 09:43:16 parsl.dataflow.strategy:175 [DEBUG]  Tasks:0 Slots:0 Parallelism:0.5
2018-07-20 09:43:16 parsl.dataflow.strategy:175 [DEBUG]  Tasks:0 Slots:0 Parallelism:0.5
2018-07-20 09:43:17 parsl.dataflow.strategy:175 [DEBUG]  Tasks:0 Slots:0 Parallelism:0.5
2018-07-20 09:43:19 parsl.dataflow.strategy:175 [DEBUG]  Tasks:0 Slots:0 Parallelism:0.5
2018-07-20 09:43:19 parsl.dataflow.strategy:175 [DEBUG]  Tasks:0 Slots:0 Parallelism:0.5
2018-07-20 09:43:22 parsl.dataflow.strategy:175 [DEBUG]  Tasks:0 Slots:1 Parallelism:0.5
2018-07-20 09:43:22 parsl.dataflow.strategy:175 [DEBUG]  Tasks:0 Slots:0 Parallelism:0.5
2018-07-20 09:43:22 parsl.dataflow.strategy:175 [DEBUG]  Tasks:0 Slots:0 Parallelism:0.5
2018-07-20 09:43:22 parsl.dataflow.strategy:175 [DEBUG]  Tasks:0 Slots:0 Parallelism:0.5
2018-07-20 09:43:25 parsl.dataflow.strategy:175 [DEBUG]  Tasks:0 Slots:0 Parallelism:0.5
2018-07-20 09:43:25 parsl.dataflow.strategy:175 [DEBUG]  Tasks:0 Slots:0 Parallelism:0.5
2018-07-20 09:43:25 parsl.dataflow.strategy:175 [DEBUG]  Tasks:0 Slots:1 Parallelism:0.5
2018-07-20 09:43:26 parsl.dataflow.strategy:175 [DEBUG]  Tasks:0 Slots:0 Parallelism:0.5
2018-07-20 09:43:26 parsl.dataflow.strategy:175 [DEBUG]  Tasks:0 Slots:0 Parallelism:0.5
2018-07-20 09:43:27 parsl.dataflow.strategy:175 [DEBUG]  Tasks:0 Slots:0 Parallelism:0.5
2018-07-20 09:43:29 parsl.dataflow.strategy:175 [DEBUG]  Tasks:0 Slots:0 Parallelism:0.5
2018-07-20 09:43:29 parsl.dataflow.strategy:175 [DEBUG]  Tasks:0 Slots:0 Parallelism:0.5
2018-07-20 09:43:30 parsl.dataflow.strategy:175 [DEBUG]  Tasks:0 Slots:1 Parallelism:0.5
2018-07-20 09:43:31 parsl.dataflow.strategy:175 [DEBUG]  Tasks:0 Slots:0 Parallelism:0.5
2018-07-20 09:43:31 parsl.dataflow.strategy:175 [DEBUG]  Tasks:0 Slots:0 Parallelism:0.5
2018-07-20 09:43:32 parsl.dataflow.strategy:175 [DEBUG]  Tasks:0 Slots:0 Parallelism:0.5
2018-07-20 09:43:34 parsl.dataflow.strategy:175 [DEBUG]  Tasks:0 Slots:0 Parallelism:0.5
2018-07-20 09:43:34 parsl.dataflow.strategy:175 [DEBUG]  Tasks:0 Slots:0 Parallelism:0.5
2018-07-20 09:43:35 parsl.dataflow.strategy:175 [DEBUG]  Tasks:0 Slots:1 Parallelism:0.5
2018-07-20 09:43:36 parsl.dataflow.strategy:175 [DEBUG]  Tasks:0 Slots:0 Parallelism:0.5
2018-07-20 09:43:36 parsl.dataflow.strategy:175 [DEBUG]  Tasks:0 Slots:0 Parallelism:0.5
2018-07-20 09:43:37 parsl.dataflow.strategy:175 [DEBUG]  Tasks:0 Slots:0 Parallelism:0.5
2018-07-20 09:43:39 parsl.dataflow.strategy:175 [DEBUG]  Tasks:0 Slots:0 Parallelism:0.5
2018-07-20 09:43:39 parsl.dataflow.strategy:175 [DEBUG]  Tasks:0 Slots:0 Parallelism:0.5
2018-07-20 09:43:40 parsl.dataflow.strategy:175 [DEBUG]  Tasks:0 Slots:1 Parallelism:0.5
2018-07-20 09:43:41 parsl.dataflow.strategy:175 [DEBUG]  Tasks:0 Slots:0 Parallelism:0.5
2018-07-20 09:43:41 parsl.dataflow.strategy:175 [DEBUG]  Tasks:0 Slots:0 Parallelism:0.5
2018-07-20 09:43:42 parsl.dataflow.strategy:175 [DEBUG]  Tasks:0 Slots:0 Parallelism:0.5
2018-07-20 09:43:44 parsl.dataflow.strategy:175 [DEBUG]  Tasks:0 Slots:0 Parallelism:0.5
2018-07-20 09:43:44 parsl.dataflow.strategy:175 [DEBUG]  Tasks:0 Slots:0 Parallelism:0.5
2018-07-20 09:43:45 parsl.dataflow.strategy:175 [DEBUG]  Tasks:0 Slots:1 Parallelism:0.5
2018-07-20 09:43:46 parsl.dataflow.strategy:175 [DEBUG]  Tasks:0 Slots:0 Parallelism:0.5
2018-07-20 09:43:46 parsl.dataflow.strategy:175 [DEBUG]  Tasks:0 Slots:0 Parallelism:0.5
2018-07-20 09:43:47 parsl.dataflow.strategy:175 [DEBUG]  Tasks:0 Slots:0 Parallelism:0.5
2018-07-20 09:43:49 parsl.dataflow.strategy:175 [DEBUG]  Tasks:0 Slots:0 Parallelism:0.5
2018-07-20 09:43:49 parsl.dataflow.strategy:175 [DEBUG]  Tasks:0 Slots:0 Parallelism:0.5
2018-07-20 09:43:50 parsl.dataflow.strategy:175 [DEBUG]  Tasks:0 Slots:1 Parallelism:0.5
2018-07-20 09:43:51 parsl.dataflow.strategy:175 [DEBUG]  Tasks:0 Slots:0 Parallelism:0.5
2018-07-20 09:43:51 parsl.dataflow.strategy:175 [DEBUG]  Tasks:0 Slots:0 Parallelism:0.5
2018-07-20 09:43:52 parsl.dataflow.strategy:175 [DEBUG]  Tasks:0 Slots:0 Parallelism:0.5
2018-07-20 09:43:54 parsl.dataflow.strategy:175 [DEBUG]  Tasks:0 Slots:0 Parallelism:0.5
2018-07-20 09:43:54 parsl.dataflow.strategy:175 [DEBUG]  Tasks:0 Slots:0 Parallelism:0.5
2018-07-20 09:43:57 parsl.dataflow.strategy:175 [DEBUG]  Tasks:0 Slots:0 Parallelism:0.5
2018-07-20 09:43:57 parsl.dataflow.strategy:175 [DEBUG]  Tasks:0 Slots:1 Parallelism:0.5
2018-07-20 09:43:57 parsl.dataflow.strategy:175 [DEBUG]  Tasks:0 Slots:0 Parallelism:0.5
2018-07-20 09:43:57 parsl.dataflow.strategy:175 [DEBUG]  Tasks:0 Slots:0 Parallelism:0.5
2018-07-20 09:43:59 parsl.dataflow.strategy:175 [DEBUG]  Tasks:0 Slots:0 Parallelism:0.5
2018-07-20 09:43:59 parsl.dataflow.strategy:175 [DEBUG]  Tasks:0 Slots:0 Parallelism:0.5
2018-07-20 09:44:00 parsl.dataflow.strategy:175 [DEBUG]  Tasks:0 Slots:1 Parallelism:0.5
2018-07-20 09:44:01 parsl.dataflow.strategy:175 [DEBUG]  Tasks:0 Slots:0 Parallelism:0.5
2018-07-20 09:44:01 parsl.dataflow.strategy:175 [DEBUG]  Tasks:0 Slots:0 Parallelism:0.5
2018-07-20 09:44:02 parsl.dataflow.strategy:175 [DEBUG]  Tasks:0 Slots:0 Parallelism:0.5
2018-07-20 09:44:04 parsl.dataflow.strategy:175 [DEBUG]  Tasks:0 Slots:0 Parallelism:0.5
2018-07-20 09:44:04 parsl.dataflow.strategy:175 [DEBUG]  Tasks:0 Slots:0 Parallelism:0.5
2018-07-20 09:44:05 parsl.dataflow.strategy:175 [DEBUG]  Tasks:0 Slots:1 Parallelism:0.5
2018-07-20 09:44:06 parsl.dataflow.strategy:175 [DEBUG]  Tasks:0 Slots:0 Parallelism:0.5
2018-07-20 09:44:06 parsl.dataflow.strategy:175 [DEBUG]  Tasks:0 Slots:0 Parallelism:0.5
2018-07-20 09:44:07 parsl.dataflow.strategy:175 [DEBUG]  Tasks:0 Slots:0 Parallelism:0.5
2018-07-20 09:44:09 parsl.dataflow.strategy:175 [DEBUG]  Tasks:0 Slots:0 Parallelism:0.5
2018-07-20 09:44:09 parsl.dataflow.strategy:175 [DEBUG]  Tasks:0 Slots:0 Parallelism:0.5
2018-07-20 09:44:10 parsl.dataflow.strategy:175 [DEBUG]  Tasks:0 Slots:1 Parallelism:0.5
2018-07-20 09:44:11 parsl.dataflow.strategy:175 [DEBUG]  Tasks:0 Slots:0 Parallelism:0.5
2018-07-20 09:44:11 parsl.dataflow.strategy:175 [DEBUG]  Tasks:0 Slots:0 Parallelism:0.5
2018-07-20 09:44:12 parsl.dataflow.strategy:175 [DEBUG]  Tasks:0 Slots:0 Parallelism:0.5
2018-07-20 09:44:14 parsl.dataflow.strategy:175 [DEBUG]  Tasks:0 Slots:0 Parallelism:0.5
2018-07-20 09:44:14 parsl.dataflow.strategy:175 [DEBUG]  Tasks:0 Slots:0 Parallelism:0.5
2018-07-20 09:44:15 parsl.dataflow.strategy:175 [DEBUG]  Tasks:0 Slots:1 Parallelism:0.5
2018-07-20 09:44:16 parsl.dataflow.strategy:175 [DEBUG]  Tasks:0 Slots:0 Parallelism:0.5
2018-07-20 09:44:16 parsl.dataflow.strategy:175 [DEBUG]  Tasks:0 Slots:0 Parallelism:0.5
2018-07-20 09:44:17 parsl.dataflow.strategy:175 [DEBUG]  Tasks:0 Slots:0 Parallelism:0.5
2018-07-20 09:44:19 parsl.dataflow.strategy:175 [DEBUG]  Tasks:0 Slots:0 Parallelism:0.5
2018-07-20 09:44:19 parsl.dataflow.strategy:175 [DEBUG]  Tasks:0 Slots:0 Parallelism:0.5
2018-07-20 09:44:20 parsl.dataflow.strategy:175 [DEBUG]  Tasks:0 Slots:1 Parallelism:0.5
2018-07-20 09:44:21 parsl.dataflow.strategy:175 [DEBUG]  Tasks:0 Slots:0 Parallelism:0.5
2018-07-20 09:44:21 parsl.dataflow.strategy:175 [DEBUG]  Tasks:0 Slots:0 Parallelism:0.5
2018-07-20 09:44:22 parsl.dataflow.strategy:175 [DEBUG]  Tasks:0 Slots:0 Parallelism:0.5
2018-07-20 09:44:24 parsl.dataflow.strategy:175 [DEBUG]  Tasks:0 Slots:0 Parallelism:0.5
2018-07-20 09:44:24 parsl.dataflow.strategy:175 [DEBUG]  Tasks:0 Slots:0 Parallelism:0.5
2018-07-20 09:44:25 parsl.dataflow.strategy:175 [DEBUG]  Tasks:0 Slots:1 Parallelism:0.5
2018-07-20 09:44:26 parsl.dataflow.strategy:175 [DEBUG]  Tasks:0 Slots:0 Parallelism:0.5
2018-07-20 09:44:26 parsl.dataflow.strategy:175 [DEBUG]  Tasks:0 Slots:0 Parallelism:0.5
2018-07-20 09:44:27 parsl.dataflow.strategy:175 [DEBUG]  Tasks:0 Slots:0 Parallelism:0.5
2018-07-20 09:44:29 parsl.dataflow.strategy:175 [DEBUG]  Tasks:0 Slots:0 Parallelism:0.5
2018-07-20 09:44:29 parsl.dataflow.strategy:175 [DEBUG]  Tasks:0 Slots:0 Parallelism:0.5
2018-07-20 09:44:31 parsl.dataflow.strategy:175 [DEBUG]  Tasks:0 Slots:1 Parallelism:0.5
2018-07-20 09:44:31 parsl.dataflow.strategy:175 [DEBUG]  Tasks:0 Slots:0 Parallelism:0.5
2018-07-20 09:44:31 parsl.dataflow.strategy:175 [DEBUG]  Tasks:0 Slots:0 Parallelism:0.5
2018-07-20 09:44:34 parsl.dataflow.strategy:175 [DEBUG]  Tasks:0 Slots:0 Parallelism:0.5
2018-07-20 09:44:34 parsl.dataflow.strategy:175 [DEBUG]  Tasks:0 Slots:0 Parallelism:0.5
2018-07-20 09:44:34 parsl.dataflow.strategy:175 [DEBUG]  Tasks:0 Slots:0 Parallelism:0.5
2018-07-20 09:44:35 parsl.dataflow.strategy:175 [DEBUG]  Tasks:0 Slots:1 Parallelism:0.5
2018-07-20 09:44:36 parsl.dataflow.strategy:175 [DEBUG]  Tasks:0 Slots:0 Parallelism:0.5
2018-07-20 09:44:36 parsl.dataflow.strategy:175 [DEBUG]  Tasks:0 Slots:0 Parallelism:0.5
2018-07-20 09:44:37 parsl.dataflow.strategy:175 [DEBUG]  Tasks:0 Slots:0 Parallelism:0.5
2018-07-20 09:44:39 parsl.dataflow.strategy:175 [DEBUG]  Tasks:0 Slots:0 Parallelism:0.5
2018-07-20 09:44:39 parsl.dataflow.strategy:175 [DEBUG]  Tasks:0 Slots:0 Parallelism:0.5
2018-07-20 09:44:40 parsl.dataflow.strategy:175 [DEBUG]  Tasks:0 Slots:1 Parallelism:0.5
2018-07-20 09:44:41 parsl.dataflow.strategy:175 [DEBUG]  Tasks:0 Slots:0 Parallelism:0.5
2018-07-20 09:44:41 parsl.dataflow.strategy:175 [DEBUG]  Tasks:0 Slots:0 Parallelism:0.5
2018-07-20 09:44:42 parsl.dataflow.strategy:175 [DEBUG]  Tasks:0 Slots:0 Parallelism:0.5
2018-07-20 09:44:44 parsl.dataflow.strategy:175 [DEBUG]  Tasks:0 Slots:0 Parallelism:0.5
2018-07-20 09:44:44 parsl.dataflow.strategy:175 [DEBUG]  Tasks:0 Slots:0 Parallelism:0.5
2018-07-20 09:44:45 parsl.dataflow.strategy:175 [DEBUG]  Tasks:0 Slots:1 Parallelism:0.5
2018-07-20 09:44:46 parsl.dataflow.strategy:175 [DEBUG]  Tasks:0 Slots:0 Parallelism:0.5
2018-07-20 09:44:46 parsl.dataflow.strategy:175 [DEBUG]  Tasks:0 Slots:0 Parallelism:0.5
2018-07-20 09:44:47 parsl.dataflow.strategy:175 [DEBUG]  Tasks:0 Slots:0 Parallelism:0.5
2018-07-20 09:44:49 parsl.dataflow.strategy:175 [DEBUG]  Tasks:0 Slots:0 Parallelism:0.5
2018-07-20 09:44:49 parsl.dataflow.strategy:175 [DEBUG]  Tasks:0 Slots:0 Parallelism:0.5
2018-07-20 09:44:50 parsl.dataflow.strategy:175 [DEBUG]  Tasks:0 Slots:1 Parallelism:0.5
2018-07-20 09:44:51 parsl.dataflow.strategy:175 [DEBUG]  Tasks:0 Slots:0 Parallelism:0.5
2018-07-20 09:44:51 parsl.dataflow.strategy:175 [DEBUG]  Tasks:0 Slots:0 Parallelism:0.5
2018-07-20 09:44:52 parsl.dataflow.strategy:175 [DEBUG]  Tasks:0 Slots:0 Parallelism:0.5
2018-07-20 09:44:54 parsl.dataflow.strategy:175 [DEBUG]  Tasks:0 Slots:0 Parallelism:0.5
2018-07-20 09:44:54 parsl.dataflow.strategy:175 [DEBUG]  Tasks:0 Slots:0 Parallelism:0.5
2018-07-20 09:44:55 parsl.dataflow.strategy:175 [DEBUG]  Tasks:0 Slots:1 Parallelism:0.5
2018-07-20 09:44:56 parsl.dataflow.strategy:175 [DEBUG]  Tasks:0 Slots:0 Parallelism:0.5
2018-07-20 09:44:56 parsl.dataflow.strategy:175 [DEBUG]  Tasks:0 Slots:0 Parallelism:0.5
2018-07-20 09:44:57 parsl.dataflow.strategy:175 [DEBUG]  Tasks:0 Slots:0 Parallelism:0.5
2018-07-20 09:44:59 parsl.dataflow.strategy:175 [DEBUG]  Tasks:0 Slots:0 Parallelism:0.5
2018-07-20 09:44:59 parsl.dataflow.strategy:175 [DEBUG]  Tasks:0 Slots:0 Parallelism:0.5
2018-07-20 09:45:00 parsl.dataflow.strategy:175 [DEBUG]  Tasks:0 Slots:1 Parallelism:0.5
2018-07-20 09:45:01 parsl.dataflow.strategy:175 [DEBUG]  Tasks:0 Slots:0 Parallelism:0.5
2018-07-20 09:45:01 parsl.dataflow.strategy:175 [DEBUG]  Tasks:0 Slots:0 Parallelism:0.5
2018-07-20 09:45:02 parsl.dataflow.strategy:175 [DEBUG]  Tasks:0 Slots:0 Parallelism:0.5
2018-07-20 09:45:06 parsl.dataflow.strategy:175 [DEBUG]  Tasks:0 Slots:1 Parallelism:0.5
2018-07-20 09:45:06 parsl.dataflow.strategy:175 [DEBUG]  Tasks:0 Slots:0 Parallelism:0.5
2018-07-20 09:45:06 parsl.dataflow.strategy:175 [DEBUG]  Tasks:0 Slots:0 Parallelism:0.5
2018-07-20 09:45:08 parsl.dataflow.strategy:175 [DEBUG]  Tasks:0 Slots:0 Parallelism:0.5
2018-07-20 09:45:08 parsl.dataflow.strategy:175 [DEBUG]  Tasks:0 Slots:0 Parallelism:0.5
2018-07-20 09:45:08 parsl.dataflow.strategy:175 [DEBUG]  Tasks:0 Slots:0 Parallelism:0.5
2018-07-20 09:45:09 parsl.dataflow.strategy:175 [DEBUG]  Tasks:0 Slots:0 Parallelism:0.5
2018-07-20 09:45:09 parsl.dataflow.strategy:175 [DEBUG]  Tasks:0 Slots:0 Parallelism:0.5
2018-07-20 09:45:10 parsl.dataflow.strategy:175 [DEBUG]  Tasks:0 Slots:1 Parallelism:0.5
2018-07-20 09:45:11 parsl.dataflow.strategy:175 [DEBUG]  Tasks:0 Slots:0 Parallelism:0.5
2018-07-20 09:45:11 parsl.dataflow.strategy:175 [DEBUG]  Tasks:0 Slots:0 Parallelism:0.5
2018-07-20 09:45:12 parsl.dataflow.strategy:175 [DEBUG]  Tasks:0 Slots:0 Parallelism:0.5
2018-07-20 09:45:14 parsl.dataflow.strategy:175 [DEBUG]  Tasks:0 Slots:0 Parallelism:0.5
2018-07-20 09:45:14 parsl.dataflow.strategy:175 [DEBUG]  Tasks:0 Slots:0 Parallelism:0.5
2018-07-20 09:45:15 parsl.dataflow.strategy:175 [DEBUG]  Tasks:0 Slots:1 Parallelism:0.5
2018-07-20 09:45:16 parsl.dataflow.strategy:175 [DEBUG]  Tasks:0 Slots:0 Parallelism:0.5
2018-07-20 09:45:16 parsl.dataflow.strategy:175 [DEBUG]  Tasks:0 Slots:0 Parallelism:0.5
2018-07-20 09:45:17 parsl.dataflow.strategy:175 [DEBUG]  Tasks:0 Slots:0 Parallelism:0.5
2018-07-20 09:45:19 parsl.dataflow.strategy:175 [DEBUG]  Tasks:0 Slots:0 Parallelism:0.5
2018-07-20 09:45:19 parsl.dataflow.strategy:175 [DEBUG]  Tasks:0 Slots:0 Parallelism:0.5
2018-07-20 09:45:20 parsl.dataflow.strategy:175 [DEBUG]  Tasks:0 Slots:1 Parallelism:0.5
2018-07-20 09:45:21 parsl.dataflow.strategy:175 [DEBUG]  Tasks:0 Slots:0 Parallelism:0.5
2018-07-20 09:45:21 parsl.dataflow.strategy:175 [DEBUG]  Tasks:0 Slots:0 Parallelism:0.5
2018-07-20 09:45:22 parsl.dataflow.strategy:175 [DEBUG]  Tasks:0 Slots:0 Parallelism:0.5
2018-07-20 09:45:24 parsl.dataflow.strategy:175 [DEBUG]  Tasks:0 Slots:0 Parallelism:0.5
2018-07-20 09:45:24 parsl.dataflow.strategy:175 [DEBUG]  Tasks:0 Slots:0 Parallelism:0.5
2018-07-20 09:45:25 parsl.dataflow.strategy:175 [DEBUG]  Tasks:0 Slots:1 Parallelism:0.5
2018-07-20 09:45:26 parsl.dataflow.strategy:175 [DEBUG]  Tasks:0 Slots:0 Parallelism:0.5
2018-07-20 09:45:26 parsl.dataflow.strategy:175 [DEBUG]  Tasks:0 Slots:0 Parallelism:0.5
2018-07-20 09:45:27 parsl.dataflow.strategy:175 [DEBUG]  Tasks:0 Slots:0 Parallelism:0.5
2018-07-20 09:45:29 parsl.dataflow.strategy:175 [DEBUG]  Tasks:0 Slots:0 Parallelism:0.5
2018-07-20 09:45:29 parsl.dataflow.strategy:175 [DEBUG]  Tasks:0 Slots:0 Parallelism:0.5
2018-07-20 09:45:30 parsl.dataflow.strategy:175 [DEBUG]  Tasks:0 Slots:1 Parallelism:0.5
2018-07-20 09:45:31 parsl.dataflow.strategy:175 [DEBUG]  Tasks:0 Slots:0 Parallelism:0.5
2018-07-20 09:45:31 parsl.dataflow.strategy:175 [DEBUG]  Tasks:0 Slots:0 Parallelism:0.5
2018-07-20 09:45:32 parsl.dataflow.strategy:175 [DEBUG]  Tasks:0 Slots:0 Parallelism:0.5
2018-07-20 09:45:34 parsl.dataflow.strategy:175 [DEBUG]  Tasks:0 Slots:0 Parallelism:0.5
2018-07-20 09:45:34 parsl.dataflow.strategy:175 [DEBUG]  Tasks:0 Slots:0 Parallelism:0.5
2018-07-20 09:45:35 parsl.dataflow.strategy:175 [DEBUG]  Tasks:0 Slots:1 Parallelism:0.5
2018-07-20 09:45:36 parsl.dataflow.strategy:175 [DEBUG]  Tasks:0 Slots:0 Parallelism:0.5
2018-07-20 09:45:36 parsl.dataflow.strategy:175 [DEBUG]  Tasks:0 Slots:0 Parallelism:0.5
2018-07-20 09:45:37 parsl.dataflow.strategy:175 [DEBUG]  Tasks:0 Slots:0 Parallelism:0.5
2018-07-20 09:45:41 parsl.dataflow.strategy:175 [DEBUG]  Tasks:0 Slots:0 Parallelism:0.5
2018-07-20 09:45:41 parsl.dataflow.strategy:175 [DEBUG]  Tasks:0 Slots:0 Parallelism:0.5
2018-07-20 09:45:41 parsl.dataflow.strategy:175 [DEBUG]  Tasks:0 Slots:1 Parallelism:0.5
2018-07-20 09:45:43 parsl.dataflow.strategy:175 [DEBUG]  Tasks:0 Slots:0 Parallelism:0.5
2018-07-20 09:45:43 parsl.dataflow.strategy:175 [DEBUG]  Tasks:0 Slots:0 Parallelism:0.5
2018-07-20 09:45:43 parsl.dataflow.strategy:175 [DEBUG]  Tasks:0 Slots:0 Parallelism:0.5
2018-07-20 09:45:44 parsl.dataflow.strategy:175 [DEBUG]  Tasks:0 Slots:0 Parallelism:0.5
2018-07-20 09:45:44 parsl.dataflow.strategy:175 [DEBUG]  Tasks:0 Slots:0 Parallelism:0.5
2018-07-20 09:45:45 parsl.dataflow.strategy:175 [DEBUG]  Tasks:0 Slots:1 Parallelism:0.5
2018-07-20 09:45:46 parsl.dataflow.strategy:175 [DEBUG]  Tasks:0 Slots:0 Parallelism:0.5
2018-07-20 09:45:46 parsl.dataflow.strategy:175 [DEBUG]  Tasks:0 Slots:0 Parallelism:0.5
2018-07-20 09:45:47 parsl.dataflow.strategy:175 [DEBUG]  Tasks:0 Slots:0 Parallelism:0.5
2018-07-20 09:45:49 parsl.dataflow.strategy:175 [DEBUG]  Tasks:0 Slots:0 Parallelism:0.5
2018-07-20 09:45:49 parsl.dataflow.strategy:175 [DEBUG]  Tasks:0 Slots:0 Parallelism:0.5
2018-07-20 09:45:50 parsl.dataflow.strategy:175 [DEBUG]  Tasks:0 Slots:1 Parallelism:0.5
2018-07-20 09:45:51 parsl.dataflow.strategy:175 [DEBUG]  Tasks:0 Slots:0 Parallelism:0.5
2018-07-20 09:45:51 parsl.dataflow.strategy:175 [DEBUG]  Tasks:0 Slots:0 Parallelism:0.5
2018-07-20 09:45:52 parsl.dataflow.strategy:175 [DEBUG]  Tasks:0 Slots:0 Parallelism:0.5
2018-07-20 09:45:54 parsl.dataflow.strategy:175 [DEBUG]  Tasks:0 Slots:0 Parallelism:0.5
2018-07-20 09:45:54 parsl.dataflow.strategy:175 [DEBUG]  Tasks:0 Slots:0 Parallelism:0.5
2018-07-20 09:45:55 parsl.dataflow.strategy:175 [DEBUG]  Tasks:0 Slots:1 Parallelism:0.5
2018-07-20 09:45:56 parsl.dataflow.strategy:175 [DEBUG]  Tasks:0 Slots:0 Parallelism:0.5
2018-07-20 09:45:56 parsl.dataflow.strategy:175 [DEBUG]  Tasks:0 Slots:0 Parallelism:0.5
2018-07-20 09:45:57 parsl.dataflow.strategy:175 [DEBUG]  Tasks:0 Slots:0 Parallelism:0.5
2018-07-20 09:45:59 parsl.dataflow.strategy:175 [DEBUG]  Tasks:0 Slots:0 Parallelism:0.5
2018-07-20 09:45:59 parsl.dataflow.strategy:175 [DEBUG]  Tasks:0 Slots:0 Parallelism:0.5
2018-07-20 09:46:00 parsl.dataflow.strategy:175 [DEBUG]  Tasks:0 Slots:1 Parallelism:0.5
2018-07-20 09:46:01 parsl.dataflow.strategy:175 [DEBUG]  Tasks:0 Slots:0 Parallelism:0.5
2018-07-20 09:46:01 parsl.dataflow.strategy:175 [DEBUG]  Tasks:0 Slots:0 Parallelism:0.5
2018-07-20 09:46:02 parsl.dataflow.strategy:175 [DEBUG]  Tasks:0 Slots:0 Parallelism:0.5
2018-07-20 09:46:04 parsl.dataflow.strategy:175 [DEBUG]  Tasks:0 Slots:0 Parallelism:0.5
2018-07-20 09:46:04 parsl.dataflow.strategy:175 [DEBUG]  Tasks:0 Slots:0 Parallelism:0.5
2018-07-20 09:46:05 parsl.dataflow.strategy:175 [DEBUG]  Tasks:0 Slots:1 Parallelism:0.5
2018-07-20 09:46:06 parsl.dataflow.strategy:175 [DEBUG]  Tasks:0 Slots:0 Parallelism:0.5
2018-07-20 09:46:06 parsl.dataflow.strategy:175 [DEBUG]  Tasks:0 Slots:0 Parallelism:0.5
2018-07-20 09:46:07 parsl.dataflow.strategy:175 [DEBUG]  Tasks:0 Slots:0 Parallelism:0.5
2018-07-20 09:46:09 parsl.dataflow.strategy:175 [DEBUG]  Tasks:0 Slots:0 Parallelism:0.5
2018-07-20 09:46:09 parsl.dataflow.strategy:175 [DEBUG]  Tasks:0 Slots:0 Parallelism:0.5
2018-07-20 09:46:10 parsl.dataflow.strategy:175 [DEBUG]  Tasks:0 Slots:1 Parallelism:0.5
2018-07-20 09:46:11 parsl.dataflow.strategy:175 [DEBUG]  Tasks:0 Slots:0 Parallelism:0.5
2018-07-20 09:46:11 parsl.dataflow.strategy:175 [DEBUG]  Tasks:0 Slots:0 Parallelism:0.5
2018-07-20 09:46:12 parsl.dataflow.strategy:175 [DEBUG]  Tasks:0 Slots:0 Parallelism:0.5
2018-07-20 09:46:15 parsl.dataflow.strategy:175 [DEBUG]  Tasks:0 Slots:0 Parallelism:0.5
2018-07-20 09:46:15 parsl.dataflow.strategy:175 [DEBUG]  Tasks:0 Slots:0 Parallelism:0.5
2018-07-20 09:46:15 parsl.dataflow.strategy:175 [DEBUG]  Tasks:0 Slots:1 Parallelism:0.5
2018-07-20 09:46:18 parsl.dataflow.strategy:175 [DEBUG]  Tasks:0 Slots:0 Parallelism:0.5
2018-07-20 09:46:18 parsl.dataflow.strategy:175 [DEBUG]  Tasks:0 Slots:0 Parallelism:0.5
2018-07-20 09:46:18 parsl.dataflow.strategy:175 [DEBUG]  Tasks:0 Slots:0 Parallelism:0.5
2018-07-20 09:46:19 parsl.dataflow.strategy:175 [DEBUG]  Tasks:0 Slots:0 Parallelism:0.5
2018-07-20 09:46:19 parsl.dataflow.strategy:175 [DEBUG]  Tasks:0 Slots:0 Parallelism:0.5
2018-07-20 09:46:20 parsl.dataflow.strategy:175 [DEBUG]  Tasks:0 Slots:1 Parallelism:0.5
2018-07-20 09:46:21 parsl.dataflow.strategy:175 [DEBUG]  Tasks:0 Slots:0 Parallelism:0.5
2018-07-20 09:46:21 parsl.dataflow.strategy:175 [DEBUG]  Tasks:0 Slots:0 Parallelism:0.5
2018-07-20 09:46:22 parsl.dataflow.strategy:175 [DEBUG]  Tasks:0 Slots:0 Parallelism:0.5
2018-07-20 09:46:24 parsl.dataflow.strategy:175 [DEBUG]  Tasks:0 Slots:0 Parallelism:0.5
2018-07-20 09:46:24 parsl.dataflow.strategy:175 [DEBUG]  Tasks:0 Slots:0 Parallelism:0.5
2018-07-20 09:46:25 parsl.dataflow.strategy:175 [DEBUG]  Tasks:0 Slots:1 Parallelism:0.5
2018-07-20 09:46:26 parsl.dataflow.strategy:175 [DEBUG]  Tasks:0 Slots:0 Parallelism:0.5
2018-07-20 09:46:26 parsl.dataflow.strategy:175 [DEBUG]  Tasks:0 Slots:0 Parallelism:0.5
2018-07-20 09:46:27 parsl.dataflow.strategy:175 [DEBUG]  Tasks:0 Slots:0 Parallelism:0.5
2018-07-20 09:46:29 parsl.dataflow.strategy:175 [DEBUG]  Tasks:0 Slots:0 Parallelism:0.5
2018-07-20 09:46:29 parsl.dataflow.strategy:175 [DEBUG]  Tasks:0 Slots:0 Parallelism:0.5
2018-07-20 09:46:30 parsl.dataflow.strategy:175 [DEBUG]  Tasks:0 Slots:1 Parallelism:0.5
2018-07-20 09:46:31 parsl.dataflow.strategy:175 [DEBUG]  Tasks:0 Slots:0 Parallelism:0.5
2018-07-20 09:46:31 parsl.dataflow.strategy:175 [DEBUG]  Tasks:0 Slots:0 Parallelism:0.5
2018-07-20 09:46:32 parsl.dataflow.strategy:175 [DEBUG]  Tasks:0 Slots:0 Parallelism:0.5
2018-07-20 09:46:34 parsl.dataflow.strategy:175 [DEBUG]  Tasks:0 Slots:0 Parallelism:0.5
2018-07-20 09:46:34 parsl.dataflow.strategy:175 [DEBUG]  Tasks:0 Slots:0 Parallelism:0.5
2018-07-20 09:46:35 parsl.dataflow.strategy:175 [DEBUG]  Tasks:0 Slots:1 Parallelism:0.5
2018-07-20 09:46:36 parsl.dataflow.strategy:175 [DEBUG]  Tasks:0 Slots:0 Parallelism:0.5
2018-07-20 09:46:36 parsl.dataflow.strategy:175 [DEBUG]  Tasks:0 Slots:0 Parallelism:0.5
2018-07-20 09:46:37 parsl.dataflow.strategy:175 [DEBUG]  Tasks:0 Slots:0 Parallelism:0.5
2018-07-20 09:46:39 parsl.dataflow.strategy:175 [DEBUG]  Tasks:0 Slots:0 Parallelism:0.5
2018-07-20 09:46:39 parsl.dataflow.strategy:175 [DEBUG]  Tasks:0 Slots:0 Parallelism:0.5
2018-07-20 09:46:40 parsl.dataflow.strategy:175 [DEBUG]  Tasks:0 Slots:1 Parallelism:0.5
2018-07-20 09:46:41 parsl.dataflow.strategy:175 [DEBUG]  Tasks:0 Slots:0 Parallelism:0.5
2018-07-20 09:46:41 parsl.dataflow.strategy:175 [DEBUG]  Tasks:0 Slots:0 Parallelism:0.5
2018-07-20 09:46:42 parsl.dataflow.strategy:175 [DEBUG]  Tasks:0 Slots:0 Parallelism:0.5
2018-07-20 09:46:44 parsl.dataflow.strategy:175 [DEBUG]  Tasks:0 Slots:0 Parallelism:0.5
2018-07-20 09:46:44 parsl.dataflow.strategy:175 [DEBUG]  Tasks:0 Slots:0 Parallelism:0.5
2018-07-20 09:46:45 parsl.dataflow.strategy:175 [DEBUG]  Tasks:0 Slots:1 Parallelism:0.5
2018-07-20 09:46:46 parsl.dataflow.strategy:175 [DEBUG]  Tasks:0 Slots:0 Parallelism:0.5
2018-07-20 09:46:46 parsl.dataflow.strategy:175 [DEBUG]  Tasks:0 Slots:0 Parallelism:0.5
2018-07-20 09:46:47 parsl.dataflow.strategy:175 [DEBUG]  Tasks:0 Slots:0 Parallelism:0.5
2018-07-20 09:46:50 parsl.dataflow.strategy:175 [DEBUG]  Tasks:0 Slots:0 Parallelism:0.5
2018-07-20 09:46:50 parsl.dataflow.strategy:175 [DEBUG]  Tasks:0 Slots:0 Parallelism:0.5
2018-07-20 09:46:50 parsl.dataflow.strategy:175 [DEBUG]  Tasks:0 Slots:1 Parallelism:0.5
2018-07-20 09:46:53 parsl.dataflow.strategy:175 [DEBUG]  Tasks:0 Slots:0 Parallelism:0.5
2018-07-20 09:46:53 parsl.dataflow.strategy:175 [DEBUG]  Tasks:0 Slots:0 Parallelism:0.5
2018-07-20 09:46:53 parsl.dataflow.strategy:175 [DEBUG]  Tasks:0 Slots:0 Parallelism:0.5
2018-07-20 09:46:54 parsl.dataflow.strategy:175 [DEBUG]  Tasks:0 Slots:0 Parallelism:0.5
2018-07-20 09:46:54 parsl.dataflow.strategy:175 [DEBUG]  Tasks:0 Slots:0 Parallelism:0.5
2018-07-20 09:46:55 parsl.dataflow.strategy:175 [DEBUG]  Tasks:0 Slots:1 Parallelism:0.5
2018-07-20 09:46:56 parsl.dataflow.strategy:175 [DEBUG]  Tasks:0 Slots:0 Parallelism:0.5
2018-07-20 09:46:56 parsl.dataflow.strategy:175 [DEBUG]  Tasks:0 Slots:0 Parallelism:0.5
2018-07-20 09:46:57 parsl.dataflow.strategy:175 [DEBUG]  Tasks:0 Slots:0 Parallelism:0.5
2018-07-20 09:46:59 parsl.dataflow.strategy:175 [DEBUG]  Tasks:0 Slots:0 Parallelism:0.5
2018-07-20 09:46:59 parsl.dataflow.strategy:175 [DEBUG]  Tasks:0 Slots:0 Parallelism:0.5
2018-07-20 09:47:00 parsl.dataflow.strategy:175 [DEBUG]  Tasks:0 Slots:1 Parallelism:0.5
2018-07-20 09:47:01 parsl.dataflow.strategy:175 [DEBUG]  Tasks:0 Slots:0 Parallelism:0.5
2018-07-20 09:47:01 parsl.dataflow.strategy:175 [DEBUG]  Tasks:0 Slots:0 Parallelism:0.5
2018-07-20 09:47:02 parsl.dataflow.strategy:175 [DEBUG]  Tasks:0 Slots:0 Parallelism:0.5
2018-07-20 09:47:04 parsl.dataflow.strategy:175 [DEBUG]  Tasks:0 Slots:0 Parallelism:0.5
2018-07-20 09:47:04 parsl.dataflow.strategy:175 [DEBUG]  Tasks:0 Slots:0 Parallelism:0.5
2018-07-20 09:47:05 parsl.dataflow.strategy:175 [DEBUG]  Tasks:0 Slots:1 Parallelism:0.5
2018-07-20 09:47:06 parsl.dataflow.strategy:175 [DEBUG]  Tasks:0 Slots:0 Parallelism:0.5
2018-07-20 09:47:06 parsl.dataflow.strategy:175 [DEBUG]  Tasks:0 Slots:0 Parallelism:0.5
2018-07-20 09:47:07 parsl.dataflow.strategy:175 [DEBUG]  Tasks:0 Slots:0 Parallelism:0.5
2018-07-20 09:47:09 parsl.dataflow.strategy:175 [DEBUG]  Tasks:0 Slots:0 Parallelism:0.5
2018-07-20 09:47:09 parsl.dataflow.strategy:175 [DEBUG]  Tasks:0 Slots:0 Parallelism:0.5
2018-07-20 09:47:10 parsl.dataflow.strategy:175 [DEBUG]  Tasks:0 Slots:1 Parallelism:0.5
2018-07-20 09:47:11 parsl.dataflow.strategy:175 [DEBUG]  Tasks:0 Slots:0 Parallelism:0.5
2018-07-20 09:47:11 parsl.dataflow.strategy:175 [DEBUG]  Tasks:0 Slots:0 Parallelism:0.5
2018-07-20 09:47:12 parsl.dataflow.strategy:175 [DEBUG]  Tasks:0 Slots:0 Parallelism:0.5
2018-07-20 09:47:14 parsl.dataflow.strategy:175 [DEBUG]  Tasks:0 Slots:0 Parallelism:0.5
2018-07-20 09:47:14 parsl.dataflow.strategy:175 [DEBUG]  Tasks:0 Slots:0 Parallelism:0.5
2018-07-20 09:47:15 parsl.dataflow.strategy:175 [DEBUG]  Tasks:0 Slots:1 Parallelism:0.5
2018-07-20 09:47:16 parsl.dataflow.strategy:175 [DEBUG]  Tasks:0 Slots:0 Parallelism:0.5
2018-07-20 09:47:16 parsl.dataflow.strategy:175 [DEBUG]  Tasks:0 Slots:0 Parallelism:0.5
2018-07-20 09:47:17 parsl.dataflow.strategy:175 [DEBUG]  Tasks:0 Slots:0 Parallelism:0.5
2018-07-20 09:47:19 parsl.dataflow.strategy:175 [DEBUG]  Tasks:0 Slots:0 Parallelism:0.5
2018-07-20 09:47:19 parsl.dataflow.strategy:175 [DEBUG]  Tasks:0 Slots:0 Parallelism:0.5
2018-07-20 09:47:20 parsl.dataflow.strategy:175 [DEBUG]  Tasks:0 Slots:1 Parallelism:0.5
2018-07-20 09:47:21 parsl.dataflow.strategy:175 [DEBUG]  Tasks:0 Slots:0 Parallelism:0.5
2018-07-20 09:47:21 parsl.dataflow.strategy:175 [DEBUG]  Tasks:0 Slots:0 Parallelism:0.5
2018-07-20 09:47:22 parsl.dataflow.strategy:175 [DEBUG]  Tasks:0 Slots:0 Parallelism:0.5
2018-07-20 09:47:25 parsl.dataflow.strategy:175 [DEBUG]  Tasks:0 Slots:0 Parallelism:0.5
2018-07-20 09:47:25 parsl.dataflow.strategy:175 [DEBUG]  Tasks:0 Slots:0 Parallelism:0.5
2018-07-20 09:47:25 parsl.dataflow.strategy:175 [DEBUG]  Tasks:0 Slots:1 Parallelism:0.5
2018-07-20 09:47:28 parsl.dataflow.strategy:175 [DEBUG]  Tasks:0 Slots:0 Parallelism:0.5
2018-07-20 09:47:28 parsl.dataflow.strategy:175 [DEBUG]  Tasks:0 Slots:0 Parallelism:0.5
2018-07-20 09:47:28 parsl.dataflow.strategy:175 [DEBUG]  Tasks:0 Slots:0 Parallelism:0.5
2018-07-20 09:47:29 parsl.dataflow.strategy:175 [DEBUG]  Tasks:0 Slots:0 Parallelism:0.5
2018-07-20 09:47:29 parsl.dataflow.strategy:175 [DEBUG]  Tasks:0 Slots:0 Parallelism:0.5
2018-07-20 09:47:30 parsl.dataflow.strategy:175 [DEBUG]  Tasks:0 Slots:1 Parallelism:0.5
2018-07-20 09:47:31 parsl.dataflow.strategy:175 [DEBUG]  Tasks:0 Slots:0 Parallelism:0.5
2018-07-20 09:47:31 parsl.dataflow.strategy:175 [DEBUG]  Tasks:0 Slots:0 Parallelism:0.5
2018-07-20 09:47:32 parsl.dataflow.strategy:175 [DEBUG]  Tasks:0 Slots:0 Parallelism:0.5
2018-07-20 09:47:34 parsl.dataflow.strategy:175 [DEBUG]  Tasks:0 Slots:0 Parallelism:0.5
2018-07-20 09:47:34 parsl.dataflow.strategy:175 [DEBUG]  Tasks:0 Slots:0 Parallelism:0.5
2018-07-20 09:47:35 parsl.dataflow.strategy:175 [DEBUG]  Tasks:0 Slots:1 Parallelism:0.5
2018-07-20 09:47:36 parsl.dataflow.strategy:175 [DEBUG]  Tasks:0 Slots:0 Parallelism:0.5
2018-07-20 09:47:36 parsl.dataflow.strategy:175 [DEBUG]  Tasks:0 Slots:0 Parallelism:0.5
2018-07-20 09:47:37 parsl.dataflow.strategy:175 [DEBUG]  Tasks:0 Slots:0 Parallelism:0.5
2018-07-20 09:47:39 parsl.dataflow.strategy:175 [DEBUG]  Tasks:0 Slots:0 Parallelism:0.5
2018-07-20 09:47:39 parsl.dataflow.strategy:175 [DEBUG]  Tasks:0 Slots:0 Parallelism:0.5
2018-07-20 09:47:40 parsl.dataflow.strategy:175 [DEBUG]  Tasks:0 Slots:1 Parallelism:0.5
2018-07-20 09:47:41 parsl.dataflow.strategy:175 [DEBUG]  Tasks:0 Slots:0 Parallelism:0.5
2018-07-20 09:47:41 parsl.dataflow.strategy:175 [DEBUG]  Tasks:0 Slots:0 Parallelism:0.5
2018-07-20 09:47:42 parsl.dataflow.strategy:175 [DEBUG]  Tasks:0 Slots:0 Parallelism:0.5
2018-07-20 09:47:44 parsl.dataflow.strategy:175 [DEBUG]  Tasks:0 Slots:0 Parallelism:0.5
2018-07-20 09:47:44 parsl.dataflow.strategy:175 [DEBUG]  Tasks:0 Slots:0 Parallelism:0.5
2018-07-20 09:47:45 parsl.dataflow.strategy:175 [DEBUG]  Tasks:0 Slots:1 Parallelism:0.5
2018-07-20 09:47:46 parsl.dataflow.strategy:175 [DEBUG]  Tasks:0 Slots:0 Parallelism:0.5
2018-07-20 09:47:46 parsl.dataflow.strategy:175 [DEBUG]  Tasks:0 Slots:0 Parallelism:0.5
2018-07-20 09:47:47 parsl.dataflow.strategy:175 [DEBUG]  Tasks:0 Slots:0 Parallelism:0.5
2018-07-20 09:47:49 parsl.dataflow.strategy:175 [DEBUG]  Tasks:0 Slots:0 Parallelism:0.5
2018-07-20 09:47:49 parsl.dataflow.strategy:175 [DEBUG]  Tasks:0 Slots:0 Parallelism:0.5
2018-07-20 09:47:50 parsl.dataflow.strategy:175 [DEBUG]  Tasks:0 Slots:1 Parallelism:0.5
2018-07-20 09:47:51 parsl.dataflow.strategy:175 [DEBUG]  Tasks:0 Slots:0 Parallelism:0.5
2018-07-20 09:47:51 parsl.dataflow.strategy:175 [DEBUG]  Tasks:0 Slots:0 Parallelism:0.5
2018-07-20 09:47:52 parsl.dataflow.strategy:175 [DEBUG]  Tasks:0 Slots:0 Parallelism:0.5
2018-07-20 09:47:54 parsl.dataflow.strategy:175 [DEBUG]  Tasks:0 Slots:0 Parallelism:0.5
2018-07-20 09:47:54 parsl.dataflow.strategy:175 [DEBUG]  Tasks:0 Slots:0 Parallelism:0.5
