2018-07-11 12:37:58.698 [IPControllerApp] Created profile dir: '/scratch/midway2/madduru/parsl/parsl/tests/integration/test_stress/runinfo/940/profile_midway_ipp'
2018-07-11 12:37:58.717 [IPControllerApp] Hub listening on tcp://*:53598 for registration.
2018-07-11 12:37:58.719 [IPControllerApp] Hub using DB backend: 'DictDB'
2018-07-11 12:37:58.985 [IPControllerApp] hub::created hub
2018-07-11 12:37:58.985 [IPControllerApp] writing connection info to /scratch/midway2/madduru/parsl/parsl/tests/integration/test_stress/runinfo/940/profile_midway_ipp/security/ipcontroller-client.json
2018-07-11 12:37:58.987 [IPControllerApp] writing connection info to /scratch/midway2/madduru/parsl/parsl/tests/integration/test_stress/runinfo/940/profile_midway_ipp/security/ipcontroller-engine.json
2018-07-11 12:37:58.988 [IPControllerApp] task::using Python leastload Task scheduler
2018-07-11 12:37:58.988 [IPControllerApp] Heartmonitor started
2018-07-11 12:37:58.997 [IPControllerApp] Creating pid file: /scratch/midway2/madduru/parsl/parsl/tests/integration/test_stress/runinfo/940/profile_midway_ipp/pid/ipcontroller.pid
2018-07-11 12:37:59.007 [scheduler] Scheduler started [leastload]
2018-07-11 12:37:59.009 [IPControllerApp] client::client b'\x00k\x8bEg' requested 'connection_request'
2018-07-11 12:37:59.010 [IPControllerApp] client::client [b'\x00k\x8bEg'] connected
2018-07-11 12:38:00.041 [IPControllerApp] client::client b'\x00k\x8bEh' requested 'connection_request'
2018-07-11 12:38:00.042 [IPControllerApp] client::client [b'\x00k\x8bEh'] connected
2018-07-11 12:38:21.674 [IPControllerApp] client::client b'21efa9ca-d074dcf60cb8413ba4ebc061' requested 'registration_request'
2018-07-11 12:38:21.675 [IPControllerApp] client::client b'8415f17a-85ca301a1d903c6acb3bed5c' requested 'registration_request'
2018-07-11 12:38:21.676 [IPControllerApp] client::client b'4c0a0640-0f0d7722a64b2d778a62208a' requested 'registration_request'
2018-07-11 12:38:21.677 [IPControllerApp] client::client b'e0a60511-2874423cdc993a4e83968503' requested 'registration_request'
2018-07-11 12:38:25.991 [IPControllerApp] registration::finished registering engine 0:21efa9ca-d074dcf60cb8413ba4ebc061
2018-07-11 12:38:25.992 [IPControllerApp] engine::Engine Connected: 0
2018-07-11 12:38:25.993 [IPControllerApp] registration::finished registering engine 1:8415f17a-85ca301a1d903c6acb3bed5c
2018-07-11 12:38:25.993 [IPControllerApp] engine::Engine Connected: 1
2018-07-11 12:38:25.994 [IPControllerApp] registration::finished registering engine 3:e0a60511-2874423cdc993a4e83968503
2018-07-11 12:38:25.994 [IPControllerApp] engine::Engine Connected: 3
2018-07-11 12:38:25.994 [IPControllerApp] registration::finished registering engine 2:4c0a0640-0f0d7722a64b2d778a62208a
2018-07-11 12:38:25.995 [IPControllerApp] engine::Engine Connected: 2
2018-07-11 12:38:25.998 [IPControllerApp] task::task '2d4b872d-589d5b330d20a67e7e925cdd' arrived on 0
2018-07-11 12:38:25.999 [IPControllerApp] task::task 'ce23fe6f-587348613a6d1463951af444' arrived on 1
2018-07-11 12:38:26.000 [IPControllerApp] task::task '14778e78-5d3fb057b84ce5c3a244eaa3' arrived on 3
2018-07-11 12:38:26.001 [IPControllerApp] task::task 'b5940944-f17ef5f5faa961d62249f0b6' arrived on 2
2018-07-11 12:38:29.114 [IPControllerApp] task::task '9910a1d3-0cbbcd34bfb7678ddb6ba384' arrived on 0
2018-07-11 12:38:29.115 [IPControllerApp] task::task '2d4b872d-589d5b330d20a67e7e925cdd' finished on 0
2018-07-11 12:38:29.118 [IPControllerApp] task::task 'd5294e61-5eb87670a85e13f917190091' arrived on 2
2018-07-11 12:38:29.118 [IPControllerApp] task::task 'b5940944-f17ef5f5faa961d62249f0b6' finished on 2
2018-07-11 12:38:29.123 [IPControllerApp] task::task 'a6a31769-464a6cf2c2c27d78b8fc1f62' arrived on 1
2018-07-11 12:38:29.124 [IPControllerApp] task::task 'ce23fe6f-587348613a6d1463951af444' finished on 1
2018-07-11 12:38:29.125 [IPControllerApp] task::task '29ce74c6-a3b2227e8f27ff0fc3569586' arrived on 3
2018-07-11 12:38:29.126 [IPControllerApp] task::task '14778e78-5d3fb057b84ce5c3a244eaa3' finished on 3
2018-07-11 12:38:30.130 [IPControllerApp] task::task 'e4ef0a18-7939fc4e37d7b2b9d917712b' arrived on 1
2018-07-11 12:38:30.132 [IPControllerApp] task::task 'a6a31769-464a6cf2c2c27d78b8fc1f62' finished on 1
2018-07-11 12:38:30.134 [IPControllerApp] task::task '15c7eb55-1551a79c4defbf121a5c1679' arrived on 0
2018-07-11 12:38:30.136 [IPControllerApp] task::task '9910a1d3-0cbbcd34bfb7678ddb6ba384' finished on 0
2018-07-11 12:38:30.138 [IPControllerApp] task::task '41e027e8-e95c30a5e44b3d3ec7528cf2' arrived on 3
2018-07-11 12:38:30.140 [IPControllerApp] task::task '29ce74c6-a3b2227e8f27ff0fc3569586' finished on 3
2018-07-11 12:38:30.142 [IPControllerApp] task::task 'a3c8c26f-300c7f92fca49bc915b5d67f' arrived on 2
2018-07-11 12:38:30.143 [IPControllerApp] task::task 'd5294e61-5eb87670a85e13f917190091' finished on 2
2018-07-11 12:38:31.143 [IPControllerApp] task::task '8f0a8d96-06698b4dc1c3d111fcd53f8f' arrived on 0
2018-07-11 12:38:31.143 [IPControllerApp] task::task '15c7eb55-1551a79c4defbf121a5c1679' finished on 0
2018-07-11 12:38:31.147 [IPControllerApp] task::task '7d520728-105beb8b2c62f9d78e2bb920' arrived on 1
2018-07-11 12:38:31.147 [IPControllerApp] task::task 'e4ef0a18-7939fc4e37d7b2b9d917712b' finished on 1
2018-07-11 12:38:31.150 [IPControllerApp] task::task 'a561c213-31702d875a3ecc8ad0790471' arrived on 2
2018-07-11 12:38:31.150 [IPControllerApp] task::task 'a3c8c26f-300c7f92fca49bc915b5d67f' finished on 2
2018-07-11 12:38:31.151 [IPControllerApp] task::task 'd2032277-7218a56125429c6b6b28584d' arrived on 3
2018-07-11 12:38:31.152 [IPControllerApp] task::task '41e027e8-e95c30a5e44b3d3ec7528cf2' finished on 3
2018-07-11 12:38:32.155 [IPControllerApp] task::task '82ae0e95-d90212ca80af1bf478cb52fb' arrived on 1
2018-07-11 12:38:32.155 [IPControllerApp] task::task '7d520728-105beb8b2c62f9d78e2bb920' finished on 1
2018-07-11 12:38:32.159 [IPControllerApp] task::task '1159d107-316fe1925b9ba2f051048e46' arrived on 2
2018-07-11 12:38:32.160 [IPControllerApp] task::task 'a561c213-31702d875a3ecc8ad0790471' finished on 2
2018-07-11 12:38:32.161 [IPControllerApp] task::task 'ecea123d-71950c7071ad3e197f545475' arrived on 3
2018-07-11 12:38:32.162 [IPControllerApp] task::task 'd2032277-7218a56125429c6b6b28584d' finished on 3
2018-07-11 12:38:32.163 [IPControllerApp] task::task 'e0324711-8e2440caa4dce2e99ce1d484' arrived on 0
2018-07-11 12:38:32.164 [IPControllerApp] task::task '8f0a8d96-06698b4dc1c3d111fcd53f8f' finished on 0
2018-07-11 12:38:33.165 [IPControllerApp] task::task '17477307-ffb9677ea715f3f5b9e8b3f5' arrived on 2
2018-07-11 12:38:33.165 [IPControllerApp] task::task '1159d107-316fe1925b9ba2f051048e46' finished on 2
2018-07-11 12:38:33.166 [IPControllerApp] task::task 'fc02bbd3-7dab6ee7ea3c2c00515dad34' arrived on 1
2018-07-11 12:38:33.167 [IPControllerApp] task::task '82ae0e95-d90212ca80af1bf478cb52fb' finished on 1
2018-07-11 12:38:33.169 [IPControllerApp] task::task '65d8dded-3da2a52d47708602b9c759a6' arrived on 0
2018-07-11 12:38:33.170 [IPControllerApp] task::task 'e0324711-8e2440caa4dce2e99ce1d484' finished on 0
2018-07-11 12:38:33.171 [IPControllerApp] task::task '8a7a8bda-46d82ee9626e27c3163d21e6' arrived on 3
2018-07-11 12:38:33.173 [IPControllerApp] task::task 'ecea123d-71950c7071ad3e197f545475' finished on 3
2018-07-11 12:38:34.180 [IPControllerApp] task::task '1c19ef1b-df3543b2ec2dee67e2abcbc5' arrived on 1
2018-07-11 12:38:34.182 [IPControllerApp] task::task 'fc02bbd3-7dab6ee7ea3c2c00515dad34' finished on 1
2018-07-11 12:38:34.183 [IPControllerApp] task::task '17477307-ffb9677ea715f3f5b9e8b3f5' finished on 2
2018-07-11 12:38:34.184 [IPControllerApp] task::task '65d8dded-3da2a52d47708602b9c759a6' finished on 0
2018-07-11 12:38:34.185 [IPControllerApp] task::task '8a7a8bda-46d82ee9626e27c3163d21e6' finished on 3
2018-07-11 12:38:35.184 [IPControllerApp] task::task '1c19ef1b-df3543b2ec2dee67e2abcbc5' finished on 1
2018-07-11 12:38:35.311 [IPControllerApp] CRITICAL | Received signal 15, shutting down
2018-07-11 12:38:35.311 [IPControllerApp] CRITICAL | terminating children...
