2018-07-11 13:42:03.233 [IPControllerApp] Created profile dir: '/scratch/midway2/madduru/parsl/parsl/tests/integration/test_stress/runinfo/968/profile_midway_ipp'
2018-07-11 13:42:03.250 [IPControllerApp] Hub listening on tcp://*:63043 for registration.
2018-07-11 13:42:03.252 [IPControllerApp] Hub using DB backend: 'DictDB'
2018-07-11 13:42:03.514 [IPControllerApp] hub::created hub
2018-07-11 13:42:03.515 [IPControllerApp] writing connection info to /scratch/midway2/madduru/parsl/parsl/tests/integration/test_stress/runinfo/968/profile_midway_ipp/security/ipcontroller-client.json
2018-07-11 13:42:03.516 [IPControllerApp] writing connection info to /scratch/midway2/madduru/parsl/parsl/tests/integration/test_stress/runinfo/968/profile_midway_ipp/security/ipcontroller-engine.json
2018-07-11 13:42:03.517 [IPControllerApp] task::using Python leastload Task scheduler
2018-07-11 13:42:03.517 [IPControllerApp] Heartmonitor started
2018-07-11 13:42:03.528 [IPControllerApp] Creating pid file: /scratch/midway2/madduru/parsl/parsl/tests/integration/test_stress/runinfo/968/profile_midway_ipp/pid/ipcontroller.pid
2018-07-11 13:42:03.537 [scheduler] Scheduler started [leastload]
2018-07-11 13:42:03.539 [IPControllerApp] client::client b'\x00k\x8bEg' requested 'connection_request'
2018-07-11 13:42:03.539 [IPControllerApp] client::client [b'\x00k\x8bEg'] connected
2018-07-11 13:42:04.649 [IPControllerApp] client::client b'\x00k\x8bEh' requested 'connection_request'
2018-07-11 13:42:04.649 [IPControllerApp] client::client [b'\x00k\x8bEh'] connected
2018-07-11 13:42:32.342 [IPControllerApp] client::client b'4d7ef888-d04d552c65c6381b22959e9b' requested 'registration_request'
2018-07-11 13:42:32.344 [IPControllerApp] client::client b'c013612f-478ec9220f5e3a76666f065a' requested 'registration_request'
2018-07-11 13:42:32.349 [IPControllerApp] client::client b'aa209511-cac0665f59759b4fb43c3327' requested 'registration_request'
2018-07-11 13:42:32.372 [IPControllerApp] client::client b'93b8562f-35d6647026df56249b040bf6' requested 'registration_request'
2018-07-11 13:42:32.379 [IPControllerApp] client::client b'bad92b96-6bfb28545820548c88d44648' requested 'registration_request'
2018-07-11 13:42:32.385 [IPControllerApp] client::client b'81b2e64f-d3f689508369f6e8683ca829' requested 'registration_request'
2018-07-11 13:42:32.395 [IPControllerApp] client::client b'f9104ee7-499688c516fa3b74c27922c4' requested 'registration_request'
2018-07-11 13:42:32.490 [IPControllerApp] client::client b'adb89c2d-fb6928043312834a0a0f21a0' requested 'registration_request'
2018-07-11 13:42:36.521 [IPControllerApp] registration::finished registering engine 5:81b2e64f-d3f689508369f6e8683ca829
2018-07-11 13:42:36.521 [IPControllerApp] engine::Engine Connected: 5
2018-07-11 13:42:36.522 [IPControllerApp] registration::finished registering engine 2:aa209511-cac0665f59759b4fb43c3327
2018-07-11 13:42:36.523 [IPControllerApp] engine::Engine Connected: 2
2018-07-11 13:42:36.523 [IPControllerApp] registration::finished registering engine 4:bad92b96-6bfb28545820548c88d44648
2018-07-11 13:42:36.523 [IPControllerApp] engine::Engine Connected: 4
2018-07-11 13:42:36.524 [IPControllerApp] registration::finished registering engine 6:f9104ee7-499688c516fa3b74c27922c4
2018-07-11 13:42:36.524 [IPControllerApp] engine::Engine Connected: 6
2018-07-11 13:42:36.524 [IPControllerApp] registration::finished registering engine 0:4d7ef888-d04d552c65c6381b22959e9b
2018-07-11 13:42:36.524 [IPControllerApp] engine::Engine Connected: 0
2018-07-11 13:42:36.525 [IPControllerApp] registration::finished registering engine 7:adb89c2d-fb6928043312834a0a0f21a0
2018-07-11 13:42:36.525 [IPControllerApp] engine::Engine Connected: 7
2018-07-11 13:42:36.525 [IPControllerApp] registration::finished registering engine 1:c013612f-478ec9220f5e3a76666f065a
2018-07-11 13:42:36.526 [IPControllerApp] engine::Engine Connected: 1
2018-07-11 13:42:36.526 [IPControllerApp] registration::finished registering engine 3:93b8562f-35d6647026df56249b040bf6
2018-07-11 13:42:36.527 [IPControllerApp] engine::Engine Connected: 3
2018-07-11 13:42:36.530 [IPControllerApp] task::task '0ae89ce0-ae921f4053f85c749cf21d02' arrived on 5
2018-07-11 13:42:36.531 [IPControllerApp] task::task '123f29d1-512a4e7938ba19b594b29822' arrived on 2
2018-07-11 13:42:36.531 [IPControllerApp] task::task '0cc2550f-7d30afbf0a800783f0467bdf' arrived on 4
2018-07-11 13:42:36.532 [IPControllerApp] task::task '40278b6d-d6abfa889f33f55c19ffae12' arrived on 6
2018-07-11 13:42:36.533 [IPControllerApp] task::task '2298ffee-d02248c61c2cd4a73a29f694' arrived on 0
2018-07-11 13:42:36.534 [IPControllerApp] task::task 'e73a79c7-caf8edcb0eea6249051fcb07' arrived on 7
2018-07-11 13:42:36.535 [IPControllerApp] task::task '0f42a9d7-7d31dc9d491b60a474933df1' arrived on 1
2018-07-11 13:42:36.536 [IPControllerApp] task::task '3fea2145-774d8eebefd8fe9b77e34efd' arrived on 3
2018-07-11 13:42:41.031 [IPControllerApp] task::task 'd0c6411e-407e87922744d59af3ba8442' arrived on 1
2018-07-11 13:42:41.032 [IPControllerApp] task::task '0f42a9d7-7d31dc9d491b60a474933df1' finished on 1
2018-07-11 13:42:41.035 [IPControllerApp] task::task '540770d8-5be099f335509e7ac9c601bb' arrived on 0
2018-07-11 13:42:41.036 [IPControllerApp] task::task '2298ffee-d02248c61c2cd4a73a29f694' finished on 0
2018-07-11 13:42:41.039 [IPControllerApp] task::task '7b7fc22b-92ac92f5024646d9863497ca' arrived on 3
2018-07-11 13:42:41.040 [IPControllerApp] task::task '3fea2145-774d8eebefd8fe9b77e34efd' finished on 3
2018-07-11 13:42:41.043 [IPControllerApp] task::task 'b2e6481d-0cacdcf6512ec63831ddd33c' arrived on 4
2018-07-11 13:42:41.044 [IPControllerApp] task::task '0cc2550f-7d30afbf0a800783f0467bdf' finished on 4
2018-07-11 13:42:41.048 [IPControllerApp] task::task 'a8eaa991-c51153a5c013c7b30a9d1b9f' arrived on 2
2018-07-11 13:42:41.048 [IPControllerApp] task::task '123f29d1-512a4e7938ba19b594b29822' finished on 2
2018-07-11 13:42:41.051 [IPControllerApp] task::task 'b53bb4c8-f1b69047d9c76585b8675b44' arrived on 5
2018-07-11 13:42:41.052 [IPControllerApp] task::task '0ae89ce0-ae921f4053f85c749cf21d02' finished on 5
2018-07-11 13:42:41.062 [IPControllerApp] task::task '64302bec-8b040e29c8d2f7d39921e8d7' arrived on 6
2018-07-11 13:42:41.063 [IPControllerApp] task::task '40278b6d-d6abfa889f33f55c19ffae12' finished on 6
2018-07-11 13:42:41.082 [IPControllerApp] task::task 'af4ee101-9c4355836d9952575f8262db' arrived on 7
2018-07-11 13:42:41.083 [IPControllerApp] task::task 'e73a79c7-caf8edcb0eea6249051fcb07' finished on 7
2018-07-11 13:42:42.059 [IPControllerApp] task::task '05a15901-977fd2ff90c82a5f4aa925cf' arrived on 1
2018-07-11 13:42:42.060 [IPControllerApp] task::task 'd0c6411e-407e87922744d59af3ba8442' finished on 1
2018-07-11 13:42:42.061 [IPControllerApp] task::task '5244ae6c-ae7dc8d8dd59a2c80d06ea75' arrived on 3
2018-07-11 13:42:42.062 [IPControllerApp] task::task '7b7fc22b-92ac92f5024646d9863497ca' finished on 3
2018-07-11 13:42:42.064 [IPControllerApp] task::task 'febb086b-ec15286089938c6a3147ccab' arrived on 0
2018-07-11 13:42:42.065 [IPControllerApp] task::task '540770d8-5be099f335509e7ac9c601bb' finished on 0
2018-07-11 13:42:42.070 [IPControllerApp] task::task '6a5773f1-d5a5c1a19c98c19c636e9deb' arrived on 2
2018-07-11 13:42:42.070 [IPControllerApp] task::task 'a8eaa991-c51153a5c013c7b30a9d1b9f' finished on 2
2018-07-11 13:42:42.071 [IPControllerApp] task::task 'fd891844-e581111d588a48d35fdd0a1c' arrived on 4
2018-07-11 13:42:42.072 [IPControllerApp] task::task 'b2e6481d-0cacdcf6512ec63831ddd33c' finished on 4
2018-07-11 13:42:42.074 [IPControllerApp] task::task 'c0768d5e-a80bca66f8d196b436362c97' arrived on 6
2018-07-11 13:42:42.075 [IPControllerApp] task::task '64302bec-8b040e29c8d2f7d39921e8d7' finished on 6
2018-07-11 13:42:42.076 [IPControllerApp] task::task '5213c60f-0d6bf5fad517351888344a7f' arrived on 5
2018-07-11 13:42:42.078 [IPControllerApp] task::task 'b53bb4c8-f1b69047d9c76585b8675b44' finished on 5
2018-07-11 13:42:42.088 [IPControllerApp] task::task 'e13cfad1-d25aff1204ed36d76d5e545e' arrived on 7
2018-07-11 13:42:42.089 [IPControllerApp] task::task 'af4ee101-9c4355836d9952575f8262db' finished on 7
2018-07-11 13:42:43.069 [IPControllerApp] task::task '6775fc9a-327e621b2c35e11e25a1e3ed' arrived on 3
2018-07-11 13:42:43.070 [IPControllerApp] task::task '5244ae6c-ae7dc8d8dd59a2c80d06ea75' finished on 3
2018-07-11 13:42:43.071 [IPControllerApp] task::task '05a15901-977fd2ff90c82a5f4aa925cf' finished on 1
2018-07-11 13:42:43.072 [IPControllerApp] task::task 'febb086b-ec15286089938c6a3147ccab' finished on 0
2018-07-11 13:42:43.082 [IPControllerApp] task::task 'fd891844-e581111d588a48d35fdd0a1c' finished on 4
2018-07-11 13:42:43.083 [IPControllerApp] task::task 'c0768d5e-a80bca66f8d196b436362c97' finished on 6
2018-07-11 13:42:43.084 [IPControllerApp] task::task '5213c60f-0d6bf5fad517351888344a7f' finished on 5
2018-07-11 13:42:43.086 [IPControllerApp] task::task '6a5773f1-d5a5c1a19c98c19c636e9deb' finished on 2
2018-07-11 13:42:43.093 [IPControllerApp] task::task 'e13cfad1-d25aff1204ed36d76d5e545e' finished on 7
2018-07-11 13:42:44.074 [IPControllerApp] task::task '6775fc9a-327e621b2c35e11e25a1e3ed' finished on 3
2018-07-11 13:42:44.200 [IPControllerApp] CRITICAL | Received signal 15, shutting down
2018-07-11 13:42:44.200 [IPControllerApp] CRITICAL | terminating children...
