2018-07-24 10:32:49.180 [IPControllerApp] Created profile dir: '/scratch/midway2/madduru/parsl/parsl/tests/integration/test_stress/runinfo/1305/profile_midway_ipp'
2018-07-24 10:32:49.196 [IPControllerApp] Hub listening on tcp://*:60366 for registration.
2018-07-24 10:32:49.197 [IPControllerApp] Hub using DB backend: 'DictDB'
2018-07-24 10:32:49.460 [IPControllerApp] hub::created hub
2018-07-24 10:32:49.460 [IPControllerApp] writing connection info to /scratch/midway2/madduru/parsl/parsl/tests/integration/test_stress/runinfo/1305/profile_midway_ipp/security/ipcontroller-client.json
2018-07-24 10:32:49.461 [IPControllerApp] writing connection info to /scratch/midway2/madduru/parsl/parsl/tests/integration/test_stress/runinfo/1305/profile_midway_ipp/security/ipcontroller-engine.json
2018-07-24 10:32:49.462 [IPControllerApp] task::using Python leastload Task scheduler
2018-07-24 10:32:49.463 [IPControllerApp] Heartmonitor started
2018-07-24 10:32:49.471 [IPControllerApp] Creating pid file: /scratch/midway2/madduru/parsl/parsl/tests/integration/test_stress/runinfo/1305/profile_midway_ipp/pid/ipcontroller.pid
2018-07-24 10:32:49.480 [scheduler] Scheduler started [leastload]
2018-07-24 10:32:49.482 [IPControllerApp] client::client b'\x00k\x8bEg' requested 'connection_request'
2018-07-24 10:32:49.482 [IPControllerApp] client::client [b'\x00k\x8bEg'] connected
2018-07-24 10:32:50.665 [IPControllerApp] client::client b'\x00k\x8bEh' requested 'connection_request'
2018-07-24 10:32:50.665 [IPControllerApp] client::client [b'\x00k\x8bEh'] connected
2018-07-24 10:33:14.647 [IPControllerApp] client::client b'0476aff2-42d4a4d0f2717e25d5ed8f61' requested 'registration_request'
2018-07-24 10:33:14.649 [IPControllerApp] client::client b'1ce30002-b16702ccee240f0e467d9a17' requested 'registration_request'
2018-07-24 10:33:14.650 [IPControllerApp] client::client b'6102bcfc-3c2e01defff2dc9f5a3ff39e' requested 'registration_request'
2018-07-24 10:33:14.654 [IPControllerApp] client::client b'28f21a4d-5ae5e65d2dcd8bab510d3e77' requested 'registration_request'
2018-07-24 10:33:14.655 [IPControllerApp] client::client b'859ab404-6547b591cff4aca01b380e55' requested 'registration_request'
2018-07-24 10:33:14.656 [IPControllerApp] client::client b'66cf7566-19c545c6b1374eb55d275464' requested 'registration_request'
2018-07-24 10:33:14.657 [IPControllerApp] client::client b'bc51efff-fe928ceb246efedff0d94052' requested 'registration_request'
2018-07-24 10:33:14.658 [IPControllerApp] client::client b'91d57270-4bf64e749403224b0e79a9c0' requested 'registration_request'
2018-07-24 10:33:14.659 [IPControllerApp] client::client b'f55a57c3-3cade8c7fad5f174b16423c8' requested 'registration_request'
2018-07-24 10:33:14.660 [IPControllerApp] client::client b'171e2935-e892b0adb30ca5fa0ef2d7d2' requested 'registration_request'
2018-07-24 10:33:14.661 [IPControllerApp] client::client b'8aacda42-763defc0dbf6797c9dc850fb' requested 'registration_request'
2018-07-24 10:33:14.662 [IPControllerApp] client::client b'01555629-bf30d9978b759333a369c3b3' requested 'registration_request'
2018-07-24 10:33:14.663 [IPControllerApp] client::client b'a8146a17-fe09316bd306e5af7c5452f0' requested 'registration_request'
2018-07-24 10:33:14.663 [IPControllerApp] client::client b'1bcec03d-d071795a587eaaac220049a7' requested 'registration_request'
2018-07-24 10:33:14.664 [IPControllerApp] client::client b'd37438af-4b1cea8b61234b0ea8cdcea9' requested 'registration_request'
2018-07-24 10:33:14.665 [IPControllerApp] client::client b'cef7429c-cc2470c745f92e4b85eddac3' requested 'registration_request'
2018-07-24 10:33:14.666 [IPControllerApp] client::client b'7c288e96-dea4f66a4b0656ef9d89721a' requested 'registration_request'
2018-07-24 10:33:14.667 [IPControllerApp] client::client b'c982bd3b-d3541a8d7c11f7665ea92dc2' requested 'registration_request'
2018-07-24 10:33:14.668 [IPControllerApp] client::client b'4ef01284-195ddc72516cf51f4de1e213' requested 'registration_request'
2018-07-24 10:33:14.670 [IPControllerApp] client::client b'edede590-2075079912388fbe276206b6' requested 'registration_request'
2018-07-24 10:33:14.671 [IPControllerApp] client::client b'2dc27ce2-ff21da7769614435efdfbc2f' requested 'registration_request'
2018-07-24 10:33:14.672 [IPControllerApp] client::client b'8f2f02c6-bad98824384ae5b90c2df2de' requested 'registration_request'
2018-07-24 10:33:14.672 [IPControllerApp] client::client b'1f1ffea6-80127540f84cb77ee2e4e726' requested 'registration_request'
2018-07-24 10:33:14.673 [IPControllerApp] client::client b'f85c65a5-6259157ff0537adcab9986dc' requested 'registration_request'
2018-07-24 10:33:14.674 [IPControllerApp] client::client b'c45af792-d9ec6034dd508e03b28b6600' requested 'registration_request'
2018-07-24 10:33:14.675 [IPControllerApp] client::client b'7bc2c76a-7671cecb3af1f093ab3046c0' requested 'registration_request'
2018-07-24 10:33:14.676 [IPControllerApp] client::client b'75a499e5-ad5230868f693e76c33c4808' requested 'registration_request'
2018-07-24 10:33:14.677 [IPControllerApp] client::client b'75d68f54-888fe917910ff91077a52ee3' requested 'registration_request'
2018-07-24 10:33:14.678 [IPControllerApp] client::client b'd392b7c2-3b8971fa81df2b30528f3bed' requested 'registration_request'
2018-07-24 10:33:14.679 [IPControllerApp] client::client b'6ccd9b2f-83e2b57232ad2426b28dedde' requested 'registration_request'
2018-07-24 10:33:14.681 [IPControllerApp] client::client b'e93f6671-49cce6ed49672ba602fdb88e' requested 'registration_request'
2018-07-24 10:33:14.684 [IPControllerApp] client::client b'723f5e30-81c2a465f494c67e0a093204' requested 'registration_request'
2018-07-24 10:33:19.466 [IPControllerApp] registration::finished registering engine 0:0476aff2-42d4a4d0f2717e25d5ed8f61
2018-07-24 10:33:19.467 [IPControllerApp] engine::Engine Connected: 0
2018-07-24 10:33:19.468 [IPControllerApp] registration::finished registering engine 8:f55a57c3-3cade8c7fad5f174b16423c8
2018-07-24 10:33:19.468 [IPControllerApp] engine::Engine Connected: 8
2018-07-24 10:33:19.469 [IPControllerApp] registration::finished registering engine 24:c45af792-d9ec6034dd508e03b28b6600
2018-07-24 10:33:19.469 [IPControllerApp] engine::Engine Connected: 24
2018-07-24 10:33:19.469 [IPControllerApp] registration::finished registering engine 17:c982bd3b-d3541a8d7c11f7665ea92dc2
2018-07-24 10:33:19.470 [IPControllerApp] engine::Engine Connected: 17
2018-07-24 10:33:19.470 [IPControllerApp] registration::finished registering engine 20:2dc27ce2-ff21da7769614435efdfbc2f
2018-07-24 10:33:19.470 [IPControllerApp] engine::Engine Connected: 20
2018-07-24 10:33:19.470 [IPControllerApp] registration::finished registering engine 1:1ce30002-b16702ccee240f0e467d9a17
2018-07-24 10:33:19.471 [IPControllerApp] engine::Engine Connected: 1
2018-07-24 10:33:19.471 [IPControllerApp] registration::finished registering engine 5:66cf7566-19c545c6b1374eb55d275464
2018-07-24 10:33:19.471 [IPControllerApp] engine::Engine Connected: 5
2018-07-24 10:33:19.472 [IPControllerApp] registration::finished registering engine 4:859ab404-6547b591cff4aca01b380e55
2018-07-24 10:33:19.472 [IPControllerApp] engine::Engine Connected: 4
2018-07-24 10:33:19.472 [IPControllerApp] registration::finished registering engine 10:8aacda42-763defc0dbf6797c9dc850fb
2018-07-24 10:33:19.472 [IPControllerApp] engine::Engine Connected: 10
2018-07-24 10:33:19.473 [IPControllerApp] registration::finished registering engine 13:1bcec03d-d071795a587eaaac220049a7
2018-07-24 10:33:19.473 [IPControllerApp] engine::Engine Connected: 13
2018-07-24 10:33:19.473 [IPControllerApp] registration::finished registering engine 30:e93f6671-49cce6ed49672ba602fdb88e
2018-07-24 10:33:19.474 [IPControllerApp] engine::Engine Connected: 30
2018-07-24 10:33:19.474 [IPControllerApp] registration::finished registering engine 7:91d57270-4bf64e749403224b0e79a9c0
2018-07-24 10:33:19.474 [IPControllerApp] engine::Engine Connected: 7
2018-07-24 10:33:19.474 [IPControllerApp] registration::finished registering engine 23:f85c65a5-6259157ff0537adcab9986dc
2018-07-24 10:33:19.475 [IPControllerApp] engine::Engine Connected: 23
2018-07-24 10:33:19.475 [IPControllerApp] registration::finished registering engine 31:723f5e30-81c2a465f494c67e0a093204
2018-07-24 10:33:19.475 [IPControllerApp] engine::Engine Connected: 31
2018-07-24 10:33:19.476 [IPControllerApp] registration::finished registering engine 6:bc51efff-fe928ceb246efedff0d94052
2018-07-24 10:33:19.476 [IPControllerApp] engine::Engine Connected: 6
2018-07-24 10:33:19.476 [IPControllerApp] registration::finished registering engine 12:a8146a17-fe09316bd306e5af7c5452f0
2018-07-24 10:33:19.477 [IPControllerApp] engine::Engine Connected: 12
2018-07-24 10:33:19.477 [IPControllerApp] registration::finished registering engine 14:d37438af-4b1cea8b61234b0ea8cdcea9
2018-07-24 10:33:19.477 [IPControllerApp] engine::Engine Connected: 14
2018-07-24 10:33:19.477 [IPControllerApp] registration::finished registering engine 21:8f2f02c6-bad98824384ae5b90c2df2de
2018-07-24 10:33:19.478 [IPControllerApp] engine::Engine Connected: 21
2018-07-24 10:33:19.478 [IPControllerApp] registration::finished registering engine 16:7c288e96-dea4f66a4b0656ef9d89721a
2018-07-24 10:33:19.478 [IPControllerApp] engine::Engine Connected: 16
2018-07-24 10:33:19.479 [IPControllerApp] registration::finished registering engine 15:cef7429c-cc2470c745f92e4b85eddac3
2018-07-24 10:33:19.479 [IPControllerApp] engine::Engine Connected: 15
2018-07-24 10:33:19.479 [IPControllerApp] registration::finished registering engine 29:6ccd9b2f-83e2b57232ad2426b28dedde
2018-07-24 10:33:19.479 [IPControllerApp] engine::Engine Connected: 29
2018-07-24 10:33:19.480 [IPControllerApp] registration::finished registering engine 26:75a499e5-ad5230868f693e76c33c4808
2018-07-24 10:33:19.480 [IPControllerApp] engine::Engine Connected: 26
2018-07-24 10:33:19.480 [IPControllerApp] registration::finished registering engine 27:75d68f54-888fe917910ff91077a52ee3
2018-07-24 10:33:19.481 [IPControllerApp] engine::Engine Connected: 27
2018-07-24 10:33:19.481 [IPControllerApp] registration::finished registering engine 25:7bc2c76a-7671cecb3af1f093ab3046c0
2018-07-24 10:33:19.481 [IPControllerApp] engine::Engine Connected: 25
2018-07-24 10:33:19.482 [IPControllerApp] registration::finished registering engine 11:01555629-bf30d9978b759333a369c3b3
2018-07-24 10:33:19.482 [IPControllerApp] engine::Engine Connected: 11
2018-07-24 10:33:19.482 [IPControllerApp] registration::finished registering engine 28:d392b7c2-3b8971fa81df2b30528f3bed
2018-07-24 10:33:19.482 [IPControllerApp] engine::Engine Connected: 28
2018-07-24 10:33:19.483 [IPControllerApp] registration::finished registering engine 18:4ef01284-195ddc72516cf51f4de1e213
2018-07-24 10:33:19.483 [IPControllerApp] engine::Engine Connected: 18
2018-07-24 10:33:19.483 [IPControllerApp] registration::finished registering engine 2:6102bcfc-3c2e01defff2dc9f5a3ff39e
2018-07-24 10:33:19.484 [IPControllerApp] engine::Engine Connected: 2
2018-07-24 10:33:19.484 [IPControllerApp] registration::finished registering engine 3:28f21a4d-5ae5e65d2dcd8bab510d3e77
2018-07-24 10:33:19.484 [IPControllerApp] engine::Engine Connected: 3
2018-07-24 10:33:19.485 [IPControllerApp] registration::finished registering engine 22:1f1ffea6-80127540f84cb77ee2e4e726
2018-07-24 10:33:19.485 [IPControllerApp] engine::Engine Connected: 22
2018-07-24 10:33:19.485 [IPControllerApp] registration::finished registering engine 9:171e2935-e892b0adb30ca5fa0ef2d7d2
2018-07-24 10:33:19.485 [IPControllerApp] engine::Engine Connected: 9
2018-07-24 10:33:19.486 [IPControllerApp] registration::finished registering engine 19:edede590-2075079912388fbe276206b6
2018-07-24 10:33:19.486 [IPControllerApp] engine::Engine Connected: 19
2018-07-24 10:33:22.027 [IPControllerApp] task::task '7fdeee82-98590e934f1f13c93d8b3e08' arrived on 19
2018-07-24 10:33:22.028 [IPControllerApp] task::task 'e4fd11e7-61fbb2d8aecf49ff308c36de' arrived on 9
2018-07-24 10:33:22.029 [IPControllerApp] task::task 'd2105ffb-0b90f7891e62a6ca87590b99' arrived on 22
2018-07-24 10:33:22.030 [IPControllerApp] task::task 'ad5618d7-5899d0f9310b2633974d6723' arrived on 3
2018-07-24 10:33:22.031 [IPControllerApp] task::task '42831e62-42e748df19e6d831162fa39d' arrived on 2
2018-07-24 10:33:22.034 [IPControllerApp] task::task '37d34bf9-039cbc4ce8b7533a8281fa9b' arrived on 18
2018-07-24 10:33:22.038 [IPControllerApp] task::task '493c7959-69a911a6bd02c3a1e709a978' arrived on 28
2018-07-24 10:33:22.040 [IPControllerApp] task::task '217f91d5-da5a04f2b7e4758d1365853f' arrived on 11
2018-07-24 10:33:22.043 [IPControllerApp] task::task '7b755f86-f8f7a0ff45ca171c9e766bdb' arrived on 25
2018-07-24 10:33:22.045 [IPControllerApp] task::task '332c962c-32a9701aa3d80ae9d727067a' arrived on 27
2018-07-24 10:33:22.047 [IPControllerApp] task::task '60832e06-b3c079731cfca0dd2c932072' arrived on 26
2018-07-24 10:33:22.049 [IPControllerApp] task::task 'e751ebbf-4b2260b6ee928c127ad76542' arrived on 29
2018-07-24 10:33:22.051 [IPControllerApp] task::task 'db4693fc-f86eefcaa55c478f8ac59b44' arrived on 15
2018-07-24 10:33:22.054 [IPControllerApp] task::task '4028418c-36e0b364f64771fb886869a3' arrived on 16
2018-07-24 10:33:22.056 [IPControllerApp] task::task '8de927fe-ce1ed930f0f96cd605c0d41a' arrived on 21
2018-07-24 10:33:22.057 [IPControllerApp] task::task '2b810ea0-01e80c81981b16b5ecaa1db9' arrived on 14
2018-07-24 10:33:22.059 [IPControllerApp] task::task '383b1d9e-610eb8dd179a175a8134064e' arrived on 12
2018-07-24 10:33:22.061 [IPControllerApp] task::task '8ca1900c-703572928411d503c1cfb023' arrived on 6
2018-07-24 10:33:22.063 [IPControllerApp] task::task '9b23e495-fa504489ceb02c25791e775b' arrived on 31
2018-07-24 10:33:22.064 [IPControllerApp] task::task 'c49ea864-7604741310503fec81c4b596' arrived on 23
2018-07-24 10:33:22.066 [IPControllerApp] task::task '17feab39-a74a7320dc55cc083919aaa8' arrived on 7
2018-07-24 10:33:22.068 [IPControllerApp] task::task 'b0d522c8-04c9f3a84e24619cb52dc8e3' arrived on 30
2018-07-24 10:33:22.069 [IPControllerApp] task::task '18514b86-8a7ac4467a54c3f659f4dd49' arrived on 13
2018-07-24 10:33:22.072 [IPControllerApp] task::task '92f7be80-4d8ca77e8c196c883fa0961e' arrived on 10
2018-07-24 10:33:22.073 [IPControllerApp] task::task 'c84a9544-f3b4c22b65e81bd954d4ce28' arrived on 4
2018-07-24 10:33:22.074 [IPControllerApp] task::task 'a458fe3e-1ff5d2386bb374b65a0bfe9e' arrived on 5
2018-07-24 10:33:22.076 [IPControllerApp] task::task 'e21047ed-13c5bb3ae8ae7c1234b6ad64' arrived on 1
2018-07-24 10:33:22.079 [IPControllerApp] task::task '018f283b-2e84ea40fe9b8fe56216b721' arrived on 20
2018-07-24 10:33:22.081 [IPControllerApp] task::task 'f30d1091-6b60aec433f496de056b1b12' arrived on 17
2018-07-24 10:33:22.083 [IPControllerApp] task::task '9a88187b-1b26b560dff5c13449f94727' arrived on 24
2018-07-24 10:33:22.084 [IPControllerApp] task::task '2f8d6566-1e33e75e6315e7ec3919fa41' arrived on 8
2018-07-24 10:33:22.086 [IPControllerApp] task::task 'eaa62a92-1b2d6f0190affd6957abd7b3' arrived on 0
2018-07-24 10:33:50.057 [IPControllerApp] task::task '42a7ae49-324fe6016d1534170fd81b76' arrived on 3
2018-07-24 10:33:50.058 [IPControllerApp] task::task 'ad5618d7-5899d0f9310b2633974d6723' finished on 3
2018-07-24 10:33:50.074 [IPControllerApp] task::task 'a5133ec8-93f3d02aff308be4865ca8a7' arrived on 8
2018-07-24 10:33:50.075 [IPControllerApp] task::task '2f8d6566-1e33e75e6315e7ec3919fa41' finished on 8
2018-07-24 10:33:50.089 [IPControllerApp] task::task 'b25eecef-1f5ddb58bea5f0fa5e186026' arrived on 19
2018-07-24 10:33:50.090 [IPControllerApp] task::task '7fdeee82-98590e934f1f13c93d8b3e08' finished on 19
2018-07-24 10:33:50.095 [IPControllerApp] task::task 'f50fd667-a778db21c02a2a48cf6ec1e6' arrived on 29
2018-07-24 10:33:50.095 [IPControllerApp] task::task 'e751ebbf-4b2260b6ee928c127ad76542' finished on 29
2018-07-24 10:33:50.099 [IPControllerApp] task::task 'ab03f34c-1e3b2583ef4d9f15da97d36e' arrived on 6
2018-07-24 10:33:50.099 [IPControllerApp] task::task '8ca1900c-703572928411d503c1cfb023' finished on 6
2018-07-24 10:33:50.103 [IPControllerApp] task::task 'a8c5dfc2-6a8ce4ea433521ad3fad632e' arrived on 18
2018-07-24 10:33:50.104 [IPControllerApp] task::task '37d34bf9-039cbc4ce8b7533a8281fa9b' finished on 18
2018-07-24 10:33:50.109 [IPControllerApp] task::task 'bfadfca9-90d6c4c742f4cd9d27e03900' arrived on 1
2018-07-24 10:33:50.111 [IPControllerApp] task::task 'e21047ed-13c5bb3ae8ae7c1234b6ad64' finished on 1
2018-07-24 10:33:50.112 [IPControllerApp] task::task '612d259c-6139a001982fbd5433237a67' arrived on 17
2018-07-24 10:33:50.114 [IPControllerApp] task::task 'f30d1091-6b60aec433f496de056b1b12' finished on 17
2018-07-24 10:33:50.115 [IPControllerApp] task::task 'de7c9c62-99b1b066b6dec61293f1e76a' arrived on 16
2018-07-24 10:33:50.116 [IPControllerApp] task::task '4028418c-36e0b364f64771fb886869a3' finished on 16
2018-07-24 10:33:50.122 [IPControllerApp] task::task '1bb9e9cb-3605c8c18002ce9271897c1e' arrived on 5
2018-07-24 10:33:50.123 [IPControllerApp] task::task 'a458fe3e-1ff5d2386bb374b65a0bfe9e' finished on 5
2018-07-24 10:33:50.127 [IPControllerApp] task::task '258b9c55-53e30bc98296b2bea276e7c7' arrived on 0
2018-07-24 10:33:50.128 [IPControllerApp] task::task 'eaa62a92-1b2d6f0190affd6957abd7b3' finished on 0
2018-07-24 10:33:50.129 [IPControllerApp] task::task 'd80ccf36-98e3b6ffac6c6bdd2fd63305' arrived on 25
2018-07-24 10:33:50.130 [IPControllerApp] task::task '7b755f86-f8f7a0ff45ca171c9e766bdb' finished on 25
2018-07-24 10:33:50.134 [IPControllerApp] task::task 'f8ee8b66-f101979dd5ef254df63216bd' arrived on 15
2018-07-24 10:33:50.135 [IPControllerApp] task::task 'db4693fc-f86eefcaa55c478f8ac59b44' finished on 15
2018-07-24 10:33:50.136 [IPControllerApp] task::task 'cf34728d-4679cfda98e08a5de5e4e457' arrived on 24
2018-07-24 10:33:50.137 [IPControllerApp] task::task '9a88187b-1b26b560dff5c13449f94727' finished on 24
2018-07-24 10:33:50.139 [IPControllerApp] task::task '9867a7af-3285df9c3de11f7198040a30' arrived on 30
2018-07-24 10:33:50.140 [IPControllerApp] task::task 'b0d522c8-04c9f3a84e24619cb52dc8e3' finished on 30
2018-07-24 10:33:50.141 [IPControllerApp] task::task '1abcd1a0-b660b7c9ed5ac66038ce5d61' arrived on 26
2018-07-24 10:33:50.141 [IPControllerApp] task::task '60832e06-b3c079731cfca0dd2c932072' finished on 26
2018-07-24 10:33:50.143 [IPControllerApp] task::task 'a7ba7e17-bf8192e02d9c653bfd87daa9' arrived on 31
2018-07-24 10:33:50.144 [IPControllerApp] task::task '9b23e495-fa504489ceb02c25791e775b' finished on 31
2018-07-24 10:33:50.145 [IPControllerApp] task::task '2c0a0167-ec244a1acaa0abbfda3a5dd2' arrived on 12
2018-07-24 10:33:50.147 [IPControllerApp] task::task '383b1d9e-610eb8dd179a175a8134064e' finished on 12
2018-07-24 10:33:50.147 [IPControllerApp] task::task '90186c1e-d504142f66834bb9d2711394' arrived on 20
2018-07-24 10:33:50.148 [IPControllerApp] task::task '018f283b-2e84ea40fe9b8fe56216b721' finished on 20
2018-07-24 10:33:52.061 [IPControllerApp] task::task 'a318082f-d3e667cc8c98aaad965eff9e' arrived on 9
2018-07-24 10:33:52.062 [IPControllerApp] task::task 'e4fd11e7-61fbb2d8aecf49ff308c36de' finished on 9
2018-07-24 10:33:52.065 [IPControllerApp] task::task '5d41eda1-653a645157b56b63ad61fac0' arrived on 22
2018-07-24 10:33:52.066 [IPControllerApp] task::task 'd2105ffb-0b90f7891e62a6ca87590b99' finished on 22
2018-07-24 10:33:52.070 [IPControllerApp] task::task 'aa3892d9-54fefa18c75a1f59854c6402' arrived on 13
2018-07-24 10:33:52.071 [IPControllerApp] task::task '18514b86-8a7ac4467a54c3f659f4dd49' finished on 13
2018-07-24 10:33:52.074 [IPControllerApp] task::task '8da9ec2f-a25996778c998e676dbcf1df' arrived on 4
2018-07-24 10:33:52.074 [IPControllerApp] task::task 'c84a9544-f3b4c22b65e81bd954d4ce28' finished on 4
2018-07-24 10:33:52.077 [IPControllerApp] task::task 'bc4f07ba-d77013a64dcecc6ce0807f50' arrived on 2
2018-07-24 10:33:52.078 [IPControllerApp] task::task '42831e62-42e748df19e6d831162fa39d' finished on 2
2018-07-24 10:33:52.081 [IPControllerApp] task::task '22eddfb5-58068da220446c7f23db9bb5' arrived on 7
2018-07-24 10:33:52.082 [IPControllerApp] task::task '17feab39-a74a7320dc55cc083919aaa8' finished on 7
2018-07-24 10:33:52.085 [IPControllerApp] task::task 'c7e9ca06-50c1cce9e6f3704df42c333e' arrived on 14
2018-07-24 10:33:52.086 [IPControllerApp] task::task '2b810ea0-01e80c81981b16b5ecaa1db9' finished on 14
2018-07-24 10:33:52.089 [IPControllerApp] task::task '4e4f8e97-6fb74ddccd94edd60eafd871' arrived on 27
2018-07-24 10:33:52.089 [IPControllerApp] task::task '332c962c-32a9701aa3d80ae9d727067a' finished on 27
2018-07-24 10:33:52.092 [IPControllerApp] task::task '149a116a-d878f67ea48d389a39f412cf' arrived on 21
2018-07-24 10:33:52.093 [IPControllerApp] task::task '8de927fe-ce1ed930f0f96cd605c0d41a' finished on 21
2018-07-24 10:33:52.096 [IPControllerApp] task::task 'cbcc8e4c-5e48358708e04711494a28bd' arrived on 11
2018-07-24 10:33:52.097 [IPControllerApp] task::task '217f91d5-da5a04f2b7e4758d1365853f' finished on 11
2018-07-24 10:33:52.100 [IPControllerApp] task::task '4716d3f2-d2fe2a323b44658d9d9a1d81' arrived on 10
2018-07-24 10:33:52.100 [IPControllerApp] task::task '92f7be80-4d8ca77e8c196c883fa0961e' finished on 10
2018-07-24 10:33:52.103 [IPControllerApp] task::task '75aa7a39-44f93a4464b3a43e3b726494' arrived on 23
2018-07-24 10:33:52.104 [IPControllerApp] task::task 'c49ea864-7604741310503fec81c4b596' finished on 23
2018-07-24 10:33:52.107 [IPControllerApp] task::task 'a3ab2abd-64b759ee0f6a770fa5f50478' arrived on 28
2018-07-24 10:33:52.108 [IPControllerApp] task::task '493c7959-69a911a6bd02c3a1e709a978' finished on 28
2018-07-24 10:34:01.110 [IPControllerApp] task::task 'a4725578-8083541602d851060bea55e1' arrived on 20
2018-07-24 10:34:01.111 [IPControllerApp] task::task '90186c1e-d504142f66834bb9d2711394' finished on 20
2018-07-24 10:34:01.113 [IPControllerApp] task::task '1014713d-2443296b9e730d5437c418df' arrived on 8
2018-07-24 10:34:01.114 [IPControllerApp] task::task 'a5133ec8-93f3d02aff308be4865ca8a7' finished on 8
2018-07-24 10:34:01.116 [IPControllerApp] task::task '789c6bda-ad60c8df76cd4830a4500fc8' arrived on 5
2018-07-24 10:34:01.117 [IPControllerApp] task::task '1bb9e9cb-3605c8c18002ce9271897c1e' finished on 5
2018-07-24 10:34:01.119 [IPControllerApp] task::task 'aab764ef-f9fcccaf71603d701f22c3af' arrived on 16
2018-07-24 10:34:01.120 [IPControllerApp] task::task 'de7c9c62-99b1b066b6dec61293f1e76a' finished on 16
2018-07-24 10:34:01.123 [IPControllerApp] task::task '8ae6be77-f38d7db3a5550e3d44d5c8c9' arrived on 3
2018-07-24 10:34:01.123 [IPControllerApp] task::task '42a7ae49-324fe6016d1534170fd81b76' finished on 3
2018-07-24 10:34:01.126 [IPControllerApp] task::task 'f9e4a08e-d53e3ab7548df941eb229936' arrived on 29
2018-07-24 10:34:01.127 [IPControllerApp] task::task 'f50fd667-a778db21c02a2a48cf6ec1e6' finished on 29
2018-07-24 10:34:01.129 [IPControllerApp] task::task 'c5244a5b-cf20068557001c2035162a95' arrived on 19
2018-07-24 10:34:01.130 [IPControllerApp] task::task 'b25eecef-1f5ddb58bea5f0fa5e186026' finished on 19
2018-07-24 10:34:01.133 [IPControllerApp] task::task 'c8337415-eb52238ed959aaa8ec61ddd4' arrived on 25
2018-07-24 10:34:01.134 [IPControllerApp] task::task 'd80ccf36-98e3b6ffac6c6bdd2fd63305' finished on 25
2018-07-24 10:34:01.136 [IPControllerApp] task::task 'cc0462b3-1073d733974cb4ede2ae2811' arrived on 31
2018-07-24 10:34:01.137 [IPControllerApp] task::task 'a7ba7e17-bf8192e02d9c653bfd87daa9' finished on 31
2018-07-24 10:34:01.139 [IPControllerApp] task::task '960adfa6-c73b6dfdd3aa99a002483cc6' arrived on 26
2018-07-24 10:34:01.140 [IPControllerApp] task::task '1abcd1a0-b660b7c9ed5ac66038ce5d61' finished on 26
2018-07-24 10:34:01.143 [IPControllerApp] task::task 'f6f98573-21d0ddf57fcc057c8dcfd8e3' arrived on 24
2018-07-24 10:34:01.143 [IPControllerApp] task::task 'cf34728d-4679cfda98e08a5de5e4e457' finished on 24
2018-07-24 10:34:01.146 [IPControllerApp] task::task '1923bc3c-714636a5e26d8f2ef63b7119' arrived on 30
2018-07-24 10:34:01.147 [IPControllerApp] task::task '9867a7af-3285df9c3de11f7198040a30' finished on 30
2018-07-24 10:34:01.149 [IPControllerApp] task::task 'e1202449-0bd11360e4f0d14b132a34fb' arrived on 6
2018-07-24 10:34:01.150 [IPControllerApp] task::task 'ab03f34c-1e3b2583ef4d9f15da97d36e' finished on 6
2018-07-24 10:34:01.152 [IPControllerApp] task::task '740dedae-14015414177dfcc43f67e964' arrived on 18
2018-07-24 10:34:01.153 [IPControllerApp] task::task 'a8c5dfc2-6a8ce4ea433521ad3fad632e' finished on 18
2018-07-24 10:34:01.156 [IPControllerApp] task::task '01aac910-b5fecd89cef8f17d035b01c6' arrived on 12
2018-07-24 10:34:01.157 [IPControllerApp] task::task '2c0a0167-ec244a1acaa0abbfda3a5dd2' finished on 12
2018-07-24 10:34:01.159 [IPControllerApp] task::task '01d908d6-506290ef93d2c95ee0840fa2' arrived on 17
2018-07-24 10:34:01.160 [IPControllerApp] task::task '612d259c-6139a001982fbd5433237a67' finished on 17
2018-07-24 10:34:01.163 [IPControllerApp] task::task 'c97befb7-a283be68e222bb78ef22bcce' arrived on 15
2018-07-24 10:34:01.163 [IPControllerApp] task::task 'f8ee8b66-f101979dd5ef254df63216bd' finished on 15
2018-07-24 10:34:01.166 [IPControllerApp] task::task 'f93dd8f3-486014059a88a4236445ad4b' arrived on 0
2018-07-24 10:34:01.167 [IPControllerApp] task::task '258b9c55-53e30bc98296b2bea276e7c7' finished on 0
2018-07-24 10:34:01.171 [IPControllerApp] task::task '4ad83e63-84b882a930b68fe2f1b7a5b8' arrived on 1
2018-07-24 10:34:01.172 [IPControllerApp] task::task 'bfadfca9-90d6c4c742f4cd9d27e03900' finished on 1
2018-07-24 10:34:02.148 [IPControllerApp] task::task 'eab8ff09-03950df24a7f1c0be65eb122' arrived on 22
2018-07-24 10:34:02.149 [IPControllerApp] task::task '5d41eda1-653a645157b56b63ad61fac0' finished on 22
2018-07-24 10:34:02.151 [IPControllerApp] task::task 'ad5a9c56-9453771e005664f1176b2ebe' arrived on 13
2018-07-24 10:34:02.152 [IPControllerApp] task::task 'aa3892d9-54fefa18c75a1f59854c6402' finished on 13
2018-07-24 10:34:02.155 [IPControllerApp] task::task '41ef0bf4-3fc0373793d31e80d7acd56e' arrived on 28
2018-07-24 10:34:02.156 [IPControllerApp] task::task 'a3ab2abd-64b759ee0f6a770fa5f50478' finished on 28
2018-07-24 10:34:02.157 [IPControllerApp] task::task 'e5fce1b5-c6f0fa1c5036541cf5b38a9f' arrived on 10
2018-07-24 10:34:02.159 [IPControllerApp] task::task '4716d3f2-d2fe2a323b44658d9d9a1d81' finished on 10
2018-07-24 10:34:02.160 [IPControllerApp] task::task 'f268885f-3b9145840a01329913b33c07' arrived on 11
2018-07-24 10:34:02.161 [IPControllerApp] task::task 'cbcc8e4c-5e48358708e04711494a28bd' finished on 11
2018-07-24 10:34:02.162 [IPControllerApp] task::task '86b7f8bc-99017448e9338f0efc72e3e8' arrived on 23
2018-07-24 10:34:02.163 [IPControllerApp] task::task '75aa7a39-44f93a4464b3a43e3b726494' finished on 23
2018-07-24 10:34:02.165 [IPControllerApp] task::task '3ccb75a0-581d7e6dbe848a4bb4ab826e' arrived on 9
2018-07-24 10:34:02.166 [IPControllerApp] task::task 'a318082f-d3e667cc8c98aaad965eff9e' finished on 9
2018-07-24 10:34:02.167 [IPControllerApp] task::task '253abfe3-0dcb7a840d3ef16eb55178b6' arrived on 7
2018-07-24 10:34:02.168 [IPControllerApp] task::task '22eddfb5-58068da220446c7f23db9bb5' finished on 7
2018-07-24 10:34:02.169 [IPControllerApp] task::task '9df3ee33-cf875330cacd8aed05e262af' arrived on 14
2018-07-24 10:34:02.171 [IPControllerApp] task::task 'c7e9ca06-50c1cce9e6f3704df42c333e' finished on 14
2018-07-24 10:34:02.172 [IPControllerApp] task::task 'df76c32e-b1ef8b9a091191ccdd73bcde' arrived on 4
2018-07-24 10:34:02.173 [IPControllerApp] task::task '8da9ec2f-a25996778c998e676dbcf1df' finished on 4
2018-07-24 10:34:02.174 [IPControllerApp] task::task '6dc1d133-f338779e405e55d3e48ca621' arrived on 21
2018-07-24 10:34:02.175 [IPControllerApp] task::task '149a116a-d878f67ea48d389a39f412cf' finished on 21
2018-07-24 10:34:02.177 [IPControllerApp] task::task '2315e145-82254c898769dfde11ccfea3' arrived on 2
2018-07-24 10:34:02.178 [IPControllerApp] task::task 'bc4f07ba-d77013a64dcecc6ce0807f50' finished on 2
2018-07-24 10:34:02.179 [IPControllerApp] task::task '8376ba39-565baec4b36150449ed7743a' arrived on 27
2018-07-24 10:34:02.180 [IPControllerApp] task::task '4e4f8e97-6fb74ddccd94edd60eafd871' finished on 27
