2018-07-18 13:40:15.012 [IPControllerApp] Created profile dir: '/scratch/midway2/madduru/parsl/parsl/tests/integration/test_stress/runinfo/1180/profile_midway_ipp'
2018-07-18 13:40:15.029 [IPControllerApp] Hub listening on tcp://*:49868 for registration.
2018-07-18 13:40:15.031 [IPControllerApp] Hub using DB backend: 'DictDB'
2018-07-18 13:40:15.294 [IPControllerApp] hub::created hub
2018-07-18 13:40:15.294 [IPControllerApp] writing connection info to /scratch/midway2/madduru/parsl/parsl/tests/integration/test_stress/runinfo/1180/profile_midway_ipp/security/ipcontroller-client.json
2018-07-18 13:40:15.295 [IPControllerApp] writing connection info to /scratch/midway2/madduru/parsl/parsl/tests/integration/test_stress/runinfo/1180/profile_midway_ipp/security/ipcontroller-engine.json
2018-07-18 13:40:15.296 [IPControllerApp] task::using Python leastload Task scheduler
2018-07-18 13:40:15.297 [IPControllerApp] Heartmonitor started
2018-07-18 13:40:15.306 [IPControllerApp] Creating pid file: /scratch/midway2/madduru/parsl/parsl/tests/integration/test_stress/runinfo/1180/profile_midway_ipp/pid/ipcontroller.pid
2018-07-18 13:40:15.314 [scheduler] Scheduler started [leastload]
2018-07-18 13:40:15.317 [IPControllerApp] client::client b'\x00k\x8bEg' requested 'connection_request'
2018-07-18 13:40:15.317 [IPControllerApp] client::client [b'\x00k\x8bEg'] connected
2018-07-18 13:40:16.484 [IPControllerApp] client::client b'\x00k\x8bEh' requested 'connection_request'
2018-07-18 13:40:16.485 [IPControllerApp] client::client [b'\x00k\x8bEh'] connected
2018-07-18 13:40:55.865 [IPControllerApp] client::client b'75e63f9d-4afc095d26b6063633ec3ab4' requested 'registration_request'
2018-07-18 13:40:55.867 [IPControllerApp] client::client b'df17d729-b825261b8d2fc751e8825b7e' requested 'registration_request'
2018-07-18 13:40:55.869 [IPControllerApp] client::client b'39c51a1d-cc8f0d59d5a4d6b6653c09a9' requested 'registration_request'
2018-07-18 13:40:55.869 [IPControllerApp] client::client b'cca2b888-fe5e17e85ee2103abfe400b0' requested 'registration_request'
2018-07-18 13:40:55.870 [IPControllerApp] client::client b'ae65b748-e735cbd4d0154a5827148af0' requested 'registration_request'
2018-07-18 13:40:55.871 [IPControllerApp] client::client b'd4df8776-7c61e18a2d993d68fb3bbc1b' requested 'registration_request'
2018-07-18 13:40:55.872 [IPControllerApp] client::client b'8f8202b2-d3b600469b3c4be02c98549a' requested 'registration_request'
2018-07-18 13:40:55.873 [IPControllerApp] client::client b'e5cca38d-ede26e4108fae8f27a0b44fd' requested 'registration_request'
2018-07-18 13:40:55.874 [IPControllerApp] client::client b'766cb854-3563cac4b59624e498f31276' requested 'registration_request'
2018-07-18 13:40:55.875 [IPControllerApp] client::client b'ec33f208-86c58af01419387fe2bed7fd' requested 'registration_request'
2018-07-18 13:40:55.876 [IPControllerApp] client::client b'be35af76-86ccda3041e9952b708a6923' requested 'registration_request'
2018-07-18 13:40:55.880 [IPControllerApp] client::client b'a581d1be-64101879b872bdb535b3fa06' requested 'registration_request'
2018-07-18 13:40:55.881 [IPControllerApp] client::client b'5f104b31-b706917838263a8b896e9380' requested 'registration_request'
2018-07-18 13:40:55.887 [IPControllerApp] client::client b'535cdecd-c6cab2288671d7397b795a61' requested 'registration_request'
2018-07-18 13:40:55.888 [IPControllerApp] client::client b'337ce545-2ad50bc8ba0288a01e036f2f' requested 'registration_request'
2018-07-18 13:40:55.889 [IPControllerApp] client::client b'9c40c571-7290ed0840b02ec7733fca10' requested 'registration_request'
2018-07-18 13:40:55.892 [IPControllerApp] client::client b'eca4ef9b-36dff3390999c343fbf0da97' requested 'registration_request'
2018-07-18 13:40:55.893 [IPControllerApp] client::client b'5dab3512-7ac4b4fee2210af291a18182' requested 'registration_request'
2018-07-18 13:40:55.898 [IPControllerApp] client::client b'9b174f8e-ced017a257719e3a314fb113' requested 'registration_request'
2018-07-18 13:40:55.901 [IPControllerApp] client::client b'156a670c-4b939b70b87bf5a4b73d7a32' requested 'registration_request'
2018-07-18 13:40:55.902 [IPControllerApp] client::client b'0ebab709-72859210d6be09870a049c6a' requested 'registration_request'
2018-07-18 13:40:55.903 [IPControllerApp] client::client b'40b7381e-591e2a85db53908fad2db83d' requested 'registration_request'
2018-07-18 13:40:55.904 [IPControllerApp] client::client b'026049ae-7d5c7955bc604fb1c8cee6ab' requested 'registration_request'
2018-07-18 13:40:55.905 [IPControllerApp] client::client b'7925f8e7-6ddadcc713d9f99c36313dd8' requested 'registration_request'
2018-07-18 13:40:55.906 [IPControllerApp] client::client b'364dfcbd-66a0823f60d84b418a38e84d' requested 'registration_request'
2018-07-18 13:40:55.907 [IPControllerApp] client::client b'dba28fd8-870b09f97a01d452ff28f27b' requested 'registration_request'
2018-07-18 13:40:55.908 [IPControllerApp] client::client b'24a40f7e-4ccbeefdb8a9bda691d4d4a4' requested 'registration_request'
2018-07-18 13:40:55.909 [IPControllerApp] client::client b'e457d73a-e31487a6dd32560d314ff367' requested 'registration_request'
2018-07-18 13:40:55.918 [IPControllerApp] client::client b'299891e8-2e178fdad67681ac2222ee77' requested 'registration_request'
2018-07-18 13:40:55.920 [IPControllerApp] client::client b'98ed294e-bddb159100e179d2b982560b' requested 'registration_request'
2018-07-18 13:40:55.921 [IPControllerApp] client::client b'07537ec1-553c0738abeea9d76c5d0782' requested 'registration_request'
2018-07-18 13:40:55.927 [IPControllerApp] client::client b'6eef6e4c-2cfe21e9f7012ac923753da9' requested 'registration_request'
2018-07-18 13:41:00.300 [IPControllerApp] registration::finished registering engine 27:e457d73a-e31487a6dd32560d314ff367
2018-07-18 13:41:00.301 [IPControllerApp] engine::Engine Connected: 27
2018-07-18 13:41:00.302 [IPControllerApp] registration::finished registering engine 24:364dfcbd-66a0823f60d84b418a38e84d
2018-07-18 13:41:00.302 [IPControllerApp] engine::Engine Connected: 24
2018-07-18 13:41:00.303 [IPControllerApp] registration::finished registering engine 8:766cb854-3563cac4b59624e498f31276
2018-07-18 13:41:00.303 [IPControllerApp] engine::Engine Connected: 8
2018-07-18 13:41:00.304 [IPControllerApp] registration::finished registering engine 25:dba28fd8-870b09f97a01d452ff28f27b
2018-07-18 13:41:00.304 [IPControllerApp] engine::Engine Connected: 25
2018-07-18 13:41:00.304 [IPControllerApp] registration::finished registering engine 3:cca2b888-fe5e17e85ee2103abfe400b0
2018-07-18 13:41:00.304 [IPControllerApp] engine::Engine Connected: 3
2018-07-18 13:41:00.305 [IPControllerApp] registration::finished registering engine 17:5dab3512-7ac4b4fee2210af291a18182
2018-07-18 13:41:00.305 [IPControllerApp] engine::Engine Connected: 17
2018-07-18 13:41:00.305 [IPControllerApp] registration::finished registering engine 2:39c51a1d-cc8f0d59d5a4d6b6653c09a9
2018-07-18 13:41:00.306 [IPControllerApp] engine::Engine Connected: 2
2018-07-18 13:41:00.306 [IPControllerApp] registration::finished registering engine 9:ec33f208-86c58af01419387fe2bed7fd
2018-07-18 13:41:00.306 [IPControllerApp] engine::Engine Connected: 9
2018-07-18 13:41:00.307 [IPControllerApp] registration::finished registering engine 23:7925f8e7-6ddadcc713d9f99c36313dd8
2018-07-18 13:41:00.307 [IPControllerApp] engine::Engine Connected: 23
2018-07-18 13:41:00.307 [IPControllerApp] registration::finished registering engine 31:6eef6e4c-2cfe21e9f7012ac923753da9
2018-07-18 13:41:00.307 [IPControllerApp] engine::Engine Connected: 31
2018-07-18 13:41:00.308 [IPControllerApp] registration::finished registering engine 7:e5cca38d-ede26e4108fae8f27a0b44fd
2018-07-18 13:41:00.308 [IPControllerApp] engine::Engine Connected: 7
2018-07-18 13:41:00.308 [IPControllerApp] registration::finished registering engine 6:8f8202b2-d3b600469b3c4be02c98549a
2018-07-18 13:41:00.309 [IPControllerApp] engine::Engine Connected: 6
2018-07-18 13:41:00.309 [IPControllerApp] registration::finished registering engine 28:299891e8-2e178fdad67681ac2222ee77
2018-07-18 13:41:00.309 [IPControllerApp] engine::Engine Connected: 28
2018-07-18 13:41:00.310 [IPControllerApp] registration::finished registering engine 15:9c40c571-7290ed0840b02ec7733fca10
2018-07-18 13:41:00.310 [IPControllerApp] engine::Engine Connected: 15
2018-07-18 13:41:00.310 [IPControllerApp] registration::finished registering engine 20:0ebab709-72859210d6be09870a049c6a
2018-07-18 13:41:00.310 [IPControllerApp] engine::Engine Connected: 20
2018-07-18 13:41:00.311 [IPControllerApp] registration::finished registering engine 19:156a670c-4b939b70b87bf5a4b73d7a32
2018-07-18 13:41:00.311 [IPControllerApp] engine::Engine Connected: 19
2018-07-18 13:41:00.311 [IPControllerApp] registration::finished registering engine 0:75e63f9d-4afc095d26b6063633ec3ab4
2018-07-18 13:41:00.312 [IPControllerApp] engine::Engine Connected: 0
2018-07-18 13:41:00.312 [IPControllerApp] registration::finished registering engine 16:eca4ef9b-36dff3390999c343fbf0da97
2018-07-18 13:41:00.312 [IPControllerApp] engine::Engine Connected: 16
2018-07-18 13:41:00.313 [IPControllerApp] registration::finished registering engine 18:9b174f8e-ced017a257719e3a314fb113
2018-07-18 13:41:00.313 [IPControllerApp] engine::Engine Connected: 18
2018-07-18 13:41:00.314 [IPControllerApp] registration::finished registering engine 26:24a40f7e-4ccbeefdb8a9bda691d4d4a4
2018-07-18 13:41:00.314 [IPControllerApp] engine::Engine Connected: 26
2018-07-18 13:41:00.315 [IPControllerApp] registration::finished registering engine 29:98ed294e-bddb159100e179d2b982560b
2018-07-18 13:41:00.315 [IPControllerApp] engine::Engine Connected: 29
2018-07-18 13:41:00.315 [IPControllerApp] registration::finished registering engine 4:ae65b748-e735cbd4d0154a5827148af0
2018-07-18 13:41:00.316 [IPControllerApp] engine::Engine Connected: 4
2018-07-18 13:41:00.316 [IPControllerApp] registration::finished registering engine 5:d4df8776-7c61e18a2d993d68fb3bbc1b
2018-07-18 13:41:00.316 [IPControllerApp] engine::Engine Connected: 5
2018-07-18 13:41:00.317 [IPControllerApp] registration::finished registering engine 11:a581d1be-64101879b872bdb535b3fa06
2018-07-18 13:41:00.317 [IPControllerApp] engine::Engine Connected: 11
2018-07-18 13:41:00.317 [IPControllerApp] registration::finished registering engine 1:df17d729-b825261b8d2fc751e8825b7e
2018-07-18 13:41:00.317 [IPControllerApp] engine::Engine Connected: 1
2018-07-18 13:41:00.318 [IPControllerApp] registration::finished registering engine 22:026049ae-7d5c7955bc604fb1c8cee6ab
2018-07-18 13:41:00.318 [IPControllerApp] engine::Engine Connected: 22
2018-07-18 13:41:00.318 [IPControllerApp] registration::finished registering engine 12:5f104b31-b706917838263a8b896e9380
2018-07-18 13:41:00.319 [IPControllerApp] engine::Engine Connected: 12
2018-07-18 13:41:00.319 [IPControllerApp] registration::finished registering engine 13:535cdecd-c6cab2288671d7397b795a61
2018-07-18 13:41:00.319 [IPControllerApp] engine::Engine Connected: 13
2018-07-18 13:41:00.320 [IPControllerApp] registration::finished registering engine 30:07537ec1-553c0738abeea9d76c5d0782
2018-07-18 13:41:00.320 [IPControllerApp] engine::Engine Connected: 30
2018-07-18 13:41:00.320 [IPControllerApp] registration::finished registering engine 21:40b7381e-591e2a85db53908fad2db83d
2018-07-18 13:41:00.321 [IPControllerApp] engine::Engine Connected: 21
2018-07-18 13:41:00.321 [IPControllerApp] registration::finished registering engine 10:be35af76-86ccda3041e9952b708a6923
2018-07-18 13:41:00.321 [IPControllerApp] engine::Engine Connected: 10
2018-07-18 13:41:00.322 [IPControllerApp] registration::finished registering engine 14:337ce545-2ad50bc8ba0288a01e036f2f
2018-07-18 13:41:00.322 [IPControllerApp] engine::Engine Connected: 14
2018-07-18 13:41:00.326 [IPControllerApp] task::task 'dcb70656-8ee64fafd8c54f2fe070ff73' arrived on 27
2018-07-18 13:41:00.327 [IPControllerApp] task::task '48a4cd30-0f0013e7a5844c5db19c0b45' arrived on 24
2018-07-18 13:41:00.328 [IPControllerApp] task::task 'f034a73b-00f0d892d42cdb98d6c27f2c' arrived on 8
2018-07-18 13:41:00.329 [IPControllerApp] task::task 'c65a953c-67998bda0b3bcfca7657f2c4' arrived on 25
2018-07-18 13:41:00.330 [IPControllerApp] task::task '0663f651-2fb16934c95a138a59d8599e' arrived on 3
2018-07-18 13:41:00.331 [IPControllerApp] task::task 'b421b79f-9f3071a9ce0b1a8fc838c8f0' arrived on 17
2018-07-18 13:41:00.332 [IPControllerApp] task::task 'ac766c45-b3ecb35fe9884bea941a1a54' arrived on 2
2018-07-18 13:41:00.332 [IPControllerApp] task::task 'b43a0025-3d0493da50aed2d9bdcaa0c2' arrived on 9
2018-07-18 13:41:00.333 [IPControllerApp] task::task 'd5370ba2-fad81b6ea2e308843c454728' arrived on 23
2018-07-18 13:41:00.334 [IPControllerApp] task::task '03c7da67-1a0ca954612848b08e49a48e' arrived on 31
2018-07-18 13:41:00.335 [IPControllerApp] task::task '59c5680b-26ecfb85165b763eefeb0c0e' arrived on 7
2018-07-18 13:41:00.336 [IPControllerApp] task::task 'f2e0bf94-24982c5e483b926f56c43552' arrived on 6
2018-07-18 13:41:00.337 [IPControllerApp] task::task '8a0674bb-50b49e49512404b21e633764' arrived on 28
2018-07-18 13:41:00.338 [IPControllerApp] task::task 'd4bde26f-db83e760b6019f2213a14090' arrived on 15
2018-07-18 13:41:00.339 [IPControllerApp] task::task '2306d345-9bc2e86e6a460dfc645354c5' arrived on 20
2018-07-18 13:41:00.339 [IPControllerApp] task::task 'dfb7ad7c-4ed097e3349c9379920c78d6' arrived on 19
2018-07-18 13:41:00.341 [IPControllerApp] task::task '79109c0e-e9eb5c040ed8b490c408a05a' arrived on 0
2018-07-18 13:41:00.341 [IPControllerApp] task::task '1b51cbea-d6c484c3745023829456722e' arrived on 16
2018-07-18 13:41:00.342 [IPControllerApp] task::task '3ca5a59c-9d4e69b0165cd72f1d1573e6' arrived on 18
2018-07-18 13:41:00.343 [IPControllerApp] task::task '8b63684d-6d60b7f25b03e56e2c6640a0' arrived on 26
2018-07-18 13:41:00.344 [IPControllerApp] task::task 'dae4e71a-3849270fb529c0bfe66171e8' arrived on 29
2018-07-18 13:41:00.346 [IPControllerApp] task::task 'ce7e8855-85ace26d7cb9316435f658a1' arrived on 4
2018-07-18 13:41:00.346 [IPControllerApp] task::task '9e31a65f-eabc39a1a618ef020fb868ff' arrived on 5
2018-07-18 13:41:00.347 [IPControllerApp] task::task '4810e7ed-faa95166014422e805302679' arrived on 11
2018-07-18 13:41:00.348 [IPControllerApp] task::task 'deec3b7c-92fcdc9794d9c397b738c2c3' arrived on 1
2018-07-18 13:41:22.046 [IPControllerApp] task::task 'f2e0bf94-24982c5e483b926f56c43552' finished on 6
2018-07-18 13:41:22.049 [IPControllerApp] task::task '03c7da67-1a0ca954612848b08e49a48e' finished on 31
2018-07-18 13:41:22.053 [IPControllerApp] task::task 'd5370ba2-fad81b6ea2e308843c454728' finished on 23
2018-07-18 13:41:22.057 [IPControllerApp] task::task '3ca5a59c-9d4e69b0165cd72f1d1573e6' finished on 18
2018-07-18 13:41:22.060 [IPControllerApp] task::task 'c65a953c-67998bda0b3bcfca7657f2c4' finished on 25
2018-07-18 13:41:22.064 [IPControllerApp] task::task '48a4cd30-0f0013e7a5844c5db19c0b45' finished on 24
2018-07-18 13:41:22.069 [IPControllerApp] task::task '79109c0e-e9eb5c040ed8b490c408a05a' finished on 0
2018-07-18 13:41:22.074 [IPControllerApp] task::task 'd4bde26f-db83e760b6019f2213a14090' finished on 15
2018-07-18 13:41:22.077 [IPControllerApp] task::task 'dfb7ad7c-4ed097e3349c9379920c78d6' finished on 19
2018-07-18 13:41:22.081 [IPControllerApp] task::task 'dcb70656-8ee64fafd8c54f2fe070ff73' finished on 27
2018-07-18 13:41:22.085 [IPControllerApp] task::task '2306d345-9bc2e86e6a460dfc645354c5' finished on 20
2018-07-18 13:41:22.089 [IPControllerApp] task::task 'b421b79f-9f3071a9ce0b1a8fc838c8f0' finished on 17
2018-07-18 13:41:22.093 [IPControllerApp] task::task 'f034a73b-00f0d892d42cdb98d6c27f2c' finished on 8
2018-07-18 13:41:22.097 [IPControllerApp] task::task '8b63684d-6d60b7f25b03e56e2c6640a0' finished on 26
2018-07-18 13:41:22.101 [IPControllerApp] task::task '0663f651-2fb16934c95a138a59d8599e' finished on 3
2018-07-18 13:41:22.105 [IPControllerApp] task::task '8a0674bb-50b49e49512404b21e633764' finished on 28
2018-07-18 13:41:22.109 [IPControllerApp] task::task '1b51cbea-d6c484c3745023829456722e' finished on 16
2018-07-18 13:41:22.112 [IPControllerApp] task::task 'ac766c45-b3ecb35fe9884bea941a1a54' finished on 2
2018-07-18 13:41:22.116 [IPControllerApp] task::task 'dae4e71a-3849270fb529c0bfe66171e8' finished on 29
2018-07-18 13:41:22.120 [IPControllerApp] task::task 'b43a0025-3d0493da50aed2d9bdcaa0c2' finished on 9
2018-07-18 13:41:22.124 [IPControllerApp] task::task '4810e7ed-faa95166014422e805302679' finished on 11
2018-07-18 13:41:22.128 [IPControllerApp] task::task 'ce7e8855-85ace26d7cb9316435f658a1' finished on 4
2018-07-18 13:41:22.139 [IPControllerApp] task::task '9e31a65f-eabc39a1a618ef020fb868ff' finished on 5
2018-07-18 13:41:22.140 [IPControllerApp] task::task 'deec3b7c-92fcdc9794d9c397b738c2c3' finished on 1
2018-07-18 13:41:22.141 [IPControllerApp] task::task '59c5680b-26ecfb85165b763eefeb0c0e' finished on 7
2018-07-18 13:41:22.264 [IPControllerApp] CRITICAL | Received signal 15, shutting down
2018-07-18 13:41:22.264 [IPControllerApp] CRITICAL | terminating children...
