2018-07-19 10:30:25 parsl.dataflow.dflow:71 [INFO]  Parsl version: 0.5.1
2018-07-19 10:30:25 parsl.dataflow.dflow:72 [INFO]  Libsubmit version: 0.5.0-a0
2018-07-19 10:30:26 parsl.dataflow.usage_tracking.usage:125 [DEBUG]  Tracking status: True
2018-07-19 10:30:26 parsl.dataflow.usage_tracking.usage:126 [DEBUG]  Testing mode   : False
2018-07-19 10:30:26 parsl.dataflow.memoization:52 [INFO]  App caching initialized
2018-07-19 10:30:26 parsl.executors.ipp_controller:83 [DEBUG]  Starting ipcontroller with 'ipcontroller --ipython-dir=/scratch/midway2/madduru/parsl/parsl/tests/integration/test_stress/runinfo/1217 --ip=* --profile=midway_ipp   '
2018-07-19 10:30:28 parsl.executors.ipp:97 [DEBUG]  Waiting for /scratch/midway2/madduru/parsl/parsl/tests/integration/test_stress/runinfo/1217/profile_midway_ipp/security/ipcontroller-client.json
2018-07-19 10:30:28 parsl.executors.ipp:114 [DEBUG]  Starting IPyParallelExecutor with provider:
SlurmProvider(
    'sandyb',
    channel=LocalChannel(
        envs={}, 
        script_dir='/scratch/midway2/madduru/parsl/parsl/tests/integration/test_stress/.scripts', 
        userhome='/scratch/midway2/madduru/parsl/parsl/tests/integration/test_stress'
    ), 
    cmd_timeout=10, 
    init_blocks=1, 
    label='slurm', 
    launcher=<libsubmit.launchers.launchers.SingleNodeLauncher object at 0x7f51dc925e80>, 
    max_blocks=1, 
    min_blocks=1, 
    nodes_per_block=1, 
    overrides='module load Anaconda3/5.1.0; export PARSL_TESTING=True', 
    parallelism=0.5, 
    script_dir='parsl_scripts', 
    tasks_per_node=128, 
    walltime=601
)
2018-07-19 10:30:38 parsl.executors.ipp:126 [ERROR]  Scaling out failed: 'NoneType' object has no attribute 'strip'
