2018-07-13 14:48:43.247 [IPControllerApp] Created profile dir: '/scratch/midway2/madduru/parsl/parsl/tests/integration/test_stress/runinfo/1072/profile_midway_ipp'
2018-07-13 14:48:43.262 [IPControllerApp] Hub listening on tcp://*:64242 for registration.
2018-07-13 14:48:43.264 [IPControllerApp] Hub using DB backend: 'DictDB'
2018-07-13 14:48:43.527 [IPControllerApp] hub::created hub
2018-07-13 14:48:43.528 [IPControllerApp] writing connection info to /scratch/midway2/madduru/parsl/parsl/tests/integration/test_stress/runinfo/1072/profile_midway_ipp/security/ipcontroller-client.json
2018-07-13 14:48:43.529 [IPControllerApp] writing connection info to /scratch/midway2/madduru/parsl/parsl/tests/integration/test_stress/runinfo/1072/profile_midway_ipp/security/ipcontroller-engine.json
2018-07-13 14:48:43.530 [IPControllerApp] task::using Python leastload Task scheduler
2018-07-13 14:48:43.530 [IPControllerApp] Heartmonitor started
2018-07-13 14:48:43.539 [IPControllerApp] Creating pid file: /scratch/midway2/madduru/parsl/parsl/tests/integration/test_stress/runinfo/1072/profile_midway_ipp/pid/ipcontroller.pid
2018-07-13 14:48:43.548 [scheduler] Scheduler started [leastload]
2018-07-13 14:48:43.550 [IPControllerApp] client::client b'\x00k\x8bEg' requested 'connection_request'
2018-07-13 14:48:43.550 [IPControllerApp] client::client [b'\x00k\x8bEg'] connected
2018-07-13 14:48:44.565 [IPControllerApp] client::client b'\x00k\x8bEh' requested 'connection_request'
2018-07-13 14:48:44.565 [IPControllerApp] client::client [b'\x00k\x8bEh'] connected
2018-07-13 14:48:50.022 [IPControllerApp] client::client b'f409d00e-f00b9328553ef446f2af4cf2' requested 'registration_request'
2018-07-13 14:48:55.531 [IPControllerApp] registration::finished registering engine 0:f409d00e-f00b9328553ef446f2af4cf2
2018-07-13 14:48:55.531 [IPControllerApp] engine::Engine Connected: 0
2018-07-13 14:48:55.535 [IPControllerApp] task::task 'f455505e-7d4ff265d2f7eb27369c72fb' arrived on 0
2018-07-13 14:48:57.422 [IPControllerApp] task::task 'ba3ff9da-1472016f0b02aadbd0cd28f3' arrived on 0
2018-07-13 14:48:57.423 [IPControllerApp] task::task 'f455505e-7d4ff265d2f7eb27369c72fb' finished on 0
2018-07-13 14:48:58.428 [IPControllerApp] task::task '0ad25112-ac3eb3c77f7d94bb48e5b0d5' arrived on 0
2018-07-13 14:48:58.429 [IPControllerApp] task::task 'ba3ff9da-1472016f0b02aadbd0cd28f3' finished on 0
2018-07-13 14:48:59.434 [IPControllerApp] task::task 'ae3f345e-c2947040459ac520a3d4c590' arrived on 0
2018-07-13 14:48:59.435 [IPControllerApp] task::task '0ad25112-ac3eb3c77f7d94bb48e5b0d5' finished on 0
2018-07-13 14:49:00.439 [IPControllerApp] task::task '7e79de67-e2f7f9f4e21c00343e7d49bc' arrived on 0
2018-07-13 14:49:00.441 [IPControllerApp] task::task 'ae3f345e-c2947040459ac520a3d4c590' finished on 0
2018-07-13 14:49:01.445 [IPControllerApp] task::task '39cf118e-01dbbaa59cf93590f6866f49' arrived on 0
2018-07-13 14:49:01.445 [IPControllerApp] task::task '7e79de67-e2f7f9f4e21c00343e7d49bc' finished on 0
2018-07-13 14:49:02.451 [IPControllerApp] task::task '84b0a939-8da27d1f952fd72a7dabb2e1' arrived on 0
2018-07-13 14:49:02.452 [IPControllerApp] task::task '39cf118e-01dbbaa59cf93590f6866f49' finished on 0
2018-07-13 14:49:03.457 [IPControllerApp] task::task 'b0fb18be-57e412724c1970310bddcbf2' arrived on 0
2018-07-13 14:49:03.458 [IPControllerApp] task::task '84b0a939-8da27d1f952fd72a7dabb2e1' finished on 0
2018-07-13 14:49:04.462 [IPControllerApp] task::task '49211a62-39db3ee93ad9dd953e4569b1' arrived on 0
2018-07-13 14:49:04.463 [IPControllerApp] task::task 'b0fb18be-57e412724c1970310bddcbf2' finished on 0
2018-07-13 14:49:05.468 [IPControllerApp] task::task '9e46fce6-0a9c6a00a63da07a3182fbe9' arrived on 0
2018-07-13 14:49:05.469 [IPControllerApp] task::task '49211a62-39db3ee93ad9dd953e4569b1' finished on 0
2018-07-13 14:49:06.474 [IPControllerApp] task::task 'fe080874-38a97df5eabc3125c3eac032' arrived on 0
2018-07-13 14:49:06.474 [IPControllerApp] task::task '9e46fce6-0a9c6a00a63da07a3182fbe9' finished on 0
2018-07-13 14:49:07.479 [IPControllerApp] task::task 'a2e820fb-40e2579cd19a1fd6ccb5c9b2' arrived on 0
2018-07-13 14:49:07.480 [IPControllerApp] task::task 'fe080874-38a97df5eabc3125c3eac032' finished on 0
2018-07-13 14:49:08.485 [IPControllerApp] task::task 'c3b7d5e4-e026bf708173a9b672c66b60' arrived on 0
2018-07-13 14:49:08.486 [IPControllerApp] task::task 'a2e820fb-40e2579cd19a1fd6ccb5c9b2' finished on 0
2018-07-13 14:49:09.490 [IPControllerApp] task::task 'e2e21db3-958ed3b58480da278670c688' arrived on 0
2018-07-13 14:49:09.491 [IPControllerApp] task::task 'c3b7d5e4-e026bf708173a9b672c66b60' finished on 0
2018-07-13 14:49:10.496 [IPControllerApp] task::task '0c1e9eea-0cea668c7858f272fc54aa63' arrived on 0
2018-07-13 14:49:10.497 [IPControllerApp] task::task 'e2e21db3-958ed3b58480da278670c688' finished on 0
2018-07-13 14:49:11.502 [IPControllerApp] task::task 'cc6fba45-12ce78174913370a1f4c1026' arrived on 0
2018-07-13 14:49:11.502 [IPControllerApp] task::task '0c1e9eea-0cea668c7858f272fc54aa63' finished on 0
2018-07-13 14:49:12.507 [IPControllerApp] task::task '928bb244-19131ececc7a5eb0e583f815' arrived on 0
2018-07-13 14:49:12.508 [IPControllerApp] task::task 'cc6fba45-12ce78174913370a1f4c1026' finished on 0
2018-07-13 14:49:13.513 [IPControllerApp] task::task '2ec8a9eb-83dcf8c34794ff568720597d' arrived on 0
2018-07-13 14:49:13.514 [IPControllerApp] task::task '928bb244-19131ececc7a5eb0e583f815' finished on 0
2018-07-13 14:49:14.518 [IPControllerApp] task::task '13a56f38-a44da48ce54a7b137f78139f' arrived on 0
2018-07-13 14:49:14.519 [IPControllerApp] task::task '2ec8a9eb-83dcf8c34794ff568720597d' finished on 0
2018-07-13 14:49:15.524 [IPControllerApp] task::task '0104c279-b7a69e7e1266a5de4421ee79' arrived on 0
2018-07-13 14:49:15.525 [IPControllerApp] task::task '13a56f38-a44da48ce54a7b137f78139f' finished on 0
2018-07-13 14:49:16.530 [IPControllerApp] task::task 'c2e7aab5-431c5f86f50a5f9965cb0d83' arrived on 0
2018-07-13 14:49:16.531 [IPControllerApp] task::task '0104c279-b7a69e7e1266a5de4421ee79' finished on 0
2018-07-13 14:49:17.536 [IPControllerApp] task::task '7ab7f0ec-5c1c295b62ccf8e2e26232fd' arrived on 0
2018-07-13 14:49:17.537 [IPControllerApp] task::task 'c2e7aab5-431c5f86f50a5f9965cb0d83' finished on 0
2018-07-13 14:49:18.542 [IPControllerApp] task::task 'eb702129-de9a154601473f4e948a27fa' arrived on 0
2018-07-13 14:49:18.543 [IPControllerApp] task::task '7ab7f0ec-5c1c295b62ccf8e2e26232fd' finished on 0
2018-07-13 14:49:19.547 [IPControllerApp] task::task 'd0020f4c-a5e17a3c5487d2311b5705db' arrived on 0
2018-07-13 14:49:19.548 [IPControllerApp] task::task 'eb702129-de9a154601473f4e948a27fa' finished on 0
2018-07-13 14:49:20.553 [IPControllerApp] task::task '0b01de5c-6520906901b396ae12154a90' arrived on 0
2018-07-13 14:49:20.554 [IPControllerApp] task::task 'd0020f4c-a5e17a3c5487d2311b5705db' finished on 0
2018-07-13 14:49:21.558 [IPControllerApp] task::task 'a74282c8-41a3af754bdb8b95d1d1eb18' arrived on 0
2018-07-13 14:49:21.559 [IPControllerApp] task::task '0b01de5c-6520906901b396ae12154a90' finished on 0
2018-07-13 14:49:22.564 [IPControllerApp] task::task '25e9712f-463592d1a17a74458ccfc93a' arrived on 0
2018-07-13 14:49:22.565 [IPControllerApp] task::task 'a74282c8-41a3af754bdb8b95d1d1eb18' finished on 0
2018-07-13 14:49:23.569 [IPControllerApp] task::task '4e879830-87d94deaa7adf03eab8288dd' arrived on 0
2018-07-13 14:49:23.570 [IPControllerApp] task::task '25e9712f-463592d1a17a74458ccfc93a' finished on 0
2018-07-13 14:49:24.575 [IPControllerApp] task::task '254337e5-903076f70b14ebefcc0cb873' arrived on 0
2018-07-13 14:49:24.576 [IPControllerApp] task::task '4e879830-87d94deaa7adf03eab8288dd' finished on 0
2018-07-13 14:49:25.581 [IPControllerApp] task::task 'afb57f79-d63aebb729ec0c79159d17da' arrived on 0
2018-07-13 14:49:25.581 [IPControllerApp] task::task '254337e5-903076f70b14ebefcc0cb873' finished on 0
2018-07-13 14:49:26.586 [IPControllerApp] task::task '6abde460-0b4720cfcbeb8fe7085dd035' arrived on 0
2018-07-13 14:49:26.587 [IPControllerApp] task::task 'afb57f79-d63aebb729ec0c79159d17da' finished on 0
2018-07-13 14:49:27.592 [IPControllerApp] task::task '0b4194d0-4dc57d325aee1019b7d3e60a' arrived on 0
2018-07-13 14:49:27.593 [IPControllerApp] task::task '6abde460-0b4720cfcbeb8fe7085dd035' finished on 0
2018-07-13 14:49:28.597 [IPControllerApp] task::task 'ceab23a9-503f5d94e604bc479fd3e683' arrived on 0
2018-07-13 14:49:28.598 [IPControllerApp] task::task '0b4194d0-4dc57d325aee1019b7d3e60a' finished on 0
2018-07-13 14:49:29.603 [IPControllerApp] task::task '4b19a8a7-f850096fb4fd6034d5bba9bb' arrived on 0
2018-07-13 14:49:29.604 [IPControllerApp] task::task 'ceab23a9-503f5d94e604bc479fd3e683' finished on 0
2018-07-13 14:49:30.609 [IPControllerApp] task::task '2befe0c3-d43969e8bfe87debd22fa075' arrived on 0
2018-07-13 14:49:30.610 [IPControllerApp] task::task '4b19a8a7-f850096fb4fd6034d5bba9bb' finished on 0
2018-07-13 14:49:31.615 [IPControllerApp] task::task '9cd06c7b-80b1c090ef8a7c32bfd26988' arrived on 0
2018-07-13 14:49:31.615 [IPControllerApp] task::task '2befe0c3-d43969e8bfe87debd22fa075' finished on 0
2018-07-13 14:49:32.620 [IPControllerApp] task::task 'abd5637d-a147d01b30def2ae8a6fc74d' arrived on 0
2018-07-13 14:49:32.621 [IPControllerApp] task::task '9cd06c7b-80b1c090ef8a7c32bfd26988' finished on 0
2018-07-13 14:49:33.626 [IPControllerApp] task::task '2acf311b-e688e77b22798f5cd208db38' arrived on 0
2018-07-13 14:49:33.627 [IPControllerApp] task::task 'abd5637d-a147d01b30def2ae8a6fc74d' finished on 0
2018-07-13 14:49:34.631 [IPControllerApp] task::task '43b9b876-b2aa1f9eabe393826e9a7f1e' arrived on 0
2018-07-13 14:49:34.632 [IPControllerApp] task::task '2acf311b-e688e77b22798f5cd208db38' finished on 0
2018-07-13 14:49:35.637 [IPControllerApp] task::task 'f56b876f-7c80f51061fa1133a438c889' arrived on 0
2018-07-13 14:49:35.638 [IPControllerApp] task::task '43b9b876-b2aa1f9eabe393826e9a7f1e' finished on 0
2018-07-13 14:49:36.642 [IPControllerApp] task::task 'f27e3d74-53255cdb53764102beec005b' arrived on 0
2018-07-13 14:49:36.643 [IPControllerApp] task::task 'f56b876f-7c80f51061fa1133a438c889' finished on 0
2018-07-13 14:49:37.648 [IPControllerApp] task::task '3e0d6bc3-1dccf28728baac37da2d8058' arrived on 0
2018-07-13 14:49:37.649 [IPControllerApp] task::task 'f27e3d74-53255cdb53764102beec005b' finished on 0
2018-07-13 14:49:38.654 [IPControllerApp] task::task '305a227a-017d582596680652184967d9' arrived on 0
2018-07-13 14:49:38.655 [IPControllerApp] task::task '3e0d6bc3-1dccf28728baac37da2d8058' finished on 0
2018-07-13 14:49:39.660 [IPControllerApp] task::task '1addc4f3-4101adfe1e2557ec65d8ed49' arrived on 0
2018-07-13 14:49:39.661 [IPControllerApp] task::task '305a227a-017d582596680652184967d9' finished on 0
2018-07-13 14:49:40.666 [IPControllerApp] task::task 'f66aaadb-1379626ff32e38d232d0f99e' arrived on 0
2018-07-13 14:49:40.667 [IPControllerApp] task::task '1addc4f3-4101adfe1e2557ec65d8ed49' finished on 0
2018-07-13 14:49:41.672 [IPControllerApp] task::task '6917c32d-b6946bdc68e706c679a91449' arrived on 0
2018-07-13 14:49:41.673 [IPControllerApp] task::task 'f66aaadb-1379626ff32e38d232d0f99e' finished on 0
2018-07-13 14:49:42.677 [IPControllerApp] task::task '0f9bcc34-d874843fb4fe21e25f492725' arrived on 0
2018-07-13 14:49:42.679 [IPControllerApp] task::task '6917c32d-b6946bdc68e706c679a91449' finished on 0
2018-07-13 14:49:43.683 [IPControllerApp] task::task '47caf7c5-059e9b46a4cdd50ccd82e56f' arrived on 0
2018-07-13 14:49:43.684 [IPControllerApp] task::task '0f9bcc34-d874843fb4fe21e25f492725' finished on 0
2018-07-13 14:49:44.688 [IPControllerApp] task::task 'b4e8ece8-e5dbeeae1335bcfae1f9af5d' arrived on 0
2018-07-13 14:49:44.690 [IPControllerApp] task::task '47caf7c5-059e9b46a4cdd50ccd82e56f' finished on 0
2018-07-13 14:49:45.694 [IPControllerApp] task::task '8851858e-ec0b2faefda8654465922bb1' arrived on 0
2018-07-13 14:49:45.695 [IPControllerApp] task::task 'b4e8ece8-e5dbeeae1335bcfae1f9af5d' finished on 0
2018-07-13 14:49:46.700 [IPControllerApp] task::task '6d3c4788-a788f20fc570ecb808fdee9b' arrived on 0
2018-07-13 14:49:46.702 [IPControllerApp] task::task '8851858e-ec0b2faefda8654465922bb1' finished on 0
2018-07-13 14:49:47.705 [IPControllerApp] task::task '930f9242-f573cdaafdf1c08fa20f6f77' arrived on 0
2018-07-13 14:49:47.706 [IPControllerApp] task::task '6d3c4788-a788f20fc570ecb808fdee9b' finished on 0
2018-07-13 14:49:48.711 [IPControllerApp] task::task 'b3499729-ed26ab6f130577a7f2c33682' arrived on 0
2018-07-13 14:49:48.713 [IPControllerApp] task::task '930f9242-f573cdaafdf1c08fa20f6f77' finished on 0
2018-07-13 14:49:49.717 [IPControllerApp] task::task 'd8e68dc3-b3107f99cb2ab205220cb670' arrived on 0
2018-07-13 14:49:49.718 [IPControllerApp] task::task 'b3499729-ed26ab6f130577a7f2c33682' finished on 0
2018-07-13 14:49:50.722 [IPControllerApp] task::task '1fb2e501-dab617f349b620c103e215d4' arrived on 0
2018-07-13 14:49:50.723 [IPControllerApp] task::task 'd8e68dc3-b3107f99cb2ab205220cb670' finished on 0
2018-07-13 14:49:51.728 [IPControllerApp] task::task 'd78a14e0-f86645d9e89a58880c482565' arrived on 0
2018-07-13 14:49:51.728 [IPControllerApp] task::task '1fb2e501-dab617f349b620c103e215d4' finished on 0
2018-07-13 14:49:52.733 [IPControllerApp] task::task 'd3708e77-b8b3fae5ff5c808de1e34c98' arrived on 0
2018-07-13 14:49:52.734 [IPControllerApp] task::task 'd78a14e0-f86645d9e89a58880c482565' finished on 0
2018-07-13 14:49:53.739 [IPControllerApp] task::task 'aacc5235-d3d231add97f3f92a767ed50' arrived on 0
2018-07-13 14:49:53.740 [IPControllerApp] task::task 'd3708e77-b8b3fae5ff5c808de1e34c98' finished on 0
2018-07-13 14:49:54.744 [IPControllerApp] task::task '045b59d4-4d6c7f3e24fd45feba78361f' arrived on 0
2018-07-13 14:49:54.745 [IPControllerApp] task::task 'aacc5235-d3d231add97f3f92a767ed50' finished on 0
2018-07-13 14:49:55.750 [IPControllerApp] task::task '5260cd63-a827e2c9218f87ff739b63e5' arrived on 0
2018-07-13 14:49:55.751 [IPControllerApp] task::task '045b59d4-4d6c7f3e24fd45feba78361f' finished on 0
2018-07-13 14:49:56.756 [IPControllerApp] task::task 'd0588689-74892d494e13dc82244531a4' arrived on 0
2018-07-13 14:49:56.757 [IPControllerApp] task::task '5260cd63-a827e2c9218f87ff739b63e5' finished on 0
2018-07-13 14:49:57.761 [IPControllerApp] task::task '5e4c72f3-18aa5ad6d1a044f9ce389e41' arrived on 0
2018-07-13 14:49:57.762 [IPControllerApp] task::task 'd0588689-74892d494e13dc82244531a4' finished on 0
2018-07-13 14:49:58.767 [IPControllerApp] task::task 'ddfe485c-3f3190fe0aa458ef5aaf0872' arrived on 0
2018-07-13 14:49:58.768 [IPControllerApp] task::task '5e4c72f3-18aa5ad6d1a044f9ce389e41' finished on 0
2018-07-13 14:49:59.773 [IPControllerApp] task::task '6a3f0c1d-b31312904a03b92101a06d31' arrived on 0
2018-07-13 14:49:59.773 [IPControllerApp] task::task 'ddfe485c-3f3190fe0aa458ef5aaf0872' finished on 0
2018-07-13 14:50:00.779 [IPControllerApp] task::task 'f2c7e168-ba701499db3811a89fe0a6b9' arrived on 0
2018-07-13 14:50:00.780 [IPControllerApp] task::task '6a3f0c1d-b31312904a03b92101a06d31' finished on 0
2018-07-13 14:50:01.785 [IPControllerApp] task::task '1f3d749c-eca3c19ec08c94a11d18ce9b' arrived on 0
2018-07-13 14:50:01.786 [IPControllerApp] task::task 'f2c7e168-ba701499db3811a89fe0a6b9' finished on 0
2018-07-13 14:50:02.791 [IPControllerApp] task::task '50b7102e-17cf185df5954ed60895173e' arrived on 0
2018-07-13 14:50:02.792 [IPControllerApp] task::task '1f3d749c-eca3c19ec08c94a11d18ce9b' finished on 0
2018-07-13 14:50:03.797 [IPControllerApp] task::task '90e7496d-8319bdbf44b91241ba8b1def' arrived on 0
2018-07-13 14:50:03.798 [IPControllerApp] task::task '50b7102e-17cf185df5954ed60895173e' finished on 0
2018-07-13 14:50:04.803 [IPControllerApp] task::task '4c1da87d-b36bb13b793aa4db69cbe547' arrived on 0
2018-07-13 14:50:04.804 [IPControllerApp] task::task '90e7496d-8319bdbf44b91241ba8b1def' finished on 0
2018-07-13 14:50:05.809 [IPControllerApp] task::task '5a7511c0-00624617b64d5dead9c45f43' arrived on 0
2018-07-13 14:50:05.809 [IPControllerApp] task::task '4c1da87d-b36bb13b793aa4db69cbe547' finished on 0
2018-07-13 14:50:06.814 [IPControllerApp] task::task 'f11684dd-eac176fdc6a9a6d4b28cb841' arrived on 0
2018-07-13 14:50:06.815 [IPControllerApp] task::task '5a7511c0-00624617b64d5dead9c45f43' finished on 0
2018-07-13 14:50:07.820 [IPControllerApp] task::task '6457e30c-5576d4a13bb4284e8176dd4b' arrived on 0
2018-07-13 14:50:07.821 [IPControllerApp] task::task 'f11684dd-eac176fdc6a9a6d4b28cb841' finished on 0
2018-07-13 14:50:08.825 [IPControllerApp] task::task 'a229cf03-f69de1b1a931dcf97bec892b' arrived on 0
2018-07-13 14:50:08.826 [IPControllerApp] task::task '6457e30c-5576d4a13bb4284e8176dd4b' finished on 0
2018-07-13 14:50:09.831 [IPControllerApp] task::task '2754cc4c-5f383526d769f14a24da2f4d' arrived on 0
2018-07-13 14:50:09.832 [IPControllerApp] task::task 'a229cf03-f69de1b1a931dcf97bec892b' finished on 0
2018-07-13 14:50:10.837 [IPControllerApp] task::task 'fe717828-b971ef4fff2d3aff8247d193' arrived on 0
2018-07-13 14:50:10.837 [IPControllerApp] task::task '2754cc4c-5f383526d769f14a24da2f4d' finished on 0
2018-07-13 14:50:11.842 [IPControllerApp] task::task '1b7b5996-de8dc6caac8a9eaa43eb52b1' arrived on 0
2018-07-13 14:50:11.843 [IPControllerApp] task::task 'fe717828-b971ef4fff2d3aff8247d193' finished on 0
2018-07-13 14:50:12.848 [IPControllerApp] task::task 'dff227aa-8b1986d55bb69ddb1356fda7' arrived on 0
2018-07-13 14:50:12.850 [IPControllerApp] task::task '1b7b5996-de8dc6caac8a9eaa43eb52b1' finished on 0
2018-07-13 14:50:13.854 [IPControllerApp] task::task '559f8b34-1c663f4e97fe1e981a095c7e' arrived on 0
2018-07-13 14:50:13.855 [IPControllerApp] task::task 'dff227aa-8b1986d55bb69ddb1356fda7' finished on 0
2018-07-13 14:50:14.859 [IPControllerApp] task::task '9dc902ff-ec6c7645a3057def021959d7' arrived on 0
2018-07-13 14:50:14.860 [IPControllerApp] task::task '559f8b34-1c663f4e97fe1e981a095c7e' finished on 0
2018-07-13 14:50:15.865 [IPControllerApp] task::task 'fa20831e-2457bb31298659abad213df3' arrived on 0
2018-07-13 14:50:15.865 [IPControllerApp] task::task '9dc902ff-ec6c7645a3057def021959d7' finished on 0
2018-07-13 14:50:16.870 [IPControllerApp] task::task '3dcc6a37-7c01ab408b022d50e2a1ef84' arrived on 0
2018-07-13 14:50:16.871 [IPControllerApp] task::task 'fa20831e-2457bb31298659abad213df3' finished on 0
2018-07-13 14:50:17.875 [IPControllerApp] task::task '00c74628-67b1982653841330190c2a5d' arrived on 0
2018-07-13 14:50:17.876 [IPControllerApp] task::task '3dcc6a37-7c01ab408b022d50e2a1ef84' finished on 0
2018-07-13 14:50:18.881 [IPControllerApp] task::task 'e79bf0c5-9a18443ad98aa0d7d0ccac11' arrived on 0
2018-07-13 14:50:18.882 [IPControllerApp] task::task '00c74628-67b1982653841330190c2a5d' finished on 0
2018-07-13 14:50:19.887 [IPControllerApp] task::task '8f72b7d4-d78fd259cb0e48f0555f643e' arrived on 0
2018-07-13 14:50:19.888 [IPControllerApp] task::task 'e79bf0c5-9a18443ad98aa0d7d0ccac11' finished on 0
2018-07-13 14:50:20.893 [IPControllerApp] task::task 'a8a56d78-ab0baf79113937a9133b34ad' arrived on 0
2018-07-13 14:50:20.894 [IPControllerApp] task::task '8f72b7d4-d78fd259cb0e48f0555f643e' finished on 0
2018-07-13 14:50:21.899 [IPControllerApp] task::task '31f85395-51fa9962dbc7948f0753bee9' arrived on 0
2018-07-13 14:50:21.901 [IPControllerApp] task::task 'a8a56d78-ab0baf79113937a9133b34ad' finished on 0
2018-07-13 14:50:22.905 [IPControllerApp] task::task 'b8024b3b-eb9ff2b6e4dc8faf5253dcdf' arrived on 0
2018-07-13 14:50:22.906 [IPControllerApp] task::task '31f85395-51fa9962dbc7948f0753bee9' finished on 0
2018-07-13 14:50:23.910 [IPControllerApp] task::task '5e6667b5-77b4b90f20256553b45ddc3e' arrived on 0
2018-07-13 14:50:23.911 [IPControllerApp] task::task 'b8024b3b-eb9ff2b6e4dc8faf5253dcdf' finished on 0
2018-07-13 14:50:24.917 [IPControllerApp] task::task 'f95e0b0f-69d41292eabb9bfd9260d04b' arrived on 0
2018-07-13 14:50:24.918 [IPControllerApp] task::task '5e6667b5-77b4b90f20256553b45ddc3e' finished on 0
2018-07-13 14:50:25.923 [IPControllerApp] task::task 'c75574e3-f614c871a66aada52b58a631' arrived on 0
2018-07-13 14:50:25.924 [IPControllerApp] task::task 'f95e0b0f-69d41292eabb9bfd9260d04b' finished on 0
2018-07-13 14:50:26.929 [IPControllerApp] task::task '004ea474-addaaa729a7a123c138ae864' arrived on 0
2018-07-13 14:50:26.929 [IPControllerApp] task::task 'c75574e3-f614c871a66aada52b58a631' finished on 0
2018-07-13 14:50:27.934 [IPControllerApp] task::task '8647ca3d-fb68b731918e7384b1a1e29f' arrived on 0
2018-07-13 14:50:27.936 [IPControllerApp] task::task '004ea474-addaaa729a7a123c138ae864' finished on 0
2018-07-13 14:50:28.940 [IPControllerApp] task::task '28fafa71-75f02ebe13377522405fc3de' arrived on 0
2018-07-13 14:50:28.941 [IPControllerApp] task::task '8647ca3d-fb68b731918e7384b1a1e29f' finished on 0
2018-07-13 14:50:29.946 [IPControllerApp] task::task 'fec6310b-a77ccc9a771f828cbc5a70a5' arrived on 0
2018-07-13 14:50:29.947 [IPControllerApp] task::task '28fafa71-75f02ebe13377522405fc3de' finished on 0
2018-07-13 14:50:30.951 [IPControllerApp] task::task 'f18e2711-6794be9af56b30df721b5010' arrived on 0
2018-07-13 14:50:30.952 [IPControllerApp] task::task 'fec6310b-a77ccc9a771f828cbc5a70a5' finished on 0
2018-07-13 14:50:31.957 [IPControllerApp] task::task '75385664-bb656dc661b797cd723f66f7' arrived on 0
2018-07-13 14:50:31.958 [IPControllerApp] task::task 'f18e2711-6794be9af56b30df721b5010' finished on 0
2018-07-13 14:50:32.962 [IPControllerApp] task::task 'bd988b6c-10b9909c774eb26d789a1e47' arrived on 0
2018-07-13 14:50:32.963 [IPControllerApp] task::task '75385664-bb656dc661b797cd723f66f7' finished on 0
2018-07-13 14:50:33.968 [IPControllerApp] task::task '2d86c8ae-49df60b9d62c3c09f8ff9516' arrived on 0
2018-07-13 14:50:33.969 [IPControllerApp] task::task 'bd988b6c-10b9909c774eb26d789a1e47' finished on 0
2018-07-13 14:50:34.973 [IPControllerApp] task::task '6205e5a1-2c930dcbff3cfef0b2fe3c0d' arrived on 0
2018-07-13 14:50:34.974 [IPControllerApp] task::task '2d86c8ae-49df60b9d62c3c09f8ff9516' finished on 0
2018-07-13 14:50:35.979 [IPControllerApp] task::task '04ab400b-8bd402b5f87216c9bf039eef' arrived on 0
2018-07-13 14:50:35.980 [IPControllerApp] task::task '6205e5a1-2c930dcbff3cfef0b2fe3c0d' finished on 0
2018-07-13 14:50:36.984 [IPControllerApp] task::task '0fe4886f-8b4108befaec3edce2868994' arrived on 0
2018-07-13 14:50:36.985 [IPControllerApp] task::task '04ab400b-8bd402b5f87216c9bf039eef' finished on 0
2018-07-13 14:50:37.990 [IPControllerApp] task::task '7751b266-939e177c3eedeed7fe15d159' arrived on 0
2018-07-13 14:50:37.991 [IPControllerApp] task::task '0fe4886f-8b4108befaec3edce2868994' finished on 0
2018-07-13 14:50:38.996 [IPControllerApp] task::task '7b6b0344-1b48394855347bf4b1538f68' arrived on 0
2018-07-13 14:50:38.997 [IPControllerApp] task::task '7751b266-939e177c3eedeed7fe15d159' finished on 0
2018-07-13 14:50:40.002 [IPControllerApp] task::task 'ff7d561c-5ccad713769742372ad3c936' arrived on 0
2018-07-13 14:50:40.003 [IPControllerApp] task::task '7b6b0344-1b48394855347bf4b1538f68' finished on 0
2018-07-13 14:50:41.007 [IPControllerApp] task::task '99ddcd19-e7178d79cc49b58050150a6e' arrived on 0
2018-07-13 14:50:41.008 [IPControllerApp] task::task 'ff7d561c-5ccad713769742372ad3c936' finished on 0
2018-07-13 14:50:42.013 [IPControllerApp] task::task '3250c0a8-ea9771449c0d576ca6382e77' arrived on 0
2018-07-13 14:50:42.014 [IPControllerApp] task::task '99ddcd19-e7178d79cc49b58050150a6e' finished on 0
2018-07-13 14:50:43.019 [IPControllerApp] task::task 'a07b4101-a4a7419f9e6afaea41603e6b' arrived on 0
2018-07-13 14:50:43.020 [IPControllerApp] task::task '3250c0a8-ea9771449c0d576ca6382e77' finished on 0
2018-07-13 14:50:44.025 [IPControllerApp] task::task 'd6b786ec-912c039fb35de10b3a16155f' arrived on 0
2018-07-13 14:50:44.026 [IPControllerApp] task::task 'a07b4101-a4a7419f9e6afaea41603e6b' finished on 0
2018-07-13 14:50:45.031 [IPControllerApp] task::task '16b11b26-2e639b39bd01af11f117e820' arrived on 0
2018-07-13 14:50:45.032 [IPControllerApp] task::task 'd6b786ec-912c039fb35de10b3a16155f' finished on 0
2018-07-13 14:50:46.036 [IPControllerApp] task::task '03c4bdf2-6fdd585a61333b44dfd86c18' arrived on 0
2018-07-13 14:50:46.037 [IPControllerApp] task::task '16b11b26-2e639b39bd01af11f117e820' finished on 0
2018-07-13 14:50:47.042 [IPControllerApp] task::task '4980265b-70e2cb0e163e4506f0de2562' arrived on 0
2018-07-13 14:50:47.043 [IPControllerApp] task::task '03c4bdf2-6fdd585a61333b44dfd86c18' finished on 0
2018-07-13 14:50:48.048 [IPControllerApp] task::task '4810634f-c89a2d27bbf2f990af4d1969' arrived on 0
2018-07-13 14:50:48.049 [IPControllerApp] task::task '4980265b-70e2cb0e163e4506f0de2562' finished on 0
2018-07-13 14:50:49.053 [IPControllerApp] task::task '38745e9e-390e98fd074c05782db4f61a' arrived on 0
2018-07-13 14:50:49.054 [IPControllerApp] task::task '4810634f-c89a2d27bbf2f990af4d1969' finished on 0
2018-07-13 14:50:50.059 [IPControllerApp] task::task 'f863ab91-630c56caf3f1e279e56b6ec8' arrived on 0
2018-07-13 14:50:50.060 [IPControllerApp] task::task '38745e9e-390e98fd074c05782db4f61a' finished on 0
2018-07-13 14:50:51.064 [IPControllerApp] task::task 'c41bb1dd-9f58a4dc786b69c07e693e20' arrived on 0
2018-07-13 14:50:51.065 [IPControllerApp] task::task 'f863ab91-630c56caf3f1e279e56b6ec8' finished on 0
2018-07-13 14:50:52.071 [IPControllerApp] task::task '63147fa6-8be1973a768627287e3961fc' arrived on 0
2018-07-13 14:50:52.071 [IPControllerApp] task::task 'c41bb1dd-9f58a4dc786b69c07e693e20' finished on 0
2018-07-13 14:50:53.076 [IPControllerApp] task::task '832f7c94-7869ca51bad823f0bc0c6c40' arrived on 0
2018-07-13 14:50:53.077 [IPControllerApp] task::task '63147fa6-8be1973a768627287e3961fc' finished on 0
2018-07-13 14:50:54.082 [IPControllerApp] task::task 'fe0051b6-3472c4007d8f1645a22531d4' arrived on 0
2018-07-13 14:50:54.083 [IPControllerApp] task::task '832f7c94-7869ca51bad823f0bc0c6c40' finished on 0
2018-07-13 14:50:55.087 [IPControllerApp] task::task 'ba75ed57-13a91e91f787c8b6d686bf60' arrived on 0
2018-07-13 14:50:55.088 [IPControllerApp] task::task 'fe0051b6-3472c4007d8f1645a22531d4' finished on 0
2018-07-13 14:50:56.093 [IPControllerApp] task::task 'db77ff94-8d4bde906d091f9869d49f6c' arrived on 0
2018-07-13 14:50:56.093 [IPControllerApp] task::task 'ba75ed57-13a91e91f787c8b6d686bf60' finished on 0
2018-07-13 14:50:57.098 [IPControllerApp] task::task '4fc79cee-0bc2d19b89ae7ca3844a5a1e' arrived on 0
2018-07-13 14:50:57.099 [IPControllerApp] task::task 'db77ff94-8d4bde906d091f9869d49f6c' finished on 0
2018-07-13 14:50:58.104 [IPControllerApp] task::task 'ded75441-f27360c5447fc156afde1c61' arrived on 0
2018-07-13 14:50:58.105 [IPControllerApp] task::task '4fc79cee-0bc2d19b89ae7ca3844a5a1e' finished on 0
2018-07-13 14:50:59.109 [IPControllerApp] task::task '2761e795-bd10c50e6f10938959be5ba1' arrived on 0
2018-07-13 14:50:59.110 [IPControllerApp] task::task 'ded75441-f27360c5447fc156afde1c61' finished on 0
2018-07-13 14:51:00.115 [IPControllerApp] task::task 'a7b53b40-1fade86b2cd8161b98e08007' arrived on 0
2018-07-13 14:51:00.116 [IPControllerApp] task::task '2761e795-bd10c50e6f10938959be5ba1' finished on 0
2018-07-13 14:51:01.121 [IPControllerApp] task::task '414577d8-678ec168bd8b93bf0b34e36c' arrived on 0
2018-07-13 14:51:01.122 [IPControllerApp] task::task 'a7b53b40-1fade86b2cd8161b98e08007' finished on 0
2018-07-13 14:51:02.127 [IPControllerApp] task::task '2702f240-d539c8c51cc8c86ac7c36da1' arrived on 0
2018-07-13 14:51:02.128 [IPControllerApp] task::task '414577d8-678ec168bd8b93bf0b34e36c' finished on 0
2018-07-13 14:51:03.132 [IPControllerApp] task::task '5df26209-2925ba10e5d5c49e416871de' arrived on 0
2018-07-13 14:51:03.133 [IPControllerApp] task::task '2702f240-d539c8c51cc8c86ac7c36da1' finished on 0
2018-07-13 14:51:04.138 [IPControllerApp] task::task '3493a56b-7ee8d8e9f0da336a3bc9a8db' arrived on 0
2018-07-13 14:51:04.139 [IPControllerApp] task::task '5df26209-2925ba10e5d5c49e416871de' finished on 0
2018-07-13 14:51:05.144 [IPControllerApp] task::task '573742e2-9e9765e5eb4c118b0f19a91c' arrived on 0
2018-07-13 14:51:05.144 [IPControllerApp] task::task '3493a56b-7ee8d8e9f0da336a3bc9a8db' finished on 0
2018-07-13 14:51:06.149 [IPControllerApp] task::task '658abfe7-674eda48f92ab2af7f7e24da' arrived on 0
2018-07-13 14:51:06.150 [IPControllerApp] task::task '573742e2-9e9765e5eb4c118b0f19a91c' finished on 0
2018-07-13 14:51:07.155 [IPControllerApp] task::task 'a2a71988-f4e3cd190067416a9d3936de' arrived on 0
2018-07-13 14:51:07.157 [IPControllerApp] task::task '658abfe7-674eda48f92ab2af7f7e24da' finished on 0
2018-07-13 14:51:08.160 [IPControllerApp] task::task '25b99d8b-5422da1702ee85c501d88b5c' arrived on 0
2018-07-13 14:51:08.161 [IPControllerApp] task::task 'a2a71988-f4e3cd190067416a9d3936de' finished on 0
2018-07-13 14:51:09.166 [IPControllerApp] task::task '9eb8204f-558a1fbb9efbb75fa049491b' arrived on 0
2018-07-13 14:51:09.167 [IPControllerApp] task::task '25b99d8b-5422da1702ee85c501d88b5c' finished on 0
2018-07-13 14:51:10.171 [IPControllerApp] task::task '739499bb-126037063b4d9397580e607a' arrived on 0
2018-07-13 14:51:10.172 [IPControllerApp] task::task '9eb8204f-558a1fbb9efbb75fa049491b' finished on 0
2018-07-13 14:51:11.177 [IPControllerApp] task::task 'f6f5b5a2-a764a5245d39dc10217c10c9' arrived on 0
2018-07-13 14:51:11.178 [IPControllerApp] task::task '739499bb-126037063b4d9397580e607a' finished on 0
2018-07-13 14:51:12.183 [IPControllerApp] task::task 'fa30d551-6572f48d8805931d63a1a26c' arrived on 0
2018-07-13 14:51:12.184 [IPControllerApp] task::task 'f6f5b5a2-a764a5245d39dc10217c10c9' finished on 0
2018-07-13 14:51:13.189 [IPControllerApp] task::task 'e0f64aa3-31f28a6ad94a45036811ebb3' arrived on 0
2018-07-13 14:51:13.190 [IPControllerApp] task::task 'fa30d551-6572f48d8805931d63a1a26c' finished on 0
2018-07-13 14:51:14.194 [IPControllerApp] task::task '5ea43d73-5758383ae4c7a07f585a2bce' arrived on 0
2018-07-13 14:51:14.195 [IPControllerApp] task::task 'e0f64aa3-31f28a6ad94a45036811ebb3' finished on 0
2018-07-13 14:51:15.200 [IPControllerApp] task::task 'feac1489-adf957b5bc235a9c0f7089aa' arrived on 0
2018-07-13 14:51:15.201 [IPControllerApp] task::task '5ea43d73-5758383ae4c7a07f585a2bce' finished on 0
2018-07-13 14:51:16.205 [IPControllerApp] task::task '8d8adf8c-5aebaa6a153e021f87bc4c91' arrived on 0
2018-07-13 14:51:16.206 [IPControllerApp] task::task 'feac1489-adf957b5bc235a9c0f7089aa' finished on 0
2018-07-13 14:51:17.211 [IPControllerApp] task::task '619b7eb1-582944047dd261db16c9808e' arrived on 0
2018-07-13 14:51:17.212 [IPControllerApp] task::task '8d8adf8c-5aebaa6a153e021f87bc4c91' finished on 0
2018-07-13 14:51:18.217 [IPControllerApp] task::task 'db1fbc68-181d28817cc2a766a0b623ee' arrived on 0
2018-07-13 14:51:18.218 [IPControllerApp] task::task '619b7eb1-582944047dd261db16c9808e' finished on 0
2018-07-13 14:51:19.223 [IPControllerApp] task::task '41999569-5a27bbf70ddee0c2372afbcc' arrived on 0
2018-07-13 14:51:19.224 [IPControllerApp] task::task 'db1fbc68-181d28817cc2a766a0b623ee' finished on 0
2018-07-13 14:51:20.228 [IPControllerApp] task::task 'bc8d7440-05f5813986e523b478b8c771' arrived on 0
2018-07-13 14:51:20.229 [IPControllerApp] task::task '41999569-5a27bbf70ddee0c2372afbcc' finished on 0
2018-07-13 14:51:21.234 [IPControllerApp] task::task 'baccf2ee-f152e2c3fbadf9704257055f' arrived on 0
2018-07-13 14:51:21.235 [IPControllerApp] task::task 'bc8d7440-05f5813986e523b478b8c771' finished on 0
2018-07-13 14:51:22.240 [IPControllerApp] task::task '2b927810-43ba66ff54f09c3b42a3490f' arrived on 0
2018-07-13 14:51:22.241 [IPControllerApp] task::task 'baccf2ee-f152e2c3fbadf9704257055f' finished on 0
2018-07-13 14:51:23.246 [IPControllerApp] task::task '47f327bc-448a2bf88d34248e4c51c5ff' arrived on 0
2018-07-13 14:51:23.247 [IPControllerApp] task::task '2b927810-43ba66ff54f09c3b42a3490f' finished on 0
2018-07-13 14:51:24.252 [IPControllerApp] task::task 'd9effa0e-edbcf1fe918b67bd0fe4d4f2' arrived on 0
2018-07-13 14:51:24.253 [IPControllerApp] task::task '47f327bc-448a2bf88d34248e4c51c5ff' finished on 0
2018-07-13 14:51:25.257 [IPControllerApp] task::task '0eb79f71-7ad3014706728686d0fb2094' arrived on 0
2018-07-13 14:51:25.258 [IPControllerApp] task::task 'd9effa0e-edbcf1fe918b67bd0fe4d4f2' finished on 0
2018-07-13 14:51:26.263 [IPControllerApp] task::task '777f386e-f683b2348b8905e43e728a4c' arrived on 0
2018-07-13 14:51:26.264 [IPControllerApp] task::task '0eb79f71-7ad3014706728686d0fb2094' finished on 0
2018-07-13 14:51:27.268 [IPControllerApp] task::task '260591c5-37dca31b7823b34dc4e58c5e' arrived on 0
2018-07-13 14:51:27.269 [IPControllerApp] task::task '777f386e-f683b2348b8905e43e728a4c' finished on 0
2018-07-13 14:51:28.274 [IPControllerApp] task::task '0f12fefa-6010b619c9a6d1602581dca3' arrived on 0
2018-07-13 14:51:28.275 [IPControllerApp] task::task '260591c5-37dca31b7823b34dc4e58c5e' finished on 0
2018-07-13 14:51:29.280 [IPControllerApp] task::task 'bc25e833-0e2e2dad3d80afa91f727082' arrived on 0
2018-07-13 14:51:29.281 [IPControllerApp] task::task '0f12fefa-6010b619c9a6d1602581dca3' finished on 0
2018-07-13 14:51:30.286 [IPControllerApp] task::task 'b4cb9f76-a474fea9c991283e16bb9f20' arrived on 0
2018-07-13 14:51:30.286 [IPControllerApp] task::task 'bc25e833-0e2e2dad3d80afa91f727082' finished on 0
2018-07-13 14:51:31.291 [IPControllerApp] task::task '37361e83-2965035f333db421b72163f9' arrived on 0
2018-07-13 14:51:31.292 [IPControllerApp] task::task 'b4cb9f76-a474fea9c991283e16bb9f20' finished on 0
2018-07-13 14:51:32.297 [IPControllerApp] task::task '93568437-5343a4b9ac49cd1942c4c76f' arrived on 0
2018-07-13 14:51:32.297 [IPControllerApp] task::task '37361e83-2965035f333db421b72163f9' finished on 0
2018-07-13 14:51:33.302 [IPControllerApp] task::task 'f38fbf07-819a998e8e8a9ad81365b04e' arrived on 0
2018-07-13 14:51:33.303 [IPControllerApp] task::task '93568437-5343a4b9ac49cd1942c4c76f' finished on 0
2018-07-13 14:51:34.308 [IPControllerApp] task::task 'b3e1b8e8-9555f232aaa538592e7d012e' arrived on 0
2018-07-13 14:51:34.309 [IPControllerApp] task::task 'f38fbf07-819a998e8e8a9ad81365b04e' finished on 0
2018-07-13 14:51:35.314 [IPControllerApp] task::task 'ec2b672c-dacf4bd122e443fce0b483c4' arrived on 0
2018-07-13 14:51:35.315 [IPControllerApp] task::task 'b3e1b8e8-9555f232aaa538592e7d012e' finished on 0
2018-07-13 14:51:36.321 [IPControllerApp] task::task '43c33c06-138643acaf7f5d3021848d70' arrived on 0
2018-07-13 14:51:36.322 [IPControllerApp] task::task 'ec2b672c-dacf4bd122e443fce0b483c4' finished on 0
2018-07-13 14:51:37.327 [IPControllerApp] task::task '0dfd5ef2-ca44896f208e6b4dc1fab635' arrived on 0
2018-07-13 14:51:37.328 [IPControllerApp] task::task '43c33c06-138643acaf7f5d3021848d70' finished on 0
2018-07-13 14:51:38.333 [IPControllerApp] task::task 'fdb519dd-0147037f7444ab37bab3588a' arrived on 0
2018-07-13 14:51:38.334 [IPControllerApp] task::task '0dfd5ef2-ca44896f208e6b4dc1fab635' finished on 0
2018-07-13 14:51:39.338 [IPControllerApp] task::task 'e6e2c56d-a9f5a59c857b3b26bdf9f92d' arrived on 0
2018-07-13 14:51:39.339 [IPControllerApp] task::task 'fdb519dd-0147037f7444ab37bab3588a' finished on 0
2018-07-13 14:51:40.344 [IPControllerApp] task::task 'c438d125-78aeb9e31bf6d76e5485809d' arrived on 0
2018-07-13 14:51:40.345 [IPControllerApp] task::task 'e6e2c56d-a9f5a59c857b3b26bdf9f92d' finished on 0
2018-07-13 14:51:41.350 [IPControllerApp] task::task 'c3380db2-1e3713f3b2ab0132da07db85' arrived on 0
2018-07-13 14:51:41.351 [IPControllerApp] task::task 'c438d125-78aeb9e31bf6d76e5485809d' finished on 0
2018-07-13 14:51:42.356 [IPControllerApp] task::task '63c241a8-9b55bcb4266bb008c8057870' arrived on 0
2018-07-13 14:51:42.357 [IPControllerApp] task::task 'c3380db2-1e3713f3b2ab0132da07db85' finished on 0
2018-07-13 14:51:43.362 [IPControllerApp] task::task '4f327c2b-2119a538ef4fa1a87db4bbef' arrived on 0
2018-07-13 14:51:43.363 [IPControllerApp] task::task '63c241a8-9b55bcb4266bb008c8057870' finished on 0
2018-07-13 14:51:44.368 [IPControllerApp] task::task 'cd5725bc-ff17766eaf6e40fc242c0bb0' arrived on 0
2018-07-13 14:51:44.369 [IPControllerApp] task::task '4f327c2b-2119a538ef4fa1a87db4bbef' finished on 0
2018-07-13 14:51:45.374 [IPControllerApp] task::task '4f678abe-797465b852a96366a0ac3b2c' arrived on 0
2018-07-13 14:51:45.375 [IPControllerApp] task::task 'cd5725bc-ff17766eaf6e40fc242c0bb0' finished on 0
2018-07-13 14:51:46.380 [IPControllerApp] task::task '3a710299-bc7c473cd1b2b8e79f767966' arrived on 0
2018-07-13 14:51:46.381 [IPControllerApp] task::task '4f678abe-797465b852a96366a0ac3b2c' finished on 0
2018-07-13 14:51:47.386 [IPControllerApp] task::task 'd4a7dfb2-152cc8cf6b23f5317ff08a3f' arrived on 0
2018-07-13 14:51:47.387 [IPControllerApp] task::task '3a710299-bc7c473cd1b2b8e79f767966' finished on 0
2018-07-13 14:51:48.392 [IPControllerApp] task::task '89a74733-fa04ada3d81fcd855ddd3b30' arrived on 0
2018-07-13 14:51:48.393 [IPControllerApp] task::task 'd4a7dfb2-152cc8cf6b23f5317ff08a3f' finished on 0
2018-07-13 14:51:49.398 [IPControllerApp] task::task 'c89b23a6-9d3a1e5c3ec405e375faeba7' arrived on 0
2018-07-13 14:51:49.399 [IPControllerApp] task::task '89a74733-fa04ada3d81fcd855ddd3b30' finished on 0
2018-07-13 14:51:50.404 [IPControllerApp] task::task 'df361f28-68fa572e835ed76a3f25d3b6' arrived on 0
2018-07-13 14:51:50.405 [IPControllerApp] task::task 'c89b23a6-9d3a1e5c3ec405e375faeba7' finished on 0
2018-07-13 14:51:51.409 [IPControllerApp] task::task 'b1cd32b9-3070e1d3b0503dffe1bc6ed3' arrived on 0
2018-07-13 14:51:51.410 [IPControllerApp] task::task 'df361f28-68fa572e835ed76a3f25d3b6' finished on 0
2018-07-13 14:51:52.415 [IPControllerApp] task::task '08d0f14f-c538b02707ccce96b668ba17' arrived on 0
2018-07-13 14:51:52.416 [IPControllerApp] task::task 'b1cd32b9-3070e1d3b0503dffe1bc6ed3' finished on 0
2018-07-13 14:51:53.421 [IPControllerApp] task::task '53e2e996-df012f5ee865dea3da610123' arrived on 0
2018-07-13 14:51:53.422 [IPControllerApp] task::task '08d0f14f-c538b02707ccce96b668ba17' finished on 0
2018-07-13 14:51:54.427 [IPControllerApp] task::task 'c112ce8f-44137259843543533f7f88ff' arrived on 0
2018-07-13 14:51:54.428 [IPControllerApp] task::task '53e2e996-df012f5ee865dea3da610123' finished on 0
2018-07-13 14:51:55.433 [IPControllerApp] task::task '12162a51-d972573bc81fa455a1bc82d0' arrived on 0
2018-07-13 14:51:55.433 [IPControllerApp] task::task 'c112ce8f-44137259843543533f7f88ff' finished on 0
2018-07-13 14:51:56.439 [IPControllerApp] task::task '760c5427-6e1e6ce064384340aefb0dba' arrived on 0
2018-07-13 14:51:56.440 [IPControllerApp] task::task '12162a51-d972573bc81fa455a1bc82d0' finished on 0
2018-07-13 14:51:57.445 [IPControllerApp] task::task 'a23a9087-8a3de23aba05f11d8c41a814' arrived on 0
2018-07-13 14:51:57.446 [IPControllerApp] task::task '760c5427-6e1e6ce064384340aefb0dba' finished on 0
2018-07-13 14:51:58.451 [IPControllerApp] task::task '18db0f19-cdf24ed18227c7aabf546d97' arrived on 0
2018-07-13 14:51:58.452 [IPControllerApp] task::task 'a23a9087-8a3de23aba05f11d8c41a814' finished on 0
2018-07-13 14:51:59.456 [IPControllerApp] task::task '7c9edbc7-4d8da458edb1b9b031ae007a' arrived on 0
2018-07-13 14:51:59.457 [IPControllerApp] task::task '18db0f19-cdf24ed18227c7aabf546d97' finished on 0
2018-07-13 14:52:00.462 [IPControllerApp] task::task 'b435d79c-61e560b671953b19312bbabe' arrived on 0
2018-07-13 14:52:00.462 [IPControllerApp] task::task '7c9edbc7-4d8da458edb1b9b031ae007a' finished on 0
2018-07-13 14:52:01.468 [IPControllerApp] task::task '14038151-f39ea53d8b01091f84f05e06' arrived on 0
2018-07-13 14:52:01.469 [IPControllerApp] task::task 'b435d79c-61e560b671953b19312bbabe' finished on 0
2018-07-13 14:52:02.474 [IPControllerApp] task::task 'ae0b281f-17a484d4bbb4e6d7a00d4bc5' arrived on 0
2018-07-13 14:52:02.476 [IPControllerApp] task::task '14038151-f39ea53d8b01091f84f05e06' finished on 0
2018-07-13 14:52:03.480 [IPControllerApp] task::task '3dc1484e-fb99d501729f48ef7ccb69e0' arrived on 0
2018-07-13 14:52:03.481 [IPControllerApp] task::task 'ae0b281f-17a484d4bbb4e6d7a00d4bc5' finished on 0
2018-07-13 14:52:04.486 [IPControllerApp] task::task '18966357-e7ad3eeb69e129456f967251' arrived on 0
2018-07-13 14:52:04.487 [IPControllerApp] task::task '3dc1484e-fb99d501729f48ef7ccb69e0' finished on 0
2018-07-13 14:52:05.492 [IPControllerApp] task::task '1da7b864-3fab8642112bcb6b741a4f0d' arrived on 0
2018-07-13 14:52:05.493 [IPControllerApp] task::task '18966357-e7ad3eeb69e129456f967251' finished on 0
2018-07-13 14:52:06.498 [IPControllerApp] task::task '581b445f-9453002878a5a724f85cd533' arrived on 0
2018-07-13 14:52:06.499 [IPControllerApp] task::task '1da7b864-3fab8642112bcb6b741a4f0d' finished on 0
2018-07-13 14:52:07.503 [IPControllerApp] task::task 'bc3770f8-d52fffe82a0a23d2aaaf7b70' arrived on 0
2018-07-13 14:52:07.504 [IPControllerApp] task::task '581b445f-9453002878a5a724f85cd533' finished on 0
2018-07-13 14:52:08.509 [IPControllerApp] task::task 'a274cdb4-6de112bbfc562959c473be50' arrived on 0
2018-07-13 14:52:08.510 [IPControllerApp] task::task 'bc3770f8-d52fffe82a0a23d2aaaf7b70' finished on 0
2018-07-13 14:52:09.515 [IPControllerApp] task::task '6dea0c0a-cfc920971af47eb82465a593' arrived on 0
2018-07-13 14:52:09.516 [IPControllerApp] task::task 'a274cdb4-6de112bbfc562959c473be50' finished on 0
2018-07-13 14:52:10.520 [IPControllerApp] task::task '4d1e4a06-efefb54921fa6a0bc5214e19' arrived on 0
2018-07-13 14:52:10.521 [IPControllerApp] task::task '6dea0c0a-cfc920971af47eb82465a593' finished on 0
2018-07-13 14:52:11.526 [IPControllerApp] task::task 'b8b9bf47-23f34edd0bb224e867990543' arrived on 0
2018-07-13 14:52:11.527 [IPControllerApp] task::task '4d1e4a06-efefb54921fa6a0bc5214e19' finished on 0
2018-07-13 14:52:12.532 [IPControllerApp] task::task '6883b0f2-8b919657ff3f64e4e561a7a2' arrived on 0
2018-07-13 14:52:12.533 [IPControllerApp] task::task 'b8b9bf47-23f34edd0bb224e867990543' finished on 0
2018-07-13 14:52:13.538 [IPControllerApp] task::task '7fc6e1ff-b9ccaf64d3d00e665eff561a' arrived on 0
2018-07-13 14:52:13.539 [IPControllerApp] task::task '6883b0f2-8b919657ff3f64e4e561a7a2' finished on 0
2018-07-13 14:52:14.544 [IPControllerApp] task::task '48b20b0b-d09352d1267fab9102de7673' arrived on 0
2018-07-13 14:52:14.545 [IPControllerApp] task::task '7fc6e1ff-b9ccaf64d3d00e665eff561a' finished on 0
2018-07-13 14:52:15.549 [IPControllerApp] task::task '1a873633-2ca320a067841142c2a8be8e' arrived on 0
2018-07-13 14:52:15.550 [IPControllerApp] task::task '48b20b0b-d09352d1267fab9102de7673' finished on 0
2018-07-13 14:52:16.555 [IPControllerApp] task::task '2194d7ed-b9b73c00a9a88e3e6961bd8d' arrived on 0
2018-07-13 14:52:16.556 [IPControllerApp] task::task '1a873633-2ca320a067841142c2a8be8e' finished on 0
2018-07-13 14:52:17.561 [IPControllerApp] task::task '65f6043e-6c46538395b71f57c0996a39' arrived on 0
2018-07-13 14:52:17.562 [IPControllerApp] task::task '2194d7ed-b9b73c00a9a88e3e6961bd8d' finished on 0
2018-07-13 14:52:18.566 [IPControllerApp] task::task '7ae5f283-445e19bdd374acfab229e019' arrived on 0
2018-07-13 14:52:18.567 [IPControllerApp] task::task '65f6043e-6c46538395b71f57c0996a39' finished on 0
2018-07-13 14:52:19.572 [IPControllerApp] task::task 'e5492f27-b4e53de802c1c0ba75cab479' arrived on 0
2018-07-13 14:52:19.573 [IPControllerApp] task::task '7ae5f283-445e19bdd374acfab229e019' finished on 0
2018-07-13 14:52:20.578 [IPControllerApp] task::task '6cab9453-7ae939e7d8e1e71ab3a26333' arrived on 0
2018-07-13 14:52:20.579 [IPControllerApp] task::task 'e5492f27-b4e53de802c1c0ba75cab479' finished on 0
2018-07-13 14:52:21.583 [IPControllerApp] task::task '7da11683-61ac1060bbe7c256d4e3bb7a' arrived on 0
2018-07-13 14:52:21.584 [IPControllerApp] task::task '6cab9453-7ae939e7d8e1e71ab3a26333' finished on 0
2018-07-13 14:52:22.589 [IPControllerApp] task::task '4d4875f6-1bb99b62747e93fbe49b42f8' arrived on 0
2018-07-13 14:52:22.590 [IPControllerApp] task::task '7da11683-61ac1060bbe7c256d4e3bb7a' finished on 0
2018-07-13 14:52:23.594 [IPControllerApp] task::task 'daaff3a0-8aeb2da69b10945c8833e157' arrived on 0
2018-07-13 14:52:23.596 [IPControllerApp] task::task '4d4875f6-1bb99b62747e93fbe49b42f8' finished on 0
2018-07-13 14:52:24.600 [IPControllerApp] task::task '1b1322de-891c35b5ece4a6ec4a63d441' arrived on 0
2018-07-13 14:52:24.601 [IPControllerApp] task::task 'daaff3a0-8aeb2da69b10945c8833e157' finished on 0
2018-07-13 14:52:25.606 [IPControllerApp] task::task '692897c8-a35fb80f763ec18f4765e99a' arrived on 0
2018-07-13 14:52:25.607 [IPControllerApp] task::task '1b1322de-891c35b5ece4a6ec4a63d441' finished on 0
2018-07-13 14:52:26.612 [IPControllerApp] task::task '7c843461-b27e432a0b0d34a5ac8036a9' arrived on 0
2018-07-13 14:52:26.613 [IPControllerApp] task::task '692897c8-a35fb80f763ec18f4765e99a' finished on 0
2018-07-13 14:52:27.618 [IPControllerApp] task::task '9f225634-b6586b26cba5259dd0fcae1c' arrived on 0
2018-07-13 14:52:27.619 [IPControllerApp] task::task '7c843461-b27e432a0b0d34a5ac8036a9' finished on 0
2018-07-13 14:52:28.623 [IPControllerApp] task::task '9e28b69c-2b913b491ed7765dac0a15d0' arrived on 0
2018-07-13 14:52:28.624 [IPControllerApp] task::task '9f225634-b6586b26cba5259dd0fcae1c' finished on 0
2018-07-13 14:52:29.629 [IPControllerApp] task::task 'e6921b00-2a23fec4d774047aa5b5ee55' arrived on 0
2018-07-13 14:52:29.630 [IPControllerApp] task::task '9e28b69c-2b913b491ed7765dac0a15d0' finished on 0
2018-07-13 14:52:30.635 [IPControllerApp] task::task 'fbefd328-886e941eea91652cf05c1bed' arrived on 0
2018-07-13 14:52:30.636 [IPControllerApp] task::task 'e6921b00-2a23fec4d774047aa5b5ee55' finished on 0
2018-07-13 14:52:31.640 [IPControllerApp] task::task '918e996e-5f96061ccbed0d5695d03685' arrived on 0
2018-07-13 14:52:31.641 [IPControllerApp] task::task 'fbefd328-886e941eea91652cf05c1bed' finished on 0
2018-07-13 14:52:32.646 [IPControllerApp] task::task '842d072d-63b6cc9a041c5a01ff806051' arrived on 0
2018-07-13 14:52:32.647 [IPControllerApp] task::task '918e996e-5f96061ccbed0d5695d03685' finished on 0
2018-07-13 14:52:33.651 [IPControllerApp] task::task '8a56bf63-f5dcc26893c26424219847dc' arrived on 0
2018-07-13 14:52:33.652 [IPControllerApp] task::task '842d072d-63b6cc9a041c5a01ff806051' finished on 0
2018-07-13 14:52:34.657 [IPControllerApp] task::task '9ed16e4c-75df645796c5cd17ac7f7e1f' arrived on 0
2018-07-13 14:52:34.658 [IPControllerApp] task::task '8a56bf63-f5dcc26893c26424219847dc' finished on 0
2018-07-13 14:52:35.663 [IPControllerApp] task::task 'aeb65253-6683aad870f0cb2a0a2cf384' arrived on 0
2018-07-13 14:52:35.664 [IPControllerApp] task::task '9ed16e4c-75df645796c5cd17ac7f7e1f' finished on 0
2018-07-13 14:52:36.668 [IPControllerApp] task::task '7dfe2e5b-68debe1681f0a5fab2c730c3' arrived on 0
2018-07-13 14:52:36.669 [IPControllerApp] task::task 'aeb65253-6683aad870f0cb2a0a2cf384' finished on 0
2018-07-13 14:52:37.674 [IPControllerApp] task::task 'f8f89a6f-de26e1eafcd9f6848b1ba62f' arrived on 0
2018-07-13 14:52:37.675 [IPControllerApp] task::task '7dfe2e5b-68debe1681f0a5fab2c730c3' finished on 0
2018-07-13 14:52:38.679 [IPControllerApp] task::task 'de123b0f-101b4e39b29447887f6b83f5' arrived on 0
2018-07-13 14:52:38.680 [IPControllerApp] task::task 'f8f89a6f-de26e1eafcd9f6848b1ba62f' finished on 0
2018-07-13 14:52:39.685 [IPControllerApp] task::task '60b74a5c-8e2124456cdc84f93c362c7c' arrived on 0
2018-07-13 14:52:39.686 [IPControllerApp] task::task 'de123b0f-101b4e39b29447887f6b83f5' finished on 0
2018-07-13 14:52:40.690 [IPControllerApp] task::task '11b01d68-de0dffe21611897ba6131474' arrived on 0
2018-07-13 14:52:40.691 [IPControllerApp] task::task '60b74a5c-8e2124456cdc84f93c362c7c' finished on 0
2018-07-13 14:52:41.697 [IPControllerApp] task::task '9f12e14b-6aa92d8ff0a8acd0a67820f8' arrived on 0
2018-07-13 14:52:41.698 [IPControllerApp] task::task '11b01d68-de0dffe21611897ba6131474' finished on 0
2018-07-13 14:52:42.703 [IPControllerApp] task::task 'b6d6d680-3d38e1a738f0ef2d22a6125c' arrived on 0
2018-07-13 14:52:42.704 [IPControllerApp] task::task '9f12e14b-6aa92d8ff0a8acd0a67820f8' finished on 0
2018-07-13 14:52:43.708 [IPControllerApp] task::task '2d00c855-ca061a8d1f0820975ef5d5d9' arrived on 0
2018-07-13 14:52:43.709 [IPControllerApp] task::task 'b6d6d680-3d38e1a738f0ef2d22a6125c' finished on 0
2018-07-13 14:52:44.714 [IPControllerApp] task::task 'd605a2e4-650463e477af2df1461872d5' arrived on 0
2018-07-13 14:52:44.715 [IPControllerApp] task::task '2d00c855-ca061a8d1f0820975ef5d5d9' finished on 0
2018-07-13 14:52:45.720 [IPControllerApp] task::task 'da22a7da-9ad6ed36ce00ab4a00350a45' arrived on 0
2018-07-13 14:52:45.721 [IPControllerApp] task::task 'd605a2e4-650463e477af2df1461872d5' finished on 0
2018-07-13 14:52:46.726 [IPControllerApp] task::task '78e7307e-2ed402d8d697cdd85e9258b0' arrived on 0
2018-07-13 14:52:46.727 [IPControllerApp] task::task 'da22a7da-9ad6ed36ce00ab4a00350a45' finished on 0
2018-07-13 14:52:47.732 [IPControllerApp] task::task '8e5597b0-440b2edc4428d91f71c63bdb' arrived on 0
2018-07-13 14:52:47.733 [IPControllerApp] task::task '78e7307e-2ed402d8d697cdd85e9258b0' finished on 0
2018-07-13 14:52:48.737 [IPControllerApp] task::task 'a29446b5-d50526f7a12bfefbbf1e1c58' arrived on 0
2018-07-13 14:52:48.738 [IPControllerApp] task::task '8e5597b0-440b2edc4428d91f71c63bdb' finished on 0
2018-07-13 14:52:49.743 [IPControllerApp] task::task '219f230c-75af4783df070fa9a133a4c6' arrived on 0
2018-07-13 14:52:49.743 [IPControllerApp] task::task 'a29446b5-d50526f7a12bfefbbf1e1c58' finished on 0
2018-07-13 14:52:50.748 [IPControllerApp] task::task 'bdf0beb5-4331b5b4ba5fb5bd8384228f' arrived on 0
2018-07-13 14:52:50.749 [IPControllerApp] task::task '219f230c-75af4783df070fa9a133a4c6' finished on 0
2018-07-13 14:52:51.754 [IPControllerApp] task::task '464d2464-f49653962a66c8d7936ee1ae' arrived on 0
2018-07-13 14:52:51.755 [IPControllerApp] task::task 'bdf0beb5-4331b5b4ba5fb5bd8384228f' finished on 0
2018-07-13 14:52:52.760 [IPControllerApp] task::task '25da918e-e0cf8f701bf66bc6d2cf8896' arrived on 0
2018-07-13 14:52:52.761 [IPControllerApp] task::task '464d2464-f49653962a66c8d7936ee1ae' finished on 0
2018-07-13 14:52:53.766 [IPControllerApp] task::task 'e5e06941-7e3f67a673e2951d33618b80' arrived on 0
2018-07-13 14:52:53.767 [IPControllerApp] task::task '25da918e-e0cf8f701bf66bc6d2cf8896' finished on 0
2018-07-13 14:52:54.772 [IPControllerApp] task::task '20296269-2a34bde1819d1d2078880c66' arrived on 0
2018-07-13 14:52:54.773 [IPControllerApp] task::task 'e5e06941-7e3f67a673e2951d33618b80' finished on 0
2018-07-13 14:52:55.777 [IPControllerApp] task::task '152c582a-213ba7e4a38df90c1179cb78' arrived on 0
2018-07-13 14:52:55.778 [IPControllerApp] task::task '20296269-2a34bde1819d1d2078880c66' finished on 0
2018-07-13 14:52:56.783 [IPControllerApp] task::task 'aa6416ed-0a7dcfc761ee2217f7cd201c' arrived on 0
2018-07-13 14:52:56.784 [IPControllerApp] task::task '152c582a-213ba7e4a38df90c1179cb78' finished on 0
2018-07-13 14:52:57.789 [IPControllerApp] task::task '069dae0f-fb01785be9669ff35fdfa034' arrived on 0
2018-07-13 14:52:57.789 [IPControllerApp] task::task 'aa6416ed-0a7dcfc761ee2217f7cd201c' finished on 0
2018-07-13 14:52:58.794 [IPControllerApp] task::task '4121585a-a1382b3ce94b6803674d8b9c' arrived on 0
2018-07-13 14:52:58.795 [IPControllerApp] task::task '069dae0f-fb01785be9669ff35fdfa034' finished on 0
2018-07-13 14:52:59.800 [IPControllerApp] task::task '675b5e9a-5311c67b27e301f0233b044d' arrived on 0
2018-07-13 14:52:59.801 [IPControllerApp] task::task '4121585a-a1382b3ce94b6803674d8b9c' finished on 0
2018-07-13 14:53:00.806 [IPControllerApp] task::task '36516e22-39f59b8aad9bb514a4fc6e1b' arrived on 0
2018-07-13 14:53:00.806 [IPControllerApp] task::task '675b5e9a-5311c67b27e301f0233b044d' finished on 0
2018-07-13 14:53:01.811 [IPControllerApp] task::task 'd1826507-09000307aecb1131096bb510' arrived on 0
2018-07-13 14:53:01.812 [IPControllerApp] task::task '36516e22-39f59b8aad9bb514a4fc6e1b' finished on 0
2018-07-13 14:53:02.817 [IPControllerApp] task::task '9959cc2d-27abb78097f606eadb2027fb' arrived on 0
2018-07-13 14:53:02.818 [IPControllerApp] task::task 'd1826507-09000307aecb1131096bb510' finished on 0
2018-07-13 14:53:03.823 [IPControllerApp] task::task '5210bfdc-ca45bc1053051f4eb2ac277b' arrived on 0
2018-07-13 14:53:03.824 [IPControllerApp] task::task '9959cc2d-27abb78097f606eadb2027fb' finished on 0
2018-07-13 14:53:04.829 [IPControllerApp] task::task 'cb57cb46-da86583b15a02cf3ed3a2073' arrived on 0
2018-07-13 14:53:04.830 [IPControllerApp] task::task '5210bfdc-ca45bc1053051f4eb2ac277b' finished on 0
2018-07-13 14:53:05.834 [IPControllerApp] task::task '3c668b24-c1b0f5b58bb9bc4b81117e53' arrived on 0
2018-07-13 14:53:05.835 [IPControllerApp] task::task 'cb57cb46-da86583b15a02cf3ed3a2073' finished on 0
2018-07-13 14:53:06.839 [IPControllerApp] task::task '4dea17f0-6a01fd636f6cd489cff26dd8' arrived on 0
2018-07-13 14:53:06.840 [IPControllerApp] task::task '3c668b24-c1b0f5b58bb9bc4b81117e53' finished on 0
2018-07-13 14:53:07.845 [IPControllerApp] task::task '92533af5-317fe845d2b951a2a6875ba7' arrived on 0
2018-07-13 14:53:07.846 [IPControllerApp] task::task '4dea17f0-6a01fd636f6cd489cff26dd8' finished on 0
2018-07-13 14:53:08.851 [IPControllerApp] task::task '241d2be9-d46dc4d924687dad27b91298' arrived on 0
2018-07-13 14:53:08.852 [IPControllerApp] task::task '92533af5-317fe845d2b951a2a6875ba7' finished on 0
2018-07-13 14:53:09.856 [IPControllerApp] task::task '3d67b15e-69715368cd11d48939ac0f39' arrived on 0
2018-07-13 14:53:09.857 [IPControllerApp] task::task '241d2be9-d46dc4d924687dad27b91298' finished on 0
2018-07-13 14:53:10.862 [IPControllerApp] task::task '8b9abbd2-d6e88f8ea7c1ed5e0b803bae' arrived on 0
2018-07-13 14:53:10.863 [IPControllerApp] task::task '3d67b15e-69715368cd11d48939ac0f39' finished on 0
2018-07-13 14:53:11.867 [IPControllerApp] task::task '325ae4c5-b7001b747ef2017e6651cfa3' arrived on 0
2018-07-13 14:53:11.868 [IPControllerApp] task::task '8b9abbd2-d6e88f8ea7c1ed5e0b803bae' finished on 0
2018-07-13 14:53:12.873 [IPControllerApp] task::task 'b6398923-645cb1d3453383bcd242a6ea' arrived on 0
2018-07-13 14:53:12.874 [IPControllerApp] task::task '325ae4c5-b7001b747ef2017e6651cfa3' finished on 0
2018-07-13 14:53:13.879 [IPControllerApp] task::task 'f25a8979-38b6d759a81911ed91687b08' arrived on 0
2018-07-13 14:53:13.880 [IPControllerApp] task::task 'b6398923-645cb1d3453383bcd242a6ea' finished on 0
2018-07-13 14:53:14.885 [IPControllerApp] task::task '908fd4d0-a1f7caa39faf207a5bd881ef' arrived on 0
2018-07-13 14:53:14.886 [IPControllerApp] task::task 'f25a8979-38b6d759a81911ed91687b08' finished on 0
2018-07-13 14:53:15.891 [IPControllerApp] task::task '52300de0-2ff5ebb373c78a1153ba72d6' arrived on 0
2018-07-13 14:53:15.892 [IPControllerApp] task::task '908fd4d0-a1f7caa39faf207a5bd881ef' finished on 0
2018-07-13 14:53:16.897 [IPControllerApp] task::task 'f3fbc9d2-8c619a7f7c6f0ff3a9ff8648' arrived on 0
2018-07-13 14:53:16.898 [IPControllerApp] task::task '52300de0-2ff5ebb373c78a1153ba72d6' finished on 0
2018-07-13 14:53:17.902 [IPControllerApp] task::task 'ff05699e-2d7c2f466e5073d7665b09e1' arrived on 0
2018-07-13 14:53:17.903 [IPControllerApp] task::task 'f3fbc9d2-8c619a7f7c6f0ff3a9ff8648' finished on 0
2018-07-13 14:53:18.908 [IPControllerApp] task::task 'a68a5949-03aac4f12bcd0b0d69a1e0e8' arrived on 0
2018-07-13 14:53:18.909 [IPControllerApp] task::task 'ff05699e-2d7c2f466e5073d7665b09e1' finished on 0
2018-07-13 14:53:19.914 [IPControllerApp] task::task 'bde94b95-f41a4c7ddb0714ddf768e497' arrived on 0
2018-07-13 14:53:19.915 [IPControllerApp] task::task 'a68a5949-03aac4f12bcd0b0d69a1e0e8' finished on 0
2018-07-13 14:53:20.920 [IPControllerApp] task::task '18463493-4902906dddb4198870e00158' arrived on 0
2018-07-13 14:53:20.920 [IPControllerApp] task::task 'bde94b95-f41a4c7ddb0714ddf768e497' finished on 0
2018-07-13 14:53:21.925 [IPControllerApp] task::task 'e11bf28d-f437e8bf7a3e5b28fd26b9d2' arrived on 0
2018-07-13 14:53:21.926 [IPControllerApp] task::task '18463493-4902906dddb4198870e00158' finished on 0
2018-07-13 14:53:22.931 [IPControllerApp] task::task '1fca4b6e-d79253e064606d165c1dd7c6' arrived on 0
2018-07-13 14:53:22.932 [IPControllerApp] task::task 'e11bf28d-f437e8bf7a3e5b28fd26b9d2' finished on 0
2018-07-13 14:53:23.937 [IPControllerApp] task::task '800d7e80-7222dd048a45edf839394c73' arrived on 0
2018-07-13 14:53:23.938 [IPControllerApp] task::task '1fca4b6e-d79253e064606d165c1dd7c6' finished on 0
2018-07-13 14:53:24.943 [IPControllerApp] task::task 'bb12347a-f589b34f1234f2c6170e8d8d' arrived on 0
2018-07-13 14:53:24.944 [IPControllerApp] task::task '800d7e80-7222dd048a45edf839394c73' finished on 0
2018-07-13 14:53:25.949 [IPControllerApp] task::task '721dff76-536174394dfa983f27fb540b' arrived on 0
2018-07-13 14:53:25.950 [IPControllerApp] task::task 'bb12347a-f589b34f1234f2c6170e8d8d' finished on 0
2018-07-13 14:53:26.955 [IPControllerApp] task::task 'e0a9c654-80c22c7bcd3ddb7e9514dfec' arrived on 0
2018-07-13 14:53:26.956 [IPControllerApp] task::task '721dff76-536174394dfa983f27fb540b' finished on 0
2018-07-13 14:53:27.960 [IPControllerApp] task::task '7634d0ef-b39ceedf87eca1c95e4f006c' arrived on 0
2018-07-13 14:53:27.961 [IPControllerApp] task::task 'e0a9c654-80c22c7bcd3ddb7e9514dfec' finished on 0
2018-07-13 14:53:28.965 [IPControllerApp] task::task '9caf2ee7-88aba5229054badfd97308e9' arrived on 0
2018-07-13 14:53:28.966 [IPControllerApp] task::task '7634d0ef-b39ceedf87eca1c95e4f006c' finished on 0
2018-07-13 14:53:29.972 [IPControllerApp] task::task 'bd88f294-77081bbb56d961c79387b8e2' arrived on 0
2018-07-13 14:53:29.973 [IPControllerApp] task::task '9caf2ee7-88aba5229054badfd97308e9' finished on 0
2018-07-13 14:53:30.977 [IPControllerApp] task::task 'ed1ab7a3-502080152a3df25f89b1f880' arrived on 0
2018-07-13 14:53:30.978 [IPControllerApp] task::task 'bd88f294-77081bbb56d961c79387b8e2' finished on 0
2018-07-13 14:53:31.984 [IPControllerApp] task::task 'ca3d9c49-87c0d88b2eca62a34703748e' arrived on 0
2018-07-13 14:53:31.985 [IPControllerApp] task::task 'ed1ab7a3-502080152a3df25f89b1f880' finished on 0
2018-07-13 14:53:32.990 [IPControllerApp] task::task 'ab26f56c-3c5bc7b664f635767b8e7fc2' arrived on 0
2018-07-13 14:53:32.990 [IPControllerApp] task::task 'ca3d9c49-87c0d88b2eca62a34703748e' finished on 0
2018-07-13 14:53:33.996 [IPControllerApp] task::task '0a11f2c1-1b0ebb7dc3029fd738f871fa' arrived on 0
2018-07-13 14:53:33.997 [IPControllerApp] task::task 'ab26f56c-3c5bc7b664f635767b8e7fc2' finished on 0
2018-07-13 14:53:35.001 [IPControllerApp] task::task 'e60f4f90-935e67b5a4f4e2e8e1a110cd' arrived on 0
2018-07-13 14:53:35.002 [IPControllerApp] task::task '0a11f2c1-1b0ebb7dc3029fd738f871fa' finished on 0
2018-07-13 14:53:36.007 [IPControllerApp] task::task '0036e33d-26425d6e03d1f2c49e65e75f' arrived on 0
2018-07-13 14:53:36.008 [IPControllerApp] task::task 'e60f4f90-935e67b5a4f4e2e8e1a110cd' finished on 0
2018-07-13 14:53:37.012 [IPControllerApp] task::task '313afc3c-7225ca28484330753d2ae406' arrived on 0
2018-07-13 14:53:37.013 [IPControllerApp] task::task '0036e33d-26425d6e03d1f2c49e65e75f' finished on 0
2018-07-13 14:53:38.018 [IPControllerApp] task::task '47bb2b76-a094e68b2c4d3c0a0ed5fc15' arrived on 0
2018-07-13 14:53:38.019 [IPControllerApp] task::task '313afc3c-7225ca28484330753d2ae406' finished on 0
2018-07-13 14:53:39.024 [IPControllerApp] task::task 'b649a097-149b516962c0cadec92086cb' arrived on 0
2018-07-13 14:53:39.025 [IPControllerApp] task::task '47bb2b76-a094e68b2c4d3c0a0ed5fc15' finished on 0
2018-07-13 14:53:40.029 [IPControllerApp] task::task '4f8347ce-5651524b7b84da490aab4661' arrived on 0
2018-07-13 14:53:40.030 [IPControllerApp] task::task 'b649a097-149b516962c0cadec92086cb' finished on 0
2018-07-13 14:53:41.035 [IPControllerApp] task::task '0cd00a0d-36a16bcc9ea56ff433ac10d0' arrived on 0
2018-07-13 14:53:41.036 [IPControllerApp] task::task '4f8347ce-5651524b7b84da490aab4661' finished on 0
2018-07-13 14:53:42.041 [IPControllerApp] task::task 'e645da2d-4b1d7116429c0baa5b1465c7' arrived on 0
2018-07-13 14:53:42.042 [IPControllerApp] task::task '0cd00a0d-36a16bcc9ea56ff433ac10d0' finished on 0
2018-07-13 14:53:43.047 [IPControllerApp] task::task '84f078aa-16a8186b3f8dab9589a762c7' arrived on 0
2018-07-13 14:53:43.048 [IPControllerApp] task::task 'e645da2d-4b1d7116429c0baa5b1465c7' finished on 0
2018-07-13 14:53:44.053 [IPControllerApp] task::task 'c0e9a0bc-56c384804dbbef22bdceb2cb' arrived on 0
2018-07-13 14:53:44.054 [IPControllerApp] task::task '84f078aa-16a8186b3f8dab9589a762c7' finished on 0
2018-07-13 14:53:45.058 [IPControllerApp] task::task '6e64f7f1-d0119f5880827f95360a8dcd' arrived on 0
2018-07-13 14:53:45.059 [IPControllerApp] task::task 'c0e9a0bc-56c384804dbbef22bdceb2cb' finished on 0
2018-07-13 14:53:46.064 [IPControllerApp] task::task '4661d95a-c0d9867fddc49de2d51fc253' arrived on 0
2018-07-13 14:53:46.065 [IPControllerApp] task::task '6e64f7f1-d0119f5880827f95360a8dcd' finished on 0
2018-07-13 14:53:47.070 [IPControllerApp] task::task '57e03e81-d7854493357ddc7007fc46ca' arrived on 0
2018-07-13 14:53:47.070 [IPControllerApp] task::task '4661d95a-c0d9867fddc49de2d51fc253' finished on 0
2018-07-13 14:53:48.076 [IPControllerApp] task::task '7917871c-c3c4a16233115add89d2e9b4' arrived on 0
2018-07-13 14:53:48.077 [IPControllerApp] task::task '57e03e81-d7854493357ddc7007fc46ca' finished on 0
2018-07-13 14:53:49.081 [IPControllerApp] task::task '1f7b56bb-9d08aa849e221df8eea175e8' arrived on 0
2018-07-13 14:53:49.082 [IPControllerApp] task::task '7917871c-c3c4a16233115add89d2e9b4' finished on 0
2018-07-13 14:53:50.087 [IPControllerApp] task::task '312437df-3a2d1855fd9261df325845a6' arrived on 0
2018-07-13 14:53:50.088 [IPControllerApp] task::task '1f7b56bb-9d08aa849e221df8eea175e8' finished on 0
2018-07-13 14:53:51.092 [IPControllerApp] task::task '99cb34ca-80e30e18d85b146332925fbe' arrived on 0
2018-07-13 14:53:51.093 [IPControllerApp] task::task '312437df-3a2d1855fd9261df325845a6' finished on 0
2018-07-13 14:53:52.098 [IPControllerApp] task::task '1832a79f-b37a8aeb3e32f1ec2a91d5cb' arrived on 0
2018-07-13 14:53:52.099 [IPControllerApp] task::task '99cb34ca-80e30e18d85b146332925fbe' finished on 0
2018-07-13 14:53:53.104 [IPControllerApp] task::task 'f6d36ce9-5065d2ec71563e0edbb0797e' arrived on 0
2018-07-13 14:53:53.105 [IPControllerApp] task::task '1832a79f-b37a8aeb3e32f1ec2a91d5cb' finished on 0
2018-07-13 14:53:54.110 [IPControllerApp] task::task 'd7b02b18-738937914675886c27ac25c2' arrived on 0
2018-07-13 14:53:54.111 [IPControllerApp] task::task 'f6d36ce9-5065d2ec71563e0edbb0797e' finished on 0
2018-07-13 14:53:55.116 [IPControllerApp] task::task '184e1caf-ea0c07f38f2eefe85a1aabf2' arrived on 0
2018-07-13 14:53:55.117 [IPControllerApp] task::task 'd7b02b18-738937914675886c27ac25c2' finished on 0
2018-07-13 14:53:56.122 [IPControllerApp] task::task '6904ac20-588c4d905507a010a4dab4f1' arrived on 0
2018-07-13 14:53:56.123 [IPControllerApp] task::task '184e1caf-ea0c07f38f2eefe85a1aabf2' finished on 0
2018-07-13 14:53:57.128 [IPControllerApp] task::task '788ad258-cf84bdf0709d2ad49052415f' arrived on 0
2018-07-13 14:53:57.129 [IPControllerApp] task::task '6904ac20-588c4d905507a010a4dab4f1' finished on 0
2018-07-13 14:53:58.134 [IPControllerApp] task::task '2c2a984d-e001f69063d028fbbeb4b3b2' arrived on 0
2018-07-13 14:53:58.135 [IPControllerApp] task::task '788ad258-cf84bdf0709d2ad49052415f' finished on 0
2018-07-13 14:53:59.139 [IPControllerApp] task::task 'f569b341-4f4f8e63ccfbfcfe53ca4454' arrived on 0
2018-07-13 14:53:59.140 [IPControllerApp] task::task '2c2a984d-e001f69063d028fbbeb4b3b2' finished on 0
2018-07-13 14:54:00.144 [IPControllerApp] task::task '2dfe2471-c31e718d148c3a98185f91ec' arrived on 0
2018-07-13 14:54:00.145 [IPControllerApp] task::task 'f569b341-4f4f8e63ccfbfcfe53ca4454' finished on 0
2018-07-13 14:54:01.150 [IPControllerApp] task::task 'e4b4c459-87efa79b4634de4de34a8d01' arrived on 0
2018-07-13 14:54:01.151 [IPControllerApp] task::task '2dfe2471-c31e718d148c3a98185f91ec' finished on 0
2018-07-13 14:54:02.156 [IPControllerApp] task::task '6ebbd33c-6f68ae010c9f8092706d5370' arrived on 0
2018-07-13 14:54:02.157 [IPControllerApp] task::task 'e4b4c459-87efa79b4634de4de34a8d01' finished on 0
2018-07-13 14:54:03.162 [IPControllerApp] task::task '64ed9ed5-453275c233350eb1650a45e3' arrived on 0
2018-07-13 14:54:03.163 [IPControllerApp] task::task '6ebbd33c-6f68ae010c9f8092706d5370' finished on 0
2018-07-13 14:54:04.167 [IPControllerApp] task::task '7eff0c81-c69c8d476677d28af0f24784' arrived on 0
2018-07-13 14:54:04.168 [IPControllerApp] task::task '64ed9ed5-453275c233350eb1650a45e3' finished on 0
2018-07-13 14:54:05.173 [IPControllerApp] task::task '5ee4b13b-0d7b9387e4ad73c4b3d1e6fa' arrived on 0
2018-07-13 14:54:05.174 [IPControllerApp] task::task '7eff0c81-c69c8d476677d28af0f24784' finished on 0
2018-07-13 14:54:06.179 [IPControllerApp] task::task '3ebfc185-512fb867c129f1a3fb754ce1' arrived on 0
2018-07-13 14:54:06.180 [IPControllerApp] task::task '5ee4b13b-0d7b9387e4ad73c4b3d1e6fa' finished on 0
2018-07-13 14:54:07.185 [IPControllerApp] task::task 'dc7444ca-3763616978cee9130ec396f6' arrived on 0
2018-07-13 14:54:07.186 [IPControllerApp] task::task '3ebfc185-512fb867c129f1a3fb754ce1' finished on 0
2018-07-13 14:54:08.191 [IPControllerApp] task::task '085cd6c5-fa0654a622d505030b94ae7d' arrived on 0
2018-07-13 14:54:08.192 [IPControllerApp] task::task 'dc7444ca-3763616978cee9130ec396f6' finished on 0
2018-07-13 14:54:09.197 [IPControllerApp] task::task 'e02519ae-565406488987c41305ff275a' arrived on 0
2018-07-13 14:54:09.198 [IPControllerApp] task::task '085cd6c5-fa0654a622d505030b94ae7d' finished on 0
2018-07-13 14:54:10.202 [IPControllerApp] task::task 'a3213cef-d5a94c95614551e6ec228c4e' arrived on 0
2018-07-13 14:54:10.203 [IPControllerApp] task::task 'e02519ae-565406488987c41305ff275a' finished on 0
2018-07-13 14:54:11.208 [IPControllerApp] task::task '01b5da54-d1aeecc3e2c927358a707d5d' arrived on 0
2018-07-13 14:54:11.209 [IPControllerApp] task::task 'a3213cef-d5a94c95614551e6ec228c4e' finished on 0
2018-07-13 14:54:12.214 [IPControllerApp] task::task '08347fda-6c50252454da695e92da55ad' arrived on 0
2018-07-13 14:54:12.215 [IPControllerApp] task::task '01b5da54-d1aeecc3e2c927358a707d5d' finished on 0
2018-07-13 14:54:13.220 [IPControllerApp] task::task '4bcce6ad-c4728a92af73433ed85042d4' arrived on 0
2018-07-13 14:54:13.221 [IPControllerApp] task::task '08347fda-6c50252454da695e92da55ad' finished on 0
2018-07-13 14:54:14.226 [IPControllerApp] task::task '65dc0a62-b9c835d2ef083ce8d7660cea' arrived on 0
2018-07-13 14:54:14.227 [IPControllerApp] task::task '4bcce6ad-c4728a92af73433ed85042d4' finished on 0
2018-07-13 14:54:15.232 [IPControllerApp] task::task '31bcd551-7ab986b78d0f3c233c8ee64a' arrived on 0
2018-07-13 14:54:15.233 [IPControllerApp] task::task '65dc0a62-b9c835d2ef083ce8d7660cea' finished on 0
2018-07-13 14:54:16.238 [IPControllerApp] task::task 'c8e0e1d2-f80e00d06c2742b6c7daf6f7' arrived on 0
2018-07-13 14:54:16.239 [IPControllerApp] task::task '31bcd551-7ab986b78d0f3c233c8ee64a' finished on 0
2018-07-13 14:54:17.243 [IPControllerApp] task::task '995de29a-f82be304758913d171044ece' arrived on 0
2018-07-13 14:54:17.244 [IPControllerApp] task::task 'c8e0e1d2-f80e00d06c2742b6c7daf6f7' finished on 0
2018-07-13 14:54:18.249 [IPControllerApp] task::task 'f7dbf5f0-c0c75c46e8a3bd2897983361' arrived on 0
2018-07-13 14:54:18.250 [IPControllerApp] task::task '995de29a-f82be304758913d171044ece' finished on 0
2018-07-13 14:54:19.255 [IPControllerApp] task::task 'ef25d31b-1c0cb8cd449e97e0a30e1929' arrived on 0
2018-07-13 14:54:19.256 [IPControllerApp] task::task 'f7dbf5f0-c0c75c46e8a3bd2897983361' finished on 0
2018-07-13 14:54:20.261 [IPControllerApp] task::task 'c83269b3-07637ed73d16c93b3b4a491d' arrived on 0
2018-07-13 14:54:20.262 [IPControllerApp] task::task 'ef25d31b-1c0cb8cd449e97e0a30e1929' finished on 0
2018-07-13 14:54:21.267 [IPControllerApp] task::task 'c3413df3-b1fd49ea916c1279320af5d5' arrived on 0
2018-07-13 14:54:21.268 [IPControllerApp] task::task 'c83269b3-07637ed73d16c93b3b4a491d' finished on 0
2018-07-13 14:54:22.273 [IPControllerApp] task::task 'd56775b1-ded499734d0e68565dd4e654' arrived on 0
2018-07-13 14:54:22.273 [IPControllerApp] task::task 'c3413df3-b1fd49ea916c1279320af5d5' finished on 0
2018-07-13 14:54:23.278 [IPControllerApp] task::task '71cb1a67-e19cc795599c821775d4e4bb' arrived on 0
2018-07-13 14:54:23.279 [IPControllerApp] task::task 'd56775b1-ded499734d0e68565dd4e654' finished on 0
2018-07-13 14:54:24.284 [IPControllerApp] task::task '53b61966-1f2e7ca3fa5f6bdaaf4d8d40' arrived on 0
2018-07-13 14:54:24.285 [IPControllerApp] task::task '71cb1a67-e19cc795599c821775d4e4bb' finished on 0
2018-07-13 14:54:25.290 [IPControllerApp] task::task '5a9d349c-a30f1ba3fbc58b6771460abc' arrived on 0
2018-07-13 14:54:25.291 [IPControllerApp] task::task '53b61966-1f2e7ca3fa5f6bdaaf4d8d40' finished on 0
2018-07-13 14:54:26.296 [IPControllerApp] task::task '26facf2c-3fbc5aabdb299c12dfe141a9' arrived on 0
2018-07-13 14:54:26.296 [IPControllerApp] task::task '5a9d349c-a30f1ba3fbc58b6771460abc' finished on 0
2018-07-13 14:54:27.301 [IPControllerApp] task::task '2e3ee8fc-d22933b70307ba1bb102a7b6' arrived on 0
2018-07-13 14:54:27.302 [IPControllerApp] task::task '26facf2c-3fbc5aabdb299c12dfe141a9' finished on 0
2018-07-13 14:54:28.307 [IPControllerApp] task::task '790c90b3-a9a2505cbe1d83ea1f8bbaf4' arrived on 0
2018-07-13 14:54:28.308 [IPControllerApp] task::task '2e3ee8fc-d22933b70307ba1bb102a7b6' finished on 0
2018-07-13 14:54:29.313 [IPControllerApp] task::task '92a5a962-504e61f0ca061810c97f60cc' arrived on 0
2018-07-13 14:54:29.314 [IPControllerApp] task::task '790c90b3-a9a2505cbe1d83ea1f8bbaf4' finished on 0
2018-07-13 14:54:30.319 [IPControllerApp] task::task 'f655e1e5-0ce2a2802fd7708d437eaff6' arrived on 0
2018-07-13 14:54:30.320 [IPControllerApp] task::task '92a5a962-504e61f0ca061810c97f60cc' finished on 0
2018-07-13 14:54:31.324 [IPControllerApp] task::task 'dda4f1c0-e8ec6328347aec93c833f189' arrived on 0
2018-07-13 14:54:31.325 [IPControllerApp] task::task 'f655e1e5-0ce2a2802fd7708d437eaff6' finished on 0
2018-07-13 14:54:32.331 [IPControllerApp] task::task 'efe10468-72b986d441c7ab9125bc4be4' arrived on 0
2018-07-13 14:54:32.332 [IPControllerApp] task::task 'dda4f1c0-e8ec6328347aec93c833f189' finished on 0
2018-07-13 14:54:33.337 [IPControllerApp] task::task 'eeb842db-a47e0d2c9f3102e8e720c94c' arrived on 0
2018-07-13 14:54:33.338 [IPControllerApp] task::task 'efe10468-72b986d441c7ab9125bc4be4' finished on 0
2018-07-13 14:54:34.342 [IPControllerApp] task::task 'df817043-bbcd483de874edf13363edf4' arrived on 0
2018-07-13 14:54:34.343 [IPControllerApp] task::task 'eeb842db-a47e0d2c9f3102e8e720c94c' finished on 0
2018-07-13 14:54:35.348 [IPControllerApp] task::task '312110bd-0e45851c09d13bde5dc3f469' arrived on 0
2018-07-13 14:54:35.349 [IPControllerApp] task::task 'df817043-bbcd483de874edf13363edf4' finished on 0
2018-07-13 14:54:36.353 [IPControllerApp] task::task 'f4b8351b-e62c1dfffef274d902dfb53e' arrived on 0
2018-07-13 14:54:36.354 [IPControllerApp] task::task '312110bd-0e45851c09d13bde5dc3f469' finished on 0
2018-07-13 14:54:37.359 [IPControllerApp] task::task '436844f2-76934418cdb3c6dcd46404e9' arrived on 0
2018-07-13 14:54:37.360 [IPControllerApp] task::task 'f4b8351b-e62c1dfffef274d902dfb53e' finished on 0
2018-07-13 14:54:38.365 [IPControllerApp] task::task '9df67191-6d135d30360cd95f2cdedb1e' arrived on 0
2018-07-13 14:54:38.366 [IPControllerApp] task::task '436844f2-76934418cdb3c6dcd46404e9' finished on 0
2018-07-13 14:54:39.371 [IPControllerApp] task::task 'a4c57212-4f32fcb9192276f1506f82e5' arrived on 0
2018-07-13 14:54:39.372 [IPControllerApp] task::task '9df67191-6d135d30360cd95f2cdedb1e' finished on 0
2018-07-13 14:54:40.376 [IPControllerApp] task::task 'e68781ee-b3ace352330cf52e3079e814' arrived on 0
2018-07-13 14:54:40.377 [IPControllerApp] task::task 'a4c57212-4f32fcb9192276f1506f82e5' finished on 0
2018-07-13 14:54:41.382 [IPControllerApp] task::task 'cc232d2b-7ed1e9585fcca477e8f6d36e' arrived on 0
2018-07-13 14:54:41.383 [IPControllerApp] task::task 'e68781ee-b3ace352330cf52e3079e814' finished on 0
2018-07-13 14:54:42.388 [IPControllerApp] task::task '34857cc6-3367f33a811a2396b5c33435' arrived on 0
2018-07-13 14:54:42.389 [IPControllerApp] task::task 'cc232d2b-7ed1e9585fcca477e8f6d36e' finished on 0
2018-07-13 14:54:43.395 [IPControllerApp] task::task '4f52bc50-2f54caf72f9abc93f9b8c2be' arrived on 0
2018-07-13 14:54:43.396 [IPControllerApp] task::task '34857cc6-3367f33a811a2396b5c33435' finished on 0
2018-07-13 14:54:44.401 [IPControllerApp] task::task '2f89cf05-1ec5e43c626f5c50d11dc3b2' arrived on 0
2018-07-13 14:54:44.402 [IPControllerApp] task::task '4f52bc50-2f54caf72f9abc93f9b8c2be' finished on 0
2018-07-13 14:54:45.407 [IPControllerApp] task::task '1cba0ce2-8265aaef0041d52baab6be41' arrived on 0
2018-07-13 14:54:45.408 [IPControllerApp] task::task '2f89cf05-1ec5e43c626f5c50d11dc3b2' finished on 0
2018-07-13 14:54:46.413 [IPControllerApp] task::task '3332f494-3455a58f55fc045d5ad1caf5' arrived on 0
2018-07-13 14:54:46.414 [IPControllerApp] task::task '1cba0ce2-8265aaef0041d52baab6be41' finished on 0
2018-07-13 14:54:47.418 [IPControllerApp] task::task 'b9d802ff-7f3f73a1b74280afe0fecc50' arrived on 0
2018-07-13 14:54:47.419 [IPControllerApp] task::task '3332f494-3455a58f55fc045d5ad1caf5' finished on 0
2018-07-13 14:54:48.425 [IPControllerApp] task::task '199095c9-d557641428d835499ff176b2' arrived on 0
2018-07-13 14:54:48.427 [IPControllerApp] task::task 'b9d802ff-7f3f73a1b74280afe0fecc50' finished on 0
2018-07-13 14:54:49.430 [IPControllerApp] task::task '11fcf7d4-9724a3f2f99e2066bc8b31f4' arrived on 0
2018-07-13 14:54:49.431 [IPControllerApp] task::task '199095c9-d557641428d835499ff176b2' finished on 0
2018-07-13 14:54:50.436 [IPControllerApp] task::task 'b4a46732-85e36b3568ccddcad3be64ff' arrived on 0
2018-07-13 14:54:50.437 [IPControllerApp] task::task '11fcf7d4-9724a3f2f99e2066bc8b31f4' finished on 0
2018-07-13 14:54:51.441 [IPControllerApp] task::task '62771c48-8a452a1a3c771753a99f2c63' arrived on 0
2018-07-13 14:54:51.442 [IPControllerApp] task::task 'b4a46732-85e36b3568ccddcad3be64ff' finished on 0
2018-07-13 14:54:52.447 [IPControllerApp] task::task '1e482074-971e03c4622ce769a5cec250' arrived on 0
2018-07-13 14:54:52.448 [IPControllerApp] task::task '62771c48-8a452a1a3c771753a99f2c63' finished on 0
2018-07-13 14:54:53.453 [IPControllerApp] task::task 'c87329d3-4cce9eb3298b5b9a4938f46c' arrived on 0
2018-07-13 14:54:53.454 [IPControllerApp] task::task '1e482074-971e03c4622ce769a5cec250' finished on 0
2018-07-13 14:54:54.461 [IPControllerApp] task::task '8a72b46e-dd34a387fc302e7e6d02796c' arrived on 0
2018-07-13 14:54:54.462 [IPControllerApp] task::task 'c87329d3-4cce9eb3298b5b9a4938f46c' finished on 0
2018-07-13 14:54:55.467 [IPControllerApp] task::task 'd84baaf2-a333619cc9f62f3a390158a8' arrived on 0
2018-07-13 14:54:55.468 [IPControllerApp] task::task '8a72b46e-dd34a387fc302e7e6d02796c' finished on 0
2018-07-13 14:54:56.473 [IPControllerApp] task::task 'f65cf2bc-cbb0ea9792bf47ac566001f2' arrived on 0
2018-07-13 14:54:56.474 [IPControllerApp] task::task 'd84baaf2-a333619cc9f62f3a390158a8' finished on 0
2018-07-13 14:54:57.479 [IPControllerApp] task::task '7af4cd10-e9964f3db9ba17ec0ff53134' arrived on 0
2018-07-13 14:54:57.479 [IPControllerApp] task::task 'f65cf2bc-cbb0ea9792bf47ac566001f2' finished on 0
2018-07-13 14:54:58.484 [IPControllerApp] task::task '7e5ec759-6968f4a83c4cae2d32cc53cd' arrived on 0
2018-07-13 14:54:58.485 [IPControllerApp] task::task '7af4cd10-e9964f3db9ba17ec0ff53134' finished on 0
2018-07-13 14:54:59.490 [IPControllerApp] task::task '94fc9022-f3959532e52bc54911994c4a' arrived on 0
2018-07-13 14:54:59.490 [IPControllerApp] task::task '7e5ec759-6968f4a83c4cae2d32cc53cd' finished on 0
2018-07-13 14:55:00.495 [IPControllerApp] task::task 'a390cf6a-ca8e03f48877efed5633fcef' arrived on 0
2018-07-13 14:55:00.496 [IPControllerApp] task::task '94fc9022-f3959532e52bc54911994c4a' finished on 0
2018-07-13 14:55:01.501 [IPControllerApp] task::task 'f8af8486-7de66a6f38c44912c86a8597' arrived on 0
2018-07-13 14:55:01.502 [IPControllerApp] task::task 'a390cf6a-ca8e03f48877efed5633fcef' finished on 0
2018-07-13 14:55:02.506 [IPControllerApp] task::task '7e3fccef-2364178e909490f9b4b3e830' arrived on 0
2018-07-13 14:55:02.507 [IPControllerApp] task::task 'f8af8486-7de66a6f38c44912c86a8597' finished on 0
2018-07-13 14:55:03.512 [IPControllerApp] task::task '28221037-b8983df7988cf879be922f13' arrived on 0
2018-07-13 14:55:03.513 [IPControllerApp] task::task '7e3fccef-2364178e909490f9b4b3e830' finished on 0
2018-07-13 14:55:04.518 [IPControllerApp] task::task '73553baa-6cea265b897076e4314f58f1' arrived on 0
2018-07-13 14:55:04.519 [IPControllerApp] task::task '28221037-b8983df7988cf879be922f13' finished on 0
2018-07-13 14:55:05.524 [IPControllerApp] task::task 'd696ff76-c6a1292607fad43fd009cbb0' arrived on 0
2018-07-13 14:55:05.525 [IPControllerApp] task::task '73553baa-6cea265b897076e4314f58f1' finished on 0
2018-07-13 14:55:06.529 [IPControllerApp] task::task '59cf1559-c2ccaacaf1e5bad1a9d75a4e' arrived on 0
2018-07-13 14:55:06.530 [IPControllerApp] task::task 'd696ff76-c6a1292607fad43fd009cbb0' finished on 0
2018-07-13 14:55:07.536 [IPControllerApp] task::task '274c6234-1cd0e183c2bfaa3fc4e91fff' arrived on 0
2018-07-13 14:55:07.536 [IPControllerApp] task::task '59cf1559-c2ccaacaf1e5bad1a9d75a4e' finished on 0
2018-07-13 14:55:08.541 [IPControllerApp] task::task '5924358d-c7e4ee0a7334961062235bdc' arrived on 0
2018-07-13 14:55:08.542 [IPControllerApp] task::task '274c6234-1cd0e183c2bfaa3fc4e91fff' finished on 0
2018-07-13 14:55:09.547 [IPControllerApp] task::task 'bc7c02f2-435a25ff1b5a3164bf96f644' arrived on 0
2018-07-13 14:55:09.548 [IPControllerApp] task::task '5924358d-c7e4ee0a7334961062235bdc' finished on 0
2018-07-13 14:55:10.552 [IPControllerApp] task::task 'e521d805-3412b0e3a76a3db24bb0ad04' arrived on 0
2018-07-13 14:55:10.553 [IPControllerApp] task::task 'bc7c02f2-435a25ff1b5a3164bf96f644' finished on 0
2018-07-13 14:55:11.558 [IPControllerApp] task::task 'a0be7383-13dad282c0353378f2256c3b' arrived on 0
2018-07-13 14:55:11.558 [IPControllerApp] task::task 'e521d805-3412b0e3a76a3db24bb0ad04' finished on 0
2018-07-13 14:55:12.563 [IPControllerApp] task::task '826c8f2a-206c7d9684ed0e46cf2b0bf8' arrived on 0
2018-07-13 14:55:12.564 [IPControllerApp] task::task 'a0be7383-13dad282c0353378f2256c3b' finished on 0
2018-07-13 14:55:13.569 [IPControllerApp] task::task '2839773f-42f9d2b604595410a3096b15' arrived on 0
2018-07-13 14:55:13.569 [IPControllerApp] task::task '826c8f2a-206c7d9684ed0e46cf2b0bf8' finished on 0
2018-07-13 14:55:14.574 [IPControllerApp] task::task 'da5697a0-b93568fc5cbcffb1df1b942d' arrived on 0
2018-07-13 14:55:14.575 [IPControllerApp] task::task '2839773f-42f9d2b604595410a3096b15' finished on 0
2018-07-13 14:55:15.580 [IPControllerApp] task::task '3f260831-6a7af1e58f5034ef7acc6370' arrived on 0
2018-07-13 14:55:15.580 [IPControllerApp] task::task 'da5697a0-b93568fc5cbcffb1df1b942d' finished on 0
2018-07-13 14:55:16.585 [IPControllerApp] task::task 'e8d9c2d5-2c2a167824111be12220f7b6' arrived on 0
2018-07-13 14:55:16.586 [IPControllerApp] task::task '3f260831-6a7af1e58f5034ef7acc6370' finished on 0
2018-07-13 14:55:17.591 [IPControllerApp] task::task '60eaa5ad-a807d1bee18cf5439a282620' arrived on 0
2018-07-13 14:55:17.592 [IPControllerApp] task::task 'e8d9c2d5-2c2a167824111be12220f7b6' finished on 0
2018-07-13 14:55:18.597 [IPControllerApp] task::task 'c78d468d-8f392d104a54dfe68976af17' arrived on 0
2018-07-13 14:55:18.597 [IPControllerApp] task::task '60eaa5ad-a807d1bee18cf5439a282620' finished on 0
2018-07-13 14:55:19.602 [IPControllerApp] task::task 'bcb63eac-dfc7a792b240b7ef442a8cdf' arrived on 0
2018-07-13 14:55:19.603 [IPControllerApp] task::task 'c78d468d-8f392d104a54dfe68976af17' finished on 0
2018-07-13 14:55:20.608 [IPControllerApp] task::task '781aa37d-7c1aa172c5df59fd9ad08146' arrived on 0
2018-07-13 14:55:20.609 [IPControllerApp] task::task 'bcb63eac-dfc7a792b240b7ef442a8cdf' finished on 0
2018-07-13 14:55:21.614 [IPControllerApp] task::task 'dc37fde0-ba6186837643ba453f3ea5b8' arrived on 0
2018-07-13 14:55:21.615 [IPControllerApp] task::task '781aa37d-7c1aa172c5df59fd9ad08146' finished on 0
2018-07-13 14:55:22.620 [IPControllerApp] task::task 'a265c7d2-d606ad729d6cde66c1956972' arrived on 0
2018-07-13 14:55:22.620 [IPControllerApp] task::task 'dc37fde0-ba6186837643ba453f3ea5b8' finished on 0
2018-07-13 14:55:23.625 [IPControllerApp] task::task 'd17427f7-8bc5c2f21d99a2a71fcfae82' arrived on 0
2018-07-13 14:55:23.626 [IPControllerApp] task::task 'a265c7d2-d606ad729d6cde66c1956972' finished on 0
2018-07-13 14:55:24.631 [IPControllerApp] task::task '32a45552-834daf9ba7fdb3b2e4f6c49d' arrived on 0
2018-07-13 14:55:24.632 [IPControllerApp] task::task 'd17427f7-8bc5c2f21d99a2a71fcfae82' finished on 0
2018-07-13 14:55:25.636 [IPControllerApp] task::task 'b2eb00a7-fb0498009bf2fe3453a0c10c' arrived on 0
2018-07-13 14:55:25.637 [IPControllerApp] task::task '32a45552-834daf9ba7fdb3b2e4f6c49d' finished on 0
2018-07-13 14:55:26.642 [IPControllerApp] task::task '256a7979-4f64e1ce18877917b3c895ff' arrived on 0
2018-07-13 14:55:26.644 [IPControllerApp] task::task 'b2eb00a7-fb0498009bf2fe3453a0c10c' finished on 0
2018-07-13 14:55:27.647 [IPControllerApp] task::task 'e6c15286-8b08184e08eeb424896e4860' arrived on 0
2018-07-13 14:55:27.648 [IPControllerApp] task::task '256a7979-4f64e1ce18877917b3c895ff' finished on 0
2018-07-13 14:55:28.654 [IPControllerApp] task::task 'abf43929-26f4ec219b3d5cbc1c9e764e' arrived on 0
2018-07-13 14:55:28.654 [IPControllerApp] task::task 'e6c15286-8b08184e08eeb424896e4860' finished on 0
2018-07-13 14:55:29.659 [IPControllerApp] task::task '574f3c93-ff6940ff78764ecc04c234e6' arrived on 0
2018-07-13 14:55:29.660 [IPControllerApp] task::task 'abf43929-26f4ec219b3d5cbc1c9e764e' finished on 0
2018-07-13 14:55:30.665 [IPControllerApp] task::task '06ef72e5-1e6c4451fd39a0fe9269d4b6' arrived on 0
2018-07-13 14:55:30.666 [IPControllerApp] task::task '574f3c93-ff6940ff78764ecc04c234e6' finished on 0
2018-07-13 14:55:31.671 [IPControllerApp] task::task '55606fe1-91c467797f1d73794f0a0cac' arrived on 0
2018-07-13 14:55:31.671 [IPControllerApp] task::task '06ef72e5-1e6c4451fd39a0fe9269d4b6' finished on 0
2018-07-13 14:55:32.676 [IPControllerApp] task::task '3565efac-217fc0ed2522029f015997e4' arrived on 0
2018-07-13 14:55:32.677 [IPControllerApp] task::task '55606fe1-91c467797f1d73794f0a0cac' finished on 0
2018-07-13 14:55:33.682 [IPControllerApp] task::task 'c6ac1c52-f2b6d06be169ec3df3479d25' arrived on 0
2018-07-13 14:55:33.683 [IPControllerApp] task::task '3565efac-217fc0ed2522029f015997e4' finished on 0
2018-07-13 14:55:34.688 [IPControllerApp] task::task '967c2ec0-199ba8776b748df6e5b9ed49' arrived on 0
2018-07-13 14:55:34.689 [IPControllerApp] task::task 'c6ac1c52-f2b6d06be169ec3df3479d25' finished on 0
2018-07-13 14:55:35.693 [IPControllerApp] task::task 'b05e96d7-2a90998076e241062afab013' arrived on 0
2018-07-13 14:55:35.694 [IPControllerApp] task::task '967c2ec0-199ba8776b748df6e5b9ed49' finished on 0
2018-07-13 14:55:36.699 [IPControllerApp] task::task 'd915c63b-c3ec8af324bbd14adfd55eed' arrived on 0
2018-07-13 14:55:36.700 [IPControllerApp] task::task 'b05e96d7-2a90998076e241062afab013' finished on 0
2018-07-13 14:55:37.704 [IPControllerApp] task::task 'fe996a9c-021932c884d155bf02fa0bc1' arrived on 0
2018-07-13 14:55:37.705 [IPControllerApp] task::task 'd915c63b-c3ec8af324bbd14adfd55eed' finished on 0
2018-07-13 14:55:38.710 [IPControllerApp] task::task 'a5687a04-011d6b456f2e168c282cb045' arrived on 0
2018-07-13 14:55:38.711 [IPControllerApp] task::task 'fe996a9c-021932c884d155bf02fa0bc1' finished on 0
2018-07-13 14:55:39.716 [IPControllerApp] task::task '0555d92b-6af019ade5de4e5a8f56290c' arrived on 0
2018-07-13 14:55:39.716 [IPControllerApp] task::task 'a5687a04-011d6b456f2e168c282cb045' finished on 0
2018-07-13 14:55:40.721 [IPControllerApp] task::task '4d75b254-58715a8106e8b2b2c45f34ec' arrived on 0
2018-07-13 14:55:40.722 [IPControllerApp] task::task '0555d92b-6af019ade5de4e5a8f56290c' finished on 0
2018-07-13 14:55:41.727 [IPControllerApp] task::task '2c1627b0-d40a2fd75b25872e089ba081' arrived on 0
2018-07-13 14:55:41.728 [IPControllerApp] task::task '4d75b254-58715a8106e8b2b2c45f34ec' finished on 0
2018-07-13 14:55:42.732 [IPControllerApp] task::task 'dbc99a73-bdc1bc711739ea0a5f5be509' arrived on 0
2018-07-13 14:55:42.734 [IPControllerApp] task::task '2c1627b0-d40a2fd75b25872e089ba081' finished on 0
2018-07-13 14:55:43.738 [IPControllerApp] task::task 'e3ff6f2b-118b840ddca662dc1ef97c26' arrived on 0
2018-07-13 14:55:43.739 [IPControllerApp] task::task 'dbc99a73-bdc1bc711739ea0a5f5be509' finished on 0
2018-07-13 14:55:44.744 [IPControllerApp] task::task '1e8c824e-a0c604ea582d544aae13c362' arrived on 0
2018-07-13 14:55:44.745 [IPControllerApp] task::task 'e3ff6f2b-118b840ddca662dc1ef97c26' finished on 0
2018-07-13 14:55:45.750 [IPControllerApp] task::task 'f7218854-be1e4ff8aeb515c030f28994' arrived on 0
2018-07-13 14:55:45.751 [IPControllerApp] task::task '1e8c824e-a0c604ea582d544aae13c362' finished on 0
2018-07-13 14:55:46.755 [IPControllerApp] task::task 'a668a480-4b424349d3c1dc047a3d1fbf' arrived on 0
2018-07-13 14:55:46.756 [IPControllerApp] task::task 'f7218854-be1e4ff8aeb515c030f28994' finished on 0
2018-07-13 14:55:47.761 [IPControllerApp] task::task '334036a5-21fb484c1cf018eba8e45c0c' arrived on 0
2018-07-13 14:55:47.762 [IPControllerApp] task::task 'a668a480-4b424349d3c1dc047a3d1fbf' finished on 0
2018-07-13 14:55:48.767 [IPControllerApp] task::task 'cdd3aa4a-06740877dedf03c2222f9492' arrived on 0
2018-07-13 14:55:48.768 [IPControllerApp] task::task '334036a5-21fb484c1cf018eba8e45c0c' finished on 0
2018-07-13 14:55:49.773 [IPControllerApp] task::task 'a14903bb-6be4d2e7bc00ef20ccae1a3e' arrived on 0
2018-07-13 14:55:49.774 [IPControllerApp] task::task 'cdd3aa4a-06740877dedf03c2222f9492' finished on 0
2018-07-13 14:55:50.779 [IPControllerApp] task::task '624357f0-64963b6e01785c02a171ec58' arrived on 0
2018-07-13 14:55:50.779 [IPControllerApp] task::task 'a14903bb-6be4d2e7bc00ef20ccae1a3e' finished on 0
2018-07-13 14:55:51.784 [IPControllerApp] task::task 'c2c2c726-319bc4bbac547ab0965c2a70' arrived on 0
2018-07-13 14:55:51.785 [IPControllerApp] task::task '624357f0-64963b6e01785c02a171ec58' finished on 0
2018-07-13 14:55:52.790 [IPControllerApp] task::task '1253dc14-20816b9832b7e78a85a16d65' arrived on 0
2018-07-13 14:55:52.791 [IPControllerApp] task::task 'c2c2c726-319bc4bbac547ab0965c2a70' finished on 0
2018-07-13 14:55:53.795 [IPControllerApp] task::task '33dd0cf9-4581acd77f529153c1fdad17' arrived on 0
2018-07-13 14:55:53.796 [IPControllerApp] task::task '1253dc14-20816b9832b7e78a85a16d65' finished on 0
2018-07-13 14:55:54.801 [IPControllerApp] task::task '19106e91-cf684a5320e8e71a787d27a4' arrived on 0
2018-07-13 14:55:54.802 [IPControllerApp] task::task '33dd0cf9-4581acd77f529153c1fdad17' finished on 0
2018-07-13 14:55:55.806 [IPControllerApp] task::task 'b9596570-960f2c6eeea2001e8f09ed83' arrived on 0
2018-07-13 14:55:55.807 [IPControllerApp] task::task '19106e91-cf684a5320e8e71a787d27a4' finished on 0
2018-07-13 14:55:56.813 [IPControllerApp] task::task '679e7e58-4098a141db4f1ea6c9f63288' arrived on 0
2018-07-13 14:55:56.814 [IPControllerApp] task::task 'b9596570-960f2c6eeea2001e8f09ed83' finished on 0
2018-07-13 14:55:57.819 [IPControllerApp] task::task '77547b98-5f2da6bdf960479aa05af989' arrived on 0
2018-07-13 14:55:57.820 [IPControllerApp] task::task '679e7e58-4098a141db4f1ea6c9f63288' finished on 0
2018-07-13 14:55:58.824 [IPControllerApp] task::task '77646c13-d8f276b86950b3449b4e23ea' arrived on 0
2018-07-13 14:55:58.825 [IPControllerApp] task::task '77547b98-5f2da6bdf960479aa05af989' finished on 0
2018-07-13 14:55:59.830 [IPControllerApp] task::task 'ed1b98de-1fe56448c1a48dd702cdcbb8' arrived on 0
2018-07-13 14:55:59.831 [IPControllerApp] task::task '77646c13-d8f276b86950b3449b4e23ea' finished on 0
2018-07-13 14:56:00.837 [IPControllerApp] task::task '827f91a6-dc28401d468597b684301300' arrived on 0
2018-07-13 14:56:00.838 [IPControllerApp] task::task 'ed1b98de-1fe56448c1a48dd702cdcbb8' finished on 0
2018-07-13 14:56:01.843 [IPControllerApp] task::task '16b5fd57-58dd8463d4c110a49f1309d9' arrived on 0
2018-07-13 14:56:01.843 [IPControllerApp] task::task '827f91a6-dc28401d468597b684301300' finished on 0
2018-07-13 14:56:02.848 [IPControllerApp] task::task 'f852c42f-066c3afec71b10c240802562' arrived on 0
2018-07-13 14:56:02.849 [IPControllerApp] task::task '16b5fd57-58dd8463d4c110a49f1309d9' finished on 0
2018-07-13 14:56:03.854 [IPControllerApp] task::task 'd7d2cddc-38725f0f4378d7e56eba0af1' arrived on 0
2018-07-13 14:56:03.855 [IPControllerApp] task::task 'f852c42f-066c3afec71b10c240802562' finished on 0
2018-07-13 14:56:04.861 [IPControllerApp] task::task 'e24eaef2-b11a653d6b6e249355b23d70' arrived on 0
2018-07-13 14:56:04.862 [IPControllerApp] task::task 'd7d2cddc-38725f0f4378d7e56eba0af1' finished on 0
2018-07-13 14:56:05.866 [IPControllerApp] task::task '7c250b5b-cd950043059b5b46d03e55f1' arrived on 0
2018-07-13 14:56:05.867 [IPControllerApp] task::task 'e24eaef2-b11a653d6b6e249355b23d70' finished on 0
2018-07-13 14:56:06.872 [IPControllerApp] task::task 'daecb53d-54e22e58f13428168860babe' arrived on 0
2018-07-13 14:56:06.873 [IPControllerApp] task::task '7c250b5b-cd950043059b5b46d03e55f1' finished on 0
2018-07-13 14:56:07.878 [IPControllerApp] task::task '4bce629c-5bd1a7e20ca42f0c482c60a1' arrived on 0
2018-07-13 14:56:07.879 [IPControllerApp] task::task 'daecb53d-54e22e58f13428168860babe' finished on 0
2018-07-13 14:56:08.883 [IPControllerApp] task::task '395f8afa-9908139da6ea1e0897c625d0' arrived on 0
2018-07-13 14:56:08.884 [IPControllerApp] task::task '4bce629c-5bd1a7e20ca42f0c482c60a1' finished on 0
2018-07-13 14:56:09.889 [IPControllerApp] task::task '398ba0a9-295ccb0f3cf817627e2fd74c' arrived on 0
2018-07-13 14:56:09.890 [IPControllerApp] task::task '395f8afa-9908139da6ea1e0897c625d0' finished on 0
2018-07-13 14:56:10.894 [IPControllerApp] task::task '46e1ab18-7cf9f5e2e4b3a4f40610234f' arrived on 0
2018-07-13 14:56:10.895 [IPControllerApp] task::task '398ba0a9-295ccb0f3cf817627e2fd74c' finished on 0
2018-07-13 14:56:11.900 [IPControllerApp] task::task '85cf41ee-8f0f66b7928da1dafdbd0b46' arrived on 0
2018-07-13 14:56:11.901 [IPControllerApp] task::task '46e1ab18-7cf9f5e2e4b3a4f40610234f' finished on 0
2018-07-13 14:56:12.905 [IPControllerApp] task::task '7f578802-0c615c771f8439c38d698221' arrived on 0
2018-07-13 14:56:12.906 [IPControllerApp] task::task '85cf41ee-8f0f66b7928da1dafdbd0b46' finished on 0
2018-07-13 14:56:13.911 [IPControllerApp] task::task '1636f8f4-a7565982fc69c7257dd1806a' arrived on 0
2018-07-13 14:56:13.912 [IPControllerApp] task::task '7f578802-0c615c771f8439c38d698221' finished on 0
2018-07-13 14:56:14.916 [IPControllerApp] task::task '6bde850e-959173da458c88b13edd8ae6' arrived on 0
2018-07-13 14:56:14.917 [IPControllerApp] task::task '1636f8f4-a7565982fc69c7257dd1806a' finished on 0
2018-07-13 14:56:15.922 [IPControllerApp] task::task 'efc323aa-a150881a681ec9b4e7b883c0' arrived on 0
2018-07-13 14:56:15.923 [IPControllerApp] task::task '6bde850e-959173da458c88b13edd8ae6' finished on 0
2018-07-13 14:56:16.928 [IPControllerApp] task::task '85611484-d8a61d3b31241bc6ab11f5fa' arrived on 0
2018-07-13 14:56:16.929 [IPControllerApp] task::task 'efc323aa-a150881a681ec9b4e7b883c0' finished on 0
2018-07-13 14:56:17.934 [IPControllerApp] task::task '48a0c349-5644db21f85072548439a686' arrived on 0
2018-07-13 14:56:17.935 [IPControllerApp] task::task '85611484-d8a61d3b31241bc6ab11f5fa' finished on 0
2018-07-13 14:56:18.940 [IPControllerApp] task::task '58385c67-5de5e648452bca56a1c2f222' arrived on 0
2018-07-13 14:56:18.941 [IPControllerApp] task::task '48a0c349-5644db21f85072548439a686' finished on 0
2018-07-13 14:56:19.946 [IPControllerApp] task::task '1d0d1663-0fd9bbfedff9487ceef6c948' arrived on 0
2018-07-13 14:56:19.947 [IPControllerApp] task::task '58385c67-5de5e648452bca56a1c2f222' finished on 0
2018-07-13 14:56:20.952 [IPControllerApp] task::task 'fdf3b05f-585f2c07b4368335b94413db' arrived on 0
2018-07-13 14:56:20.953 [IPControllerApp] task::task '1d0d1663-0fd9bbfedff9487ceef6c948' finished on 0
2018-07-13 14:56:21.958 [IPControllerApp] task::task '814e1668-66e5d53ee63c86d9c4bab3ef' arrived on 0
2018-07-13 14:56:21.959 [IPControllerApp] task::task 'fdf3b05f-585f2c07b4368335b94413db' finished on 0
2018-07-13 14:56:22.964 [IPControllerApp] task::task 'f4f2942d-bba632f7071997f61d691210' arrived on 0
2018-07-13 14:56:22.964 [IPControllerApp] task::task '814e1668-66e5d53ee63c86d9c4bab3ef' finished on 0
2018-07-13 14:56:23.969 [IPControllerApp] task::task '7949245d-3fe154ebb978c84c8c7b7ba4' arrived on 0
2018-07-13 14:56:23.969 [IPControllerApp] task::task 'f4f2942d-bba632f7071997f61d691210' finished on 0
2018-07-13 14:56:24.975 [IPControllerApp] task::task '0bc0018c-cfe2d141b100428f3cca8161' arrived on 0
2018-07-13 14:56:24.975 [IPControllerApp] task::task '7949245d-3fe154ebb978c84c8c7b7ba4' finished on 0
2018-07-13 14:56:25.980 [IPControllerApp] task::task 'c11c96aa-6dcd53cd5cd59b86bc4facf5' arrived on 0
2018-07-13 14:56:25.981 [IPControllerApp] task::task '0bc0018c-cfe2d141b100428f3cca8161' finished on 0
2018-07-13 14:56:26.986 [IPControllerApp] task::task 'c9c503c0-78d41090698306ab93b1399c' arrived on 0
2018-07-13 14:56:26.987 [IPControllerApp] task::task 'c11c96aa-6dcd53cd5cd59b86bc4facf5' finished on 0
2018-07-13 14:56:27.992 [IPControllerApp] task::task '5b6e2b1b-861ff667e65a03e1ea6be796' arrived on 0
2018-07-13 14:56:27.992 [IPControllerApp] task::task 'c9c503c0-78d41090698306ab93b1399c' finished on 0
2018-07-13 14:56:28.583 [IPControllerApp] CRITICAL | Received signal 15, shutting down
2018-07-13 14:56:28.583 [IPControllerApp] CRITICAL | terminating children...
