2018-07-11 13:41:22.723 [IPControllerApp] Created profile dir: '/scratch/midway2/madduru/parsl/parsl/tests/integration/test_stress/runinfo/967/profile_midway_ipp'
2018-07-11 13:41:22.742 [IPControllerApp] Hub listening on tcp://*:34953 for registration.
2018-07-11 13:41:22.744 [IPControllerApp] Hub using DB backend: 'DictDB'
2018-07-11 13:41:23.007 [IPControllerApp] hub::created hub
2018-07-11 13:41:23.008 [IPControllerApp] writing connection info to /scratch/midway2/madduru/parsl/parsl/tests/integration/test_stress/runinfo/967/profile_midway_ipp/security/ipcontroller-client.json
2018-07-11 13:41:23.009 [IPControllerApp] writing connection info to /scratch/midway2/madduru/parsl/parsl/tests/integration/test_stress/runinfo/967/profile_midway_ipp/security/ipcontroller-engine.json
2018-07-11 13:41:23.010 [IPControllerApp] task::using Python leastload Task scheduler
2018-07-11 13:41:23.010 [IPControllerApp] Heartmonitor started
2018-07-11 13:41:23.024 [IPControllerApp] Creating pid file: /scratch/midway2/madduru/parsl/parsl/tests/integration/test_stress/runinfo/967/profile_midway_ipp/pid/ipcontroller.pid
2018-07-11 13:41:23.033 [scheduler] Scheduler started [leastload]
2018-07-11 13:41:23.035 [IPControllerApp] client::client b'\x00k\x8bEg' requested 'connection_request'
2018-07-11 13:41:23.036 [IPControllerApp] client::client [b'\x00k\x8bEg'] connected
2018-07-11 13:41:24.137 [IPControllerApp] client::client b'\x00k\x8bEh' requested 'connection_request'
2018-07-11 13:41:24.137 [IPControllerApp] client::client [b'\x00k\x8bEh'] connected
2018-07-11 13:41:47.804 [IPControllerApp] client::client b'4ee44061-36220529fc4496e86a93f08b' requested 'registration_request'
2018-07-11 13:41:47.823 [IPControllerApp] client::client b'458ffb83-c19aeb8e21f89c26b3a3f1d3' requested 'registration_request'
2018-07-11 13:41:47.835 [IPControllerApp] client::client b'33de5d6e-e36819a2803c7533097b97f9' requested 'registration_request'
2018-07-11 13:41:47.886 [IPControllerApp] client::client b'e91c9cbf-27efdba6cecdda709350bcbc' requested 'registration_request'
2018-07-11 13:41:53.013 [IPControllerApp] registration::finished registering engine 3:e91c9cbf-27efdba6cecdda709350bcbc
2018-07-11 13:41:53.013 [IPControllerApp] engine::Engine Connected: 3
2018-07-11 13:41:53.014 [IPControllerApp] registration::finished registering engine 0:4ee44061-36220529fc4496e86a93f08b
2018-07-11 13:41:53.015 [IPControllerApp] engine::Engine Connected: 0
2018-07-11 13:41:53.015 [IPControllerApp] registration::finished registering engine 2:33de5d6e-e36819a2803c7533097b97f9
2018-07-11 13:41:53.016 [IPControllerApp] engine::Engine Connected: 2
2018-07-11 13:41:53.016 [IPControllerApp] registration::finished registering engine 1:458ffb83-c19aeb8e21f89c26b3a3f1d3
2018-07-11 13:41:53.016 [IPControllerApp] engine::Engine Connected: 1
2018-07-11 13:41:53.019 [IPControllerApp] task::task 'dd08ea51-f5fa6fc9c24422118dee906f' arrived on 3
2018-07-11 13:41:53.020 [IPControllerApp] task::task '8341a42f-1192a24232fc635b6a933220' arrived on 0
2018-07-11 13:41:53.021 [IPControllerApp] task::task '6a6cab39-a019c6507508e5dc1bcd5bba' arrived on 2
2018-07-11 13:41:53.022 [IPControllerApp] task::task '1353af49-2173f4f58e2d38b2f3c9486f' arrived on 1
2018-07-11 13:41:55.830 [IPControllerApp] task::task '7fa97456-99985d04ba6e37a62f5c04b8' arrived on 0
2018-07-11 13:41:55.831 [IPControllerApp] task::task '8341a42f-1192a24232fc635b6a933220' finished on 0
2018-07-11 13:41:55.834 [IPControllerApp] task::task 'cd4dadeb-e5e80139d728dfc910a4624c' arrived on 1
2018-07-11 13:41:55.835 [IPControllerApp] task::task '1353af49-2173f4f58e2d38b2f3c9486f' finished on 1
2018-07-11 13:41:55.858 [IPControllerApp] task::task 'e06d4b8a-dab25e267b6eed12d56e16dd' arrived on 2
2018-07-11 13:41:55.859 [IPControllerApp] task::task '6a6cab39-a019c6507508e5dc1bcd5bba' finished on 2
2018-07-11 13:41:55.863 [IPControllerApp] task::task '4f4cd7fc-bede5ee531a7c9e0f32cf67b' arrived on 3
2018-07-11 13:41:55.864 [IPControllerApp] task::task 'dd08ea51-f5fa6fc9c24422118dee906f' finished on 3
2018-07-11 13:41:56.841 [IPControllerApp] task::task '9f71d5c0-c5fcc712ec9176a564a9824a' arrived on 0
2018-07-11 13:41:56.842 [IPControllerApp] task::task '7fa97456-99985d04ba6e37a62f5c04b8' finished on 0
2018-07-11 13:41:56.848 [IPControllerApp] task::task '1f5008e1-80ef26c1321422d949743fba' arrived on 1
2018-07-11 13:41:56.849 [IPControllerApp] task::task 'cd4dadeb-e5e80139d728dfc910a4624c' finished on 1
2018-07-11 13:41:56.863 [IPControllerApp] task::task 'f290865f-15876af78cc5defc2ac3c167' arrived on 2
2018-07-11 13:41:56.864 [IPControllerApp] task::task 'e06d4b8a-dab25e267b6eed12d56e16dd' finished on 2
2018-07-11 13:41:56.869 [IPControllerApp] task::task '349e8894-19e4f605fef00a17435725be' arrived on 3
2018-07-11 13:41:56.869 [IPControllerApp] task::task '4f4cd7fc-bede5ee531a7c9e0f32cf67b' finished on 3
2018-07-11 13:41:57.848 [IPControllerApp] task::task 'fb36397b-01285af9ea018e70a6d69ebd' arrived on 0
2018-07-11 13:41:57.848 [IPControllerApp] task::task '9f71d5c0-c5fcc712ec9176a564a9824a' finished on 0
2018-07-11 13:41:57.854 [IPControllerApp] task::task 'ecceaca8-dcc2d2d8bc6623fa9d9406b8' arrived on 1
2018-07-11 13:41:57.855 [IPControllerApp] task::task '1f5008e1-80ef26c1321422d949743fba' finished on 1
2018-07-11 13:41:57.871 [IPControllerApp] task::task 'b975efd0-fc74385bd474be674cb11732' arrived on 2
2018-07-11 13:41:57.872 [IPControllerApp] task::task 'f290865f-15876af78cc5defc2ac3c167' finished on 2
2018-07-11 13:41:57.875 [IPControllerApp] task::task '1032fa32-6d6807726d47f96f9b96265d' arrived on 3
2018-07-11 13:41:57.876 [IPControllerApp] task::task '349e8894-19e4f605fef00a17435725be' finished on 3
2018-07-11 13:41:58.853 [IPControllerApp] task::task '4f91c033-727f4ee7fb21ea3142fa9838' arrived on 0
2018-07-11 13:41:58.854 [IPControllerApp] task::task 'fb36397b-01285af9ea018e70a6d69ebd' finished on 0
2018-07-11 13:41:58.859 [IPControllerApp] task::task '42ad1d23-fe6321691861dfd4883e5b63' arrived on 1
2018-07-11 13:41:58.860 [IPControllerApp] task::task 'ecceaca8-dcc2d2d8bc6623fa9d9406b8' finished on 1
2018-07-11 13:41:58.878 [IPControllerApp] task::task '71bfa050-91c6789817a47075487e1adc' arrived on 2
2018-07-11 13:41:58.879 [IPControllerApp] task::task 'b975efd0-fc74385bd474be674cb11732' finished on 2
2018-07-11 13:41:58.883 [IPControllerApp] task::task '5ee8b312-695003b4051f70570f6c479c' arrived on 3
2018-07-11 13:41:58.884 [IPControllerApp] task::task '1032fa32-6d6807726d47f96f9b96265d' finished on 3
2018-07-11 13:41:59.859 [IPControllerApp] task::task 'ae4990f1-44a7c264f65968f11fdc317f' arrived on 0
2018-07-11 13:41:59.860 [IPControllerApp] task::task '4f91c033-727f4ee7fb21ea3142fa9838' finished on 0
2018-07-11 13:41:59.864 [IPControllerApp] task::task '0da8225a-ec1432debc1f3479dee0cd2c' arrived on 1
2018-07-11 13:41:59.865 [IPControllerApp] task::task '42ad1d23-fe6321691861dfd4883e5b63' finished on 1
2018-07-11 13:41:59.882 [IPControllerApp] task::task 'c1adcc05-bbce341bbcca12ad04593203' arrived on 2
2018-07-11 13:41:59.883 [IPControllerApp] task::task '71bfa050-91c6789817a47075487e1adc' finished on 2
2018-07-11 13:41:59.888 [IPControllerApp] task::task 'ba447591-b5d7d2bc60b246b0c8d6215e' arrived on 3
2018-07-11 13:41:59.889 [IPControllerApp] task::task '5ee8b312-695003b4051f70570f6c479c' finished on 3
2018-07-11 13:42:00.865 [IPControllerApp] task::task 'a185c27a-ee39fe1787db041b30ba296d' arrived on 0
2018-07-11 13:42:00.866 [IPControllerApp] task::task 'ae4990f1-44a7c264f65968f11fdc317f' finished on 0
2018-07-11 13:42:00.870 [IPControllerApp] task::task '0da8225a-ec1432debc1f3479dee0cd2c' finished on 1
2018-07-11 13:42:00.887 [IPControllerApp] task::task 'c1adcc05-bbce341bbcca12ad04593203' finished on 2
2018-07-11 13:42:00.893 [IPControllerApp] task::task 'ba447591-b5d7d2bc60b246b0c8d6215e' finished on 3
2018-07-11 13:42:01.871 [IPControllerApp] task::task 'a185c27a-ee39fe1787db041b30ba296d' finished on 0
2018-07-11 13:42:01.990 [IPControllerApp] CRITICAL | Received signal 15, shutting down
2018-07-11 13:42:01.990 [IPControllerApp] CRITICAL | terminating children...
