2018-07-16 11:20:27.839 [IPControllerApp] Created profile dir: '/scratch/midway2/madduru/parsl/parsl/tests/integration/test_stress/runinfo/1110/profile_midway_ipp'
2018-07-16 11:20:27.859 [IPControllerApp] Hub listening on tcp://*:35638 for registration.
2018-07-16 11:20:27.861 [IPControllerApp] Hub using DB backend: 'DictDB'
2018-07-16 11:20:28.126 [IPControllerApp] hub::created hub
2018-07-16 11:20:28.126 [IPControllerApp] writing connection info to /scratch/midway2/madduru/parsl/parsl/tests/integration/test_stress/runinfo/1110/profile_midway_ipp/security/ipcontroller-client.json
2018-07-16 11:20:28.128 [IPControllerApp] writing connection info to /scratch/midway2/madduru/parsl/parsl/tests/integration/test_stress/runinfo/1110/profile_midway_ipp/security/ipcontroller-engine.json
2018-07-16 11:20:28.129 [IPControllerApp] task::using Python leastload Task scheduler
2018-07-16 11:20:28.129 [IPControllerApp] Heartmonitor started
2018-07-16 11:20:28.144 [IPControllerApp] Creating pid file: /scratch/midway2/madduru/parsl/parsl/tests/integration/test_stress/runinfo/1110/profile_midway_ipp/pid/ipcontroller.pid
2018-07-16 11:20:28.158 [scheduler] Scheduler started [leastload]
2018-07-16 11:20:28.161 [IPControllerApp] client::client b'\x00k\x8bEg' requested 'connection_request'
2018-07-16 11:20:28.161 [IPControllerApp] client::client [b'\x00k\x8bEg'] connected
2018-07-16 11:20:28.914 [IPControllerApp] client::client b'\x00k\x8bEh' requested 'connection_request'
2018-07-16 11:20:28.914 [IPControllerApp] client::client [b'\x00k\x8bEh'] connected
2018-07-16 11:20:31.659 [IPControllerApp] client::client b'eea11128-1f91a0bcea4c5f34b08fbad3' requested 'registration_request'
2018-07-16 11:20:37.132 [IPControllerApp] registration::finished registering engine 0:eea11128-1f91a0bcea4c5f34b08fbad3
2018-07-16 11:20:37.134 [IPControllerApp] engine::Engine Connected: 0
2018-07-16 11:20:37.139 [IPControllerApp] task::task 'f0040f4f-db0be64e9da564a9d9b7e58e' arrived on 0
2018-07-16 11:20:48.232 [IPControllerApp] task::task '3c8ca5e7-15d6475cdfd73591dbe6dac3' arrived on 0
2018-07-16 11:20:48.233 [IPControllerApp] task::task 'f0040f4f-db0be64e9da564a9d9b7e58e' finished on 0
2018-07-16 11:20:58.247 [IPControllerApp] task::task 'b4c42289-a660fe61e7d6754eddcc74fc' arrived on 0
2018-07-16 11:20:58.248 [IPControllerApp] task::task '3c8ca5e7-15d6475cdfd73591dbe6dac3' finished on 0
2018-07-16 11:21:08.262 [IPControllerApp] task::task '5bd71967-b34fde2391e1b82d7d72b736' arrived on 0
2018-07-16 11:21:08.264 [IPControllerApp] task::task 'b4c42289-a660fe61e7d6754eddcc74fc' finished on 0
2018-07-16 11:21:18.277 [IPControllerApp] task::task '57ee8e69-e6bbff035b276858806efd25' arrived on 0
2018-07-16 11:21:18.278 [IPControllerApp] task::task '5bd71967-b34fde2391e1b82d7d72b736' finished on 0
2018-07-16 11:21:28.292 [IPControllerApp] task::task '19407b51-94669a25be8acab7a3e6cc1b' arrived on 0
2018-07-16 11:21:28.294 [IPControllerApp] task::task '57ee8e69-e6bbff035b276858806efd25' finished on 0
2018-07-16 11:21:38.308 [IPControllerApp] task::task '11a8157f-b9d0a7a0f547e04f33070fa4' arrived on 0
2018-07-16 11:21:38.310 [IPControllerApp] task::task '19407b51-94669a25be8acab7a3e6cc1b' finished on 0
2018-07-16 11:21:48.322 [IPControllerApp] task::task 'c6a17892-fdf49bbb93c4b9784aaacf3c' arrived on 0
2018-07-16 11:21:48.324 [IPControllerApp] task::task '11a8157f-b9d0a7a0f547e04f33070fa4' finished on 0
2018-07-16 11:21:58.338 [IPControllerApp] task::task '1d6aee6d-f161419874441622f8286055' arrived on 0
2018-07-16 11:21:58.339 [IPControllerApp] task::task 'c6a17892-fdf49bbb93c4b9784aaacf3c' finished on 0
2018-07-16 11:22:08.353 [IPControllerApp] task::task '1e07619f-f5b49e6b0720b22f254a167c' arrived on 0
2018-07-16 11:22:08.354 [IPControllerApp] task::task '1d6aee6d-f161419874441622f8286055' finished on 0
2018-07-16 11:22:17.136 [IPControllerApp] CRITICAL | Received signal 15, shutting down
2018-07-16 11:22:17.136 [IPControllerApp] CRITICAL | terminating children...
