2018-07-11 15:41:29.038 [IPControllerApp] Created profile dir: '/scratch/midway2/madduru/parsl/parsl/tests/integration/test_stress/runinfo/1028/profile_midway_ipp'
2018-07-11 15:41:29.057 [IPControllerApp] Hub listening on tcp://*:57397 for registration.
2018-07-11 15:41:29.059 [IPControllerApp] Hub using DB backend: 'DictDB'
2018-07-11 15:41:29.321 [IPControllerApp] hub::created hub
2018-07-11 15:41:29.322 [IPControllerApp] writing connection info to /scratch/midway2/madduru/parsl/parsl/tests/integration/test_stress/runinfo/1028/profile_midway_ipp/security/ipcontroller-client.json
2018-07-11 15:41:29.323 [IPControllerApp] writing connection info to /scratch/midway2/madduru/parsl/parsl/tests/integration/test_stress/runinfo/1028/profile_midway_ipp/security/ipcontroller-engine.json
2018-07-11 15:41:29.324 [IPControllerApp] task::using Python leastload Task scheduler
2018-07-11 15:41:29.324 [IPControllerApp] Heartmonitor started
2018-07-11 15:41:29.337 [IPControllerApp] Creating pid file: /scratch/midway2/madduru/parsl/parsl/tests/integration/test_stress/runinfo/1028/profile_midway_ipp/pid/ipcontroller.pid
2018-07-11 15:41:29.346 [scheduler] Scheduler started [leastload]
2018-07-11 15:41:29.349 [IPControllerApp] client::client b'\x00k\x8bEg' requested 'connection_request'
2018-07-11 15:41:29.349 [IPControllerApp] client::client [b'\x00k\x8bEg'] connected
2018-07-11 15:41:30.281 [IPControllerApp] client::client b'\x00k\x8bEh' requested 'connection_request'
2018-07-11 15:41:30.281 [IPControllerApp] client::client [b'\x00k\x8bEh'] connected
2018-07-11 15:42:22.392 [IPControllerApp] client::client b'eccee450-f1330989bb3d7abd262ef86e' requested 'registration_request'
2018-07-11 15:42:22.394 [IPControllerApp] client::client b'5de34440-e1ba583b7ec9fa94ed7ee8f0' requested 'registration_request'
2018-07-11 15:42:22.419 [IPControllerApp] client::client b'49d5e159-5cd8814a41bd30b4f04a438d' requested 'registration_request'
2018-07-11 15:42:22.420 [IPControllerApp] client::client b'e43203e3-63635437945c9b7cc1ec93d9' requested 'registration_request'
2018-07-11 15:42:22.421 [IPControllerApp] client::client b'cc6b93f6-52560e2ff49fce7bae2ceb4c' requested 'registration_request'
2018-07-11 15:42:22.425 [IPControllerApp] client::client b'bfefb82f-e312be2d9d91e4898c3b7201' requested 'registration_request'
2018-07-11 15:42:22.426 [IPControllerApp] client::client b'f2178f7c-15bcf48effcdc93d870af7f2' requested 'registration_request'
2018-07-11 15:42:22.444 [IPControllerApp] client::client b'347130da-7aabd489a3054aece9cb77e8' requested 'registration_request'
2018-07-11 15:42:22.455 [IPControllerApp] client::client b'edfb7a8c-062181049ddec418cb107c5a' requested 'registration_request'
2018-07-11 15:42:22.463 [IPControllerApp] client::client b'664c8241-b43bf510f86c1ee0abdb1422' requested 'registration_request'
2018-07-11 15:42:22.464 [IPControllerApp] client::client b'f22d589b-ad16fccfb4ad8b61530327a2' requested 'registration_request'
2018-07-11 15:42:22.489 [IPControllerApp] client::client b'9ff60584-29307814e9a37ed85c601d39' requested 'registration_request'
2018-07-11 15:42:22.492 [IPControllerApp] client::client b'5b25f08c-58921d9a123ed17d17988c9f' requested 'registration_request'
2018-07-11 15:42:22.497 [IPControllerApp] client::client b'c8b0958e-aba61ff42a3fc5195d71e405' requested 'registration_request'
2018-07-11 15:42:22.512 [IPControllerApp] client::client b'ebf37f7b-7375c69a4ab6f62a603f08cb' requested 'registration_request'
2018-07-11 15:42:22.513 [IPControllerApp] client::client b'28d8a06e-ee6b745e488905876599aea9' requested 'registration_request'
2018-07-11 15:42:22.514 [IPControllerApp] client::client b'ce47e524-21226fe7a317303d2fb6a894' requested 'registration_request'
2018-07-11 15:42:22.519 [IPControllerApp] client::client b'dcc9f810-971a24e2cbbe7b7eba096931' requested 'registration_request'
2018-07-11 15:42:22.522 [IPControllerApp] client::client b'22de0279-7b239069125f4a365f2f5978' requested 'registration_request'
2018-07-11 15:42:22.529 [IPControllerApp] client::client b'c83fcd29-e30d3ace75ef97969bd97e13' requested 'registration_request'
2018-07-11 15:42:22.531 [IPControllerApp] client::client b'5abddf4c-38538e205f2a4382c7d79b91' requested 'registration_request'
2018-07-11 15:42:22.532 [IPControllerApp] client::client b'fa85d5b6-271b8ba8969017fea40b7637' requested 'registration_request'
2018-07-11 15:42:22.533 [IPControllerApp] client::client b'6959750f-ae29f9edf4b868c59df6632d' requested 'registration_request'
2018-07-11 15:42:22.534 [IPControllerApp] client::client b'f7002211-ebad33a50230f95d99929e37' requested 'registration_request'
2018-07-11 15:42:22.560 [IPControllerApp] client::client b'573e24ce-2b92078a9ada3756c70ca646' requested 'registration_request'
2018-07-11 15:42:22.570 [IPControllerApp] client::client b'4bab7356-05608b272d537e9d566d4f84' requested 'registration_request'
2018-07-11 15:42:22.574 [IPControllerApp] client::client b'6b15af80-73c2841ea29d4334c4c791ba' requested 'registration_request'
2018-07-11 15:42:22.577 [IPControllerApp] client::client b'1891188c-c01bbf4de6f557e8a9cd1062' requested 'registration_request'
2018-07-11 15:42:22.578 [IPControllerApp] client::client b'edf18082-b41c5fd36b157a567d77e2c3' requested 'registration_request'
2018-07-11 15:42:22.644 [IPControllerApp] client::client b'796301e0-dfcc4b0fb158882af7f22ce1' requested 'registration_request'
2018-07-11 15:42:24.407 [IPControllerApp] client::client b'0bbb6953-150e41c00fa22ff43f91a848' requested 'registration_request'
2018-07-11 15:42:24.408 [IPControllerApp] client::client b'74387f2d-390ad75e3fdeee3123af3e3b' requested 'registration_request'
2018-07-11 15:42:26.327 [IPControllerApp] registration::finished registering engine 13:c8b0958e-aba61ff42a3fc5195d71e405
2018-07-11 15:42:26.328 [IPControllerApp] engine::Engine Connected: 13
2018-07-11 15:42:26.329 [IPControllerApp] registration::finished registering engine 4:cc6b93f6-52560e2ff49fce7bae2ceb4c
2018-07-11 15:42:26.329 [IPControllerApp] engine::Engine Connected: 4
2018-07-11 15:42:26.330 [IPControllerApp] registration::finished registering engine 20:5abddf4c-38538e205f2a4382c7d79b91
2018-07-11 15:42:26.330 [IPControllerApp] engine::Engine Connected: 20
2018-07-11 15:42:26.331 [IPControllerApp] registration::finished registering engine 9:664c8241-b43bf510f86c1ee0abdb1422
2018-07-11 15:42:26.331 [IPControllerApp] engine::Engine Connected: 9
2018-07-11 15:42:26.331 [IPControllerApp] registration::finished registering engine 7:347130da-7aabd489a3054aece9cb77e8
2018-07-11 15:42:26.332 [IPControllerApp] engine::Engine Connected: 7
2018-07-11 15:42:26.332 [IPControllerApp] registration::finished registering engine 1:5de34440-e1ba583b7ec9fa94ed7ee8f0
2018-07-11 15:42:26.332 [IPControllerApp] engine::Engine Connected: 1
2018-07-11 15:42:26.333 [IPControllerApp] registration::finished registering engine 0:eccee450-f1330989bb3d7abd262ef86e
2018-07-11 15:42:26.333 [IPControllerApp] engine::Engine Connected: 0
2018-07-11 15:42:26.333 [IPControllerApp] registration::finished registering engine 26:6b15af80-73c2841ea29d4334c4c791ba
2018-07-11 15:42:26.334 [IPControllerApp] engine::Engine Connected: 26
2018-07-11 15:42:26.334 [IPControllerApp] registration::finished registering engine 18:22de0279-7b239069125f4a365f2f5978
2018-07-11 15:42:26.334 [IPControllerApp] engine::Engine Connected: 18
2018-07-11 15:42:26.335 [IPControllerApp] registration::finished registering engine 28:edf18082-b41c5fd36b157a567d77e2c3
2018-07-11 15:42:26.335 [IPControllerApp] engine::Engine Connected: 28
2018-07-11 15:42:26.335 [IPControllerApp] registration::finished registering engine 6:f2178f7c-15bcf48effcdc93d870af7f2
2018-07-11 15:42:26.336 [IPControllerApp] engine::Engine Connected: 6
2018-07-11 15:42:26.336 [IPControllerApp] registration::finished registering engine 29:796301e0-dfcc4b0fb158882af7f22ce1
2018-07-11 15:42:26.336 [IPControllerApp] engine::Engine Connected: 29
2018-07-11 15:42:26.337 [IPControllerApp] registration::finished registering engine 12:5b25f08c-58921d9a123ed17d17988c9f
2018-07-11 15:42:26.337 [IPControllerApp] engine::Engine Connected: 12
2018-07-11 15:42:26.337 [IPControllerApp] registration::finished registering engine 27:1891188c-c01bbf4de6f557e8a9cd1062
2018-07-11 15:42:26.338 [IPControllerApp] engine::Engine Connected: 27
2018-07-11 15:42:26.338 [IPControllerApp] registration::finished registering engine 15:28d8a06e-ee6b745e488905876599aea9
2018-07-11 15:42:26.338 [IPControllerApp] engine::Engine Connected: 15
2018-07-11 15:42:26.339 [IPControllerApp] registration::finished registering engine 5:bfefb82f-e312be2d9d91e4898c3b7201
2018-07-11 15:42:26.339 [IPControllerApp] engine::Engine Connected: 5
2018-07-11 15:42:26.339 [IPControllerApp] registration::finished registering engine 16:ce47e524-21226fe7a317303d2fb6a894
2018-07-11 15:42:26.340 [IPControllerApp] engine::Engine Connected: 16
2018-07-11 15:42:26.340 [IPControllerApp] registration::finished registering engine 19:c83fcd29-e30d3ace75ef97969bd97e13
2018-07-11 15:42:26.340 [IPControllerApp] engine::Engine Connected: 19
2018-07-11 15:42:26.341 [IPControllerApp] registration::finished registering engine 22:6959750f-ae29f9edf4b868c59df6632d
2018-07-11 15:42:26.341 [IPControllerApp] engine::Engine Connected: 22
2018-07-11 15:42:26.341 [IPControllerApp] registration::finished registering engine 8:edfb7a8c-062181049ddec418cb107c5a
2018-07-11 15:42:26.342 [IPControllerApp] engine::Engine Connected: 8
2018-07-11 15:42:26.342 [IPControllerApp] registration::finished registering engine 17:dcc9f810-971a24e2cbbe7b7eba096931
2018-07-11 15:42:26.342 [IPControllerApp] engine::Engine Connected: 17
2018-07-11 15:42:26.343 [IPControllerApp] registration::finished registering engine 3:e43203e3-63635437945c9b7cc1ec93d9
2018-07-11 15:42:26.343 [IPControllerApp] engine::Engine Connected: 3
2018-07-11 15:42:26.343 [IPControllerApp] registration::finished registering engine 23:f7002211-ebad33a50230f95d99929e37
2018-07-11 15:42:26.344 [IPControllerApp] engine::Engine Connected: 23
2018-07-11 15:42:26.344 [IPControllerApp] registration::finished registering engine 25:4bab7356-05608b272d537e9d566d4f84
2018-07-11 15:42:26.344 [IPControllerApp] engine::Engine Connected: 25
2018-07-11 15:42:26.345 [IPControllerApp] registration::finished registering engine 21:fa85d5b6-271b8ba8969017fea40b7637
2018-07-11 15:42:26.345 [IPControllerApp] engine::Engine Connected: 21
2018-07-11 15:42:26.345 [IPControllerApp] registration::finished registering engine 14:ebf37f7b-7375c69a4ab6f62a603f08cb
2018-07-11 15:42:26.346 [IPControllerApp] engine::Engine Connected: 14
2018-07-11 15:42:26.347 [IPControllerApp] registration::finished registering engine 2:49d5e159-5cd8814a41bd30b4f04a438d
2018-07-11 15:42:26.347 [IPControllerApp] engine::Engine Connected: 2
2018-07-11 15:42:26.347 [IPControllerApp] registration::finished registering engine 11:9ff60584-29307814e9a37ed85c601d39
2018-07-11 15:42:26.348 [IPControllerApp] engine::Engine Connected: 11
2018-07-11 15:42:26.348 [IPControllerApp] registration::finished registering engine 24:573e24ce-2b92078a9ada3756c70ca646
2018-07-11 15:42:26.348 [IPControllerApp] engine::Engine Connected: 24
2018-07-11 15:42:26.349 [IPControllerApp] registration::finished registering engine 10:f22d589b-ad16fccfb4ad8b61530327a2
2018-07-11 15:42:26.349 [IPControllerApp] engine::Engine Connected: 10
2018-07-11 15:42:26.353 [IPControllerApp] task::task 'ee00dc01-31bbd54199eb67425c18ddbb' arrived on 13
2018-07-11 15:42:26.354 [IPControllerApp] task::task 'b583476a-ce1647407ee67a9702721a43' arrived on 4
2018-07-11 15:42:26.355 [IPControllerApp] task::task '6927f235-dc63aa711fe6493bb81b74ab' arrived on 20
2018-07-11 15:42:26.355 [IPControllerApp] task::task '9f879995-0d5dfb589518ad9716d5dbea' arrived on 9
2018-07-11 15:42:26.356 [IPControllerApp] task::task 'd8a79a77-bad83623280c2ea059298144' arrived on 7
2018-07-11 15:42:26.357 [IPControllerApp] task::task '4e65e793-82f48d06b46ac5b4d1bfa2ab' arrived on 1
2018-07-11 15:42:26.357 [IPControllerApp] task::task '4bca8dfa-335f52067020b2d86f055492' arrived on 0
2018-07-11 15:42:26.358 [IPControllerApp] task::task 'cc938a82-69e4b6f4f069ed68e8cd175c' arrived on 26
2018-07-11 15:42:26.359 [IPControllerApp] task::task '1051ee10-9debfeffbf99080312fa41b3' arrived on 18
2018-07-11 15:42:26.360 [IPControllerApp] task::task '3d7ca4e8-c163dd85a926bbe46f2cca17' arrived on 28
2018-07-11 15:42:29.326 [IPControllerApp] registration::finished registering engine 31:74387f2d-390ad75e3fdeee3123af3e3b
2018-07-11 15:42:29.327 [IPControllerApp] engine::Engine Connected: 31
2018-07-11 15:42:29.327 [IPControllerApp] registration::finished registering engine 30:0bbb6953-150e41c00fa22ff43f91a848
2018-07-11 15:42:29.328 [IPControllerApp] engine::Engine Connected: 30
2018-07-11 15:42:40.119 [IPControllerApp] task::task '4e65e793-82f48d06b46ac5b4d1bfa2ab' finished on 1
2018-07-11 15:42:40.122 [IPControllerApp] task::task 'd8a79a77-bad83623280c2ea059298144' finished on 7
2018-07-11 15:42:40.126 [IPControllerApp] task::task '9f879995-0d5dfb589518ad9716d5dbea' finished on 9
2018-07-11 15:42:40.135 [IPControllerApp] task::task '4bca8dfa-335f52067020b2d86f055492' finished on 0
2018-07-11 15:42:40.139 [IPControllerApp] task::task 'b583476a-ce1647407ee67a9702721a43' finished on 4
2018-07-11 15:42:40.146 [IPControllerApp] task::task '6927f235-dc63aa711fe6493bb81b74ab' finished on 20
2018-07-11 15:42:40.153 [IPControllerApp] task::task 'ee00dc01-31bbd54199eb67425c18ddbb' finished on 13
2018-07-11 15:42:40.161 [IPControllerApp] task::task '1051ee10-9debfeffbf99080312fa41b3' finished on 18
2018-07-11 15:42:40.163 [IPControllerApp] task::task '3d7ca4e8-c163dd85a926bbe46f2cca17' finished on 28
2018-07-11 15:42:40.164 [IPControllerApp] task::task 'cc938a82-69e4b6f4f069ed68e8cd175c' finished on 26
2018-07-11 15:42:40.291 [IPControllerApp] CRITICAL | Received signal 15, shutting down
2018-07-11 15:42:40.292 [IPControllerApp] CRITICAL | terminating children...
