2018-07-11 14:11:13.531 [IPControllerApp] Created profile dir: '/scratch/midway2/madduru/parsl/parsl/tests/integration/test_stress/runinfo/989/profile_midway_ipp'
2018-07-11 14:11:13.548 [IPControllerApp] Hub listening on tcp://*:44121 for registration.
2018-07-11 14:11:13.550 [IPControllerApp] Hub using DB backend: 'DictDB'
2018-07-11 14:11:13.814 [IPControllerApp] hub::created hub
2018-07-11 14:11:13.815 [IPControllerApp] writing connection info to /scratch/midway2/madduru/parsl/parsl/tests/integration/test_stress/runinfo/989/profile_midway_ipp/security/ipcontroller-client.json
2018-07-11 14:11:13.816 [IPControllerApp] writing connection info to /scratch/midway2/madduru/parsl/parsl/tests/integration/test_stress/runinfo/989/profile_midway_ipp/security/ipcontroller-engine.json
2018-07-11 14:11:13.816 [IPControllerApp] task::using Python leastload Task scheduler
2018-07-11 14:11:13.817 [IPControllerApp] Heartmonitor started
2018-07-11 14:11:13.831 [IPControllerApp] Creating pid file: /scratch/midway2/madduru/parsl/parsl/tests/integration/test_stress/runinfo/989/profile_midway_ipp/pid/ipcontroller.pid
2018-07-11 14:11:13.840 [scheduler] Scheduler started [leastload]
2018-07-11 14:11:13.843 [IPControllerApp] client::client b'\x00k\x8bEg' requested 'connection_request'
2018-07-11 14:11:13.843 [IPControllerApp] client::client [b'\x00k\x8bEg'] connected
2018-07-11 14:11:14.938 [IPControllerApp] client::client b'\x00k\x8bEh' requested 'connection_request'
2018-07-11 14:11:14.938 [IPControllerApp] client::client [b'\x00k\x8bEh'] connected
2018-07-11 14:11:50.497 [IPControllerApp] client::client b'c697036b-3d1590c8bd525b0300b94838' requested 'registration_request'
2018-07-11 14:11:50.499 [IPControllerApp] client::client b'2bc9dfcf-bf0e7b1b5857cb032b579931' requested 'registration_request'
2018-07-11 14:11:50.500 [IPControllerApp] client::client b'585decd5-8c66f8c4a0a48ce6210d2f2e' requested 'registration_request'
2018-07-11 14:11:50.501 [IPControllerApp] client::client b'fed5db9f-bf1d16e9fd41ad07fcfdae50' requested 'registration_request'
2018-07-11 14:11:55.820 [IPControllerApp] registration::finished registering engine 2:585decd5-8c66f8c4a0a48ce6210d2f2e
2018-07-11 14:11:55.821 [IPControllerApp] engine::Engine Connected: 2
2018-07-11 14:11:55.822 [IPControllerApp] registration::finished registering engine 1:2bc9dfcf-bf0e7b1b5857cb032b579931
2018-07-11 14:11:55.822 [IPControllerApp] engine::Engine Connected: 1
2018-07-11 14:11:55.823 [IPControllerApp] registration::finished registering engine 0:c697036b-3d1590c8bd525b0300b94838
2018-07-11 14:11:55.823 [IPControllerApp] engine::Engine Connected: 0
2018-07-11 14:11:55.823 [IPControllerApp] registration::finished registering engine 3:fed5db9f-bf1d16e9fd41ad07fcfdae50
2018-07-11 14:11:55.823 [IPControllerApp] engine::Engine Connected: 3
2018-07-11 14:11:55.826 [IPControllerApp] task::task 'dcd53b6c-034f86f34af4d3a91abbd882' arrived on 2
2018-07-11 14:11:55.827 [IPControllerApp] task::task '5da95d6a-ca54b6cb4ad97057afbf82a3' arrived on 1
2018-07-11 14:11:55.828 [IPControllerApp] task::task '1be827fe-8ec9d9b39f4455b2a726b9cc' arrived on 0
2018-07-11 14:11:55.829 [IPControllerApp] task::task 'e899addc-09c4988531f3c7e7fa5e1d51' arrived on 3
2018-07-11 14:11:58.836 [IPControllerApp] task::task '4cdfbae3-e3ac323e603060b8c98c3a3e' arrived on 0
2018-07-11 14:11:58.837 [IPControllerApp] task::task '1be827fe-8ec9d9b39f4455b2a726b9cc' finished on 0
2018-07-11 14:11:58.839 [IPControllerApp] task::task '7a0e706a-7b34baaebf82e94dfec8517d' arrived on 3
2018-07-11 14:11:58.839 [IPControllerApp] task::task 'e899addc-09c4988531f3c7e7fa5e1d51' finished on 3
2018-07-11 14:11:58.841 [IPControllerApp] task::task '8f61ff90-f80f4a2c83b2681545397673' arrived on 1
2018-07-11 14:11:58.842 [IPControllerApp] task::task '5da95d6a-ca54b6cb4ad97057afbf82a3' finished on 1
2018-07-11 14:11:58.843 [IPControllerApp] task::task '085a18c6-62806e8001ee822ab5ba93f0' arrived on 2
2018-07-11 14:11:58.845 [IPControllerApp] task::task 'dcd53b6c-034f86f34af4d3a91abbd882' finished on 2
2018-07-11 14:11:59.847 [IPControllerApp] task::task '0d3cc30c-59a941a927863ee01a4bf555' arrived on 3
2018-07-11 14:11:59.848 [IPControllerApp] task::task '7a0e706a-7b34baaebf82e94dfec8517d' finished on 3
2018-07-11 14:11:59.849 [IPControllerApp] task::task 'a840a3a6-4c8c0cef11395cd06b2d2e1b' arrived on 1
2018-07-11 14:11:59.850 [IPControllerApp] task::task '8f61ff90-f80f4a2c83b2681545397673' finished on 1
2018-07-11 14:11:59.853 [IPControllerApp] task::task '871a7de0-5a2653bed02c63092db3b180' arrived on 2
2018-07-11 14:11:59.854 [IPControllerApp] task::task '085a18c6-62806e8001ee822ab5ba93f0' finished on 2
2018-07-11 14:11:59.855 [IPControllerApp] task::task '7c198bdf-ac15fd8e7679fcf1ea19d2cb' arrived on 0
2018-07-11 14:11:59.856 [IPControllerApp] task::task '4cdfbae3-e3ac323e603060b8c98c3a3e' finished on 0
2018-07-11 14:12:00.860 [IPControllerApp] task::task 'b571abaf-9f6cda04c823dd78610c4c6e' arrived on 1
2018-07-11 14:12:00.861 [IPControllerApp] task::task 'a840a3a6-4c8c0cef11395cd06b2d2e1b' finished on 1
2018-07-11 14:12:00.863 [IPControllerApp] task::task '0d65448a-19d903700a69399f95e1817f' arrived on 0
2018-07-11 14:12:00.865 [IPControllerApp] task::task '7c198bdf-ac15fd8e7679fcf1ea19d2cb' finished on 0
2018-07-11 14:12:00.866 [IPControllerApp] task::task '971c9a80-7e0695456666837700c3ed71' arrived on 3
2018-07-11 14:12:00.867 [IPControllerApp] task::task '0d3cc30c-59a941a927863ee01a4bf555' finished on 3
2018-07-11 14:12:00.868 [IPControllerApp] task::task 'b44d0c50-3dc90225c5066baab6f11435' arrived on 2
2018-07-11 14:12:00.870 [IPControllerApp] task::task '871a7de0-5a2653bed02c63092db3b180' finished on 2
2018-07-11 14:12:01.869 [IPControllerApp] task::task '56aac11e-f84a527ece0e6a7e58708fa3' arrived on 1
2018-07-11 14:12:01.870 [IPControllerApp] task::task 'b571abaf-9f6cda04c823dd78610c4c6e' finished on 1
2018-07-11 14:12:01.870 [IPControllerApp] task::task '8bd6a47b-c86448b0267f02a464089c80' arrived on 0
2018-07-11 14:12:01.872 [IPControllerApp] task::task '0d65448a-19d903700a69399f95e1817f' finished on 0
2018-07-11 14:12:01.873 [IPControllerApp] task::task 'f5bae8e0-850e8426e72385500a0eeefd' arrived on 2
2018-07-11 14:12:01.874 [IPControllerApp] task::task 'b44d0c50-3dc90225c5066baab6f11435' finished on 2
2018-07-11 14:12:01.875 [IPControllerApp] task::task 'a26ab996-9035b4096ceb94f463710ed0' arrived on 3
2018-07-11 14:12:01.877 [IPControllerApp] task::task '971c9a80-7e0695456666837700c3ed71' finished on 3
2018-07-11 14:12:02.877 [IPControllerApp] task::task '37dfa968-5b694d05f63cf05aec4d38b8' arrived on 0
2018-07-11 14:12:02.877 [IPControllerApp] task::task '8bd6a47b-c86448b0267f02a464089c80' finished on 0
2018-07-11 14:12:02.880 [IPControllerApp] task::task '578beb34-db82e5f571b50e0e3d31e9f0' arrived on 3
2018-07-11 14:12:02.880 [IPControllerApp] task::task 'a26ab996-9035b4096ceb94f463710ed0' finished on 3
2018-07-11 14:12:02.882 [IPControllerApp] task::task '99254132-8ce7e761f3aeec899773d0be' arrived on 1
2018-07-11 14:12:02.883 [IPControllerApp] task::task '56aac11e-f84a527ece0e6a7e58708fa3' finished on 1
2018-07-11 14:12:02.884 [IPControllerApp] task::task '5a04435d-3f8fde8a369fd3ddb8400d46' arrived on 2
2018-07-11 14:12:02.885 [IPControllerApp] task::task 'f5bae8e0-850e8426e72385500a0eeefd' finished on 2
2018-07-11 14:12:03.886 [IPControllerApp] task::task '0f3d2620-cf0324410201b1e5ed037c64' arrived on 1
2018-07-11 14:12:03.887 [IPControllerApp] task::task '99254132-8ce7e761f3aeec899773d0be' finished on 1
2018-07-11 14:12:03.889 [IPControllerApp] task::task '37dfa968-5b694d05f63cf05aec4d38b8' finished on 0
2018-07-11 14:12:03.893 [IPControllerApp] task::task '578beb34-db82e5f571b50e0e3d31e9f0' finished on 3
2018-07-11 14:12:03.894 [IPControllerApp] task::task '5a04435d-3f8fde8a369fd3ddb8400d46' finished on 2
2018-07-11 14:12:04.900 [IPControllerApp] task::task '0f3d2620-cf0324410201b1e5ed037c64' finished on 1
2018-07-11 14:12:06.159 [IPControllerApp] CRITICAL | Received signal 15, shutting down
2018-07-11 14:12:06.159 [IPControllerApp] CRITICAL | terminating children...
