2018-06-28 14:25:52.492 [IPControllerApp] Created profile dir: '/scratch/midway2/madduru/parsl/parsl/tests/integration/test_stress/runinfo/029/profile_midway_ipp'
2018-06-28 14:25:52.509 [IPControllerApp] Hub listening on tcp://*:36872 for registration.
2018-06-28 14:25:52.511 [IPControllerApp] Hub using DB backend: 'DictDB'
2018-06-28 14:25:52.771 [IPControllerApp] hub::created hub
2018-06-28 14:25:52.771 [IPControllerApp] writing connection info to /scratch/midway2/madduru/parsl/parsl/tests/integration/test_stress/runinfo/029/profile_midway_ipp/security/ipcontroller-client.json
2018-06-28 14:25:52.772 [IPControllerApp] writing connection info to /scratch/midway2/madduru/parsl/parsl/tests/integration/test_stress/runinfo/029/profile_midway_ipp/security/ipcontroller-engine.json
2018-06-28 14:25:52.773 [IPControllerApp] task::using Python leastload Task scheduler
2018-06-28 14:25:52.773 [IPControllerApp] Heartmonitor started
2018-06-28 14:25:52.781 [IPControllerApp] Creating pid file: /scratch/midway2/madduru/parsl/parsl/tests/integration/test_stress/runinfo/029/profile_midway_ipp/pid/ipcontroller.pid
2018-06-28 14:25:52.790 [scheduler] Scheduler started [leastload]
2018-06-28 14:25:52.792 [IPControllerApp] client::client b'\x00k\x8bEg' requested 'connection_request'
2018-06-28 14:25:52.792 [IPControllerApp] client::client [b'\x00k\x8bEg'] connected
2018-06-28 14:25:53.948 [IPControllerApp] client::client b'\x00k\x8bEh' requested 'connection_request'
2018-06-28 14:25:53.948 [IPControllerApp] client::client [b'\x00k\x8bEh'] connected
2018-06-28 14:25:56.132 [IPControllerApp] client::client b'291b1b8b-f072d28118554b937178502f' requested 'registration_request'
2018-06-28 14:25:56.134 [IPControllerApp] client::client b'ff5d6724-f2bed2a98e21f117a209cd99' requested 'registration_request'
2018-06-28 14:25:56.135 [IPControllerApp] client::client b'0a8a2034-12bf562e32614985f45247fd' requested 'registration_request'
2018-06-28 14:25:56.202 [IPControllerApp] client::client b'62fca89c-00a11b9c9563cc5fa5aaae9a' requested 'registration_request'
2018-06-28 14:25:56.204 [IPControllerApp] client::client b'851bc2d9-5a7f27c2a8f13a18d2d94e05' requested 'registration_request'
2018-06-28 14:25:56.207 [IPControllerApp] client::client b'51029bc9-dfe991846e70b841091fb09d' requested 'registration_request'
2018-06-28 14:25:56.235 [IPControllerApp] client::client b'54bfe39d-826a2f4a0ce7100dadceb214' requested 'registration_request'
2018-06-28 14:25:56.254 [IPControllerApp] client::client b'09aac7fe-398e4ce287b9626f8ae90dc3' requested 'registration_request'
2018-06-28 14:25:56.276 [IPControllerApp] client::client b'27b67d7c-c95e0f86ed67624e5e45f5e7' requested 'registration_request'
2018-06-28 14:25:56.278 [IPControllerApp] client::client b'ef05d8d3-bb220aac73088b8205a34a11' requested 'registration_request'
2018-06-28 14:25:56.300 [IPControllerApp] client::client b'a9f9e4f6-3daf80a9fa7f31163a093d82' requested 'registration_request'
2018-06-28 14:25:56.330 [IPControllerApp] client::client b'129c5be2-900ae46b63cccbf654837668' requested 'registration_request'
2018-06-28 14:25:58.630 [IPControllerApp] client::client b'b840482c-9e69b2f3201b7fd95facc2ab' requested 'registration_request'
2018-06-28 14:25:58.637 [IPControllerApp] client::client b'df34962c-784498a839ac1bdcbb498742' requested 'registration_request'
2018-06-28 14:25:58.660 [IPControllerApp] client::client b'5245d2aa-87a8e8262a0c79dcd57b844d' requested 'registration_request'
2018-06-28 14:25:58.676 [IPControllerApp] client::client b'cea164d3-27b79641def721d6f19de7b3' requested 'registration_request'
2018-06-28 14:25:58.678 [IPControllerApp] client::client b'e8122818-c4fbb4e3d4b41bee84d99bc5' requested 'registration_request'
2018-06-28 14:25:58.680 [IPControllerApp] client::client b'37732cec-5a18de14a86fd5fc97653598' requested 'registration_request'
2018-06-28 14:25:58.681 [IPControllerApp] client::client b'bdb98362-cc229256e9bbe6c64decd48b' requested 'registration_request'
2018-06-28 14:25:58.702 [IPControllerApp] client::client b'f9f1043d-3f6beaa064bd59825c2a4adb' requested 'registration_request'
2018-06-28 14:25:58.755 [IPControllerApp] client::client b'59fafd47-544b6409e01493b41d9e99cf' requested 'registration_request'
2018-06-28 14:25:58.768 [IPControllerApp] client::client b'112a976d-91ba5f3a0f009ba03f7d85df' requested 'registration_request'
2018-06-28 14:25:58.798 [IPControllerApp] client::client b'697ac375-c4125d2d6c7e22a934d0d33a' requested 'registration_request'
2018-06-28 14:25:58.800 [IPControllerApp] client::client b'2a003b0c-45fd3f361e05eaed89905691' requested 'registration_request'
2018-06-28 14:25:58.810 [IPControllerApp] client::client b'633eca75-b7c59fdafd21c9425f48f027' requested 'registration_request'
2018-06-28 14:25:58.811 [IPControllerApp] client::client b'18d65d92-c15942133e7f01d7a7a70fa1' requested 'registration_request'
2018-06-28 14:25:58.837 [IPControllerApp] client::client b'4e1576ac-aa1cec73f949f3e08ddfa16c' requested 'registration_request'
2018-06-28 14:25:58.871 [IPControllerApp] client::client b'3b4b66f3-ab07d288bfc2e28fa342d69f' requested 'registration_request'
2018-06-28 14:25:58.880 [IPControllerApp] client::client b'732c465e-f9d0cdbd245bfd0302bee1e9' requested 'registration_request'
2018-06-28 14:25:58.935 [IPControllerApp] client::client b'7898ebe8-b79fbf39cc6dc484c6735ed0' requested 'registration_request'
2018-06-28 14:25:58.956 [IPControllerApp] client::client b'4cd912c1-4b7c2696dba017e379a3d852' requested 'registration_request'
2018-06-28 14:25:58.958 [IPControllerApp] client::client b'abf8790f-4e27a7146a8750c04c7916dd' requested 'registration_request'
2018-06-28 14:25:58.981 [IPControllerApp] client::client b'674ea2c2-62df8be7914d61528e5f57dd' requested 'registration_request'
2018-06-28 14:25:58.984 [IPControllerApp] client::client b'51839c9e-557501172ca7ca2500f06a95' requested 'registration_request'
2018-06-28 14:25:59.056 [IPControllerApp] client::client b'0f266034-c30f209d27dfb9e93f7fd4db' requested 'registration_request'
2018-06-28 14:25:59.057 [IPControllerApp] client::client b'f581af7b-32c3413b98080453d5f602f6' requested 'registration_request'
2018-06-28 14:25:59.058 [IPControllerApp] client::client b'4a66ebc1-f0dd1f5b54bfc49e2bed9c23' requested 'registration_request'
2018-06-28 14:25:59.069 [IPControllerApp] client::client b'49c12d94-9dd2e287ec63f8d62f93e06d' requested 'registration_request'
2018-06-28 14:25:59.071 [IPControllerApp] client::client b'9e6fb2e1-adb6dc8bcd927649f8e2f6a0' requested 'registration_request'
2018-06-28 14:25:59.073 [IPControllerApp] client::client b'8851a448-31d6e7bcfdd6f75529cda252' requested 'registration_request'
2018-06-28 14:25:59.074 [IPControllerApp] client::client b'1cd379fe-61944bac77a7d932b2ee0172' requested 'registration_request'
2018-06-28 14:25:59.081 [IPControllerApp] client::client b'9baea38c-48a94598f1ba5cb8c89d3878' requested 'registration_request'
2018-06-28 14:25:59.084 [IPControllerApp] client::client b'385caa5b-70a5ec9cd59d7ff42f1ea130' requested 'registration_request'
2018-06-28 14:25:59.115 [IPControllerApp] client::client b'480fe76e-e6a55f4c46debbc17572d665' requested 'registration_request'
2018-06-28 14:25:59.742 [IPControllerApp] client::client b'e5424f0b-fdabad762a1bdb861d34c0a5' requested 'registration_request'
2018-06-28 14:25:59.744 [IPControllerApp] client::client b'7ec1d45f-f954a74fd34e82d2d2e1180e' requested 'registration_request'
2018-06-28 14:25:59.745 [IPControllerApp] client::client b'5882e806-33094fc6a961334dd7a2b10b' requested 'registration_request'
2018-06-28 14:25:59.895 [IPControllerApp] client::client b'9f48d46c-50a605d6a53e98abdd429a63' requested 'registration_request'
2018-06-28 14:25:59.897 [IPControllerApp] client::client b'd7397ccd-cce7c01bad26b94027000a21' requested 'registration_request'
2018-06-28 14:25:59.903 [IPControllerApp] client::client b'a6c03003-e4ba835060e3056f224ca5eb' requested 'registration_request'
2018-06-28 14:25:59.904 [IPControllerApp] client::client b'f6b9adb6-941a232d3daf9e92763cad8f' requested 'registration_request'
2018-06-28 14:25:59.916 [IPControllerApp] client::client b'e3aadae9-de9f7b89c5ab54551be0f1fc' requested 'registration_request'
2018-06-28 14:25:59.918 [IPControllerApp] client::client b'bc43e8c2-9264a8f0195f69518d17bdc5' requested 'registration_request'
2018-06-28 14:25:59.920 [IPControllerApp] client::client b'baa82e19-f3eec18dd1e22034d22780f3' requested 'registration_request'
2018-06-28 14:25:59.959 [IPControllerApp] client::client b'ab55bb34-b82b5b916c46677baa3051b6' requested 'registration_request'
2018-06-28 14:25:59.967 [IPControllerApp] client::client b'be764646-b56ebb64d18cd8c30714a163' requested 'registration_request'
2018-06-28 14:25:59.968 [IPControllerApp] client::client b'aaa44820-d3a2348a5d375ec903386b25' requested 'registration_request'
2018-06-28 14:25:59.969 [IPControllerApp] client::client b'c0258531-75062298b138120ea75aec07' requested 'registration_request'
2018-06-28 14:25:59.979 [IPControllerApp] client::client b'7fd644ff-c96b9cb578e1f1f7414dcffe' requested 'registration_request'
2018-06-28 14:25:59.987 [IPControllerApp] client::client b'3042a7db-427224c5bfcba32e2bf4fb02' requested 'registration_request'
2018-06-28 14:25:59.988 [IPControllerApp] client::client b'62a72df3-b2f51c73916f0fc1261cb6fd' requested 'registration_request'
2018-06-28 14:25:59.990 [IPControllerApp] client::client b'e02c0c17-1687ae961f7547b9150a242d' requested 'registration_request'
2018-06-28 14:25:59.991 [IPControllerApp] client::client b'54473628-b57bc4eb4c49bfa8bac77a9f' requested 'registration_request'
2018-06-28 14:25:59.995 [IPControllerApp] client::client b'3e8f0623-bde7814f6f9ce4ebdb91077a' requested 'registration_request'
2018-06-28 14:26:00.770 [IPControllerApp] client::client b'f04b6aed-25f6f3f53816ebcd62c57f85' requested 'registration_request'
2018-06-28 14:26:00.789 [IPControllerApp] client::client b'e9fac2a6-270470214bf18cf2289afe3b' requested 'registration_request'
2018-06-28 14:26:00.891 [IPControllerApp] client::client b'797f46de-73f55327fe42d66cde0fee85' requested 'registration_request'
2018-06-28 14:26:00.985 [IPControllerApp] client::client b'e18a561b-04a407d758720db934f2e4d5' requested 'registration_request'
2018-06-28 14:26:01.775 [IPControllerApp] registration::finished registering engine 15:cea164d3-27b79641def721d6f19de7b3
2018-06-28 14:26:01.776 [IPControllerApp] engine::Engine Connected: 15
2018-06-28 14:26:01.777 [IPControllerApp] registration::finished registering engine 3:62fca89c-00a11b9c9563cc5fa5aaae9a
2018-06-28 14:26:01.777 [IPControllerApp] engine::Engine Connected: 3
2018-06-28 14:26:01.777 [IPControllerApp] registration::finished registering engine 0:291b1b8b-f072d28118554b937178502f
2018-06-28 14:26:01.778 [IPControllerApp] engine::Engine Connected: 0
2018-06-28 14:26:01.778 [IPControllerApp] registration::finished registering engine 6:54bfe39d-826a2f4a0ce7100dadceb214
2018-06-28 14:26:01.778 [IPControllerApp] engine::Engine Connected: 6
2018-06-28 14:26:01.779 [IPControllerApp] registration::finished registering engine 19:f9f1043d-3f6beaa064bd59825c2a4adb
2018-06-28 14:26:01.779 [IPControllerApp] engine::Engine Connected: 19
2018-06-28 14:26:01.779 [IPControllerApp] registration::finished registering engine 5:51029bc9-dfe991846e70b841091fb09d
2018-06-28 14:26:01.780 [IPControllerApp] engine::Engine Connected: 5
2018-06-28 14:26:01.780 [IPControllerApp] registration::finished registering engine 10:a9f9e4f6-3daf80a9fa7f31163a093d82
2018-06-28 14:26:01.780 [IPControllerApp] engine::Engine Connected: 10
2018-06-28 14:26:01.780 [IPControllerApp] registration::finished registering engine 8:27b67d7c-c95e0f86ed67624e5e45f5e7
2018-06-28 14:26:01.781 [IPControllerApp] engine::Engine Connected: 8
2018-06-28 14:26:01.781 [IPControllerApp] registration::finished registering engine 4:851bc2d9-5a7f27c2a8f13a18d2d94e05
2018-06-28 14:26:01.781 [IPControllerApp] engine::Engine Connected: 4
2018-06-28 14:26:01.782 [IPControllerApp] registration::finished registering engine 1:ff5d6724-f2bed2a98e21f117a209cd99
2018-06-28 14:26:01.782 [IPControllerApp] engine::Engine Connected: 1
2018-06-28 14:26:01.782 [IPControllerApp] registration::finished registering engine 18:bdb98362-cc229256e9bbe6c64decd48b
2018-06-28 14:26:01.783 [IPControllerApp] engine::Engine Connected: 18
2018-06-28 14:26:01.783 [IPControllerApp] registration::finished registering engine 2:0a8a2034-12bf562e32614985f45247fd
2018-06-28 14:26:01.783 [IPControllerApp] engine::Engine Connected: 2
2018-06-28 14:26:01.783 [IPControllerApp] registration::finished registering engine 13:df34962c-784498a839ac1bdcbb498742
2018-06-28 14:26:01.784 [IPControllerApp] engine::Engine Connected: 13
2018-06-28 14:26:01.784 [IPControllerApp] registration::finished registering engine 7:09aac7fe-398e4ce287b9626f8ae90dc3
2018-06-28 14:26:01.784 [IPControllerApp] engine::Engine Connected: 7
2018-06-28 14:26:01.785 [IPControllerApp] registration::finished registering engine 9:ef05d8d3-bb220aac73088b8205a34a11
2018-06-28 14:26:01.785 [IPControllerApp] engine::Engine Connected: 9
2018-06-28 14:26:01.785 [IPControllerApp] registration::finished registering engine 17:37732cec-5a18de14a86fd5fc97653598
2018-06-28 14:26:01.786 [IPControllerApp] engine::Engine Connected: 17
2018-06-28 14:26:01.786 [IPControllerApp] registration::finished registering engine 11:129c5be2-900ae46b63cccbf654837668
2018-06-28 14:26:01.786 [IPControllerApp] engine::Engine Connected: 11
2018-06-28 14:26:01.787 [IPControllerApp] registration::finished registering engine 16:e8122818-c4fbb4e3d4b41bee84d99bc5
2018-06-28 14:26:01.787 [IPControllerApp] engine::Engine Connected: 16
2018-06-28 14:26:01.787 [IPControllerApp] registration::finished registering engine 12:b840482c-9e69b2f3201b7fd95facc2ab
2018-06-28 14:26:01.788 [IPControllerApp] engine::Engine Connected: 12
2018-06-28 14:26:01.788 [IPControllerApp] registration::finished registering engine 14:5245d2aa-87a8e8262a0c79dcd57b844d
2018-06-28 14:26:01.788 [IPControllerApp] engine::Engine Connected: 14
2018-06-28 14:26:01.792 [IPControllerApp] task::task 'ccb5961b-c4fe4777aece6a67a11a9337' arrived on 15
2018-06-28 14:26:01.793 [IPControllerApp] task::task '4044ad07-41779e0619f5adef0248c8a4' arrived on 3
2018-06-28 14:26:01.794 [IPControllerApp] task::task 'f2643e49-da6f0d0bf6cf811782d832ff' arrived on 0
2018-06-28 14:26:01.795 [IPControllerApp] task::task '29cd2726-273493549297732991066611' arrived on 6
2018-06-28 14:26:01.796 [IPControllerApp] task::task 'b789b94d-bfdf2b4b20488c774ba8f466' arrived on 19
2018-06-28 14:26:01.796 [IPControllerApp] task::task '1da98e0b-105986f688e251e92c999ba5' arrived on 5
2018-06-28 14:26:01.798 [IPControllerApp] task::task '065d4bfa-9a97f7f18d5e5e36f6ef968d' arrived on 10
2018-06-28 14:26:01.798 [IPControllerApp] task::task 'c3ee5749-6d27dd823e175cf3932f8946' arrived on 8
2018-06-28 14:26:01.799 [IPControllerApp] task::task 'd4184efa-69bd8704c9eac0a657a4c071' arrived on 4
2018-06-28 14:26:01.800 [IPControllerApp] task::task '60a7b0f0-92a16a9fa6cd3f457c05b23f' arrived on 1
2018-06-28 14:26:01.801 [IPControllerApp] task::task '6b2c3dd2-6dff0cdb90efcc27c9f22785' arrived on 18
2018-06-28 14:26:01.802 [IPControllerApp] task::task 'b0357f4b-94afe275263995924144377f' arrived on 2
2018-06-28 14:26:01.804 [IPControllerApp] task::task '369bfa28-d2b1f19cf44ef6cf1d0a2a80' arrived on 13
2018-06-28 14:26:01.805 [IPControllerApp] task::task '60bfbc6e-b9bc068035671f567442b8d3' arrived on 7
2018-06-28 14:26:01.806 [IPControllerApp] task::task '1c40c8ef-e8e0563e6983fc905ce6778b' arrived on 9
2018-06-28 14:26:01.806 [IPControllerApp] task::task '7091c99a-438f4f5d63c2e679a4b69875' arrived on 17
2018-06-28 14:26:01.807 [IPControllerApp] task::task 'a1ae18ab-f3e4f8dac35eccfb435f54b4' arrived on 11
2018-06-28 14:26:01.808 [IPControllerApp] task::task 'e9bbd96a-70b4fffdb52a7cae16fb46a4' arrived on 16
2018-06-28 14:26:01.809 [IPControllerApp] task::task '216510c1-3a552dd09706663bb0a5be2f' arrived on 12
2018-06-28 14:26:01.810 [IPControllerApp] task::task '0adbf5d3-a885a74efb9cf42db62b3da6' arrived on 14
2018-06-28 14:26:02.294 [IPControllerApp] task::task 'b30071e6-d7dc295bfa2ce20566724528' arrived on 19
2018-06-28 14:26:02.295 [IPControllerApp] task::task 'b789b94d-bfdf2b4b20488c774ba8f466' finished on 19
2018-06-28 14:26:02.298 [IPControllerApp] task::task 'e598e3b6-e5ffd0759a7f86179eb91e17' arrived on 19
2018-06-28 14:26:02.299 [IPControllerApp] task::task 'b30071e6-d7dc295bfa2ce20566724528' finished on 19
2018-06-28 14:26:02.301 [IPControllerApp] task::task 'ea474a53-83c007bbd7359554066249c4' arrived on 19
2018-06-28 14:26:02.302 [IPControllerApp] task::task 'e598e3b6-e5ffd0759a7f86179eb91e17' finished on 19
2018-06-28 14:26:02.305 [IPControllerApp] task::task '5d08fda2-65a18f8b4bc952b67f0b3ec1' arrived on 19
2018-06-28 14:26:02.306 [IPControllerApp] task::task 'ea474a53-83c007bbd7359554066249c4' finished on 19
2018-06-28 14:26:02.309 [IPControllerApp] task::task '53e5fb81-804d61c8393a1a293859a1d1' arrived on 19
2018-06-28 14:26:02.310 [IPControllerApp] task::task '5d08fda2-65a18f8b4bc952b67f0b3ec1' finished on 19
2018-06-28 14:26:02.313 [IPControllerApp] task::task 'a5a7c213-f98667f5273d6d94a50bd059' arrived on 19
2018-06-28 14:26:02.314 [IPControllerApp] task::task '53e5fb81-804d61c8393a1a293859a1d1' finished on 19
2018-06-28 14:26:02.318 [IPControllerApp] task::task '25c097be-c94bfc583e9956c01d28f327' arrived on 19
2018-06-28 14:26:02.319 [IPControllerApp] task::task 'a5a7c213-f98667f5273d6d94a50bd059' finished on 19
2018-06-28 14:26:02.323 [IPControllerApp] task::task '49f69643-5d77ee3393b57794be6d45cd' arrived on 19
2018-06-28 14:26:02.323 [IPControllerApp] task::task '25c097be-c94bfc583e9956c01d28f327' finished on 19
2018-06-28 14:26:02.328 [IPControllerApp] task::task '485b061a-18d3ff6730da84ee0dce9891' arrived on 19
2018-06-28 14:26:02.329 [IPControllerApp] task::task '49f69643-5d77ee3393b57794be6d45cd' finished on 19
2018-06-28 14:26:02.333 [IPControllerApp] task::task 'dc5b7d5f-9ae7afe3971391cfd3c6258f' arrived on 19
2018-06-28 14:26:02.334 [IPControllerApp] task::task '485b061a-18d3ff6730da84ee0dce9891' finished on 19
2018-06-28 14:26:02.338 [IPControllerApp] task::task 'a429ecf8-67bca9e78b4bf506b7407817' arrived on 19
2018-06-28 14:26:02.339 [IPControllerApp] task::task 'dc5b7d5f-9ae7afe3971391cfd3c6258f' finished on 19
2018-06-28 14:26:02.343 [IPControllerApp] task::task '990a9606-546c6827436836d9d87592ba' arrived on 19
2018-06-28 14:26:02.344 [IPControllerApp] task::task 'a429ecf8-67bca9e78b4bf506b7407817' finished on 19
2018-06-28 14:26:02.348 [IPControllerApp] task::task 'a809394d-a5744522e1fd0f85f7cfd72d' arrived on 19
2018-06-28 14:26:02.349 [IPControllerApp] task::task '990a9606-546c6827436836d9d87592ba' finished on 19
2018-06-28 14:26:02.353 [IPControllerApp] task::task 'f823f51d-92ed1d74c3c420c05f256df8' arrived on 19
2018-06-28 14:26:02.354 [IPControllerApp] task::task 'a809394d-a5744522e1fd0f85f7cfd72d' finished on 19
2018-06-28 14:26:02.359 [IPControllerApp] task::task 'c53bbb87-fe71ce5928e65d69ece236c1' arrived on 19
2018-06-28 14:26:02.360 [IPControllerApp] task::task 'f823f51d-92ed1d74c3c420c05f256df8' finished on 19
2018-06-28 14:26:02.364 [IPControllerApp] task::task '26305dc7-2792ee7643a657a97c2a5508' arrived on 19
2018-06-28 14:26:02.364 [IPControllerApp] task::task 'c53bbb87-fe71ce5928e65d69ece236c1' finished on 19
2018-06-28 14:26:02.369 [IPControllerApp] task::task '61290150-f88d2ddea6fc9e71e23953f3' arrived on 19
2018-06-28 14:26:02.369 [IPControllerApp] task::task '26305dc7-2792ee7643a657a97c2a5508' finished on 19
2018-06-28 14:26:02.374 [IPControllerApp] task::task '7c5df4c9-a4fb377c4d6a7d11078cf0b4' arrived on 19
2018-06-28 14:26:02.374 [IPControllerApp] task::task '61290150-f88d2ddea6fc9e71e23953f3' finished on 19
2018-06-28 14:26:02.379 [IPControllerApp] task::task 'd0113cb6-bc87db7ade1a1c5b73f25705' arrived on 19
2018-06-28 14:26:02.379 [IPControllerApp] task::task '7c5df4c9-a4fb377c4d6a7d11078cf0b4' finished on 19
2018-06-28 14:26:02.384 [IPControllerApp] task::task 'c335d156-40f297e19d8d886d307f92c1' arrived on 19
2018-06-28 14:26:02.385 [IPControllerApp] task::task 'd0113cb6-bc87db7ade1a1c5b73f25705' finished on 19
2018-06-28 14:26:02.389 [IPControllerApp] task::task 'abdf92ca-00ff6b36a06602227b1a0310' arrived on 19
2018-06-28 14:26:02.390 [IPControllerApp] task::task 'c335d156-40f297e19d8d886d307f92c1' finished on 19
2018-06-28 14:26:02.395 [IPControllerApp] task::task '48e43285-781b7ae659609992994967ef' arrived on 19
2018-06-28 14:26:02.396 [IPControllerApp] task::task 'abdf92ca-00ff6b36a06602227b1a0310' finished on 19
2018-06-28 14:26:02.400 [IPControllerApp] task::task 'e6d5469e-17748b1431c60d8cff25e3ae' arrived on 19
2018-06-28 14:26:02.401 [IPControllerApp] task::task '48e43285-781b7ae659609992994967ef' finished on 19
2018-06-28 14:26:02.404 [IPControllerApp] task::task 'e987d419-f706997e0263586e8a3cb344' arrived on 19
2018-06-28 14:26:02.405 [IPControllerApp] task::task 'e6d5469e-17748b1431c60d8cff25e3ae' finished on 19
2018-06-28 14:26:02.410 [IPControllerApp] task::task '97adadd2-2d76a51d50f8497c158a1dbf' arrived on 19
2018-06-28 14:26:02.410 [IPControllerApp] task::task 'e987d419-f706997e0263586e8a3cb344' finished on 19
2018-06-28 14:26:02.416 [IPControllerApp] task::task '26662118-81c71630ee5dc5e13551dc9c' arrived on 19
2018-06-28 14:26:02.416 [IPControllerApp] task::task '97adadd2-2d76a51d50f8497c158a1dbf' finished on 19
2018-06-28 14:26:02.422 [IPControllerApp] task::task 'ac94f401-1dd71be91ec62a60452878e1' arrived on 19
2018-06-28 14:26:02.423 [IPControllerApp] task::task '26662118-81c71630ee5dc5e13551dc9c' finished on 19
2018-06-28 14:26:02.428 [IPControllerApp] task::task 'ab53c604-08ba3986cb2429e25b5feb46' arrived on 19
2018-06-28 14:26:02.429 [IPControllerApp] task::task 'ac94f401-1dd71be91ec62a60452878e1' finished on 19
2018-06-28 14:26:02.433 [IPControllerApp] task::task '10c223a4-9f5d4b391b95b6bafe0cbbf6' arrived on 19
2018-06-28 14:26:02.434 [IPControllerApp] task::task 'ab53c604-08ba3986cb2429e25b5feb46' finished on 19
2018-06-28 14:26:02.438 [IPControllerApp] task::task 'ce40265e-1a170d3f42c9e4946b1cb0fc' arrived on 19
2018-06-28 14:26:02.439 [IPControllerApp] task::task '10c223a4-9f5d4b391b95b6bafe0cbbf6' finished on 19
2018-06-28 14:26:02.443 [IPControllerApp] task::task '6e4483fe-ce94d709da12dee621bbf24e' arrived on 19
2018-06-28 14:26:02.444 [IPControllerApp] task::task 'ce40265e-1a170d3f42c9e4946b1cb0fc' finished on 19
2018-06-28 14:26:02.449 [IPControllerApp] task::task '06955332-d76843f676a8438ce2e5cca9' arrived on 19
2018-06-28 14:26:02.450 [IPControllerApp] task::task '6e4483fe-ce94d709da12dee621bbf24e' finished on 19
2018-06-28 14:26:02.454 [IPControllerApp] task::task 'b84e6cae-22b81212c4bf73b7145f7ded' arrived on 19
2018-06-28 14:26:02.455 [IPControllerApp] task::task '06955332-d76843f676a8438ce2e5cca9' finished on 19
2018-06-28 14:26:02.459 [IPControllerApp] task::task 'db55e8cd-bfdab84ad65df81ac9271c74' arrived on 19
2018-06-28 14:26:02.460 [IPControllerApp] task::task 'b84e6cae-22b81212c4bf73b7145f7ded' finished on 19
2018-06-28 14:26:02.465 [IPControllerApp] task::task 'bff418d2-c9bd7fd6fd3c43631a600a7f' arrived on 19
2018-06-28 14:26:02.465 [IPControllerApp] task::task 'db55e8cd-bfdab84ad65df81ac9271c74' finished on 19
2018-06-28 14:26:02.470 [IPControllerApp] task::task '02915ff2-bf516f7825bbc42aa7469e0e' arrived on 19
2018-06-28 14:26:02.471 [IPControllerApp] task::task 'bff418d2-c9bd7fd6fd3c43631a600a7f' finished on 19
2018-06-28 14:26:02.476 [IPControllerApp] task::task '1eafd9f6-49ed2e7780f4ae1f376f96bf' arrived on 19
2018-06-28 14:26:02.477 [IPControllerApp] task::task '02915ff2-bf516f7825bbc42aa7469e0e' finished on 19
2018-06-28 14:26:02.483 [IPControllerApp] task::task 'da2cb99c-f758c423ffd19bee3b757bed' arrived on 19
2018-06-28 14:26:02.484 [IPControllerApp] task::task '1eafd9f6-49ed2e7780f4ae1f376f96bf' finished on 19
2018-06-28 14:26:02.490 [IPControllerApp] task::task 'b847fb76-65d4f9eeab041418753730d3' arrived on 19
2018-06-28 14:26:02.491 [IPControllerApp] task::task 'da2cb99c-f758c423ffd19bee3b757bed' finished on 19
2018-06-28 14:26:02.494 [IPControllerApp] task::task 'b609bb91-37dc0ff171959d82b1efc402' arrived on 19
2018-06-28 14:26:02.495 [IPControllerApp] task::task 'b847fb76-65d4f9eeab041418753730d3' finished on 19
2018-06-28 14:26:02.500 [IPControllerApp] task::task 'c464ab82-4dd5f39fd3e53cdee4da696a' arrived on 19
2018-06-28 14:26:02.500 [IPControllerApp] task::task 'b609bb91-37dc0ff171959d82b1efc402' finished on 19
2018-06-28 14:26:02.505 [IPControllerApp] task::task '76202551-0099d19adcd42bafed9be86f' arrived on 19
2018-06-28 14:26:02.505 [IPControllerApp] task::task 'c464ab82-4dd5f39fd3e53cdee4da696a' finished on 19
2018-06-28 14:26:02.510 [IPControllerApp] task::task '11ab7d0f-50168f83a32c27d4a2333ce3' arrived on 19
2018-06-28 14:26:02.510 [IPControllerApp] task::task '76202551-0099d19adcd42bafed9be86f' finished on 19
2018-06-28 14:26:02.515 [IPControllerApp] task::task 'fa007968-ad61e44d7c3ca2bef5317546' arrived on 19
2018-06-28 14:26:02.516 [IPControllerApp] task::task '11ab7d0f-50168f83a32c27d4a2333ce3' finished on 19
2018-06-28 14:26:02.520 [IPControllerApp] task::task 'b61426b1-d981b2e963c53cf7c34c4820' arrived on 19
2018-06-28 14:26:02.521 [IPControllerApp] task::task 'fa007968-ad61e44d7c3ca2bef5317546' finished on 19
2018-06-28 14:26:02.526 [IPControllerApp] task::task 'd9d94bc2-72ac45c32ef683fee86ed0fa' arrived on 19
2018-06-28 14:26:02.526 [IPControllerApp] task::task 'b61426b1-d981b2e963c53cf7c34c4820' finished on 19
2018-06-28 14:26:02.531 [IPControllerApp] task::task 'a0f58537-e610d1ea192475b41b794c02' arrived on 19
2018-06-28 14:26:02.532 [IPControllerApp] task::task 'd9d94bc2-72ac45c32ef683fee86ed0fa' finished on 19
2018-06-28 14:26:02.538 [IPControllerApp] task::task '7346eecb-55ddbd39fe15a7172c09e545' arrived on 19
2018-06-28 14:26:02.539 [IPControllerApp] task::task 'a0f58537-e610d1ea192475b41b794c02' finished on 19
2018-06-28 14:26:02.544 [IPControllerApp] task::task 'c4758b47-b64c0d6a199bc3075f71562e' arrived on 19
2018-06-28 14:26:02.544 [IPControllerApp] task::task '7346eecb-55ddbd39fe15a7172c09e545' finished on 19
2018-06-28 14:26:02.550 [IPControllerApp] task::task '55e7fb58-3716937218278f5ab715a769' arrived on 19
2018-06-28 14:26:02.550 [IPControllerApp] task::task 'c4758b47-b64c0d6a199bc3075f71562e' finished on 19
2018-06-28 14:26:02.555 [IPControllerApp] task::task '967c8fb9-97d92fb26c9e802dc44924df' arrived on 19
2018-06-28 14:26:02.556 [IPControllerApp] task::task '55e7fb58-3716937218278f5ab715a769' finished on 19
2018-06-28 14:26:02.560 [IPControllerApp] task::task 'a0362966-6cd4dfa95529bd6b5fc2566f' arrived on 19
2018-06-28 14:26:02.561 [IPControllerApp] task::task '967c8fb9-97d92fb26c9e802dc44924df' finished on 19
2018-06-28 14:26:02.565 [IPControllerApp] task::task '61b8012b-5515c97da6566f0a00691397' arrived on 19
2018-06-28 14:26:02.566 [IPControllerApp] task::task 'a0362966-6cd4dfa95529bd6b5fc2566f' finished on 19
2018-06-28 14:26:02.570 [IPControllerApp] task::task '0f085d3a-f04f619ea6551710121f1538' arrived on 19
2018-06-28 14:26:02.571 [IPControllerApp] task::task '61b8012b-5515c97da6566f0a00691397' finished on 19
2018-06-28 14:26:02.574 [IPControllerApp] task::task '091e8f70-8d835742410d487cd9ad3eb7' arrived on 16
2018-06-28 14:26:02.575 [IPControllerApp] task::task 'e9bbd96a-70b4fffdb52a7cae16fb46a4' finished on 16
2018-06-28 14:26:02.578 [IPControllerApp] task::task '7a1d7ea5-3aa5356bf36aa1592330364d' arrived on 19
2018-06-28 14:26:02.580 [IPControllerApp] task::task '0f085d3a-f04f619ea6551710121f1538' finished on 19
2018-06-28 14:26:02.582 [IPControllerApp] task::task 'aec2bc65-5abde6e415a652aa6d513985' arrived on 17
2018-06-28 14:26:02.583 [IPControllerApp] task::task '7091c99a-438f4f5d63c2e679a4b69875' finished on 17
2018-06-28 14:26:02.585 [IPControllerApp] task::task 'd6fe7113-952acb992086915df76e8711' arrived on 16
2018-06-28 14:26:02.586 [IPControllerApp] task::task '091e8f70-8d835742410d487cd9ad3eb7' finished on 16
2018-06-28 14:26:02.587 [IPControllerApp] task::task '617e6022-248e50b9056f36d26df4446f' arrived on 15
2018-06-28 14:26:02.589 [IPControllerApp] task::task 'ccb5961b-c4fe4777aece6a67a11a9337' finished on 15
2018-06-28 14:26:02.590 [IPControllerApp] task::task 'e0ccbd07-960d55630f899fb07d99b72d' arrived on 19
2018-06-28 14:26:02.591 [IPControllerApp] task::task '7a1d7ea5-3aa5356bf36aa1592330364d' finished on 19
2018-06-28 14:26:02.594 [IPControllerApp] task::task '4728af94-f6a9fa79a6fe60a4901aed83' arrived on 16
2018-06-28 14:26:02.595 [IPControllerApp] task::task 'd6fe7113-952acb992086915df76e8711' finished on 16
2018-06-28 14:26:02.597 [IPControllerApp] task::task '7423782e-7fed124461111b00ff0e423d' arrived on 17
2018-06-28 14:26:02.599 [IPControllerApp] task::task 'aec2bc65-5abde6e415a652aa6d513985' finished on 17
2018-06-28 14:26:02.601 [IPControllerApp] task::task '1451b5fe-2157ceebd49a5fae67281a35' arrived on 19
2018-06-28 14:26:02.603 [IPControllerApp] task::task 'e0ccbd07-960d55630f899fb07d99b72d' finished on 19
2018-06-28 14:26:02.604 [IPControllerApp] task::task 'e909fe7e-ffaadf582dca664971999bae' arrived on 15
2018-06-28 14:26:02.605 [IPControllerApp] task::task '617e6022-248e50b9056f36d26df4446f' finished on 15
2018-06-28 14:26:02.606 [IPControllerApp] task::task '07c1a13d-b80ea72f819a88665425cb59' arrived on 16
2018-06-28 14:26:02.608 [IPControllerApp] task::task '4728af94-f6a9fa79a6fe60a4901aed83' finished on 16
2018-06-28 14:26:02.609 [IPControllerApp] task::task '0a847041-c5bdd110b1fba078b61d611e' arrived on 17
2018-06-28 14:26:02.611 [IPControllerApp] task::task '7423782e-7fed124461111b00ff0e423d' finished on 17
2018-06-28 14:26:02.612 [IPControllerApp] task::task 'c9833560-f54f2c4a682bafa52ef5542d' arrived on 19
2018-06-28 14:26:02.613 [IPControllerApp] task::task '1451b5fe-2157ceebd49a5fae67281a35' finished on 19
2018-06-28 14:26:02.614 [IPControllerApp] task::task '5499aa95-3118aef8fe4e9d20cf0cf41a' arrived on 15
2018-06-28 14:26:02.616 [IPControllerApp] task::task 'e909fe7e-ffaadf582dca664971999bae' finished on 15
2018-06-28 14:26:02.618 [IPControllerApp] task::task 'd5e9e458-1f1fe088e44e8ceb44a126a0' arrived on 16
2018-06-28 14:26:02.619 [IPControllerApp] task::task '07c1a13d-b80ea72f819a88665425cb59' finished on 16
2018-06-28 14:26:02.620 [IPControllerApp] task::task '21ca07cf-974fdbab2e2b965649a3998b' arrived on 17
2018-06-28 14:26:02.621 [IPControllerApp] task::task '0a847041-c5bdd110b1fba078b61d611e' finished on 17
2018-06-28 14:26:02.623 [IPControllerApp] task::task '7515217d-32fbdda62e2a7eda4f90b045' arrived on 15
2018-06-28 14:26:02.624 [IPControllerApp] task::task '5499aa95-3118aef8fe4e9d20cf0cf41a' finished on 15
2018-06-28 14:26:02.625 [IPControllerApp] task::task '7922a87a-2a729d25af3f3af09862035e' arrived on 19
2018-06-28 14:26:02.627 [IPControllerApp] task::task 'c9833560-f54f2c4a682bafa52ef5542d' finished on 19
2018-06-28 14:26:02.628 [IPControllerApp] task::task 'c449d69d-3731199f44d8fb2cb5b85383' arrived on 16
2018-06-28 14:26:02.630 [IPControllerApp] task::task 'd5e9e458-1f1fe088e44e8ceb44a126a0' finished on 16
2018-06-28 14:26:02.632 [IPControllerApp] task::task 'd8694a77-1f0e2c919b9eb8887f4bd6e3' arrived on 17
2018-06-28 14:26:02.634 [IPControllerApp] task::task '21ca07cf-974fdbab2e2b965649a3998b' finished on 17
2018-06-28 14:26:02.636 [IPControllerApp] task::task '99c5322e-99b09ef2fd2bb4b3a63cfbcc' arrived on 15
2018-06-28 14:26:02.638 [IPControllerApp] task::task '7515217d-32fbdda62e2a7eda4f90b045' finished on 15
2018-06-28 14:26:02.641 [IPControllerApp] task::task '3a71b7bd-83fbf9200ca9df537c24379a' arrived on 19
2018-06-28 14:26:02.642 [IPControllerApp] task::task '7922a87a-2a729d25af3f3af09862035e' finished on 19
2018-06-28 14:26:02.646 [IPControllerApp] task::task '413a7826-5c369a58227b97bef1e9b6e3' arrived on 16
2018-06-28 14:26:02.648 [IPControllerApp] task::task 'c449d69d-3731199f44d8fb2cb5b85383' finished on 16
2018-06-28 14:26:02.650 [IPControllerApp] task::task 'f979d6b3-f8c333da1d5f94736cc1ee80' arrived on 17
2018-06-28 14:26:02.652 [IPControllerApp] task::task 'd8694a77-1f0e2c919b9eb8887f4bd6e3' finished on 17
2018-06-28 14:26:02.654 [IPControllerApp] task::task 'a18509be-f35b66b7876a4abb10ad24e9' arrived on 15
2018-06-28 14:26:02.656 [IPControllerApp] task::task '99c5322e-99b09ef2fd2bb4b3a63cfbcc' finished on 15
2018-06-28 14:26:02.658 [IPControllerApp] task::task '7a8f66ee-6709ba5a5577680cfd1bff3e' arrived on 19
2018-06-28 14:26:02.660 [IPControllerApp] task::task '3a71b7bd-83fbf9200ca9df537c24379a' finished on 19
2018-06-28 14:26:02.662 [IPControllerApp] task::task '3a4ede58-4f9843158c3ca2954ddb5b7a' arrived on 16
2018-06-28 14:26:02.664 [IPControllerApp] task::task '413a7826-5c369a58227b97bef1e9b6e3' finished on 16
2018-06-28 14:26:02.665 [IPControllerApp] task::task 'ce57a215-950e60c4443e8f2bfec00269' arrived on 17
2018-06-28 14:26:02.666 [IPControllerApp] task::task 'f979d6b3-f8c333da1d5f94736cc1ee80' finished on 17
2018-06-28 14:26:02.668 [IPControllerApp] task::task 'fcb8b578-bc469c3a6dc269509812570a' arrived on 19
2018-06-28 14:26:02.669 [IPControllerApp] task::task '7a8f66ee-6709ba5a5577680cfd1bff3e' finished on 19
2018-06-28 14:26:02.671 [IPControllerApp] task::task '7dc34d14-400d493d19092aa0768d1394' arrived on 15
2018-06-28 14:26:02.672 [IPControllerApp] task::task 'a18509be-f35b66b7876a4abb10ad24e9' finished on 15
2018-06-28 14:26:02.673 [IPControllerApp] task::task 'a3fcabfa-4dc45c18ecb32008886ad71b' arrived on 16
2018-06-28 14:26:02.675 [IPControllerApp] task::task '3a4ede58-4f9843158c3ca2954ddb5b7a' finished on 16
2018-06-28 14:26:02.676 [IPControllerApp] task::task '463fc4a7-acad4aecd1ae2ae79ba342ae' arrived on 17
2018-06-28 14:26:02.677 [IPControllerApp] task::task 'ce57a215-950e60c4443e8f2bfec00269' finished on 17
2018-06-28 14:26:02.678 [IPControllerApp] task::task '519c86d5-4a62e0a2a095326376567029' arrived on 19
2018-06-28 14:26:02.680 [IPControllerApp] task::task 'fcb8b578-bc469c3a6dc269509812570a' finished on 19
2018-06-28 14:26:02.681 [IPControllerApp] task::task '471f9ca9-898ba2cd448d6e3f3fcf38d9' arrived on 15
2018-06-28 14:26:02.682 [IPControllerApp] task::task '7dc34d14-400d493d19092aa0768d1394' finished on 15
2018-06-28 14:26:02.683 [IPControllerApp] task::task 'abbe7212-59d8d352752c7626d3ff604c' arrived on 16
2018-06-28 14:26:02.685 [IPControllerApp] task::task 'a3fcabfa-4dc45c18ecb32008886ad71b' finished on 16
2018-06-28 14:26:02.686 [IPControllerApp] task::task '6f02f2b1-529d666a53c8c2d95ed45b29' arrived on 17
2018-06-28 14:26:02.687 [IPControllerApp] task::task '463fc4a7-acad4aecd1ae2ae79ba342ae' finished on 17
2018-06-28 14:26:02.688 [IPControllerApp] task::task '6fb8032d-7c5160b10b5d8d8d5f0ecbba' arrived on 19
2018-06-28 14:26:02.690 [IPControllerApp] task::task '519c86d5-4a62e0a2a095326376567029' finished on 19
2018-06-28 14:26:02.691 [IPControllerApp] task::task '21513075-1b6245b8e05cf2475fde4da8' arrived on 15
2018-06-28 14:26:02.692 [IPControllerApp] task::task '471f9ca9-898ba2cd448d6e3f3fcf38d9' finished on 15
2018-06-28 14:26:02.693 [IPControllerApp] task::task 'd9509dee-ac27a8080a24dcf60e555166' arrived on 16
2018-06-28 14:26:02.694 [IPControllerApp] task::task 'abbe7212-59d8d352752c7626d3ff604c' finished on 16
2018-06-28 14:26:02.696 [IPControllerApp] task::task '38d1fc9d-8696a30473badf7e91d89c9e' arrived on 17
2018-06-28 14:26:02.697 [IPControllerApp] task::task '6f02f2b1-529d666a53c8c2d95ed45b29' finished on 17
2018-06-28 14:26:02.698 [IPControllerApp] task::task '0d087eda-d0277cc6b775b81065fa2263' arrived on 19
2018-06-28 14:26:02.700 [IPControllerApp] task::task '6fb8032d-7c5160b10b5d8d8d5f0ecbba' finished on 19
2018-06-28 14:26:02.701 [IPControllerApp] task::task '1819f926-c8b108fe4e4c000c21a67f10' arrived on 15
2018-06-28 14:26:02.702 [IPControllerApp] task::task '21513075-1b6245b8e05cf2475fde4da8' finished on 15
2018-06-28 14:26:02.704 [IPControllerApp] task::task '36a204aa-6f5decfb3977287a0dfc6ca0' arrived on 16
2018-06-28 14:26:02.705 [IPControllerApp] task::task 'd9509dee-ac27a8080a24dcf60e555166' finished on 16
2018-06-28 14:26:02.707 [IPControllerApp] task::task '3cc36690-762441b1b8b5eeb931369317' arrived on 17
2018-06-28 14:26:02.709 [IPControllerApp] task::task '38d1fc9d-8696a30473badf7e91d89c9e' finished on 17
2018-06-28 14:26:02.710 [IPControllerApp] task::task 'a0afdcf0-f1491b31add51c69ddd3e858' arrived on 19
2018-06-28 14:26:02.711 [IPControllerApp] task::task '0d087eda-d0277cc6b775b81065fa2263' finished on 19
2018-06-28 14:26:02.712 [IPControllerApp] task::task 'e737550e-fa3357ac28434e4454ac7ae5' arrived on 15
2018-06-28 14:26:02.714 [IPControllerApp] task::task '1819f926-c8b108fe4e4c000c21a67f10' finished on 15
2018-06-28 14:26:02.715 [IPControllerApp] task::task 'e46a16e8-be6951329d7991e1e9ee9649' arrived on 16
2018-06-28 14:26:02.716 [IPControllerApp] task::task '36a204aa-6f5decfb3977287a0dfc6ca0' finished on 16
2018-06-28 14:26:02.717 [IPControllerApp] task::task 'f14f435b-ef21efa9056aff85d04d1404' arrived on 19
2018-06-28 14:26:02.719 [IPControllerApp] task::task 'a0afdcf0-f1491b31add51c69ddd3e858' finished on 19
2018-06-28 14:26:02.720 [IPControllerApp] task::task '36f3ece9-5acb2272980b6f99c5e20be2' arrived on 17
2018-06-28 14:26:02.721 [IPControllerApp] task::task '3cc36690-762441b1b8b5eeb931369317' finished on 17
2018-06-28 14:26:02.722 [IPControllerApp] task::task '1840d522-2ffd4f9516d59dc3009109cf' arrived on 15
2018-06-28 14:26:02.723 [IPControllerApp] task::task 'e737550e-fa3357ac28434e4454ac7ae5' finished on 15
2018-06-28 14:26:02.725 [IPControllerApp] task::task '12a547a3-4cad099a540080027fdf11e3' arrived on 16
2018-06-28 14:26:02.726 [IPControllerApp] task::task 'e46a16e8-be6951329d7991e1e9ee9649' finished on 16
2018-06-28 14:26:02.727 [IPControllerApp] task::task '268f0c6e-6eba5b853caee9e7cf2b3a7a' arrived on 19
2018-06-28 14:26:02.728 [IPControllerApp] task::task 'f14f435b-ef21efa9056aff85d04d1404' finished on 19
2018-06-28 14:26:02.730 [IPControllerApp] task::task 'ad1fca98-f3ccfb4f83102754835ea5d2' arrived on 17
2018-06-28 14:26:02.731 [IPControllerApp] task::task '36f3ece9-5acb2272980b6f99c5e20be2' finished on 17
2018-06-28 14:26:02.733 [IPControllerApp] task::task '84113143-20519fc6044dcb3ba6142105' arrived on 15
2018-06-28 14:26:02.734 [IPControllerApp] task::task '1840d522-2ffd4f9516d59dc3009109cf' finished on 15
2018-06-28 14:26:02.735 [IPControllerApp] task::task '717f1806-441e1455683f5df537760ae4' arrived on 19
2018-06-28 14:26:02.737 [IPControllerApp] task::task '268f0c6e-6eba5b853caee9e7cf2b3a7a' finished on 19
2018-06-28 14:26:02.738 [IPControllerApp] task::task '50bc833d-332a056e8388be5587ac58eb' arrived on 16
2018-06-28 14:26:02.739 [IPControllerApp] task::task '12a547a3-4cad099a540080027fdf11e3' finished on 16
2018-06-28 14:26:02.740 [IPControllerApp] task::task 'c50b801a-94b50829b8dc09a752a88bca' arrived on 17
2018-06-28 14:26:02.741 [IPControllerApp] task::task 'ad1fca98-f3ccfb4f83102754835ea5d2' finished on 17
2018-06-28 14:26:02.743 [IPControllerApp] task::task 'b5bcf689-6973f9a93c7b29419e52f180' arrived on 15
2018-06-28 14:26:02.744 [IPControllerApp] task::task '84113143-20519fc6044dcb3ba6142105' finished on 15
2018-06-28 14:26:02.745 [IPControllerApp] task::task '4bf86f46-a2388710ec5ad69f1a85fc05' arrived on 19
2018-06-28 14:26:02.746 [IPControllerApp] task::task '717f1806-441e1455683f5df537760ae4' finished on 19
2018-06-28 14:26:02.749 [IPControllerApp] task::task '7febd5e9-aec74282ba1f26e726072963' arrived on 16
2018-06-28 14:26:02.750 [IPControllerApp] task::task '50bc833d-332a056e8388be5587ac58eb' finished on 16
2018-06-28 14:26:02.751 [IPControllerApp] task::task '95162abf-dbc4c6b4836726f80f0c65db' arrived on 17
2018-06-28 14:26:02.752 [IPControllerApp] task::task 'c50b801a-94b50829b8dc09a752a88bca' finished on 17
2018-06-28 14:26:02.754 [IPControllerApp] task::task 'dd23aa5d-30b3e3b310a4f23425632f28' arrived on 19
2018-06-28 14:26:02.755 [IPControllerApp] task::task '4bf86f46-a2388710ec5ad69f1a85fc05' finished on 19
2018-06-28 14:26:02.756 [IPControllerApp] task::task 'd5dda76e-c7d0afbbc1aafac9adf5ba47' arrived on 15
2018-06-28 14:26:02.757 [IPControllerApp] task::task 'b5bcf689-6973f9a93c7b29419e52f180' finished on 15
2018-06-28 14:26:02.759 [IPControllerApp] task::task '19f34fb8-68d2684be207b7f772c29ddb' arrived on 16
2018-06-28 14:26:02.760 [IPControllerApp] task::task '7febd5e9-aec74282ba1f26e726072963' finished on 16
2018-06-28 14:26:02.761 [IPControllerApp] task::task '12424fb9-6aee198be523671ba4d20c96' arrived on 17
2018-06-28 14:26:02.763 [IPControllerApp] task::task '95162abf-dbc4c6b4836726f80f0c65db' finished on 17
2018-06-28 14:26:02.764 [IPControllerApp] task::task '47515fb8-cb88f78805c16a0c5cb68687' arrived on 19
2018-06-28 14:26:02.765 [IPControllerApp] task::task 'dd23aa5d-30b3e3b310a4f23425632f28' finished on 19
2018-06-28 14:26:02.767 [IPControllerApp] task::task '94da8e30-87c87556af07b642b5de4e84' arrived on 15
2018-06-28 14:26:02.768 [IPControllerApp] task::task 'd5dda76e-c7d0afbbc1aafac9adf5ba47' finished on 15
2018-06-28 14:26:02.770 [IPControllerApp] task::task '842b916e-831bd3cdecd00469bfdd17c4' arrived on 16
2018-06-28 14:26:02.771 [IPControllerApp] task::task '19f34fb8-68d2684be207b7f772c29ddb' finished on 16
2018-06-28 14:26:02.773 [IPControllerApp] task::task '9e35251f-616a35f10a90749ae1776628' arrived on 17
2018-06-28 14:26:02.774 [IPControllerApp] task::task '12424fb9-6aee198be523671ba4d20c96' finished on 17
2018-06-28 14:26:02.775 [IPControllerApp] task::task '5ccff1d5-2d75f116bec8a8c7ed308ed7' arrived on 19
2018-06-28 14:26:02.776 [IPControllerApp] task::task '47515fb8-cb88f78805c16a0c5cb68687' finished on 19
2018-06-28 14:26:02.778 [IPControllerApp] task::task 'f03b42d6-7a30dfe7893a23700148a8ba' arrived on 15
2018-06-28 14:26:02.779 [IPControllerApp] task::task '94da8e30-87c87556af07b642b5de4e84' finished on 15
2018-06-28 14:26:02.780 [IPControllerApp] task::task '608fddbc-2bb761540c993e15da6b200e' arrived on 16
2018-06-28 14:26:02.782 [IPControllerApp] task::task '842b916e-831bd3cdecd00469bfdd17c4' finished on 16
2018-06-28 14:26:02.783 [IPControllerApp] task::task '20a3b98a-13f1de0786bc9233208e6b4d' arrived on 17
2018-06-28 14:26:02.784 [IPControllerApp] task::task '9e35251f-616a35f10a90749ae1776628' finished on 17
2018-06-28 14:26:02.786 [IPControllerApp] task::task '72699ee5-e76a48e4a9a628e070cf6411' arrived on 19
2018-06-28 14:26:02.787 [IPControllerApp] task::task '5ccff1d5-2d75f116bec8a8c7ed308ed7' finished on 19
2018-06-28 14:26:02.788 [IPControllerApp] task::task '1e4ccb0e-77a5bb04b71a1d5678d22005' arrived on 15
2018-06-28 14:26:02.789 [IPControllerApp] task::task 'f03b42d6-7a30dfe7893a23700148a8ba' finished on 15
2018-06-28 14:26:02.791 [IPControllerApp] task::task '11dc8423-a2179d55b838e0ab0e4d9474' arrived on 16
2018-06-28 14:26:02.792 [IPControllerApp] task::task '608fddbc-2bb761540c993e15da6b200e' finished on 16
2018-06-28 14:26:02.794 [IPControllerApp] task::task '80635666-5dce3538b27374c26f24b60d' arrived on 19
2018-06-28 14:26:02.795 [IPControllerApp] task::task '72699ee5-e76a48e4a9a628e070cf6411' finished on 19
2018-06-28 14:26:02.797 [IPControllerApp] task::task 'da3c91ec-0fae6f97be56e66e78a0f9e2' arrived on 17
2018-06-28 14:26:02.798 [IPControllerApp] task::task '20a3b98a-13f1de0786bc9233208e6b4d' finished on 17
2018-06-28 14:26:02.799 [IPControllerApp] task::task 'd5ae89b0-02560c368c440643988f4874' arrived on 15
2018-06-28 14:26:02.800 [IPControllerApp] task::task '1e4ccb0e-77a5bb04b71a1d5678d22005' finished on 15
2018-06-28 14:26:02.802 [IPControllerApp] task::task '8f59e482-226a22721d257358e288bc92' arrived on 19
2018-06-28 14:26:02.803 [IPControllerApp] task::task '80635666-5dce3538b27374c26f24b60d' finished on 19
2018-06-28 14:26:02.804 [IPControllerApp] task::task '4d9ca5fc-2400a31f73e5ac3ee664328d' arrived on 16
2018-06-28 14:26:02.805 [IPControllerApp] task::task '11dc8423-a2179d55b838e0ab0e4d9474' finished on 16
2018-06-28 14:26:02.806 [IPControllerApp] task::task '3beecf01-46fba0af8906b26d5f7aa707' arrived on 17
2018-06-28 14:26:02.808 [IPControllerApp] task::task 'da3c91ec-0fae6f97be56e66e78a0f9e2' finished on 17
2018-06-28 14:26:02.809 [IPControllerApp] task::task '119de575-68b192945580836d80d94614' arrived on 15
2018-06-28 14:26:02.810 [IPControllerApp] task::task 'd5ae89b0-02560c368c440643988f4874' finished on 15
2018-06-28 14:26:02.811 [IPControllerApp] task::task '15e4b859-1832cfc1df950ba4686a1d72' arrived on 19
2018-06-28 14:26:02.813 [IPControllerApp] task::task '8f59e482-226a22721d257358e288bc92' finished on 19
2018-06-28 14:26:02.815 [IPControllerApp] task::task '9aa117f9-376d67bc9b4146134d074112' arrived on 16
2018-06-28 14:26:02.816 [IPControllerApp] task::task '4d9ca5fc-2400a31f73e5ac3ee664328d' finished on 16
2018-06-28 14:26:02.817 [IPControllerApp] task::task '327b0a14-48c6bf15408786a7cc59602e' arrived on 17
2018-06-28 14:26:02.819 [IPControllerApp] task::task '3beecf01-46fba0af8906b26d5f7aa707' finished on 17
2018-06-28 14:26:02.820 [IPControllerApp] task::task 'aad42753-ec0007cc2218bde03fbb299c' arrived on 19
2018-06-28 14:26:02.821 [IPControllerApp] task::task '15e4b859-1832cfc1df950ba4686a1d72' finished on 19
2018-06-28 14:26:02.822 [IPControllerApp] task::task '07672187-76440fb7c146696dba8f2ddb' arrived on 15
2018-06-28 14:26:02.824 [IPControllerApp] task::task '119de575-68b192945580836d80d94614' finished on 15
2018-06-28 14:26:02.825 [IPControllerApp] task::task '93d8c758-13a366e58db237edfb7e3181' arrived on 16
2018-06-28 14:26:02.826 [IPControllerApp] task::task '9aa117f9-376d67bc9b4146134d074112' finished on 16
2018-06-28 14:26:02.827 [IPControllerApp] task::task 'c5f13396-614205d497c7e93fe9d26942' arrived on 17
2018-06-28 14:26:02.829 [IPControllerApp] task::task '327b0a14-48c6bf15408786a7cc59602e' finished on 17
2018-06-28 14:26:02.830 [IPControllerApp] task::task '1c5ae46f-363fef59e93ae8e7b7513fd4' arrived on 19
2018-06-28 14:26:02.831 [IPControllerApp] task::task 'aad42753-ec0007cc2218bde03fbb299c' finished on 19
2018-06-28 14:26:02.832 [IPControllerApp] task::task '9a0d07f2-3414efc8260923ac881c165d' arrived on 15
2018-06-28 14:26:02.834 [IPControllerApp] task::task '07672187-76440fb7c146696dba8f2ddb' finished on 15
2018-06-28 14:26:02.836 [IPControllerApp] task::task 'f7f32323-8a3151d422e0c164c706c3c7' arrived on 16
2018-06-28 14:26:02.837 [IPControllerApp] task::task '93d8c758-13a366e58db237edfb7e3181' finished on 16
2018-06-28 14:26:02.838 [IPControllerApp] task::task 'c5d2cc0b-794d51e5c63025e42771cc42' arrived on 19
2018-06-28 14:26:02.839 [IPControllerApp] task::task '1c5ae46f-363fef59e93ae8e7b7513fd4' finished on 19
2018-06-28 14:26:02.841 [IPControllerApp] task::task 'b89e834e-d3aca55b723c54bfc802d206' arrived on 17
2018-06-28 14:26:02.842 [IPControllerApp] task::task 'c5f13396-614205d497c7e93fe9d26942' finished on 17
2018-06-28 14:26:02.843 [IPControllerApp] task::task '9631606e-a18a7219492eb0deab200646' arrived on 15
2018-06-28 14:26:02.845 [IPControllerApp] task::task '9a0d07f2-3414efc8260923ac881c165d' finished on 15
2018-06-28 14:26:02.846 [IPControllerApp] task::task '058b9cd7-2575c2c8fcdb6dfd6a40ff92' arrived on 19
2018-06-28 14:26:02.847 [IPControllerApp] task::task 'c5d2cc0b-794d51e5c63025e42771cc42' finished on 19
2018-06-28 14:26:02.848 [IPControllerApp] task::task 'f0a26073-03a4c52a75d6a1550ce7bdb3' arrived on 16
2018-06-28 14:26:02.849 [IPControllerApp] task::task 'f7f32323-8a3151d422e0c164c706c3c7' finished on 16
2018-06-28 14:26:02.851 [IPControllerApp] task::task '1158c388-210652f4ceb6b9aeb621d5ff' arrived on 17
2018-06-28 14:26:02.852 [IPControllerApp] task::task 'b89e834e-d3aca55b723c54bfc802d206' finished on 17
2018-06-28 14:26:02.853 [IPControllerApp] task::task '3e769b0e-a14b359affe760a53b5ffc8b' arrived on 15
2018-06-28 14:26:02.854 [IPControllerApp] task::task '9631606e-a18a7219492eb0deab200646' finished on 15
2018-06-28 14:26:02.857 [IPControllerApp] task::task '767fde28-41fd06659e731383db3ae5cb' arrived on 19
2018-06-28 14:26:02.858 [IPControllerApp] task::task '058b9cd7-2575c2c8fcdb6dfd6a40ff92' finished on 19
2018-06-28 14:26:02.859 [IPControllerApp] task::task '43a2e78a-e5a793e10a090b7bfc0cf7eb' arrived on 16
2018-06-28 14:26:02.860 [IPControllerApp] task::task 'f0a26073-03a4c52a75d6a1550ce7bdb3' finished on 16
2018-06-28 14:26:02.862 [IPControllerApp] task::task '419e6138-021aee2d15daf3acab2465d5' arrived on 17
2018-06-28 14:26:02.863 [IPControllerApp] task::task '1158c388-210652f4ceb6b9aeb621d5ff' finished on 17
2018-06-28 14:26:02.865 [IPControllerApp] task::task '34b36656-dd532b9cb263d502a836e948' arrived on 19
2018-06-28 14:26:02.866 [IPControllerApp] task::task '767fde28-41fd06659e731383db3ae5cb' finished on 19
2018-06-28 14:26:02.867 [IPControllerApp] task::task 'e6e75c57-e976d075c9026bedd6358b3e' arrived on 15
2018-06-28 14:26:02.868 [IPControllerApp] task::task '3e769b0e-a14b359affe760a53b5ffc8b' finished on 15
2018-06-28 14:26:02.870 [IPControllerApp] task::task '8b37a417-3772f7ef7ea2a536f003c9db' arrived on 16
2018-06-28 14:26:02.871 [IPControllerApp] task::task '43a2e78a-e5a793e10a090b7bfc0cf7eb' finished on 16
2018-06-28 14:26:02.872 [IPControllerApp] task::task '6ba0d8d3-94ea647242f8afb944f80b28' arrived on 17
2018-06-28 14:26:02.873 [IPControllerApp] task::task '419e6138-021aee2d15daf3acab2465d5' finished on 17
2018-06-28 14:26:02.875 [IPControllerApp] task::task 'a979f783-3ed0e9d2be3dc697476d0a67' arrived on 19
2018-06-28 14:26:02.876 [IPControllerApp] task::task '34b36656-dd532b9cb263d502a836e948' finished on 19
2018-06-28 14:26:02.877 [IPControllerApp] task::task 'c9cbaf98-ed8a26b84b6fc80a3f13b20d' arrived on 15
2018-06-28 14:26:02.878 [IPControllerApp] task::task 'e6e75c57-e976d075c9026bedd6358b3e' finished on 15
2018-06-28 14:26:02.880 [IPControllerApp] task::task 'c97ee0e1-7c88f76958877ba68234d4e8' arrived on 16
2018-06-28 14:26:02.882 [IPControllerApp] task::task '8b37a417-3772f7ef7ea2a536f003c9db' finished on 16
2018-06-28 14:26:02.883 [IPControllerApp] task::task '0ab60926-cdd7da3c49d7d7da2d5723a6' arrived on 17
2018-06-28 14:26:02.884 [IPControllerApp] task::task '6ba0d8d3-94ea647242f8afb944f80b28' finished on 17
2018-06-28 14:26:02.886 [IPControllerApp] task::task 'b9f38317-2446278637897d9f288f2a8a' arrived on 19
2018-06-28 14:26:02.887 [IPControllerApp] task::task 'a979f783-3ed0e9d2be3dc697476d0a67' finished on 19
2018-06-28 14:26:02.889 [IPControllerApp] task::task '02b11ded-ee008edeb388d13bf0d2eb9c' arrived on 15
2018-06-28 14:26:02.890 [IPControllerApp] task::task 'c9cbaf98-ed8a26b84b6fc80a3f13b20d' finished on 15
2018-06-28 14:26:02.891 [IPControllerApp] task::task 'a63a9ab4-2101a11310569bf43975e64c' arrived on 16
2018-06-28 14:26:02.892 [IPControllerApp] task::task 'c97ee0e1-7c88f76958877ba68234d4e8' finished on 16
2018-06-28 14:26:02.894 [IPControllerApp] task::task 'd384c66a-bafc1870dfe5e50f4f1fcb12' arrived on 17
2018-06-28 14:26:02.895 [IPControllerApp] task::task '0ab60926-cdd7da3c49d7d7da2d5723a6' finished on 17
2018-06-28 14:26:02.896 [IPControllerApp] task::task '3aae5b06-b02bd283117ba5f5fb3433ae' arrived on 19
2018-06-28 14:26:02.898 [IPControllerApp] task::task 'b9f38317-2446278637897d9f288f2a8a' finished on 19
2018-06-28 14:26:02.899 [IPControllerApp] task::task '1fc36065-225bfd8d797784347d600c79' arrived on 15
2018-06-28 14:26:02.900 [IPControllerApp] task::task '02b11ded-ee008edeb388d13bf0d2eb9c' finished on 15
2018-06-28 14:26:02.901 [IPControllerApp] task::task 'b408467a-559d3a947987b7d9bb6ea619' arrived on 16
2018-06-28 14:26:02.902 [IPControllerApp] task::task 'a63a9ab4-2101a11310569bf43975e64c' finished on 16
2018-06-28 14:26:02.905 [IPControllerApp] task::task '5c0ccbc0-f6b6303613a161a0c0a7b313' arrived on 13
2018-06-28 14:26:02.906 [IPControllerApp] task::task '369bfa28-d2b1f19cf44ef6cf1d0a2a80' finished on 13
2018-06-28 14:26:02.907 [IPControllerApp] task::task '6726f88c-979b7fbccc317d27238d92a8' arrived on 17
2018-06-28 14:26:02.908 [IPControllerApp] task::task 'd384c66a-bafc1870dfe5e50f4f1fcb12' finished on 17
2018-06-28 14:26:02.909 [IPControllerApp] task::task '4676c26f-4f621ecad101f3f74a7cf487' arrived on 19
2018-06-28 14:26:02.911 [IPControllerApp] task::task '3aae5b06-b02bd283117ba5f5fb3433ae' finished on 19
2018-06-28 14:26:02.912 [IPControllerApp] task::task 'd15855dd-0c0d2d23c1025a74972f4021' arrived on 15
2018-06-28 14:26:02.913 [IPControllerApp] task::task '1fc36065-225bfd8d797784347d600c79' finished on 15
2018-06-28 14:26:02.914 [IPControllerApp] task::task 'f6b3bbff-bb4f8231112cf8d920bef8aa' arrived on 16
2018-06-28 14:26:02.916 [IPControllerApp] task::task 'b408467a-559d3a947987b7d9bb6ea619' finished on 16
2018-06-28 14:26:02.917 [IPControllerApp] task::task '8a431665-188b8a42a5b824a320115b0d' arrived on 12
2018-06-28 14:26:02.918 [IPControllerApp] task::task '216510c1-3a552dd09706663bb0a5be2f' finished on 12
2018-06-28 14:26:02.919 [IPControllerApp] task::task '22828729-ea60ab143202d9b1263251d1' arrived on 17
2018-06-28 14:26:02.920 [IPControllerApp] task::task '6726f88c-979b7fbccc317d27238d92a8' finished on 17
2018-06-28 14:26:02.922 [IPControllerApp] task::task '71a66040-54ab7fb81ec75d9d326067bc' arrived on 12
2018-06-28 14:26:02.923 [IPControllerApp] task::task '8a431665-188b8a42a5b824a320115b0d' finished on 12
2018-06-28 14:26:02.924 [IPControllerApp] task::task '7631c802-a73a7a80c8ece50428367cbd' arrived on 15
2018-06-28 14:26:02.925 [IPControllerApp] task::task 'd15855dd-0c0d2d23c1025a74972f4021' finished on 15
2018-06-28 14:26:02.927 [IPControllerApp] task::task '1894da0d-bd2ce4839ab5bdc4516a1e46' arrived on 19
2018-06-28 14:26:02.928 [IPControllerApp] task::task '4676c26f-4f621ecad101f3f74a7cf487' finished on 19
2018-06-28 14:26:02.929 [IPControllerApp] task::task '9b432b29-ffacf78fcfd0b75847484009' arrived on 13
2018-06-28 14:26:02.930 [IPControllerApp] task::task '5c0ccbc0-f6b6303613a161a0c0a7b313' finished on 13
2018-06-28 14:26:02.931 [IPControllerApp] task::task '9b6ace70-8a43021b9e28cb5f39ab740b' arrived on 16
2018-06-28 14:26:02.933 [IPControllerApp] task::task 'f6b3bbff-bb4f8231112cf8d920bef8aa' finished on 16
2018-06-28 14:26:02.934 [IPControllerApp] task::task '53f160d3-f1b6301981acfc9abe46bf2f' arrived on 17
2018-06-28 14:26:02.935 [IPControllerApp] task::task '22828729-ea60ab143202d9b1263251d1' finished on 17
2018-06-28 14:26:02.938 [IPControllerApp] task::task 'eece0d4c-3543bff6813924f48cf52142' arrived on 12
2018-06-28 14:26:02.939 [IPControllerApp] task::task '71a66040-54ab7fb81ec75d9d326067bc' finished on 12
2018-06-28 14:26:02.940 [IPControllerApp] task::task 'b9475414-644a765da4653eabb23e09e4' arrived on 15
2018-06-28 14:26:02.941 [IPControllerApp] task::task '7631c802-a73a7a80c8ece50428367cbd' finished on 15
2018-06-28 14:26:02.942 [IPControllerApp] task::task 'f36f1368-77087fbe5206eca6d3fb2f1c' arrived on 13
2018-06-28 14:26:02.944 [IPControllerApp] task::task '9b432b29-ffacf78fcfd0b75847484009' finished on 13
2018-06-28 14:26:02.945 [IPControllerApp] task::task 'f0b44294-2de4a8e0e293aadddc586fd0' arrived on 19
2018-06-28 14:26:02.946 [IPControllerApp] task::task '1894da0d-bd2ce4839ab5bdc4516a1e46' finished on 19
2018-06-28 14:26:02.947 [IPControllerApp] task::task 'd492335a-9e9205b81351995d5c52f6f5' arrived on 2
2018-06-28 14:26:02.949 [IPControllerApp] task::task 'b0357f4b-94afe275263995924144377f' finished on 2
2018-06-28 14:26:02.950 [IPControllerApp] task::task '7ec41695-71dc4778add7f4191d555e33' arrived on 14
2018-06-28 14:26:02.951 [IPControllerApp] task::task '0adbf5d3-a885a74efb9cf42db62b3da6' finished on 14
2018-06-28 14:26:02.952 [IPControllerApp] task::task '087d151a-121f2a55502d2ec3da33edd0' arrived on 16
2018-06-28 14:26:02.953 [IPControllerApp] task::task '9b6ace70-8a43021b9e28cb5f39ab740b' finished on 16
2018-06-28 14:26:02.955 [IPControllerApp] task::task 'd1af1783-792550360b9b93f772b38705' arrived on 17
2018-06-28 14:26:02.956 [IPControllerApp] task::task '53f160d3-f1b6301981acfc9abe46bf2f' finished on 17
2018-06-28 14:26:02.957 [IPControllerApp] task::task '6e0da21b-2311b342362e13ac199b32f6' arrived on 12
2018-06-28 14:26:02.958 [IPControllerApp] task::task 'eece0d4c-3543bff6813924f48cf52142' finished on 12
2018-06-28 14:26:02.960 [IPControllerApp] task::task '19dac945-9ab81b0803f1588f81b13e6a' arrived on 18
2018-06-28 14:26:02.961 [IPControllerApp] task::task '6b2c3dd2-6dff0cdb90efcc27c9f22785' finished on 18
2018-06-28 14:26:02.962 [IPControllerApp] task::task '6430efbf-ec6145d6f47816c749c7fe18' arrived on 15
2018-06-28 14:26:02.964 [IPControllerApp] task::task 'b9475414-644a765da4653eabb23e09e4' finished on 15
2018-06-28 14:26:02.966 [IPControllerApp] task::task 'b9ffd538-c1be2f008b235dac15815920' arrived on 13
2018-06-28 14:26:02.967 [IPControllerApp] task::task 'f36f1368-77087fbe5206eca6d3fb2f1c' finished on 13
2018-06-28 14:26:02.968 [IPControllerApp] task::task 'a4f1438f-22d318b9a896ce666c033fbe' arrived on 19
2018-06-28 14:26:02.970 [IPControllerApp] task::task 'f0b44294-2de4a8e0e293aadddc586fd0' finished on 19
2018-06-28 14:26:02.971 [IPControllerApp] task::task '1c51103e-ed5cf8cc130549bf9b6af3d6' arrived on 1
2018-06-28 14:26:02.972 [IPControllerApp] task::task '60a7b0f0-92a16a9fa6cd3f457c05b23f' finished on 1
2018-06-28 14:26:02.973 [IPControllerApp] task::task '76fed2ee-d1d8329b0582306e9074b0e9' arrived on 2
2018-06-28 14:26:02.975 [IPControllerApp] task::task 'd492335a-9e9205b81351995d5c52f6f5' finished on 2
2018-06-28 14:26:02.976 [IPControllerApp] task::task '0c344605-51d819027c3abdd4f70d9b48' arrived on 14
2018-06-28 14:26:02.977 [IPControllerApp] task::task '7ec41695-71dc4778add7f4191d555e33' finished on 14
2018-06-28 14:26:02.978 [IPControllerApp] task::task 'a47ceb07-3b5ff089a806bd6c66891319' arrived on 16
2018-06-28 14:26:02.980 [IPControllerApp] task::task '087d151a-121f2a55502d2ec3da33edd0' finished on 16
2018-06-28 14:26:02.981 [IPControllerApp] task::task 'a7c5d0cb-be6d862571ad35500e0012d6' arrived on 0
2018-06-28 14:26:02.982 [IPControllerApp] task::task 'f2643e49-da6f0d0bf6cf811782d832ff' finished on 0
2018-06-28 14:26:02.983 [IPControllerApp] task::task '7bc4e580-9c15e539b2fbec9876d05e73' arrived on 17
2018-06-28 14:26:02.984 [IPControllerApp] task::task 'd1af1783-792550360b9b93f772b38705' finished on 17
2018-06-28 14:26:02.986 [IPControllerApp] task::task 'cdb93ae7-d761d9c63c6b164b2c2f3d87' arrived on 12
2018-06-28 14:26:02.987 [IPControllerApp] task::task '6e0da21b-2311b342362e13ac199b32f6' finished on 12
2018-06-28 14:26:02.988 [IPControllerApp] task::task 'f09a6571-e21bcb045c41c3918804fa84' arrived on 6
2018-06-28 14:26:02.989 [IPControllerApp] task::task '29cd2726-273493549297732991066611' finished on 6
2018-06-28 14:26:02.991 [IPControllerApp] task::task 'e27ebc63-f98492cb3e61dd41d98b7833' arrived on 3
2018-06-28 14:26:02.992 [IPControllerApp] task::task '4044ad07-41779e0619f5adef0248c8a4' finished on 3
2018-06-28 14:26:02.994 [IPControllerApp] task::task 'fd13219d-ae1d75ed98122082c37dc63d' arrived on 15
2018-06-28 14:26:02.995 [IPControllerApp] task::task '6430efbf-ec6145d6f47816c749c7fe18' finished on 15
2018-06-28 14:26:02.997 [IPControllerApp] task::task '12d1a559-f291591d37cb46ad0035940a' arrived on 5
2018-06-28 14:26:02.998 [IPControllerApp] task::task '1da98e0b-105986f688e251e92c999ba5' finished on 5
2018-06-28 14:26:03.000 [IPControllerApp] task::task '68949389-1c7d76535743109a12b96152' arrived on 13
2018-06-28 14:26:03.002 [IPControllerApp] task::task 'b9ffd538-c1be2f008b235dac15815920' finished on 13
2018-06-28 14:26:03.003 [IPControllerApp] task::task 'eacfa958-a7c1e3bf64e122163241dc8e' arrived on 19
2018-06-28 14:26:03.005 [IPControllerApp] task::task 'a4f1438f-22d318b9a896ce666c033fbe' finished on 19
2018-06-28 14:26:03.006 [IPControllerApp] task::task 'ed979888-3399e126e068934dc1b3933b' arrived on 4
2018-06-28 14:26:03.008 [IPControllerApp] task::task 'd4184efa-69bd8704c9eac0a657a4c071' finished on 4
2018-06-28 14:26:03.009 [IPControllerApp] task::task 'eba7520f-79803372e44779f9889ecd4f' arrived on 9
2018-06-28 14:26:03.011 [IPControllerApp] task::task '1c40c8ef-e8e0563e6983fc905ce6778b' finished on 9
2018-06-28 14:26:03.012 [IPControllerApp] task::task 'd5d1bc60-bee0c5ae18ba3f077e873cfe' arrived on 14
2018-06-28 14:26:03.013 [IPControllerApp] task::task '0c344605-51d819027c3abdd4f70d9b48' finished on 14
2018-06-28 14:26:03.014 [IPControllerApp] task::task 'b04ad1df-84c0e8f477d2d74c64cff0a9' arrived on 18
2018-06-28 14:26:03.016 [IPControllerApp] task::task '19dac945-9ab81b0803f1588f81b13e6a' finished on 18
2018-06-28 14:26:03.017 [IPControllerApp] task::task 'ae0e4720-815bea92fab85003991bbfd8' arrived on 16
2018-06-28 14:26:03.018 [IPControllerApp] task::task 'a47ceb07-3b5ff089a806bd6c66891319' finished on 16
2018-06-28 14:26:03.019 [IPControllerApp] task::task '0a22f5f2-90d239d13cf67e2d421c02a3' arrived on 2
2018-06-28 14:26:03.021 [IPControllerApp] task::task '76fed2ee-d1d8329b0582306e9074b0e9' finished on 2
2018-06-28 14:26:03.022 [IPControllerApp] task::task '641063bb-ff5c1d9ad17d360c25052744' arrived on 1
2018-06-28 14:26:03.023 [IPControllerApp] task::task '1c51103e-ed5cf8cc130549bf9b6af3d6' finished on 1
2018-06-28 14:26:03.024 [IPControllerApp] task::task 'ab9b9e8c-2dc9789aa8b8feb1ccd3a5d2' arrived on 10
2018-06-28 14:26:03.025 [IPControllerApp] task::task '065d4bfa-9a97f7f18d5e5e36f6ef968d' finished on 10
2018-06-28 14:26:03.027 [IPControllerApp] task::task '48a02ba7-6ec612024c9d1d4d056a4739' arrived on 8
2018-06-28 14:26:03.028 [IPControllerApp] task::task 'c3ee5749-6d27dd823e175cf3932f8946' finished on 8
2018-06-28 14:26:03.029 [IPControllerApp] task::task '2e89a26e-d6203e3a2922c19744352944' arrived on 17
2018-06-28 14:26:03.030 [IPControllerApp] task::task '7bc4e580-9c15e539b2fbec9876d05e73' finished on 17
2018-06-28 14:26:03.032 [IPControllerApp] task::task '509368fb-92d734cc927c14a5100709a6' arrived on 0
2018-06-28 14:26:03.033 [IPControllerApp] task::task 'a7c5d0cb-be6d862571ad35500e0012d6' finished on 0
2018-06-28 14:26:03.034 [IPControllerApp] task::task '9f827a03-fe8c8970c113aa9ff3f74655' arrived on 12
2018-06-28 14:26:03.035 [IPControllerApp] task::task 'cdb93ae7-d761d9c63c6b164b2c2f3d87' finished on 12
2018-06-28 14:26:03.037 [IPControllerApp] task::task 'b39390ae-e34a1dde83de17befcc7abfd' arrived on 6
2018-06-28 14:26:03.038 [IPControllerApp] task::task 'f09a6571-e21bcb045c41c3918804fa84' finished on 6
2018-06-28 14:26:03.040 [IPControllerApp] task::task '2bd8802f-62c64e305d8967107d3ad2d7' arrived on 3
2018-06-28 14:26:03.041 [IPControllerApp] task::task 'e27ebc63-f98492cb3e61dd41d98b7833' finished on 3
2018-06-28 14:26:03.042 [IPControllerApp] task::task '14b01e63-f5e41b451ee6e8023e83413b' arrived on 15
2018-06-28 14:26:03.044 [IPControllerApp] task::task 'fd13219d-ae1d75ed98122082c37dc63d' finished on 15
2018-06-28 14:26:03.045 [IPControllerApp] task::task 'babe791b-1f5dfc53d8a27e0f2a733ae3' arrived on 5
2018-06-28 14:26:03.046 [IPControllerApp] task::task '12d1a559-f291591d37cb46ad0035940a' finished on 5
2018-06-28 14:26:03.048 [IPControllerApp] task::task 'aece57e2-99e6425e956d79ca255c3881' arrived on 4
2018-06-28 14:26:03.049 [IPControllerApp] task::task 'ed979888-3399e126e068934dc1b3933b' finished on 4
2018-06-28 14:26:03.050 [IPControllerApp] task::task '264b25d6-fcffc9c58942cf26fa992653' arrived on 19
2018-06-28 14:26:03.051 [IPControllerApp] task::task 'eacfa958-a7c1e3bf64e122163241dc8e' finished on 19
2018-06-28 14:26:03.052 [IPControllerApp] task::task '56dc0940-43d7ad2bc558bd323d4280cb' arrived on 9
2018-06-28 14:26:03.054 [IPControllerApp] task::task 'eba7520f-79803372e44779f9889ecd4f' finished on 9
2018-06-28 14:26:03.055 [IPControllerApp] task::task 'ba1604ac-89a85720a895d0c097fa9fb6' arrived on 16
2018-06-28 14:26:03.056 [IPControllerApp] task::task 'ae0e4720-815bea92fab85003991bbfd8' finished on 16
2018-06-28 14:26:03.058 [IPControllerApp] task::task '18ac7636-6a72e06a57649d04bf2be738' arrived on 1
2018-06-28 14:26:03.059 [IPControllerApp] task::task '641063bb-ff5c1d9ad17d360c25052744' finished on 1
2018-06-28 14:26:03.060 [IPControllerApp] task::task '5079cdb9-b0a9367e9738d7c644a8d626' arrived on 10
2018-06-28 14:26:03.061 [IPControllerApp] task::task 'ab9b9e8c-2dc9789aa8b8feb1ccd3a5d2' finished on 10
2018-06-28 14:26:03.063 [IPControllerApp] task::task '9c701aba-a4b0ad4f0187a09e11c9b0ef' arrived on 13
2018-06-28 14:26:03.064 [IPControllerApp] task::task '68949389-1c7d76535743109a12b96152' finished on 13
2018-06-28 14:26:03.065 [IPControllerApp] task::task '3b9dcac7-295b1c55477d704826333398' arrived on 2
2018-06-28 14:26:03.066 [IPControllerApp] task::task '0a22f5f2-90d239d13cf67e2d421c02a3' finished on 2
2018-06-28 14:26:03.068 [IPControllerApp] task::task 'ff14da57-2053b4b7ac5ece9873616a45' arrived on 14
2018-06-28 14:26:03.069 [IPControllerApp] task::task 'd5d1bc60-bee0c5ae18ba3f077e873cfe' finished on 14
2018-06-28 14:26:03.071 [IPControllerApp] task::task '7b1c71e3-3d6635534ca39e03105f0383' arrived on 8
2018-06-28 14:26:03.072 [IPControllerApp] task::task '48a02ba7-6ec612024c9d1d4d056a4739' finished on 8
2018-06-28 14:26:03.073 [IPControllerApp] task::task '5d362f98-fdc5102e78b3e4bed12c61f7' arrived on 18
2018-06-28 14:26:03.075 [IPControllerApp] task::task 'b04ad1df-84c0e8f477d2d74c64cff0a9' finished on 18
2018-06-28 14:26:03.076 [IPControllerApp] task::task 'ce9f1ee9-95398e766addf0e3067c1f7d' arrived on 17
2018-06-28 14:26:03.077 [IPControllerApp] task::task '2e89a26e-d6203e3a2922c19744352944' finished on 17
2018-06-28 14:26:03.079 [IPControllerApp] task::task '1b9078db-4e4963816f88b6de5e684cf6' arrived on 0
2018-06-28 14:26:03.080 [IPControllerApp] task::task '509368fb-92d734cc927c14a5100709a6' finished on 0
2018-06-28 14:26:03.081 [IPControllerApp] task::task '91311918-caf952f98a80b3872ed9454d' arrived on 12
2018-06-28 14:26:03.083 [IPControllerApp] task::task '9f827a03-fe8c8970c113aa9ff3f74655' finished on 12
2018-06-28 14:26:03.084 [IPControllerApp] task::task 'a7b893da-663b912b9ae43cce1784e090' arrived on 6
2018-06-28 14:26:03.085 [IPControllerApp] task::task 'b39390ae-e34a1dde83de17befcc7abfd' finished on 6
2018-06-28 14:26:03.087 [IPControllerApp] task::task 'aff22fa4-1d60659f733c036391c5d633' arrived on 11
2018-06-28 14:26:03.088 [IPControllerApp] task::task 'a1ae18ab-f3e4f8dac35eccfb435f54b4' finished on 11
2018-06-28 14:26:03.089 [IPControllerApp] task::task 'cfe121bf-890c91e203d2d27ce9b1cf79' arrived on 3
2018-06-28 14:26:03.091 [IPControllerApp] task::task '2bd8802f-62c64e305d8967107d3ad2d7' finished on 3
2018-06-28 14:26:03.092 [IPControllerApp] task::task 'ae598a33-5ad40603ec6992b99999ad3e' arrived on 15
2018-06-28 14:26:03.093 [IPControllerApp] task::task '14b01e63-f5e41b451ee6e8023e83413b' finished on 15
2018-06-28 14:26:03.095 [IPControllerApp] task::task '771b2f7f-3f21b5e8cceec7f3c5d39c6e' arrived on 5
2018-06-28 14:26:03.096 [IPControllerApp] task::task 'babe791b-1f5dfc53d8a27e0f2a733ae3' finished on 5
2018-06-28 14:26:03.097 [IPControllerApp] task::task '9db93652-fc1b0fd8ea44e0ef7be9a566' arrived on 4
2018-06-28 14:26:03.099 [IPControllerApp] task::task 'aece57e2-99e6425e956d79ca255c3881' finished on 4
2018-06-28 14:26:03.100 [IPControllerApp] task::task 'b0b925e4-dce304a43d1a1c27bad5e9de' arrived on 7
2018-06-28 14:26:03.101 [IPControllerApp] task::task '60bfbc6e-b9bc068035671f567442b8d3' finished on 7
2018-06-28 14:26:03.102 [IPControllerApp] task::task 'd8f9d172-bc2b90d603e93155c9f20ceb' arrived on 9
2018-06-28 14:26:03.104 [IPControllerApp] task::task '56dc0940-43d7ad2bc558bd323d4280cb' finished on 9
2018-06-28 14:26:03.106 [IPControllerApp] task::task '7dc8052f-d3cbf8f437662689f8695b00' arrived on 19
2018-06-28 14:26:03.107 [IPControllerApp] task::task '264b25d6-fcffc9c58942cf26fa992653' finished on 19
2018-06-28 14:26:03.109 [IPControllerApp] task::task '4428bcbc-26890a46d69a3cc031dc565e' arrived on 16
2018-06-28 14:26:03.110 [IPControllerApp] task::task 'ba1604ac-89a85720a895d0c097fa9fb6' finished on 16
2018-06-28 14:26:03.111 [IPControllerApp] task::task '4975bb0f-bc1b70bf0c90a4077a2ca819' arrived on 1
2018-06-28 14:26:03.113 [IPControllerApp] task::task '18ac7636-6a72e06a57649d04bf2be738' finished on 1
2018-06-28 14:26:03.114 [IPControllerApp] task::task 'a845afc8-59b17f383de5c4091ce88272' arrived on 10
2018-06-28 14:26:03.115 [IPControllerApp] task::task '5079cdb9-b0a9367e9738d7c644a8d626' finished on 10
2018-06-28 14:26:03.117 [IPControllerApp] task::task 'f16139c3-cee90480b3229b1a8403cdeb' arrived on 2
2018-06-28 14:26:03.118 [IPControllerApp] task::task '3b9dcac7-295b1c55477d704826333398' finished on 2
2018-06-28 14:26:03.119 [IPControllerApp] task::task '316727c6-1122a50cc65435a811d56315' arrived on 8
2018-06-28 14:26:03.121 [IPControllerApp] task::task '7b1c71e3-3d6635534ca39e03105f0383' finished on 8
2018-06-28 14:26:03.122 [IPControllerApp] task::task '6412a82b-11346e9691ee6be64b92d867' arrived on 0
2018-06-28 14:26:03.123 [IPControllerApp] task::task '1b9078db-4e4963816f88b6de5e684cf6' finished on 0
2018-06-28 14:26:03.125 [IPControllerApp] task::task 'f3ca9a22-4143cd3e0de84b360c3d2b73' arrived on 17
2018-06-28 14:26:03.126 [IPControllerApp] task::task 'ce9f1ee9-95398e766addf0e3067c1f7d' finished on 17
2018-06-28 14:26:03.127 [IPControllerApp] task::task '458e5671-27203b222dd5ed9c3af7a8da' arrived on 12
2018-06-28 14:26:03.129 [IPControllerApp] task::task '91311918-caf952f98a80b3872ed9454d' finished on 12
2018-06-28 14:26:03.131 [IPControllerApp] task::task 'ae44bb05-75f54c8777a66982f91b88ef' arrived on 6
2018-06-28 14:26:03.132 [IPControllerApp] task::task 'a7b893da-663b912b9ae43cce1784e090' finished on 6
2018-06-28 14:26:03.134 [IPControllerApp] task::task 'dfeaa70f-ad1b9f8e9855fe8b80131718' arrived on 13
2018-06-28 14:26:03.135 [IPControllerApp] task::task '9c701aba-a4b0ad4f0187a09e11c9b0ef' finished on 13
2018-06-28 14:26:03.137 [IPControllerApp] task::task '335d85f6-0722cd5e7a15bbf2e8d8cfed' arrived on 14
2018-06-28 14:26:03.138 [IPControllerApp] task::task 'ff14da57-2053b4b7ac5ece9873616a45' finished on 14
2018-06-28 14:26:03.140 [IPControllerApp] task::task 'b153f68f-30eedac0cec7b66f1a728273' arrived on 11
2018-06-28 14:26:03.141 [IPControllerApp] task::task 'aff22fa4-1d60659f733c036391c5d633' finished on 11
2018-06-28 14:26:03.142 [IPControllerApp] task::task '6c9fc41d-9649fa518a9ea99470e766ce' arrived on 18
2018-06-28 14:26:03.144 [IPControllerApp] task::task '5d362f98-fdc5102e78b3e4bed12c61f7' finished on 18
2018-06-28 14:26:03.145 [IPControllerApp] task::task '218c8ad2-0e7d5f9566b9234a58b2f2e1' arrived on 3
2018-06-28 14:26:03.146 [IPControllerApp] task::task 'cfe121bf-890c91e203d2d27ce9b1cf79' finished on 3
2018-06-28 14:26:03.148 [IPControllerApp] task::task '9252afd2-88a250338e50d4231edff950' arrived on 15
2018-06-28 14:26:03.149 [IPControllerApp] task::task 'ae598a33-5ad40603ec6992b99999ad3e' finished on 15
2018-06-28 14:26:03.150 [IPControllerApp] task::task '7cec6d67-4f98410e0b54c7235868c211' arrived on 5
2018-06-28 14:26:03.151 [IPControllerApp] task::task '771b2f7f-3f21b5e8cceec7f3c5d39c6e' finished on 5
2018-06-28 14:26:03.152 [IPControllerApp] task::task '96fad31c-516749870baa864ff6066edd' arrived on 4
2018-06-28 14:26:03.154 [IPControllerApp] task::task '9db93652-fc1b0fd8ea44e0ef7be9a566' finished on 4
2018-06-28 14:26:03.156 [IPControllerApp] task::task '4b53053d-57be7e4181f5dbb6558c5703' arrived on 7
2018-06-28 14:26:03.157 [IPControllerApp] task::task 'b0b925e4-dce304a43d1a1c27bad5e9de' finished on 7
2018-06-28 14:26:03.159 [IPControllerApp] task::task '82b1b4c8-3e7139057f1d2248daa2290e' arrived on 9
2018-06-28 14:26:03.160 [IPControllerApp] task::task 'd8f9d172-bc2b90d603e93155c9f20ceb' finished on 9
2018-06-28 14:26:03.162 [IPControllerApp] task::task '898a9891-bdc42285cfdac1b28a9b1cb7' arrived on 19
2018-06-28 14:26:03.163 [IPControllerApp] task::task '7dc8052f-d3cbf8f437662689f8695b00' finished on 19
2018-06-28 14:26:03.164 [IPControllerApp] task::task 'fd5cfbf5-d75667d01e3a166ee278e87c' arrived on 16
2018-06-28 14:26:03.165 [IPControllerApp] task::task '4428bcbc-26890a46d69a3cc031dc565e' finished on 16
2018-06-28 14:26:03.167 [IPControllerApp] task::task '9cabd175-d8b9380335827db884ae1ee4' arrived on 10
2018-06-28 14:26:03.168 [IPControllerApp] task::task 'a845afc8-59b17f383de5c4091ce88272' finished on 10
2018-06-28 14:26:03.169 [IPControllerApp] task::task '0ede2742-b483a078098ef817ccd8c483' arrived on 8
2018-06-28 14:26:03.171 [IPControllerApp] task::task '316727c6-1122a50cc65435a811d56315' finished on 8
2018-06-28 14:26:03.172 [IPControllerApp] task::task '63663ebd-0056946970ad7f6090ade6ff' arrived on 2
2018-06-28 14:26:03.173 [IPControllerApp] task::task 'f16139c3-cee90480b3229b1a8403cdeb' finished on 2
2018-06-28 14:26:03.175 [IPControllerApp] task::task '73cd2f10-c0323a84d3a16c1ee51ff7db' arrived on 17
2018-06-28 14:26:03.176 [IPControllerApp] task::task 'f3ca9a22-4143cd3e0de84b360c3d2b73' finished on 17
2018-06-28 14:26:03.177 [IPControllerApp] task::task 'c77ec5b4-f8e2c9004ac9669c680eddde' arrived on 0
2018-06-28 14:26:03.178 [IPControllerApp] task::task '6412a82b-11346e9691ee6be64b92d867' finished on 0
2018-06-28 14:26:03.180 [IPControllerApp] task::task 'f4e81dc5-271b6e6d2093fe85c79f961d' arrived on 12
2018-06-28 14:26:03.181 [IPControllerApp] task::task '458e5671-27203b222dd5ed9c3af7a8da' finished on 12
2018-06-28 14:26:03.182 [IPControllerApp] task::task '794124e6-5799e7311c099af4354601e1' arrived on 1
2018-06-28 14:26:03.184 [IPControllerApp] task::task '4975bb0f-bc1b70bf0c90a4077a2ca819' finished on 1
2018-06-28 14:26:03.185 [IPControllerApp] task::task 'bfc1386e-3d60c5dc6f129edd14c6ee08' arrived on 6
2018-06-28 14:26:03.186 [IPControllerApp] task::task 'ae44bb05-75f54c8777a66982f91b88ef' finished on 6
2018-06-28 14:26:03.187 [IPControllerApp] task::task '6f531e62-21dc7be088b44c83b028ad68' arrived on 13
2018-06-28 14:26:03.189 [IPControllerApp] task::task 'dfeaa70f-ad1b9f8e9855fe8b80131718' finished on 13
2018-06-28 14:26:03.190 [IPControllerApp] task::task '5f0a1e99-741e2005dbaec00ceea532ba' arrived on 14
2018-06-28 14:26:03.191 [IPControllerApp] task::task '335d85f6-0722cd5e7a15bbf2e8d8cfed' finished on 14
2018-06-28 14:26:03.193 [IPControllerApp] task::task 'a9a86567-30d44ff2cd5898efa9e1743e' arrived on 11
2018-06-28 14:26:03.195 [IPControllerApp] task::task 'b153f68f-30eedac0cec7b66f1a728273' finished on 11
2018-06-28 14:26:03.196 [IPControllerApp] task::task '2314b657-e05f078e59528c358c1a9907' arrived on 18
2018-06-28 14:26:03.197 [IPControllerApp] task::task '6c9fc41d-9649fa518a9ea99470e766ce' finished on 18
2018-06-28 14:26:03.198 [IPControllerApp] task::task 'f65b4afd-2db663378fb82c282e6d1d37' arrived on 15
2018-06-28 14:26:03.200 [IPControllerApp] task::task '9252afd2-88a250338e50d4231edff950' finished on 15
2018-06-28 14:26:03.201 [IPControllerApp] task::task 'be2656bc-d32995b6d63b477213b54d81' arrived on 3
2018-06-28 14:26:03.202 [IPControllerApp] task::task '218c8ad2-0e7d5f9566b9234a58b2f2e1' finished on 3
2018-06-28 14:26:03.204 [IPControllerApp] task::task '36c3176c-db2e80724c39c1b25448961c' arrived on 19
2018-06-28 14:26:03.205 [IPControllerApp] task::task '898a9891-bdc42285cfdac1b28a9b1cb7' finished on 19
2018-06-28 14:26:03.206 [IPControllerApp] task::task '43e809cc-ca17eac376336e81d1af241e' arrived on 16
2018-06-28 14:26:03.207 [IPControllerApp] task::task 'fd5cfbf5-d75667d01e3a166ee278e87c' finished on 16
2018-06-28 14:26:03.209 [IPControllerApp] task::task '59137df7-632edc4f7141b810d89e43e0' arrived on 17
2018-06-28 14:26:03.210 [IPControllerApp] task::task '73cd2f10-c0323a84d3a16c1ee51ff7db' finished on 17
2018-06-28 14:26:03.211 [IPControllerApp] task::task '2b3cf0df-07669e04973935357fd15cf8' arrived on 5
2018-06-28 14:26:03.212 [IPControllerApp] task::task '7cec6d67-4f98410e0b54c7235868c211' finished on 5
2018-06-28 14:26:03.214 [IPControllerApp] task::task '81a5f247-c1e3c232af00e5d77235d0f5' arrived on 8
2018-06-28 14:26:03.215 [IPControllerApp] task::task '0ede2742-b483a078098ef817ccd8c483' finished on 8
2018-06-28 14:26:03.217 [IPControllerApp] task::task 'dc5eb518-c041d7beaede6c854dd20dc9' arrived on 4
2018-06-28 14:26:03.218 [IPControllerApp] task::task '96fad31c-516749870baa864ff6066edd' finished on 4
2018-06-28 14:26:03.220 [IPControllerApp] task::task 'eb887e7c-f7ca641958973237cfedb508' arrived on 0
2018-06-28 14:26:03.221 [IPControllerApp] task::task 'c77ec5b4-f8e2c9004ac9669c680eddde' finished on 0
2018-06-28 14:26:03.222 [IPControllerApp] task::task '2c06fefa-4ac9e766281328a18c1fda23' arrived on 2
2018-06-28 14:26:03.223 [IPControllerApp] task::task '63663ebd-0056946970ad7f6090ade6ff' finished on 2
2018-06-28 14:26:03.224 [IPControllerApp] task::task '004d9403-cc23ce05a090c6c89b4005d8' arrived on 12
2018-06-28 14:26:03.226 [IPControllerApp] task::task 'f4e81dc5-271b6e6d2093fe85c79f961d' finished on 12
2018-06-28 14:26:03.227 [IPControllerApp] task::task '3bee9180-24287af242375667c3ec4d4d' arrived on 10
2018-06-28 14:26:03.228 [IPControllerApp] task::task '9cabd175-d8b9380335827db884ae1ee4' finished on 10
2018-06-28 14:26:03.229 [IPControllerApp] task::task 'caf73f48-d3a5acbe9e0e7629f8ff78cc' arrived on 9
2018-06-28 14:26:03.231 [IPControllerApp] task::task '82b1b4c8-3e7139057f1d2248daa2290e' finished on 9
2018-06-28 14:26:03.232 [IPControllerApp] task::task '15cbdd8c-a8905fab90fe706aa41cbbab' arrived on 1
2018-06-28 14:26:03.233 [IPControllerApp] task::task '794124e6-5799e7311c099af4354601e1' finished on 1
2018-06-28 14:26:03.234 [IPControllerApp] task::task '3d7313cc-319f62d3edfd0418df15f7b4' arrived on 7
2018-06-28 14:26:03.235 [IPControllerApp] task::task '4b53053d-57be7e4181f5dbb6558c5703' finished on 7
2018-06-28 14:26:03.237 [IPControllerApp] task::task '80ec3c9a-5067f33901525c8013069113' arrived on 6
2018-06-28 14:26:03.238 [IPControllerApp] task::task 'bfc1386e-3d60c5dc6f129edd14c6ee08' finished on 6
2018-06-28 14:26:03.239 [IPControllerApp] task::task 'fa3a360e-b8044959a12b9c49b992b078' arrived on 13
2018-06-28 14:26:03.240 [IPControllerApp] task::task '6f531e62-21dc7be088b44c83b028ad68' finished on 13
2018-06-28 14:26:03.242 [IPControllerApp] task::task '3441bebd-da29768638dd90b4cff1f503' arrived on 14
2018-06-28 14:26:03.243 [IPControllerApp] task::task '5f0a1e99-741e2005dbaec00ceea532ba' finished on 14
2018-06-28 14:26:03.244 [IPControllerApp] task::task 'c0ef864b-d19a855dc3d62884b091fb57' arrived on 11
2018-06-28 14:26:03.245 [IPControllerApp] task::task 'a9a86567-30d44ff2cd5898efa9e1743e' finished on 11
2018-06-28 14:26:03.246 [IPControllerApp] task::task '15ab9403-62fa28e1a48dba11dfdbc9da' arrived on 18
2018-06-28 14:26:03.248 [IPControllerApp] task::task '2314b657-e05f078e59528c358c1a9907' finished on 18
2018-06-28 14:26:03.249 [IPControllerApp] task::task 'b7dd7a7c-9f91b140ca72d1952523f953' arrived on 15
2018-06-28 14:26:03.250 [IPControllerApp] task::task 'f65b4afd-2db663378fb82c282e6d1d37' finished on 15
2018-06-28 14:26:03.252 [IPControllerApp] task::task '85728957-2c1ad91fa1cbd5953dcad8ac' arrived on 3
2018-06-28 14:26:03.254 [IPControllerApp] task::task 'be2656bc-d32995b6d63b477213b54d81' finished on 3
2018-06-28 14:26:03.255 [IPControllerApp] task::task '05abe4ef-fb0acae19583943850da1a71' arrived on 19
2018-06-28 14:26:03.256 [IPControllerApp] task::task '36c3176c-db2e80724c39c1b25448961c' finished on 19
2018-06-28 14:26:03.258 [IPControllerApp] task::task '4784d241-4edc66aa18750f697c627a61' arrived on 16
2018-06-28 14:26:03.259 [IPControllerApp] task::task '43e809cc-ca17eac376336e81d1af241e' finished on 16
2018-06-28 14:26:03.260 [IPControllerApp] task::task '3ee20a2d-3d247d5ba048b5f2be2df8f2' arrived on 17
2018-06-28 14:26:03.261 [IPControllerApp] task::task '59137df7-632edc4f7141b810d89e43e0' finished on 17
2018-06-28 14:26:03.263 [IPControllerApp] task::task '46c798e6-5f57ce42287bff1ae4b5743a' arrived on 8
2018-06-28 14:26:03.264 [IPControllerApp] task::task '81a5f247-c1e3c232af00e5d77235d0f5' finished on 8
2018-06-28 14:26:03.266 [IPControllerApp] task::task '72b2c00f-69e9bd29a3a5829eb5343f39' arrived on 5
2018-06-28 14:26:03.267 [IPControllerApp] task::task '2b3cf0df-07669e04973935357fd15cf8' finished on 5
2018-06-28 14:26:03.268 [IPControllerApp] task::task '2c37c0e1-8f67b61b14bd081a0d7e81d9' arrived on 0
2018-06-28 14:26:03.269 [IPControllerApp] task::task 'eb887e7c-f7ca641958973237cfedb508' finished on 0
2018-06-28 14:26:03.271 [IPControllerApp] task::task 'a9188e0a-eead7720b139d3626d82522a' arrived on 4
2018-06-28 14:26:03.272 [IPControllerApp] task::task 'dc5eb518-c041d7beaede6c854dd20dc9' finished on 4
2018-06-28 14:26:03.273 [IPControllerApp] task::task '8a330fe6-ab366bd1ae35454458b6eb6f' arrived on 2
2018-06-28 14:26:03.275 [IPControllerApp] task::task '2c06fefa-4ac9e766281328a18c1fda23' finished on 2
2018-06-28 14:26:03.276 [IPControllerApp] task::task '3816eecd-96f387f63b49c261fc5c69c9' arrived on 12
2018-06-28 14:26:03.277 [IPControllerApp] task::task '004d9403-cc23ce05a090c6c89b4005d8' finished on 12
2018-06-28 14:26:03.279 [IPControllerApp] task::task '8bb2d396-ab06a7ab870416bd14425524' arrived on 10
2018-06-28 14:26:03.281 [IPControllerApp] task::task '3bee9180-24287af242375667c3ec4d4d' finished on 10
2018-06-28 14:26:03.282 [IPControllerApp] task::task 'ee306140-8f2661832a85c68a777cf94a' arrived on 9
2018-06-28 14:26:03.283 [IPControllerApp] task::task 'caf73f48-d3a5acbe9e0e7629f8ff78cc' finished on 9
2018-06-28 14:26:03.285 [IPControllerApp] task::task '5b68203c-127078f1bb30d116297575a7' arrived on 1
2018-06-28 14:26:03.286 [IPControllerApp] task::task '15cbdd8c-a8905fab90fe706aa41cbbab' finished on 1
2018-06-28 14:26:03.287 [IPControllerApp] task::task '7133e764-5c8c5937b2acb59aa586fd85' arrived on 7
2018-06-28 14:26:03.288 [IPControllerApp] task::task '3d7313cc-319f62d3edfd0418df15f7b4' finished on 7
2018-06-28 14:26:03.290 [IPControllerApp] task::task '6c35f4d1-2ac0a185cd3ec2c96282f025' arrived on 6
2018-06-28 14:26:03.291 [IPControllerApp] task::task '80ec3c9a-5067f33901525c8013069113' finished on 6
2018-06-28 14:26:03.292 [IPControllerApp] task::task '615bc425-8d96a950310935363ae2acbf' arrived on 11
2018-06-28 14:26:03.294 [IPControllerApp] task::task 'c0ef864b-d19a855dc3d62884b091fb57' finished on 11
2018-06-28 14:26:03.296 [IPControllerApp] task::task '6b2cfd3c-7fc32a56cd6a3840a0d11c55' arrived on 15
2018-06-28 14:26:03.297 [IPControllerApp] task::task 'b7dd7a7c-9f91b140ca72d1952523f953' finished on 15
2018-06-28 14:26:03.298 [IPControllerApp] task::task '6aa44264-75e0c6adbdd0faed1acf8271' arrived on 13
2018-06-28 14:26:03.300 [IPControllerApp] task::task 'fa3a360e-b8044959a12b9c49b992b078' finished on 13
2018-06-28 14:26:03.301 [IPControllerApp] task::task '6f48f7df-1b5c57dcedf3f534423e388b' arrived on 14
2018-06-28 14:26:03.302 [IPControllerApp] task::task '3441bebd-da29768638dd90b4cff1f503' finished on 14
2018-06-28 14:26:03.303 [IPControllerApp] task::task '0bdf6dba-b80d64b07e3ab081582cfa02' arrived on 3
2018-06-28 14:26:03.305 [IPControllerApp] task::task '85728957-2c1ad91fa1cbd5953dcad8ac' finished on 3
2018-06-28 14:26:03.306 [IPControllerApp] task::task '6679726e-f3bfda18c093bee8778fc6f0' arrived on 18
2018-06-28 14:26:03.307 [IPControllerApp] task::task '15ab9403-62fa28e1a48dba11dfdbc9da' finished on 18
2018-06-28 14:26:03.308 [IPControllerApp] task::task '98ecbbbb-46af301cd14ea0405b1f4723' arrived on 19
2018-06-28 14:26:03.309 [IPControllerApp] task::task '05abe4ef-fb0acae19583943850da1a71' finished on 19
2018-06-28 14:26:03.311 [IPControllerApp] task::task 'cecf5305-0192d9d5fb58117530327eca' arrived on 16
2018-06-28 14:26:03.312 [IPControllerApp] task::task '4784d241-4edc66aa18750f697c627a61' finished on 16
2018-06-28 14:26:03.313 [IPControllerApp] task::task '7e334041-975605d1c2e83881c9064821' arrived on 17
2018-06-28 14:26:03.314 [IPControllerApp] task::task '3ee20a2d-3d247d5ba048b5f2be2df8f2' finished on 17
2018-06-28 14:26:03.316 [IPControllerApp] task::task '1247e3d7-ca9a9c11141350aa2cb3fbcb' arrived on 8
2018-06-28 14:26:03.317 [IPControllerApp] task::task '46c798e6-5f57ce42287bff1ae4b5743a' finished on 8
2018-06-28 14:26:03.318 [IPControllerApp] task::task 'e899e839-672c06cc1ded80bfbd59e046' arrived on 12
2018-06-28 14:26:03.319 [IPControllerApp] task::task '3816eecd-96f387f63b49c261fc5c69c9' finished on 12
2018-06-28 14:26:03.321 [IPControllerApp] task::task '665da603-401dfc83e9303fe94a27a062' arrived on 9
2018-06-28 14:26:03.322 [IPControllerApp] task::task 'ee306140-8f2661832a85c68a777cf94a' finished on 9
2018-06-28 14:26:03.323 [IPControllerApp] task::task '65fe9ed2-7521b6986528c7d61325a3ed' arrived on 1
2018-06-28 14:26:03.325 [IPControllerApp] task::task '5b68203c-127078f1bb30d116297575a7' finished on 1
2018-06-28 14:26:03.326 [IPControllerApp] task::task 'db60243f-660e42a7c495f26ba4ed107f' arrived on 6
2018-06-28 14:26:03.327 [IPControllerApp] task::task '6c35f4d1-2ac0a185cd3ec2c96282f025' finished on 6
2018-06-28 14:26:03.328 [IPControllerApp] task::task '11eea6d3-75f404b61d17ebbbdcd0dab0' arrived on 10
2018-06-28 14:26:03.330 [IPControllerApp] task::task '8bb2d396-ab06a7ab870416bd14425524' finished on 10
2018-06-28 14:26:03.332 [IPControllerApp] task::task '4cd7adf5-1d740bbf3c2f0975cd8a25ae' arrived on 5
2018-06-28 14:26:03.333 [IPControllerApp] task::task '72b2c00f-69e9bd29a3a5829eb5343f39' finished on 5
2018-06-28 14:26:03.334 [IPControllerApp] task::task 'd109d987-bbdb4a1e08be153adebafe2a' arrived on 0
2018-06-28 14:26:03.335 [IPControllerApp] task::task '2c37c0e1-8f67b61b14bd081a0d7e81d9' finished on 0
2018-06-28 14:26:03.337 [IPControllerApp] task::task '85c4a45a-f9055c8da1b204a0e25b31b8' arrived on 4
2018-06-28 14:26:03.338 [IPControllerApp] task::task 'a9188e0a-eead7720b139d3626d82522a' finished on 4
2018-06-28 14:26:03.339 [IPControllerApp] task::task 'c76f6c37-9d74066bac8f6e9f8d7502ed' arrived on 15
2018-06-28 14:26:03.340 [IPControllerApp] task::task '6b2cfd3c-7fc32a56cd6a3840a0d11c55' finished on 15
2018-06-28 14:26:03.342 [IPControllerApp] task::task '304fa371-6da3465a1edfbbb0e2ce65bf' arrived on 2
2018-06-28 14:26:03.343 [IPControllerApp] task::task '8a330fe6-ab366bd1ae35454458b6eb6f' finished on 2
2018-06-28 14:26:03.344 [IPControllerApp] task::task '29cb1942-0ccc66090cbb4a4b47544371' arrived on 11
2018-06-28 14:26:03.345 [IPControllerApp] task::task '615bc425-8d96a950310935363ae2acbf' finished on 11
2018-06-28 14:26:03.347 [IPControllerApp] task::task 'e018bc64-1c58aea1e4e7c51aaed1a93f' arrived on 13
2018-06-28 14:26:03.348 [IPControllerApp] task::task '6aa44264-75e0c6adbdd0faed1acf8271' finished on 13
2018-06-28 14:26:03.349 [IPControllerApp] task::task 'f8d7c450-e4653bed3a7258d6fd531231' arrived on 3
2018-06-28 14:26:03.350 [IPControllerApp] task::task '0bdf6dba-b80d64b07e3ab081582cfa02' finished on 3
2018-06-28 14:26:03.352 [IPControllerApp] task::task 'd8f926b8-356e1f9c8a3831c3be7d1733' arrived on 7
2018-06-28 14:26:03.353 [IPControllerApp] task::task '7133e764-5c8c5937b2acb59aa586fd85' finished on 7
2018-06-28 14:26:03.354 [IPControllerApp] task::task '59b75942-18724351c9ccc5e816c14fb3' arrived on 14
2018-06-28 14:26:03.355 [IPControllerApp] task::task '6f48f7df-1b5c57dcedf3f534423e388b' finished on 14
2018-06-28 14:26:03.357 [IPControllerApp] task::task '1af28c56-31420a8fbc6d525ea6ebb11b' arrived on 18
2018-06-28 14:26:03.358 [IPControllerApp] task::task '6679726e-f3bfda18c093bee8778fc6f0' finished on 18
2018-06-28 14:26:03.360 [IPControllerApp] task::task '621c0a05-aff474814feb71c7f031f82a' arrived on 19
2018-06-28 14:26:03.361 [IPControllerApp] task::task '98ecbbbb-46af301cd14ea0405b1f4723' finished on 19
2018-06-28 14:26:03.362 [IPControllerApp] task::task '1e38467b-7fbf10c9c1ba2c3f409b1dc8' arrived on 16
2018-06-28 14:26:03.364 [IPControllerApp] task::task 'cecf5305-0192d9d5fb58117530327eca' finished on 16
2018-06-28 14:26:03.365 [IPControllerApp] task::task 'f4364feb-4c6050253db9c4170a6ce184' arrived on 17
2018-06-28 14:26:03.366 [IPControllerApp] task::task '7e334041-975605d1c2e83881c9064821' finished on 17
2018-06-28 14:26:03.367 [IPControllerApp] task::task '99814848-112f4c328daa383f781bae5b' arrived on 8
2018-06-28 14:26:03.368 [IPControllerApp] task::task '1247e3d7-ca9a9c11141350aa2cb3fbcb' finished on 8
2018-06-28 14:26:03.370 [IPControllerApp] task::task 'e6f9bf40-7ae11bcf5df98a9044412ef4' arrived on 12
2018-06-28 14:26:03.371 [IPControllerApp] task::task 'e899e839-672c06cc1ded80bfbd59e046' finished on 12
2018-06-28 14:26:03.372 [IPControllerApp] task::task '4439511c-1b65f44387ff1b89417310e2' arrived on 9
2018-06-28 14:26:03.373 [IPControllerApp] task::task '665da603-401dfc83e9303fe94a27a062' finished on 9
2018-06-28 14:26:03.375 [IPControllerApp] task::task '995daa8e-43d2f8f7095aa9548e7aca3d' arrived on 1
2018-06-28 14:26:03.376 [IPControllerApp] task::task '65fe9ed2-7521b6986528c7d61325a3ed' finished on 1
2018-06-28 14:26:03.377 [IPControllerApp] task::task '6b6748f6-f316b79d5c165876e6156bab' arrived on 6
2018-06-28 14:26:03.378 [IPControllerApp] task::task 'db60243f-660e42a7c495f26ba4ed107f' finished on 6
2018-06-28 14:26:03.380 [IPControllerApp] task::task '424c4245-200c1328af8780e5690b1293' arrived on 10
2018-06-28 14:26:03.381 [IPControllerApp] task::task '11eea6d3-75f404b61d17ebbbdcd0dab0' finished on 10
2018-06-28 14:26:03.382 [IPControllerApp] task::task '4ae90f3f-4596b37efdb9ca27fb16cc34' arrived on 0
2018-06-28 14:26:03.383 [IPControllerApp] task::task 'd109d987-bbdb4a1e08be153adebafe2a' finished on 0
2018-06-28 14:26:03.385 [IPControllerApp] task::task '10197143-eee2f285c7bb91f0c6b0daaf' arrived on 11
2018-06-28 14:26:03.386 [IPControllerApp] task::task '29cb1942-0ccc66090cbb4a4b47544371' finished on 11
2018-06-28 14:26:03.387 [IPControllerApp] task::task 'ca9898d8-63216eebe3a14a7c1793722d' arrived on 15
2018-06-28 14:26:03.388 [IPControllerApp] task::task 'c76f6c37-9d74066bac8f6e9f8d7502ed' finished on 15
2018-06-28 14:26:03.389 [IPControllerApp] task::task 'a4cf2938-bac56b8d9176f4fd6c0fc747' arrived on 2
2018-06-28 14:26:03.391 [IPControllerApp] task::task '304fa371-6da3465a1edfbbb0e2ce65bf' finished on 2
2018-06-28 14:26:03.392 [IPControllerApp] task::task '279cd516-8b79c2cccfc2d62e44d5d605' arrived on 3
2018-06-28 14:26:03.393 [IPControllerApp] task::task 'f8d7c450-e4653bed3a7258d6fd531231' finished on 3
2018-06-28 14:26:03.394 [IPControllerApp] task::task '5b088dd2-c6f44bf0c2ae0b18a1041777' arrived on 4
2018-06-28 14:26:03.396 [IPControllerApp] task::task '85c4a45a-f9055c8da1b204a0e25b31b8' finished on 4
2018-06-28 14:26:03.397 [IPControllerApp] task::task '4f66010a-43c9b166d01904cfb46d6daa' arrived on 5
2018-06-28 14:26:03.398 [IPControllerApp] task::task '4cd7adf5-1d740bbf3c2f0975cd8a25ae' finished on 5
2018-06-28 14:26:03.400 [IPControllerApp] task::task 'acd6b045-864493bcec6556a01ef95d73' arrived on 7
2018-06-28 14:26:03.401 [IPControllerApp] task::task 'd8f926b8-356e1f9c8a3831c3be7d1733' finished on 7
2018-06-28 14:26:03.402 [IPControllerApp] task::task '575ea6fc-9ea72bb56eb433bf9682f17d' arrived on 13
2018-06-28 14:26:03.403 [IPControllerApp] task::task 'e018bc64-1c58aea1e4e7c51aaed1a93f' finished on 13
2018-06-28 14:26:03.405 [IPControllerApp] task::task '7b6cdaba-6d40671b2b29b7088369a7ee' arrived on 14
2018-06-28 14:26:03.406 [IPControllerApp] task::task '59b75942-18724351c9ccc5e816c14fb3' finished on 14
2018-06-28 14:26:03.407 [IPControllerApp] task::task 'e9cbfe4b-42501f62f12152ef26e371d8' arrived on 18
2018-06-28 14:26:03.409 [IPControllerApp] task::task '1af28c56-31420a8fbc6d525ea6ebb11b' finished on 18
2018-06-28 14:26:03.410 [IPControllerApp] task::task 'b4ca254f-85390e5616d6a59ea57344ef' arrived on 19
2018-06-28 14:26:03.412 [IPControllerApp] task::task '621c0a05-aff474814feb71c7f031f82a' finished on 19
2018-06-28 14:26:03.413 [IPControllerApp] task::task '03f66432-52a807da5a86aafaff12e97b' arrived on 16
2018-06-28 14:26:03.414 [IPControllerApp] task::task '1e38467b-7fbf10c9c1ba2c3f409b1dc8' finished on 16
2018-06-28 14:26:03.416 [IPControllerApp] task::task 'e598a2b0-f5c8a63ae87b49e0561a2bcd' arrived on 17
2018-06-28 14:26:03.417 [IPControllerApp] task::task 'f4364feb-4c6050253db9c4170a6ce184' finished on 17
2018-06-28 14:26:03.418 [IPControllerApp] task::task '79e395f4-5ef5220ef3d40ce7f4c0557b' arrived on 8
2018-06-28 14:26:03.419 [IPControllerApp] task::task '99814848-112f4c328daa383f781bae5b' finished on 8
2018-06-28 14:26:03.421 [IPControllerApp] task::task '1eb3bc19-dc4219eb5c3592d96a08d628' arrived on 12
2018-06-28 14:26:03.422 [IPControllerApp] task::task 'e6f9bf40-7ae11bcf5df98a9044412ef4' finished on 12
2018-06-28 14:26:03.423 [IPControllerApp] task::task 'f01c4562-50085449cde7b4b2f471dddd' arrived on 9
2018-06-28 14:26:03.425 [IPControllerApp] task::task '4439511c-1b65f44387ff1b89417310e2' finished on 9
2018-06-28 14:26:03.426 [IPControllerApp] task::task '285e6fb7-1e647195eb47ca54334638df' arrived on 1
2018-06-28 14:26:03.427 [IPControllerApp] task::task '995daa8e-43d2f8f7095aa9548e7aca3d' finished on 1
2018-06-28 14:26:03.429 [IPControllerApp] task::task '65ece9f0-20456d0884ebf8ae619e3dd2' arrived on 6
2018-06-28 14:26:03.430 [IPControllerApp] task::task '6b6748f6-f316b79d5c165876e6156bab' finished on 6
2018-06-28 14:26:03.431 [IPControllerApp] task::task 'fbf41dcd-935ba8b3f1817d5b77634e2a' arrived on 10
2018-06-28 14:26:03.433 [IPControllerApp] task::task '424c4245-200c1328af8780e5690b1293' finished on 10
2018-06-28 14:26:03.434 [IPControllerApp] task::task 'bbc390bc-b0812b9e27c813b2e5217dfd' arrived on 0
2018-06-28 14:26:03.435 [IPControllerApp] task::task '4ae90f3f-4596b37efdb9ca27fb16cc34' finished on 0
2018-06-28 14:26:03.436 [IPControllerApp] task::task 'f5d28fcb-2b9ee4b281f35ff6799f7095' arrived on 15
2018-06-28 14:26:03.438 [IPControllerApp] task::task 'ca9898d8-63216eebe3a14a7c1793722d' finished on 15
2018-06-28 14:26:03.439 [IPControllerApp] task::task '6c29914a-413f136800b2646fe591948d' arrived on 11
2018-06-28 14:26:03.441 [IPControllerApp] task::task '10197143-eee2f285c7bb91f0c6b0daaf' finished on 11
2018-06-28 14:26:03.443 [IPControllerApp] task::task '1c7cd0bb-b70891f74ee1e4f9eaf37fc0' arrived on 2
2018-06-28 14:26:03.444 [IPControllerApp] task::task 'a4cf2938-bac56b8d9176f4fd6c0fc747' finished on 2
2018-06-28 14:26:03.446 [IPControllerApp] task::task '1707e8c4-25bf5a8767553bef339dd01c' arrived on 3
2018-06-28 14:26:03.448 [IPControllerApp] task::task '279cd516-8b79c2cccfc2d62e44d5d605' finished on 3
2018-06-28 14:26:03.449 [IPControllerApp] task::task '3624b61a-b6cd1a1ce4173825e87d0a80' arrived on 4
2018-06-28 14:26:03.451 [IPControllerApp] task::task '5b088dd2-c6f44bf0c2ae0b18a1041777' finished on 4
2018-06-28 14:26:03.453 [IPControllerApp] task::task '83a71462-41274db1ef92402c51c56a11' arrived on 7
2018-06-28 14:26:03.454 [IPControllerApp] task::task 'acd6b045-864493bcec6556a01ef95d73' finished on 7
2018-06-28 14:26:03.456 [IPControllerApp] task::task '35247ba2-17fe94a87803a9e878ddcb3f' arrived on 5
2018-06-28 14:26:03.458 [IPControllerApp] task::task '4f66010a-43c9b166d01904cfb46d6daa' finished on 5
2018-06-28 14:26:03.459 [IPControllerApp] task::task '9947227f-f0c3c8c5eac6924bfc7be824' arrived on 19
2018-06-28 14:26:03.460 [IPControllerApp] task::task 'b4ca254f-85390e5616d6a59ea57344ef' finished on 19
2018-06-28 14:26:03.462 [IPControllerApp] task::task 'd43fcc11-018b5520d2a70f8b6d3cb669' arrived on 16
2018-06-28 14:26:03.462 [IPControllerApp] CRITICAL | Received signal 15, shutting down
2018-06-28 14:26:03.462 [IPControllerApp] CRITICAL | terminating children...
