2018-07-11 12:37:24.173 [IPControllerApp] Created profile dir: '/scratch/midway2/madduru/parsl/parsl/tests/integration/test_stress/runinfo/939/profile_midway_ipp'
2018-07-11 12:37:24.190 [IPControllerApp] Hub listening on tcp://*:56324 for registration.
2018-07-11 12:37:24.191 [IPControllerApp] Hub using DB backend: 'DictDB'
2018-07-11 12:37:24.455 [IPControllerApp] hub::created hub
2018-07-11 12:37:24.455 [IPControllerApp] writing connection info to /scratch/midway2/madduru/parsl/parsl/tests/integration/test_stress/runinfo/939/profile_midway_ipp/security/ipcontroller-client.json
2018-07-11 12:37:24.457 [IPControllerApp] writing connection info to /scratch/midway2/madduru/parsl/parsl/tests/integration/test_stress/runinfo/939/profile_midway_ipp/security/ipcontroller-engine.json
2018-07-11 12:37:24.458 [IPControllerApp] task::using Python leastload Task scheduler
2018-07-11 12:37:24.458 [IPControllerApp] Heartmonitor started
2018-07-11 12:37:24.467 [IPControllerApp] Creating pid file: /scratch/midway2/madduru/parsl/parsl/tests/integration/test_stress/runinfo/939/profile_midway_ipp/pid/ipcontroller.pid
2018-07-11 12:37:24.477 [scheduler] Scheduler started [leastload]
2018-07-11 12:37:24.480 [IPControllerApp] client::client b'\x00k\x8bEg' requested 'connection_request'
2018-07-11 12:37:24.480 [IPControllerApp] client::client [b'\x00k\x8bEg'] connected
2018-07-11 12:37:25.427 [IPControllerApp] client::client b'\x00k\x8bEh' requested 'connection_request'
2018-07-11 12:37:25.427 [IPControllerApp] client::client [b'\x00k\x8bEh'] connected
2018-07-11 12:37:39.077 [IPControllerApp] client::client b'922b66fd-54b206dd150c8a1b6c917265' requested 'registration_request'
2018-07-11 12:37:39.079 [IPControllerApp] client::client b'a37dd9d2-79de3dc67f1512e564247722' requested 'registration_request'
2018-07-11 12:37:42.459 [IPControllerApp] registration::finished registering engine 0:922b66fd-54b206dd150c8a1b6c917265
2018-07-11 12:37:42.460 [IPControllerApp] engine::Engine Connected: 0
2018-07-11 12:37:42.461 [IPControllerApp] registration::finished registering engine 1:a37dd9d2-79de3dc67f1512e564247722
2018-07-11 12:37:42.462 [IPControllerApp] engine::Engine Connected: 1
2018-07-11 12:37:42.465 [IPControllerApp] task::task '518e08e8-922541a8082d04728528fe9b' arrived on 0
2018-07-11 12:37:42.466 [IPControllerApp] task::task 'e151b4f5-185edae0f506ac20259ae59f' arrived on 1
2018-07-11 12:37:45.080 [IPControllerApp] task::task '148ad456-562a157c87304d96e20553f5' arrived on 0
2018-07-11 12:37:45.081 [IPControllerApp] task::task '518e08e8-922541a8082d04728528fe9b' finished on 0
2018-07-11 12:37:45.082 [IPControllerApp] task::task 'c1b9d978-880c48fb04cb7b2292bb8a33' arrived on 1
2018-07-11 12:37:45.083 [IPControllerApp] task::task 'e151b4f5-185edae0f506ac20259ae59f' finished on 1
2018-07-11 12:37:46.090 [IPControllerApp] task::task 'c5e72abb-5cedceb2129f9632345bb20e' arrived on 1
2018-07-11 12:37:46.091 [IPControllerApp] task::task 'c1b9d978-880c48fb04cb7b2292bb8a33' finished on 1
2018-07-11 12:37:46.092 [IPControllerApp] task::task '8fa8c099-224283be334162e3a8406efb' arrived on 0
2018-07-11 12:37:46.093 [IPControllerApp] task::task '148ad456-562a157c87304d96e20553f5' finished on 0
2018-07-11 12:37:47.100 [IPControllerApp] task::task '7eb254bb-b81e2c25c43f65df855cf1d2' arrived on 1
2018-07-11 12:37:47.101 [IPControllerApp] task::task 'c5e72abb-5cedceb2129f9632345bb20e' finished on 1
2018-07-11 12:37:47.101 [IPControllerApp] task::task '636ef4d6-5286aee8a44b248a7431a344' arrived on 0
2018-07-11 12:37:47.103 [IPControllerApp] task::task '8fa8c099-224283be334162e3a8406efb' finished on 0
2018-07-11 12:37:48.109 [IPControllerApp] task::task '91e9d94f-f73a6d47632c8fa267ce2c44' arrived on 1
2018-07-11 12:37:48.110 [IPControllerApp] task::task '7eb254bb-b81e2c25c43f65df855cf1d2' finished on 1
2018-07-11 12:37:48.110 [IPControllerApp] task::task '628b12d1-90a7a4720fa816793d546a86' arrived on 0
2018-07-11 12:37:48.112 [IPControllerApp] task::task '636ef4d6-5286aee8a44b248a7431a344' finished on 0
2018-07-11 12:37:49.119 [IPControllerApp] task::task '426c533c-865024e0bc7e3ae8ecc1df84' arrived on 1
2018-07-11 12:37:49.119 [IPControllerApp] task::task '91e9d94f-f73a6d47632c8fa267ce2c44' finished on 1
2018-07-11 12:37:49.120 [IPControllerApp] task::task '6ad46829-95140269ddfea2d2246c5280' arrived on 0
2018-07-11 12:37:49.121 [IPControllerApp] task::task '628b12d1-90a7a4720fa816793d546a86' finished on 0
2018-07-11 12:37:50.128 [IPControllerApp] task::task '6b9df856-51b8d74a419fc805530bfcba' arrived on 1
2018-07-11 12:37:50.129 [IPControllerApp] task::task '426c533c-865024e0bc7e3ae8ecc1df84' finished on 1
2018-07-11 12:37:50.129 [IPControllerApp] task::task '563cb187-f0b7f65c80020f491ef02699' arrived on 0
2018-07-11 12:37:50.131 [IPControllerApp] task::task '6ad46829-95140269ddfea2d2246c5280' finished on 0
2018-07-11 12:37:51.137 [IPControllerApp] task::task '6ff1d3f9-159497c907be98da00a2b561' arrived on 0
2018-07-11 12:37:51.138 [IPControllerApp] task::task '563cb187-f0b7f65c80020f491ef02699' finished on 0
2018-07-11 12:37:51.139 [IPControllerApp] task::task 'd38f277c-233fb9888884dd84d8952552' arrived on 1
2018-07-11 12:37:51.140 [IPControllerApp] task::task '6b9df856-51b8d74a419fc805530bfcba' finished on 1
2018-07-11 12:37:52.147 [IPControllerApp] task::task '0b32b095-91efff4108ff619b389e6fd4' arrived on 0
2018-07-11 12:37:52.148 [IPControllerApp] task::task '6ff1d3f9-159497c907be98da00a2b561' finished on 0
2018-07-11 12:37:52.149 [IPControllerApp] task::task '81374ff6-5b0987df26dae82dabd5e5b7' arrived on 1
2018-07-11 12:37:52.150 [IPControllerApp] task::task 'd38f277c-233fb9888884dd84d8952552' finished on 1
2018-07-11 12:37:53.156 [IPControllerApp] task::task 'b6c233ce-ee822765d4dfffe3a60608ad' arrived on 1
2018-07-11 12:37:53.157 [IPControllerApp] task::task '81374ff6-5b0987df26dae82dabd5e5b7' finished on 1
2018-07-11 12:37:53.158 [IPControllerApp] task::task '5fd82bd6-9fe66b5545ec852dca6b0139' arrived on 0
2018-07-11 12:37:53.159 [IPControllerApp] task::task '0b32b095-91efff4108ff619b389e6fd4' finished on 0
2018-07-11 12:37:54.166 [IPControllerApp] task::task '8cfad97e-cdfb09f2c575b05abf1855ed' arrived on 0
2018-07-11 12:37:54.167 [IPControllerApp] task::task '5fd82bd6-9fe66b5545ec852dca6b0139' finished on 0
2018-07-11 12:37:54.168 [IPControllerApp] task::task '724c794d-7fff62aa84f67a0c988bbadf' arrived on 1
2018-07-11 12:37:54.169 [IPControllerApp] task::task 'b6c233ce-ee822765d4dfffe3a60608ad' finished on 1
2018-07-11 12:37:55.176 [IPControllerApp] task::task 'b79c0a30-460bf5793e2039b3af9fb8c8' arrived on 0
2018-07-11 12:37:55.177 [IPControllerApp] task::task '8cfad97e-cdfb09f2c575b05abf1855ed' finished on 0
2018-07-11 12:37:55.177 [IPControllerApp] task::task '65af7e14-d411b4787ee450e1fcd93849' arrived on 1
2018-07-11 12:37:55.179 [IPControllerApp] task::task '724c794d-7fff62aa84f67a0c988bbadf' finished on 1
2018-07-11 12:37:56.185 [IPControllerApp] task::task '3acc8db9-61c46d477f43881b0e9959f7' arrived on 1
2018-07-11 12:37:56.186 [IPControllerApp] task::task '65af7e14-d411b4787ee450e1fcd93849' finished on 1
2018-07-11 12:37:56.187 [IPControllerApp] task::task 'b79c0a30-460bf5793e2039b3af9fb8c8' finished on 0
2018-07-11 12:37:57.191 [IPControllerApp] task::task '3acc8db9-61c46d477f43881b0e9959f7' finished on 1
2018-07-11 12:37:57.315 [IPControllerApp] CRITICAL | Received signal 15, shutting down
2018-07-11 12:37:57.315 [IPControllerApp] CRITICAL | terminating children...
