2018-07-13 14:58:32.523 [IPControllerApp] Created profile dir: '/scratch/midway2/madduru/parsl/parsl/tests/integration/test_stress/runinfo/1073/profile_midway_ipp'
2018-07-13 14:58:32.541 [IPControllerApp] Hub listening on tcp://*:59991 for registration.
2018-07-13 14:58:32.542 [IPControllerApp] Hub using DB backend: 'DictDB'
2018-07-13 14:58:32.805 [IPControllerApp] hub::created hub
2018-07-13 14:58:32.805 [IPControllerApp] writing connection info to /scratch/midway2/madduru/parsl/parsl/tests/integration/test_stress/runinfo/1073/profile_midway_ipp/security/ipcontroller-client.json
2018-07-13 14:58:32.806 [IPControllerApp] writing connection info to /scratch/midway2/madduru/parsl/parsl/tests/integration/test_stress/runinfo/1073/profile_midway_ipp/security/ipcontroller-engine.json
2018-07-13 14:58:32.807 [IPControllerApp] task::using Python leastload Task scheduler
2018-07-13 14:58:32.807 [IPControllerApp] Heartmonitor started
2018-07-13 14:58:32.816 [IPControllerApp] Creating pid file: /scratch/midway2/madduru/parsl/parsl/tests/integration/test_stress/runinfo/1073/profile_midway_ipp/pid/ipcontroller.pid
2018-07-13 14:58:32.825 [scheduler] Scheduler started [leastload]
2018-07-13 14:58:32.827 [IPControllerApp] client::client b'\x00k\x8bEg' requested 'connection_request'
2018-07-13 14:58:32.827 [IPControllerApp] client::client [b'\x00k\x8bEg'] connected
2018-07-13 14:58:33.969 [IPControllerApp] client::client b'\x00k\x8bEh' requested 'connection_request'
2018-07-13 14:58:33.969 [IPControllerApp] client::client [b'\x00k\x8bEh'] connected
2018-07-13 14:58:39.271 [IPControllerApp] client::client b'150fe7cf-e44552eddd1f2c6d0352fcc0' requested 'registration_request'
2018-07-13 14:58:44.811 [IPControllerApp] registration::finished registering engine 0:150fe7cf-e44552eddd1f2c6d0352fcc0
2018-07-13 14:58:44.812 [IPControllerApp] engine::Engine Connected: 0
2018-07-13 14:58:44.816 [IPControllerApp] task::task '5d90d0a3-6758c839e7eb446d70a710ac' arrived on 0
2018-07-13 14:58:56.261 [IPControllerApp] task::task '381b8470-859ce95174393d98ae0e8653' arrived on 0
2018-07-13 14:58:56.262 [IPControllerApp] task::task '5d90d0a3-6758c839e7eb446d70a710ac' finished on 0
2018-07-13 14:59:06.277 [IPControllerApp] task::task '9cec5cab-c5fa482c1ecbd76d3fbedc73' arrived on 0
2018-07-13 14:59:06.278 [IPControllerApp] task::task '381b8470-859ce95174393d98ae0e8653' finished on 0
2018-07-13 14:59:16.292 [IPControllerApp] task::task 'bfce3d7a-0d5fcdfae8a988122376a3af' arrived on 0
2018-07-13 14:59:16.293 [IPControllerApp] task::task '9cec5cab-c5fa482c1ecbd76d3fbedc73' finished on 0
2018-07-13 14:59:26.307 [IPControllerApp] task::task '38f3d194-e7232c784703467a882d1fbc' arrived on 0
2018-07-13 14:59:26.308 [IPControllerApp] task::task 'bfce3d7a-0d5fcdfae8a988122376a3af' finished on 0
2018-07-13 14:59:36.322 [IPControllerApp] task::task '872f985e-cf7f2436fecb742bf7affc67' arrived on 0
2018-07-13 14:59:36.323 [IPControllerApp] task::task '38f3d194-e7232c784703467a882d1fbc' finished on 0
2018-07-13 14:59:46.337 [IPControllerApp] task::task 'a6ea7e1e-531929e728909569c31ec0d9' arrived on 0
2018-07-13 14:59:46.338 [IPControllerApp] task::task '872f985e-cf7f2436fecb742bf7affc67' finished on 0
2018-07-13 14:59:56.354 [IPControllerApp] task::task '537ab6de-516de788f6efae03f4ad2485' arrived on 0
2018-07-13 14:59:56.355 [IPControllerApp] task::task 'a6ea7e1e-531929e728909569c31ec0d9' finished on 0
2018-07-13 15:00:06.369 [IPControllerApp] task::task '8114a725-a506660004efe7ac8e5d40ac' arrived on 0
2018-07-13 15:00:06.370 [IPControllerApp] task::task '537ab6de-516de788f6efae03f4ad2485' finished on 0
2018-07-13 15:00:16.384 [IPControllerApp] task::task '14225eb9-0544960fbd8277c94774f456' arrived on 0
2018-07-13 15:00:16.385 [IPControllerApp] task::task '8114a725-a506660004efe7ac8e5d40ac' finished on 0
2018-07-13 15:00:26.399 [IPControllerApp] task::task '3d73f801-0ef0396ed4ce9c1fb8714458' arrived on 0
2018-07-13 15:00:26.400 [IPControllerApp] task::task '14225eb9-0544960fbd8277c94774f456' finished on 0
2018-07-13 15:00:36.414 [IPControllerApp] task::task '32a34fa2-084cae9e9a99d7ec70e8e489' arrived on 0
2018-07-13 15:00:36.415 [IPControllerApp] task::task '3d73f801-0ef0396ed4ce9c1fb8714458' finished on 0
2018-07-13 15:00:46.430 [IPControllerApp] task::task '93571369-f71d52ea1c558338a683c7f5' arrived on 0
2018-07-13 15:00:46.430 [IPControllerApp] task::task '32a34fa2-084cae9e9a99d7ec70e8e489' finished on 0
2018-07-13 15:00:56.445 [IPControllerApp] task::task '7fd4fab3-54f3f7a807821f35d9627ab8' arrived on 0
2018-07-13 15:00:56.446 [IPControllerApp] task::task '93571369-f71d52ea1c558338a683c7f5' finished on 0
2018-07-13 15:01:06.460 [IPControllerApp] task::task 'badf2d00-a2c34d6d2cc5a4f66296369b' arrived on 0
2018-07-13 15:01:06.461 [IPControllerApp] task::task '7fd4fab3-54f3f7a807821f35d9627ab8' finished on 0
2018-07-13 15:01:16.477 [IPControllerApp] task::task 'bebf5f97-6ddca1f61957188a65f7069c' arrived on 0
2018-07-13 15:01:16.478 [IPControllerApp] task::task 'badf2d00-a2c34d6d2cc5a4f66296369b' finished on 0
2018-07-13 15:01:26.492 [IPControllerApp] task::task 'e3f49492-12e7136e193133984b67a70f' arrived on 0
2018-07-13 15:01:26.493 [IPControllerApp] task::task 'bebf5f97-6ddca1f61957188a65f7069c' finished on 0
2018-07-13 15:01:36.508 [IPControllerApp] task::task '7cb7fb1a-cabcadb054d459412e6229e7' arrived on 0
2018-07-13 15:01:36.509 [IPControllerApp] task::task 'e3f49492-12e7136e193133984b67a70f' finished on 0
2018-07-13 15:01:46.523 [IPControllerApp] task::task 'd95a981b-02cc74d3cb548a07f76f4ac1' arrived on 0
2018-07-13 15:01:46.524 [IPControllerApp] task::task '7cb7fb1a-cabcadb054d459412e6229e7' finished on 0
2018-07-13 15:01:56.538 [IPControllerApp] task::task '396fbbba-a0b19e1c37026bff85c065c7' arrived on 0
2018-07-13 15:01:56.539 [IPControllerApp] task::task 'd95a981b-02cc74d3cb548a07f76f4ac1' finished on 0
2018-07-13 15:02:06.554 [IPControllerApp] task::task '6578ed66-7771dcfd3ac8ff96e8de3a42' arrived on 0
2018-07-13 15:02:06.554 [IPControllerApp] task::task '396fbbba-a0b19e1c37026bff85c065c7' finished on 0
2018-07-13 15:02:16.570 [IPControllerApp] task::task 'd15f8e83-901b08bbec8578f2164e0b0a' arrived on 0
2018-07-13 15:02:16.570 [IPControllerApp] task::task '6578ed66-7771dcfd3ac8ff96e8de3a42' finished on 0
2018-07-13 15:02:26.586 [IPControllerApp] task::task '7a7f1daa-51ca5b0f53da2fb41edad18f' arrived on 0
2018-07-13 15:02:26.586 [IPControllerApp] task::task 'd15f8e83-901b08bbec8578f2164e0b0a' finished on 0
2018-07-13 15:02:36.601 [IPControllerApp] task::task '0696af25-d23e300b14695e8115019b43' arrived on 0
2018-07-13 15:02:36.601 [IPControllerApp] task::task '7a7f1daa-51ca5b0f53da2fb41edad18f' finished on 0
2018-07-13 15:02:46.616 [IPControllerApp] task::task '07978f66-cbfc11026ca69b162c8e03f7' arrived on 0
2018-07-13 15:02:46.616 [IPControllerApp] task::task '0696af25-d23e300b14695e8115019b43' finished on 0
2018-07-13 15:02:56.631 [IPControllerApp] task::task 'e4ae5f5e-00f562e91232fa9c4f7a62fe' arrived on 0
2018-07-13 15:02:56.632 [IPControllerApp] task::task '07978f66-cbfc11026ca69b162c8e03f7' finished on 0
2018-07-13 15:03:06.646 [IPControllerApp] task::task '751cd977-d4bfde62165216307e621cea' arrived on 0
2018-07-13 15:03:06.647 [IPControllerApp] task::task 'e4ae5f5e-00f562e91232fa9c4f7a62fe' finished on 0
2018-07-13 15:03:16.661 [IPControllerApp] task::task '10dc1e9c-f93eb0018ef27779479ef3b2' arrived on 0
2018-07-13 15:03:16.662 [IPControllerApp] task::task '751cd977-d4bfde62165216307e621cea' finished on 0
2018-07-13 15:03:26.676 [IPControllerApp] task::task 'a8f5a169-c92d16c3beeb1b107e1db817' arrived on 0
2018-07-13 15:03:26.677 [IPControllerApp] task::task '10dc1e9c-f93eb0018ef27779479ef3b2' finished on 0
2018-07-13 15:03:36.691 [IPControllerApp] task::task '4346c5db-b4550b7dd2426e01930cdf6d' arrived on 0
2018-07-13 15:03:36.692 [IPControllerApp] task::task 'a8f5a169-c92d16c3beeb1b107e1db817' finished on 0
2018-07-13 15:03:46.705 [IPControllerApp] task::task '312eb044-2874e26731011a00ca14cd9f' arrived on 0
2018-07-13 15:03:46.706 [IPControllerApp] task::task '4346c5db-b4550b7dd2426e01930cdf6d' finished on 0
2018-07-13 15:03:56.722 [IPControllerApp] task::task 'fe69342f-f310633b70fd2c1a6694dea4' arrived on 0
2018-07-13 15:03:56.723 [IPControllerApp] task::task '312eb044-2874e26731011a00ca14cd9f' finished on 0
2018-07-13 15:04:06.738 [IPControllerApp] task::task '9056e32b-0cd7013103b4e940280cf535' arrived on 0
2018-07-13 15:04:06.739 [IPControllerApp] task::task 'fe69342f-f310633b70fd2c1a6694dea4' finished on 0
2018-07-13 15:04:16.754 [IPControllerApp] task::task '2ff06760-1b37fe3fd0b8822cbceae40f' arrived on 0
2018-07-13 15:04:16.755 [IPControllerApp] task::task '9056e32b-0cd7013103b4e940280cf535' finished on 0
2018-07-13 15:04:26.763 [IPControllerApp] task::task '1b16e7e0-58548a470ad2bdcfb67f3480' arrived on 0
2018-07-13 15:04:26.763 [IPControllerApp] task::task '2ff06760-1b37fe3fd0b8822cbceae40f' finished on 0
2018-07-13 15:04:36.778 [IPControllerApp] task::task '397fe5ae-26190d77d397ff235cd1e242' arrived on 0
2018-07-13 15:04:36.779 [IPControllerApp] task::task '1b16e7e0-58548a470ad2bdcfb67f3480' finished on 0
2018-07-13 15:04:46.792 [IPControllerApp] task::task '96515353-f5cefe5d54c2c5d8632d4e9c' arrived on 0
2018-07-13 15:04:46.793 [IPControllerApp] task::task '397fe5ae-26190d77d397ff235cd1e242' finished on 0
2018-07-13 15:04:56.807 [IPControllerApp] task::task 'da541481-a3b19cfe869949743625b624' arrived on 0
2018-07-13 15:04:56.808 [IPControllerApp] task::task '96515353-f5cefe5d54c2c5d8632d4e9c' finished on 0
2018-07-13 15:05:06.824 [IPControllerApp] task::task '91961445-e4ce899eea11a47c296a02b9' arrived on 0
2018-07-13 15:05:06.825 [IPControllerApp] task::task 'da541481-a3b19cfe869949743625b624' finished on 0
2018-07-13 15:05:16.839 [IPControllerApp] task::task '8bab3ea1-d883859906bbb3b06c8d1a4a' arrived on 0
2018-07-13 15:05:16.840 [IPControllerApp] task::task '91961445-e4ce899eea11a47c296a02b9' finished on 0
2018-07-13 15:05:26.856 [IPControllerApp] task::task 'e1ca2e70-8a4caa877053b455bb89b59d' arrived on 0
2018-07-13 15:05:26.857 [IPControllerApp] task::task '8bab3ea1-d883859906bbb3b06c8d1a4a' finished on 0
2018-07-13 15:05:36.872 [IPControllerApp] task::task '62261cc7-1af33a563242c83d122ff3cd' arrived on 0
2018-07-13 15:05:36.873 [IPControllerApp] task::task 'e1ca2e70-8a4caa877053b455bb89b59d' finished on 0
2018-07-13 15:05:46.889 [IPControllerApp] task::task '25639098-90afdb6398c1fab5e12aecf8' arrived on 0
2018-07-13 15:05:46.891 [IPControllerApp] task::task '62261cc7-1af33a563242c83d122ff3cd' finished on 0
2018-07-13 15:05:56.904 [IPControllerApp] task::task '6fc17e8b-df2cd6e7e9fc1e166ba9452c' arrived on 0
2018-07-13 15:05:56.906 [IPControllerApp] task::task '25639098-90afdb6398c1fab5e12aecf8' finished on 0
2018-07-13 15:06:06.921 [IPControllerApp] task::task '12aeb106-1dc595ac6c84c307e1c8f1d7' arrived on 0
2018-07-13 15:06:06.922 [IPControllerApp] task::task '6fc17e8b-df2cd6e7e9fc1e166ba9452c' finished on 0
2018-07-13 15:06:16.938 [IPControllerApp] task::task '3d04ff15-e937b81edc7c5f6ce61646d5' arrived on 0
2018-07-13 15:06:16.939 [IPControllerApp] task::task '12aeb106-1dc595ac6c84c307e1c8f1d7' finished on 0
2018-07-13 15:06:26.954 [IPControllerApp] task::task '8fdb157d-0e91269f64e29d706c7de355' arrived on 0
2018-07-13 15:06:26.955 [IPControllerApp] task::task '3d04ff15-e937b81edc7c5f6ce61646d5' finished on 0
2018-07-13 15:06:36.969 [IPControllerApp] task::task 'a2520fec-b5fecb1323c3e6f7de79af04' arrived on 0
2018-07-13 15:06:36.970 [IPControllerApp] task::task '8fdb157d-0e91269f64e29d706c7de355' finished on 0
2018-07-13 15:06:46.984 [IPControllerApp] task::task '9bd14729-9f3d371d0f7bca9b85813883' arrived on 0
2018-07-13 15:06:46.985 [IPControllerApp] task::task 'a2520fec-b5fecb1323c3e6f7de79af04' finished on 0
2018-07-13 15:06:57.002 [IPControllerApp] task::task '5474072f-e4b104ad3a397c72924e934c' arrived on 0
2018-07-13 15:06:57.004 [IPControllerApp] task::task '9bd14729-9f3d371d0f7bca9b85813883' finished on 0
2018-07-13 15:07:07.018 [IPControllerApp] task::task '0ce17654-d46fb5c9b99ccf144e06b583' arrived on 0
2018-07-13 15:07:07.019 [IPControllerApp] task::task '5474072f-e4b104ad3a397c72924e934c' finished on 0
2018-07-13 15:07:17.034 [IPControllerApp] task::task '1e1b2eb8-efb63b43e0294ca336ae0ed6' arrived on 0
2018-07-13 15:07:17.035 [IPControllerApp] task::task '0ce17654-d46fb5c9b99ccf144e06b583' finished on 0
2018-07-13 15:07:27.049 [IPControllerApp] task::task '49222c51-59efcbd585ee996164bc9850' arrived on 0
2018-07-13 15:07:27.050 [IPControllerApp] task::task '1e1b2eb8-efb63b43e0294ca336ae0ed6' finished on 0
2018-07-13 15:07:37.064 [IPControllerApp] task::task '55f495e9-482f5c919d114765285d6329' arrived on 0
2018-07-13 15:07:37.065 [IPControllerApp] task::task '49222c51-59efcbd585ee996164bc9850' finished on 0
2018-07-13 15:07:47.079 [IPControllerApp] task::task 'e7fa7c3b-b108cc469e1491b6cde714a4' arrived on 0
2018-07-13 15:07:47.080 [IPControllerApp] task::task '55f495e9-482f5c919d114765285d6329' finished on 0
2018-07-13 15:07:57.094 [IPControllerApp] task::task 'd5bad883-0ba4e0b0b928b3b2c33796ab' arrived on 0
2018-07-13 15:07:57.095 [IPControllerApp] task::task 'e7fa7c3b-b108cc469e1491b6cde714a4' finished on 0
2018-07-13 15:08:07.110 [IPControllerApp] task::task '112cea24-44ff776645190045f1720115' arrived on 0
2018-07-13 15:08:07.111 [IPControllerApp] task::task 'd5bad883-0ba4e0b0b928b3b2c33796ab' finished on 0
2018-07-13 15:08:17.128 [IPControllerApp] task::task '6d783600-10a76a3f25656b382c1f87c1' arrived on 0
2018-07-13 15:08:17.129 [IPControllerApp] task::task '112cea24-44ff776645190045f1720115' finished on 0
2018-07-13 15:08:27.143 [IPControllerApp] task::task '6aea0f16-85d27e0954b81d6291781e50' arrived on 0
2018-07-13 15:08:27.144 [IPControllerApp] task::task '6d783600-10a76a3f25656b382c1f87c1' finished on 0
2018-07-13 15:08:37.158 [IPControllerApp] task::task 'f0bf6873-f2bbd24577262523d04dc0e4' arrived on 0
2018-07-13 15:08:37.159 [IPControllerApp] task::task '6aea0f16-85d27e0954b81d6291781e50' finished on 0
2018-07-13 15:08:47.173 [IPControllerApp] task::task 'd46e01d1-9d1285e0a4a58a71052ffb55' arrived on 0
2018-07-13 15:08:47.173 [IPControllerApp] task::task 'f0bf6873-f2bbd24577262523d04dc0e4' finished on 0
2018-07-13 15:08:57.189 [IPControllerApp] task::task '914ca34b-18187ede148b1ad9c3246cd4' arrived on 0
2018-07-13 15:08:57.189 [IPControllerApp] task::task 'd46e01d1-9d1285e0a4a58a71052ffb55' finished on 0
2018-07-13 15:09:07.204 [IPControllerApp] task::task '3508b06f-8878f200ba3ca5b0ab3beff4' arrived on 0
2018-07-13 15:09:07.205 [IPControllerApp] task::task '914ca34b-18187ede148b1ad9c3246cd4' finished on 0
2018-07-13 15:09:17.221 [IPControllerApp] task::task 'fc212dd1-74a49263d9ae183f2226ec40' arrived on 0
2018-07-13 15:09:17.222 [IPControllerApp] task::task '3508b06f-8878f200ba3ca5b0ab3beff4' finished on 0
2018-07-13 15:09:27.236 [IPControllerApp] task::task 'eb43dacc-159031c5da4209cc1520c0c0' arrived on 0
2018-07-13 15:09:27.237 [IPControllerApp] task::task 'fc212dd1-74a49263d9ae183f2226ec40' finished on 0
2018-07-13 15:09:37.251 [IPControllerApp] task::task '75ecccc1-7ba151842ad0e28dec050757' arrived on 0
2018-07-13 15:09:37.252 [IPControllerApp] task::task 'eb43dacc-159031c5da4209cc1520c0c0' finished on 0
2018-07-13 15:09:47.266 [IPControllerApp] task::task 'daf26ee5-f4603e667df6f4c5d5f56540' arrived on 0
2018-07-13 15:09:47.268 [IPControllerApp] task::task '75ecccc1-7ba151842ad0e28dec050757' finished on 0
2018-07-13 15:09:57.282 [IPControllerApp] task::task '2f44330f-4676bb3f6ceba1a64da75419' arrived on 0
2018-07-13 15:09:57.283 [IPControllerApp] task::task 'daf26ee5-f4603e667df6f4c5d5f56540' finished on 0
2018-07-13 15:10:07.297 [IPControllerApp] task::task '587043d1-481529459c6dd4aae7ae2fc5' arrived on 0
2018-07-13 15:10:07.298 [IPControllerApp] task::task '2f44330f-4676bb3f6ceba1a64da75419' finished on 0
2018-07-13 15:10:14.811 [IPControllerApp] heartbeat::missed b'150fe7cf-e44552eddd1f2c6d0352fcc0' : 1
2018-07-13 15:10:17.811 [IPControllerApp] heartbeat::missed b'150fe7cf-e44552eddd1f2c6d0352fcc0' : 2
2018-07-13 15:10:20.812 [IPControllerApp] heartbeat::missed b'150fe7cf-e44552eddd1f2c6d0352fcc0' : 3
2018-07-13 15:10:21.037 [IPControllerApp] client::client b'72cccf1b-d38bcf00c4453893d45e0802' requested 'registration_request'
2018-07-13 15:10:23.811 [IPControllerApp] heartbeat::missed b'150fe7cf-e44552eddd1f2c6d0352fcc0' : 4
2018-07-13 15:10:26.809 [IPControllerApp] registration::finished registering engine 1:72cccf1b-d38bcf00c4453893d45e0802
2018-07-13 15:10:26.809 [IPControllerApp] engine::Engine Connected: 1
2018-07-13 15:10:26.810 [IPControllerApp] heartbeat::missed b'150fe7cf-e44552eddd1f2c6d0352fcc0' : 5
2018-07-13 15:10:26.813 [IPControllerApp] task::task 'aa584879-b63c84dfb888d3bb61058ed2' arrived on 1
2018-07-13 15:10:29.810 [IPControllerApp] heartbeat::missed b'150fe7cf-e44552eddd1f2c6d0352fcc0' : 6
2018-07-13 15:10:32.811 [IPControllerApp] heartbeat::missed b'150fe7cf-e44552eddd1f2c6d0352fcc0' : 7
2018-07-13 15:10:35.811 [IPControllerApp] heartbeat::missed b'150fe7cf-e44552eddd1f2c6d0352fcc0' : 8
2018-07-13 15:10:37.733 [IPControllerApp] task::task '0dcb7d51-fab5e10582617c1ffaa0d896' arrived on 1
2018-07-13 15:10:37.734 [IPControllerApp] task::task 'aa584879-b63c84dfb888d3bb61058ed2' finished on 1
2018-07-13 15:10:38.809 [IPControllerApp] heartbeat::missed b'150fe7cf-e44552eddd1f2c6d0352fcc0' : 9
2018-07-13 15:10:41.811 [IPControllerApp] heartbeat::missed b'150fe7cf-e44552eddd1f2c6d0352fcc0' : 10
2018-07-13 15:10:44.809 [IPControllerApp] heartbeat::missed b'150fe7cf-e44552eddd1f2c6d0352fcc0' : 11
2018-07-13 15:10:44.809 [IPControllerApp] registration::unregister_engine(0)
2018-07-13 15:10:47.749 [IPControllerApp] task::task '565f486c-e4cc1bf783e29f05d4672e00' arrived on 1
2018-07-13 15:10:47.750 [IPControllerApp] task::task '0dcb7d51-fab5e10582617c1ffaa0d896' finished on 1
2018-07-13 15:10:49.818 [IPControllerApp] task::task '587043d1-481529459c6dd4aae7ae2fc5' finished on 0
2018-07-13 15:10:57.764 [IPControllerApp] task::task 'b4ddbfb6-e1d0e1543f5694014d4891e6' arrived on 1
2018-07-13 15:10:57.765 [IPControllerApp] task::task '565f486c-e4cc1bf783e29f05d4672e00' finished on 1
2018-07-13 15:10:59.500 [IPControllerApp] CRITICAL | Received signal 15, shutting down
2018-07-13 15:10:59.500 [IPControllerApp] CRITICAL | terminating children...
