2018-07-11 13:39:53.861 [IPControllerApp] Created profile dir: '/scratch/midway2/madduru/parsl/parsl/tests/integration/test_stress/runinfo/965/profile_midway_ipp'
2018-07-11 13:39:53.879 [IPControllerApp] Hub listening on tcp://*:51134 for registration.
2018-07-11 13:39:53.881 [IPControllerApp] Hub using DB backend: 'DictDB'
2018-07-11 13:39:54.144 [IPControllerApp] hub::created hub
2018-07-11 13:39:54.145 [IPControllerApp] writing connection info to /scratch/midway2/madduru/parsl/parsl/tests/integration/test_stress/runinfo/965/profile_midway_ipp/security/ipcontroller-client.json
2018-07-11 13:39:54.145 [IPControllerApp] writing connection info to /scratch/midway2/madduru/parsl/parsl/tests/integration/test_stress/runinfo/965/profile_midway_ipp/security/ipcontroller-engine.json
2018-07-11 13:39:54.147 [IPControllerApp] task::using Python leastload Task scheduler
2018-07-11 13:39:54.147 [IPControllerApp] Heartmonitor started
2018-07-11 13:39:54.156 [IPControllerApp] Creating pid file: /scratch/midway2/madduru/parsl/parsl/tests/integration/test_stress/runinfo/965/profile_midway_ipp/pid/ipcontroller.pid
2018-07-11 13:39:54.165 [scheduler] Scheduler started [leastload]
2018-07-11 13:39:54.168 [IPControllerApp] client::client b'\x00k\x8bEg' requested 'connection_request'
2018-07-11 13:39:54.168 [IPControllerApp] client::client [b'\x00k\x8bEg'] connected
2018-07-11 13:39:54.928 [IPControllerApp] client::client b'\x00k\x8bEh' requested 'connection_request'
2018-07-11 13:39:54.928 [IPControllerApp] client::client [b'\x00k\x8bEh'] connected
2018-07-11 13:39:59.426 [IPControllerApp] client::client b'dc836326-0b4e5e6b8255525ccf2d2f7d' requested 'registration_request'
2018-07-11 13:40:03.150 [IPControllerApp] registration::finished registering engine 0:dc836326-0b4e5e6b8255525ccf2d2f7d
2018-07-11 13:40:03.151 [IPControllerApp] engine::Engine Connected: 0
2018-07-11 13:40:03.156 [IPControllerApp] task::task '904940d6-e72fb45c07ac6139faadf116' arrived on 0
2018-07-11 13:40:05.552 [IPControllerApp] task::task 'd703faf7-d287b4471ab9dc2693f73c91' arrived on 0
2018-07-11 13:40:05.553 [IPControllerApp] task::task '904940d6-e72fb45c07ac6139faadf116' finished on 0
2018-07-11 13:40:06.558 [IPControllerApp] task::task '67d8387c-8289735fb1bc2b2bdd438c8f' arrived on 0
2018-07-11 13:40:06.559 [IPControllerApp] task::task 'd703faf7-d287b4471ab9dc2693f73c91' finished on 0
2018-07-11 13:40:07.563 [IPControllerApp] task::task 'da5478e1-0d7120b13d41c3973c738486' arrived on 0
2018-07-11 13:40:07.564 [IPControllerApp] task::task '67d8387c-8289735fb1bc2b2bdd438c8f' finished on 0
2018-07-11 13:40:08.569 [IPControllerApp] task::task 'a8bc0257-654e57dcd4f4660dd53ba0fd' arrived on 0
2018-07-11 13:40:08.570 [IPControllerApp] task::task 'da5478e1-0d7120b13d41c3973c738486' finished on 0
2018-07-11 13:40:09.575 [IPControllerApp] task::task '8f916f2e-26e123cd253a04e8f495f108' arrived on 0
2018-07-11 13:40:09.576 [IPControllerApp] task::task 'a8bc0257-654e57dcd4f4660dd53ba0fd' finished on 0
2018-07-11 13:40:10.581 [IPControllerApp] task::task '975ab2f5-a5ab13398d2c7df44ce9913f' arrived on 0
2018-07-11 13:40:10.582 [IPControllerApp] task::task '8f916f2e-26e123cd253a04e8f495f108' finished on 0
2018-07-11 13:40:11.587 [IPControllerApp] task::task 'd0f2affe-35e614be1b04972c1a831b65' arrived on 0
2018-07-11 13:40:11.588 [IPControllerApp] task::task '975ab2f5-a5ab13398d2c7df44ce9913f' finished on 0
2018-07-11 13:40:12.592 [IPControllerApp] task::task '3cd96ca6-9d617200c2ea277832839022' arrived on 0
2018-07-11 13:40:12.593 [IPControllerApp] task::task 'd0f2affe-35e614be1b04972c1a831b65' finished on 0
2018-07-11 13:40:13.598 [IPControllerApp] task::task '19a4d1cb-9ac58aac40c96827e27f0bba' arrived on 0
2018-07-11 13:40:13.599 [IPControllerApp] task::task '3cd96ca6-9d617200c2ea277832839022' finished on 0
2018-07-11 13:40:14.603 [IPControllerApp] task::task '5dec9909-72d59fe792b86cafedd582aa' arrived on 0
2018-07-11 13:40:14.604 [IPControllerApp] task::task '19a4d1cb-9ac58aac40c96827e27f0bba' finished on 0
2018-07-11 13:40:15.609 [IPControllerApp] task::task 'db71ae48-bdc83af6b261f741ea964916' arrived on 0
2018-07-11 13:40:15.611 [IPControllerApp] task::task '5dec9909-72d59fe792b86cafedd582aa' finished on 0
2018-07-11 13:40:16.615 [IPControllerApp] task::task '02c5115e-5be465f2d3ffb560a9ac44f8' arrived on 0
2018-07-11 13:40:16.616 [IPControllerApp] task::task 'db71ae48-bdc83af6b261f741ea964916' finished on 0
2018-07-11 13:40:17.621 [IPControllerApp] task::task 'ede9da52-056dfecdb8dca32955a92f8d' arrived on 0
2018-07-11 13:40:17.622 [IPControllerApp] task::task '02c5115e-5be465f2d3ffb560a9ac44f8' finished on 0
2018-07-11 13:40:18.627 [IPControllerApp] task::task '4ec3704b-1ee3e0c943177b6e36e6c73f' arrived on 0
2018-07-11 13:40:18.628 [IPControllerApp] task::task 'ede9da52-056dfecdb8dca32955a92f8d' finished on 0
2018-07-11 13:40:19.633 [IPControllerApp] task::task 'ff4af440-215bbf97a53caabae707b1db' arrived on 0
2018-07-11 13:40:19.634 [IPControllerApp] task::task '4ec3704b-1ee3e0c943177b6e36e6c73f' finished on 0
2018-07-11 13:40:20.639 [IPControllerApp] task::task '1993bb3e-033143c912769fcea487d817' arrived on 0
2018-07-11 13:40:20.640 [IPControllerApp] task::task 'ff4af440-215bbf97a53caabae707b1db' finished on 0
2018-07-11 13:40:21.645 [IPControllerApp] task::task '7d43062c-70f74ddb321192e1b113567c' arrived on 0
2018-07-11 13:40:21.646 [IPControllerApp] task::task '1993bb3e-033143c912769fcea487d817' finished on 0
2018-07-11 13:40:22.651 [IPControllerApp] task::task '6d7e613b-72b8f2bfa1f5fc4bb93ba1d7' arrived on 0
2018-07-11 13:40:22.652 [IPControllerApp] task::task '7d43062c-70f74ddb321192e1b113567c' finished on 0
2018-07-11 13:40:23.657 [IPControllerApp] task::task 'c8aad19b-3548cd64860d926cdd84e6db' arrived on 0
2018-07-11 13:40:23.658 [IPControllerApp] task::task '6d7e613b-72b8f2bfa1f5fc4bb93ba1d7' finished on 0
2018-07-11 13:40:24.663 [IPControllerApp] task::task '81d51246-0a542fd4433e8c40576263a5' arrived on 0
2018-07-11 13:40:24.664 [IPControllerApp] task::task 'c8aad19b-3548cd64860d926cdd84e6db' finished on 0
2018-07-11 13:40:25.668 [IPControllerApp] task::task '9c7dd440-bc61ec8f0cb1ae9285977df4' arrived on 0
2018-07-11 13:40:25.669 [IPControllerApp] task::task '81d51246-0a542fd4433e8c40576263a5' finished on 0
2018-07-11 13:40:26.674 [IPControllerApp] task::task '2763cad7-f2aa6f7a4025647ad0e9c6d2' arrived on 0
2018-07-11 13:40:26.675 [IPControllerApp] task::task '9c7dd440-bc61ec8f0cb1ae9285977df4' finished on 0
2018-07-11 13:40:27.679 [IPControllerApp] task::task 'a5e938aa-8c861fe4cf7db957f4dc026f' arrived on 0
2018-07-11 13:40:27.680 [IPControllerApp] task::task '2763cad7-f2aa6f7a4025647ad0e9c6d2' finished on 0
2018-07-11 13:40:28.685 [IPControllerApp] task::task '581a8b5c-68c22ef9a3e034942587dfca' arrived on 0
2018-07-11 13:40:28.686 [IPControllerApp] task::task 'a5e938aa-8c861fe4cf7db957f4dc026f' finished on 0
2018-07-11 13:40:29.691 [IPControllerApp] task::task '581a8b5c-68c22ef9a3e034942587dfca' finished on 0
2018-07-11 13:40:29.813 [IPControllerApp] CRITICAL | Received signal 15, shutting down
2018-07-11 13:40:29.813 [IPControllerApp] CRITICAL | terminating children...
