2018-07-13 17:03:29.960 [IPControllerApp] Created profile dir: '/scratch/midway2/madduru/parsl/parsl/tests/integration/test_stress/runinfo/1086/profile_midway_ipp'
2018-07-13 17:03:29.976 [IPControllerApp] Hub listening on tcp://*:53830 for registration.
2018-07-13 17:03:29.978 [IPControllerApp] Hub using DB backend: 'DictDB'
2018-07-13 17:03:30.240 [IPControllerApp] hub::created hub
2018-07-13 17:03:30.240 [IPControllerApp] writing connection info to /scratch/midway2/madduru/parsl/parsl/tests/integration/test_stress/runinfo/1086/profile_midway_ipp/security/ipcontroller-client.json
2018-07-13 17:03:30.242 [IPControllerApp] writing connection info to /scratch/midway2/madduru/parsl/parsl/tests/integration/test_stress/runinfo/1086/profile_midway_ipp/security/ipcontroller-engine.json
2018-07-13 17:03:30.242 [IPControllerApp] task::using Python leastload Task scheduler
2018-07-13 17:03:30.243 [IPControllerApp] Heartmonitor started
2018-07-13 17:03:30.251 [IPControllerApp] Creating pid file: /scratch/midway2/madduru/parsl/parsl/tests/integration/test_stress/runinfo/1086/profile_midway_ipp/pid/ipcontroller.pid
2018-07-13 17:03:30.260 [scheduler] Scheduler started [leastload]
2018-07-13 17:03:30.262 [IPControllerApp] client::client b'\x00k\x8bEg' requested 'connection_request'
2018-07-13 17:03:30.262 [IPControllerApp] client::client [b'\x00k\x8bEg'] connected
2018-07-13 17:03:31.298 [IPControllerApp] client::client b'\x00k\x8bEh' requested 'connection_request'
2018-07-13 17:03:31.298 [IPControllerApp] client::client [b'\x00k\x8bEh'] connected
2018-07-13 17:07:18.395 [IPControllerApp] client::client b'03ce55da-bc4e51405440cdbcd9d8b1dd' requested 'registration_request'
2018-07-13 17:07:18.462 [IPControllerApp] client::client b'203e6419-5ecdcb9c4afde5f612a15a34' requested 'registration_request'
2018-07-13 17:07:18.538 [IPControllerApp] client::client b'a159b28d-ee26657a0e187b6e067f4a8e' requested 'registration_request'
2018-07-13 17:07:18.619 [IPControllerApp] client::client b'f966bf37-148f57a260a619d0034af7f0' requested 'registration_request'
2018-07-13 17:07:18.684 [IPControllerApp] client::client b'f4d261e8-f9c37de3b301c7887bc68f30' requested 'registration_request'
2018-07-13 17:07:18.702 [IPControllerApp] client::client b'e03a176c-943445e75a4da4647ef7bdc7' requested 'registration_request'
2018-07-13 17:07:18.710 [IPControllerApp] client::client b'52b53582-113fb6eb4608ce7992e8d4e8' requested 'registration_request'
2018-07-13 17:07:18.741 [IPControllerApp] client::client b'30980d97-aa8c444076e150f1851c2ba6' requested 'registration_request'
2018-07-13 17:07:18.760 [IPControllerApp] client::client b'961e8333-678abbe59a48f561c1e7f89f' requested 'registration_request'
2018-07-13 17:07:18.790 [IPControllerApp] client::client b'528ed51c-40e27463fb53c127d9c8a3fc' requested 'registration_request'
2018-07-13 17:07:18.839 [IPControllerApp] client::client b'5dcf0090-6286f2a9946f147626eac5aa' requested 'registration_request'
2018-07-13 17:07:18.840 [IPControllerApp] client::client b'2f05c141-8ec29d7a7eb25a4d4c1dbb22' requested 'registration_request'
2018-07-13 17:07:18.909 [IPControllerApp] client::client b'e3e4b5cc-9fab56b8a2918e10fd28d06b' requested 'registration_request'
2018-07-13 17:07:19.002 [IPControllerApp] client::client b'217c8f1d-6a83c4b078a950f3b8785d1d' requested 'registration_request'
2018-07-13 17:07:19.046 [IPControllerApp] client::client b'57d611b1-4b72812f23effec3211ce286' requested 'registration_request'
2018-07-13 17:07:19.061 [IPControllerApp] client::client b'06952723-e7e0d949c5dacb835db5b8b8' requested 'registration_request'
2018-07-13 17:07:19.068 [IPControllerApp] client::client b'c71b604d-7e4362e1a5f6729970cebe50' requested 'registration_request'
2018-07-13 17:07:19.094 [IPControllerApp] client::client b'e52070f3-73181efaefae1628b37f64a9' requested 'registration_request'
2018-07-13 17:07:19.159 [IPControllerApp] client::client b'859fd939-ad61fdfcda5da1bb9023534a' requested 'registration_request'
2018-07-13 17:07:19.234 [IPControllerApp] client::client b'29d686a6-e4f6f4652e68a4132ec620cc' requested 'registration_request'
2018-07-13 17:07:19.273 [IPControllerApp] client::client b'8b2849db-4e249fa3c4540f2aea140a28' requested 'registration_request'
2018-07-13 17:07:19.274 [IPControllerApp] client::client b'4e5de07e-113f00b9dab9de848b4ade0d' requested 'registration_request'
2018-07-13 17:07:19.302 [IPControllerApp] client::client b'd3de8f74-fd75c5c96bfb438f7b45de56' requested 'registration_request'
2018-07-13 17:07:19.334 [IPControllerApp] client::client b'd266614c-0f26c1d3c3cf5c461ce5145e' requested 'registration_request'
2018-07-13 17:07:19.371 [IPControllerApp] client::client b'9b5bb83c-494258c66714f61c737e01ed' requested 'registration_request'
2018-07-13 17:07:19.376 [IPControllerApp] client::client b'a8675895-f273c38eaaf46d5fbc6ad598' requested 'registration_request'
2018-07-13 17:07:19.377 [IPControllerApp] client::client b'929538f2-133866b1de0972d7185435eb' requested 'registration_request'
2018-07-13 17:07:19.433 [IPControllerApp] client::client b'b3b33cd4-3b3dd2eae23a8bc97dafd443' requested 'registration_request'
2018-07-13 17:07:19.604 [IPControllerApp] client::client b'a71b524a-2910117e1e22ce0c1e30c16c' requested 'registration_request'
2018-07-13 17:07:22.548 [IPControllerApp] client::client b'b2f6b803-bf2f6629af03946bb14ea083' requested 'registration_request'
2018-07-13 17:07:22.643 [IPControllerApp] client::client b'75944e30-f97ef7ca4eef0590a72b3657' requested 'registration_request'
2018-07-13 17:07:22.650 [IPControllerApp] client::client b'45305453-883ae7ff500491690a8fa30d' requested 'registration_request'
2018-07-13 17:07:22.667 [IPControllerApp] client::client b'db4d25a2-6dd21d6aef528fe2a2d0d783' requested 'registration_request'
2018-07-13 17:07:22.668 [IPControllerApp] client::client b'498f72a5-b95b29f983132d33de2f0e39' requested 'registration_request'
2018-07-13 17:07:22.669 [IPControllerApp] client::client b'f13f69dc-3198669f5a5b59023aa4fddb' requested 'registration_request'
2018-07-13 17:07:22.684 [IPControllerApp] client::client b'34119e9e-3211746a8c76fe4c0eeafed1' requested 'registration_request'
2018-07-13 17:07:22.799 [IPControllerApp] client::client b'd1d12524-5caac3f2422c659fd884d60a' requested 'registration_request'
2018-07-13 17:07:22.800 [IPControllerApp] client::client b'ab8694a4-581c786f0418dc8215ba4fe9' requested 'registration_request'
2018-07-13 17:07:22.818 [IPControllerApp] client::client b'ea33bcb6-32ac2387a470842c6e27d457' requested 'registration_request'
2018-07-13 17:07:23.154 [IPControllerApp] client::client b'e1f4fd4e-be71d0cfc33fe9b6747e21f9' requested 'registration_request'
2018-07-13 17:07:23.379 [IPControllerApp] client::client b'9d7b0671-fff20e765cdccafbfd5cec57' requested 'registration_request'
2018-07-13 17:07:23.512 [IPControllerApp] client::client b'eca07764-646c0c545cbf4d3945b55c7b' requested 'registration_request'
2018-07-13 17:07:24.244 [IPControllerApp] registration::finished registering engine 10:5dcf0090-6286f2a9946f147626eac5aa
2018-07-13 17:07:24.245 [IPControllerApp] engine::Engine Connected: 10
2018-07-13 17:07:24.246 [IPControllerApp] registration::finished registering engine 5:e03a176c-943445e75a4da4647ef7bdc7
2018-07-13 17:07:24.246 [IPControllerApp] engine::Engine Connected: 5
2018-07-13 17:07:24.246 [IPControllerApp] registration::finished registering engine 12:e3e4b5cc-9fab56b8a2918e10fd28d06b
2018-07-13 17:07:24.247 [IPControllerApp] engine::Engine Connected: 12
2018-07-13 17:07:24.247 [IPControllerApp] registration::finished registering engine 8:961e8333-678abbe59a48f561c1e7f89f
2018-07-13 17:07:24.247 [IPControllerApp] engine::Engine Connected: 8
2018-07-13 17:07:24.248 [IPControllerApp] registration::finished registering engine 6:52b53582-113fb6eb4608ce7992e8d4e8
2018-07-13 17:07:24.248 [IPControllerApp] engine::Engine Connected: 6
2018-07-13 17:07:24.248 [IPControllerApp] registration::finished registering engine 4:f4d261e8-f9c37de3b301c7887bc68f30
2018-07-13 17:07:24.248 [IPControllerApp] engine::Engine Connected: 4
2018-07-13 17:07:24.249 [IPControllerApp] registration::finished registering engine 14:57d611b1-4b72812f23effec3211ce286
2018-07-13 17:07:24.249 [IPControllerApp] engine::Engine Connected: 14
2018-07-13 17:07:24.249 [IPControllerApp] registration::finished registering engine 16:c71b604d-7e4362e1a5f6729970cebe50
2018-07-13 17:07:24.250 [IPControllerApp] engine::Engine Connected: 16
2018-07-13 17:07:24.250 [IPControllerApp] registration::finished registering engine 9:528ed51c-40e27463fb53c127d9c8a3fc
2018-07-13 17:07:24.250 [IPControllerApp] engine::Engine Connected: 9
2018-07-13 17:07:24.250 [IPControllerApp] registration::finished registering engine 18:859fd939-ad61fdfcda5da1bb9023534a
2018-07-13 17:07:24.251 [IPControllerApp] engine::Engine Connected: 18
2018-07-13 17:07:24.251 [IPControllerApp] registration::finished registering engine 3:f966bf37-148f57a260a619d0034af7f0
2018-07-13 17:07:24.251 [IPControllerApp] engine::Engine Connected: 3
2018-07-13 17:07:24.252 [IPControllerApp] registration::finished registering engine 15:06952723-e7e0d949c5dacb835db5b8b8
2018-07-13 17:07:24.252 [IPControllerApp] engine::Engine Connected: 15
2018-07-13 17:07:24.252 [IPControllerApp] registration::finished registering engine 1:203e6419-5ecdcb9c4afde5f612a15a34
2018-07-13 17:07:24.253 [IPControllerApp] engine::Engine Connected: 1
2018-07-13 17:07:24.253 [IPControllerApp] registration::finished registering engine 7:30980d97-aa8c444076e150f1851c2ba6
2018-07-13 17:07:24.253 [IPControllerApp] engine::Engine Connected: 7
2018-07-13 17:07:24.254 [IPControllerApp] registration::finished registering engine 11:2f05c141-8ec29d7a7eb25a4d4c1dbb22
2018-07-13 17:07:24.254 [IPControllerApp] engine::Engine Connected: 11
2018-07-13 17:07:24.255 [IPControllerApp] registration::finished registering engine 13:217c8f1d-6a83c4b078a950f3b8785d1d
2018-07-13 17:07:24.255 [IPControllerApp] engine::Engine Connected: 13
2018-07-13 17:07:24.255 [IPControllerApp] registration::finished registering engine 17:e52070f3-73181efaefae1628b37f64a9
2018-07-13 17:07:24.256 [IPControllerApp] engine::Engine Connected: 17
2018-07-13 17:07:24.259 [IPControllerApp] task::task 'e5b69407-f256f3baff0fe0921ce21f53' arrived on 10
2018-07-13 17:07:24.260 [IPControllerApp] task::task '97f35c80-6848f2ede4ce418cebf34039' arrived on 5
2018-07-13 17:07:24.261 [IPControllerApp] task::task '8cbb173e-ff4c1f6b24026fe00c427441' arrived on 12
2018-07-13 17:07:24.262 [IPControllerApp] task::task 'd03d61a4-20e6e9d2d764b1d8171e0344' arrived on 8
2018-07-13 17:07:24.263 [IPControllerApp] task::task 'c4c4500a-06435ca5580a7669afaeca12' arrived on 6
2018-07-13 17:07:24.264 [IPControllerApp] task::task 'decad0ce-f95fe1d2467431683e956f8e' arrived on 4
2018-07-13 17:07:24.265 [IPControllerApp] task::task '800a4889-13a8d2d469efd99c36dbc90c' arrived on 14
2018-07-13 17:07:24.266 [IPControllerApp] task::task '2e1fb6d5-cdc5330e3e4a3eff633e75bf' arrived on 16
2018-07-13 17:07:24.266 [IPControllerApp] task::task '64efe02b-d27f7a9587fc4502134a2b2d' arrived on 9
2018-07-13 17:07:24.267 [IPControllerApp] task::task 'a79bb0e0-8cb86c92fa4e9dbe398a3fcb' arrived on 18
2018-07-13 17:07:24.268 [IPControllerApp] task::task '87f04192-1409a313a0e42d7d23811662' arrived on 3
2018-07-13 17:07:24.269 [IPControllerApp] task::task '9e10ea60-f73459ba442710abf74c34e2' arrived on 15
2018-07-13 17:07:24.269 [IPControllerApp] task::task 'a0bbccfb-8c74417998dba0e9feb1c382' arrived on 1
2018-07-13 17:07:24.270 [IPControllerApp] task::task '6c992753-29c970e18a709862cca80289' arrived on 7
2018-07-13 17:07:24.271 [IPControllerApp] task::task '6d71faa2-7cfcd3668b669497de77ddb0' arrived on 11
2018-07-13 17:07:24.272 [IPControllerApp] task::task 'a14f3206-16d1371847f3af8ff8243bd9' arrived on 13
2018-07-13 17:07:24.273 [IPControllerApp] task::task 'bf6a529f-befa53a990c108635c277b70' arrived on 17
2018-07-13 17:07:24.689 [IPControllerApp] client::client b'fc79768e-47f5b36ccebff7ae5aeb0484' requested 'registration_request'
2018-07-13 17:07:24.799 [IPControllerApp] client::client b'555993ce-eb657e3ade21f8a37711badd' requested 'registration_request'
2018-07-13 17:07:27.245 [IPControllerApp] registration::finished registering engine 20:8b2849db-4e249fa3c4540f2aea140a28
2018-07-13 17:07:27.246 [IPControllerApp] engine::Engine Connected: 20
2018-07-13 17:07:27.246 [IPControllerApp] registration::finished registering engine 35:34119e9e-3211746a8c76fe4c0eeafed1
2018-07-13 17:07:27.247 [IPControllerApp] engine::Engine Connected: 35
2018-07-13 17:07:27.247 [IPControllerApp] registration::finished registering engine 26:929538f2-133866b1de0972d7185435eb
2018-07-13 17:07:27.247 [IPControllerApp] engine::Engine Connected: 26
2018-07-13 17:07:27.247 [IPControllerApp] registration::finished registering engine 33:498f72a5-b95b29f983132d33de2f0e39
2018-07-13 17:07:27.248 [IPControllerApp] engine::Engine Connected: 33
2018-07-13 17:07:27.248 [IPControllerApp] registration::finished registering engine 39:e1f4fd4e-be71d0cfc33fe9b6747e21f9
2018-07-13 17:07:27.248 [IPControllerApp] engine::Engine Connected: 39
2018-07-13 17:07:27.249 [IPControllerApp] registration::finished registering engine 36:d1d12524-5caac3f2422c659fd884d60a
2018-07-13 17:07:27.249 [IPControllerApp] engine::Engine Connected: 36
2018-07-13 17:07:27.249 [IPControllerApp] registration::finished registering engine 23:d266614c-0f26c1d3c3cf5c461ce5145e
2018-07-13 17:07:27.250 [IPControllerApp] engine::Engine Connected: 23
2018-07-13 17:07:27.250 [IPControllerApp] registration::finished registering engine 32:db4d25a2-6dd21d6aef528fe2a2d0d783
2018-07-13 17:07:27.250 [IPControllerApp] engine::Engine Connected: 32
2018-07-13 17:07:27.251 [IPControllerApp] registration::finished registering engine 30:75944e30-f97ef7ca4eef0590a72b3657
2018-07-13 17:07:27.251 [IPControllerApp] engine::Engine Connected: 30
2018-07-13 17:07:27.251 [IPControllerApp] registration::finished registering engine 22:d3de8f74-fd75c5c96bfb438f7b45de56
2018-07-13 17:07:27.251 [IPControllerApp] engine::Engine Connected: 22
2018-07-13 17:07:27.252 [IPControllerApp] registration::finished registering engine 31:45305453-883ae7ff500491690a8fa30d
2018-07-13 17:07:27.252 [IPControllerApp] engine::Engine Connected: 31
2018-07-13 17:07:27.252 [IPControllerApp] registration::finished registering engine 29:b2f6b803-bf2f6629af03946bb14ea083
2018-07-13 17:07:27.253 [IPControllerApp] engine::Engine Connected: 29
2018-07-13 17:07:27.253 [IPControllerApp] registration::finished registering engine 38:ea33bcb6-32ac2387a470842c6e27d457
2018-07-13 17:07:27.253 [IPControllerApp] engine::Engine Connected: 38
2018-07-13 17:07:27.254 [IPControllerApp] registration::finished registering engine 40:9d7b0671-fff20e765cdccafbfd5cec57
2018-07-13 17:07:27.254 [IPControllerApp] engine::Engine Connected: 40
2018-07-13 17:07:27.254 [IPControllerApp] registration::finished registering engine 24:9b5bb83c-494258c66714f61c737e01ed
2018-07-13 17:07:27.254 [IPControllerApp] engine::Engine Connected: 24
2018-07-13 17:07:27.255 [IPControllerApp] registration::finished registering engine 27:b3b33cd4-3b3dd2eae23a8bc97dafd443
2018-07-13 17:07:27.255 [IPControllerApp] engine::Engine Connected: 27
2018-07-13 17:07:27.255 [IPControllerApp] registration::finished registering engine 25:a8675895-f273c38eaaf46d5fbc6ad598
2018-07-13 17:07:27.256 [IPControllerApp] engine::Engine Connected: 25
2018-07-13 17:07:27.256 [IPControllerApp] registration::finished registering engine 19:29d686a6-e4f6f4652e68a4132ec620cc
2018-07-13 17:07:27.257 [IPControllerApp] engine::Engine Connected: 19
2018-07-13 17:07:27.257 [IPControllerApp] registration::finished registering engine 37:ab8694a4-581c786f0418dc8215ba4fe9
2018-07-13 17:07:27.257 [IPControllerApp] engine::Engine Connected: 37
2018-07-13 17:07:27.258 [IPControllerApp] registration::finished registering engine 28:a71b524a-2910117e1e22ce0c1e30c16c
2018-07-13 17:07:27.258 [IPControllerApp] engine::Engine Connected: 28
2018-07-13 17:07:27.258 [IPControllerApp] registration::finished registering engine 41:eca07764-646c0c545cbf4d3945b55c7b
2018-07-13 17:07:27.259 [IPControllerApp] engine::Engine Connected: 41
2018-07-13 17:07:27.259 [IPControllerApp] registration::finished registering engine 34:f13f69dc-3198669f5a5b59023aa4fddb
2018-07-13 17:07:27.259 [IPControllerApp] engine::Engine Connected: 34
2018-07-13 17:07:27.260 [IPControllerApp] registration::finished registering engine 21:4e5de07e-113f00b9dab9de848b4ade0d
2018-07-13 17:07:27.260 [IPControllerApp] engine::Engine Connected: 21
2018-07-13 17:07:27.263 [IPControllerApp] task::task '4ea0cfb3-0129832fb5c828c46e5199a2' arrived on 20
2018-07-13 17:07:27.264 [IPControllerApp] task::task '20a19df0-77afdd3bf9268615afc00e2f' arrived on 35
2018-07-13 17:07:27.265 [IPControllerApp] task::task '7bf031b3-f3bbc8fe1a1196ab06356616' arrived on 26
2018-07-13 17:07:27.265 [IPControllerApp] task::task 'a505e000-258b792e5acf56b256c03e79' arrived on 33
2018-07-13 17:07:27.266 [IPControllerApp] task::task '3d47c405-7d841fd0f1cc9afbc08deff0' arrived on 39
2018-07-13 17:07:27.267 [IPControllerApp] task::task '30e041a1-3e15de0e1df8597a35ebd41c' arrived on 36
2018-07-13 17:07:27.268 [IPControllerApp] task::task '8e50da38-ed5411ba24ecb11d292ab980' arrived on 23
2018-07-13 17:07:27.269 [IPControllerApp] task::task '67e2c14b-45e0f1d153fe82e225e9c816' arrived on 32
2018-07-13 17:07:27.270 [IPControllerApp] task::task 'd8287f35-d7c306d6ee867f4ec5f23d24' arrived on 30
2018-07-13 17:07:27.271 [IPControllerApp] task::task '204d38dd-c2fc2af1eac7efac49dd1538' arrived on 22
2018-07-13 17:07:27.272 [IPControllerApp] task::task 'ca0ecd7e-225b31ed6ad66dd6f5d4b65d' arrived on 31
2018-07-13 17:07:27.272 [IPControllerApp] task::task '4888c516-0d3191df5cfaab1b2e02cd71' arrived on 29
2018-07-13 17:07:27.273 [IPControllerApp] task::task 'b6c40cd5-b76ed9c8133440e476b4e192' arrived on 38
2018-07-13 17:07:27.274 [IPControllerApp] task::task 'f8102317-df149f4ce52eb8b2401629a9' arrived on 40
2018-07-13 17:07:27.275 [IPControllerApp] task::task '6d230864-0174592afbba119f176f7022' arrived on 24
2018-07-13 17:07:27.276 [IPControllerApp] task::task '58faba9a-6569085ef92521c9fa2173c5' arrived on 27
2018-07-13 17:07:27.277 [IPControllerApp] task::task 'ed3622e6-c6db6998769f4030b9110c47' arrived on 25
2018-07-13 17:07:27.278 [IPControllerApp] task::task '73227fab-e9052daec2688c155817640b' arrived on 19
2018-07-13 17:07:27.279 [IPControllerApp] task::task 'b2df7904-adee7cbd80ef9d6aafc37367' arrived on 37
2018-07-13 17:07:27.280 [IPControllerApp] task::task '4b18b04a-62940bf231816c1e9084921e' arrived on 28
2018-07-13 17:07:27.280 [IPControllerApp] task::task 'b479dd4b-470bb5d64af2273ed7d1f3fd' arrived on 41
2018-07-13 17:07:27.281 [IPControllerApp] task::task '210b0c1d-3ab56af895a88adfe62710d6' arrived on 34
2018-07-13 17:07:27.282 [IPControllerApp] task::task '8f28b50b-0b558c14cb973c6955fe716b' arrived on 21
2018-07-13 17:07:30.243 [IPControllerApp] heartbeat::missed b'34119e9e-3211746a8c76fe4c0eeafed1' : 1
2018-07-13 17:07:33.245 [IPControllerApp] registration::finished registering engine 42:fc79768e-47f5b36ccebff7ae5aeb0484
2018-07-13 17:07:33.246 [IPControllerApp] engine::Engine Connected: 42
2018-07-13 17:07:33.247 [IPControllerApp] registration::finished registering engine 43:555993ce-eb657e3ade21f8a37711badd
2018-07-13 17:07:33.247 [IPControllerApp] engine::Engine Connected: 43
2018-07-13 17:07:33.247 [IPControllerApp] heartbeat::missed b'b3b33cd4-3b3dd2eae23a8bc97dafd443' : 1
2018-07-13 17:07:33.247 [IPControllerApp] heartbeat::missed b'45305453-883ae7ff500491690a8fa30d' : 1
2018-07-13 17:07:33.248 [IPControllerApp] heartbeat::missed b'a8675895-f273c38eaaf46d5fbc6ad598' : 1
2018-07-13 17:07:33.248 [IPControllerApp] heartbeat::missed b'ab8694a4-581c786f0418dc8215ba4fe9' : 1
2018-07-13 17:07:33.248 [IPControllerApp] heartbeat::missed b'961e8333-678abbe59a48f561c1e7f89f' : 1
2018-07-13 17:07:33.248 [IPControllerApp] heartbeat::missed b'eca07764-646c0c545cbf4d3945b55c7b' : 1
2018-07-13 17:07:33.248 [IPControllerApp] heartbeat::missed b'34119e9e-3211746a8c76fe4c0eeafed1' : 2
2018-07-13 17:07:33.248 [IPControllerApp] heartbeat::missed b'9b5bb83c-494258c66714f61c737e01ed' : 1
2018-07-13 17:07:33.248 [IPControllerApp] heartbeat::missed b'f13f69dc-3198669f5a5b59023aa4fddb' : 1
2018-07-13 17:07:33.248 [IPControllerApp] heartbeat::missed b'e1f4fd4e-be71d0cfc33fe9b6747e21f9' : 1
2018-07-13 17:07:33.248 [IPControllerApp] heartbeat::missed b'd266614c-0f26c1d3c3cf5c461ce5145e' : 1
2018-07-13 17:07:33.248 [IPControllerApp] heartbeat::missed b'db4d25a2-6dd21d6aef528fe2a2d0d783' : 1
2018-07-13 17:07:33.248 [IPControllerApp] heartbeat::missed b'4e5de07e-113f00b9dab9de848b4ade0d' : 1
2018-07-13 17:07:33.251 [IPControllerApp] task::task '505ab67a-917f05996becfa1da49d4654' arrived on 42
2018-07-13 17:07:33.251 [IPControllerApp] task::task 'a62df332-d9f0df6b40d17e4a4442695e' arrived on 43
2018-07-13 17:07:35.029 [IPControllerApp] client::client b'079d13dd-39d8fa08e568f7bca77f4de7' requested 'registration_request'
2018-07-13 17:07:35.909 [IPControllerApp] client::client b'da10a13d-188cf4020752fe47d1406256' requested 'registration_request'
2018-07-13 17:07:36.243 [IPControllerApp] heartbeat::missed b'b3b33cd4-3b3dd2eae23a8bc97dafd443' : 2
2018-07-13 17:07:36.244 [IPControllerApp] heartbeat::missed b'45305453-883ae7ff500491690a8fa30d' : 2
2018-07-13 17:07:36.244 [IPControllerApp] heartbeat::missed b'a8675895-f273c38eaaf46d5fbc6ad598' : 2
2018-07-13 17:07:36.244 [IPControllerApp] heartbeat::missed b'ab8694a4-581c786f0418dc8215ba4fe9' : 2
2018-07-13 17:07:36.244 [IPControllerApp] heartbeat::missed b'961e8333-678abbe59a48f561c1e7f89f' : 2
2018-07-13 17:07:36.244 [IPControllerApp] heartbeat::missed b'eca07764-646c0c545cbf4d3945b55c7b' : 2
2018-07-13 17:07:36.244 [IPControllerApp] heartbeat::missed b'34119e9e-3211746a8c76fe4c0eeafed1' : 3
2018-07-13 17:07:36.244 [IPControllerApp] heartbeat::missed b'9b5bb83c-494258c66714f61c737e01ed' : 2
2018-07-13 17:07:36.244 [IPControllerApp] heartbeat::missed b'f13f69dc-3198669f5a5b59023aa4fddb' : 2
2018-07-13 17:07:36.244 [IPControllerApp] heartbeat::missed b'e1f4fd4e-be71d0cfc33fe9b6747e21f9' : 2
2018-07-13 17:07:36.244 [IPControllerApp] heartbeat::missed b'd266614c-0f26c1d3c3cf5c461ce5145e' : 2
2018-07-13 17:07:36.244 [IPControllerApp] heartbeat::missed b'db4d25a2-6dd21d6aef528fe2a2d0d783' : 2
2018-07-13 17:07:36.244 [IPControllerApp] heartbeat::missed b'4e5de07e-113f00b9dab9de848b4ade0d' : 2
2018-07-13 17:07:38.747 [IPControllerApp] client::client b'861887df-68715a3bfffac30e111dd0cf' requested 'registration_request'
2018-07-13 17:07:38.893 [IPControllerApp] WARNING | heartbeat::got bad heartbeat (possibly old?): b'231.0024654865265' (current=246.001)
2018-07-13 17:07:38.893 [IPControllerApp] WARNING | heartbeat::got bad heartbeat (possibly old?): b'234.00118684768677' (current=246.001)
2018-07-13 17:07:38.893 [IPControllerApp] WARNING | heartbeat::got bad heartbeat (possibly old?): b'237.00242042541504' (current=246.001)
2018-07-13 17:07:38.893 [IPControllerApp] WARNING | heartbeat::got bad heartbeat (possibly old?): b'240.00067257881165' (current=246.001)
2018-07-13 17:07:38.894 [IPControllerApp] WARNING | heartbeat::heart b'03ce55da-bc4e51405440cdbcd9d8b1dd' missed a beat, and took 5648.34 ms to respond
2018-07-13 17:07:39.244 [IPControllerApp] registration::finished registering engine 44:079d13dd-39d8fa08e568f7bca77f4de7
2018-07-13 17:07:39.244 [IPControllerApp] engine::Engine Connected: 44
2018-07-13 17:07:39.245 [IPControllerApp] registration::finished registering engine 45:da10a13d-188cf4020752fe47d1406256
2018-07-13 17:07:39.245 [IPControllerApp] engine::Engine Connected: 45
2018-07-13 17:07:39.246 [IPControllerApp] registration::finished registering engine 0:03ce55da-bc4e51405440cdbcd9d8b1dd
2018-07-13 17:07:39.246 [IPControllerApp] engine::Engine Connected: 0
2018-07-13 17:07:39.246 [IPControllerApp] heartbeat::missed b'b3b33cd4-3b3dd2eae23a8bc97dafd443' : 3
2018-07-13 17:07:39.246 [IPControllerApp] heartbeat::missed b'45305453-883ae7ff500491690a8fa30d' : 3
2018-07-13 17:07:39.246 [IPControllerApp] heartbeat::missed b'a8675895-f273c38eaaf46d5fbc6ad598' : 3
2018-07-13 17:07:39.247 [IPControllerApp] heartbeat::missed b'ab8694a4-581c786f0418dc8215ba4fe9' : 3
2018-07-13 17:07:39.247 [IPControllerApp] heartbeat::missed b'961e8333-678abbe59a48f561c1e7f89f' : 3
2018-07-13 17:07:39.247 [IPControllerApp] heartbeat::missed b'eca07764-646c0c545cbf4d3945b55c7b' : 3
2018-07-13 17:07:39.247 [IPControllerApp] heartbeat::missed b'34119e9e-3211746a8c76fe4c0eeafed1' : 4
2018-07-13 17:07:39.247 [IPControllerApp] heartbeat::missed b'9b5bb83c-494258c66714f61c737e01ed' : 3
2018-07-13 17:07:39.247 [IPControllerApp] heartbeat::missed b'f13f69dc-3198669f5a5b59023aa4fddb' : 3
2018-07-13 17:07:39.247 [IPControllerApp] heartbeat::missed b'e1f4fd4e-be71d0cfc33fe9b6747e21f9' : 3
2018-07-13 17:07:39.247 [IPControllerApp] heartbeat::missed b'd266614c-0f26c1d3c3cf5c461ce5145e' : 3
2018-07-13 17:07:39.247 [IPControllerApp] heartbeat::missed b'db4d25a2-6dd21d6aef528fe2a2d0d783' : 3
2018-07-13 17:07:39.247 [IPControllerApp] heartbeat::missed b'4e5de07e-113f00b9dab9de848b4ade0d' : 3
2018-07-13 17:07:39.250 [IPControllerApp] task::task '92252738-e92504caf460719618819656' arrived on 44
2018-07-13 17:07:39.251 [IPControllerApp] task::task '1482bc97-59754481d596d2a6b8856155' arrived on 45
2018-07-13 17:07:39.251 [IPControllerApp] task::task '27432cec-78db25df0235d7986133846b' arrived on 0
2018-07-13 17:07:42.244 [IPControllerApp] heartbeat::missed b'e03a176c-943445e75a4da4647ef7bdc7' : 1
2018-07-13 17:07:42.244 [IPControllerApp] heartbeat::missed b'e3e4b5cc-9fab56b8a2918e10fd28d06b' : 1
2018-07-13 17:07:42.244 [IPControllerApp] heartbeat::missed b'8b2849db-4e249fa3c4540f2aea140a28' : 1
2018-07-13 17:07:42.244 [IPControllerApp] heartbeat::missed b'f4d261e8-f9c37de3b301c7887bc68f30' : 1
2018-07-13 17:07:42.244 [IPControllerApp] heartbeat::missed b'57d611b1-4b72812f23effec3211ce286' : 1
2018-07-13 17:07:42.244 [IPControllerApp] heartbeat::missed b'34119e9e-3211746a8c76fe4c0eeafed1' : 5
2018-07-13 17:07:42.244 [IPControllerApp] heartbeat::missed b'929538f2-133866b1de0972d7185435eb' : 1
2018-07-13 17:07:42.244 [IPControllerApp] heartbeat::missed b'498f72a5-b95b29f983132d33de2f0e39' : 1
2018-07-13 17:07:42.245 [IPControllerApp] heartbeat::missed b'079d13dd-39d8fa08e568f7bca77f4de7' : 1
2018-07-13 17:07:42.245 [IPControllerApp] heartbeat::missed b'e1f4fd4e-be71d0cfc33fe9b6747e21f9' : 4
2018-07-13 17:07:42.245 [IPControllerApp] heartbeat::missed b'd1d12524-5caac3f2422c659fd884d60a' : 1
2018-07-13 17:07:42.245 [IPControllerApp] heartbeat::missed b'd266614c-0f26c1d3c3cf5c461ce5145e' : 4
2018-07-13 17:07:42.245 [IPControllerApp] heartbeat::missed b'db4d25a2-6dd21d6aef528fe2a2d0d783' : 4
2018-07-13 17:07:42.245 [IPControllerApp] heartbeat::missed b'4e5de07e-113f00b9dab9de848b4ade0d' : 4
2018-07-13 17:07:42.245 [IPControllerApp] heartbeat::missed b'859fd939-ad61fdfcda5da1bb9023534a' : 1
2018-07-13 17:07:42.245 [IPControllerApp] heartbeat::missed b'06952723-e7e0d949c5dacb835db5b8b8' : 1
2018-07-13 17:07:42.245 [IPControllerApp] heartbeat::missed b'2f05c141-8ec29d7a7eb25a4d4c1dbb22' : 1
2018-07-13 17:07:42.245 [IPControllerApp] heartbeat::missed b'd3de8f74-fd75c5c96bfb438f7b45de56' : 1
2018-07-13 17:07:42.245 [IPControllerApp] heartbeat::missed b'da10a13d-188cf4020752fe47d1406256' : 1
2018-07-13 17:07:42.245 [IPControllerApp] heartbeat::missed b'45305453-883ae7ff500491690a8fa30d' : 4
2018-07-13 17:07:42.245 [IPControllerApp] heartbeat::missed b'b2f6b803-bf2f6629af03946bb14ea083' : 1
2018-07-13 17:07:42.245 [IPControllerApp] heartbeat::missed b'ea33bcb6-32ac2387a470842c6e27d457' : 1
2018-07-13 17:07:42.245 [IPControllerApp] heartbeat::missed b'9d7b0671-fff20e765cdccafbfd5cec57' : 1
2018-07-13 17:07:42.245 [IPControllerApp] heartbeat::missed b'e52070f3-73181efaefae1628b37f64a9' : 1
2018-07-13 17:07:42.246 [IPControllerApp] heartbeat::missed b'9b5bb83c-494258c66714f61c737e01ed' : 4
2018-07-13 17:07:42.246 [IPControllerApp] heartbeat::missed b'b3b33cd4-3b3dd2eae23a8bc97dafd443' : 4
2018-07-13 17:07:42.246 [IPControllerApp] heartbeat::missed b'5dcf0090-6286f2a9946f147626eac5aa' : 1
2018-07-13 17:07:42.246 [IPControllerApp] heartbeat::missed b'a8675895-f273c38eaaf46d5fbc6ad598' : 4
2018-07-13 17:07:42.246 [IPControllerApp] heartbeat::missed b'555993ce-eb657e3ade21f8a37711badd' : 1
2018-07-13 17:07:42.246 [IPControllerApp] heartbeat::missed b'961e8333-678abbe59a48f561c1e7f89f' : 4
2018-07-13 17:07:42.246 [IPControllerApp] heartbeat::missed b'52b53582-113fb6eb4608ce7992e8d4e8' : 1
2018-07-13 17:07:42.246 [IPControllerApp] heartbeat::missed b'c71b604d-7e4362e1a5f6729970cebe50' : 1
2018-07-13 17:07:42.246 [IPControllerApp] heartbeat::missed b'29d686a6-e4f6f4652e68a4132ec620cc' : 1
2018-07-13 17:07:42.246 [IPControllerApp] heartbeat::missed b'fc79768e-47f5b36ccebff7ae5aeb0484' : 1
2018-07-13 17:07:42.246 [IPControllerApp] heartbeat::missed b'528ed51c-40e27463fb53c127d9c8a3fc' : 1
2018-07-13 17:07:42.246 [IPControllerApp] heartbeat::missed b'f966bf37-148f57a260a619d0034af7f0' : 1
2018-07-13 17:07:42.246 [IPControllerApp] heartbeat::missed b'ab8694a4-581c786f0418dc8215ba4fe9' : 4
2018-07-13 17:07:42.246 [IPControllerApp] heartbeat::missed b'a71b524a-2910117e1e22ce0c1e30c16c' : 1
2018-07-13 17:07:42.246 [IPControllerApp] heartbeat::missed b'eca07764-646c0c545cbf4d3945b55c7b' : 4
2018-07-13 17:07:42.246 [IPControllerApp] heartbeat::missed b'203e6419-5ecdcb9c4afde5f612a15a34' : 1
2018-07-13 17:07:42.247 [IPControllerApp] heartbeat::missed b'30980d97-aa8c444076e150f1851c2ba6' : 1
2018-07-13 17:07:42.247 [IPControllerApp] heartbeat::missed b'217c8f1d-6a83c4b078a950f3b8785d1d' : 1
2018-07-13 17:07:42.247 [IPControllerApp] heartbeat::missed b'f13f69dc-3198669f5a5b59023aa4fddb' : 4
2018-07-13 17:07:42.247 [IPControllerApp] heartbeat::missed b'75944e30-f97ef7ca4eef0590a72b3657' : 1
2018-07-13 17:07:42.247 [IPControllerApp] heartbeat::missed b'03ce55da-bc4e51405440cdbcd9d8b1dd' : 1
2018-07-13 17:07:45.246 [IPControllerApp] heartbeat::missed b'e03a176c-943445e75a4da4647ef7bdc7' : 2
2018-07-13 17:07:45.246 [IPControllerApp] heartbeat::missed b'e3e4b5cc-9fab56b8a2918e10fd28d06b' : 2
2018-07-13 17:07:45.246 [IPControllerApp] heartbeat::missed b'8b2849db-4e249fa3c4540f2aea140a28' : 2
2018-07-13 17:07:45.246 [IPControllerApp] heartbeat::missed b'f4d261e8-f9c37de3b301c7887bc68f30' : 2
2018-07-13 17:07:45.246 [IPControllerApp] heartbeat::missed b'57d611b1-4b72812f23effec3211ce286' : 2
2018-07-13 17:07:45.247 [IPControllerApp] heartbeat::missed b'34119e9e-3211746a8c76fe4c0eeafed1' : 6
2018-07-13 17:07:45.247 [IPControllerApp] heartbeat::missed b'929538f2-133866b1de0972d7185435eb' : 2
2018-07-13 17:07:45.247 [IPControllerApp] heartbeat::missed b'498f72a5-b95b29f983132d33de2f0e39' : 2
2018-07-13 17:07:45.247 [IPControllerApp] heartbeat::missed b'079d13dd-39d8fa08e568f7bca77f4de7' : 2
2018-07-13 17:07:45.247 [IPControllerApp] heartbeat::missed b'e1f4fd4e-be71d0cfc33fe9b6747e21f9' : 5
2018-07-13 17:07:45.247 [IPControllerApp] heartbeat::missed b'd1d12524-5caac3f2422c659fd884d60a' : 2
2018-07-13 17:07:45.247 [IPControllerApp] heartbeat::missed b'd266614c-0f26c1d3c3cf5c461ce5145e' : 5
2018-07-13 17:07:45.247 [IPControllerApp] heartbeat::missed b'db4d25a2-6dd21d6aef528fe2a2d0d783' : 5
2018-07-13 17:07:45.247 [IPControllerApp] heartbeat::missed b'4e5de07e-113f00b9dab9de848b4ade0d' : 5
2018-07-13 17:07:45.247 [IPControllerApp] heartbeat::missed b'859fd939-ad61fdfcda5da1bb9023534a' : 2
2018-07-13 17:07:45.247 [IPControllerApp] heartbeat::missed b'06952723-e7e0d949c5dacb835db5b8b8' : 2
2018-07-13 17:07:45.247 [IPControllerApp] heartbeat::missed b'2f05c141-8ec29d7a7eb25a4d4c1dbb22' : 2
2018-07-13 17:07:45.247 [IPControllerApp] heartbeat::missed b'd3de8f74-fd75c5c96bfb438f7b45de56' : 2
2018-07-13 17:07:45.247 [IPControllerApp] heartbeat::missed b'da10a13d-188cf4020752fe47d1406256' : 2
2018-07-13 17:07:45.247 [IPControllerApp] heartbeat::missed b'45305453-883ae7ff500491690a8fa30d' : 5
2018-07-13 17:07:45.247 [IPControllerApp] heartbeat::missed b'b2f6b803-bf2f6629af03946bb14ea083' : 2
2018-07-13 17:07:45.247 [IPControllerApp] heartbeat::missed b'ea33bcb6-32ac2387a470842c6e27d457' : 2
2018-07-13 17:07:45.248 [IPControllerApp] heartbeat::missed b'9d7b0671-fff20e765cdccafbfd5cec57' : 2
2018-07-13 17:07:45.248 [IPControllerApp] heartbeat::missed b'e52070f3-73181efaefae1628b37f64a9' : 2
2018-07-13 17:07:45.248 [IPControllerApp] heartbeat::missed b'9b5bb83c-494258c66714f61c737e01ed' : 5
2018-07-13 17:07:45.248 [IPControllerApp] heartbeat::missed b'b3b33cd4-3b3dd2eae23a8bc97dafd443' : 5
2018-07-13 17:07:45.248 [IPControllerApp] heartbeat::missed b'5dcf0090-6286f2a9946f147626eac5aa' : 2
2018-07-13 17:07:45.248 [IPControllerApp] heartbeat::missed b'a8675895-f273c38eaaf46d5fbc6ad598' : 5
2018-07-13 17:07:45.248 [IPControllerApp] heartbeat::missed b'555993ce-eb657e3ade21f8a37711badd' : 2
2018-07-13 17:07:45.248 [IPControllerApp] heartbeat::missed b'961e8333-678abbe59a48f561c1e7f89f' : 5
2018-07-13 17:07:45.248 [IPControllerApp] heartbeat::missed b'52b53582-113fb6eb4608ce7992e8d4e8' : 2
2018-07-13 17:07:45.248 [IPControllerApp] heartbeat::missed b'c71b604d-7e4362e1a5f6729970cebe50' : 2
2018-07-13 17:07:45.248 [IPControllerApp] heartbeat::missed b'29d686a6-e4f6f4652e68a4132ec620cc' : 2
2018-07-13 17:07:45.248 [IPControllerApp] heartbeat::missed b'fc79768e-47f5b36ccebff7ae5aeb0484' : 2
2018-07-13 17:07:45.248 [IPControllerApp] heartbeat::missed b'528ed51c-40e27463fb53c127d9c8a3fc' : 2
2018-07-13 17:07:45.248 [IPControllerApp] heartbeat::missed b'f966bf37-148f57a260a619d0034af7f0' : 2
2018-07-13 17:07:45.248 [IPControllerApp] heartbeat::missed b'ab8694a4-581c786f0418dc8215ba4fe9' : 5
2018-07-13 17:07:45.248 [IPControllerApp] heartbeat::missed b'a71b524a-2910117e1e22ce0c1e30c16c' : 2
2018-07-13 17:07:45.248 [IPControllerApp] heartbeat::missed b'eca07764-646c0c545cbf4d3945b55c7b' : 5
2018-07-13 17:07:45.249 [IPControllerApp] heartbeat::missed b'203e6419-5ecdcb9c4afde5f612a15a34' : 2
2018-07-13 17:07:45.249 [IPControllerApp] heartbeat::missed b'30980d97-aa8c444076e150f1851c2ba6' : 2
2018-07-13 17:07:45.249 [IPControllerApp] heartbeat::missed b'217c8f1d-6a83c4b078a950f3b8785d1d' : 2
2018-07-13 17:07:45.249 [IPControllerApp] heartbeat::missed b'f13f69dc-3198669f5a5b59023aa4fddb' : 5
2018-07-13 17:07:45.249 [IPControllerApp] heartbeat::missed b'75944e30-f97ef7ca4eef0590a72b3657' : 2
2018-07-13 17:07:45.249 [IPControllerApp] heartbeat::missed b'03ce55da-bc4e51405440cdbcd9d8b1dd' : 2
2018-07-13 17:07:48.246 [IPControllerApp] heartbeat::missed b'e03a176c-943445e75a4da4647ef7bdc7' : 3
2018-07-13 17:07:48.246 [IPControllerApp] heartbeat::missed b'e3e4b5cc-9fab56b8a2918e10fd28d06b' : 3
2018-07-13 17:07:48.246 [IPControllerApp] heartbeat::missed b'8b2849db-4e249fa3c4540f2aea140a28' : 3
2018-07-13 17:07:48.246 [IPControllerApp] heartbeat::missed b'f4d261e8-f9c37de3b301c7887bc68f30' : 3
2018-07-13 17:07:48.246 [IPControllerApp] heartbeat::missed b'57d611b1-4b72812f23effec3211ce286' : 3
2018-07-13 17:07:48.247 [IPControllerApp] heartbeat::missed b'34119e9e-3211746a8c76fe4c0eeafed1' : 7
2018-07-13 17:07:48.247 [IPControllerApp] heartbeat::missed b'929538f2-133866b1de0972d7185435eb' : 3
2018-07-13 17:07:48.247 [IPControllerApp] heartbeat::missed b'498f72a5-b95b29f983132d33de2f0e39' : 3
2018-07-13 17:07:48.247 [IPControllerApp] heartbeat::missed b'079d13dd-39d8fa08e568f7bca77f4de7' : 3
2018-07-13 17:07:48.247 [IPControllerApp] heartbeat::missed b'e1f4fd4e-be71d0cfc33fe9b6747e21f9' : 6
2018-07-13 17:07:48.247 [IPControllerApp] heartbeat::missed b'd1d12524-5caac3f2422c659fd884d60a' : 3
2018-07-13 17:07:48.247 [IPControllerApp] heartbeat::missed b'd266614c-0f26c1d3c3cf5c461ce5145e' : 6
2018-07-13 17:07:48.247 [IPControllerApp] heartbeat::missed b'db4d25a2-6dd21d6aef528fe2a2d0d783' : 6
2018-07-13 17:07:48.247 [IPControllerApp] heartbeat::missed b'4e5de07e-113f00b9dab9de848b4ade0d' : 6
2018-07-13 17:07:48.247 [IPControllerApp] heartbeat::missed b'859fd939-ad61fdfcda5da1bb9023534a' : 3
2018-07-13 17:07:48.247 [IPControllerApp] heartbeat::missed b'06952723-e7e0d949c5dacb835db5b8b8' : 3
2018-07-13 17:07:48.247 [IPControllerApp] heartbeat::missed b'2f05c141-8ec29d7a7eb25a4d4c1dbb22' : 3
2018-07-13 17:07:48.247 [IPControllerApp] heartbeat::missed b'd3de8f74-fd75c5c96bfb438f7b45de56' : 3
2018-07-13 17:07:48.247 [IPControllerApp] heartbeat::missed b'da10a13d-188cf4020752fe47d1406256' : 3
2018-07-13 17:07:48.247 [IPControllerApp] heartbeat::missed b'45305453-883ae7ff500491690a8fa30d' : 6
2018-07-13 17:07:48.247 [IPControllerApp] heartbeat::missed b'b2f6b803-bf2f6629af03946bb14ea083' : 3
2018-07-13 17:07:48.248 [IPControllerApp] heartbeat::missed b'ea33bcb6-32ac2387a470842c6e27d457' : 3
2018-07-13 17:07:48.248 [IPControllerApp] heartbeat::missed b'9d7b0671-fff20e765cdccafbfd5cec57' : 3
2018-07-13 17:07:48.248 [IPControllerApp] heartbeat::missed b'e52070f3-73181efaefae1628b37f64a9' : 3
2018-07-13 17:07:48.248 [IPControllerApp] heartbeat::missed b'9b5bb83c-494258c66714f61c737e01ed' : 6
2018-07-13 17:07:48.248 [IPControllerApp] heartbeat::missed b'b3b33cd4-3b3dd2eae23a8bc97dafd443' : 6
2018-07-13 17:07:48.248 [IPControllerApp] heartbeat::missed b'5dcf0090-6286f2a9946f147626eac5aa' : 3
2018-07-13 17:07:48.248 [IPControllerApp] heartbeat::missed b'a8675895-f273c38eaaf46d5fbc6ad598' : 6
2018-07-13 17:07:48.248 [IPControllerApp] heartbeat::missed b'555993ce-eb657e3ade21f8a37711badd' : 3
2018-07-13 17:07:48.248 [IPControllerApp] heartbeat::missed b'961e8333-678abbe59a48f561c1e7f89f' : 6
2018-07-13 17:07:48.248 [IPControllerApp] heartbeat::missed b'52b53582-113fb6eb4608ce7992e8d4e8' : 3
2018-07-13 17:07:48.248 [IPControllerApp] heartbeat::missed b'c71b604d-7e4362e1a5f6729970cebe50' : 3
2018-07-13 17:07:48.248 [IPControllerApp] heartbeat::missed b'29d686a6-e4f6f4652e68a4132ec620cc' : 3
2018-07-13 17:07:48.248 [IPControllerApp] heartbeat::missed b'fc79768e-47f5b36ccebff7ae5aeb0484' : 3
2018-07-13 17:07:48.248 [IPControllerApp] heartbeat::missed b'528ed51c-40e27463fb53c127d9c8a3fc' : 3
2018-07-13 17:07:48.248 [IPControllerApp] heartbeat::missed b'f966bf37-148f57a260a619d0034af7f0' : 3
2018-07-13 17:07:48.248 [IPControllerApp] heartbeat::missed b'ab8694a4-581c786f0418dc8215ba4fe9' : 6
2018-07-13 17:07:48.249 [IPControllerApp] heartbeat::missed b'a71b524a-2910117e1e22ce0c1e30c16c' : 3
2018-07-13 17:07:48.249 [IPControllerApp] heartbeat::missed b'eca07764-646c0c545cbf4d3945b55c7b' : 6
2018-07-13 17:07:48.249 [IPControllerApp] heartbeat::missed b'203e6419-5ecdcb9c4afde5f612a15a34' : 3
2018-07-13 17:07:48.249 [IPControllerApp] heartbeat::missed b'30980d97-aa8c444076e150f1851c2ba6' : 3
2018-07-13 17:07:48.249 [IPControllerApp] heartbeat::missed b'217c8f1d-6a83c4b078a950f3b8785d1d' : 3
2018-07-13 17:07:48.249 [IPControllerApp] heartbeat::missed b'f13f69dc-3198669f5a5b59023aa4fddb' : 6
2018-07-13 17:07:48.249 [IPControllerApp] heartbeat::missed b'75944e30-f97ef7ca4eef0590a72b3657' : 3
2018-07-13 17:07:48.249 [IPControllerApp] heartbeat::missed b'03ce55da-bc4e51405440cdbcd9d8b1dd' : 3
2018-07-13 17:07:48.539 [IPControllerApp] registration::purging stalled registration: 2
2018-07-13 17:07:51.246 [IPControllerApp] heartbeat::missed b'e03a176c-943445e75a4da4647ef7bdc7' : 4
2018-07-13 17:07:51.246 [IPControllerApp] heartbeat::missed b'e3e4b5cc-9fab56b8a2918e10fd28d06b' : 4
2018-07-13 17:07:51.246 [IPControllerApp] heartbeat::missed b'8b2849db-4e249fa3c4540f2aea140a28' : 4
2018-07-13 17:07:51.246 [IPControllerApp] heartbeat::missed b'f4d261e8-f9c37de3b301c7887bc68f30' : 4
2018-07-13 17:07:51.246 [IPControllerApp] heartbeat::missed b'57d611b1-4b72812f23effec3211ce286' : 4
2018-07-13 17:07:51.246 [IPControllerApp] heartbeat::missed b'34119e9e-3211746a8c76fe4c0eeafed1' : 8
2018-07-13 17:07:51.246 [IPControllerApp] heartbeat::missed b'929538f2-133866b1de0972d7185435eb' : 4
2018-07-13 17:07:51.246 [IPControllerApp] heartbeat::missed b'498f72a5-b95b29f983132d33de2f0e39' : 4
2018-07-13 17:07:51.246 [IPControllerApp] heartbeat::missed b'079d13dd-39d8fa08e568f7bca77f4de7' : 4
2018-07-13 17:07:51.246 [IPControllerApp] heartbeat::missed b'e1f4fd4e-be71d0cfc33fe9b6747e21f9' : 7
2018-07-13 17:07:51.246 [IPControllerApp] heartbeat::missed b'd1d12524-5caac3f2422c659fd884d60a' : 4
2018-07-13 17:07:51.246 [IPControllerApp] heartbeat::missed b'd266614c-0f26c1d3c3cf5c461ce5145e' : 7
2018-07-13 17:07:51.246 [IPControllerApp] heartbeat::missed b'db4d25a2-6dd21d6aef528fe2a2d0d783' : 7
2018-07-13 17:07:51.246 [IPControllerApp] heartbeat::missed b'4e5de07e-113f00b9dab9de848b4ade0d' : 7
2018-07-13 17:07:51.247 [IPControllerApp] heartbeat::missed b'859fd939-ad61fdfcda5da1bb9023534a' : 4
2018-07-13 17:07:51.247 [IPControllerApp] heartbeat::missed b'06952723-e7e0d949c5dacb835db5b8b8' : 4
2018-07-13 17:07:51.247 [IPControllerApp] heartbeat::missed b'2f05c141-8ec29d7a7eb25a4d4c1dbb22' : 4
2018-07-13 17:07:51.247 [IPControllerApp] heartbeat::missed b'd3de8f74-fd75c5c96bfb438f7b45de56' : 4
2018-07-13 17:07:51.247 [IPControllerApp] heartbeat::missed b'da10a13d-188cf4020752fe47d1406256' : 4
2018-07-13 17:07:51.247 [IPControllerApp] heartbeat::missed b'45305453-883ae7ff500491690a8fa30d' : 7
2018-07-13 17:07:51.247 [IPControllerApp] heartbeat::missed b'b2f6b803-bf2f6629af03946bb14ea083' : 4
2018-07-13 17:07:51.247 [IPControllerApp] heartbeat::missed b'ea33bcb6-32ac2387a470842c6e27d457' : 4
2018-07-13 17:07:51.247 [IPControllerApp] heartbeat::missed b'9d7b0671-fff20e765cdccafbfd5cec57' : 4
2018-07-13 17:07:51.247 [IPControllerApp] heartbeat::missed b'e52070f3-73181efaefae1628b37f64a9' : 4
2018-07-13 17:07:51.247 [IPControllerApp] heartbeat::missed b'9b5bb83c-494258c66714f61c737e01ed' : 7
2018-07-13 17:07:51.247 [IPControllerApp] heartbeat::missed b'b3b33cd4-3b3dd2eae23a8bc97dafd443' : 7
2018-07-13 17:07:51.247 [IPControllerApp] heartbeat::missed b'5dcf0090-6286f2a9946f147626eac5aa' : 4
2018-07-13 17:07:51.247 [IPControllerApp] heartbeat::missed b'a8675895-f273c38eaaf46d5fbc6ad598' : 7
2018-07-13 17:07:51.247 [IPControllerApp] heartbeat::missed b'555993ce-eb657e3ade21f8a37711badd' : 4
2018-07-13 17:07:51.247 [IPControllerApp] heartbeat::missed b'961e8333-678abbe59a48f561c1e7f89f' : 7
2018-07-13 17:07:51.248 [IPControllerApp] heartbeat::missed b'52b53582-113fb6eb4608ce7992e8d4e8' : 4
2018-07-13 17:07:51.248 [IPControllerApp] heartbeat::missed b'c71b604d-7e4362e1a5f6729970cebe50' : 4
2018-07-13 17:07:51.248 [IPControllerApp] heartbeat::missed b'29d686a6-e4f6f4652e68a4132ec620cc' : 4
2018-07-13 17:07:51.248 [IPControllerApp] heartbeat::missed b'fc79768e-47f5b36ccebff7ae5aeb0484' : 4
2018-07-13 17:07:51.248 [IPControllerApp] heartbeat::missed b'528ed51c-40e27463fb53c127d9c8a3fc' : 4
2018-07-13 17:07:51.248 [IPControllerApp] heartbeat::missed b'f966bf37-148f57a260a619d0034af7f0' : 4
2018-07-13 17:07:51.248 [IPControllerApp] heartbeat::missed b'ab8694a4-581c786f0418dc8215ba4fe9' : 7
2018-07-13 17:07:51.248 [IPControllerApp] heartbeat::missed b'a71b524a-2910117e1e22ce0c1e30c16c' : 4
2018-07-13 17:07:51.248 [IPControllerApp] heartbeat::missed b'eca07764-646c0c545cbf4d3945b55c7b' : 7
2018-07-13 17:07:51.248 [IPControllerApp] heartbeat::missed b'203e6419-5ecdcb9c4afde5f612a15a34' : 4
2018-07-13 17:07:51.248 [IPControllerApp] heartbeat::missed b'30980d97-aa8c444076e150f1851c2ba6' : 4
2018-07-13 17:07:51.248 [IPControllerApp] heartbeat::missed b'217c8f1d-6a83c4b078a950f3b8785d1d' : 4
2018-07-13 17:07:51.248 [IPControllerApp] heartbeat::missed b'f13f69dc-3198669f5a5b59023aa4fddb' : 7
2018-07-13 17:07:51.249 [IPControllerApp] heartbeat::missed b'75944e30-f97ef7ca4eef0590a72b3657' : 4
2018-07-13 17:07:51.249 [IPControllerApp] heartbeat::missed b'03ce55da-bc4e51405440cdbcd9d8b1dd' : 4
2018-07-13 17:07:54.246 [IPControllerApp] heartbeat::missed b'e03a176c-943445e75a4da4647ef7bdc7' : 5
2018-07-13 17:07:54.246 [IPControllerApp] heartbeat::missed b'e3e4b5cc-9fab56b8a2918e10fd28d06b' : 5
2018-07-13 17:07:54.246 [IPControllerApp] heartbeat::missed b'8b2849db-4e249fa3c4540f2aea140a28' : 5
2018-07-13 17:07:54.246 [IPControllerApp] heartbeat::missed b'f4d261e8-f9c37de3b301c7887bc68f30' : 5
2018-07-13 17:07:54.246 [IPControllerApp] heartbeat::missed b'57d611b1-4b72812f23effec3211ce286' : 5
2018-07-13 17:07:54.247 [IPControllerApp] heartbeat::missed b'34119e9e-3211746a8c76fe4c0eeafed1' : 9
2018-07-13 17:07:54.247 [IPControllerApp] heartbeat::missed b'929538f2-133866b1de0972d7185435eb' : 5
2018-07-13 17:07:54.247 [IPControllerApp] heartbeat::missed b'498f72a5-b95b29f983132d33de2f0e39' : 5
2018-07-13 17:07:54.247 [IPControllerApp] heartbeat::missed b'079d13dd-39d8fa08e568f7bca77f4de7' : 5
2018-07-13 17:07:54.247 [IPControllerApp] heartbeat::missed b'e1f4fd4e-be71d0cfc33fe9b6747e21f9' : 8
2018-07-13 17:07:54.247 [IPControllerApp] heartbeat::missed b'd1d12524-5caac3f2422c659fd884d60a' : 5
2018-07-13 17:07:54.247 [IPControllerApp] heartbeat::missed b'd266614c-0f26c1d3c3cf5c461ce5145e' : 8
2018-07-13 17:07:54.247 [IPControllerApp] heartbeat::missed b'db4d25a2-6dd21d6aef528fe2a2d0d783' : 8
2018-07-13 17:07:54.247 [IPControllerApp] heartbeat::missed b'4e5de07e-113f00b9dab9de848b4ade0d' : 8
2018-07-13 17:07:54.247 [IPControllerApp] heartbeat::missed b'859fd939-ad61fdfcda5da1bb9023534a' : 5
2018-07-13 17:07:54.247 [IPControllerApp] heartbeat::missed b'06952723-e7e0d949c5dacb835db5b8b8' : 5
2018-07-13 17:07:54.247 [IPControllerApp] heartbeat::missed b'2f05c141-8ec29d7a7eb25a4d4c1dbb22' : 5
2018-07-13 17:07:54.247 [IPControllerApp] heartbeat::missed b'd3de8f74-fd75c5c96bfb438f7b45de56' : 5
2018-07-13 17:07:54.247 [IPControllerApp] heartbeat::missed b'da10a13d-188cf4020752fe47d1406256' : 5
2018-07-13 17:07:54.247 [IPControllerApp] heartbeat::missed b'45305453-883ae7ff500491690a8fa30d' : 8
2018-07-13 17:07:54.247 [IPControllerApp] heartbeat::missed b'b2f6b803-bf2f6629af03946bb14ea083' : 5
2018-07-13 17:07:54.248 [IPControllerApp] heartbeat::missed b'ea33bcb6-32ac2387a470842c6e27d457' : 5
2018-07-13 17:07:54.248 [IPControllerApp] heartbeat::missed b'9d7b0671-fff20e765cdccafbfd5cec57' : 5
2018-07-13 17:07:54.248 [IPControllerApp] heartbeat::missed b'e52070f3-73181efaefae1628b37f64a9' : 5
2018-07-13 17:07:54.248 [IPControllerApp] heartbeat::missed b'9b5bb83c-494258c66714f61c737e01ed' : 8
2018-07-13 17:07:54.248 [IPControllerApp] heartbeat::missed b'b3b33cd4-3b3dd2eae23a8bc97dafd443' : 8
2018-07-13 17:07:54.248 [IPControllerApp] heartbeat::missed b'5dcf0090-6286f2a9946f147626eac5aa' : 5
2018-07-13 17:07:54.248 [IPControllerApp] heartbeat::missed b'a8675895-f273c38eaaf46d5fbc6ad598' : 8
2018-07-13 17:07:54.248 [IPControllerApp] heartbeat::missed b'555993ce-eb657e3ade21f8a37711badd' : 5
2018-07-13 17:07:54.248 [IPControllerApp] heartbeat::missed b'961e8333-678abbe59a48f561c1e7f89f' : 8
2018-07-13 17:07:54.248 [IPControllerApp] heartbeat::missed b'52b53582-113fb6eb4608ce7992e8d4e8' : 5
2018-07-13 17:07:54.248 [IPControllerApp] heartbeat::missed b'c71b604d-7e4362e1a5f6729970cebe50' : 5
2018-07-13 17:07:54.248 [IPControllerApp] heartbeat::missed b'29d686a6-e4f6f4652e68a4132ec620cc' : 5
2018-07-13 17:07:54.248 [IPControllerApp] heartbeat::missed b'fc79768e-47f5b36ccebff7ae5aeb0484' : 5
2018-07-13 17:07:54.248 [IPControllerApp] heartbeat::missed b'528ed51c-40e27463fb53c127d9c8a3fc' : 5
2018-07-13 17:07:54.248 [IPControllerApp] heartbeat::missed b'f966bf37-148f57a260a619d0034af7f0' : 5
2018-07-13 17:07:54.249 [IPControllerApp] heartbeat::missed b'ab8694a4-581c786f0418dc8215ba4fe9' : 8
2018-07-13 17:07:54.249 [IPControllerApp] heartbeat::missed b'a71b524a-2910117e1e22ce0c1e30c16c' : 5
2018-07-13 17:07:54.249 [IPControllerApp] heartbeat::missed b'eca07764-646c0c545cbf4d3945b55c7b' : 8
2018-07-13 17:07:54.249 [IPControllerApp] heartbeat::missed b'203e6419-5ecdcb9c4afde5f612a15a34' : 5
2018-07-13 17:07:54.249 [IPControllerApp] heartbeat::missed b'30980d97-aa8c444076e150f1851c2ba6' : 5
2018-07-13 17:07:54.249 [IPControllerApp] heartbeat::missed b'217c8f1d-6a83c4b078a950f3b8785d1d' : 5
2018-07-13 17:07:54.249 [IPControllerApp] heartbeat::missed b'f13f69dc-3198669f5a5b59023aa4fddb' : 8
2018-07-13 17:07:54.249 [IPControllerApp] heartbeat::missed b'75944e30-f97ef7ca4eef0590a72b3657' : 5
2018-07-13 17:07:54.249 [IPControllerApp] heartbeat::missed b'03ce55da-bc4e51405440cdbcd9d8b1dd' : 5
2018-07-13 17:07:57.246 [IPControllerApp] heartbeat::missed b'e03a176c-943445e75a4da4647ef7bdc7' : 6
2018-07-13 17:07:57.246 [IPControllerApp] heartbeat::missed b'e3e4b5cc-9fab56b8a2918e10fd28d06b' : 6
2018-07-13 17:07:57.246 [IPControllerApp] heartbeat::missed b'8b2849db-4e249fa3c4540f2aea140a28' : 6
2018-07-13 17:07:57.246 [IPControllerApp] heartbeat::missed b'f4d261e8-f9c37de3b301c7887bc68f30' : 6
2018-07-13 17:07:57.246 [IPControllerApp] heartbeat::missed b'57d611b1-4b72812f23effec3211ce286' : 6
2018-07-13 17:07:57.247 [IPControllerApp] heartbeat::missed b'34119e9e-3211746a8c76fe4c0eeafed1' : 10
2018-07-13 17:07:57.247 [IPControllerApp] heartbeat::missed b'929538f2-133866b1de0972d7185435eb' : 6
2018-07-13 17:07:57.247 [IPControllerApp] heartbeat::missed b'498f72a5-b95b29f983132d33de2f0e39' : 6
2018-07-13 17:07:57.247 [IPControllerApp] heartbeat::missed b'079d13dd-39d8fa08e568f7bca77f4de7' : 6
2018-07-13 17:07:57.247 [IPControllerApp] heartbeat::missed b'e1f4fd4e-be71d0cfc33fe9b6747e21f9' : 9
2018-07-13 17:07:57.247 [IPControllerApp] heartbeat::missed b'd1d12524-5caac3f2422c659fd884d60a' : 6
2018-07-13 17:07:57.247 [IPControllerApp] heartbeat::missed b'd266614c-0f26c1d3c3cf5c461ce5145e' : 9
2018-07-13 17:07:57.247 [IPControllerApp] heartbeat::missed b'db4d25a2-6dd21d6aef528fe2a2d0d783' : 9
2018-07-13 17:07:57.247 [IPControllerApp] heartbeat::missed b'4e5de07e-113f00b9dab9de848b4ade0d' : 9
2018-07-13 17:07:57.247 [IPControllerApp] heartbeat::missed b'859fd939-ad61fdfcda5da1bb9023534a' : 6
2018-07-13 17:07:57.247 [IPControllerApp] heartbeat::missed b'06952723-e7e0d949c5dacb835db5b8b8' : 6
2018-07-13 17:07:57.247 [IPControllerApp] heartbeat::missed b'2f05c141-8ec29d7a7eb25a4d4c1dbb22' : 6
2018-07-13 17:07:57.247 [IPControllerApp] heartbeat::missed b'd3de8f74-fd75c5c96bfb438f7b45de56' : 6
2018-07-13 17:07:57.247 [IPControllerApp] heartbeat::missed b'da10a13d-188cf4020752fe47d1406256' : 6
2018-07-13 17:07:57.247 [IPControllerApp] heartbeat::missed b'45305453-883ae7ff500491690a8fa30d' : 9
2018-07-13 17:07:57.247 [IPControllerApp] heartbeat::missed b'b2f6b803-bf2f6629af03946bb14ea083' : 6
2018-07-13 17:07:57.247 [IPControllerApp] heartbeat::missed b'ea33bcb6-32ac2387a470842c6e27d457' : 6
2018-07-13 17:07:57.248 [IPControllerApp] heartbeat::missed b'9d7b0671-fff20e765cdccafbfd5cec57' : 6
2018-07-13 17:07:57.248 [IPControllerApp] heartbeat::missed b'e52070f3-73181efaefae1628b37f64a9' : 6
2018-07-13 17:07:57.248 [IPControllerApp] heartbeat::missed b'9b5bb83c-494258c66714f61c737e01ed' : 9
2018-07-13 17:07:57.248 [IPControllerApp] heartbeat::missed b'b3b33cd4-3b3dd2eae23a8bc97dafd443' : 9
2018-07-13 17:07:57.248 [IPControllerApp] heartbeat::missed b'5dcf0090-6286f2a9946f147626eac5aa' : 6
2018-07-13 17:07:57.248 [IPControllerApp] heartbeat::missed b'a8675895-f273c38eaaf46d5fbc6ad598' : 9
2018-07-13 17:07:57.248 [IPControllerApp] heartbeat::missed b'555993ce-eb657e3ade21f8a37711badd' : 6
2018-07-13 17:07:57.248 [IPControllerApp] heartbeat::missed b'961e8333-678abbe59a48f561c1e7f89f' : 9
2018-07-13 17:07:57.248 [IPControllerApp] heartbeat::missed b'52b53582-113fb6eb4608ce7992e8d4e8' : 6
2018-07-13 17:07:57.248 [IPControllerApp] heartbeat::missed b'c71b604d-7e4362e1a5f6729970cebe50' : 6
2018-07-13 17:07:57.248 [IPControllerApp] heartbeat::missed b'29d686a6-e4f6f4652e68a4132ec620cc' : 6
2018-07-13 17:07:57.248 [IPControllerApp] heartbeat::missed b'fc79768e-47f5b36ccebff7ae5aeb0484' : 6
2018-07-13 17:07:57.248 [IPControllerApp] heartbeat::missed b'528ed51c-40e27463fb53c127d9c8a3fc' : 6
2018-07-13 17:07:57.248 [IPControllerApp] heartbeat::missed b'f966bf37-148f57a260a619d0034af7f0' : 6
2018-07-13 17:07:57.248 [IPControllerApp] heartbeat::missed b'ab8694a4-581c786f0418dc8215ba4fe9' : 9
2018-07-13 17:07:57.248 [IPControllerApp] heartbeat::missed b'a71b524a-2910117e1e22ce0c1e30c16c' : 6
2018-07-13 17:07:57.249 [IPControllerApp] heartbeat::missed b'eca07764-646c0c545cbf4d3945b55c7b' : 9
2018-07-13 17:07:57.249 [IPControllerApp] heartbeat::missed b'203e6419-5ecdcb9c4afde5f612a15a34' : 6
2018-07-13 17:07:57.249 [IPControllerApp] heartbeat::missed b'30980d97-aa8c444076e150f1851c2ba6' : 6
2018-07-13 17:07:57.249 [IPControllerApp] heartbeat::missed b'217c8f1d-6a83c4b078a950f3b8785d1d' : 6
2018-07-13 17:07:57.249 [IPControllerApp] heartbeat::missed b'f13f69dc-3198669f5a5b59023aa4fddb' : 9
2018-07-13 17:07:57.249 [IPControllerApp] heartbeat::missed b'75944e30-f97ef7ca4eef0590a72b3657' : 6
2018-07-13 17:07:57.249 [IPControllerApp] heartbeat::missed b'03ce55da-bc4e51405440cdbcd9d8b1dd' : 6
2018-07-13 17:08:00.246 [IPControllerApp] heartbeat::missed b'e03a176c-943445e75a4da4647ef7bdc7' : 7
2018-07-13 17:08:00.246 [IPControllerApp] heartbeat::missed b'e3e4b5cc-9fab56b8a2918e10fd28d06b' : 7
2018-07-13 17:08:00.246 [IPControllerApp] heartbeat::missed b'8b2849db-4e249fa3c4540f2aea140a28' : 7
2018-07-13 17:08:00.246 [IPControllerApp] heartbeat::missed b'f4d261e8-f9c37de3b301c7887bc68f30' : 7
2018-07-13 17:08:00.246 [IPControllerApp] heartbeat::missed b'57d611b1-4b72812f23effec3211ce286' : 7
2018-07-13 17:08:00.247 [IPControllerApp] heartbeat::missed b'34119e9e-3211746a8c76fe4c0eeafed1' : 11
2018-07-13 17:08:00.247 [IPControllerApp] heartbeat::missed b'929538f2-133866b1de0972d7185435eb' : 7
2018-07-13 17:08:00.247 [IPControllerApp] heartbeat::missed b'498f72a5-b95b29f983132d33de2f0e39' : 7
2018-07-13 17:08:00.247 [IPControllerApp] heartbeat::missed b'079d13dd-39d8fa08e568f7bca77f4de7' : 7
2018-07-13 17:08:00.247 [IPControllerApp] heartbeat::missed b'e1f4fd4e-be71d0cfc33fe9b6747e21f9' : 10
2018-07-13 17:08:00.247 [IPControllerApp] heartbeat::missed b'd1d12524-5caac3f2422c659fd884d60a' : 7
2018-07-13 17:08:00.247 [IPControllerApp] heartbeat::missed b'd266614c-0f26c1d3c3cf5c461ce5145e' : 10
2018-07-13 17:08:00.247 [IPControllerApp] heartbeat::missed b'db4d25a2-6dd21d6aef528fe2a2d0d783' : 10
2018-07-13 17:08:00.247 [IPControllerApp] heartbeat::missed b'4e5de07e-113f00b9dab9de848b4ade0d' : 10
2018-07-13 17:08:00.247 [IPControllerApp] heartbeat::missed b'859fd939-ad61fdfcda5da1bb9023534a' : 7
2018-07-13 17:08:00.247 [IPControllerApp] heartbeat::missed b'06952723-e7e0d949c5dacb835db5b8b8' : 7
2018-07-13 17:08:00.247 [IPControllerApp] heartbeat::missed b'2f05c141-8ec29d7a7eb25a4d4c1dbb22' : 7
2018-07-13 17:08:00.247 [IPControllerApp] heartbeat::missed b'd3de8f74-fd75c5c96bfb438f7b45de56' : 7
2018-07-13 17:08:00.247 [IPControllerApp] heartbeat::missed b'da10a13d-188cf4020752fe47d1406256' : 7
2018-07-13 17:08:00.248 [IPControllerApp] heartbeat::missed b'45305453-883ae7ff500491690a8fa30d' : 10
2018-07-13 17:08:00.248 [IPControllerApp] heartbeat::missed b'b2f6b803-bf2f6629af03946bb14ea083' : 7
2018-07-13 17:08:00.248 [IPControllerApp] heartbeat::missed b'ea33bcb6-32ac2387a470842c6e27d457' : 7
2018-07-13 17:08:00.248 [IPControllerApp] heartbeat::missed b'9d7b0671-fff20e765cdccafbfd5cec57' : 7
2018-07-13 17:08:00.248 [IPControllerApp] heartbeat::missed b'e52070f3-73181efaefae1628b37f64a9' : 7
2018-07-13 17:08:00.248 [IPControllerApp] heartbeat::missed b'9b5bb83c-494258c66714f61c737e01ed' : 10
2018-07-13 17:08:00.248 [IPControllerApp] heartbeat::missed b'b3b33cd4-3b3dd2eae23a8bc97dafd443' : 10
2018-07-13 17:08:00.248 [IPControllerApp] heartbeat::missed b'5dcf0090-6286f2a9946f147626eac5aa' : 7
2018-07-13 17:08:00.248 [IPControllerApp] heartbeat::missed b'a8675895-f273c38eaaf46d5fbc6ad598' : 10
2018-07-13 17:08:00.248 [IPControllerApp] heartbeat::missed b'555993ce-eb657e3ade21f8a37711badd' : 7
2018-07-13 17:08:00.248 [IPControllerApp] heartbeat::missed b'961e8333-678abbe59a48f561c1e7f89f' : 10
2018-07-13 17:08:00.248 [IPControllerApp] heartbeat::missed b'52b53582-113fb6eb4608ce7992e8d4e8' : 7
2018-07-13 17:08:00.248 [IPControllerApp] heartbeat::missed b'c71b604d-7e4362e1a5f6729970cebe50' : 7
2018-07-13 17:08:00.248 [IPControllerApp] heartbeat::missed b'29d686a6-e4f6f4652e68a4132ec620cc' : 7
2018-07-13 17:08:00.248 [IPControllerApp] heartbeat::missed b'fc79768e-47f5b36ccebff7ae5aeb0484' : 7
2018-07-13 17:08:00.248 [IPControllerApp] heartbeat::missed b'528ed51c-40e27463fb53c127d9c8a3fc' : 7
2018-07-13 17:08:00.248 [IPControllerApp] heartbeat::missed b'f966bf37-148f57a260a619d0034af7f0' : 7
2018-07-13 17:08:00.249 [IPControllerApp] heartbeat::missed b'ab8694a4-581c786f0418dc8215ba4fe9' : 10
2018-07-13 17:08:00.249 [IPControllerApp] heartbeat::missed b'a71b524a-2910117e1e22ce0c1e30c16c' : 7
2018-07-13 17:08:00.249 [IPControllerApp] heartbeat::missed b'eca07764-646c0c545cbf4d3945b55c7b' : 10
2018-07-13 17:08:00.249 [IPControllerApp] heartbeat::missed b'203e6419-5ecdcb9c4afde5f612a15a34' : 7
2018-07-13 17:08:00.249 [IPControllerApp] heartbeat::missed b'30980d97-aa8c444076e150f1851c2ba6' : 7
2018-07-13 17:08:00.249 [IPControllerApp] heartbeat::missed b'217c8f1d-6a83c4b078a950f3b8785d1d' : 7
2018-07-13 17:08:00.249 [IPControllerApp] heartbeat::missed b'f13f69dc-3198669f5a5b59023aa4fddb' : 10
2018-07-13 17:08:00.249 [IPControllerApp] heartbeat::missed b'75944e30-f97ef7ca4eef0590a72b3657' : 7
2018-07-13 17:08:00.249 [IPControllerApp] heartbeat::missed b'03ce55da-bc4e51405440cdbcd9d8b1dd' : 7
2018-07-13 17:08:00.249 [IPControllerApp] registration::unregister_engine(35)
2018-07-13 17:08:03.247 [IPControllerApp] heartbeat::missed b'e03a176c-943445e75a4da4647ef7bdc7' : 8
2018-07-13 17:08:03.247 [IPControllerApp] heartbeat::missed b'e3e4b5cc-9fab56b8a2918e10fd28d06b' : 8
2018-07-13 17:08:03.247 [IPControllerApp] heartbeat::missed b'8b2849db-4e249fa3c4540f2aea140a28' : 8
2018-07-13 17:08:03.247 [IPControllerApp] heartbeat::missed b'f4d261e8-f9c37de3b301c7887bc68f30' : 8
2018-07-13 17:08:03.247 [IPControllerApp] heartbeat::missed b'57d611b1-4b72812f23effec3211ce286' : 8
2018-07-13 17:08:03.247 [IPControllerApp] heartbeat::missed b'929538f2-133866b1de0972d7185435eb' : 8
2018-07-13 17:08:03.247 [IPControllerApp] heartbeat::missed b'498f72a5-b95b29f983132d33de2f0e39' : 8
2018-07-13 17:08:03.247 [IPControllerApp] heartbeat::missed b'079d13dd-39d8fa08e568f7bca77f4de7' : 8
2018-07-13 17:08:03.247 [IPControllerApp] heartbeat::missed b'e1f4fd4e-be71d0cfc33fe9b6747e21f9' : 11
2018-07-13 17:08:03.247 [IPControllerApp] heartbeat::missed b'd1d12524-5caac3f2422c659fd884d60a' : 8
2018-07-13 17:08:03.247 [IPControllerApp] heartbeat::missed b'd266614c-0f26c1d3c3cf5c461ce5145e' : 11
2018-07-13 17:08:03.247 [IPControllerApp] heartbeat::missed b'db4d25a2-6dd21d6aef528fe2a2d0d783' : 11
2018-07-13 17:08:03.248 [IPControllerApp] heartbeat::missed b'859fd939-ad61fdfcda5da1bb9023534a' : 8
2018-07-13 17:08:03.248 [IPControllerApp] heartbeat::missed b'75944e30-f97ef7ca4eef0590a72b3657' : 8
2018-07-13 17:08:03.248 [IPControllerApp] heartbeat::missed b'06952723-e7e0d949c5dacb835db5b8b8' : 8
2018-07-13 17:08:03.248 [IPControllerApp] heartbeat::missed b'2f05c141-8ec29d7a7eb25a4d4c1dbb22' : 8
2018-07-13 17:08:03.248 [IPControllerApp] heartbeat::missed b'd3de8f74-fd75c5c96bfb438f7b45de56' : 8
2018-07-13 17:08:03.248 [IPControllerApp] heartbeat::missed b'da10a13d-188cf4020752fe47d1406256' : 8
2018-07-13 17:08:03.248 [IPControllerApp] heartbeat::missed b'45305453-883ae7ff500491690a8fa30d' : 11
2018-07-13 17:08:03.248 [IPControllerApp] heartbeat::missed b'b2f6b803-bf2f6629af03946bb14ea083' : 8
2018-07-13 17:08:03.248 [IPControllerApp] heartbeat::missed b'ea33bcb6-32ac2387a470842c6e27d457' : 8
2018-07-13 17:08:03.248 [IPControllerApp] heartbeat::missed b'9d7b0671-fff20e765cdccafbfd5cec57' : 8
2018-07-13 17:08:03.248 [IPControllerApp] heartbeat::missed b'e52070f3-73181efaefae1628b37f64a9' : 8
2018-07-13 17:08:03.248 [IPControllerApp] heartbeat::missed b'9b5bb83c-494258c66714f61c737e01ed' : 11
2018-07-13 17:08:03.248 [IPControllerApp] heartbeat::missed b'b3b33cd4-3b3dd2eae23a8bc97dafd443' : 11
2018-07-13 17:08:03.248 [IPControllerApp] heartbeat::missed b'5dcf0090-6286f2a9946f147626eac5aa' : 8
2018-07-13 17:08:03.248 [IPControllerApp] heartbeat::missed b'a8675895-f273c38eaaf46d5fbc6ad598' : 11
2018-07-13 17:08:03.248 [IPControllerApp] heartbeat::missed b'555993ce-eb657e3ade21f8a37711badd' : 8
2018-07-13 17:08:03.248 [IPControllerApp] heartbeat::missed b'961e8333-678abbe59a48f561c1e7f89f' : 11
2018-07-13 17:08:03.248 [IPControllerApp] heartbeat::missed b'52b53582-113fb6eb4608ce7992e8d4e8' : 8
2018-07-13 17:08:03.249 [IPControllerApp] heartbeat::missed b'c71b604d-7e4362e1a5f6729970cebe50' : 8
2018-07-13 17:08:03.249 [IPControllerApp] heartbeat::missed b'29d686a6-e4f6f4652e68a4132ec620cc' : 8
2018-07-13 17:08:03.249 [IPControllerApp] heartbeat::missed b'fc79768e-47f5b36ccebff7ae5aeb0484' : 8
2018-07-13 17:08:03.249 [IPControllerApp] heartbeat::missed b'528ed51c-40e27463fb53c127d9c8a3fc' : 8
2018-07-13 17:08:03.249 [IPControllerApp] heartbeat::missed b'f966bf37-148f57a260a619d0034af7f0' : 8
2018-07-13 17:08:03.249 [IPControllerApp] heartbeat::missed b'ab8694a4-581c786f0418dc8215ba4fe9' : 11
2018-07-13 17:08:03.249 [IPControllerApp] heartbeat::missed b'a71b524a-2910117e1e22ce0c1e30c16c' : 8
2018-07-13 17:08:03.249 [IPControllerApp] heartbeat::missed b'eca07764-646c0c545cbf4d3945b55c7b' : 11
2018-07-13 17:08:03.249 [IPControllerApp] heartbeat::missed b'203e6419-5ecdcb9c4afde5f612a15a34' : 8
2018-07-13 17:08:03.249 [IPControllerApp] heartbeat::missed b'30980d97-aa8c444076e150f1851c2ba6' : 8
2018-07-13 17:08:03.249 [IPControllerApp] heartbeat::missed b'217c8f1d-6a83c4b078a950f3b8785d1d' : 8
2018-07-13 17:08:03.249 [IPControllerApp] heartbeat::missed b'f13f69dc-3198669f5a5b59023aa4fddb' : 11
2018-07-13 17:08:03.249 [IPControllerApp] heartbeat::missed b'4e5de07e-113f00b9dab9de848b4ade0d' : 11
2018-07-13 17:08:03.249 [IPControllerApp] heartbeat::missed b'03ce55da-bc4e51405440cdbcd9d8b1dd' : 8
2018-07-13 17:08:03.249 [IPControllerApp] registration::unregister_engine(39)
2018-07-13 17:08:03.250 [IPControllerApp] registration::unregister_engine(23)
2018-07-13 17:08:03.251 [IPControllerApp] registration::unregister_engine(32)
2018-07-13 17:08:03.252 [IPControllerApp] registration::unregister_engine(31)
2018-07-13 17:08:03.252 [IPControllerApp] registration::unregister_engine(24)
2018-07-13 17:08:03.253 [IPControllerApp] registration::unregister_engine(27)
2018-07-13 17:08:03.253 [IPControllerApp] registration::unregister_engine(25)
2018-07-13 17:08:03.254 [IPControllerApp] registration::unregister_engine(8)
2018-07-13 17:08:03.254 [IPControllerApp] registration::unregister_engine(37)
2018-07-13 17:08:03.255 [IPControllerApp] registration::unregister_engine(41)
2018-07-13 17:08:03.256 [IPControllerApp] registration::unregister_engine(34)
2018-07-13 17:08:03.256 [IPControllerApp] registration::unregister_engine(21)
2018-07-13 17:08:05.257 [IPControllerApp] task::task '20a19df0-77afdd3bf9268615afc00e2f' finished on 35
2018-07-13 17:08:06.245 [IPControllerApp] heartbeat::missed b'e03a176c-943445e75a4da4647ef7bdc7' : 9
2018-07-13 17:08:06.245 [IPControllerApp] heartbeat::missed b'e3e4b5cc-9fab56b8a2918e10fd28d06b' : 9
2018-07-13 17:08:06.245 [IPControllerApp] heartbeat::missed b'8b2849db-4e249fa3c4540f2aea140a28' : 9
2018-07-13 17:08:06.245 [IPControllerApp] heartbeat::missed b'f4d261e8-f9c37de3b301c7887bc68f30' : 9
2018-07-13 17:08:06.245 [IPControllerApp] heartbeat::missed b'57d611b1-4b72812f23effec3211ce286' : 9
2018-07-13 17:08:06.245 [IPControllerApp] heartbeat::missed b'929538f2-133866b1de0972d7185435eb' : 9
2018-07-13 17:08:06.245 [IPControllerApp] heartbeat::missed b'498f72a5-b95b29f983132d33de2f0e39' : 9
2018-07-13 17:08:06.245 [IPControllerApp] heartbeat::missed b'079d13dd-39d8fa08e568f7bca77f4de7' : 9
2018-07-13 17:08:06.245 [IPControllerApp] heartbeat::missed b'd1d12524-5caac3f2422c659fd884d60a' : 9
2018-07-13 17:08:06.245 [IPControllerApp] heartbeat::missed b'859fd939-ad61fdfcda5da1bb9023534a' : 9
2018-07-13 17:08:06.245 [IPControllerApp] heartbeat::missed b'06952723-e7e0d949c5dacb835db5b8b8' : 9
2018-07-13 17:08:06.246 [IPControllerApp] heartbeat::missed b'2f05c141-8ec29d7a7eb25a4d4c1dbb22' : 9
2018-07-13 17:08:06.246 [IPControllerApp] heartbeat::missed b'd3de8f74-fd75c5c96bfb438f7b45de56' : 9
2018-07-13 17:08:06.246 [IPControllerApp] heartbeat::missed b'da10a13d-188cf4020752fe47d1406256' : 9
2018-07-13 17:08:06.246 [IPControllerApp] heartbeat::missed b'b2f6b803-bf2f6629af03946bb14ea083' : 9
2018-07-13 17:08:06.246 [IPControllerApp] heartbeat::missed b'ea33bcb6-32ac2387a470842c6e27d457' : 9
2018-07-13 17:08:06.246 [IPControllerApp] heartbeat::missed b'9d7b0671-fff20e765cdccafbfd5cec57' : 9
2018-07-13 17:08:06.246 [IPControllerApp] heartbeat::missed b'e52070f3-73181efaefae1628b37f64a9' : 9
2018-07-13 17:08:06.246 [IPControllerApp] heartbeat::missed b'5dcf0090-6286f2a9946f147626eac5aa' : 9
2018-07-13 17:08:06.246 [IPControllerApp] heartbeat::missed b'555993ce-eb657e3ade21f8a37711badd' : 9
2018-07-13 17:08:06.246 [IPControllerApp] heartbeat::missed b'52b53582-113fb6eb4608ce7992e8d4e8' : 9
2018-07-13 17:08:06.246 [IPControllerApp] heartbeat::missed b'c71b604d-7e4362e1a5f6729970cebe50' : 9
2018-07-13 17:08:06.246 [IPControllerApp] heartbeat::missed b'29d686a6-e4f6f4652e68a4132ec620cc' : 9
2018-07-13 17:08:06.246 [IPControllerApp] heartbeat::missed b'fc79768e-47f5b36ccebff7ae5aeb0484' : 9
2018-07-13 17:08:06.246 [IPControllerApp] heartbeat::missed b'528ed51c-40e27463fb53c127d9c8a3fc' : 9
2018-07-13 17:08:06.246 [IPControllerApp] heartbeat::missed b'f966bf37-148f57a260a619d0034af7f0' : 9
2018-07-13 17:08:06.246 [IPControllerApp] heartbeat::missed b'a71b524a-2910117e1e22ce0c1e30c16c' : 9
2018-07-13 17:08:06.246 [IPControllerApp] heartbeat::missed b'203e6419-5ecdcb9c4afde5f612a15a34' : 9
2018-07-13 17:08:06.247 [IPControllerApp] heartbeat::missed b'30980d97-aa8c444076e150f1851c2ba6' : 9
2018-07-13 17:08:06.247 [IPControllerApp] heartbeat::missed b'217c8f1d-6a83c4b078a950f3b8785d1d' : 9
2018-07-13 17:08:06.247 [IPControllerApp] heartbeat::missed b'75944e30-f97ef7ca4eef0590a72b3657' : 9
2018-07-13 17:08:06.247 [IPControllerApp] heartbeat::missed b'03ce55da-bc4e51405440cdbcd9d8b1dd' : 9
2018-07-13 17:08:08.270 [IPControllerApp] task::task '3d47c405-7d841fd0f1cc9afbc08deff0' finished on 39
2018-07-13 17:08:08.271 [IPControllerApp] task::task '8e50da38-ed5411ba24ecb11d292ab980' finished on 23
2018-07-13 17:08:08.272 [IPControllerApp] task::task '67e2c14b-45e0f1d153fe82e225e9c816' finished on 32
2018-07-13 17:08:08.273 [IPControllerApp] task::task 'ca0ecd7e-225b31ed6ad66dd6f5d4b65d' finished on 31
2018-07-13 17:08:08.274 [IPControllerApp] task::task '6d230864-0174592afbba119f176f7022' finished on 24
2018-07-13 17:08:08.274 [IPControllerApp] task::task '58faba9a-6569085ef92521c9fa2173c5' finished on 27
2018-07-13 17:08:08.275 [IPControllerApp] task::task 'ed3622e6-c6db6998769f4030b9110c47' finished on 25
2018-07-13 17:08:08.276 [IPControllerApp] task::task 'd03d61a4-20e6e9d2d764b1d8171e0344' finished on 8
2018-07-13 17:08:08.277 [IPControllerApp] task::task 'b2df7904-adee7cbd80ef9d6aafc37367' finished on 37
2018-07-13 17:08:08.277 [IPControllerApp] task::task 'b479dd4b-470bb5d64af2273ed7d1f3fd' finished on 41
2018-07-13 17:08:08.278 [IPControllerApp] task::task '210b0c1d-3ab56af895a88adfe62710d6' finished on 34
2018-07-13 17:08:08.279 [IPControllerApp] task::task '8f28b50b-0b558c14cb973c6955fe716b' finished on 21
2018-07-13 17:08:08.749 [IPControllerApp] registration::purging stalled registration: 46
2018-07-13 17:08:09.244 [IPControllerApp] heartbeat::missed b'e03a176c-943445e75a4da4647ef7bdc7' : 10
2018-07-13 17:08:09.244 [IPControllerApp] heartbeat::missed b'e3e4b5cc-9fab56b8a2918e10fd28d06b' : 10
2018-07-13 17:08:09.244 [IPControllerApp] heartbeat::missed b'8b2849db-4e249fa3c4540f2aea140a28' : 10
2018-07-13 17:08:09.244 [IPControllerApp] heartbeat::missed b'f4d261e8-f9c37de3b301c7887bc68f30' : 10
2018-07-13 17:08:09.244 [IPControllerApp] heartbeat::missed b'57d611b1-4b72812f23effec3211ce286' : 10
2018-07-13 17:08:09.244 [IPControllerApp] heartbeat::missed b'929538f2-133866b1de0972d7185435eb' : 10
2018-07-13 17:08:09.244 [IPControllerApp] heartbeat::missed b'498f72a5-b95b29f983132d33de2f0e39' : 10
2018-07-13 17:08:09.244 [IPControllerApp] heartbeat::missed b'079d13dd-39d8fa08e568f7bca77f4de7' : 10
2018-07-13 17:08:09.244 [IPControllerApp] heartbeat::missed b'd1d12524-5caac3f2422c659fd884d60a' : 10
2018-07-13 17:08:09.244 [IPControllerApp] heartbeat::missed b'859fd939-ad61fdfcda5da1bb9023534a' : 10
2018-07-13 17:08:09.244 [IPControllerApp] heartbeat::missed b'06952723-e7e0d949c5dacb835db5b8b8' : 10
2018-07-13 17:08:09.245 [IPControllerApp] heartbeat::missed b'2f05c141-8ec29d7a7eb25a4d4c1dbb22' : 10
2018-07-13 17:08:09.245 [IPControllerApp] heartbeat::missed b'd3de8f74-fd75c5c96bfb438f7b45de56' : 10
2018-07-13 17:08:09.245 [IPControllerApp] heartbeat::missed b'da10a13d-188cf4020752fe47d1406256' : 10
2018-07-13 17:08:09.245 [IPControllerApp] heartbeat::missed b'b2f6b803-bf2f6629af03946bb14ea083' : 10
2018-07-13 17:08:09.245 [IPControllerApp] heartbeat::missed b'ea33bcb6-32ac2387a470842c6e27d457' : 10
2018-07-13 17:08:09.245 [IPControllerApp] heartbeat::missed b'9d7b0671-fff20e765cdccafbfd5cec57' : 10
2018-07-13 17:08:09.245 [IPControllerApp] heartbeat::missed b'e52070f3-73181efaefae1628b37f64a9' : 10
2018-07-13 17:08:09.245 [IPControllerApp] heartbeat::missed b'5dcf0090-6286f2a9946f147626eac5aa' : 10
2018-07-13 17:08:09.245 [IPControllerApp] heartbeat::missed b'555993ce-eb657e3ade21f8a37711badd' : 10
2018-07-13 17:08:09.245 [IPControllerApp] heartbeat::missed b'52b53582-113fb6eb4608ce7992e8d4e8' : 10
2018-07-13 17:08:09.245 [IPControllerApp] heartbeat::missed b'c71b604d-7e4362e1a5f6729970cebe50' : 10
2018-07-13 17:08:09.245 [IPControllerApp] heartbeat::missed b'29d686a6-e4f6f4652e68a4132ec620cc' : 10
2018-07-13 17:08:09.246 [IPControllerApp] heartbeat::missed b'fc79768e-47f5b36ccebff7ae5aeb0484' : 10
2018-07-13 17:08:09.246 [IPControllerApp] heartbeat::missed b'528ed51c-40e27463fb53c127d9c8a3fc' : 10
2018-07-13 17:08:09.246 [IPControllerApp] heartbeat::missed b'f966bf37-148f57a260a619d0034af7f0' : 10
2018-07-13 17:08:09.246 [IPControllerApp] heartbeat::missed b'a71b524a-2910117e1e22ce0c1e30c16c' : 10
2018-07-13 17:08:09.246 [IPControllerApp] heartbeat::missed b'203e6419-5ecdcb9c4afde5f612a15a34' : 10
2018-07-13 17:08:09.246 [IPControllerApp] heartbeat::missed b'30980d97-aa8c444076e150f1851c2ba6' : 10
2018-07-13 17:08:09.246 [IPControllerApp] heartbeat::missed b'217c8f1d-6a83c4b078a950f3b8785d1d' : 10
2018-07-13 17:08:09.246 [IPControllerApp] heartbeat::missed b'75944e30-f97ef7ca4eef0590a72b3657' : 10
2018-07-13 17:08:09.246 [IPControllerApp] heartbeat::missed b'03ce55da-bc4e51405440cdbcd9d8b1dd' : 10
2018-07-13 17:08:12.246 [IPControllerApp] heartbeat::missed b'e03a176c-943445e75a4da4647ef7bdc7' : 11
2018-07-13 17:08:12.246 [IPControllerApp] heartbeat::missed b'e3e4b5cc-9fab56b8a2918e10fd28d06b' : 11
2018-07-13 17:08:12.247 [IPControllerApp] heartbeat::missed b'8b2849db-4e249fa3c4540f2aea140a28' : 11
2018-07-13 17:08:12.247 [IPControllerApp] heartbeat::missed b'f4d261e8-f9c37de3b301c7887bc68f30' : 11
2018-07-13 17:08:12.247 [IPControllerApp] heartbeat::missed b'57d611b1-4b72812f23effec3211ce286' : 11
2018-07-13 17:08:12.247 [IPControllerApp] heartbeat::missed b'929538f2-133866b1de0972d7185435eb' : 11
2018-07-13 17:08:12.247 [IPControllerApp] heartbeat::missed b'498f72a5-b95b29f983132d33de2f0e39' : 11
2018-07-13 17:08:12.247 [IPControllerApp] heartbeat::missed b'079d13dd-39d8fa08e568f7bca77f4de7' : 11
2018-07-13 17:08:12.247 [IPControllerApp] heartbeat::missed b'd1d12524-5caac3f2422c659fd884d60a' : 11
2018-07-13 17:08:12.247 [IPControllerApp] heartbeat::missed b'859fd939-ad61fdfcda5da1bb9023534a' : 11
2018-07-13 17:08:12.247 [IPControllerApp] heartbeat::missed b'06952723-e7e0d949c5dacb835db5b8b8' : 11
2018-07-13 17:08:12.247 [IPControllerApp] heartbeat::missed b'2f05c141-8ec29d7a7eb25a4d4c1dbb22' : 11
2018-07-13 17:08:12.247 [IPControllerApp] heartbeat::missed b'd3de8f74-fd75c5c96bfb438f7b45de56' : 11
2018-07-13 17:08:12.247 [IPControllerApp] heartbeat::missed b'da10a13d-188cf4020752fe47d1406256' : 11
2018-07-13 17:08:12.247 [IPControllerApp] heartbeat::missed b'b2f6b803-bf2f6629af03946bb14ea083' : 11
2018-07-13 17:08:12.247 [IPControllerApp] heartbeat::missed b'ea33bcb6-32ac2387a470842c6e27d457' : 11
2018-07-13 17:08:12.247 [IPControllerApp] heartbeat::missed b'9d7b0671-fff20e765cdccafbfd5cec57' : 11
2018-07-13 17:08:12.247 [IPControllerApp] heartbeat::missed b'e52070f3-73181efaefae1628b37f64a9' : 11
2018-07-13 17:08:12.247 [IPControllerApp] heartbeat::missed b'5dcf0090-6286f2a9946f147626eac5aa' : 11
2018-07-13 17:08:12.248 [IPControllerApp] heartbeat::missed b'555993ce-eb657e3ade21f8a37711badd' : 11
2018-07-13 17:08:12.248 [IPControllerApp] heartbeat::missed b'52b53582-113fb6eb4608ce7992e8d4e8' : 11
2018-07-13 17:08:12.248 [IPControllerApp] heartbeat::missed b'c71b604d-7e4362e1a5f6729970cebe50' : 11
2018-07-13 17:08:12.248 [IPControllerApp] heartbeat::missed b'29d686a6-e4f6f4652e68a4132ec620cc' : 11
2018-07-13 17:08:12.248 [IPControllerApp] heartbeat::missed b'fc79768e-47f5b36ccebff7ae5aeb0484' : 11
2018-07-13 17:08:12.248 [IPControllerApp] heartbeat::missed b'528ed51c-40e27463fb53c127d9c8a3fc' : 11
2018-07-13 17:08:12.248 [IPControllerApp] heartbeat::missed b'f966bf37-148f57a260a619d0034af7f0' : 11
2018-07-13 17:08:12.248 [IPControllerApp] heartbeat::missed b'a71b524a-2910117e1e22ce0c1e30c16c' : 11
2018-07-13 17:08:12.248 [IPControllerApp] heartbeat::missed b'203e6419-5ecdcb9c4afde5f612a15a34' : 11
2018-07-13 17:08:12.248 [IPControllerApp] heartbeat::missed b'30980d97-aa8c444076e150f1851c2ba6' : 11
2018-07-13 17:08:12.248 [IPControllerApp] heartbeat::missed b'217c8f1d-6a83c4b078a950f3b8785d1d' : 11
2018-07-13 17:08:12.248 [IPControllerApp] heartbeat::missed b'75944e30-f97ef7ca4eef0590a72b3657' : 11
2018-07-13 17:08:12.248 [IPControllerApp] heartbeat::missed b'03ce55da-bc4e51405440cdbcd9d8b1dd' : 11
2018-07-13 17:08:12.248 [IPControllerApp] registration::unregister_engine(5)
2018-07-13 17:08:12.249 [IPControllerApp] registration::unregister_engine(12)
2018-07-13 17:08:12.250 [IPControllerApp] registration::unregister_engine(20)
2018-07-13 17:08:12.251 [IPControllerApp] registration::unregister_engine(4)
2018-07-13 17:08:12.251 [IPControllerApp] registration::unregister_engine(14)
2018-07-13 17:08:12.252 [IPControllerApp] registration::unregister_engine(26)
2018-07-13 17:08:12.253 [IPControllerApp] registration::unregister_engine(33)
2018-07-13 17:08:12.253 [IPControllerApp] registration::unregister_engine(44)
2018-07-13 17:08:12.254 [IPControllerApp] registration::unregister_engine(36)
2018-07-13 17:08:12.254 [IPControllerApp] registration::unregister_engine(18)
2018-07-13 17:08:12.255 [IPControllerApp] registration::unregister_engine(15)
2018-07-13 17:08:12.255 [IPControllerApp] registration::unregister_engine(11)
2018-07-13 17:08:12.256 [IPControllerApp] registration::unregister_engine(22)
2018-07-13 17:08:12.257 [IPControllerApp] registration::unregister_engine(45)
2018-07-13 17:08:12.257 [IPControllerApp] registration::unregister_engine(29)
2018-07-13 17:08:12.258 [IPControllerApp] registration::unregister_engine(38)
2018-07-13 17:08:12.258 [IPControllerApp] registration::unregister_engine(40)
2018-07-13 17:08:12.259 [IPControllerApp] registration::unregister_engine(17)
2018-07-13 17:08:12.260 [IPControllerApp] registration::unregister_engine(10)
2018-07-13 17:08:12.261 [IPControllerApp] registration::unregister_engine(43)
2018-07-13 17:08:12.261 [IPControllerApp] registration::unregister_engine(6)
2018-07-13 17:08:12.262 [IPControllerApp] registration::unregister_engine(16)
2018-07-13 17:08:12.262 [IPControllerApp] registration::unregister_engine(19)
2018-07-13 17:08:12.263 [IPControllerApp] registration::unregister_engine(42)
2018-07-13 17:08:12.263 [IPControllerApp] registration::unregister_engine(9)
2018-07-13 17:08:12.264 [IPControllerApp] registration::unregister_engine(3)
2018-07-13 17:08:12.264 [IPControllerApp] registration::unregister_engine(28)
2018-07-13 17:08:12.265 [IPControllerApp] registration::unregister_engine(1)
2018-07-13 17:08:12.265 [IPControllerApp] registration::unregister_engine(7)
2018-07-13 17:08:12.266 [IPControllerApp] registration::unregister_engine(13)
2018-07-13 17:08:12.266 [IPControllerApp] registration::unregister_engine(30)
2018-07-13 17:08:12.267 [IPControllerApp] registration::unregister_engine(0)
2018-07-13 17:08:17.286 [IPControllerApp] task::task '97f35c80-6848f2ede4ce418cebf34039' finished on 5
2018-07-13 17:08:17.287 [IPControllerApp] task::task '8cbb173e-ff4c1f6b24026fe00c427441' finished on 12
2018-07-13 17:08:17.288 [IPControllerApp] task::task '4ea0cfb3-0129832fb5c828c46e5199a2' finished on 20
2018-07-13 17:08:17.289 [IPControllerApp] task::task 'decad0ce-f95fe1d2467431683e956f8e' finished on 4
2018-07-13 17:08:17.289 [IPControllerApp] task::task '800a4889-13a8d2d469efd99c36dbc90c' finished on 14
2018-07-13 17:08:17.290 [IPControllerApp] task::task '7bf031b3-f3bbc8fe1a1196ab06356616' finished on 26
2018-07-13 17:08:17.291 [IPControllerApp] task::task 'a505e000-258b792e5acf56b256c03e79' finished on 33
2018-07-13 17:08:17.292 [IPControllerApp] task::task '92252738-e92504caf460719618819656' finished on 44
2018-07-13 17:08:17.292 [IPControllerApp] task::task '30e041a1-3e15de0e1df8597a35ebd41c' finished on 36
2018-07-13 17:08:17.293 [IPControllerApp] task::task 'a79bb0e0-8cb86c92fa4e9dbe398a3fcb' finished on 18
2018-07-13 17:08:17.294 [IPControllerApp] task::task '9e10ea60-f73459ba442710abf74c34e2' finished on 15
2018-07-13 17:08:17.294 [IPControllerApp] task::task '6d71faa2-7cfcd3668b669497de77ddb0' finished on 11
2018-07-13 17:08:17.295 [IPControllerApp] task::task '204d38dd-c2fc2af1eac7efac49dd1538' finished on 22
2018-07-13 17:08:17.296 [IPControllerApp] task::task '1482bc97-59754481d596d2a6b8856155' finished on 45
2018-07-13 17:08:17.302 [IPControllerApp] task::task '4888c516-0d3191df5cfaab1b2e02cd71' finished on 29
2018-07-13 17:08:17.303 [IPControllerApp] task::task 'b6c40cd5-b76ed9c8133440e476b4e192' finished on 38
2018-07-13 17:08:17.303 [IPControllerApp] task::task 'f8102317-df149f4ce52eb8b2401629a9' finished on 40
2018-07-13 17:08:17.304 [IPControllerApp] task::task 'bf6a529f-befa53a990c108635c277b70' finished on 17
2018-07-13 17:08:17.305 [IPControllerApp] task::task 'e5b69407-f256f3baff0fe0921ce21f53' finished on 10
2018-07-13 17:08:17.306 [IPControllerApp] task::task 'a62df332-d9f0df6b40d17e4a4442695e' finished on 43
2018-07-13 17:08:17.306 [IPControllerApp] task::task 'c4c4500a-06435ca5580a7669afaeca12' finished on 6
2018-07-13 17:08:17.307 [IPControllerApp] task::task '2e1fb6d5-cdc5330e3e4a3eff633e75bf' finished on 16
2018-07-13 17:08:17.308 [IPControllerApp] task::task '73227fab-e9052daec2688c155817640b' finished on 19
2018-07-13 17:08:17.309 [IPControllerApp] task::task '505ab67a-917f05996becfa1da49d4654' finished on 42
2018-07-13 17:08:17.310 [IPControllerApp] task::task '64efe02b-d27f7a9587fc4502134a2b2d' finished on 9
2018-07-13 17:08:17.310 [IPControllerApp] task::task '87f04192-1409a313a0e42d7d23811662' finished on 3
2018-07-13 17:08:17.311 [IPControllerApp] task::task '4b18b04a-62940bf231816c1e9084921e' finished on 28
2018-07-13 17:08:17.312 [IPControllerApp] task::task 'a0bbccfb-8c74417998dba0e9feb1c382' finished on 1
2018-07-13 17:08:17.312 [IPControllerApp] task::task '6c992753-29c970e18a709862cca80289' finished on 7
2018-07-13 17:08:17.313 [IPControllerApp] task::task 'a14f3206-16d1371847f3af8ff8243bd9' finished on 13
2018-07-13 17:08:17.314 [IPControllerApp] task::task 'd8287f35-d7c306d6ee867f4ec5f23d24' finished on 30
2018-07-13 17:08:17.314 [IPControllerApp] task::task '27432cec-78db25df0235d7986133846b' finished on 0
2018-07-13 17:08:17.629 [IPControllerApp] CRITICAL | Received signal 15, shutting down
2018-07-13 17:08:17.629 [IPControllerApp] CRITICAL | terminating children...
