2018-07-11 14:28:24.714 [IPControllerApp] Created profile dir: '/scratch/midway2/madduru/parsl/parsl/tests/integration/test_stress/runinfo/1008/profile_midway_ipp'
2018-07-11 14:28:24.732 [IPControllerApp] Hub listening on tcp://*:47041 for registration.
2018-07-11 14:28:24.734 [IPControllerApp] Hub using DB backend: 'DictDB'
2018-07-11 14:28:25.000 [IPControllerApp] hub::created hub
2018-07-11 14:28:25.000 [IPControllerApp] writing connection info to /scratch/midway2/madduru/parsl/parsl/tests/integration/test_stress/runinfo/1008/profile_midway_ipp/security/ipcontroller-client.json
2018-07-11 14:28:25.001 [IPControllerApp] writing connection info to /scratch/midway2/madduru/parsl/parsl/tests/integration/test_stress/runinfo/1008/profile_midway_ipp/security/ipcontroller-engine.json
2018-07-11 14:28:25.003 [IPControllerApp] task::using Python leastload Task scheduler
2018-07-11 14:28:25.003 [IPControllerApp] Heartmonitor started
2018-07-11 14:28:25.015 [IPControllerApp] Creating pid file: /scratch/midway2/madduru/parsl/parsl/tests/integration/test_stress/runinfo/1008/profile_midway_ipp/pid/ipcontroller.pid
2018-07-11 14:28:25.024 [scheduler] Scheduler started [leastload]
2018-07-11 14:28:25.027 [IPControllerApp] client::client b'\x00k\x8bEg' requested 'connection_request'
2018-07-11 14:28:25.027 [IPControllerApp] client::client [b'\x00k\x8bEg'] connected
2018-07-11 14:28:25.983 [IPControllerApp] client::client b'\x00k\x8bEh' requested 'connection_request'
2018-07-11 14:28:25.984 [IPControllerApp] client::client [b'\x00k\x8bEh'] connected
2018-07-11 14:29:06.697 [IPControllerApp] client::client b'2f554e28-1427f0531c53c363b99a74e6' requested 'registration_request'
2018-07-11 14:29:06.698 [IPControllerApp] client::client b'89cdfc4e-ec18665400e4cc3dac66f0bb' requested 'registration_request'
2018-07-11 14:29:06.699 [IPControllerApp] client::client b'7710bc19-bc200ce4d0a7aafb04a1b880' requested 'registration_request'
2018-07-11 14:29:06.700 [IPControllerApp] client::client b'5d33afea-eb2c5b911ca80851eee20f4f' requested 'registration_request'
2018-07-11 14:29:06.701 [IPControllerApp] client::client b'a6d69fae-16857aee52211798896f1fd1' requested 'registration_request'
2018-07-11 14:29:06.702 [IPControllerApp] client::client b'3efd70dc-aac526815450fa5b1061610e' requested 'registration_request'
2018-07-11 14:29:06.704 [IPControllerApp] client::client b'a187c981-fc9a07ef45849e6309c4826c' requested 'registration_request'
2018-07-11 14:29:06.705 [IPControllerApp] client::client b'da1e1dd6-afc46a5cdf9217aeaf11cae1' requested 'registration_request'
2018-07-11 14:29:10.004 [IPControllerApp] registration::finished registering engine 1:89cdfc4e-ec18665400e4cc3dac66f0bb
2018-07-11 14:29:10.005 [IPControllerApp] engine::Engine Connected: 1
2018-07-11 14:29:10.006 [IPControllerApp] registration::finished registering engine 3:5d33afea-eb2c5b911ca80851eee20f4f
2018-07-11 14:29:10.007 [IPControllerApp] engine::Engine Connected: 3
2018-07-11 14:29:10.007 [IPControllerApp] registration::finished registering engine 6:a187c981-fc9a07ef45849e6309c4826c
2018-07-11 14:29:10.007 [IPControllerApp] engine::Engine Connected: 6
2018-07-11 14:29:10.008 [IPControllerApp] registration::finished registering engine 2:7710bc19-bc200ce4d0a7aafb04a1b880
2018-07-11 14:29:10.008 [IPControllerApp] engine::Engine Connected: 2
2018-07-11 14:29:10.008 [IPControllerApp] registration::finished registering engine 0:2f554e28-1427f0531c53c363b99a74e6
2018-07-11 14:29:10.009 [IPControllerApp] engine::Engine Connected: 0
2018-07-11 14:29:10.009 [IPControllerApp] registration::finished registering engine 4:a6d69fae-16857aee52211798896f1fd1
2018-07-11 14:29:10.009 [IPControllerApp] engine::Engine Connected: 4
2018-07-11 14:29:10.010 [IPControllerApp] registration::finished registering engine 7:da1e1dd6-afc46a5cdf9217aeaf11cae1
2018-07-11 14:29:10.010 [IPControllerApp] engine::Engine Connected: 7
2018-07-11 14:29:10.010 [IPControllerApp] registration::finished registering engine 5:3efd70dc-aac526815450fa5b1061610e
2018-07-11 14:29:10.011 [IPControllerApp] engine::Engine Connected: 5
2018-07-11 14:29:10.015 [IPControllerApp] task::task '9b33cc07-83d5d772dfccd823c40058e1' arrived on 1
2018-07-11 14:29:10.016 [IPControllerApp] task::task 'e0f4ff09-b81a877a858415956735e4c8' arrived on 3
2018-07-11 14:29:10.016 [IPControllerApp] task::task '95b3aa5c-33addaa35f00b031be7f2b1b' arrived on 6
2018-07-11 14:29:10.018 [IPControllerApp] task::task '2719e887-cdc3fa5b21fd1abe48185774' arrived on 2
2018-07-11 14:29:10.019 [IPControllerApp] task::task '2aa5f6c6-50cedfb9b13f8f7cac3fcaed' arrived on 0
2018-07-11 14:29:10.020 [IPControllerApp] task::task 'a922f9c0-e1d6b3c166af1438c2401001' arrived on 4
2018-07-11 14:29:10.021 [IPControllerApp] task::task 'eba72e2d-0d6304e8b311ecd4a4ff3620' arrived on 7
2018-07-11 14:29:10.021 [IPControllerApp] task::task '6acc2fdc-65335d226546b2c364996451' arrived on 5
2018-07-11 14:29:13.917 [IPControllerApp] task::task '703d5d1e-8c0b4bdbe0b685fdeb56add7' arrived on 2
2018-07-11 14:29:13.918 [IPControllerApp] task::task '2719e887-cdc3fa5b21fd1abe48185774' finished on 2
2018-07-11 14:29:13.920 [IPControllerApp] task::task '32025f0c-07feef4935e0cbd1223b28a9' arrived on 7
2018-07-11 14:29:13.921 [IPControllerApp] task::task 'eba72e2d-0d6304e8b311ecd4a4ff3620' finished on 7
2018-07-11 14:29:13.923 [IPControllerApp] task::task '1b11895d-fcaf03d54910c1d92a007805' arrived on 4
2018-07-11 14:29:13.924 [IPControllerApp] task::task 'a922f9c0-e1d6b3c166af1438c2401001' finished on 4
2018-07-11 14:29:13.926 [IPControllerApp] task::task '712f4718-a42c3bfb9845a39b550d9693' arrived on 3
2018-07-11 14:29:13.927 [IPControllerApp] task::task 'e0f4ff09-b81a877a858415956735e4c8' finished on 3
2018-07-11 14:29:13.930 [IPControllerApp] task::task '0b99fce8-427756ec132e21ba7a49a883' arrived on 5
2018-07-11 14:29:13.930 [IPControllerApp] task::task '6acc2fdc-65335d226546b2c364996451' finished on 5
2018-07-11 14:29:13.933 [IPControllerApp] task::task '959c4547-1b1a8437ca88ca92b677c7e0' arrived on 1
2018-07-11 14:29:13.934 [IPControllerApp] task::task '9b33cc07-83d5d772dfccd823c40058e1' finished on 1
2018-07-11 14:29:13.936 [IPControllerApp] task::task '36c801bd-709f2f6494a24c72c945dc79' arrived on 0
2018-07-11 14:29:13.937 [IPControllerApp] task::task '2aa5f6c6-50cedfb9b13f8f7cac3fcaed' finished on 0
2018-07-11 14:29:13.940 [IPControllerApp] task::task '120a2649-910690cb2ca846447ea54330' arrived on 6
2018-07-11 14:29:13.941 [IPControllerApp] task::task '95b3aa5c-33addaa35f00b031be7f2b1b' finished on 6
2018-07-11 14:29:14.941 [IPControllerApp] task::task '66150ffe-fab6dd02f7c16f2015e97444' arrived on 7
2018-07-11 14:29:14.942 [IPControllerApp] task::task '32025f0c-07feef4935e0cbd1223b28a9' finished on 7
2018-07-11 14:29:14.946 [IPControllerApp] task::task '674cd427-74ce0d8818c7d7a45ae88190' arrived on 2
2018-07-11 14:29:14.947 [IPControllerApp] task::task '703d5d1e-8c0b4bdbe0b685fdeb56add7' finished on 2
2018-07-11 14:29:14.948 [IPControllerApp] task::task '7eee7f24-4cb90560eb32429e88319725' arrived on 5
2018-07-11 14:29:14.949 [IPControllerApp] task::task '0b99fce8-427756ec132e21ba7a49a883' finished on 5
2018-07-11 14:29:14.950 [IPControllerApp] task::task 'aa2f6d99-af14a1efd579984e103e3dc1' arrived on 3
2018-07-11 14:29:14.952 [IPControllerApp] task::task '712f4718-a42c3bfb9845a39b550d9693' finished on 3
2018-07-11 14:29:14.953 [IPControllerApp] task::task 'da1cde4d-e8db69c7db8cecdc016b94bd' arrived on 4
2018-07-11 14:29:14.954 [IPControllerApp] task::task '1b11895d-fcaf03d54910c1d92a007805' finished on 4
2018-07-11 14:29:14.955 [IPControllerApp] task::task '10d26118-2b2504e0123b77652f0f40b8' arrived on 1
2018-07-11 14:29:14.956 [IPControllerApp] task::task '959c4547-1b1a8437ca88ca92b677c7e0' finished on 1
2018-07-11 14:29:14.959 [IPControllerApp] task::task '9a307041-03a494cf61f176149e73ce75' arrived on 0
2018-07-11 14:29:14.960 [IPControllerApp] task::task '36c801bd-709f2f6494a24c72c945dc79' finished on 0
2018-07-11 14:29:14.961 [IPControllerApp] task::task 'ecb74289-b963ee8507334ffbea618a78' arrived on 6
2018-07-11 14:29:14.963 [IPControllerApp] task::task '120a2649-910690cb2ca846447ea54330' finished on 6
2018-07-11 14:29:15.953 [IPControllerApp] task::task '4434ba1a-ea70cf40c04b2fb2ae98343f' arrived on 2
2018-07-11 14:29:15.954 [IPControllerApp] task::task '674cd427-74ce0d8818c7d7a45ae88190' finished on 2
2018-07-11 14:29:15.957 [IPControllerApp] task::task '66150ffe-fab6dd02f7c16f2015e97444' finished on 7
2018-07-11 14:29:15.959 [IPControllerApp] task::task 'da1cde4d-e8db69c7db8cecdc016b94bd' finished on 4
2018-07-11 14:29:15.961 [IPControllerApp] task::task 'aa2f6d99-af14a1efd579984e103e3dc1' finished on 3
2018-07-11 14:29:15.962 [IPControllerApp] task::task '7eee7f24-4cb90560eb32429e88319725' finished on 5
2018-07-11 14:29:15.963 [IPControllerApp] task::task '10d26118-2b2504e0123b77652f0f40b8' finished on 1
2018-07-11 14:29:15.965 [IPControllerApp] task::task '9a307041-03a494cf61f176149e73ce75' finished on 0
2018-07-11 14:29:15.966 [IPControllerApp] task::task 'ecb74289-b963ee8507334ffbea618a78' finished on 6
2018-07-11 14:29:16.959 [IPControllerApp] task::task '4434ba1a-ea70cf40c04b2fb2ae98343f' finished on 2
2018-07-11 14:29:17.086 [IPControllerApp] CRITICAL | Received signal 15, shutting down
2018-07-11 14:29:17.086 [IPControllerApp] CRITICAL | terminating children...
