2018-07-19 10:38:44 parsl.dataflow.dflow:71 [INFO]  Parsl version: 0.5.1
2018-07-19 10:38:44 parsl.dataflow.dflow:72 [INFO]  Libsubmit version: 0.5.0-a0
2018-07-19 10:38:44 parsl.dataflow.usage_tracking.usage:125 [DEBUG]  Tracking status: True
2018-07-19 10:38:44 parsl.dataflow.usage_tracking.usage:126 [DEBUG]  Testing mode   : False
2018-07-19 10:38:44 parsl.dataflow.memoization:52 [INFO]  App caching initialized
2018-07-19 10:38:44 parsl.executors.ipp_controller:83 [DEBUG]  Starting ipcontroller with 'ipcontroller --ipython-dir=/scratch/midway2/madduru/parsl/parsl/tests/integration/test_stress/runinfo/1229 --ip=* --profile=midway_ipp   '
2018-07-19 10:38:47 parsl.executors.ipp:97 [DEBUG]  Waiting for /scratch/midway2/madduru/parsl/parsl/tests/integration/test_stress/runinfo/1229/profile_midway_ipp/security/ipcontroller-client.json
2018-07-19 10:38:47 parsl.executors.ipp:114 [DEBUG]  Starting IPyParallelExecutor with provider:
SlurmProvider(
    'sandyb',
    channel=LocalChannel(
        envs={}, 
        script_dir='/scratch/midway2/madduru/parsl/parsl/tests/integration/test_stress/.scripts', 
        userhome='/scratch/midway2/madduru/parsl/parsl/tests/integration/test_stress'
    ), 
    cmd_timeout=10, 
    init_blocks=1, 
    label='slurm', 
    launcher=<libsubmit.launchers.launchers.SingleNodeLauncher object at 0x7f0d3a5a0e10>, 
    max_blocks=1, 
    min_blocks=1, 
    nodes_per_block=1, 
    overrides='module load Anaconda3/5.1.0; export PARSL_TESTING=True', 
    parallelism=0.5, 
    script_dir='parsl_scripts', 
    tasks_per_node=2, 
    walltime=601
)
2018-07-19 10:38:47 parsl.executors.ipp:119 [DEBUG]  Launched block: 0:47683241
2018-07-19 10:38:47 parsl.executors.ipp:134 [DEBUG]  Starting executor
2018-07-19 10:38:47 parsl.dataflow.strategy:120 [DEBUG]  Scaling strategy: simple
2018-07-19 10:38:47 parsl.dataflow.dflow:591 [INFO]  DFK cleanup initiated
2018-07-19 10:38:47 parsl.dataflow.dflow:538 [INFO]  Summary of tasks in DFK:
2018-07-19 10:38:47 parsl.dataflow.dflow:576 [INFO]  End of summary
2018-07-19 10:38:47 parsl.dataflow.dflow:615 [INFO]  Terminating flow_control and strategy threads
2018-07-19 10:38:55 parsl.executors.ipp:282 [DEBUG]  IPP:Shutdown sequence: Attempting controller kill
2018-07-19 10:38:55 parsl.executors.ipp_controller:142 [DEBUG]  Controller exited with 0
2018-07-19 10:38:55 parsl.executors.ipp:292 [DEBUG]  Done with executor shutdown
2018-07-19 10:38:55 parsl.data_provider.data_manager:66 [DEBUG]  Done with executor shutdown
2018-07-19 10:38:55 parsl.dataflow.dflow:625 [INFO]  DFK cleanup complete
2018-07-19 10:38:55 parsl.config:65 [DEBUG]  Checkpoint period only has an effect with checkpoint_mode='periodic'
2018-07-19 10:38:55 parsl.dataflow.dflow:66 [DEBUG]  Starting DataFlowKernel with config
Config(
    app_cache=True, 
    checkpoint_files=None, 
    checkpoint_mode=None, 
    checkpoint_period='00:30:00', 
    data_management_max_threads=10, 
    executors=[IPyParallelExecutor(
        container_image=None, 
        controller=Controller(
            interfaces=None, 
            ipython_dir='/scratch/midway2/madduru/parsl/parsl/tests/integration/test_stress/runinfo/1229', 
            log=True, 
            mode='auto', 
            port=None, 
            port_range=None, 
            profile='midway_ipp', 
            public_ip=None, 
            reuse=False
        ), 
        engine_dir='.', 
        engine_file='~/.ipython/profile_default/security/ipcontroller-engine.json', 
        label='midway_ipp', 
        managed=True, 
        provider=SlurmProvider(
            'sandyb',
            channel=LocalChannel(
                envs={}, 
                script_dir='/scratch/midway2/madduru/parsl/parsl/tests/integration/test_stress/.scripts', 
                userhome='/scratch/midway2/madduru/parsl/parsl/tests/integration/test_stress'
            ), 
            cmd_timeout=10, 
            init_blocks=1, 
            label='slurm', 
            launcher=<libsubmit.launchers.launchers.SingleNodeLauncher object at 0x7f0d3a5a0e10>, 
            max_blocks=1, 
            min_blocks=1, 
            nodes_per_block=1, 
            overrides='module load Anaconda3/5.1.0; export PARSL_TESTING=True', 
            parallelism=0.5, 
            script_dir='parsl_scripts', 
            tasks_per_node=4, 
            walltime=601
        ), 
        storage_access=[], 
        working_dir=None
    )], 
    lazy_errors=True, 
    retries=0, 
    run_dir='runinfo', 
    strategy='simple', 
    usage_tracking=True
)
2018-07-19 10:38:55 parsl.dataflow.rundirs:36 [DEBUG]  Parsl run initializing in rundir:runinfo/1230
2018-07-19 10:38:55 parsl.dataflow.dflow:71 [INFO]  Parsl version: 0.5.1
2018-07-19 10:38:55 parsl.dataflow.dflow:72 [INFO]  Libsubmit version: 0.5.0-a0
2018-07-19 10:38:55 parsl.dataflow.usage_tracking.usage:125 [DEBUG]  Tracking status: True
2018-07-19 10:38:55 parsl.dataflow.usage_tracking.usage:126 [DEBUG]  Testing mode   : False
2018-07-19 10:38:55 parsl.dataflow.memoization:52 [INFO]  App caching initialized
2018-07-19 10:38:55 parsl.executors.ipp_controller:83 [DEBUG]  Starting ipcontroller with 'ipcontroller --ipython-dir=/scratch/midway2/madduru/parsl/parsl/tests/integration/test_stress/runinfo/1230 --ip=* --profile=midway_ipp   '
2018-07-19 10:38:57 parsl.executors.ipp:97 [DEBUG]  Waiting for /scratch/midway2/madduru/parsl/parsl/tests/integration/test_stress/runinfo/1230/profile_midway_ipp/security/ipcontroller-client.json
2018-07-19 10:38:58 parsl.executors.ipp:114 [DEBUG]  Starting IPyParallelExecutor with provider:
SlurmProvider(
    'sandyb',
    channel=LocalChannel(
        envs={}, 
        script_dir='/scratch/midway2/madduru/parsl/parsl/tests/integration/test_stress/.scripts', 
        userhome='/scratch/midway2/madduru/parsl/parsl/tests/integration/test_stress'
    ), 
    cmd_timeout=10, 
    init_blocks=1, 
    label='slurm', 
    launcher=<libsubmit.launchers.launchers.SingleNodeLauncher object at 0x7f0d3a5a0e10>, 
    max_blocks=1, 
    min_blocks=1, 
    nodes_per_block=1, 
    overrides='module load Anaconda3/5.1.0; export PARSL_TESTING=True', 
    parallelism=0.5, 
    script_dir='parsl_scripts', 
    tasks_per_node=4, 
    walltime=601
)
2018-07-19 10:38:59 parsl.executors.ipp:119 [DEBUG]  Launched block: 0:47683243
2018-07-19 10:38:59 parsl.executors.ipp:134 [DEBUG]  Starting executor
2018-07-19 10:38:59 parsl.dataflow.strategy:120 [DEBUG]  Scaling strategy: simple
2018-07-19 10:38:59 parsl.dataflow.dflow:591 [INFO]  DFK cleanup initiated
2018-07-19 10:38:59 parsl.dataflow.dflow:538 [INFO]  Summary of tasks in DFK:
2018-07-19 10:38:59 parsl.dataflow.dflow:576 [INFO]  End of summary
2018-07-19 10:39:00 parsl.dataflow.dflow:615 [INFO]  Terminating flow_control and strategy threads
2018-07-19 10:39:00 parsl.executors.ipp:282 [DEBUG]  IPP:Shutdown sequence: Attempting controller kill
2018-07-19 10:39:00 parsl.executors.ipp_controller:142 [DEBUG]  Controller exited with 0
2018-07-19 10:39:00 parsl.executors.ipp:292 [DEBUG]  Done with executor shutdown
2018-07-19 10:39:00 parsl.data_provider.data_manager:66 [DEBUG]  Done with executor shutdown
2018-07-19 10:39:00 parsl.dataflow.dflow:625 [INFO]  DFK cleanup complete
2018-07-19 10:39:00 parsl.config:65 [DEBUG]  Checkpoint period only has an effect with checkpoint_mode='periodic'
2018-07-19 10:39:00 parsl.dataflow.dflow:66 [DEBUG]  Starting DataFlowKernel with config
Config(
    app_cache=True, 
    checkpoint_files=None, 
    checkpoint_mode=None, 
    checkpoint_period='00:30:00', 
    data_management_max_threads=10, 
    executors=[IPyParallelExecutor(
        container_image=None, 
        controller=Controller(
            interfaces=None, 
            ipython_dir='/scratch/midway2/madduru/parsl/parsl/tests/integration/test_stress/runinfo/1230', 
            log=True, 
            mode='auto', 
            port=None, 
            port_range=None, 
            profile='midway_ipp', 
            public_ip=None, 
            reuse=False
        ), 
        engine_dir='.', 
        engine_file='~/.ipython/profile_default/security/ipcontroller-engine.json', 
        label='midway_ipp', 
        managed=True, 
        provider=SlurmProvider(
            'sandyb',
            channel=LocalChannel(
                envs={}, 
                script_dir='/scratch/midway2/madduru/parsl/parsl/tests/integration/test_stress/.scripts', 
                userhome='/scratch/midway2/madduru/parsl/parsl/tests/integration/test_stress'
            ), 
            cmd_timeout=10, 
            init_blocks=1, 
            label='slurm', 
            launcher=<libsubmit.launchers.launchers.SingleNodeLauncher object at 0x7f0d3a5a0e10>, 
            max_blocks=1, 
            min_blocks=1, 
            nodes_per_block=1, 
            overrides='module load Anaconda3/5.1.0; export PARSL_TESTING=True', 
            parallelism=0.5, 
            script_dir='parsl_scripts', 
            tasks_per_node=8, 
            walltime=601
        ), 
        storage_access=[], 
        working_dir=None
    )], 
    lazy_errors=True, 
    retries=0, 
    run_dir='runinfo', 
    strategy='simple', 
    usage_tracking=True
)
2018-07-19 10:39:00 parsl.dataflow.rundirs:36 [DEBUG]  Parsl run initializing in rundir:runinfo/1231
2018-07-19 10:39:00 parsl.dataflow.dflow:71 [INFO]  Parsl version: 0.5.1
2018-07-19 10:39:00 parsl.dataflow.dflow:72 [INFO]  Libsubmit version: 0.5.0-a0
2018-07-19 10:39:00 parsl.dataflow.usage_tracking.usage:125 [DEBUG]  Tracking status: True
2018-07-19 10:39:00 parsl.dataflow.usage_tracking.usage:126 [DEBUG]  Testing mode   : False
2018-07-19 10:39:00 parsl.dataflow.memoization:52 [INFO]  App caching initialized
2018-07-19 10:39:00 parsl.executors.ipp_controller:83 [DEBUG]  Starting ipcontroller with 'ipcontroller --ipython-dir=/scratch/midway2/madduru/parsl/parsl/tests/integration/test_stress/runinfo/1231 --ip=* --profile=midway_ipp   '
2018-07-19 10:39:02 parsl.executors.ipp:97 [DEBUG]  Waiting for /scratch/midway2/madduru/parsl/parsl/tests/integration/test_stress/runinfo/1231/profile_midway_ipp/security/ipcontroller-client.json
2018-07-19 10:39:02 parsl.executors.ipp:114 [DEBUG]  Starting IPyParallelExecutor with provider:
SlurmProvider(
    'sandyb',
    channel=LocalChannel(
        envs={}, 
        script_dir='/scratch/midway2/madduru/parsl/parsl/tests/integration/test_stress/.scripts', 
        userhome='/scratch/midway2/madduru/parsl/parsl/tests/integration/test_stress'
    ), 
    cmd_timeout=10, 
    init_blocks=1, 
    label='slurm', 
    launcher=<libsubmit.launchers.launchers.SingleNodeLauncher object at 0x7f0d3a5a0e10>, 
    max_blocks=1, 
    min_blocks=1, 
    nodes_per_block=1, 
    overrides='module load Anaconda3/5.1.0; export PARSL_TESTING=True', 
    parallelism=0.5, 
    script_dir='parsl_scripts', 
    tasks_per_node=8, 
    walltime=601
)
2018-07-19 10:39:02 parsl.executors.ipp:119 [DEBUG]  Launched block: 0:47683244
2018-07-19 10:39:02 parsl.executors.ipp:134 [DEBUG]  Starting executor
2018-07-19 10:39:02 parsl.dataflow.strategy:120 [DEBUG]  Scaling strategy: simple
2018-07-19 10:39:02 parsl.dataflow.dflow:591 [INFO]  DFK cleanup initiated
2018-07-19 10:39:02 parsl.dataflow.dflow:538 [INFO]  Summary of tasks in DFK:
2018-07-19 10:39:02 parsl.dataflow.dflow:576 [INFO]  End of summary
2018-07-19 10:39:02 parsl.dataflow.dflow:615 [INFO]  Terminating flow_control and strategy threads
2018-07-19 10:39:05 parsl.executors.ipp:282 [DEBUG]  IPP:Shutdown sequence: Attempting controller kill
2018-07-19 10:39:05 parsl.executors.ipp_controller:142 [DEBUG]  Controller exited with 0
2018-07-19 10:39:05 parsl.executors.ipp:292 [DEBUG]  Done with executor shutdown
2018-07-19 10:39:05 parsl.data_provider.data_manager:66 [DEBUG]  Done with executor shutdown
2018-07-19 10:39:05 parsl.dataflow.dflow:625 [INFO]  DFK cleanup complete
2018-07-19 10:39:05 parsl.config:65 [DEBUG]  Checkpoint period only has an effect with checkpoint_mode='periodic'
2018-07-19 10:39:05 parsl.dataflow.dflow:66 [DEBUG]  Starting DataFlowKernel with config
Config(
    app_cache=True, 
    checkpoint_files=None, 
    checkpoint_mode=None, 
    checkpoint_period='00:30:00', 
    data_management_max_threads=10, 
    executors=[IPyParallelExecutor(
        container_image=None, 
        controller=Controller(
            interfaces=None, 
            ipython_dir='/scratch/midway2/madduru/parsl/parsl/tests/integration/test_stress/runinfo/1231', 
            log=True, 
            mode='auto', 
            port=None, 
            port_range=None, 
            profile='midway_ipp', 
            public_ip=None, 
            reuse=False
        ), 
        engine_dir='.', 
        engine_file='~/.ipython/profile_default/security/ipcontroller-engine.json', 
        label='midway_ipp', 
        managed=True, 
        provider=SlurmProvider(
            'sandyb',
            channel=LocalChannel(
                envs={}, 
                script_dir='/scratch/midway2/madduru/parsl/parsl/tests/integration/test_stress/.scripts', 
                userhome='/scratch/midway2/madduru/parsl/parsl/tests/integration/test_stress'
            ), 
            cmd_timeout=10, 
            init_blocks=1, 
            label='slurm', 
            launcher=<libsubmit.launchers.launchers.SingleNodeLauncher object at 0x7f0d3a5a0e10>, 
            max_blocks=1, 
            min_blocks=1, 
            nodes_per_block=1, 
            overrides='module load Anaconda3/5.1.0; export PARSL_TESTING=True', 
            parallelism=0.5, 
            script_dir='parsl_scripts', 
            tasks_per_node=16, 
            walltime=601
        ), 
        storage_access=[], 
        working_dir=None
    )], 
    lazy_errors=True, 
    retries=0, 
    run_dir='runinfo', 
    strategy='simple', 
    usage_tracking=True
)
2018-07-19 10:39:05 parsl.dataflow.rundirs:36 [DEBUG]  Parsl run initializing in rundir:runinfo/1232
2018-07-19 10:39:05 parsl.dataflow.dflow:71 [INFO]  Parsl version: 0.5.1
2018-07-19 10:39:05 parsl.dataflow.dflow:72 [INFO]  Libsubmit version: 0.5.0-a0
2018-07-19 10:39:05 parsl.dataflow.usage_tracking.usage:125 [DEBUG]  Tracking status: True
2018-07-19 10:39:05 parsl.dataflow.usage_tracking.usage:126 [DEBUG]  Testing mode   : False
2018-07-19 10:39:05 parsl.dataflow.memoization:52 [INFO]  App caching initialized
2018-07-19 10:39:05 parsl.executors.ipp_controller:83 [DEBUG]  Starting ipcontroller with 'ipcontroller --ipython-dir=/scratch/midway2/madduru/parsl/parsl/tests/integration/test_stress/runinfo/1232 --ip=* --profile=midway_ipp   '
2018-07-19 10:39:07 parsl.executors.ipp:97 [DEBUG]  Waiting for /scratch/midway2/madduru/parsl/parsl/tests/integration/test_stress/runinfo/1232/profile_midway_ipp/security/ipcontroller-client.json
2018-07-19 10:39:07 parsl.executors.ipp:114 [DEBUG]  Starting IPyParallelExecutor with provider:
SlurmProvider(
    'sandyb',
    channel=LocalChannel(
        envs={}, 
        script_dir='/scratch/midway2/madduru/parsl/parsl/tests/integration/test_stress/.scripts', 
        userhome='/scratch/midway2/madduru/parsl/parsl/tests/integration/test_stress'
    ), 
    cmd_timeout=10, 
    init_blocks=1, 
    label='slurm', 
    launcher=<libsubmit.launchers.launchers.SingleNodeLauncher object at 0x7f0d3a5a0e10>, 
    max_blocks=1, 
    min_blocks=1, 
    nodes_per_block=1, 
    overrides='module load Anaconda3/5.1.0; export PARSL_TESTING=True', 
    parallelism=0.5, 
    script_dir='parsl_scripts', 
    tasks_per_node=16, 
    walltime=601
)
2018-07-19 10:39:07 parsl.executors.ipp:119 [DEBUG]  Launched block: 0:47683245
2018-07-19 10:39:07 parsl.executors.ipp:134 [DEBUG]  Starting executor
2018-07-19 10:39:07 parsl.dataflow.strategy:120 [DEBUG]  Scaling strategy: simple
2018-07-19 10:39:07 parsl.dataflow.dflow:591 [INFO]  DFK cleanup initiated
2018-07-19 10:39:07 parsl.dataflow.dflow:538 [INFO]  Summary of tasks in DFK:
2018-07-19 10:39:07 parsl.dataflow.dflow:576 [INFO]  End of summary
2018-07-19 10:39:07 parsl.dataflow.dflow:615 [INFO]  Terminating flow_control and strategy threads
2018-07-19 10:39:07 parsl.executors.ipp:282 [DEBUG]  IPP:Shutdown sequence: Attempting controller kill
2018-07-19 10:39:08 parsl.executors.ipp_controller:142 [DEBUG]  Controller exited with 0
2018-07-19 10:39:08 parsl.executors.ipp:292 [DEBUG]  Done with executor shutdown
2018-07-19 10:39:08 parsl.data_provider.data_manager:66 [DEBUG]  Done with executor shutdown
2018-07-19 10:39:08 parsl.dataflow.dflow:625 [INFO]  DFK cleanup complete
