2018-07-16 11:15:32.205 [IPControllerApp] Created profile dir: '/scratch/midway2/madduru/parsl/parsl/tests/integration/test_stress/runinfo/1109/profile_midway_ipp'
2018-07-16 11:15:32.251 [IPControllerApp] Hub listening on tcp://*:59051 for registration.
2018-07-16 11:15:32.253 [IPControllerApp] Hub using DB backend: 'DictDB'
2018-07-16 11:15:32.515 [IPControllerApp] hub::created hub
2018-07-16 11:15:32.515 [IPControllerApp] writing connection info to /scratch/midway2/madduru/parsl/parsl/tests/integration/test_stress/runinfo/1109/profile_midway_ipp/security/ipcontroller-client.json
2018-07-16 11:15:32.517 [IPControllerApp] writing connection info to /scratch/midway2/madduru/parsl/parsl/tests/integration/test_stress/runinfo/1109/profile_midway_ipp/security/ipcontroller-engine.json
2018-07-16 11:15:32.517 [IPControllerApp] task::using Python leastload Task scheduler
2018-07-16 11:15:32.518 [IPControllerApp] Heartmonitor started
2018-07-16 11:15:32.531 [IPControllerApp] Creating pid file: /scratch/midway2/madduru/parsl/parsl/tests/integration/test_stress/runinfo/1109/profile_midway_ipp/pid/ipcontroller.pid
2018-07-16 11:15:32.543 [scheduler] Scheduler started [leastload]
2018-07-16 11:15:32.546 [IPControllerApp] client::client b'\x00k\x8bEg' requested 'connection_request'
2018-07-16 11:15:32.546 [IPControllerApp] client::client [b'\x00k\x8bEg'] connected
2018-07-16 11:15:32.876 [IPControllerApp] client::client b'\x00k\x8bEh' requested 'connection_request'
2018-07-16 11:15:32.877 [IPControllerApp] client::client [b'\x00k\x8bEh'] connected
2018-07-16 11:15:36.033 [IPControllerApp] client::client b'd5393b2f-ca062790fcff58093c36c2a8' requested 'registration_request'
2018-07-16 11:15:36.034 [IPControllerApp] client::client b'1871eeec-5cd6523c412722e964eab86b' requested 'registration_request'
2018-07-16 11:15:41.521 [IPControllerApp] registration::finished registering engine 1:1871eeec-5cd6523c412722e964eab86b
2018-07-16 11:15:41.522 [IPControllerApp] engine::Engine Connected: 1
2018-07-16 11:15:41.523 [IPControllerApp] registration::finished registering engine 0:d5393b2f-ca062790fcff58093c36c2a8
2018-07-16 11:15:41.523 [IPControllerApp] engine::Engine Connected: 0
2018-07-16 11:15:41.527 [IPControllerApp] task::task '510d9f55-3cd105050ea2850ccd4d3157' arrived on 1
2018-07-16 11:15:41.528 [IPControllerApp] task::task '269361bb-fa865d77c575fa6d82267c9e' arrived on 0
2018-07-16 11:15:52.984 [IPControllerApp] task::task '5c12e219-7556a4cb3c1c1fe659a87173' arrived on 1
2018-07-16 11:15:52.986 [IPControllerApp] task::task '510d9f55-3cd105050ea2850ccd4d3157' finished on 1
2018-07-16 11:15:52.987 [IPControllerApp] task::task '5242045f-2a0dad50c2d52e3eaa13ee5e' arrived on 0
2018-07-16 11:15:52.989 [IPControllerApp] task::task '269361bb-fa865d77c575fa6d82267c9e' finished on 0
2018-07-16 11:16:03.005 [IPControllerApp] task::task 'ba00730e-04c0e4dea676d206733e4232' arrived on 0
2018-07-16 11:16:03.007 [IPControllerApp] task::task '5242045f-2a0dad50c2d52e3eaa13ee5e' finished on 0
2018-07-16 11:16:03.009 [IPControllerApp] task::task '4ac35552-465ab6b3d434ee49d7925835' arrived on 1
2018-07-16 11:16:03.010 [IPControllerApp] task::task '5c12e219-7556a4cb3c1c1fe659a87173' finished on 1
2018-07-16 11:16:13.020 [IPControllerApp] task::task 'ebcf1c51-07371b1dedf84376ac9dc22c' arrived on 1
2018-07-16 11:16:13.022 [IPControllerApp] task::task '4ac35552-465ab6b3d434ee49d7925835' finished on 1
2018-07-16 11:16:13.024 [IPControllerApp] task::task 'eb07a7f6-eae9ea66653b232f132a3910' arrived on 0
2018-07-16 11:16:13.026 [IPControllerApp] task::task 'ba00730e-04c0e4dea676d206733e4232' finished on 0
2018-07-16 11:16:23.037 [IPControllerApp] task::task '69ac6852-8097c94707ccf7016dda53b2' arrived on 0
2018-07-16 11:16:23.038 [IPControllerApp] task::task 'eb07a7f6-eae9ea66653b232f132a3910' finished on 0
2018-07-16 11:16:23.039 [IPControllerApp] task::task '6b1c9d3d-db16ca08cb3794dcd30081e0' arrived on 1
2018-07-16 11:16:23.040 [IPControllerApp] task::task 'ebcf1c51-07371b1dedf84376ac9dc22c' finished on 1
2018-07-16 11:16:33.055 [IPControllerApp] task::task 'b4b7a7db-ce8e28628209a064f9dc79e5' arrived on 0
2018-07-16 11:16:33.056 [IPControllerApp] task::task '69ac6852-8097c94707ccf7016dda53b2' finished on 0
2018-07-16 11:16:33.057 [IPControllerApp] task::task 'dbbe495b-dc0323351e50174a00e50034' arrived on 1
2018-07-16 11:16:33.059 [IPControllerApp] task::task '6b1c9d3d-db16ca08cb3794dcd30081e0' finished on 1
2018-07-16 11:16:43.073 [IPControllerApp] task::task 'ff287043-d4fd9d8e002dc6e0cdcf9bbb' arrived on 1
2018-07-16 11:16:43.074 [IPControllerApp] task::task 'dbbe495b-dc0323351e50174a00e50034' finished on 1
2018-07-16 11:16:43.076 [IPControllerApp] task::task '049df573-ca9f080836b4dc0e33fb0480' arrived on 0
2018-07-16 11:16:43.078 [IPControllerApp] task::task 'b4b7a7db-ce8e28628209a064f9dc79e5' finished on 0
2018-07-16 11:16:53.091 [IPControllerApp] task::task '7ea335bc-319b769da74a85bc642cd4b6' arrived on 0
2018-07-16 11:16:53.092 [IPControllerApp] task::task '049df573-ca9f080836b4dc0e33fb0480' finished on 0
2018-07-16 11:16:53.093 [IPControllerApp] task::task '1dfbb174-04eedd1eeb7d2f90c9781cd4' arrived on 1
2018-07-16 11:16:53.095 [IPControllerApp] task::task 'ff287043-d4fd9d8e002dc6e0cdcf9bbb' finished on 1
2018-07-16 11:17:03.109 [IPControllerApp] task::task '96e8e8cd-198928249fd46c389142456f' arrived on 1
2018-07-16 11:17:03.110 [IPControllerApp] task::task '1dfbb174-04eedd1eeb7d2f90c9781cd4' finished on 1
2018-07-16 11:17:03.112 [IPControllerApp] task::task 'aa978e93-f574d6ded5d37510cdb81416' arrived on 0
2018-07-16 11:17:03.114 [IPControllerApp] task::task '7ea335bc-319b769da74a85bc642cd4b6' finished on 0
2018-07-16 11:17:13.126 [IPControllerApp] task::task '2040b235-899327f45fabc688963d7f85' arrived on 1
2018-07-16 11:17:13.127 [IPControllerApp] task::task '96e8e8cd-198928249fd46c389142456f' finished on 1
2018-07-16 11:17:13.128 [IPControllerApp] task::task '21e7732f-5eade77ca8a8ceb16dfbf5e4' arrived on 0
2018-07-16 11:17:13.130 [IPControllerApp] task::task 'aa978e93-f574d6ded5d37510cdb81416' finished on 0
2018-07-16 11:17:23.144 [IPControllerApp] task::task 'e5bd3c01-5b71062f871d5b6701b0ec7f' arrived on 0
2018-07-16 11:17:23.145 [IPControllerApp] task::task '21e7732f-5eade77ca8a8ceb16dfbf5e4' finished on 0
2018-07-16 11:17:23.147 [IPControllerApp] task::task 'b4ca0d64-4df5a09ea278766cd69b0f44' arrived on 1
2018-07-16 11:17:23.150 [IPControllerApp] task::task '2040b235-899327f45fabc688963d7f85' finished on 1
2018-07-16 11:17:33.162 [IPControllerApp] task::task '8c99d4d3-08aee2414f27706b850e0558' arrived on 1
2018-07-16 11:17:33.163 [IPControllerApp] task::task 'b4ca0d64-4df5a09ea278766cd69b0f44' finished on 1
2018-07-16 11:17:33.164 [IPControllerApp] task::task '16740880-ad6f92b69fdb2d81ba1b6e36' arrived on 0
2018-07-16 11:17:33.165 [IPControllerApp] task::task 'e5bd3c01-5b71062f871d5b6701b0ec7f' finished on 0
2018-07-16 11:17:43.181 [IPControllerApp] task::task '54ec0af3-5834bcda03971a06524b2b42' arrived on 0
2018-07-16 11:17:43.184 [IPControllerApp] task::task '16740880-ad6f92b69fdb2d81ba1b6e36' finished on 0
2018-07-16 11:17:43.186 [IPControllerApp] task::task 'a5f4e3c2-b4402c2ceac32bbd612ce15c' arrived on 1
2018-07-16 11:17:43.188 [IPControllerApp] task::task '8c99d4d3-08aee2414f27706b850e0558' finished on 1
2018-07-16 11:17:53.196 [IPControllerApp] task::task 'e5c0c7dc-e809a75fcbd3c1fd528930fc' arrived on 1
2018-07-16 11:17:53.197 [IPControllerApp] task::task 'a5f4e3c2-b4402c2ceac32bbd612ce15c' finished on 1
2018-07-16 11:17:53.198 [IPControllerApp] task::task 'fefd93c3-eb8edc42e5ed76e6f666ba46' arrived on 0
2018-07-16 11:17:53.200 [IPControllerApp] task::task '54ec0af3-5834bcda03971a06524b2b42' finished on 0
2018-07-16 11:18:03.213 [IPControllerApp] task::task '71e879b4-3458f56e1ab980b149d4fc0a' arrived on 0
2018-07-16 11:18:03.215 [IPControllerApp] task::task 'fefd93c3-eb8edc42e5ed76e6f666ba46' finished on 0
2018-07-16 11:18:03.216 [IPControllerApp] task::task 'af20b65d-8ff58a273c3ee82110a47f82' arrived on 1
2018-07-16 11:18:03.218 [IPControllerApp] task::task 'e5c0c7dc-e809a75fcbd3c1fd528930fc' finished on 1
2018-07-16 11:18:13.232 [IPControllerApp] task::task 'e195a264-5b03d99cc797f9b31753fee8' arrived on 0
2018-07-16 11:18:13.233 [IPControllerApp] task::task '71e879b4-3458f56e1ab980b149d4fc0a' finished on 0
2018-07-16 11:18:13.235 [IPControllerApp] task::task '949583f8-ff0c0e5c50ef9d01a8d206ed' arrived on 1
2018-07-16 11:18:13.237 [IPControllerApp] task::task 'af20b65d-8ff58a273c3ee82110a47f82' finished on 1
2018-07-16 11:18:23.251 [IPControllerApp] task::task '5ead7174-7d9fd5c463ce2cfe7146eb69' arrived on 1
2018-07-16 11:18:23.252 [IPControllerApp] task::task '949583f8-ff0c0e5c50ef9d01a8d206ed' finished on 1
2018-07-16 11:18:23.254 [IPControllerApp] task::task '381e244a-d451e14f7aa6adb2087c54d8' arrived on 0
2018-07-16 11:18:23.256 [IPControllerApp] task::task 'e195a264-5b03d99cc797f9b31753fee8' finished on 0
2018-07-16 11:18:33.269 [IPControllerApp] task::task '4b7045d7-3b10925c0c28aa2ebc69d0ab' arrived on 0
2018-07-16 11:18:33.270 [IPControllerApp] task::task '381e244a-d451e14f7aa6adb2087c54d8' finished on 0
2018-07-16 11:18:33.271 [IPControllerApp] task::task '55ee51f0-79aab99518a707172b6a727b' arrived on 1
2018-07-16 11:18:33.273 [IPControllerApp] task::task '5ead7174-7d9fd5c463ce2cfe7146eb69' finished on 1
2018-07-16 11:18:43.287 [IPControllerApp] task::task '8ec874c4-73819308e31b1126d9822b69' arrived on 0
2018-07-16 11:18:43.288 [IPControllerApp] task::task '4b7045d7-3b10925c0c28aa2ebc69d0ab' finished on 0
2018-07-16 11:18:43.290 [IPControllerApp] task::task '88bbcf13-e597b92ac9d0656ca613ae55' arrived on 1
2018-07-16 11:18:43.290 [IPControllerApp] task::task '55ee51f0-79aab99518a707172b6a727b' finished on 1
2018-07-16 11:18:53.304 [IPControllerApp] task::task 'df0a3e6e-1aec3175f4a6d550f508ec70' arrived on 1
2018-07-16 11:18:53.305 [IPControllerApp] task::task '88bbcf13-e597b92ac9d0656ca613ae55' finished on 1
2018-07-16 11:18:53.305 [IPControllerApp] task::task 'c8b1cde5-1f2c443eeaac1d3616434525' arrived on 0
2018-07-16 11:18:53.307 [IPControllerApp] task::task '8ec874c4-73819308e31b1126d9822b69' finished on 0
2018-07-16 11:19:03.322 [IPControllerApp] task::task 'a4f0fcd4-65639a80743b1b0d16e74ddd' arrived on 0
2018-07-16 11:19:03.323 [IPControllerApp] task::task 'c8b1cde5-1f2c443eeaac1d3616434525' finished on 0
2018-07-16 11:19:03.324 [IPControllerApp] task::task '9e5f4bb8-f4756a9089a8d4bb342dc0f9' arrived on 1
2018-07-16 11:19:03.326 [IPControllerApp] task::task 'df0a3e6e-1aec3175f4a6d550f508ec70' finished on 1
2018-07-16 11:19:13.341 [IPControllerApp] task::task 'e0ea5eac-ecb7e9291bf8d0966e614466' arrived on 1
2018-07-16 11:19:13.342 [IPControllerApp] task::task '9e5f4bb8-f4756a9089a8d4bb342dc0f9' finished on 1
2018-07-16 11:19:13.343 [IPControllerApp] task::task 'fd4645f1-6e67fe879bb9857083404c64' arrived on 0
2018-07-16 11:19:13.345 [IPControllerApp] task::task 'a4f0fcd4-65639a80743b1b0d16e74ddd' finished on 0
2018-07-16 11:19:23.359 [IPControllerApp] task::task '93209721-a03c5f4eebcb2d0a928dd49c' arrived on 0
2018-07-16 11:19:23.361 [IPControllerApp] task::task 'fd4645f1-6e67fe879bb9857083404c64' finished on 0
2018-07-16 11:19:23.362 [IPControllerApp] task::task '206bab2b-aae32323fc0e2ba0a0fa452f' arrived on 1
2018-07-16 11:19:23.364 [IPControllerApp] task::task 'e0ea5eac-ecb7e9291bf8d0966e614466' finished on 1
2018-07-16 11:19:33.378 [IPControllerApp] task::task '4adee303-a24f5c051bd041050d950585' arrived on 0
2018-07-16 11:19:33.379 [IPControllerApp] task::task '93209721-a03c5f4eebcb2d0a928dd49c' finished on 0
2018-07-16 11:19:33.380 [IPControllerApp] task::task 'caa3f143-6bdda22dd08384141f6a8af8' arrived on 1
2018-07-16 11:19:33.382 [IPControllerApp] task::task '206bab2b-aae32323fc0e2ba0a0fa452f' finished on 1
2018-07-16 11:19:43.396 [IPControllerApp] task::task '2062ea7a-28ab4ad9ad9afaf206f108e7' arrived on 1
2018-07-16 11:19:43.397 [IPControllerApp] task::task 'caa3f143-6bdda22dd08384141f6a8af8' finished on 1
2018-07-16 11:19:43.399 [IPControllerApp] task::task 'b8dd1f76-e680e52fee17d91937891151' arrived on 0
2018-07-16 11:19:43.401 [IPControllerApp] task::task '4adee303-a24f5c051bd041050d950585' finished on 0
2018-07-16 11:19:53.414 [IPControllerApp] task::task 'fe3d86fc-17641c72f1979a8fbefa859b' arrived on 1
2018-07-16 11:19:53.415 [IPControllerApp] task::task '2062ea7a-28ab4ad9ad9afaf206f108e7' finished on 1
2018-07-16 11:19:53.416 [IPControllerApp] task::task '3d1febae-e8b041d50606e4c2ee8d18a0' arrived on 0
2018-07-16 11:19:53.418 [IPControllerApp] task::task 'b8dd1f76-e680e52fee17d91937891151' finished on 0
2018-07-16 11:20:03.432 [IPControllerApp] task::task '2dd7c951-9e03c555a2def927ac821fab' arrived on 0
2018-07-16 11:20:03.433 [IPControllerApp] task::task '3d1febae-e8b041d50606e4c2ee8d18a0' finished on 0
2018-07-16 11:20:03.435 [IPControllerApp] task::task 'de1706a1-00b41a75e238982385f6df73' arrived on 1
2018-07-16 11:20:03.437 [IPControllerApp] task::task 'fe3d86fc-17641c72f1979a8fbefa859b' finished on 1
2018-07-16 11:20:13.451 [IPControllerApp] task::task '6321db8f-eef13dca1eddca552e4a2b8a' arrived on 0
2018-07-16 11:20:13.453 [IPControllerApp] task::task '2dd7c951-9e03c555a2def927ac821fab' finished on 0
2018-07-16 11:20:13.455 [IPControllerApp] task::task '4b9a335a-d68ad73bffe87c2b33f18654' arrived on 1
2018-07-16 11:20:13.456 [IPControllerApp] task::task 'de1706a1-00b41a75e238982385f6df73' finished on 1
2018-07-16 11:20:19.284 [IPControllerApp] CRITICAL | Received signal 15, shutting down
2018-07-16 11:20:19.284 [IPControllerApp] CRITICAL | terminating children...
