2018-07-16 14:29:32 parsl.dataflow.dflow:71 [INFO]  Parsl version: 0.5.1
2018-07-16 14:29:32 parsl.dataflow.dflow:72 [INFO]  Libsubmit version: 0.5.0-a0
2018-07-16 14:29:32 parsl.dataflow.usage_tracking.usage:125 [DEBUG]  Tracking status: True
2018-07-16 14:29:32 parsl.dataflow.usage_tracking.usage:126 [DEBUG]  Testing mode   : False
2018-07-16 14:29:32 parsl.dataflow.memoization:52 [INFO]  App caching initialized
2018-07-16 14:29:32 parsl.executors.ipp_controller:83 [DEBUG]  Starting ipcontroller with 'ipcontroller --ipython-dir=/scratch/midway2/madduru/parsl/parsl/tests/integration/test_stress/runinfo/1127 --ip=* --profile=midway_ipp   '
2018-07-16 14:29:34 parsl.executors.ipp:97 [DEBUG]  Waiting for /scratch/midway2/madduru/parsl/parsl/tests/integration/test_stress/runinfo/1127/profile_midway_ipp/security/ipcontroller-client.json
2018-07-16 14:29:34 parsl.executors.ipp:114 [DEBUG]  Starting IPyParallelExecutor with provider:
SlurmProvider(
    'sandyb',
    channel=LocalChannel(
        envs={}, 
        script_dir='/scratch/midway2/madduru/parsl/parsl/tests/integration/test_stress/.scripts', 
        userhome='/scratch/midway2/madduru/parsl/parsl/tests/integration/test_stress'
    ), 
    cmd_timeout=10, 
    init_blocks=1, 
    label='slurm', 
    launcher=<libsubmit.launchers.launchers.SingleNodeLauncher object at 0x7ff085054d68>, 
    max_blocks=1, 
    min_blocks=1, 
    nodes_per_block=1, 
    overrides='module load Anaconda3/5.1.0; export PARSL_TESTING=True', 
    parallelism=0.5, 
    script_dir='parsl_scripts', 
    tasks_per_node=1, 
    walltime=11
)
2018-07-16 14:29:35 parsl.executors.ipp:119 [DEBUG]  Launched block: 0:47554412
2018-07-16 14:29:35 parsl.executors.ipp:134 [DEBUG]  Starting executor
2018-07-16 14:29:35 parsl.dataflow.strategy:120 [DEBUG]  Scaling strategy: simple
2018-07-16 14:29:35 parsl.dataflow.dflow:591 [INFO]  DFK cleanup initiated
2018-07-16 14:29:35 parsl.dataflow.dflow:538 [INFO]  Summary of tasks in DFK:
2018-07-16 14:29:35 parsl.dataflow.dflow:576 [INFO]  End of summary
2018-07-16 14:29:35 parsl.dataflow.dflow:615 [INFO]  Terminating flow_control and strategy threads
2018-07-16 14:29:35 parsl.executors.ipp:282 [DEBUG]  IPP:Shutdown sequence: Attempting controller kill
2018-07-16 14:29:35 parsl.executors.ipp_controller:142 [DEBUG]  Controller exited with 0
2018-07-16 14:29:35 parsl.executors.ipp:292 [DEBUG]  Done with executor shutdown
2018-07-16 14:29:35 parsl.data_provider.data_manager:66 [DEBUG]  Done with executor shutdown
2018-07-16 14:29:35 parsl.dataflow.dflow:625 [INFO]  DFK cleanup complete
2018-07-16 14:29:35 parsl.dataflow.dflow:480 [INFO]  Task 0 submitted for App sleeper, waiting on tasks []
2018-07-16 14:29:35 parsl.dataflow.dflow:286 [INFO]  Task 0 launched on executor midway_ipp
2018-07-16 14:29:35 parsl.dataflow.dflow:501 [DEBUG]  Task 0 launched with AppFuture: <AppFuture at 0x7ff06f57dd68 state=pending>
