2018-07-11 14:17:37.325 [IPControllerApp] Created profile dir: '/scratch/midway2/madduru/parsl/parsl/tests/integration/test_stress/runinfo/997/profile_midway_ipp'
2018-07-11 14:17:37.343 [IPControllerApp] Hub listening on tcp://*:44184 for registration.
2018-07-11 14:17:37.345 [IPControllerApp] Hub using DB backend: 'DictDB'
2018-07-11 14:17:37.609 [IPControllerApp] hub::created hub
2018-07-11 14:17:37.610 [IPControllerApp] writing connection info to /scratch/midway2/madduru/parsl/parsl/tests/integration/test_stress/runinfo/997/profile_midway_ipp/security/ipcontroller-client.json
2018-07-11 14:17:37.611 [IPControllerApp] writing connection info to /scratch/midway2/madduru/parsl/parsl/tests/integration/test_stress/runinfo/997/profile_midway_ipp/security/ipcontroller-engine.json
2018-07-11 14:17:37.612 [IPControllerApp] task::using Python leastload Task scheduler
2018-07-11 14:17:37.612 [IPControllerApp] Heartmonitor started
2018-07-11 14:17:37.627 [IPControllerApp] Creating pid file: /scratch/midway2/madduru/parsl/parsl/tests/integration/test_stress/runinfo/997/profile_midway_ipp/pid/ipcontroller.pid
2018-07-11 14:17:37.636 [scheduler] Scheduler started [leastload]
2018-07-11 14:17:37.639 [IPControllerApp] client::client b'\x00k\x8bEg' requested 'connection_request'
2018-07-11 14:17:37.639 [IPControllerApp] client::client [b'\x00k\x8bEg'] connected
2018-07-11 14:17:38.665 [IPControllerApp] client::client b'\x00k\x8bEh' requested 'connection_request'
2018-07-11 14:17:38.665 [IPControllerApp] client::client [b'\x00k\x8bEh'] connected
2018-07-11 14:18:28.629 [IPControllerApp] client::client b'fea2a2a1-7c2e0c06c46e2e0f5d29f0b3' requested 'registration_request'
2018-07-11 14:18:28.631 [IPControllerApp] client::client b'9a952b92-cc196c6db6c030813f0cff3a' requested 'registration_request'
2018-07-11 14:18:28.632 [IPControllerApp] client::client b'8bfcad5a-4e5f2ffe6e0a75183fa3819a' requested 'registration_request'
2018-07-11 14:18:28.652 [IPControllerApp] client::client b'0ca652ed-a22284055dbb9b944bbb21b2' requested 'registration_request'
2018-07-11 14:18:28.659 [IPControllerApp] client::client b'03d9414a-6b076bedb031dc32c3fe1b5f' requested 'registration_request'
2018-07-11 14:18:28.663 [IPControllerApp] client::client b'9da6b2b9-8b7bb9c4e77ab98f71464d22' requested 'registration_request'
2018-07-11 14:18:28.665 [IPControllerApp] client::client b'5e915da8-7367d02bd19283d5f69e5fef' requested 'registration_request'
2018-07-11 14:18:28.671 [IPControllerApp] client::client b'a491c4a5-e1207e051bd365151d480ce7' requested 'registration_request'
2018-07-11 14:18:28.672 [IPControllerApp] client::client b'51737678-4c3c8b13a0d2de3a46d058eb' requested 'registration_request'
2018-07-11 14:18:28.673 [IPControllerApp] client::client b'e06f6943-45c017c44ebf3fd1ce302067' requested 'registration_request'
2018-07-11 14:18:28.674 [IPControllerApp] client::client b'a86d2b45-ac5e797982490f22efa51ad6' requested 'registration_request'
2018-07-11 14:18:28.675 [IPControllerApp] client::client b'7ea27c31-0b42990ef057f3fc7d6d0cf6' requested 'registration_request'
2018-07-11 14:18:28.680 [IPControllerApp] client::client b'128d3bda-40fea239b8e6a850fd35abeb' requested 'registration_request'
2018-07-11 14:18:28.688 [IPControllerApp] client::client b'709a82e8-8e9103c39be8e03fba4a0f8e' requested 'registration_request'
2018-07-11 14:18:28.796 [IPControllerApp] client::client b'2cc36854-eb3763545fd5698c460d5c1c' requested 'registration_request'
2018-07-11 14:18:29.010 [IPControllerApp] client::client b'9d2474d4-f578df095edd1d29a10bd97f' requested 'registration_request'
2018-07-11 14:18:34.615 [IPControllerApp] registration::finished registering engine 7:a491c4a5-e1207e051bd365151d480ce7
2018-07-11 14:18:34.616 [IPControllerApp] engine::Engine Connected: 7
2018-07-11 14:18:34.617 [IPControllerApp] registration::finished registering engine 6:5e915da8-7367d02bd19283d5f69e5fef
2018-07-11 14:18:34.618 [IPControllerApp] engine::Engine Connected: 6
2018-07-11 14:18:34.619 [IPControllerApp] registration::finished registering engine 4:03d9414a-6b076bedb031dc32c3fe1b5f
2018-07-11 14:18:34.619 [IPControllerApp] engine::Engine Connected: 4
2018-07-11 14:18:34.620 [IPControllerApp] registration::finished registering engine 8:51737678-4c3c8b13a0d2de3a46d058eb
2018-07-11 14:18:34.620 [IPControllerApp] engine::Engine Connected: 8
2018-07-11 14:18:34.621 [IPControllerApp] registration::finished registering engine 12:128d3bda-40fea239b8e6a850fd35abeb
2018-07-11 14:18:34.621 [IPControllerApp] engine::Engine Connected: 12
2018-07-11 14:18:34.621 [IPControllerApp] registration::finished registering engine 3:0ca652ed-a22284055dbb9b944bbb21b2
2018-07-11 14:18:34.622 [IPControllerApp] engine::Engine Connected: 3
2018-07-11 14:18:34.622 [IPControllerApp] registration::finished registering engine 10:a86d2b45-ac5e797982490f22efa51ad6
2018-07-11 14:18:34.622 [IPControllerApp] engine::Engine Connected: 10
2018-07-11 14:18:34.622 [IPControllerApp] registration::finished registering engine 14:2cc36854-eb3763545fd5698c460d5c1c
2018-07-11 14:18:34.623 [IPControllerApp] engine::Engine Connected: 14
2018-07-11 14:18:34.623 [IPControllerApp] registration::finished registering engine 15:9d2474d4-f578df095edd1d29a10bd97f
2018-07-11 14:18:34.623 [IPControllerApp] engine::Engine Connected: 15
2018-07-11 14:18:34.624 [IPControllerApp] registration::finished registering engine 11:7ea27c31-0b42990ef057f3fc7d6d0cf6
2018-07-11 14:18:34.624 [IPControllerApp] engine::Engine Connected: 11
2018-07-11 14:18:34.624 [IPControllerApp] registration::finished registering engine 2:8bfcad5a-4e5f2ffe6e0a75183fa3819a
2018-07-11 14:18:34.625 [IPControllerApp] engine::Engine Connected: 2
2018-07-11 14:18:34.625 [IPControllerApp] registration::finished registering engine 0:fea2a2a1-7c2e0c06c46e2e0f5d29f0b3
2018-07-11 14:18:34.625 [IPControllerApp] engine::Engine Connected: 0
2018-07-11 14:18:34.625 [IPControllerApp] registration::finished registering engine 5:9da6b2b9-8b7bb9c4e77ab98f71464d22
2018-07-11 14:18:34.626 [IPControllerApp] engine::Engine Connected: 5
2018-07-11 14:18:34.626 [IPControllerApp] registration::finished registering engine 9:e06f6943-45c017c44ebf3fd1ce302067
2018-07-11 14:18:34.626 [IPControllerApp] engine::Engine Connected: 9
2018-07-11 14:18:34.627 [IPControllerApp] registration::finished registering engine 13:709a82e8-8e9103c39be8e03fba4a0f8e
2018-07-11 14:18:34.627 [IPControllerApp] engine::Engine Connected: 13
2018-07-11 14:18:34.627 [IPControllerApp] registration::finished registering engine 1:9a952b92-cc196c6db6c030813f0cff3a
2018-07-11 14:18:34.628 [IPControllerApp] engine::Engine Connected: 1
2018-07-11 14:18:34.632 [IPControllerApp] task::task 'd389c222-72bc39f18c7e0befdcc15b7c' arrived on 7
2018-07-11 14:18:34.632 [IPControllerApp] task::task '2ee7bd90-271a32e3a328aef7c550d6dc' arrived on 6
2018-07-11 14:18:34.633 [IPControllerApp] task::task '98b0cab0-388e9d8000757675ff13c86c' arrived on 4
2018-07-11 14:18:34.634 [IPControllerApp] task::task 'c12eade6-942a7780e2a0f3702c94811d' arrived on 8
2018-07-11 14:18:34.635 [IPControllerApp] task::task '881c217e-830c24af037ee91bc1dab327' arrived on 12
2018-07-11 14:18:34.636 [IPControllerApp] task::task '9cf02f7d-dba78620ea157e2ce6317719' arrived on 3
2018-07-11 14:18:34.637 [IPControllerApp] task::task '916d4047-c3cdadf3e0c95d4b2fd2f199' arrived on 10
2018-07-11 14:18:34.638 [IPControllerApp] task::task '37fd645c-47513a1b26aed149d4efd271' arrived on 14
2018-07-11 14:18:34.639 [IPControllerApp] task::task '8b0d314d-a282267c3551a29ffe53eb37' arrived on 15
2018-07-11 14:18:34.640 [IPControllerApp] task::task 'e4ed68cd-329ea53eb1a0e734926767ed' arrived on 11
2018-07-11 14:18:34.641 [IPControllerApp] task::task 'bc1a3b88-a987460b09a42989b31b59c3' arrived on 2
2018-07-11 14:18:34.642 [IPControllerApp] task::task '1e72adf6-666244e8ccedeaebc27c4b74' arrived on 0
2018-07-11 14:18:34.642 [IPControllerApp] task::task 'f997a56c-cc0a38377d7330bbf4610d8b' arrived on 5
2018-07-11 14:18:34.643 [IPControllerApp] task::task '5389b4dd-165549286813c3ec17e1ac15' arrived on 9
2018-07-11 14:18:34.644 [IPControllerApp] task::task 'e9921c12-b308099358fa6635fcb4bc59' arrived on 13
2018-07-11 14:18:34.646 [IPControllerApp] task::task '22c2e659-7990bfe4dc116e8cb4f054b1' arrived on 1
2018-07-11 14:18:41.459 [IPControllerApp] task::task '1159cb12-f458573402dbe134f8cc8218' arrived on 8
2018-07-11 14:18:41.460 [IPControllerApp] task::task 'c12eade6-942a7780e2a0f3702c94811d' finished on 8
2018-07-11 14:18:41.461 [IPControllerApp] task::task '230bea87-4fa71929fdbbc6820be4c82b' arrived on 9
2018-07-11 14:18:41.463 [IPControllerApp] task::task '5389b4dd-165549286813c3ec17e1ac15' finished on 9
2018-07-11 14:18:41.464 [IPControllerApp] task::task '4d1d4025-d6ebf71b0b0a42c74f811568' arrived on 10
2018-07-11 14:18:41.466 [IPControllerApp] task::task '916d4047-c3cdadf3e0c95d4b2fd2f199' finished on 10
2018-07-11 14:18:41.467 [IPControllerApp] task::task '0ef260d5-38b802e79d2bbb1b7fc7cf59' arrived on 5
2018-07-11 14:18:41.468 [IPControllerApp] task::task 'f997a56c-cc0a38377d7330bbf4610d8b' finished on 5
2018-07-11 14:18:41.468 [IPControllerApp] task::task '9fe4f359-cc6d6fb434b9dcadc8aea6d6' arrived on 12
2018-07-11 14:18:41.469 [IPControllerApp] task::task '881c217e-830c24af037ee91bc1dab327' finished on 12
2018-07-11 14:18:41.470 [IPControllerApp] task::task '82e217c4-379f8ee8255fa139a6025b3e' arrived on 14
2018-07-11 14:18:41.471 [IPControllerApp] task::task '37fd645c-47513a1b26aed149d4efd271' finished on 14
2018-07-11 14:18:41.472 [IPControllerApp] task::task 'e24b094e-7d78a029dc97888bcb1f9ad9' arrived on 7
2018-07-11 14:18:41.473 [IPControllerApp] task::task 'd389c222-72bc39f18c7e0befdcc15b7c' finished on 7
2018-07-11 14:18:41.475 [IPControllerApp] task::task '27dfb78a-024fee8186d50a2e14e1034e' arrived on 3
2018-07-11 14:18:41.475 [IPControllerApp] task::task '9cf02f7d-dba78620ea157e2ce6317719' finished on 3
2018-07-11 14:18:41.476 [IPControllerApp] task::task 'b7325a94-ea2d776d5a14a1bb4b93336f' arrived on 4
2018-07-11 14:18:41.477 [IPControllerApp] task::task '98b0cab0-388e9d8000757675ff13c86c' finished on 4
2018-07-11 14:18:41.479 [IPControllerApp] task::task 'e4ed68cd-329ea53eb1a0e734926767ed' finished on 11
2018-07-11 14:18:41.483 [IPControllerApp] task::task 'e9921c12-b308099358fa6635fcb4bc59' finished on 13
2018-07-11 14:18:41.491 [IPControllerApp] task::task '1e72adf6-666244e8ccedeaebc27c4b74' finished on 0
2018-07-11 14:18:41.493 [IPControllerApp] task::task 'bc1a3b88-a987460b09a42989b31b59c3' finished on 2
2018-07-11 14:18:41.495 [IPControllerApp] task::task '2ee7bd90-271a32e3a328aef7c550d6dc' finished on 6
2018-07-11 14:18:41.497 [IPControllerApp] task::task '22c2e659-7990bfe4dc116e8cb4f054b1' finished on 1
2018-07-11 14:18:41.515 [IPControllerApp] task::task '8b0d314d-a282267c3551a29ffe53eb37' finished on 15
2018-07-11 14:18:42.483 [IPControllerApp] task::task '0ef260d5-38b802e79d2bbb1b7fc7cf59' finished on 5
2018-07-11 14:18:42.485 [IPControllerApp] task::task '4d1d4025-d6ebf71b0b0a42c74f811568' finished on 10
2018-07-11 14:18:42.486 [IPControllerApp] task::task '230bea87-4fa71929fdbbc6820be4c82b' finished on 9
2018-07-11 14:18:42.487 [IPControllerApp] task::task '9fe4f359-cc6d6fb434b9dcadc8aea6d6' finished on 12
2018-07-11 14:18:42.492 [IPControllerApp] task::task 'b7325a94-ea2d776d5a14a1bb4b93336f' finished on 4
2018-07-11 14:18:42.494 [IPControllerApp] task::task '27dfb78a-024fee8186d50a2e14e1034e' finished on 3
2018-07-11 14:18:42.495 [IPControllerApp] task::task '82e217c4-379f8ee8255fa139a6025b3e' finished on 14
2018-07-11 14:18:42.502 [IPControllerApp] task::task 'e24b094e-7d78a029dc97888bcb1f9ad9' finished on 7
2018-07-11 14:18:42.504 [IPControllerApp] task::task '1159cb12-f458573402dbe134f8cc8218' finished on 8
2018-07-11 14:18:43.768 [IPControllerApp] CRITICAL | Received signal 15, shutting down
2018-07-11 14:18:43.768 [IPControllerApp] CRITICAL | terminating children...
