2018-07-17 13:42:25.971 [IPControllerApp] Created profile dir: '/scratch/midway2/madduru/parsl/parsl/tests/integration/test_stress/runinfo/1139/profile_midway_ipp'
2018-07-17 13:42:25.999 [IPControllerApp] Hub listening on tcp://*:47481 for registration.
2018-07-17 13:42:26.002 [IPControllerApp] Hub using DB backend: 'DictDB'
2018-07-17 13:42:26.268 [IPControllerApp] hub::created hub
2018-07-17 13:42:26.268 [IPControllerApp] writing connection info to /scratch/midway2/madduru/parsl/parsl/tests/integration/test_stress/runinfo/1139/profile_midway_ipp/security/ipcontroller-client.json
2018-07-17 13:42:26.269 [IPControllerApp] writing connection info to /scratch/midway2/madduru/parsl/parsl/tests/integration/test_stress/runinfo/1139/profile_midway_ipp/security/ipcontroller-engine.json
2018-07-17 13:42:26.270 [IPControllerApp] task::using Python leastload Task scheduler
2018-07-17 13:42:26.271 [IPControllerApp] Heartmonitor started
2018-07-17 13:42:26.284 [IPControllerApp] Creating pid file: /scratch/midway2/madduru/parsl/parsl/tests/integration/test_stress/runinfo/1139/profile_midway_ipp/pid/ipcontroller.pid
2018-07-17 13:42:26.296 [scheduler] Scheduler started [leastload]
2018-07-17 13:42:26.299 [IPControllerApp] client::client b'\x00k\x8bEg' requested 'connection_request'
2018-07-17 13:42:26.299 [IPControllerApp] client::client [b'\x00k\x8bEg'] connected
2018-07-17 13:42:27.038 [IPControllerApp] client::client b'\x00k\x8bEh' requested 'connection_request'
2018-07-17 13:42:27.038 [IPControllerApp] client::client [b'\x00k\x8bEh'] connected
2018-07-17 13:42:29.826 [IPControllerApp] client::client b'e1103101-e5a23159d484efab87c79b75' requested 'registration_request'
2018-07-17 13:42:35.275 [IPControllerApp] registration::finished registering engine 0:e1103101-e5a23159d484efab87c79b75
2018-07-17 13:42:35.275 [IPControllerApp] engine::Engine Connected: 0
2018-07-17 13:42:35.280 [IPControllerApp] task::task 'efb558e1-021a7b90ed90ff1340e6ee54' arrived on 0
2018-07-17 13:42:46.205 [IPControllerApp] task::task 'a69f9b2c-254651765e2a870448fdd07c' arrived on 0
2018-07-17 13:42:46.206 [IPControllerApp] task::task 'efb558e1-021a7b90ed90ff1340e6ee54' finished on 0
2018-07-17 13:42:56.220 [IPControllerApp] task::task '742298f1-36b6e9dada8681db3e8a7c86' arrived on 0
2018-07-17 13:42:56.221 [IPControllerApp] task::task 'a69f9b2c-254651765e2a870448fdd07c' finished on 0
2018-07-17 13:43:06.235 [IPControllerApp] task::task '22ede206-73acdcfc59502b7de964f455' arrived on 0
2018-07-17 13:43:06.237 [IPControllerApp] task::task '742298f1-36b6e9dada8681db3e8a7c86' finished on 0
2018-07-17 13:43:16.250 [IPControllerApp] task::task 'cefe6f4f-2992ac1db5d20a9a88845fac' arrived on 0
2018-07-17 13:43:16.252 [IPControllerApp] task::task '22ede206-73acdcfc59502b7de964f455' finished on 0
2018-07-17 13:43:26.266 [IPControllerApp] task::task '8e92bcb7-94766b358aa84d258070d8fb' arrived on 0
2018-07-17 13:43:26.267 [IPControllerApp] task::task 'cefe6f4f-2992ac1db5d20a9a88845fac' finished on 0
2018-07-17 13:43:31.690 [IPControllerApp] CRITICAL | Received signal 15, shutting down
2018-07-17 13:43:31.691 [IPControllerApp] CRITICAL | terminating children...
