2018-07-11 13:46:10.070 [IPControllerApp] Created profile dir: '/scratch/midway2/madduru/parsl/parsl/tests/integration/test_stress/runinfo/973/profile_midway_ipp'
2018-07-11 13:46:10.086 [IPControllerApp] Hub listening on tcp://*:64762 for registration.
2018-07-11 13:46:10.088 [IPControllerApp] Hub using DB backend: 'DictDB'
2018-07-11 13:46:10.352 [IPControllerApp] hub::created hub
2018-07-11 13:46:10.352 [IPControllerApp] writing connection info to /scratch/midway2/madduru/parsl/parsl/tests/integration/test_stress/runinfo/973/profile_midway_ipp/security/ipcontroller-client.json
2018-07-11 13:46:10.353 [IPControllerApp] writing connection info to /scratch/midway2/madduru/parsl/parsl/tests/integration/test_stress/runinfo/973/profile_midway_ipp/security/ipcontroller-engine.json
2018-07-11 13:46:10.354 [IPControllerApp] task::using Python leastload Task scheduler
2018-07-11 13:46:10.355 [IPControllerApp] Heartmonitor started
2018-07-11 13:46:10.369 [IPControllerApp] Creating pid file: /scratch/midway2/madduru/parsl/parsl/tests/integration/test_stress/runinfo/973/profile_midway_ipp/pid/ipcontroller.pid
2018-07-11 13:46:10.377 [scheduler] Scheduler started [leastload]
2018-07-11 13:46:10.380 [IPControllerApp] client::client b'\x00k\x8bEg' requested 'connection_request'
2018-07-11 13:46:10.380 [IPControllerApp] client::client [b'\x00k\x8bEg'] connected
2018-07-11 13:46:11.373 [IPControllerApp] client::client b'\x00k\x8bEh' requested 'connection_request'
2018-07-11 13:46:11.373 [IPControllerApp] client::client [b'\x00k\x8bEh'] connected
2018-07-11 13:46:36.093 [IPControllerApp] client::client b'ed9d8506-09f1f868f99009ec81697271' requested 'registration_request'
2018-07-11 13:46:36.095 [IPControllerApp] client::client b'560cd990-86ebcc65eafe8ff8f6a2cc06' requested 'registration_request'
2018-07-11 13:46:36.096 [IPControllerApp] client::client b'57800277-d3364c466a2801fa904ae82d' requested 'registration_request'
2018-07-11 13:46:36.097 [IPControllerApp] client::client b'8eab7905-81bf2badf55fb45bf675891f' requested 'registration_request'
2018-07-11 13:46:40.358 [IPControllerApp] registration::finished registering engine 2:57800277-d3364c466a2801fa904ae82d
2018-07-11 13:46:40.359 [IPControllerApp] engine::Engine Connected: 2
2018-07-11 13:46:40.360 [IPControllerApp] registration::finished registering engine 3:8eab7905-81bf2badf55fb45bf675891f
2018-07-11 13:46:40.361 [IPControllerApp] engine::Engine Connected: 3
2018-07-11 13:46:40.361 [IPControllerApp] registration::finished registering engine 1:560cd990-86ebcc65eafe8ff8f6a2cc06
2018-07-11 13:46:40.361 [IPControllerApp] engine::Engine Connected: 1
2018-07-11 13:46:40.362 [IPControllerApp] registration::finished registering engine 0:ed9d8506-09f1f868f99009ec81697271
2018-07-11 13:46:40.362 [IPControllerApp] engine::Engine Connected: 0
2018-07-11 13:46:40.365 [IPControllerApp] task::task '077ce71f-78092d37422733108d75c73b' arrived on 2
2018-07-11 13:46:40.366 [IPControllerApp] task::task '70bec987-fe521768dad96bcc3b50f9b6' arrived on 3
2018-07-11 13:46:40.367 [IPControllerApp] task::task 'f5bd8580-c09bb72ee9730aa23f9b5610' arrived on 1
2018-07-11 13:46:40.367 [IPControllerApp] task::task '8287a336-21d39195c8196f6c52dcad49' arrived on 0
2018-07-11 13:46:42.940 [IPControllerApp] task::task 'a545cbfc-0a2402237fa7c174b5d57e6c' arrived on 3
2018-07-11 13:46:42.941 [IPControllerApp] task::task '70bec987-fe521768dad96bcc3b50f9b6' finished on 3
2018-07-11 13:46:42.945 [IPControllerApp] task::task 'cda43a72-8aef7d97381d9e0b80b81788' arrived on 0
2018-07-11 13:46:42.945 [IPControllerApp] task::task '8287a336-21d39195c8196f6c52dcad49' finished on 0
2018-07-11 13:46:42.950 [IPControllerApp] task::task '91b66ce4-08726e3eae47270b196e6ed9' arrived on 2
2018-07-11 13:46:42.951 [IPControllerApp] task::task '077ce71f-78092d37422733108d75c73b' finished on 2
2018-07-11 13:46:42.957 [IPControllerApp] task::task '7b82c9b9-9bc02c4f1bf7e01540494f9c' arrived on 1
2018-07-11 13:46:42.958 [IPControllerApp] task::task 'f5bd8580-c09bb72ee9730aa23f9b5610' finished on 1
2018-07-11 13:46:43.956 [IPControllerApp] task::task '020d7135-756d2c1345fb4a05445d7c49' arrived on 2
2018-07-11 13:46:43.957 [IPControllerApp] task::task '91b66ce4-08726e3eae47270b196e6ed9' finished on 2
2018-07-11 13:46:43.962 [IPControllerApp] task::task '5da9bb62-68b4690713aba9d0db632737' arrived on 0
2018-07-11 13:46:43.964 [IPControllerApp] task::task 'cda43a72-8aef7d97381d9e0b80b81788' finished on 0
2018-07-11 13:46:43.965 [IPControllerApp] task::task '449dda5a-f3e4ee5b9b8a78c28d7bdc62' arrived on 3
2018-07-11 13:46:43.966 [IPControllerApp] task::task 'a545cbfc-0a2402237fa7c174b5d57e6c' finished on 3
2018-07-11 13:46:43.967 [IPControllerApp] task::task 'dc7d5b86-a12015ef085d8f98679deabd' arrived on 1
2018-07-11 13:46:43.968 [IPControllerApp] task::task '7b82c9b9-9bc02c4f1bf7e01540494f9c' finished on 1
2018-07-11 13:46:44.972 [IPControllerApp] task::task 'e6438faa-89b40a30e2acddc836ad1c10' arrived on 3
2018-07-11 13:46:44.973 [IPControllerApp] task::task '449dda5a-f3e4ee5b9b8a78c28d7bdc62' finished on 3
2018-07-11 13:46:44.975 [IPControllerApp] task::task '49908448-f3d0a3fcc9806adb3ac21f91' arrived on 1
2018-07-11 13:46:44.976 [IPControllerApp] task::task 'dc7d5b86-a12015ef085d8f98679deabd' finished on 1
2018-07-11 13:46:44.978 [IPControllerApp] task::task '2b186b3d-eeb279ac2571996edb1ec944' arrived on 2
2018-07-11 13:46:44.978 [IPControllerApp] task::task '020d7135-756d2c1345fb4a05445d7c49' finished on 2
2018-07-11 13:46:44.979 [IPControllerApp] task::task 'b67be183-fdd73785c1a0a1b60016e750' arrived on 0
2018-07-11 13:46:44.980 [IPControllerApp] task::task '5da9bb62-68b4690713aba9d0db632737' finished on 0
2018-07-11 13:46:45.976 [IPControllerApp] task::task 'eca9840f-d9189612a436e16e723aad62' arrived on 3
2018-07-11 13:46:45.977 [IPControllerApp] task::task 'e6438faa-89b40a30e2acddc836ad1c10' finished on 3
2018-07-11 13:46:45.982 [IPControllerApp] task::task 'a93c57a4-876229958ae9fa9381dc7ddc' arrived on 2
2018-07-11 13:46:45.983 [IPControllerApp] task::task '2b186b3d-eeb279ac2571996edb1ec944' finished on 2
2018-07-11 13:46:45.984 [IPControllerApp] task::task '474bd75e-53a1511048ce65560022d4bc' arrived on 1
2018-07-11 13:46:45.985 [IPControllerApp] task::task '49908448-f3d0a3fcc9806adb3ac21f91' finished on 1
2018-07-11 13:46:45.987 [IPControllerApp] task::task '8b00c86c-ea776d34c5f1073c33a351d0' arrived on 0
2018-07-11 13:46:45.987 [IPControllerApp] task::task 'b67be183-fdd73785c1a0a1b60016e750' finished on 0
2018-07-11 13:46:46.991 [IPControllerApp] task::task '31082488-d689846ea0c2cea5b96a3f0b' arrived on 2
2018-07-11 13:46:46.992 [IPControllerApp] task::task 'a93c57a4-876229958ae9fa9381dc7ddc' finished on 2
2018-07-11 13:46:46.994 [IPControllerApp] task::task '384a182e-6cf40011df26ade88eb1bb98' arrived on 0
2018-07-11 13:46:46.996 [IPControllerApp] task::task '8b00c86c-ea776d34c5f1073c33a351d0' finished on 0
2018-07-11 13:46:46.998 [IPControllerApp] task::task '318437d2-fa94c066ed44c19f4404f836' arrived on 1
2018-07-11 13:46:46.999 [IPControllerApp] task::task '474bd75e-53a1511048ce65560022d4bc' finished on 1
2018-07-11 13:46:47.000 [IPControllerApp] task::task '5c795f86-089f2a345eac6172fd25942a' arrived on 3
2018-07-11 13:46:47.001 [IPControllerApp] task::task 'eca9840f-d9189612a436e16e723aad62' finished on 3
2018-07-11 13:46:47.995 [IPControllerApp] task::task 'f39f758b-55c6ddd3b5a1f9dd54e5b48c' arrived on 2
2018-07-11 13:46:47.996 [IPControllerApp] task::task '31082488-d689846ea0c2cea5b96a3f0b' finished on 2
2018-07-11 13:46:48.000 [IPControllerApp] task::task '318437d2-fa94c066ed44c19f4404f836' finished on 1
2018-07-11 13:46:48.001 [IPControllerApp] task::task '384a182e-6cf40011df26ade88eb1bb98' finished on 0
2018-07-11 13:46:48.003 [IPControllerApp] task::task '5c795f86-089f2a345eac6172fd25942a' finished on 3
2018-07-11 13:46:49.005 [IPControllerApp] task::task 'f39f758b-55c6ddd3b5a1f9dd54e5b48c' finished on 2
2018-07-11 13:46:49.133 [IPControllerApp] CRITICAL | Received signal 15, shutting down
2018-07-11 13:46:49.134 [IPControllerApp] CRITICAL | terminating children...
