2018-07-11 13:31:45.382 [IPControllerApp] Created profile dir: '/scratch/midway2/madduru/parsl/parsl/tests/integration/test_stress/runinfo/956/profile_midway_ipp'
2018-07-11 13:31:45.400 [IPControllerApp] Hub listening on tcp://*:48789 for registration.
2018-07-11 13:31:45.402 [IPControllerApp] Hub using DB backend: 'DictDB'
2018-07-11 13:31:45.665 [IPControllerApp] hub::created hub
2018-07-11 13:31:45.665 [IPControllerApp] writing connection info to /scratch/midway2/madduru/parsl/parsl/tests/integration/test_stress/runinfo/956/profile_midway_ipp/security/ipcontroller-client.json
2018-07-11 13:31:45.667 [IPControllerApp] writing connection info to /scratch/midway2/madduru/parsl/parsl/tests/integration/test_stress/runinfo/956/profile_midway_ipp/security/ipcontroller-engine.json
2018-07-11 13:31:45.669 [IPControllerApp] task::using Python leastload Task scheduler
2018-07-11 13:31:45.669 [IPControllerApp] Heartmonitor started
2018-07-11 13:31:45.682 [IPControllerApp] Creating pid file: /scratch/midway2/madduru/parsl/parsl/tests/integration/test_stress/runinfo/956/profile_midway_ipp/pid/ipcontroller.pid
2018-07-11 13:31:45.692 [scheduler] Scheduler started [leastload]
2018-07-11 13:31:45.696 [IPControllerApp] client::client b'\x00k\x8bEg' requested 'connection_request'
2018-07-11 13:31:45.696 [IPControllerApp] client::client [b'\x00k\x8bEg'] connected
2018-07-11 13:31:46.513 [IPControllerApp] client::client b'\x00k\x8bEh' requested 'connection_request'
2018-07-11 13:31:46.513 [IPControllerApp] client::client [b'\x00k\x8bEh'] connected
2018-07-11 13:31:56.898 [IPControllerApp] client::client b'2665ab5f-283bf73319a23749bc00b4a3' requested 'registration_request'
2018-07-11 13:31:56.899 [IPControllerApp] client::client b'3d79c9ec-cf7e583be9d6a4bd827f151e' requested 'registration_request'
2018-07-11 13:31:56.934 [IPControllerApp] client::client b'4acbf388-3664a3dfcb7909ca54cfd961' requested 'registration_request'
2018-07-11 13:31:56.935 [IPControllerApp] client::client b'91de9b36-d43143ab18b464770c99c3e0' requested 'registration_request'
2018-07-11 13:31:56.943 [IPControllerApp] client::client b'458e1234-6cfbd6d05c86208d9b2597ed' requested 'registration_request'
2018-07-11 13:31:56.994 [IPControllerApp] client::client b'621ea4be-85b76742f7c409a998b8a62b' requested 'registration_request'
2018-07-11 13:31:57.051 [IPControllerApp] client::client b'206536f6-fc3718587a20c93e8895916a' requested 'registration_request'
2018-07-11 13:31:57.079 [IPControllerApp] client::client b'82178593-a97ab6346bcaf8dedccb21f7' requested 'registration_request'
2018-07-11 13:32:00.671 [IPControllerApp] registration::finished registering engine 2:4acbf388-3664a3dfcb7909ca54cfd961
2018-07-11 13:32:00.672 [IPControllerApp] engine::Engine Connected: 2
2018-07-11 13:32:00.673 [IPControllerApp] registration::finished registering engine 1:3d79c9ec-cf7e583be9d6a4bd827f151e
2018-07-11 13:32:00.674 [IPControllerApp] engine::Engine Connected: 1
2018-07-11 13:32:00.674 [IPControllerApp] registration::finished registering engine 4:458e1234-6cfbd6d05c86208d9b2597ed
2018-07-11 13:32:00.674 [IPControllerApp] engine::Engine Connected: 4
2018-07-11 13:32:00.675 [IPControllerApp] registration::finished registering engine 7:82178593-a97ab6346bcaf8dedccb21f7
2018-07-11 13:32:00.675 [IPControllerApp] engine::Engine Connected: 7
2018-07-11 13:32:00.675 [IPControllerApp] registration::finished registering engine 3:91de9b36-d43143ab18b464770c99c3e0
2018-07-11 13:32:00.675 [IPControllerApp] engine::Engine Connected: 3
2018-07-11 13:32:00.676 [IPControllerApp] registration::finished registering engine 0:2665ab5f-283bf73319a23749bc00b4a3
2018-07-11 13:32:00.676 [IPControllerApp] engine::Engine Connected: 0
2018-07-11 13:32:00.676 [IPControllerApp] registration::finished registering engine 5:621ea4be-85b76742f7c409a998b8a62b
2018-07-11 13:32:00.677 [IPControllerApp] engine::Engine Connected: 5
2018-07-11 13:32:00.677 [IPControllerApp] registration::finished registering engine 6:206536f6-fc3718587a20c93e8895916a
2018-07-11 13:32:00.678 [IPControllerApp] engine::Engine Connected: 6
2018-07-11 13:32:00.681 [IPControllerApp] task::task '20d31fb8-20e5f627bb7fbf6edb46e4a6' arrived on 2
2018-07-11 13:32:00.682 [IPControllerApp] task::task '08d3e62f-1870ed6153a4927501c8a85e' arrived on 1
2018-07-11 13:32:00.683 [IPControllerApp] task::task 'cb0a1275-ea4829842d5389e7885f3b48' arrived on 4
2018-07-11 13:32:00.684 [IPControllerApp] task::task 'c1df39f6-3e2602b71c769a8c38a569ed' arrived on 7
2018-07-11 13:32:00.685 [IPControllerApp] task::task '46ea7a0e-940c13f5cc2d6ea3d22a50eb' arrived on 3
2018-07-11 13:32:00.687 [IPControllerApp] task::task '69c97137-c06e00d2173f399fed33b61b' arrived on 0
2018-07-11 13:32:00.687 [IPControllerApp] task::task 'ded8b2d2-c1af3f9bd6ca498279ec3ade' arrived on 5
2018-07-11 13:32:00.688 [IPControllerApp] task::task '51f789c6-d593bc811f352872be2d0753' arrived on 6
2018-07-11 13:32:05.640 [IPControllerApp] task::task '1a1d8f9d-08a896e1e27a06c1732f4e2f' arrived on 2
2018-07-11 13:32:05.641 [IPControllerApp] task::task '20d31fb8-20e5f627bb7fbf6edb46e4a6' finished on 2
2018-07-11 13:32:05.644 [IPControllerApp] task::task '1fd66abe-afb50e5a2735f9286a42fee4' arrived on 3
2018-07-11 13:32:05.645 [IPControllerApp] task::task '46ea7a0e-940c13f5cc2d6ea3d22a50eb' finished on 3
2018-07-11 13:32:05.648 [IPControllerApp] task::task '4bf8fabc-882b5e54c5e6ecde63e467f2' arrived on 1
2018-07-11 13:32:05.649 [IPControllerApp] task::task '08d3e62f-1870ed6153a4927501c8a85e' finished on 1
2018-07-11 13:32:05.653 [IPControllerApp] task::task '349158c3-ed4b335de21b400e75eebde1' arrived on 0
2018-07-11 13:32:05.654 [IPControllerApp] task::task '69c97137-c06e00d2173f399fed33b61b' finished on 0
2018-07-11 13:32:05.659 [IPControllerApp] task::task '770b15d9-896253794194d4b9fd6d19b1' arrived on 4
2018-07-11 13:32:05.660 [IPControllerApp] task::task 'cb0a1275-ea4829842d5389e7885f3b48' finished on 4
2018-07-11 13:32:05.669 [IPControllerApp] task::task '6b608a8b-6483aad20236104f449c4817' arrived on 5
2018-07-11 13:32:05.670 [IPControllerApp] task::task 'ded8b2d2-c1af3f9bd6ca498279ec3ade' finished on 5
2018-07-11 13:32:05.691 [IPControllerApp] task::task 'f0694cf9-3b9525fc9f93b45cb4c06c9b' arrived on 6
2018-07-11 13:32:05.692 [IPControllerApp] task::task '51f789c6-d593bc811f352872be2d0753' finished on 6
2018-07-11 13:32:05.696 [IPControllerApp] task::task '22704b27-00e76d220e486102d0bd9a6d' arrived on 7
2018-07-11 13:32:05.697 [IPControllerApp] task::task 'c1df39f6-3e2602b71c769a8c38a569ed' finished on 7
2018-07-11 13:32:06.679 [IPControllerApp] task::task '86e56bb9-73965c8169bbb282680c9fee' arrived on 3
2018-07-11 13:32:06.680 [IPControllerApp] task::task '1fd66abe-afb50e5a2735f9286a42fee4' finished on 3
2018-07-11 13:32:06.681 [IPControllerApp] task::task 'c738b780-d2cb6aee43027aa38c232ae2' arrived on 2
2018-07-11 13:32:06.683 [IPControllerApp] task::task '1a1d8f9d-08a896e1e27a06c1732f4e2f' finished on 2
2018-07-11 13:32:06.685 [IPControllerApp] task::task '96c182fb-b9a9e736812fe28d01cc05c0' arrived on 1
2018-07-11 13:32:06.686 [IPControllerApp] task::task '4bf8fabc-882b5e54c5e6ecde63e467f2' finished on 1
2018-07-11 13:32:06.688 [IPControllerApp] task::task '41f55f96-f39a5e90a43fd1c1922a65e2' arrived on 0
2018-07-11 13:32:06.689 [IPControllerApp] task::task '349158c3-ed4b335de21b400e75eebde1' finished on 0
2018-07-11 13:32:06.690 [IPControllerApp] task::task 'd77debb5-4430a0d0ec22fcdf6dd33f74' arrived on 4
2018-07-11 13:32:06.692 [IPControllerApp] task::task '770b15d9-896253794194d4b9fd6d19b1' finished on 4
2018-07-11 13:32:06.694 [IPControllerApp] task::task '65d8863f-4bd7eb27e835a58da81ab9f5' arrived on 5
2018-07-11 13:32:06.695 [IPControllerApp] task::task '6b608a8b-6483aad20236104f449c4817' finished on 5
2018-07-11 13:32:06.698 [IPControllerApp] task::task 'be1e3f0c-3f75dbe551c40f90bdac3268' arrived on 6
2018-07-11 13:32:06.699 [IPControllerApp] task::task 'f0694cf9-3b9525fc9f93b45cb4c06c9b' finished on 6
2018-07-11 13:32:06.703 [IPControllerApp] task::task 'b816bc2f-01ee544ef6f9456761874713' arrived on 7
2018-07-11 13:32:06.703 [IPControllerApp] task::task '22704b27-00e76d220e486102d0bd9a6d' finished on 7
2018-07-11 13:32:07.690 [IPControllerApp] task::task '0a9d910d-bd57341b394655d0dd931805' arrived on 0
2018-07-11 13:32:07.690 [IPControllerApp] task::task '41f55f96-f39a5e90a43fd1c1922a65e2' finished on 0
2018-07-11 13:32:07.692 [IPControllerApp] task::task 'd77debb5-4430a0d0ec22fcdf6dd33f74' finished on 4
2018-07-11 13:32:07.694 [IPControllerApp] task::task 'c738b780-d2cb6aee43027aa38c232ae2' finished on 2
2018-07-11 13:32:07.695 [IPControllerApp] task::task '86e56bb9-73965c8169bbb282680c9fee' finished on 3
2018-07-11 13:32:07.697 [IPControllerApp] task::task '96c182fb-b9a9e736812fe28d01cc05c0' finished on 1
2018-07-11 13:32:07.699 [IPControllerApp] task::task '65d8863f-4bd7eb27e835a58da81ab9f5' finished on 5
2018-07-11 13:32:07.703 [IPControllerApp] task::task 'be1e3f0c-3f75dbe551c40f90bdac3268' finished on 6
2018-07-11 13:32:07.708 [IPControllerApp] task::task 'b816bc2f-01ee544ef6f9456761874713' finished on 7
2018-07-11 13:32:08.700 [IPControllerApp] task::task '0a9d910d-bd57341b394655d0dd931805' finished on 0
2018-07-11 13:32:09.220 [IPControllerApp] CRITICAL | Received signal 15, shutting down
2018-07-11 13:32:09.220 [IPControllerApp] CRITICAL | terminating children...
