2018-07-16 10:52:55.001 [IPControllerApp] Created profile dir: '/scratch/midway2/madduru/parsl/parsl/tests/integration/test_stress/runinfo/1104/profile_midway_ipp'
2018-07-16 10:52:55.018 [IPControllerApp] Hub listening on tcp://*:58775 for registration.
2018-07-16 10:52:55.020 [IPControllerApp] Hub using DB backend: 'DictDB'
2018-07-16 10:52:55.285 [IPControllerApp] hub::created hub
2018-07-16 10:52:55.286 [IPControllerApp] writing connection info to /scratch/midway2/madduru/parsl/parsl/tests/integration/test_stress/runinfo/1104/profile_midway_ipp/security/ipcontroller-client.json
2018-07-16 10:52:55.287 [IPControllerApp] writing connection info to /scratch/midway2/madduru/parsl/parsl/tests/integration/test_stress/runinfo/1104/profile_midway_ipp/security/ipcontroller-engine.json
2018-07-16 10:52:55.288 [IPControllerApp] task::using Python leastload Task scheduler
2018-07-16 10:52:55.289 [IPControllerApp] Heartmonitor started
2018-07-16 10:52:55.298 [IPControllerApp] Creating pid file: /scratch/midway2/madduru/parsl/parsl/tests/integration/test_stress/runinfo/1104/profile_midway_ipp/pid/ipcontroller.pid
2018-07-16 10:52:55.308 [scheduler] Scheduler started [leastload]
2018-07-16 10:52:55.310 [IPControllerApp] client::client b'\x00k\x8bEg' requested 'connection_request'
2018-07-16 10:52:55.310 [IPControllerApp] client::client [b'\x00k\x8bEg'] connected
2018-07-16 10:52:56.416 [IPControllerApp] client::client b'\x00k\x8bEh' requested 'connection_request'
2018-07-16 10:52:56.416 [IPControllerApp] client::client [b'\x00k\x8bEh'] connected
2018-07-16 10:53:07.462 [IPControllerApp] client::client b'2669a43d-c0b1a60ab76a72674619f48b' requested 'registration_request'
2018-07-16 10:53:07.464 [IPControllerApp] client::client b'3e85b693-fea2fd82969a56aef3a049ae' requested 'registration_request'
2018-07-16 10:53:07.465 [IPControllerApp] client::client b'6d0e6f93-d81f808b918268b41ec3ca43' requested 'registration_request'
2018-07-16 10:53:07.467 [IPControllerApp] client::client b'967f5af8-7c9617c660f291b058634ceb' requested 'registration_request'
2018-07-16 10:53:07.468 [IPControllerApp] client::client b'c3bba932-7f8c92512b81fb24fed5c04b' requested 'registration_request'
2018-07-16 10:53:07.474 [IPControllerApp] client::client b'3eb35414-49af67e2d96852973544c7a7' requested 'registration_request'
2018-07-16 10:53:07.477 [IPControllerApp] client::client b'331f56a6-a3926976bdb7bc12866384e1' requested 'registration_request'
2018-07-16 10:53:07.566 [IPControllerApp] client::client b'26db8fa2-a51fe8f1773790564e775aaf' requested 'registration_request'
2018-07-16 10:53:13.292 [IPControllerApp] registration::finished registering engine 6:331f56a6-a3926976bdb7bc12866384e1
2018-07-16 10:53:13.292 [IPControllerApp] engine::Engine Connected: 6
2018-07-16 10:53:13.294 [IPControllerApp] registration::finished registering engine 0:2669a43d-c0b1a60ab76a72674619f48b
2018-07-16 10:53:13.294 [IPControllerApp] engine::Engine Connected: 0
2018-07-16 10:53:13.294 [IPControllerApp] registration::finished registering engine 4:c3bba932-7f8c92512b81fb24fed5c04b
2018-07-16 10:53:13.295 [IPControllerApp] engine::Engine Connected: 4
2018-07-16 10:53:13.295 [IPControllerApp] registration::finished registering engine 7:26db8fa2-a51fe8f1773790564e775aaf
2018-07-16 10:53:13.295 [IPControllerApp] engine::Engine Connected: 7
2018-07-16 10:53:13.296 [IPControllerApp] registration::finished registering engine 2:6d0e6f93-d81f808b918268b41ec3ca43
2018-07-16 10:53:13.296 [IPControllerApp] engine::Engine Connected: 2
2018-07-16 10:53:13.296 [IPControllerApp] registration::finished registering engine 5:3eb35414-49af67e2d96852973544c7a7
2018-07-16 10:53:13.297 [IPControllerApp] engine::Engine Connected: 5
2018-07-16 10:53:13.297 [IPControllerApp] registration::finished registering engine 3:967f5af8-7c9617c660f291b058634ceb
2018-07-16 10:53:13.297 [IPControllerApp] engine::Engine Connected: 3
2018-07-16 10:53:13.298 [IPControllerApp] registration::finished registering engine 1:3e85b693-fea2fd82969a56aef3a049ae
2018-07-16 10:53:13.300 [IPControllerApp] engine::Engine Connected: 1
2018-07-16 10:53:13.303 [IPControllerApp] task::task '23fdf56c-49c5f827416551a51fa03bb3' arrived on 6
2018-07-16 10:53:13.305 [IPControllerApp] task::task '18dcc2e0-b5a34f5a4c432a22a431d2bb' arrived on 0
2018-07-16 10:53:13.306 [IPControllerApp] task::task '1280b1e9-18a4bbfa936fad6b5b1671ee' arrived on 4
2018-07-16 10:53:13.307 [IPControllerApp] task::task '40334931-97e957d4f1b9d11eb93c3bc0' arrived on 7
2018-07-16 10:53:13.309 [IPControllerApp] task::task 'be869bbd-bdf5d47b3f39a55a16fd0f84' arrived on 2
2018-07-16 10:53:13.309 [IPControllerApp] task::task '5a935efa-f453bc6355288a86d5088914' arrived on 5
2018-07-16 10:53:13.310 [IPControllerApp] task::task '46338325-2c8ea7541a5c07a1ea49cec9' arrived on 3
2018-07-16 10:53:13.311 [IPControllerApp] task::task 'fdac95c6-b418998b25fc0209c63aa828' arrived on 1
2018-07-16 10:53:26.799 [IPControllerApp] task::task '0981ffba-b1a75e4d991fa9b09ba4d440' arrived on 2
2018-07-16 10:53:26.800 [IPControllerApp] task::task 'be869bbd-bdf5d47b3f39a55a16fd0f84' finished on 2
2018-07-16 10:53:26.804 [IPControllerApp] task::task 'c9634350-3d56839101096237ba136538' arrived on 5
2018-07-16 10:53:26.805 [IPControllerApp] task::task '5a935efa-f453bc6355288a86d5088914' finished on 5
2018-07-16 10:53:26.808 [IPControllerApp] task::task '53ac3f4c-22f070e8c1978109445c49bd' arrived on 0
2018-07-16 10:53:26.809 [IPControllerApp] task::task '18dcc2e0-b5a34f5a4c432a22a431d2bb' finished on 0
2018-07-16 10:53:26.818 [IPControllerApp] task::task 'aa776896-4e1e976a1333bd3017ecc5fe' arrived on 3
2018-07-16 10:53:26.819 [IPControllerApp] task::task '46338325-2c8ea7541a5c07a1ea49cec9' finished on 3
2018-07-16 10:53:26.823 [IPControllerApp] task::task '6c280c71-6a80c183a5db58d8258b562a' arrived on 1
2018-07-16 10:53:26.824 [IPControllerApp] task::task 'fdac95c6-b418998b25fc0209c63aa828' finished on 1
2018-07-16 10:53:26.830 [IPControllerApp] task::task '820aa691-0ef49cd1744013079f670950' arrived on 4
2018-07-16 10:53:26.831 [IPControllerApp] task::task '1280b1e9-18a4bbfa936fad6b5b1671ee' finished on 4
2018-07-16 10:53:26.852 [IPControllerApp] task::task '03b50cf1-e66baecca6d0b8be1ee3b64a' arrived on 6
2018-07-16 10:53:26.853 [IPControllerApp] task::task '23fdf56c-49c5f827416551a51fa03bb3' finished on 6
2018-07-16 10:53:26.858 [IPControllerApp] task::task 'e0e12cc2-732135539d97079b619d3928' arrived on 7
2018-07-16 10:53:26.860 [IPControllerApp] task::task '40334931-97e957d4f1b9d11eb93c3bc0' finished on 7
2018-07-16 10:53:36.853 [IPControllerApp] task::task 'ea5f0602-8fbf2113a74ef0c134589c6a' arrived on 0
2018-07-16 10:53:36.854 [IPControllerApp] task::task '53ac3f4c-22f070e8c1978109445c49bd' finished on 0
2018-07-16 10:53:36.856 [IPControllerApp] task::task 'e3bf7a29-c447ebb5570337222e393ef1' arrived on 5
2018-07-16 10:53:36.858 [IPControllerApp] task::task 'c9634350-3d56839101096237ba136538' finished on 5
2018-07-16 10:53:36.860 [IPControllerApp] task::task 'ed6d0cd4-8fbce32a0dc227c71eb1a8c5' arrived on 2
2018-07-16 10:53:36.862 [IPControllerApp] task::task '0981ffba-b1a75e4d991fa9b09ba4d440' finished on 2
2018-07-16 10:53:36.864 [IPControllerApp] task::task 'd3db0f34-f62fc3ce889703bd204e7b97' arrived on 3
2018-07-16 10:53:36.865 [IPControllerApp] task::task 'aa776896-4e1e976a1333bd3017ecc5fe' finished on 3
2018-07-16 10:53:36.867 [IPControllerApp] task::task 'fbbb1fb6-83a6548f7009532a4987c71d' arrived on 1
2018-07-16 10:53:36.868 [IPControllerApp] task::task '6c280c71-6a80c183a5db58d8258b562a' finished on 1
2018-07-16 10:53:36.870 [IPControllerApp] task::task 'c548a8bb-633842ef9f065744fefb7f28' arrived on 4
2018-07-16 10:53:36.871 [IPControllerApp] task::task '820aa691-0ef49cd1744013079f670950' finished on 4
2018-07-16 10:53:36.873 [IPControllerApp] task::task 'f67feb35-d1282b72ce6f28340e65e035' arrived on 6
2018-07-16 10:53:36.874 [IPControllerApp] task::task '03b50cf1-e66baecca6d0b8be1ee3b64a' finished on 6
2018-07-16 10:53:36.876 [IPControllerApp] task::task '68bfe4ea-57714b0ad9108f8f80cad6ba' arrived on 7
2018-07-16 10:53:36.877 [IPControllerApp] task::task 'e0e12cc2-732135539d97079b619d3928' finished on 7
2018-07-16 10:53:46.884 [IPControllerApp] task::task 'f0b4e9f9-f00273316b01e4830f7cbc6a' arrived on 3
2018-07-16 10:53:46.885 [IPControllerApp] task::task 'd3db0f34-f62fc3ce889703bd204e7b97' finished on 3
2018-07-16 10:53:46.887 [IPControllerApp] task::task '209201cc-5ee03f471e17f15ad5526c5d' arrived on 2
2018-07-16 10:53:46.888 [IPControllerApp] task::task 'ed6d0cd4-8fbce32a0dc227c71eb1a8c5' finished on 2
2018-07-16 10:53:46.891 [IPControllerApp] task::task '3b7f5b11-92085e50cae5b3ee0920a783' arrived on 0
2018-07-16 10:53:46.893 [IPControllerApp] task::task 'ea5f0602-8fbf2113a74ef0c134589c6a' finished on 0
2018-07-16 10:53:46.894 [IPControllerApp] task::task 'ae33d944-207656d6dc9cc515c003c6cd' arrived on 5
2018-07-16 10:53:46.896 [IPControllerApp] task::task 'e3bf7a29-c447ebb5570337222e393ef1' finished on 5
2018-07-16 10:53:46.898 [IPControllerApp] task::task 'c0393bc2-2de6b4c2728fbe42a9687a53' arrived on 1
2018-07-16 10:53:46.900 [IPControllerApp] task::task 'fbbb1fb6-83a6548f7009532a4987c71d' finished on 1
2018-07-16 10:53:46.902 [IPControllerApp] task::task '69943937-aea14f01412000ffd634ea40' arrived on 4
2018-07-16 10:53:46.904 [IPControllerApp] task::task 'c548a8bb-633842ef9f065744fefb7f28' finished on 4
2018-07-16 10:53:46.905 [IPControllerApp] task::task '114ac480-487e065a59363ab7aa9a4be1' arrived on 6
2018-07-16 10:53:46.907 [IPControllerApp] task::task 'f67feb35-d1282b72ce6f28340e65e035' finished on 6
2018-07-16 10:53:46.909 [IPControllerApp] task::task '2764a90a-c20d6789237879c83207df6c' arrived on 7
2018-07-16 10:53:46.911 [IPControllerApp] task::task '68bfe4ea-57714b0ad9108f8f80cad6ba' finished on 7
2018-07-16 10:53:56.912 [IPControllerApp] task::task '71495985-7be22cd397bfc37bcfc4a26d' arrived on 2
2018-07-16 10:53:56.914 [IPControllerApp] task::task '209201cc-5ee03f471e17f15ad5526c5d' finished on 2
2018-07-16 10:53:56.916 [IPControllerApp] task::task 'efe71e73-8fa5d507ba95634edfc0fa51' arrived on 0
2018-07-16 10:53:56.918 [IPControllerApp] task::task '3b7f5b11-92085e50cae5b3ee0920a783' finished on 0
2018-07-16 10:53:56.920 [IPControllerApp] task::task 'dd334330-5bf68a05dad414cb0a62fe1d' arrived on 3
2018-07-16 10:53:56.921 [IPControllerApp] task::task 'f0b4e9f9-f00273316b01e4830f7cbc6a' finished on 3
2018-07-16 10:53:56.923 [IPControllerApp] task::task '096a970a-c9b5aaa2c8a31878bc26a1c8' arrived on 5
2018-07-16 10:53:56.924 [IPControllerApp] task::task 'ae33d944-207656d6dc9cc515c003c6cd' finished on 5
2018-07-16 10:53:56.926 [IPControllerApp] task::task '14e3108f-be93ca84803a01e5d81da27d' arrived on 1
2018-07-16 10:53:56.927 [IPControllerApp] task::task 'c0393bc2-2de6b4c2728fbe42a9687a53' finished on 1
2018-07-16 10:53:56.928 [IPControllerApp] task::task 'ca19123e-a07a145b97d0d37f6812ab0b' arrived on 4
2018-07-16 10:53:56.929 [IPControllerApp] task::task '69943937-aea14f01412000ffd634ea40' finished on 4
2018-07-16 10:53:56.931 [IPControllerApp] task::task '96f388b7-7e88edc62ecbf86a99943b48' arrived on 6
2018-07-16 10:53:56.932 [IPControllerApp] task::task '114ac480-487e065a59363ab7aa9a4be1' finished on 6
2018-07-16 10:53:56.933 [IPControllerApp] task::task 'ff732fc1-03276cd69cc5b672ba3675b4' arrived on 7
2018-07-16 10:53:56.934 [IPControllerApp] task::task '2764a90a-c20d6789237879c83207df6c' finished on 7
2018-07-16 10:54:06.938 [IPControllerApp] task::task '9494bcde-9dacb90482dd2152ef7b6cd9' arrived on 0
2018-07-16 10:54:06.939 [IPControllerApp] task::task 'efe71e73-8fa5d507ba95634edfc0fa51' finished on 0
2018-07-16 10:54:06.942 [IPControllerApp] task::task '0c5d84f0-187f2708d541c05f056099a0' arrived on 2
2018-07-16 10:54:06.943 [IPControllerApp] task::task '71495985-7be22cd397bfc37bcfc4a26d' finished on 2
2018-07-16 10:54:06.943 [IPControllerApp] task::task '5c6dd707-d61b2003dc1450a737ec2be6' arrived on 3
2018-07-16 10:54:06.945 [IPControllerApp] task::task 'dd334330-5bf68a05dad414cb0a62fe1d' finished on 3
2018-07-16 10:54:06.946 [IPControllerApp] task::task '98844967-cd73a164707b8bd9bdad44d8' arrived on 5
2018-07-16 10:54:06.947 [IPControllerApp] task::task '096a970a-c9b5aaa2c8a31878bc26a1c8' finished on 5
2018-07-16 10:54:06.948 [IPControllerApp] task::task '26facc2d-9f55fb786648df0d5ff20d6a' arrived on 1
2018-07-16 10:54:06.949 [IPControllerApp] task::task '14e3108f-be93ca84803a01e5d81da27d' finished on 1
2018-07-16 10:54:06.950 [IPControllerApp] task::task '74a52cb8-46337f8225ab0a34400816d8' arrived on 4
2018-07-16 10:54:06.951 [IPControllerApp] task::task 'ca19123e-a07a145b97d0d37f6812ab0b' finished on 4
2018-07-16 10:54:06.956 [IPControllerApp] task::task '0d898173-c9b997b1f81b6937dbae2060' arrived on 6
2018-07-16 10:54:06.957 [IPControllerApp] task::task '96f388b7-7e88edc62ecbf86a99943b48' finished on 6
2018-07-16 10:54:06.958 [IPControllerApp] task::task 'e005583b-fcd459b01241e171b11efb66' arrived on 7
2018-07-16 10:54:06.959 [IPControllerApp] task::task 'ff732fc1-03276cd69cc5b672ba3675b4' finished on 7
2018-07-16 10:54:16.965 [IPControllerApp] task::task 'c8a7f007-49c2f20b69bfa8e314d86c58' arrived on 3
2018-07-16 10:54:16.967 [IPControllerApp] task::task '5c6dd707-d61b2003dc1450a737ec2be6' finished on 3
2018-07-16 10:54:16.969 [IPControllerApp] task::task 'd377e422-016615f2fd6aaa2188126a58' arrived on 2
2018-07-16 10:54:16.970 [IPControllerApp] task::task '0c5d84f0-187f2708d541c05f056099a0' finished on 2
2018-07-16 10:54:16.972 [IPControllerApp] task::task '25a8788c-86d7665be6291ef19b12c314' arrived on 0
2018-07-16 10:54:16.973 [IPControllerApp] task::task '9494bcde-9dacb90482dd2152ef7b6cd9' finished on 0
2018-07-16 10:54:16.975 [IPControllerApp] task::task '8314a859-2d8723d4cf0fcec29115e05c' arrived on 5
2018-07-16 10:54:16.977 [IPControllerApp] task::task '98844967-cd73a164707b8bd9bdad44d8' finished on 5
2018-07-16 10:54:16.979 [IPControllerApp] task::task 'f5a7cdbd-655f596403037e42f508c280' arrived on 1
2018-07-16 10:54:16.981 [IPControllerApp] task::task '26facc2d-9f55fb786648df0d5ff20d6a' finished on 1
2018-07-16 10:54:16.983 [IPControllerApp] task::task '035f81fc-730efe8e99548febe10dc2bb' arrived on 4
2018-07-16 10:54:16.985 [IPControllerApp] task::task '74a52cb8-46337f8225ab0a34400816d8' finished on 4
2018-07-16 10:54:16.987 [IPControllerApp] task::task '7d437bad-540a4be6889a066586146ce7' arrived on 6
2018-07-16 10:54:16.988 [IPControllerApp] task::task '0d898173-c9b997b1f81b6937dbae2060' finished on 6
2018-07-16 10:54:16.990 [IPControllerApp] task::task '3baf228a-a53b25f5b2ccc71f1866514c' arrived on 7
2018-07-16 10:54:16.991 [IPControllerApp] task::task 'e005583b-fcd459b01241e171b11efb66' finished on 7
2018-07-16 10:54:26.994 [IPControllerApp] task::task '032bb03b-ec04c5db5722c9e9aa4c1876' arrived on 0
2018-07-16 10:54:26.996 [IPControllerApp] task::task '25a8788c-86d7665be6291ef19b12c314' finished on 0
2018-07-16 10:54:26.998 [IPControllerApp] task::task '36d40ecb-5171985e11ef7f0667c30b31' arrived on 2
2018-07-16 10:54:27.000 [IPControllerApp] task::task 'd377e422-016615f2fd6aaa2188126a58' finished on 2
2018-07-16 10:54:27.002 [IPControllerApp] task::task 'd81b1980-c01c460b7af4964c7bde5a61' arrived on 5
2018-07-16 10:54:27.003 [IPControllerApp] task::task '8314a859-2d8723d4cf0fcec29115e05c' finished on 5
2018-07-16 10:54:27.005 [IPControllerApp] task::task 'a1188ef0-69da60e2e9bf16cc00dd8c6f' arrived on 3
2018-07-16 10:54:27.007 [IPControllerApp] task::task 'c8a7f007-49c2f20b69bfa8e314d86c58' finished on 3
2018-07-16 10:54:27.009 [IPControllerApp] task::task 'e2462067-e927b3b1b5d86d65d1a97011' arrived on 1
2018-07-16 10:54:27.011 [IPControllerApp] task::task 'f5a7cdbd-655f596403037e42f508c280' finished on 1
2018-07-16 10:54:27.013 [IPControllerApp] task::task '20929056-071a30eb2886b921670219ff' arrived on 4
2018-07-16 10:54:27.014 [IPControllerApp] task::task '035f81fc-730efe8e99548febe10dc2bb' finished on 4
2018-07-16 10:54:27.016 [IPControllerApp] task::task '3bd62e61-2bfa465f5064b85f18c31aae' arrived on 6
2018-07-16 10:54:27.018 [IPControllerApp] task::task '7d437bad-540a4be6889a066586146ce7' finished on 6
2018-07-16 10:54:27.020 [IPControllerApp] task::task '6fb5d98d-c4b3769c52249df796396e2d' arrived on 7
2018-07-16 10:54:27.021 [IPControllerApp] task::task '3baf228a-a53b25f5b2ccc71f1866514c' finished on 7
2018-07-16 10:54:37.017 [IPControllerApp] task::task '29189908-86f96e92098934233050afa3' arrived on 0
2018-07-16 10:54:37.018 [IPControllerApp] task::task '032bb03b-ec04c5db5722c9e9aa4c1876' finished on 0
2018-07-16 10:54:37.022 [IPControllerApp] task::task '929dd43a-39b5591deb5312e8c2400adb' arrived on 3
2018-07-16 10:54:37.023 [IPControllerApp] task::task 'a1188ef0-69da60e2e9bf16cc00dd8c6f' finished on 3
2018-07-16 10:54:37.024 [IPControllerApp] task::task '8abf8f51-631a3bf93fa214f3ab25f3a9' arrived on 5
2018-07-16 10:54:37.025 [IPControllerApp] task::task 'd81b1980-c01c460b7af4964c7bde5a61' finished on 5
2018-07-16 10:54:37.026 [IPControllerApp] task::task 'f8f91d45-4a1849c9ab674f40d6fd40ba' arrived on 2
2018-07-16 10:54:37.028 [IPControllerApp] task::task '36d40ecb-5171985e11ef7f0667c30b31' finished on 2
2018-07-16 10:54:37.029 [IPControllerApp] task::task '8293161b-f6f58415b2db6b77dc8bbeb0' arrived on 1
2018-07-16 10:54:37.030 [IPControllerApp] task::task 'e2462067-e927b3b1b5d86d65d1a97011' finished on 1
2018-07-16 10:54:37.031 [IPControllerApp] task::task 'ab08e605-8ca1400168c870b1fe6b2657' arrived on 4
2018-07-16 10:54:37.033 [IPControllerApp] task::task '20929056-071a30eb2886b921670219ff' finished on 4
2018-07-16 10:54:37.034 [IPControllerApp] task::task 'a040c1f8-7e06f97b0662328eac441403' arrived on 6
2018-07-16 10:54:37.035 [IPControllerApp] task::task '3bd62e61-2bfa465f5064b85f18c31aae' finished on 6
2018-07-16 10:54:37.036 [IPControllerApp] task::task 'b8dae00c-a6ea0778def93b8391de4a11' arrived on 7
2018-07-16 10:54:37.036 [IPControllerApp] task::task '6fb5d98d-c4b3769c52249df796396e2d' finished on 7
2018-07-16 10:54:47.040 [IPControllerApp] task::task '01b863b3-566a4143198ed4045193614d' arrived on 0
2018-07-16 10:54:47.041 [IPControllerApp] task::task '29189908-86f96e92098934233050afa3' finished on 0
2018-07-16 10:54:47.043 [IPControllerApp] task::task 'f9c75d51-7fb116668ffa11c51577d52e' arrived on 3
2018-07-16 10:54:47.045 [IPControllerApp] task::task '929dd43a-39b5591deb5312e8c2400adb' finished on 3
2018-07-16 10:54:47.047 [IPControllerApp] task::task '7da0562b-d63c501af67bc92635db8e94' arrived on 2
2018-07-16 10:54:47.048 [IPControllerApp] task::task 'f8f91d45-4a1849c9ab674f40d6fd40ba' finished on 2
2018-07-16 10:54:47.049 [IPControllerApp] task::task 'a29cf480-5afde898de593118ff0c9441' arrived on 5
2018-07-16 10:54:47.050 [IPControllerApp] task::task '8abf8f51-631a3bf93fa214f3ab25f3a9' finished on 5
2018-07-16 10:54:47.052 [IPControllerApp] task::task 'fdeb08c6-5d9ec1d13eb7665b45d03472' arrived on 1
2018-07-16 10:54:47.053 [IPControllerApp] task::task '8293161b-f6f58415b2db6b77dc8bbeb0' finished on 1
2018-07-16 10:54:47.054 [IPControllerApp] task::task 'afb1bc7d-7021dc94837949b991508068' arrived on 4
2018-07-16 10:54:47.055 [IPControllerApp] task::task 'ab08e605-8ca1400168c870b1fe6b2657' finished on 4
2018-07-16 10:54:47.056 [IPControllerApp] task::task '2a0656b9-8d475c55f4c980948ae63883' arrived on 6
2018-07-16 10:54:47.056 [IPControllerApp] task::task 'a040c1f8-7e06f97b0662328eac441403' finished on 6
2018-07-16 10:54:47.058 [IPControllerApp] task::task '48dab69a-d4514e229e71412257af34f7' arrived on 7
2018-07-16 10:54:47.058 [IPControllerApp] task::task 'b8dae00c-a6ea0778def93b8391de4a11' finished on 7
2018-07-16 10:54:57.065 [IPControllerApp] task::task '91bc6af2-1134e30a24ce2df3292afec9' arrived on 0
2018-07-16 10:54:57.067 [IPControllerApp] task::task '01b863b3-566a4143198ed4045193614d' finished on 0
2018-07-16 10:54:57.069 [IPControllerApp] task::task '0c2597c0-183bcc07d99decd13c458221' arrived on 3
2018-07-16 10:54:57.070 [IPControllerApp] task::task 'f9c75d51-7fb116668ffa11c51577d52e' finished on 3
2018-07-16 10:54:57.071 [IPControllerApp] task::task '1b164f99-7b0efaa783c4523d5ed1a623' arrived on 5
2018-07-16 10:54:57.072 [IPControllerApp] task::task 'a29cf480-5afde898de593118ff0c9441' finished on 5
2018-07-16 10:54:57.074 [IPControllerApp] task::task 'dae00680-b20a031a194f5a74dea49c5e' arrived on 2
2018-07-16 10:54:57.075 [IPControllerApp] task::task '7da0562b-d63c501af67bc92635db8e94' finished on 2
2018-07-16 10:54:57.076 [IPControllerApp] task::task '5f084412-0a40d5517e7dda005719e308' arrived on 1
2018-07-16 10:54:57.077 [IPControllerApp] task::task 'fdeb08c6-5d9ec1d13eb7665b45d03472' finished on 1
2018-07-16 10:54:57.078 [IPControllerApp] task::task 'abd7d851-83356cfc405a1782548a450f' arrived on 4
2018-07-16 10:54:57.079 [IPControllerApp] task::task 'afb1bc7d-7021dc94837949b991508068' finished on 4
2018-07-16 10:54:57.082 [IPControllerApp] task::task 'fbbda160-febf4ac5f5492300ba49ce60' arrived on 6
2018-07-16 10:54:57.083 [IPControllerApp] task::task '2a0656b9-8d475c55f4c980948ae63883' finished on 6
2018-07-16 10:54:57.086 [IPControllerApp] task::task '8d2fde0b-f367c44a9f4e4a92ef59c8b4' arrived on 7
2018-07-16 10:54:57.088 [IPControllerApp] task::task '48dab69a-d4514e229e71412257af34f7' finished on 7
2018-07-16 10:55:07.093 [IPControllerApp] task::task 'c01533f7-ce5a212f490303598fb92161' arrived on 3
2018-07-16 10:55:07.095 [IPControllerApp] task::task '0c2597c0-183bcc07d99decd13c458221' finished on 3
2018-07-16 10:55:07.097 [IPControllerApp] task::task '3bbe4235-d4de39099298ca2cc808b00d' arrived on 0
2018-07-16 10:55:07.099 [IPControllerApp] task::task '91bc6af2-1134e30a24ce2df3292afec9' finished on 0
2018-07-16 10:55:07.101 [IPControllerApp] task::task 'a8dae222-214f8ce9f361c6312c8cc76f' arrived on 5
2018-07-16 10:55:07.104 [IPControllerApp] task::task '1b164f99-7b0efaa783c4523d5ed1a623' finished on 5
2018-07-16 10:55:07.106 [IPControllerApp] task::task '68953e88-77d4553aeec96ad92b97f7e5' arrived on 2
2018-07-16 10:55:07.108 [IPControllerApp] task::task 'dae00680-b20a031a194f5a74dea49c5e' finished on 2
2018-07-16 10:55:07.110 [IPControllerApp] task::task '94240883-e490c7efc6e2db651fca26e5' arrived on 1
2018-07-16 10:55:07.113 [IPControllerApp] task::task '5f084412-0a40d5517e7dda005719e308' finished on 1
2018-07-16 10:55:07.115 [IPControllerApp] task::task '13e9095b-dac21fd8506f03b5883201d2' arrived on 4
2018-07-16 10:55:07.117 [IPControllerApp] task::task 'abd7d851-83356cfc405a1782548a450f' finished on 4
2018-07-16 10:55:07.120 [IPControllerApp] task::task '4390a36f-9ae04dc6e0a755e77b881267' arrived on 6
2018-07-16 10:55:07.122 [IPControllerApp] task::task 'fbbda160-febf4ac5f5492300ba49ce60' finished on 6
2018-07-16 10:55:07.123 [IPControllerApp] task::task '7cd2c7b7-e9138254fca55bfe4c768164' arrived on 7
2018-07-16 10:55:07.124 [IPControllerApp] task::task '8d2fde0b-f367c44a9f4e4a92ef59c8b4' finished on 7
2018-07-16 10:55:17.120 [IPControllerApp] task::task '5a0b7dd7-c42583d05f637d047c42ad9f' arrived on 3
2018-07-16 10:55:17.122 [IPControllerApp] task::task 'c01533f7-ce5a212f490303598fb92161' finished on 3
2018-07-16 10:55:17.124 [IPControllerApp] task::task 'b28fa09a-96b2d3d51093ab70fb0192f0' arrived on 0
2018-07-16 10:55:17.125 [IPControllerApp] task::task '3bbe4235-d4de39099298ca2cc808b00d' finished on 0
2018-07-16 10:55:17.125 [IPControllerApp] task::task 'e73fb07b-79da4cbd29b2c27ffe505ca6' arrived on 5
2018-07-16 10:55:17.127 [IPControllerApp] task::task 'a8dae222-214f8ce9f361c6312c8cc76f' finished on 5
2018-07-16 10:55:17.128 [IPControllerApp] task::task '5f5e9108-c06f29de119c4fa5f956458e' arrived on 2
2018-07-16 10:55:17.129 [IPControllerApp] task::task '68953e88-77d4553aeec96ad92b97f7e5' finished on 2
2018-07-16 10:55:17.130 [IPControllerApp] task::task 'e1044719-d983de9825297aebbb9d9826' arrived on 1
2018-07-16 10:55:17.130 [IPControllerApp] task::task '94240883-e490c7efc6e2db651fca26e5' finished on 1
2018-07-16 10:55:17.132 [IPControllerApp] task::task '4a112d40-4ae62cec47c7d511e47f7927' arrived on 4
2018-07-16 10:55:17.133 [IPControllerApp] task::task '13e9095b-dac21fd8506f03b5883201d2' finished on 4
2018-07-16 10:55:17.134 [IPControllerApp] task::task '5af34218-79095f9cd7914ac09ffc8a1a' arrived on 6
2018-07-16 10:55:17.135 [IPControllerApp] task::task '4390a36f-9ae04dc6e0a755e77b881267' finished on 6
2018-07-16 10:55:17.138 [IPControllerApp] task::task '4e151558-cd3b8bee67fb07db7c1c4790' arrived on 7
2018-07-16 10:55:17.139 [IPControllerApp] task::task '7cd2c7b7-e9138254fca55bfe4c768164' finished on 7
2018-07-16 10:55:27.142 [IPControllerApp] task::task '5fe7718d-0d4abf3de8974c08a4c3a794' arrived on 0
2018-07-16 10:55:27.144 [IPControllerApp] task::task 'b28fa09a-96b2d3d51093ab70fb0192f0' finished on 0
2018-07-16 10:55:27.146 [IPControllerApp] task::task '5caabb3b-0ae26d1bf7caf7ff545eeeea' arrived on 3
2018-07-16 10:55:27.148 [IPControllerApp] task::task '5a0b7dd7-c42583d05f637d047c42ad9f' finished on 3
2018-07-16 10:55:27.150 [IPControllerApp] task::task '1fdc73eb-72da82debc12797685dfb278' arrived on 2
2018-07-16 10:55:27.151 [IPControllerApp] task::task '5f5e9108-c06f29de119c4fa5f956458e' finished on 2
2018-07-16 10:55:27.152 [IPControllerApp] task::task 'a9fe9483-2fbfb3db063adcc4c0a02a4f' arrived on 1
2018-07-16 10:55:27.153 [IPControllerApp] task::task 'e1044719-d983de9825297aebbb9d9826' finished on 1
2018-07-16 10:55:27.155 [IPControllerApp] task::task '2e543011-5f0a37acc19832e8cc413214' arrived on 5
2018-07-16 10:55:27.156 [IPControllerApp] task::task 'e73fb07b-79da4cbd29b2c27ffe505ca6' finished on 5
2018-07-16 10:55:27.157 [IPControllerApp] task::task '225e1672-960d4e91fd93dd8317eca506' arrived on 4
2018-07-16 10:55:27.158 [IPControllerApp] task::task '4a112d40-4ae62cec47c7d511e47f7927' finished on 4
2018-07-16 10:55:27.159 [IPControllerApp] task::task 'f1edd05a-9a1dade1539d3c9a9a6643e7' arrived on 6
2018-07-16 10:55:27.160 [IPControllerApp] task::task '5af34218-79095f9cd7914ac09ffc8a1a' finished on 6
2018-07-16 10:55:27.161 [IPControllerApp] task::task '9b8bcd43-e53bb354c12719f10f7752f9' arrived on 7
2018-07-16 10:55:27.162 [IPControllerApp] task::task '4e151558-cd3b8bee67fb07db7c1c4790' finished on 7
2018-07-16 10:55:37.169 [IPControllerApp] task::task 'e07d70c5-17dc2cb155c61acfe91efd7c' arrived on 0
2018-07-16 10:55:37.170 [IPControllerApp] task::task '5fe7718d-0d4abf3de8974c08a4c3a794' finished on 0
2018-07-16 10:55:37.174 [IPControllerApp] task::task 'f5b8132e-3632a1987d07d0e95c98db5f' arrived on 2
2018-07-16 10:55:37.174 [IPControllerApp] task::task '1fdc73eb-72da82debc12797685dfb278' finished on 2
2018-07-16 10:55:37.175 [IPControllerApp] task::task '4697171c-ee638879f7e8f1ce929ebfa6' arrived on 1
2018-07-16 10:55:37.176 [IPControllerApp] task::task 'a9fe9483-2fbfb3db063adcc4c0a02a4f' finished on 1
2018-07-16 10:55:37.177 [IPControllerApp] task::task '016e2619-d39a7eee8521b34cbb262c25' arrived on 3
2018-07-16 10:55:37.178 [IPControllerApp] task::task '5caabb3b-0ae26d1bf7caf7ff545eeeea' finished on 3
2018-07-16 10:55:37.179 [IPControllerApp] task::task 'edc54521-ec525cda38ad922d4ae4684f' arrived on 5
2018-07-16 10:55:37.180 [IPControllerApp] task::task '2e543011-5f0a37acc19832e8cc413214' finished on 5
2018-07-16 10:55:37.181 [IPControllerApp] task::task '9938c1f3-0135df5331141bad13d751e9' arrived on 4
2018-07-16 10:55:37.182 [IPControllerApp] task::task '225e1672-960d4e91fd93dd8317eca506' finished on 4
2018-07-16 10:55:37.189 [IPControllerApp] task::task '2f81a5c3-664cc2dc102a21860cbea017' arrived on 6
2018-07-16 10:55:37.190 [IPControllerApp] task::task 'f1edd05a-9a1dade1539d3c9a9a6643e7' finished on 6
2018-07-16 10:55:37.195 [IPControllerApp] task::task '42852cad-78ae6f5d663f8f52d15d2f79' arrived on 7
2018-07-16 10:55:37.196 [IPControllerApp] task::task '9b8bcd43-e53bb354c12719f10f7752f9' finished on 7
2018-07-16 10:55:47.204 [IPControllerApp] task::task '929468a2-1d202a9653f269d0ec81a334' arrived on 0
2018-07-16 10:55:47.205 [IPControllerApp] task::task 'e07d70c5-17dc2cb155c61acfe91efd7c' finished on 0
2018-07-16 10:55:47.207 [IPControllerApp] task::task '7b21ddba-a83e7838ba1d3cbe4997e22c' arrived on 2
2018-07-16 10:55:47.208 [IPControllerApp] task::task 'f5b8132e-3632a1987d07d0e95c98db5f' finished on 2
2018-07-16 10:55:47.209 [IPControllerApp] task::task 'f0df7865-1398637f74031125c50488cb' arrived on 1
2018-07-16 10:55:47.211 [IPControllerApp] task::task '4697171c-ee638879f7e8f1ce929ebfa6' finished on 1
2018-07-16 10:55:47.213 [IPControllerApp] task::task 'c82ac980-99e27766d15a0fc513e34b27' arrived on 3
2018-07-16 10:55:47.215 [IPControllerApp] task::task '016e2619-d39a7eee8521b34cbb262c25' finished on 3
2018-07-16 10:55:47.215 [IPControllerApp] task::task '0fc4040d-8277babe4aa36450a86bea96' arrived on 5
2018-07-16 10:55:47.216 [IPControllerApp] task::task 'edc54521-ec525cda38ad922d4ae4684f' finished on 5
2018-07-16 10:55:47.217 [IPControllerApp] task::task '644b75a2-cf4c0ca1b73a1f4b03ac74af' arrived on 6
2018-07-16 10:55:47.219 [IPControllerApp] task::task '2f81a5c3-664cc2dc102a21860cbea017' finished on 6
2018-07-16 10:55:47.219 [IPControllerApp] task::task '14d4f4af-c8c3f996a189a9c62bfa99fa' arrived on 4
2018-07-16 10:55:47.220 [IPControllerApp] task::task '9938c1f3-0135df5331141bad13d751e9' finished on 4
2018-07-16 10:55:47.230 [IPControllerApp] task::task 'd915dda1-321f53f5af538a7c042244b9' arrived on 7
2018-07-16 10:55:47.231 [IPControllerApp] task::task '42852cad-78ae6f5d663f8f52d15d2f79' finished on 7
2018-07-16 10:55:57.238 [IPControllerApp] task::task 'da658881-041b2d56583f0b5bc8b31f74' arrived on 0
2018-07-16 10:55:57.239 [IPControllerApp] task::task '929468a2-1d202a9653f269d0ec81a334' finished on 0
2018-07-16 10:55:57.239 [IPControllerApp] task::task '2061991c-7f150c3ea3fbf1f707d213f3' arrived on 2
2018-07-16 10:55:57.241 [IPControllerApp] task::task '7b21ddba-a83e7838ba1d3cbe4997e22c' finished on 2
2018-07-16 10:55:57.242 [IPControllerApp] task::task '06bc77e8-ed863b941e2d5d864a2b4722' arrived on 1
2018-07-16 10:55:57.243 [IPControllerApp] task::task 'f0df7865-1398637f74031125c50488cb' finished on 1
2018-07-16 10:55:57.244 [IPControllerApp] task::task '5587df39-933c913485a0a1a214127dd8' arrived on 3
2018-07-16 10:55:57.245 [IPControllerApp] task::task 'c82ac980-99e27766d15a0fc513e34b27' finished on 3
2018-07-16 10:55:57.246 [IPControllerApp] task::task '751038ff-186049dc9124f1930ff41c9c' arrived on 5
2018-07-16 10:55:57.247 [IPControllerApp] task::task '0fc4040d-8277babe4aa36450a86bea96' finished on 5
2018-07-16 10:55:57.248 [IPControllerApp] task::task 'e078547c-919e7cb6d283b1a43cabbc87' arrived on 4
2018-07-16 10:55:57.248 [IPControllerApp] task::task '14d4f4af-c8c3f996a189a9c62bfa99fa' finished on 4
2018-07-16 10:55:57.250 [IPControllerApp] task::task 'a219e8fa-1d909ecd0b792b26e24907d4' arrived on 6
2018-07-16 10:55:57.250 [IPControllerApp] task::task '644b75a2-cf4c0ca1b73a1f4b03ac74af' finished on 6
2018-07-16 10:55:57.266 [IPControllerApp] task::task 'c71b21d4-e0b16860b14704c52cb82b2e' arrived on 7
2018-07-16 10:55:57.267 [IPControllerApp] task::task 'd915dda1-321f53f5af538a7c042244b9' finished on 7
2018-07-16 10:56:07.274 [IPControllerApp] task::task '5ce52d2e-00e8a1e98de1c46bfe7448ba' arrived on 2
2018-07-16 10:56:07.276 [IPControllerApp] task::task '2061991c-7f150c3ea3fbf1f707d213f3' finished on 2
2018-07-16 10:56:07.278 [IPControllerApp] task::task '42c1574a-1e8b86e337a4af83dd6cb3a3' arrived on 6
2018-07-16 10:56:07.280 [IPControllerApp] task::task 'a219e8fa-1d909ecd0b792b26e24907d4' finished on 6
2018-07-16 10:56:07.282 [IPControllerApp] task::task '164b3db6-ac4e3b8b9890c53cb7f900b3' arrived on 4
2018-07-16 10:56:07.284 [IPControllerApp] task::task 'e078547c-919e7cb6d283b1a43cabbc87' finished on 4
2018-07-16 10:56:07.286 [IPControllerApp] task::task '4d8e2dbb-178c0d7e90844f123e6b3805' arrived on 3
2018-07-16 10:56:07.288 [IPControllerApp] task::task '5587df39-933c913485a0a1a214127dd8' finished on 3
2018-07-16 10:56:07.291 [IPControllerApp] task::task '56c221d1-f828ed37968e199acdc06833' arrived on 0
2018-07-16 10:56:07.293 [IPControllerApp] task::task 'da658881-041b2d56583f0b5bc8b31f74' finished on 0
2018-07-16 10:56:07.296 [IPControllerApp] task::task '8d9323df-2839de68502e2c97d58306fc' arrived on 1
2018-07-16 10:56:07.298 [IPControllerApp] task::task '06bc77e8-ed863b941e2d5d864a2b4722' finished on 1
2018-07-16 10:56:07.300 [IPControllerApp] task::task '6c5aa33f-781802212a981adddb2afb07' arrived on 5
2018-07-16 10:56:07.303 [IPControllerApp] task::task '751038ff-186049dc9124f1930ff41c9c' finished on 5
2018-07-16 10:56:07.305 [IPControllerApp] task::task '94841a39-4d7ff228acf374e3d3e1367a' arrived on 7
2018-07-16 10:56:07.307 [IPControllerApp] task::task 'c71b21d4-e0b16860b14704c52cb82b2e' finished on 7
2018-07-16 10:56:17.305 [IPControllerApp] task::task 'b1ee1cb8-6b0534c72b860c9a72ab36d6' arrived on 5
2018-07-16 10:56:17.306 [IPControllerApp] task::task '6c5aa33f-781802212a981adddb2afb07' finished on 5
2018-07-16 10:56:17.308 [IPControllerApp] task::task 'e9b951e6-2e8a8518d142356fcf122583' arrived on 2
2018-07-16 10:56:17.310 [IPControllerApp] task::task '5ce52d2e-00e8a1e98de1c46bfe7448ba' finished on 2
2018-07-16 10:56:17.312 [IPControllerApp] task::task '0b76eb7f-ecef44fb6c18c751ed84d22b' arrived on 0
2018-07-16 10:56:17.315 [IPControllerApp] task::task '56c221d1-f828ed37968e199acdc06833' finished on 0
2018-07-16 10:56:17.317 [IPControllerApp] task::task '1f533f68-1000b134a60778a4d636dfd0' arrived on 3
2018-07-16 10:56:17.319 [IPControllerApp] task::task '4d8e2dbb-178c0d7e90844f123e6b3805' finished on 3
2018-07-16 10:56:17.320 [IPControllerApp] task::task 'cd5be10c-f92fe622c5dc118a1f3db027' arrived on 1
2018-07-16 10:56:17.321 [IPControllerApp] task::task '8d9323df-2839de68502e2c97d58306fc' finished on 1
2018-07-16 10:56:17.323 [IPControllerApp] task::task '7ee91a74-97541064f2331c4b00428150' arrived on 6
2018-07-16 10:56:17.324 [IPControllerApp] task::task '42c1574a-1e8b86e337a4af83dd6cb3a3' finished on 6
2018-07-16 10:56:17.325 [IPControllerApp] task::task '4267a8bf-2d10097f98868d21fb6746df' arrived on 4
2018-07-16 10:56:17.327 [IPControllerApp] task::task '164b3db6-ac4e3b8b9890c53cb7f900b3' finished on 4
2018-07-16 10:56:17.328 [IPControllerApp] task::task '526aa224-83823ea4508b0474d49a30f0' arrived on 7
2018-07-16 10:56:17.329 [IPControllerApp] task::task '94841a39-4d7ff228acf374e3d3e1367a' finished on 7
2018-07-16 10:56:27.323 [IPControllerApp] task::task '06e4e229-cc09d8fae1461859452ba742' arrived on 2
2018-07-16 10:56:27.324 [IPControllerApp] task::task 'e9b951e6-2e8a8518d142356fcf122583' finished on 2
2018-07-16 10:56:27.326 [IPControllerApp] task::task '0a506d27-e46c781060714b94ea86becd' arrived on 0
2018-07-16 10:56:27.328 [IPControllerApp] task::task '0b76eb7f-ecef44fb6c18c751ed84d22b' finished on 0
2018-07-16 10:56:27.329 [IPControllerApp] task::task '518fddbb-5d401f274b9afe1007760bdb' arrived on 3
2018-07-16 10:56:27.331 [IPControllerApp] task::task '1f533f68-1000b134a60778a4d636dfd0' finished on 3
2018-07-16 10:56:27.333 [IPControllerApp] task::task '00b0751d-c718f67ce4d80227e29b032e' arrived on 5
2018-07-16 10:56:27.333 [IPControllerApp] task::task 'b1ee1cb8-6b0534c72b860c9a72ab36d6' finished on 5
2018-07-16 10:56:27.334 [IPControllerApp] task::task '53fe1cfd-62e2e6de5e6c04ad77826e40' arrived on 1
2018-07-16 10:56:27.335 [IPControllerApp] task::task 'cd5be10c-f92fe622c5dc118a1f3db027' finished on 1
2018-07-16 10:56:27.336 [IPControllerApp] task::task 'e0e22c6d-9a17f72cf2a60ad99d6c41d8' arrived on 4
2018-07-16 10:56:27.337 [IPControllerApp] task::task '4267a8bf-2d10097f98868d21fb6746df' finished on 4
2018-07-16 10:56:27.339 [IPControllerApp] task::task '9e3668f6-13fda083b3e6093f2a6f089e' arrived on 6
2018-07-16 10:56:27.340 [IPControllerApp] task::task '7ee91a74-97541064f2331c4b00428150' finished on 6
2018-07-16 10:56:27.356 [IPControllerApp] task::task '939ee0a0-55f83b89bef3894ad173b1cc' arrived on 7
2018-07-16 10:56:27.356 [IPControllerApp] task::task '526aa224-83823ea4508b0474d49a30f0' finished on 7
2018-07-16 10:56:37.354 [IPControllerApp] task::task '4ed16a2a-01bce97500f895164e8e5830' arrived on 2
2018-07-16 10:56:37.355 [IPControllerApp] task::task '06e4e229-cc09d8fae1461859452ba742' finished on 2
2018-07-16 10:56:37.357 [IPControllerApp] task::task '3596068b-1e4e218a6652575cafd63c73' arrived on 0
2018-07-16 10:56:37.358 [IPControllerApp] task::task '0a506d27-e46c781060714b94ea86becd' finished on 0
2018-07-16 10:56:37.359 [IPControllerApp] task::task '9344b206-dde5cff503b26bfe1d48b3a2' arrived on 3
2018-07-16 10:56:37.360 [IPControllerApp] task::task '518fddbb-5d401f274b9afe1007760bdb' finished on 3
2018-07-16 10:56:37.362 [IPControllerApp] task::task '9df1f7ee-0639667502de65fbcf9a256b' arrived on 5
2018-07-16 10:56:37.362 [IPControllerApp] task::task '00b0751d-c718f67ce4d80227e29b032e' finished on 5
2018-07-16 10:56:37.364 [IPControllerApp] task::task '42125e6f-5f4993efbf1716b2c9248127' arrived on 4
2018-07-16 10:56:37.365 [IPControllerApp] task::task 'e0e22c6d-9a17f72cf2a60ad99d6c41d8' finished on 4
2018-07-16 10:56:37.367 [IPControllerApp] task::task 'f491be14-5480d068c204964f2df352b6' arrived on 6
2018-07-16 10:56:37.368 [IPControllerApp] task::task '9e3668f6-13fda083b3e6093f2a6f089e' finished on 6
2018-07-16 10:56:37.370 [IPControllerApp] task::task 'c32c5ab6-46b02ee6e861456901199636' arrived on 1
2018-07-16 10:56:37.370 [IPControllerApp] task::task '53fe1cfd-62e2e6de5e6c04ad77826e40' finished on 1
2018-07-16 10:56:37.386 [IPControllerApp] task::task 'e2bf1d1e-54d1c4366b1a43d4a7709f94' arrived on 7
2018-07-16 10:56:37.387 [IPControllerApp] task::task '939ee0a0-55f83b89bef3894ad173b1cc' finished on 7
2018-07-16 10:56:47.386 [IPControllerApp] task::task '89318d5f-4ee49f11e38803ca220faf2b' arrived on 0
2018-07-16 10:56:47.388 [IPControllerApp] task::task '3596068b-1e4e218a6652575cafd63c73' finished on 0
2018-07-16 10:56:47.389 [IPControllerApp] task::task 'ed603cca-055a71a64141b0101782fcc3' arrived on 4
2018-07-16 10:56:47.391 [IPControllerApp] task::task '42125e6f-5f4993efbf1716b2c9248127' finished on 4
2018-07-16 10:56:47.394 [IPControllerApp] task::task 'c6d854dc-7657ff23a856f9a858178d9c' arrived on 3
2018-07-16 10:56:47.396 [IPControllerApp] task::task '9344b206-dde5cff503b26bfe1d48b3a2' finished on 3
2018-07-16 10:56:47.397 [IPControllerApp] task::task 'd6f9e917-de92e86729415178e85a4609' arrived on 2
2018-07-16 10:56:47.398 [IPControllerApp] task::task '4ed16a2a-01bce97500f895164e8e5830' finished on 2
2018-07-16 10:56:47.398 [IPControllerApp] task::task '45816afa-6b1e8d326e4008d991c38ef6' arrived on 5
2018-07-16 10:56:47.400 [IPControllerApp] task::task '9df1f7ee-0639667502de65fbcf9a256b' finished on 5
2018-07-16 10:56:47.400 [IPControllerApp] task::task '46a45547-67dea27950fce36d193816b3' arrived on 6
2018-07-16 10:56:47.401 [IPControllerApp] task::task 'f491be14-5480d068c204964f2df352b6' finished on 6
2018-07-16 10:56:47.402 [IPControllerApp] task::task 'f4f338ec-70edd6821c2331d6fcb441ed' arrived on 1
2018-07-16 10:56:47.404 [IPControllerApp] task::task 'c32c5ab6-46b02ee6e861456901199636' finished on 1
2018-07-16 10:56:47.417 [IPControllerApp] task::task '2a1e3f61-03e593a59b725d09a56131a8' arrived on 7
2018-07-16 10:56:47.418 [IPControllerApp] task::task 'e2bf1d1e-54d1c4366b1a43d4a7709f94' finished on 7
2018-07-16 10:56:57.417 [IPControllerApp] task::task 'ad2d4fbd-f488f536308e882308764017' arrived on 5
2018-07-16 10:56:57.418 [IPControllerApp] task::task '45816afa-6b1e8d326e4008d991c38ef6' finished on 5
2018-07-16 10:56:57.419 [IPControllerApp] task::task 'c670a125-20b281862b04188e2d403b4a' arrived on 0
2018-07-16 10:56:57.421 [IPControllerApp] task::task '89318d5f-4ee49f11e38803ca220faf2b' finished on 0
2018-07-16 10:56:57.423 [IPControllerApp] task::task '5664b918-3e211c6be68c760f71779c4e' arrived on 2
2018-07-16 10:56:57.425 [IPControllerApp] task::task 'd6f9e917-de92e86729415178e85a4609' finished on 2
2018-07-16 10:56:57.426 [IPControllerApp] task::task 'afde8b26-0c65596a858559b8f6f6c2f1' arrived on 4
2018-07-16 10:56:57.427 [IPControllerApp] task::task 'ed603cca-055a71a64141b0101782fcc3' finished on 4
2018-07-16 10:56:57.429 [IPControllerApp] task::task '546e55d9-17bab880ec5a26075cba428b' arrived on 3
2018-07-16 10:56:57.431 [IPControllerApp] task::task 'c6d854dc-7657ff23a856f9a858178d9c' finished on 3
2018-07-16 10:56:57.433 [IPControllerApp] task::task 'b2a473d8-bb37c0f1a89d411d9b389861' arrived on 6
2018-07-16 10:56:57.434 [IPControllerApp] task::task '46a45547-67dea27950fce36d193816b3' finished on 6
2018-07-16 10:56:57.435 [IPControllerApp] task::task '2d78e99d-16dfaacd12756dca409362c5' arrived on 1
2018-07-16 10:56:57.436 [IPControllerApp] task::task 'f4f338ec-70edd6821c2331d6fcb441ed' finished on 1
2018-07-16 10:56:57.448 [IPControllerApp] task::task '4aa05163-8a2a274163fc6722a2603e53' arrived on 7
2018-07-16 10:56:57.448 [IPControllerApp] task::task '2a1e3f61-03e593a59b725d09a56131a8' finished on 7
2018-07-16 10:57:07.455 [IPControllerApp] task::task '0200c12b-e6674288796a4def7151b9f7' arrived on 2
2018-07-16 10:57:07.456 [IPControllerApp] task::task '5664b918-3e211c6be68c760f71779c4e' finished on 2
2018-07-16 10:57:07.460 [IPControllerApp] task::task '1c7f7df9-06008f2872ff64fa6b7e9ca6' arrived on 0
2018-07-16 10:57:07.461 [IPControllerApp] task::task 'c670a125-20b281862b04188e2d403b4a' finished on 0
2018-07-16 10:57:07.462 [IPControllerApp] task::task '46b4fe4e-70a11804d2dd318757f2980e' arrived on 3
2018-07-16 10:57:07.463 [IPControllerApp] task::task '546e55d9-17bab880ec5a26075cba428b' finished on 3
2018-07-16 10:57:07.463 [IPControllerApp] task::task '5be98008-159888bc73b3ca1adef4e333' arrived on 6
2018-07-16 10:57:07.465 [IPControllerApp] task::task 'b2a473d8-bb37c0f1a89d411d9b389861' finished on 6
2018-07-16 10:57:07.466 [IPControllerApp] task::task 'bab1d162-8800b6fd5cd9e7202038e964' arrived on 5
2018-07-16 10:57:07.467 [IPControllerApp] task::task 'ad2d4fbd-f488f536308e882308764017' finished on 5
2018-07-16 10:57:07.469 [IPControllerApp] task::task 'fd1d098f-443ab14b7d6c2d904be04a69' arrived on 1
2018-07-16 10:57:07.470 [IPControllerApp] task::task '2d78e99d-16dfaacd12756dca409362c5' finished on 1
2018-07-16 10:57:07.472 [IPControllerApp] task::task 'a8f4bee9-b1c5fce8b58fa1d6edde0ffa' arrived on 4
2018-07-16 10:57:07.473 [IPControllerApp] task::task 'afde8b26-0c65596a858559b8f6f6c2f1' finished on 4
2018-07-16 10:57:07.474 [IPControllerApp] task::task '80b0b391-a13d94d190f67a3af5272bf2' arrived on 7
2018-07-16 10:57:07.475 [IPControllerApp] task::task '4aa05163-8a2a274163fc6722a2603e53' finished on 7
2018-07-16 10:57:17.473 [IPControllerApp] task::task '590ed7d6-cc5782bc8ccdc48b6f70e5ac' arrived on 2
2018-07-16 10:57:17.475 [IPControllerApp] task::task '0200c12b-e6674288796a4def7151b9f7' finished on 2
2018-07-16 10:57:17.477 [IPControllerApp] task::task 'd874bb1c-3e0d3c963c303b95ed41bc8a' arrived on 0
2018-07-16 10:57:17.478 [IPControllerApp] task::task '1c7f7df9-06008f2872ff64fa6b7e9ca6' finished on 0
2018-07-16 10:57:17.479 [IPControllerApp] task::task '76cd2c6a-1e4f3a25b65a77e315cbe137' arrived on 3
2018-07-16 10:57:17.481 [IPControllerApp] task::task '46b4fe4e-70a11804d2dd318757f2980e' finished on 3
2018-07-16 10:57:17.483 [IPControllerApp] task::task 'c0f0315f-f06007cb127c1cfaac0bccc6' arrived on 7
2018-07-16 10:57:17.483 [IPControllerApp] task::task '80b0b391-a13d94d190f67a3af5272bf2' finished on 7
2018-07-16 10:57:17.486 [IPControllerApp] task::task '95914ad2-0163a2f77df97ede26865205' arrived on 6
2018-07-16 10:57:17.487 [IPControllerApp] task::task '5be98008-159888bc73b3ca1adef4e333' finished on 6
2018-07-16 10:57:17.489 [IPControllerApp] task::task '6915fdda-a53274122565a629d7119d07' arrived on 4
2018-07-16 10:57:17.489 [IPControllerApp] task::task 'a8f4bee9-b1c5fce8b58fa1d6edde0ffa' finished on 4
2018-07-16 10:57:17.490 [IPControllerApp] task::task '1f9f0e69-3e68e51f955a4e0212f269d8' arrived on 5
2018-07-16 10:57:17.491 [IPControllerApp] task::task 'bab1d162-8800b6fd5cd9e7202038e964' finished on 5
2018-07-16 10:57:17.493 [IPControllerApp] task::task '440f4cd0-4913b395f20401da42c7d685' arrived on 1
2018-07-16 10:57:17.494 [IPControllerApp] task::task 'fd1d098f-443ab14b7d6c2d904be04a69' finished on 1
2018-07-16 10:57:27.490 [IPControllerApp] task::task '899340fe-2a7bf19fa33a9205a6ae86d4' arrived on 2
2018-07-16 10:57:27.491 [IPControllerApp] task::task '590ed7d6-cc5782bc8ccdc48b6f70e5ac' finished on 2
2018-07-16 10:57:27.492 [IPControllerApp] task::task '1a8e1e94-a8e39e7acd3655bc42de036f' arrived on 0
2018-07-16 10:57:27.493 [IPControllerApp] task::task 'd874bb1c-3e0d3c963c303b95ed41bc8a' finished on 0
2018-07-16 10:57:27.511 [IPControllerApp] task::task '3820f9f7-33d4185055f394c969539b7f' arrived on 7
2018-07-16 10:57:27.512 [IPControllerApp] task::task 'c0f0315f-f06007cb127c1cfaac0bccc6' finished on 7
2018-07-16 10:57:27.513 [IPControllerApp] task::task '9da0de75-021a0db886ce183d98f05050' arrived on 6
2018-07-16 10:57:27.514 [IPControllerApp] task::task '95914ad2-0163a2f77df97ede26865205' finished on 6
2018-07-16 10:57:27.515 [IPControllerApp] task::task '6f1363ae-090eb6a359f0402c1ea8ea25' arrived on 4
2018-07-16 10:57:27.516 [IPControllerApp] task::task '6915fdda-a53274122565a629d7119d07' finished on 4
2018-07-16 10:57:27.517 [IPControllerApp] task::task '36c024c8-e13bbb1de6902d439b9d1fd3' arrived on 5
2018-07-16 10:57:27.520 [IPControllerApp] task::task '1f9f0e69-3e68e51f955a4e0212f269d8' finished on 5
2018-07-16 10:57:27.520 [IPControllerApp] task::task '879405cb-ad6b03081e37b270924bfc76' arrived on 1
2018-07-16 10:57:27.521 [IPControllerApp] task::task '440f4cd0-4913b395f20401da42c7d685' finished on 1
2018-07-16 10:57:27.523 [IPControllerApp] task::task 'cadf7b82-95d3b84bdf604c7251c9e0a2' arrived on 3
2018-07-16 10:57:27.523 [IPControllerApp] task::task '76cd2c6a-1e4f3a25b65a77e315cbe137' finished on 3
2018-07-16 10:57:51.674 [IPControllerApp] CRITICAL | Received signal 15, shutting down
2018-07-16 10:57:51.675 [IPControllerApp] CRITICAL | terminating children...
