2018-07-11 10:55:51.754 [IPControllerApp] Created profile dir: '/scratch/midway2/madduru/parsl/parsl/tests/integration/test_stress/runinfo/907/profile_midway_ipp'
2018-07-11 10:55:51.794 [IPControllerApp] Hub listening on tcp://*:45078 for registration.
2018-07-11 10:55:51.796 [IPControllerApp] Hub using DB backend: 'DictDB'
2018-07-11 10:55:52.059 [IPControllerApp] hub::created hub
2018-07-11 10:55:52.059 [IPControllerApp] writing connection info to /scratch/midway2/madduru/parsl/parsl/tests/integration/test_stress/runinfo/907/profile_midway_ipp/security/ipcontroller-client.json
2018-07-11 10:55:52.060 [IPControllerApp] writing connection info to /scratch/midway2/madduru/parsl/parsl/tests/integration/test_stress/runinfo/907/profile_midway_ipp/security/ipcontroller-engine.json
2018-07-11 10:55:52.061 [IPControllerApp] task::using Python leastload Task scheduler
2018-07-11 10:55:52.062 [IPControllerApp] Heartmonitor started
2018-07-11 10:55:52.073 [IPControllerApp] Creating pid file: /scratch/midway2/madduru/parsl/parsl/tests/integration/test_stress/runinfo/907/profile_midway_ipp/pid/ipcontroller.pid
2018-07-11 10:55:52.119 [scheduler] Scheduler started [leastload]
2018-07-11 10:55:52.121 [IPControllerApp] client::client b'\x00k\x8bEg' requested 'connection_request'
2018-07-11 10:55:52.122 [IPControllerApp] client::client [b'\x00k\x8bEg'] connected
2018-07-11 10:55:52.636 [IPControllerApp] client::client b'\x00k\x8bEh' requested 'connection_request'
2018-07-11 10:55:52.637 [IPControllerApp] client::client [b'\x00k\x8bEh'] connected
2018-07-11 10:55:58.048 [IPControllerApp] client::client b'aa7cda42-132c2dc97ecf4c6003b1abee' requested 'registration_request'
2018-07-11 10:56:01.065 [IPControllerApp] registration::finished registering engine 0:aa7cda42-132c2dc97ecf4c6003b1abee
2018-07-11 10:56:01.066 [IPControllerApp] engine::Engine Connected: 0
2018-07-11 10:56:01.069 [IPControllerApp] task::task '5a6b20b3-ae16a4a49dfa937c086e4b04' arrived on 0
2018-07-11 10:56:02.189 [IPControllerApp] task::task '9ddd7706-367af0b4ae6c1741a7cad091' arrived on 0
2018-07-11 10:56:02.190 [IPControllerApp] task::task '5a6b20b3-ae16a4a49dfa937c086e4b04' finished on 0
2018-07-11 10:56:02.194 [IPControllerApp] task::task '3c6ac31b-217a15dee265d60a14f6228d' arrived on 0
2018-07-11 10:56:02.194 [IPControllerApp] task::task '9ddd7706-367af0b4ae6c1741a7cad091' finished on 0
2018-07-11 10:56:02.198 [IPControllerApp] task::task '11c212d5-b6e317e21c5eb7ff9aae0fa0' arrived on 0
2018-07-11 10:56:02.199 [IPControllerApp] task::task '3c6ac31b-217a15dee265d60a14f6228d' finished on 0
2018-07-11 10:56:02.202 [IPControllerApp] task::task 'b014ba70-a2339beeaca68b8ef1b9ab6e' arrived on 0
2018-07-11 10:56:02.203 [IPControllerApp] task::task '11c212d5-b6e317e21c5eb7ff9aae0fa0' finished on 0
2018-07-11 10:56:02.207 [IPControllerApp] task::task 'b7b6956c-7b0870f598c0f2a511112eb9' arrived on 0
2018-07-11 10:56:02.207 [IPControllerApp] task::task 'b014ba70-a2339beeaca68b8ef1b9ab6e' finished on 0
2018-07-11 10:56:02.211 [IPControllerApp] task::task 'b62484d6-1f38d9489ba1e0a0a4cfaea2' arrived on 0
2018-07-11 10:56:02.212 [IPControllerApp] task::task 'b7b6956c-7b0870f598c0f2a511112eb9' finished on 0
2018-07-11 10:56:02.216 [IPControllerApp] task::task '38bb04ef-f8bbd20394a199fd4fb257a4' arrived on 0
2018-07-11 10:56:02.216 [IPControllerApp] task::task 'b62484d6-1f38d9489ba1e0a0a4cfaea2' finished on 0
2018-07-11 10:56:02.220 [IPControllerApp] task::task 'b89e75cc-a7cf847b3545372e7f21dfd6' arrived on 0
2018-07-11 10:56:02.221 [IPControllerApp] task::task '38bb04ef-f8bbd20394a199fd4fb257a4' finished on 0
2018-07-11 10:56:02.225 [IPControllerApp] task::task 'f0c0969e-5076a8cfb77f51fc104c678f' arrived on 0
2018-07-11 10:56:02.226 [IPControllerApp] task::task 'b89e75cc-a7cf847b3545372e7f21dfd6' finished on 0
2018-07-11 10:56:02.230 [IPControllerApp] task::task '3a30bf05-cb7e51d521ff76af2ccdf6ae' arrived on 0
2018-07-11 10:56:02.231 [IPControllerApp] task::task 'f0c0969e-5076a8cfb77f51fc104c678f' finished on 0
2018-07-11 10:56:02.236 [IPControllerApp] task::task '36fb351b-6148e5709cf25e358d298cc8' arrived on 0
2018-07-11 10:56:02.236 [IPControllerApp] task::task '3a30bf05-cb7e51d521ff76af2ccdf6ae' finished on 0
2018-07-11 10:56:02.241 [IPControllerApp] task::task 'f9f4da3a-c603ad501ff137571d14933f' arrived on 0
2018-07-11 10:56:02.241 [IPControllerApp] task::task '36fb351b-6148e5709cf25e358d298cc8' finished on 0
2018-07-11 10:56:02.246 [IPControllerApp] task::task '87ab21aa-b28c7347d0210952d615f65f' arrived on 0
2018-07-11 10:56:02.247 [IPControllerApp] task::task 'f9f4da3a-c603ad501ff137571d14933f' finished on 0
2018-07-11 10:56:02.251 [IPControllerApp] task::task 'd4eb0577-cdac71c062bfdd0c2a76b0bd' arrived on 0
2018-07-11 10:56:02.252 [IPControllerApp] task::task '87ab21aa-b28c7347d0210952d615f65f' finished on 0
2018-07-11 10:56:02.257 [IPControllerApp] task::task '82e0c292-5e48c3ec15585f0d49889dcd' arrived on 0
2018-07-11 10:56:02.257 [IPControllerApp] task::task 'd4eb0577-cdac71c062bfdd0c2a76b0bd' finished on 0
2018-07-11 10:56:02.262 [IPControllerApp] task::task '54ca2fb5-4bdc5d99dd668c3d219fe68f' arrived on 0
2018-07-11 10:56:02.262 [IPControllerApp] task::task '82e0c292-5e48c3ec15585f0d49889dcd' finished on 0
2018-07-11 10:56:02.267 [IPControllerApp] task::task '8bb7586a-06e6cbe1a4b283f4cf48e991' arrived on 0
2018-07-11 10:56:02.268 [IPControllerApp] task::task '54ca2fb5-4bdc5d99dd668c3d219fe68f' finished on 0
2018-07-11 10:56:02.272 [IPControllerApp] task::task 'a767f3c9-9b009619588fbd7a868a100c' arrived on 0
2018-07-11 10:56:02.273 [IPControllerApp] task::task '8bb7586a-06e6cbe1a4b283f4cf48e991' finished on 0
2018-07-11 10:56:02.277 [IPControllerApp] task::task '6b707202-11173725d8addfaaa65482e1' arrived on 0
2018-07-11 10:56:02.277 [IPControllerApp] task::task 'a767f3c9-9b009619588fbd7a868a100c' finished on 0
2018-07-11 10:56:02.281 [IPControllerApp] task::task '816336c2-68f6be7c9825e49475f53a90' arrived on 0
2018-07-11 10:56:02.282 [IPControllerApp] task::task '6b707202-11173725d8addfaaa65482e1' finished on 0
2018-07-11 10:56:02.286 [IPControllerApp] task::task '0f796f1c-980b3ffddb6670dd6fca2654' arrived on 0
2018-07-11 10:56:02.287 [IPControllerApp] task::task '816336c2-68f6be7c9825e49475f53a90' finished on 0
2018-07-11 10:56:02.291 [IPControllerApp] task::task '4c59b86e-fa14db3a75a1858a2a7a047f' arrived on 0
2018-07-11 10:56:02.292 [IPControllerApp] task::task '0f796f1c-980b3ffddb6670dd6fca2654' finished on 0
2018-07-11 10:56:02.295 [IPControllerApp] task::task '8d720e7a-5078a7560079735c1a6485d7' arrived on 0
2018-07-11 10:56:02.296 [IPControllerApp] task::task '4c59b86e-fa14db3a75a1858a2a7a047f' finished on 0
2018-07-11 10:56:02.299 [IPControllerApp] task::task '2abef41d-f581f1003a9c4f858dd9a4d9' arrived on 0
2018-07-11 10:56:02.300 [IPControllerApp] task::task '8d720e7a-5078a7560079735c1a6485d7' finished on 0
2018-07-11 10:56:02.304 [IPControllerApp] task::task '8c777eb3-f306cb4061aecc38cadfdc42' arrived on 0
2018-07-11 10:56:02.305 [IPControllerApp] task::task '2abef41d-f581f1003a9c4f858dd9a4d9' finished on 0
2018-07-11 10:56:02.309 [IPControllerApp] task::task '4d39698b-e11c2d226641504a74c2dd19' arrived on 0
2018-07-11 10:56:02.310 [IPControllerApp] task::task '8c777eb3-f306cb4061aecc38cadfdc42' finished on 0
2018-07-11 10:56:02.314 [IPControllerApp] task::task 'e7782aa2-e260560c186850e192f679be' arrived on 0
2018-07-11 10:56:02.315 [IPControllerApp] task::task '4d39698b-e11c2d226641504a74c2dd19' finished on 0
2018-07-11 10:56:02.319 [IPControllerApp] task::task '954ea249-e86fe440216515fdec1e35d2' arrived on 0
2018-07-11 10:56:02.320 [IPControllerApp] task::task 'e7782aa2-e260560c186850e192f679be' finished on 0
2018-07-11 10:56:02.324 [IPControllerApp] task::task '696ef03f-dd3197bbc8eb14c8dd99b69c' arrived on 0
2018-07-11 10:56:02.325 [IPControllerApp] task::task '954ea249-e86fe440216515fdec1e35d2' finished on 0
2018-07-11 10:56:02.328 [IPControllerApp] task::task '7a35c4ff-0da23a3ac981d6074742d337' arrived on 0
2018-07-11 10:56:02.329 [IPControllerApp] task::task '696ef03f-dd3197bbc8eb14c8dd99b69c' finished on 0
2018-07-11 10:56:02.333 [IPControllerApp] task::task '82fca681-c1a4d48a9e567751b06a8cef' arrived on 0
2018-07-11 10:56:02.334 [IPControllerApp] task::task '7a35c4ff-0da23a3ac981d6074742d337' finished on 0
2018-07-11 10:56:02.337 [IPControllerApp] task::task '9e06df5c-547c5abde0b0257bbe0c69a8' arrived on 0
2018-07-11 10:56:02.338 [IPControllerApp] task::task '82fca681-c1a4d48a9e567751b06a8cef' finished on 0
2018-07-11 10:56:02.342 [IPControllerApp] task::task '800b09bc-ed3dc9a4ab5c62e221f71054' arrived on 0
2018-07-11 10:56:02.343 [IPControllerApp] task::task '9e06df5c-547c5abde0b0257bbe0c69a8' finished on 0
2018-07-11 10:56:02.346 [IPControllerApp] task::task 'c88e14e5-8b826dc2df626256bff687fd' arrived on 0
2018-07-11 10:56:02.347 [IPControllerApp] task::task '800b09bc-ed3dc9a4ab5c62e221f71054' finished on 0
2018-07-11 10:56:02.351 [IPControllerApp] task::task '9bd15b04-1a3570fce5c57e7aed6717cf' arrived on 0
2018-07-11 10:56:02.352 [IPControllerApp] task::task 'c88e14e5-8b826dc2df626256bff687fd' finished on 0
2018-07-11 10:56:02.355 [IPControllerApp] task::task '11520fb7-98ea00c4c0ff7ceeec332e4b' arrived on 0
2018-07-11 10:56:02.356 [IPControllerApp] task::task '9bd15b04-1a3570fce5c57e7aed6717cf' finished on 0
2018-07-11 10:56:02.360 [IPControllerApp] task::task '655d9bf1-988dd39b698a80c161658869' arrived on 0
2018-07-11 10:56:02.361 [IPControllerApp] task::task '11520fb7-98ea00c4c0ff7ceeec332e4b' finished on 0
2018-07-11 10:56:02.365 [IPControllerApp] task::task '4ee1276b-1292164be60e6c3f4702d509' arrived on 0
2018-07-11 10:56:02.366 [IPControllerApp] task::task '655d9bf1-988dd39b698a80c161658869' finished on 0
2018-07-11 10:56:02.370 [IPControllerApp] task::task '2d8f6c3e-fe02cbeeb53772c3cedfa235' arrived on 0
2018-07-11 10:56:02.371 [IPControllerApp] task::task '4ee1276b-1292164be60e6c3f4702d509' finished on 0
2018-07-11 10:56:02.375 [IPControllerApp] task::task 'df597a35-b35befb0664845a94029ed19' arrived on 0
2018-07-11 10:56:02.375 [IPControllerApp] task::task '2d8f6c3e-fe02cbeeb53772c3cedfa235' finished on 0
2018-07-11 10:56:02.380 [IPControllerApp] task::task 'ef6412c2-a425db6b6fec54e15bf70a93' arrived on 0
2018-07-11 10:56:02.380 [IPControllerApp] task::task 'df597a35-b35befb0664845a94029ed19' finished on 0
2018-07-11 10:56:02.385 [IPControllerApp] task::task '8d10a825-f41c0980f238def7d134fb81' arrived on 0
2018-07-11 10:56:02.386 [IPControllerApp] task::task 'ef6412c2-a425db6b6fec54e15bf70a93' finished on 0
2018-07-11 10:56:02.390 [IPControllerApp] task::task '6f034817-a84626b6fb4da50f96a55e1e' arrived on 0
2018-07-11 10:56:02.391 [IPControllerApp] task::task '8d10a825-f41c0980f238def7d134fb81' finished on 0
2018-07-11 10:56:02.395 [IPControllerApp] task::task 'f0e827f7-6be402766fc92f15a758c25d' arrived on 0
2018-07-11 10:56:02.396 [IPControllerApp] task::task '6f034817-a84626b6fb4da50f96a55e1e' finished on 0
2018-07-11 10:56:02.399 [IPControllerApp] task::task 'f7421cc8-2145d1c18d2b266d815db793' arrived on 0
2018-07-11 10:56:02.400 [IPControllerApp] task::task 'f0e827f7-6be402766fc92f15a758c25d' finished on 0
2018-07-11 10:56:02.404 [IPControllerApp] task::task '6737cdab-6f89f72c0c9f46e929560cdb' arrived on 0
2018-07-11 10:56:02.404 [IPControllerApp] task::task 'f7421cc8-2145d1c18d2b266d815db793' finished on 0
2018-07-11 10:56:02.408 [IPControllerApp] task::task '4f227aa0-3725184de5476ae03b881a6e' arrived on 0
2018-07-11 10:56:02.409 [IPControllerApp] task::task '6737cdab-6f89f72c0c9f46e929560cdb' finished on 0
2018-07-11 10:56:02.412 [IPControllerApp] task::task 'b39b9309-5ce9d2c94a88d456cddf2a38' arrived on 0
2018-07-11 10:56:02.413 [IPControllerApp] task::task '4f227aa0-3725184de5476ae03b881a6e' finished on 0
2018-07-11 10:56:02.416 [IPControllerApp] task::task 'a4310b81-8469cace03c650160a71f45b' arrived on 0
2018-07-11 10:56:02.417 [IPControllerApp] task::task 'b39b9309-5ce9d2c94a88d456cddf2a38' finished on 0
2018-07-11 10:56:02.421 [IPControllerApp] task::task 'ba5d5fe6-cf50b2a66b874b3f628393a1' arrived on 0
2018-07-11 10:56:02.422 [IPControllerApp] task::task 'a4310b81-8469cace03c650160a71f45b' finished on 0
2018-07-11 10:56:02.425 [IPControllerApp] task::task '41fffe94-18f315fa924744ff3460763f' arrived on 0
2018-07-11 10:56:02.426 [IPControllerApp] task::task 'ba5d5fe6-cf50b2a66b874b3f628393a1' finished on 0
2018-07-11 10:56:02.429 [IPControllerApp] task::task '14eb8ad8-233cc3c7560afdf145ef1c45' arrived on 0
2018-07-11 10:56:02.430 [IPControllerApp] task::task '41fffe94-18f315fa924744ff3460763f' finished on 0
2018-07-11 10:56:02.433 [IPControllerApp] task::task '175cdf2c-c30f2203b8350314dbfdb4ae' arrived on 0
2018-07-11 10:56:02.434 [IPControllerApp] task::task '14eb8ad8-233cc3c7560afdf145ef1c45' finished on 0
2018-07-11 10:56:02.437 [IPControllerApp] task::task '12b71a27-c14c1e119ab67c480be5afe3' arrived on 0
2018-07-11 10:56:02.438 [IPControllerApp] task::task '175cdf2c-c30f2203b8350314dbfdb4ae' finished on 0
2018-07-11 10:56:02.441 [IPControllerApp] task::task 'e70763eb-0cc9915b58653b6e89727322' arrived on 0
2018-07-11 10:56:02.443 [IPControllerApp] task::task '12b71a27-c14c1e119ab67c480be5afe3' finished on 0
2018-07-11 10:56:02.446 [IPControllerApp] task::task 'eb9b8f0d-3b012f6b81c48b1673c0e8a3' arrived on 0
2018-07-11 10:56:02.446 [IPControllerApp] task::task 'e70763eb-0cc9915b58653b6e89727322' finished on 0
2018-07-11 10:56:02.451 [IPControllerApp] task::task '05fdf8bf-569fc3d6d0901509cb3fab02' arrived on 0
2018-07-11 10:56:02.451 [IPControllerApp] task::task 'eb9b8f0d-3b012f6b81c48b1673c0e8a3' finished on 0
2018-07-11 10:56:02.454 [IPControllerApp] task::task '090a4849-25d69891a28ca3aef52eab86' arrived on 0
2018-07-11 10:56:02.455 [IPControllerApp] task::task '05fdf8bf-569fc3d6d0901509cb3fab02' finished on 0
2018-07-11 10:56:02.459 [IPControllerApp] task::task 'f561f6b4-8aef75df4079eca72115fcae' arrived on 0
2018-07-11 10:56:02.460 [IPControllerApp] task::task '090a4849-25d69891a28ca3aef52eab86' finished on 0
2018-07-11 10:56:02.463 [IPControllerApp] task::task '46584d11-79e0e77f45b01d359186802e' arrived on 0
2018-07-11 10:56:02.464 [IPControllerApp] task::task 'f561f6b4-8aef75df4079eca72115fcae' finished on 0
2018-07-11 10:56:02.468 [IPControllerApp] task::task '9a92f6c2-9fac9bc7cbf6990d66be14d0' arrived on 0
2018-07-11 10:56:02.468 [IPControllerApp] task::task '46584d11-79e0e77f45b01d359186802e' finished on 0
2018-07-11 10:56:02.472 [IPControllerApp] task::task '59560775-96a939023636b84962f984f2' arrived on 0
2018-07-11 10:56:02.473 [IPControllerApp] task::task '9a92f6c2-9fac9bc7cbf6990d66be14d0' finished on 0
2018-07-11 10:56:02.477 [IPControllerApp] task::task '1514803a-9a4f436aeb4b57b7aafc1d03' arrived on 0
2018-07-11 10:56:02.477 [IPControllerApp] task::task '59560775-96a939023636b84962f984f2' finished on 0
2018-07-11 10:56:02.481 [IPControllerApp] task::task 'ac1936f9-3c64e9a8adcbe617121eea6b' arrived on 0
2018-07-11 10:56:02.482 [IPControllerApp] task::task '1514803a-9a4f436aeb4b57b7aafc1d03' finished on 0
2018-07-11 10:56:02.486 [IPControllerApp] task::task 'c79e83b9-b0cb61f389f51e8df0f86cdc' arrived on 0
2018-07-11 10:56:02.487 [IPControllerApp] task::task 'ac1936f9-3c64e9a8adcbe617121eea6b' finished on 0
2018-07-11 10:56:02.490 [IPControllerApp] task::task '8a670300-5b8d6cbf04124dfd85a21376' arrived on 0
2018-07-11 10:56:02.491 [IPControllerApp] task::task 'c79e83b9-b0cb61f389f51e8df0f86cdc' finished on 0
2018-07-11 10:56:02.495 [IPControllerApp] task::task 'ce63ad00-a6a5c16fe86faf467aae3c36' arrived on 0
2018-07-11 10:56:02.496 [IPControllerApp] task::task '8a670300-5b8d6cbf04124dfd85a21376' finished on 0
2018-07-11 10:56:02.500 [IPControllerApp] task::task '59947494-cd2e4ea7eba19f8fa10e0ca0' arrived on 0
2018-07-11 10:56:02.500 [IPControllerApp] task::task 'ce63ad00-a6a5c16fe86faf467aae3c36' finished on 0
2018-07-11 10:56:02.505 [IPControllerApp] task::task '3fe92b5c-a223dfabb4c9f7b9f063c18f' arrived on 0
2018-07-11 10:56:02.505 [IPControllerApp] task::task '59947494-cd2e4ea7eba19f8fa10e0ca0' finished on 0
2018-07-11 10:56:02.509 [IPControllerApp] task::task 'f7ab7762-0d43d6721a70c01bd92d3b97' arrived on 0
2018-07-11 10:56:02.510 [IPControllerApp] task::task '3fe92b5c-a223dfabb4c9f7b9f063c18f' finished on 0
2018-07-11 10:56:02.514 [IPControllerApp] task::task 'b5620fe2-abb53054dbd4fe88020054d0' arrived on 0
2018-07-11 10:56:02.515 [IPControllerApp] task::task 'f7ab7762-0d43d6721a70c01bd92d3b97' finished on 0
2018-07-11 10:56:02.519 [IPControllerApp] task::task 'e2b712fe-d2a32be573d9f70042061746' arrived on 0
2018-07-11 10:56:02.520 [IPControllerApp] task::task 'b5620fe2-abb53054dbd4fe88020054d0' finished on 0
2018-07-11 10:56:02.524 [IPControllerApp] task::task '833ad1d3-9a7a83087b929db51bbab394' arrived on 0
2018-07-11 10:56:02.525 [IPControllerApp] task::task 'e2b712fe-d2a32be573d9f70042061746' finished on 0
2018-07-11 10:56:02.529 [IPControllerApp] task::task '6c34dde1-f910d3e55a6e3d1592607646' arrived on 0
2018-07-11 10:56:02.530 [IPControllerApp] task::task '833ad1d3-9a7a83087b929db51bbab394' finished on 0
2018-07-11 10:56:02.534 [IPControllerApp] task::task '9728ffe7-5dae48ad2796ae9c4ef43887' arrived on 0
2018-07-11 10:56:02.534 [IPControllerApp] task::task '6c34dde1-f910d3e55a6e3d1592607646' finished on 0
2018-07-11 10:56:02.538 [IPControllerApp] task::task '14e01f3d-62a12764bf940b71bba3faf8' arrived on 0
2018-07-11 10:56:02.539 [IPControllerApp] task::task '9728ffe7-5dae48ad2796ae9c4ef43887' finished on 0
2018-07-11 10:56:02.542 [IPControllerApp] task::task 'aff03538-9b67ea3ee27f147ac7c6c5cf' arrived on 0
2018-07-11 10:56:02.543 [IPControllerApp] task::task '14e01f3d-62a12764bf940b71bba3faf8' finished on 0
2018-07-11 10:56:02.547 [IPControllerApp] task::task '4fcede52-9e51c2917256ac3ff13d3f02' arrived on 0
2018-07-11 10:56:02.547 [IPControllerApp] task::task 'aff03538-9b67ea3ee27f147ac7c6c5cf' finished on 0
2018-07-11 10:56:02.551 [IPControllerApp] task::task '8ad396c4-a672feedc7e165b3234bca1d' arrived on 0
2018-07-11 10:56:02.552 [IPControllerApp] task::task '4fcede52-9e51c2917256ac3ff13d3f02' finished on 0
2018-07-11 10:56:02.555 [IPControllerApp] task::task '654f35fd-ef5234db56565a62f130ee81' arrived on 0
2018-07-11 10:56:02.556 [IPControllerApp] task::task '8ad396c4-a672feedc7e165b3234bca1d' finished on 0
2018-07-11 10:56:02.560 [IPControllerApp] task::task '041d425d-5ea105a54d7ac86e3bc12b5d' arrived on 0
2018-07-11 10:56:02.561 [IPControllerApp] task::task '654f35fd-ef5234db56565a62f130ee81' finished on 0
2018-07-11 10:56:02.564 [IPControllerApp] task::task '956d1bfd-51769621015522207365aeec' arrived on 0
2018-07-11 10:56:02.565 [IPControllerApp] task::task '041d425d-5ea105a54d7ac86e3bc12b5d' finished on 0
2018-07-11 10:56:02.569 [IPControllerApp] task::task '0bbe11a8-c939d03395b38d407f4eb7ab' arrived on 0
2018-07-11 10:56:02.570 [IPControllerApp] task::task '956d1bfd-51769621015522207365aeec' finished on 0
2018-07-11 10:56:02.574 [IPControllerApp] task::task 'c80f7624-f2c24477a183f7d8d75ee2d3' arrived on 0
2018-07-11 10:56:02.575 [IPControllerApp] task::task '0bbe11a8-c939d03395b38d407f4eb7ab' finished on 0
2018-07-11 10:56:02.578 [IPControllerApp] task::task 'c6b3bcfa-0a26b3c9cc11f0ffa1031c58' arrived on 0
2018-07-11 10:56:02.579 [IPControllerApp] task::task 'c80f7624-f2c24477a183f7d8d75ee2d3' finished on 0
2018-07-11 10:56:02.583 [IPControllerApp] task::task '4b40b001-7a0679692150bfe359ec3237' arrived on 0
2018-07-11 10:56:02.583 [IPControllerApp] task::task 'c6b3bcfa-0a26b3c9cc11f0ffa1031c58' finished on 0
2018-07-11 10:56:02.587 [IPControllerApp] task::task 'c18b923e-440de8a4e31af43dd5b99fb2' arrived on 0
2018-07-11 10:56:02.588 [IPControllerApp] task::task '4b40b001-7a0679692150bfe359ec3237' finished on 0
2018-07-11 10:56:02.592 [IPControllerApp] task::task '7dcafb11-56c755f4ffc8a7d2f9e5a5eb' arrived on 0
2018-07-11 10:56:02.593 [IPControllerApp] task::task 'c18b923e-440de8a4e31af43dd5b99fb2' finished on 0
2018-07-11 10:56:02.596 [IPControllerApp] task::task 'b82b21cd-4c0fb3730bc9a5a1ee0f30d8' arrived on 0
2018-07-11 10:56:02.597 [IPControllerApp] task::task '7dcafb11-56c755f4ffc8a7d2f9e5a5eb' finished on 0
2018-07-11 10:56:02.601 [IPControllerApp] task::task 'ef9b0945-d50b420799684858b45616cc' arrived on 0
2018-07-11 10:56:02.602 [IPControllerApp] task::task 'b82b21cd-4c0fb3730bc9a5a1ee0f30d8' finished on 0
2018-07-11 10:56:02.606 [IPControllerApp] task::task '2f531806-6a99f7f71548de77c7b2ab30' arrived on 0
2018-07-11 10:56:02.607 [IPControllerApp] task::task 'ef9b0945-d50b420799684858b45616cc' finished on 0
2018-07-11 10:56:02.610 [IPControllerApp] task::task 'aef8af41-dc912cf9c8ced85a369cb921' arrived on 0
2018-07-11 10:56:02.611 [IPControllerApp] task::task '2f531806-6a99f7f71548de77c7b2ab30' finished on 0
2018-07-11 10:56:02.615 [IPControllerApp] task::task 'abf6a25b-5146718d48cbfa1bce74d471' arrived on 0
2018-07-11 10:56:02.616 [IPControllerApp] task::task 'aef8af41-dc912cf9c8ced85a369cb921' finished on 0
2018-07-11 10:56:02.621 [IPControllerApp] task::task 'f3a1ac23-0b543e070b9ae96011474082' arrived on 0
2018-07-11 10:56:02.622 [IPControllerApp] task::task 'abf6a25b-5146718d48cbfa1bce74d471' finished on 0
2018-07-11 10:56:02.626 [IPControllerApp] task::task '1fa3901a-c6adf5ff93880c89c7c7d164' arrived on 0
2018-07-11 10:56:02.627 [IPControllerApp] task::task 'f3a1ac23-0b543e070b9ae96011474082' finished on 0
2018-07-11 10:56:02.632 [IPControllerApp] task::task 'cd4b54a7-5f512c2e811ddd0356761bad' arrived on 0
2018-07-11 10:56:02.632 [IPControllerApp] task::task '1fa3901a-c6adf5ff93880c89c7c7d164' finished on 0
2018-07-11 10:56:02.637 [IPControllerApp] task::task 'f854bb09-cec53fd899d36879c16c114f' arrived on 0
2018-07-11 10:56:02.638 [IPControllerApp] task::task 'cd4b54a7-5f512c2e811ddd0356761bad' finished on 0
2018-07-11 10:56:02.642 [IPControllerApp] task::task 'd900d354-d3adfe81e1e917c00d9bae3f' arrived on 0
2018-07-11 10:56:02.643 [IPControllerApp] task::task 'f854bb09-cec53fd899d36879c16c114f' finished on 0
2018-07-11 10:56:02.648 [IPControllerApp] task::task 'b02ad713-2550e855de0b4f6c549d7746' arrived on 0
2018-07-11 10:56:02.649 [IPControllerApp] task::task 'd900d354-d3adfe81e1e917c00d9bae3f' finished on 0
2018-07-11 10:56:02.653 [IPControllerApp] task::task 'af944f46-c77b56fd6b14fcbf95e5ef09' arrived on 0
2018-07-11 10:56:02.654 [IPControllerApp] task::task 'b02ad713-2550e855de0b4f6c549d7746' finished on 0
2018-07-11 10:56:02.657 [IPControllerApp] task::task 'ad117fb1-b2b1f028e3fd846256eb40cf' arrived on 0
2018-07-11 10:56:02.658 [IPControllerApp] task::task 'af944f46-c77b56fd6b14fcbf95e5ef09' finished on 0
2018-07-11 10:56:02.662 [IPControllerApp] task::task '3c6508da-f80a39eeab7f0c442dce4ef4' arrived on 0
2018-07-11 10:56:02.663 [IPControllerApp] task::task 'ad117fb1-b2b1f028e3fd846256eb40cf' finished on 0
2018-07-11 10:56:02.667 [IPControllerApp] task::task '2e48acdc-98b725151b3a56aeb2cc5825' arrived on 0
2018-07-11 10:56:02.667 [IPControllerApp] task::task '3c6508da-f80a39eeab7f0c442dce4ef4' finished on 0
2018-07-11 10:56:02.672 [IPControllerApp] task::task '0fdf190e-89871e9ed534afedf835ab0e' arrived on 0
2018-07-11 10:56:02.673 [IPControllerApp] task::task '2e48acdc-98b725151b3a56aeb2cc5825' finished on 0
2018-07-11 10:56:02.678 [IPControllerApp] task::task '78b181be-36479b5f1de9a2cbfbd46100' arrived on 0
2018-07-11 10:56:02.678 [IPControllerApp] task::task '0fdf190e-89871e9ed534afedf835ab0e' finished on 0
2018-07-11 10:56:02.683 [IPControllerApp] task::task 'a314b756-c18aeea95ecef5009bf400d6' arrived on 0
2018-07-11 10:56:02.684 [IPControllerApp] task::task '78b181be-36479b5f1de9a2cbfbd46100' finished on 0
2018-07-11 10:56:02.689 [IPControllerApp] task::task '291e0aab-adac1a410dae405a62f998b6' arrived on 0
2018-07-11 10:56:02.689 [IPControllerApp] task::task 'a314b756-c18aeea95ecef5009bf400d6' finished on 0
2018-07-11 10:56:02.698 [IPControllerApp] task::task '2f8768fc-fdaf6f09d8a18164626877c7' arrived on 0
2018-07-11 10:56:02.699 [IPControllerApp] task::task '291e0aab-adac1a410dae405a62f998b6' finished on 0
2018-07-11 10:56:02.710 [IPControllerApp] task::task '92fbfaf4-100a1e2f8b0935c4f4e975f6' arrived on 0
2018-07-11 10:56:02.711 [IPControllerApp] task::task '2f8768fc-fdaf6f09d8a18164626877c7' finished on 0
2018-07-11 10:56:02.729 [IPControllerApp] CRITICAL | Received signal 15, shutting down
2018-07-11 10:56:02.729 [IPControllerApp] CRITICAL | terminating children...
