2018-07-05 16:30:17 parsl.dataflow.dflow:71 [INFO]  Parsl version: 0.5.1
2018-07-05 16:30:17 parsl.dataflow.dflow:72 [INFO]  Libsubmit version: 0.5.0-a0
2018-07-05 16:30:17 parsl.dataflow.usage_tracking.usage:125 [DEBUG]  Tracking status: True
2018-07-05 16:30:17 parsl.dataflow.usage_tracking.usage:126 [DEBUG]  Testing mode   : False
2018-07-05 16:30:17 parsl.dataflow.memoization:52 [INFO]  App caching initialized
2018-07-05 16:30:17 parsl.executors.ipp_controller:83 [DEBUG]  Starting ipcontroller with 'ipcontroller --ipython-dir=/scratch/midway2/madduru/parsl/parsl/tests/integration/test_stress/runinfo/560 --ip=* --profile=midway_ipp   '
2018-07-05 16:30:18 parsl.executors.ipp:97 [DEBUG]  Waiting for /scratch/midway2/madduru/parsl/parsl/tests/integration/test_stress/runinfo/560/profile_midway_ipp/security/ipcontroller-client.json
2018-07-05 16:30:18 parsl.executors.ipp:114 [DEBUG]  Starting IPyParallelExecutor with provider:
SlurmProvider(
    'sandyb',
    channel=LocalChannel(
        envs={}, 
        script_dir='/scratch/midway2/madduru/parsl/parsl/tests/integration/test_stress/.scripts', 
        userhome='/scratch/midway2/madduru/parsl/parsl/tests/integration/test_stress'
    ), 
    cmd_timeout=10, 
    init_blocks=1, 
    label='slurm', 
    launcher=<libsubmit.launchers.launchers.SingleNodeLauncher object at 0x7f8a61897ac8>, 
    max_blocks=1, 
    min_blocks=1, 
    nodes_per_block=2, 
    overrides='module load Anaconda3/5.1.0; export PARSL_TESTING=True', 
    parallelism=0.5, 
    script_dir='parsl_scripts', 
    tasks_per_node=1, 
    walltime=11
)
2018-07-05 16:30:19 parsl.executors.ipp:119 [DEBUG]  Launched block: 0:47300196
2018-07-05 16:30:19 parsl.executors.ipp:134 [DEBUG]  Starting executor
2018-07-05 16:30:19 parsl.dataflow.strategy:120 [DEBUG]  Scaling strategy: simple
2018-07-05 16:30:19 parsl.dataflow.dflow:480 [INFO]  Task 0 submitted for App increment, waiting on tasks []
2018-07-05 16:30:19 parsl.dataflow.dflow:286 [INFO]  Task 0 launched on executor midway_ipp
2018-07-05 16:30:19 parsl.dataflow.dflow:501 [DEBUG]  Task 0 launched with AppFuture: <AppFuture at 0x7f895770de80 state=pending>
2018-07-05 16:30:19 parsl.dataflow.dflow:480 [INFO]  Task 1 submitted for App increment, waiting on tasks []
2018-07-05 16:30:19 parsl.dataflow.dflow:286 [INFO]  Task 1 launched on executor midway_ipp
2018-07-05 16:30:19 parsl.dataflow.dflow:501 [DEBUG]  Task 1 launched with AppFuture: <AppFuture at 0x7f895771a6d8 state=pending>
2018-07-05 16:30:19 parsl.dataflow.dflow:480 [INFO]  Task 2 submitted for App increment, waiting on tasks []
2018-07-05 16:30:19 parsl.dataflow.dflow:286 [INFO]  Task 2 launched on executor midway_ipp
2018-07-05 16:30:19 parsl.dataflow.dflow:501 [DEBUG]  Task 2 launched with AppFuture: <AppFuture at 0x7f895771aef0 state=pending>
2018-07-05 16:30:19 parsl.dataflow.dflow:480 [INFO]  Task 3 submitted for App increment, waiting on tasks []
2018-07-05 16:30:19 parsl.dataflow.dflow:286 [INFO]  Task 3 launched on executor midway_ipp
2018-07-05 16:30:19 parsl.dataflow.dflow:501 [DEBUG]  Task 3 launched with AppFuture: <AppFuture at 0x7f8957725748 state=pending>
2018-07-05 16:30:19 parsl.dataflow.dflow:480 [INFO]  Task 4 submitted for App increment, waiting on tasks []
2018-07-05 16:30:19 parsl.dataflow.dflow:286 [INFO]  Task 4 launched on executor midway_ipp
2018-07-05 16:30:19 parsl.dataflow.dflow:501 [DEBUG]  Task 4 launched with AppFuture: <AppFuture at 0x7f8957725f60 state=pending>
2018-07-05 16:30:19 parsl.dataflow.dflow:480 [INFO]  Task 5 submitted for App increment, waiting on tasks []
2018-07-05 16:30:19 parsl.dataflow.dflow:286 [INFO]  Task 5 launched on executor midway_ipp
2018-07-05 16:30:19 parsl.dataflow.dflow:501 [DEBUG]  Task 5 launched with AppFuture: <AppFuture at 0x7f89577307b8 state=pending>
2018-07-05 16:30:19 parsl.dataflow.dflow:480 [INFO]  Task 6 submitted for App increment, waiting on tasks []
2018-07-05 16:30:19 parsl.dataflow.dflow:286 [INFO]  Task 6 launched on executor midway_ipp
2018-07-05 16:30:19 parsl.dataflow.dflow:501 [DEBUG]  Task 6 launched with AppFuture: <AppFuture at 0x7f8957730fd0 state=pending>
2018-07-05 16:30:19 parsl.dataflow.dflow:480 [INFO]  Task 7 submitted for App increment, waiting on tasks []
2018-07-05 16:30:19 parsl.dataflow.dflow:286 [INFO]  Task 7 launched on executor midway_ipp
2018-07-05 16:30:19 parsl.dataflow.dflow:501 [DEBUG]  Task 7 launched with AppFuture: <AppFuture at 0x7f8957739828 state=pending>
2018-07-05 16:30:19 parsl.dataflow.dflow:480 [INFO]  Task 8 submitted for App increment, waiting on tasks []
2018-07-05 16:30:19 parsl.dataflow.dflow:286 [INFO]  Task 8 launched on executor midway_ipp
2018-07-05 16:30:19 parsl.dataflow.dflow:501 [DEBUG]  Task 8 launched with AppFuture: <AppFuture at 0x7f8956cc7080 state=pending>
2018-07-05 16:30:19 parsl.dataflow.dflow:480 [INFO]  Task 9 submitted for App increment, waiting on tasks []
2018-07-05 16:30:19 parsl.dataflow.dflow:286 [INFO]  Task 9 launched on executor midway_ipp
2018-07-05 16:30:19 parsl.dataflow.dflow:501 [DEBUG]  Task 9 launched with AppFuture: <AppFuture at 0x7f8956cc7898 state=pending>
2018-07-05 16:30:19 parsl.dataflow.dflow:480 [INFO]  Task 10 submitted for App increment, waiting on tasks []
2018-07-05 16:30:19 parsl.dataflow.dflow:286 [INFO]  Task 10 launched on executor midway_ipp
2018-07-05 16:30:19 parsl.dataflow.dflow:501 [DEBUG]  Task 10 launched with AppFuture: <AppFuture at 0x7f8956ccf0f0 state=pending>
2018-07-05 16:30:19 parsl.dataflow.dflow:480 [INFO]  Task 11 submitted for App increment, waiting on tasks []
2018-07-05 16:30:19 parsl.dataflow.dflow:286 [INFO]  Task 11 launched on executor midway_ipp
2018-07-05 16:30:19 parsl.dataflow.dflow:501 [DEBUG]  Task 11 launched with AppFuture: <AppFuture at 0x7f8956ccf908 state=pending>
2018-07-05 16:30:19 parsl.dataflow.dflow:480 [INFO]  Task 12 submitted for App increment, waiting on tasks []
2018-07-05 16:30:19 parsl.dataflow.dflow:286 [INFO]  Task 12 launched on executor midway_ipp
2018-07-05 16:30:19 parsl.dataflow.dflow:501 [DEBUG]  Task 12 launched with AppFuture: <AppFuture at 0x7f8956cdb160 state=pending>
2018-07-05 16:30:19 parsl.dataflow.dflow:480 [INFO]  Task 13 submitted for App increment, waiting on tasks []
2018-07-05 16:30:19 parsl.dataflow.dflow:286 [INFO]  Task 13 launched on executor midway_ipp
2018-07-05 16:30:19 parsl.dataflow.dflow:501 [DEBUG]  Task 13 launched with AppFuture: <AppFuture at 0x7f8956cdb978 state=pending>
2018-07-05 16:30:19 parsl.dataflow.dflow:480 [INFO]  Task 14 submitted for App increment, waiting on tasks []
2018-07-05 16:30:19 parsl.dataflow.dflow:286 [INFO]  Task 14 launched on executor midway_ipp
2018-07-05 16:30:19 parsl.dataflow.dflow:501 [DEBUG]  Task 14 launched with AppFuture: <AppFuture at 0x7f8956ce71d0 state=pending>
2018-07-05 16:30:19 parsl.dataflow.dflow:480 [INFO]  Task 15 submitted for App increment, waiting on tasks []
2018-07-05 16:30:19 parsl.dataflow.dflow:286 [INFO]  Task 15 launched on executor midway_ipp
2018-07-05 16:30:19 parsl.dataflow.dflow:501 [DEBUG]  Task 15 launched with AppFuture: <AppFuture at 0x7f8956ce79e8 state=pending>
2018-07-05 16:30:19 parsl.dataflow.dflow:480 [INFO]  Task 16 submitted for App increment, waiting on tasks []
2018-07-05 16:30:19 parsl.dataflow.dflow:286 [INFO]  Task 16 launched on executor midway_ipp
2018-07-05 16:30:19 parsl.dataflow.dflow:501 [DEBUG]  Task 16 launched with AppFuture: <AppFuture at 0x7f8956cf4240 state=pending>
2018-07-05 16:30:19 parsl.dataflow.dflow:480 [INFO]  Task 17 submitted for App increment, waiting on tasks []
2018-07-05 16:30:19 parsl.dataflow.dflow:286 [INFO]  Task 17 launched on executor midway_ipp
2018-07-05 16:30:19 parsl.dataflow.dflow:501 [DEBUG]  Task 17 launched with AppFuture: <AppFuture at 0x7f8956cf4a58 state=pending>
2018-07-05 16:30:19 parsl.dataflow.dflow:480 [INFO]  Task 18 submitted for App increment, waiting on tasks []
2018-07-05 16:30:19 parsl.dataflow.dflow:286 [INFO]  Task 18 launched on executor midway_ipp
2018-07-05 16:30:19 parsl.dataflow.dflow:501 [DEBUG]  Task 18 launched with AppFuture: <AppFuture at 0x7f8956c7f2b0 state=pending>
2018-07-05 16:30:19 parsl.dataflow.dflow:480 [INFO]  Task 19 submitted for App increment, waiting on tasks []
2018-07-05 16:30:19 parsl.dataflow.dflow:286 [INFO]  Task 19 launched on executor midway_ipp
2018-07-05 16:30:19 parsl.dataflow.dflow:501 [DEBUG]  Task 19 launched with AppFuture: <AppFuture at 0x7f8956c7fac8 state=pending>
2018-07-05 16:30:19 parsl.dataflow.dflow:480 [INFO]  Task 20 submitted for App increment, waiting on tasks []
2018-07-05 16:30:19 parsl.dataflow.dflow:286 [INFO]  Task 20 launched on executor midway_ipp
2018-07-05 16:30:19 parsl.dataflow.dflow:501 [DEBUG]  Task 20 launched with AppFuture: <AppFuture at 0x7f8956c89320 state=pending>
2018-07-05 16:30:19 parsl.dataflow.dflow:480 [INFO]  Task 21 submitted for App increment, waiting on tasks []
2018-07-05 16:30:19 parsl.dataflow.dflow:286 [INFO]  Task 21 launched on executor midway_ipp
2018-07-05 16:30:19 parsl.dataflow.dflow:501 [DEBUG]  Task 21 launched with AppFuture: <AppFuture at 0x7f8956c89b38 state=pending>
2018-07-05 16:30:19 parsl.dataflow.dflow:480 [INFO]  Task 22 submitted for App increment, waiting on tasks []
2018-07-05 16:30:19 parsl.dataflow.dflow:286 [INFO]  Task 22 launched on executor midway_ipp
2018-07-05 16:30:19 parsl.dataflow.dflow:501 [DEBUG]  Task 22 launched with AppFuture: <AppFuture at 0x7f8956c96390 state=pending>
2018-07-05 16:30:19 parsl.dataflow.dflow:480 [INFO]  Task 23 submitted for App increment, waiting on tasks []
2018-07-05 16:30:19 parsl.dataflow.dflow:286 [INFO]  Task 23 launched on executor midway_ipp
2018-07-05 16:30:19 parsl.dataflow.dflow:501 [DEBUG]  Task 23 launched with AppFuture: <AppFuture at 0x7f8956c96ba8 state=pending>
2018-07-05 16:30:19 parsl.dataflow.dflow:480 [INFO]  Task 24 submitted for App increment, waiting on tasks []
2018-07-05 16:30:19 parsl.dataflow.dflow:286 [INFO]  Task 24 launched on executor midway_ipp
2018-07-05 16:30:19 parsl.dataflow.dflow:501 [DEBUG]  Task 24 launched with AppFuture: <AppFuture at 0x7f8956c9f400 state=pending>
2018-07-05 16:30:19 parsl.dataflow.dflow:480 [INFO]  Task 25 submitted for App increment, waiting on tasks []
2018-07-05 16:30:19 parsl.dataflow.dflow:286 [INFO]  Task 25 launched on executor midway_ipp
2018-07-05 16:30:19 parsl.dataflow.dflow:501 [DEBUG]  Task 25 launched with AppFuture: <AppFuture at 0x7f8956c9fc18 state=pending>
2018-07-05 16:30:19 parsl.dataflow.dflow:480 [INFO]  Task 26 submitted for App increment, waiting on tasks []
2018-07-05 16:30:19 parsl.dataflow.dflow:286 [INFO]  Task 26 launched on executor midway_ipp
2018-07-05 16:30:19 parsl.dataflow.dflow:501 [DEBUG]  Task 26 launched with AppFuture: <AppFuture at 0x7f8956cad470 state=pending>
2018-07-05 16:30:19 parsl.dataflow.dflow:480 [INFO]  Task 27 submitted for App increment, waiting on tasks []
2018-07-05 16:30:19 parsl.dataflow.dflow:286 [INFO]  Task 27 launched on executor midway_ipp
2018-07-05 16:30:19 parsl.dataflow.dflow:501 [DEBUG]  Task 27 launched with AppFuture: <AppFuture at 0x7f8956cadc88 state=pending>
2018-07-05 16:30:19 parsl.dataflow.dflow:480 [INFO]  Task 28 submitted for App increment, waiting on tasks []
2018-07-05 16:30:19 parsl.dataflow.dflow:286 [INFO]  Task 28 launched on executor midway_ipp
2018-07-05 16:30:19 parsl.dataflow.dflow:501 [DEBUG]  Task 28 launched with AppFuture: <AppFuture at 0x7f8956cb64e0 state=pending>
2018-07-05 16:30:19 parsl.dataflow.dflow:480 [INFO]  Task 29 submitted for App increment, waiting on tasks []
2018-07-05 16:30:19 parsl.dataflow.dflow:286 [INFO]  Task 29 launched on executor midway_ipp
2018-07-05 16:30:19 parsl.dataflow.dflow:501 [DEBUG]  Task 29 launched with AppFuture: <AppFuture at 0x7f8956cb6cf8 state=pending>
2018-07-05 16:30:19 parsl.dataflow.dflow:480 [INFO]  Task 30 submitted for App increment, waiting on tasks []
2018-07-05 16:30:19 parsl.dataflow.dflow:286 [INFO]  Task 30 launched on executor midway_ipp
2018-07-05 16:30:19 parsl.dataflow.dflow:501 [DEBUG]  Task 30 launched with AppFuture: <AppFuture at 0x7f8956c44550 state=pending>
2018-07-05 16:30:19 parsl.dataflow.dflow:480 [INFO]  Task 31 submitted for App increment, waiting on tasks []
2018-07-05 16:30:19 parsl.dataflow.dflow:286 [INFO]  Task 31 launched on executor midway_ipp
2018-07-05 16:30:19 parsl.dataflow.dflow:501 [DEBUG]  Task 31 launched with AppFuture: <AppFuture at 0x7f8956c44d68 state=pending>
2018-07-05 16:30:19 parsl.dataflow.dflow:480 [INFO]  Task 32 submitted for App increment, waiting on tasks []
2018-07-05 16:30:19 parsl.dataflow.dflow:286 [INFO]  Task 32 launched on executor midway_ipp
2018-07-05 16:30:19 parsl.dataflow.dflow:501 [DEBUG]  Task 32 launched with AppFuture: <AppFuture at 0x7f8956c4b5c0 state=pending>
2018-07-05 16:30:19 parsl.dataflow.dflow:480 [INFO]  Task 33 submitted for App increment, waiting on tasks []
2018-07-05 16:30:19 parsl.dataflow.dflow:286 [INFO]  Task 33 launched on executor midway_ipp
2018-07-05 16:30:19 parsl.dataflow.dflow:501 [DEBUG]  Task 33 launched with AppFuture: <AppFuture at 0x7f8956c4bdd8 state=pending>
2018-07-05 16:30:19 parsl.dataflow.dflow:480 [INFO]  Task 34 submitted for App increment, waiting on tasks []
2018-07-05 16:30:19 parsl.dataflow.dflow:286 [INFO]  Task 34 launched on executor midway_ipp
2018-07-05 16:30:19 parsl.dataflow.dflow:501 [DEBUG]  Task 34 launched with AppFuture: <AppFuture at 0x7f8956c5a630 state=pending>
2018-07-05 16:30:19 parsl.dataflow.dflow:480 [INFO]  Task 35 submitted for App increment, waiting on tasks []
2018-07-05 16:30:19 parsl.dataflow.dflow:286 [INFO]  Task 35 launched on executor midway_ipp
2018-07-05 16:30:19 parsl.dataflow.dflow:501 [DEBUG]  Task 35 launched with AppFuture: <AppFuture at 0x7f8956c5ae48 state=pending>
2018-07-05 16:30:19 parsl.dataflow.dflow:480 [INFO]  Task 36 submitted for App increment, waiting on tasks []
2018-07-05 16:30:19 parsl.dataflow.dflow:286 [INFO]  Task 36 launched on executor midway_ipp
2018-07-05 16:30:19 parsl.dataflow.dflow:501 [DEBUG]  Task 36 launched with AppFuture: <AppFuture at 0x7f8956c646a0 state=pending>
2018-07-05 16:30:19 parsl.dataflow.dflow:480 [INFO]  Task 37 submitted for App increment, waiting on tasks []
2018-07-05 16:30:19 parsl.dataflow.dflow:286 [INFO]  Task 37 launched on executor midway_ipp
2018-07-05 16:30:19 parsl.dataflow.dflow:501 [DEBUG]  Task 37 launched with AppFuture: <AppFuture at 0x7f8956c64eb8 state=pending>
2018-07-05 16:30:19 parsl.dataflow.dflow:480 [INFO]  Task 38 submitted for App increment, waiting on tasks []
2018-07-05 16:30:19 parsl.dataflow.dflow:286 [INFO]  Task 38 launched on executor midway_ipp
2018-07-05 16:30:19 parsl.dataflow.dflow:501 [DEBUG]  Task 38 launched with AppFuture: <AppFuture at 0x7f8956c71710 state=pending>
2018-07-05 16:30:19 parsl.dataflow.dflow:480 [INFO]  Task 39 submitted for App increment, waiting on tasks []
2018-07-05 16:30:19 parsl.dataflow.dflow:286 [INFO]  Task 39 launched on executor midway_ipp
2018-07-05 16:30:19 parsl.dataflow.dflow:501 [DEBUG]  Task 39 launched with AppFuture: <AppFuture at 0x7f8956c71f28 state=pending>
2018-07-05 16:30:19 parsl.dataflow.dflow:480 [INFO]  Task 40 submitted for App increment, waiting on tasks []
2018-07-05 16:30:19 parsl.dataflow.dflow:286 [INFO]  Task 40 launched on executor midway_ipp
2018-07-05 16:30:19 parsl.dataflow.dflow:501 [DEBUG]  Task 40 launched with AppFuture: <AppFuture at 0x7f8956c7d780 state=pending>
2018-07-05 16:30:19 parsl.dataflow.dflow:480 [INFO]  Task 41 submitted for App increment, waiting on tasks []
2018-07-05 16:30:19 parsl.dataflow.dflow:286 [INFO]  Task 41 launched on executor midway_ipp
2018-07-05 16:30:19 parsl.dataflow.dflow:501 [DEBUG]  Task 41 launched with AppFuture: <AppFuture at 0x7f8956c7df98 state=pending>
2018-07-05 16:30:19 parsl.dataflow.dflow:480 [INFO]  Task 42 submitted for App increment, waiting on tasks []
2018-07-05 16:30:19 parsl.dataflow.dflow:286 [INFO]  Task 42 launched on executor midway_ipp
2018-07-05 16:30:19 parsl.dataflow.dflow:501 [DEBUG]  Task 42 launched with AppFuture: <AppFuture at 0x7f8956c077f0 state=pending>
2018-07-05 16:30:19 parsl.dataflow.dflow:480 [INFO]  Task 43 submitted for App increment, waiting on tasks []
2018-07-05 16:30:19 parsl.dataflow.dflow:286 [INFO]  Task 43 launched on executor midway_ipp
2018-07-05 16:30:19 parsl.dataflow.dflow:501 [DEBUG]  Task 43 launched with AppFuture: <AppFuture at 0x7f8956c13048 state=pending>
2018-07-05 16:30:19 parsl.dataflow.dflow:480 [INFO]  Task 44 submitted for App increment, waiting on tasks []
2018-07-05 16:30:19 parsl.dataflow.dflow:286 [INFO]  Task 44 launched on executor midway_ipp
2018-07-05 16:30:19 parsl.dataflow.dflow:501 [DEBUG]  Task 44 launched with AppFuture: <AppFuture at 0x7f8956c13860 state=pending>
2018-07-05 16:30:19 parsl.dataflow.dflow:480 [INFO]  Task 45 submitted for App increment, waiting on tasks []
2018-07-05 16:30:19 parsl.dataflow.dflow:286 [INFO]  Task 45 launched on executor midway_ipp
2018-07-05 16:30:19 parsl.dataflow.dflow:501 [DEBUG]  Task 45 launched with AppFuture: <AppFuture at 0x7f8956c1e0b8 state=pending>
2018-07-05 16:30:19 parsl.dataflow.dflow:480 [INFO]  Task 46 submitted for App increment, waiting on tasks []
2018-07-05 16:30:19 parsl.dataflow.dflow:286 [INFO]  Task 46 launched on executor midway_ipp
2018-07-05 16:30:19 parsl.dataflow.dflow:501 [DEBUG]  Task 46 launched with AppFuture: <AppFuture at 0x7f8956c1e8d0 state=pending>
2018-07-05 16:30:19 parsl.dataflow.dflow:480 [INFO]  Task 47 submitted for App increment, waiting on tasks []
2018-07-05 16:30:19 parsl.dataflow.dflow:286 [INFO]  Task 47 launched on executor midway_ipp
2018-07-05 16:30:19 parsl.dataflow.dflow:501 [DEBUG]  Task 47 launched with AppFuture: <AppFuture at 0x7f8956c29128 state=pending>
2018-07-05 16:30:19 parsl.dataflow.dflow:480 [INFO]  Task 48 submitted for App increment, waiting on tasks []
2018-07-05 16:30:19 parsl.dataflow.dflow:286 [INFO]  Task 48 launched on executor midway_ipp
2018-07-05 16:30:19 parsl.dataflow.dflow:501 [DEBUG]  Task 48 launched with AppFuture: <AppFuture at 0x7f8956c29940 state=pending>
2018-07-05 16:30:19 parsl.dataflow.dflow:480 [INFO]  Task 49 submitted for App increment, waiting on tasks []
2018-07-05 16:30:19 parsl.dataflow.dflow:286 [INFO]  Task 49 launched on executor midway_ipp
2018-07-05 16:30:19 parsl.dataflow.dflow:501 [DEBUG]  Task 49 launched with AppFuture: <AppFuture at 0x7f8956c35198 state=pending>
2018-07-05 16:30:19 parsl.dataflow.dflow:480 [INFO]  Task 50 submitted for App increment, waiting on tasks []
2018-07-05 16:30:19 parsl.dataflow.dflow:286 [INFO]  Task 50 launched on executor midway_ipp
2018-07-05 16:30:19 parsl.dataflow.dflow:501 [DEBUG]  Task 50 launched with AppFuture: <AppFuture at 0x7f8956c359b0 state=pending>
2018-07-05 16:30:19 parsl.dataflow.dflow:480 [INFO]  Task 51 submitted for App increment, waiting on tasks []
2018-07-05 16:30:19 parsl.dataflow.dflow:286 [INFO]  Task 51 launched on executor midway_ipp
2018-07-05 16:30:19 parsl.dataflow.dflow:501 [DEBUG]  Task 51 launched with AppFuture: <AppFuture at 0x7f8956bc0208 state=pending>
2018-07-05 16:30:19 parsl.dataflow.dflow:480 [INFO]  Task 52 submitted for App increment, waiting on tasks []
2018-07-05 16:30:19 parsl.dataflow.dflow:286 [INFO]  Task 52 launched on executor midway_ipp
2018-07-05 16:30:19 parsl.dataflow.dflow:501 [DEBUG]  Task 52 launched with AppFuture: <AppFuture at 0x7f8956bc0a20 state=pending>
2018-07-05 16:30:19 parsl.dataflow.dflow:480 [INFO]  Task 53 submitted for App increment, waiting on tasks []
2018-07-05 16:30:19 parsl.dataflow.dflow:286 [INFO]  Task 53 launched on executor midway_ipp
2018-07-05 16:30:19 parsl.dataflow.dflow:501 [DEBUG]  Task 53 launched with AppFuture: <AppFuture at 0x7f8956bcb278 state=pending>
2018-07-05 16:30:19 parsl.dataflow.dflow:480 [INFO]  Task 54 submitted for App increment, waiting on tasks []
2018-07-05 16:30:19 parsl.dataflow.dflow:286 [INFO]  Task 54 launched on executor midway_ipp
2018-07-05 16:30:19 parsl.dataflow.dflow:501 [DEBUG]  Task 54 launched with AppFuture: <AppFuture at 0x7f8956bcba90 state=pending>
2018-07-05 16:30:19 parsl.dataflow.dflow:480 [INFO]  Task 55 submitted for App increment, waiting on tasks []
2018-07-05 16:30:19 parsl.dataflow.dflow:286 [INFO]  Task 55 launched on executor midway_ipp
2018-07-05 16:30:19 parsl.dataflow.dflow:501 [DEBUG]  Task 55 launched with AppFuture: <AppFuture at 0x7f8956bd62e8 state=pending>
2018-07-05 16:30:19 parsl.dataflow.dflow:480 [INFO]  Task 56 submitted for App increment, waiting on tasks []
2018-07-05 16:30:19 parsl.dataflow.dflow:286 [INFO]  Task 56 launched on executor midway_ipp
2018-07-05 16:30:19 parsl.dataflow.dflow:501 [DEBUG]  Task 56 launched with AppFuture: <AppFuture at 0x7f8956bd6b00 state=pending>
2018-07-05 16:30:19 parsl.dataflow.dflow:480 [INFO]  Task 57 submitted for App increment, waiting on tasks []
2018-07-05 16:30:19 parsl.dataflow.dflow:286 [INFO]  Task 57 launched on executor midway_ipp
2018-07-05 16:30:19 parsl.dataflow.dflow:501 [DEBUG]  Task 57 launched with AppFuture: <AppFuture at 0x7f8956be2358 state=pending>
2018-07-05 16:30:19 parsl.dataflow.dflow:480 [INFO]  Task 58 submitted for App increment, waiting on tasks []
2018-07-05 16:30:19 parsl.dataflow.dflow:286 [INFO]  Task 58 launched on executor midway_ipp
2018-07-05 16:30:19 parsl.dataflow.dflow:501 [DEBUG]  Task 58 launched with AppFuture: <AppFuture at 0x7f8956be2b70 state=pending>
2018-07-05 16:30:19 parsl.dataflow.dflow:480 [INFO]  Task 59 submitted for App increment, waiting on tasks []
2018-07-05 16:30:19 parsl.dataflow.dflow:286 [INFO]  Task 59 launched on executor midway_ipp
2018-07-05 16:30:19 parsl.dataflow.dflow:501 [DEBUG]  Task 59 launched with AppFuture: <AppFuture at 0x7f8956bee3c8 state=pending>
2018-07-05 16:30:19 parsl.dataflow.dflow:480 [INFO]  Task 60 submitted for App increment, waiting on tasks []
2018-07-05 16:30:19 parsl.dataflow.dflow:286 [INFO]  Task 60 launched on executor midway_ipp
2018-07-05 16:30:19 parsl.dataflow.dflow:501 [DEBUG]  Task 60 launched with AppFuture: <AppFuture at 0x7f8956beebe0 state=pending>
2018-07-05 16:30:19 parsl.dataflow.dflow:480 [INFO]  Task 61 submitted for App increment, waiting on tasks []
2018-07-05 16:30:19 parsl.dataflow.dflow:286 [INFO]  Task 61 launched on executor midway_ipp
2018-07-05 16:30:19 parsl.dataflow.dflow:501 [DEBUG]  Task 61 launched with AppFuture: <AppFuture at 0x7f8956bf9438 state=pending>
2018-07-05 16:30:19 parsl.dataflow.dflow:480 [INFO]  Task 62 submitted for App increment, waiting on tasks []
2018-07-05 16:30:19 parsl.dataflow.dflow:286 [INFO]  Task 62 launched on executor midway_ipp
2018-07-05 16:30:19 parsl.dataflow.dflow:501 [DEBUG]  Task 62 launched with AppFuture: <AppFuture at 0x7f8956bf9c50 state=pending>
2018-07-05 16:30:19 parsl.dataflow.dflow:480 [INFO]  Task 63 submitted for App increment, waiting on tasks []
2018-07-05 16:30:19 parsl.dataflow.dflow:286 [INFO]  Task 63 launched on executor midway_ipp
2018-07-05 16:30:19 parsl.dataflow.dflow:501 [DEBUG]  Task 63 launched with AppFuture: <AppFuture at 0x7f8956b854a8 state=pending>
2018-07-05 16:30:19 parsl.dataflow.dflow:480 [INFO]  Task 64 submitted for App increment, waiting on tasks []
2018-07-05 16:30:19 parsl.dataflow.dflow:286 [INFO]  Task 64 launched on executor midway_ipp
2018-07-05 16:30:19 parsl.dataflow.dflow:501 [DEBUG]  Task 64 launched with AppFuture: <AppFuture at 0x7f8956b85cc0 state=pending>
2018-07-05 16:30:19 parsl.dataflow.dflow:480 [INFO]  Task 65 submitted for App increment, waiting on tasks []
2018-07-05 16:30:19 parsl.dataflow.dflow:286 [INFO]  Task 65 launched on executor midway_ipp
2018-07-05 16:30:19 parsl.dataflow.dflow:501 [DEBUG]  Task 65 launched with AppFuture: <AppFuture at 0x7f8956b90518 state=pending>
2018-07-05 16:30:19 parsl.dataflow.dflow:480 [INFO]  Task 66 submitted for App increment, waiting on tasks []
2018-07-05 16:30:19 parsl.dataflow.dflow:286 [INFO]  Task 66 launched on executor midway_ipp
2018-07-05 16:30:19 parsl.dataflow.dflow:501 [DEBUG]  Task 66 launched with AppFuture: <AppFuture at 0x7f8956b90d30 state=pending>
2018-07-05 16:30:19 parsl.dataflow.dflow:480 [INFO]  Task 67 submitted for App increment, waiting on tasks []
2018-07-05 16:30:19 parsl.dataflow.dflow:286 [INFO]  Task 67 launched on executor midway_ipp
2018-07-05 16:30:19 parsl.dataflow.dflow:501 [DEBUG]  Task 67 launched with AppFuture: <AppFuture at 0x7f8956b9c588 state=pending>
2018-07-05 16:30:19 parsl.dataflow.dflow:480 [INFO]  Task 68 submitted for App increment, waiting on tasks []
2018-07-05 16:30:19 parsl.dataflow.dflow:286 [INFO]  Task 68 launched on executor midway_ipp
2018-07-05 16:30:19 parsl.dataflow.dflow:501 [DEBUG]  Task 68 launched with AppFuture: <AppFuture at 0x7f8956b9cda0 state=pending>
2018-07-05 16:30:19 parsl.dataflow.dflow:480 [INFO]  Task 69 submitted for App increment, waiting on tasks []
2018-07-05 16:30:19 parsl.dataflow.dflow:286 [INFO]  Task 69 launched on executor midway_ipp
2018-07-05 16:30:19 parsl.dataflow.dflow:501 [DEBUG]  Task 69 launched with AppFuture: <AppFuture at 0x7f8956ba75f8 state=pending>
2018-07-05 16:30:19 parsl.dataflow.dflow:480 [INFO]  Task 70 submitted for App increment, waiting on tasks []
2018-07-05 16:30:19 parsl.dataflow.dflow:286 [INFO]  Task 70 launched on executor midway_ipp
2018-07-05 16:30:19 parsl.dataflow.dflow:501 [DEBUG]  Task 70 launched with AppFuture: <AppFuture at 0x7f8956ba7e10 state=pending>
2018-07-05 16:30:19 parsl.dataflow.dflow:480 [INFO]  Task 71 submitted for App increment, waiting on tasks []
2018-07-05 16:30:19 parsl.dataflow.dflow:286 [INFO]  Task 71 launched on executor midway_ipp
2018-07-05 16:30:19 parsl.dataflow.dflow:501 [DEBUG]  Task 71 launched with AppFuture: <AppFuture at 0x7f8956bb3668 state=pending>
2018-07-05 16:30:19 parsl.dataflow.dflow:480 [INFO]  Task 72 submitted for App increment, waiting on tasks []
2018-07-05 16:30:19 parsl.dataflow.dflow:286 [INFO]  Task 72 launched on executor midway_ipp
2018-07-05 16:30:19 parsl.dataflow.dflow:501 [DEBUG]  Task 72 launched with AppFuture: <AppFuture at 0x7f8956bb3e80 state=pending>
2018-07-05 16:30:19 parsl.dataflow.dflow:480 [INFO]  Task 73 submitted for App increment, waiting on tasks []
2018-07-05 16:30:19 parsl.dataflow.dflow:286 [INFO]  Task 73 launched on executor midway_ipp
2018-07-05 16:30:19 parsl.dataflow.dflow:501 [DEBUG]  Task 73 launched with AppFuture: <AppFuture at 0x7f8956b406d8 state=pending>
2018-07-05 16:30:19 parsl.dataflow.dflow:480 [INFO]  Task 74 submitted for App increment, waiting on tasks []
2018-07-05 16:30:19 parsl.dataflow.dflow:286 [INFO]  Task 74 launched on executor midway_ipp
2018-07-05 16:30:19 parsl.dataflow.dflow:501 [DEBUG]  Task 74 launched with AppFuture: <AppFuture at 0x7f8956b40ef0 state=pending>
2018-07-05 16:30:19 parsl.dataflow.dflow:480 [INFO]  Task 75 submitted for App increment, waiting on tasks []
2018-07-05 16:30:19 parsl.dataflow.dflow:286 [INFO]  Task 75 launched on executor midway_ipp
2018-07-05 16:30:19 parsl.dataflow.dflow:501 [DEBUG]  Task 75 launched with AppFuture: <AppFuture at 0x7f8956b49748 state=pending>
2018-07-05 16:30:19 parsl.dataflow.dflow:480 [INFO]  Task 76 submitted for App increment, waiting on tasks []
2018-07-05 16:30:19 parsl.dataflow.dflow:286 [INFO]  Task 76 launched on executor midway_ipp
2018-07-05 16:30:19 parsl.dataflow.dflow:501 [DEBUG]  Task 76 launched with AppFuture: <AppFuture at 0x7f8956b49f60 state=pending>
2018-07-05 16:30:19 parsl.dataflow.dflow:480 [INFO]  Task 77 submitted for App increment, waiting on tasks []
2018-07-05 16:30:19 parsl.dataflow.dflow:286 [INFO]  Task 77 launched on executor midway_ipp
2018-07-05 16:30:19 parsl.dataflow.dflow:501 [DEBUG]  Task 77 launched with AppFuture: <AppFuture at 0x7f8956b567b8 state=pending>
2018-07-05 16:30:19 parsl.dataflow.dflow:480 [INFO]  Task 78 submitted for App increment, waiting on tasks []
2018-07-05 16:30:19 parsl.dataflow.dflow:286 [INFO]  Task 78 launched on executor midway_ipp
2018-07-05 16:30:19 parsl.dataflow.dflow:501 [DEBUG]  Task 78 launched with AppFuture: <AppFuture at 0x7f8956b56fd0 state=pending>
2018-07-05 16:30:19 parsl.dataflow.dflow:480 [INFO]  Task 79 submitted for App increment, waiting on tasks []
2018-07-05 16:30:19 parsl.dataflow.dflow:286 [INFO]  Task 79 launched on executor midway_ipp
2018-07-05 16:30:19 parsl.dataflow.dflow:501 [DEBUG]  Task 79 launched with AppFuture: <AppFuture at 0x7f8956b5e828 state=pending>
2018-07-05 16:30:19 parsl.dataflow.dflow:480 [INFO]  Task 80 submitted for App increment, waiting on tasks []
2018-07-05 16:30:19 parsl.dataflow.dflow:286 [INFO]  Task 80 launched on executor midway_ipp
2018-07-05 16:30:19 parsl.dataflow.dflow:501 [DEBUG]  Task 80 launched with AppFuture: <AppFuture at 0x7f8956b6c080 state=pending>
2018-07-05 16:30:19 parsl.dataflow.dflow:480 [INFO]  Task 81 submitted for App increment, waiting on tasks []
2018-07-05 16:30:19 parsl.dataflow.dflow:286 [INFO]  Task 81 launched on executor midway_ipp
2018-07-05 16:30:19 parsl.dataflow.dflow:501 [DEBUG]  Task 81 launched with AppFuture: <AppFuture at 0x7f8956b6c898 state=pending>
2018-07-05 16:30:19 parsl.dataflow.dflow:480 [INFO]  Task 82 submitted for App increment, waiting on tasks []
2018-07-05 16:30:19 parsl.dataflow.dflow:286 [INFO]  Task 82 launched on executor midway_ipp
2018-07-05 16:30:19 parsl.dataflow.dflow:501 [DEBUG]  Task 82 launched with AppFuture: <AppFuture at 0x7f8956b760f0 state=pending>
2018-07-05 16:30:19 parsl.dataflow.dflow:480 [INFO]  Task 83 submitted for App increment, waiting on tasks []
2018-07-05 16:30:19 parsl.dataflow.dflow:286 [INFO]  Task 83 launched on executor midway_ipp
2018-07-05 16:30:19 parsl.dataflow.dflow:501 [DEBUG]  Task 83 launched with AppFuture: <AppFuture at 0x7f8956b76908 state=pending>
2018-07-05 16:30:19 parsl.dataflow.dflow:480 [INFO]  Task 84 submitted for App increment, waiting on tasks []
2018-07-05 16:30:19 parsl.dataflow.dflow:286 [INFO]  Task 84 launched on executor midway_ipp
2018-07-05 16:30:19 parsl.dataflow.dflow:501 [DEBUG]  Task 84 launched with AppFuture: <AppFuture at 0x7f8956b01160 state=pending>
2018-07-05 16:30:19 parsl.dataflow.dflow:480 [INFO]  Task 85 submitted for App increment, waiting on tasks []
2018-07-05 16:30:19 parsl.dataflow.dflow:286 [INFO]  Task 85 launched on executor midway_ipp
2018-07-05 16:30:19 parsl.dataflow.dflow:501 [DEBUG]  Task 85 launched with AppFuture: <AppFuture at 0x7f8956b01978 state=pending>
2018-07-05 16:30:19 parsl.dataflow.dflow:480 [INFO]  Task 86 submitted for App increment, waiting on tasks []
2018-07-05 16:30:19 parsl.dataflow.dflow:286 [INFO]  Task 86 launched on executor midway_ipp
2018-07-05 16:30:19 parsl.dataflow.dflow:501 [DEBUG]  Task 86 launched with AppFuture: <AppFuture at 0x7f8956b0e1d0 state=pending>
2018-07-05 16:30:19 parsl.dataflow.dflow:480 [INFO]  Task 87 submitted for App increment, waiting on tasks []
2018-07-05 16:30:19 parsl.dataflow.dflow:286 [INFO]  Task 87 launched on executor midway_ipp
2018-07-05 16:30:19 parsl.dataflow.dflow:501 [DEBUG]  Task 87 launched with AppFuture: <AppFuture at 0x7f8956b0e9e8 state=pending>
2018-07-05 16:30:19 parsl.dataflow.dflow:480 [INFO]  Task 88 submitted for App increment, waiting on tasks []
2018-07-05 16:30:19 parsl.dataflow.dflow:286 [INFO]  Task 88 launched on executor midway_ipp
2018-07-05 16:30:19 parsl.dataflow.dflow:501 [DEBUG]  Task 88 launched with AppFuture: <AppFuture at 0x7f8956b1a240 state=pending>
2018-07-05 16:30:19 parsl.dataflow.dflow:480 [INFO]  Task 89 submitted for App increment, waiting on tasks []
2018-07-05 16:30:19 parsl.dataflow.dflow:286 [INFO]  Task 89 launched on executor midway_ipp
2018-07-05 16:30:19 parsl.dataflow.dflow:501 [DEBUG]  Task 89 launched with AppFuture: <AppFuture at 0x7f8956b1aa58 state=pending>
2018-07-05 16:30:19 parsl.dataflow.dflow:480 [INFO]  Task 90 submitted for App increment, waiting on tasks []
2018-07-05 16:30:19 parsl.dataflow.dflow:286 [INFO]  Task 90 launched on executor midway_ipp
2018-07-05 16:30:19 parsl.dataflow.dflow:501 [DEBUG]  Task 90 launched with AppFuture: <AppFuture at 0x7f8956b252b0 state=pending>
2018-07-05 16:30:19 parsl.dataflow.dflow:480 [INFO]  Task 91 submitted for App increment, waiting on tasks []
2018-07-05 16:30:19 parsl.dataflow.dflow:286 [INFO]  Task 91 launched on executor midway_ipp
2018-07-05 16:30:19 parsl.dataflow.dflow:501 [DEBUG]  Task 91 launched with AppFuture: <AppFuture at 0x7f8956b25ac8 state=pending>
2018-07-05 16:30:19 parsl.dataflow.dflow:480 [INFO]  Task 92 submitted for App increment, waiting on tasks []
2018-07-05 16:30:19 parsl.dataflow.dflow:286 [INFO]  Task 92 launched on executor midway_ipp
2018-07-05 16:30:19 parsl.dataflow.dflow:501 [DEBUG]  Task 92 launched with AppFuture: <AppFuture at 0x7f8956b32320 state=pending>
2018-07-05 16:30:19 parsl.dataflow.dflow:480 [INFO]  Task 93 submitted for App increment, waiting on tasks []
2018-07-05 16:30:19 parsl.dataflow.dflow:286 [INFO]  Task 93 launched on executor midway_ipp
2018-07-05 16:30:19 parsl.dataflow.dflow:501 [DEBUG]  Task 93 launched with AppFuture: <AppFuture at 0x7f8956b32b38 state=pending>
2018-07-05 16:30:19 parsl.dataflow.dflow:480 [INFO]  Task 94 submitted for App increment, waiting on tasks []
2018-07-05 16:30:19 parsl.dataflow.dflow:286 [INFO]  Task 94 launched on executor midway_ipp
2018-07-05 16:30:19 parsl.dataflow.dflow:501 [DEBUG]  Task 94 launched with AppFuture: <AppFuture at 0x7f8956b3c390 state=pending>
2018-07-05 16:30:19 parsl.dataflow.dflow:480 [INFO]  Task 95 submitted for App increment, waiting on tasks []
2018-07-05 16:30:19 parsl.dataflow.dflow:286 [INFO]  Task 95 launched on executor midway_ipp
2018-07-05 16:30:19 parsl.dataflow.dflow:501 [DEBUG]  Task 95 launched with AppFuture: <AppFuture at 0x7f8956b3cba8 state=pending>
2018-07-05 16:30:19 parsl.dataflow.dflow:480 [INFO]  Task 96 submitted for App increment, waiting on tasks []
2018-07-05 16:30:19 parsl.dataflow.dflow:286 [INFO]  Task 96 launched on executor midway_ipp
2018-07-05 16:30:19 parsl.dataflow.dflow:501 [DEBUG]  Task 96 launched with AppFuture: <AppFuture at 0x7f8956ac6400 state=pending>
2018-07-05 16:30:19 parsl.dataflow.dflow:480 [INFO]  Task 97 submitted for App increment, waiting on tasks []
2018-07-05 16:30:19 parsl.dataflow.dflow:286 [INFO]  Task 97 launched on executor midway_ipp
2018-07-05 16:30:19 parsl.dataflow.dflow:501 [DEBUG]  Task 97 launched with AppFuture: <AppFuture at 0x7f8956ac6c18 state=pending>
2018-07-05 16:30:19 parsl.dataflow.dflow:480 [INFO]  Task 98 submitted for App increment, waiting on tasks []
2018-07-05 16:30:19 parsl.dataflow.dflow:286 [INFO]  Task 98 launched on executor midway_ipp
2018-07-05 16:30:19 parsl.dataflow.dflow:501 [DEBUG]  Task 98 launched with AppFuture: <AppFuture at 0x7f8956ad1470 state=pending>
2018-07-05 16:30:19 parsl.dataflow.dflow:480 [INFO]  Task 99 submitted for App increment, waiting on tasks []
2018-07-05 16:30:19 parsl.dataflow.dflow:286 [INFO]  Task 99 launched on executor midway_ipp
2018-07-05 16:30:19 parsl.dataflow.dflow:501 [DEBUG]  Task 99 launched with AppFuture: <AppFuture at 0x7f8956ad1c88 state=pending>
2018-07-05 16:30:19 parsl.dataflow.dflow:480 [INFO]  Task 100 submitted for App increment, waiting on tasks []
2018-07-05 16:30:19 parsl.dataflow.dflow:286 [INFO]  Task 100 launched on executor midway_ipp
2018-07-05 16:30:19 parsl.dataflow.dflow:501 [DEBUG]  Task 100 launched with AppFuture: <AppFuture at 0x7f8956add4e0 state=pending>
2018-07-05 16:30:19 parsl.dataflow.dflow:480 [INFO]  Task 101 submitted for App increment, waiting on tasks []
2018-07-05 16:30:19 parsl.dataflow.dflow:286 [INFO]  Task 101 launched on executor midway_ipp
2018-07-05 16:30:19 parsl.dataflow.dflow:501 [DEBUG]  Task 101 launched with AppFuture: <AppFuture at 0x7f8956addcf8 state=pending>
2018-07-05 16:30:19 parsl.dataflow.dflow:480 [INFO]  Task 102 submitted for App increment, waiting on tasks []
2018-07-05 16:30:19 parsl.dataflow.dflow:286 [INFO]  Task 102 launched on executor midway_ipp
2018-07-05 16:30:19 parsl.dataflow.dflow:501 [DEBUG]  Task 102 launched with AppFuture: <AppFuture at 0x7f8956aea550 state=pending>
2018-07-05 16:30:19 parsl.dataflow.dflow:480 [INFO]  Task 103 submitted for App increment, waiting on tasks []
2018-07-05 16:30:19 parsl.dataflow.dflow:286 [INFO]  Task 103 launched on executor midway_ipp
2018-07-05 16:30:19 parsl.dataflow.dflow:501 [DEBUG]  Task 103 launched with AppFuture: <AppFuture at 0x7f8956aead68 state=pending>
2018-07-05 16:30:19 parsl.dataflow.dflow:480 [INFO]  Task 104 submitted for App increment, waiting on tasks []
2018-07-05 16:30:19 parsl.dataflow.dflow:286 [INFO]  Task 104 launched on executor midway_ipp
2018-07-05 16:30:19 parsl.dataflow.dflow:501 [DEBUG]  Task 104 launched with AppFuture: <AppFuture at 0x7f8956af55c0 state=pending>
2018-07-05 16:30:19 parsl.dataflow.dflow:480 [INFO]  Task 105 submitted for App increment, waiting on tasks []
2018-07-05 16:30:19 parsl.dataflow.dflow:286 [INFO]  Task 105 launched on executor midway_ipp
2018-07-05 16:30:19 parsl.dataflow.dflow:501 [DEBUG]  Task 105 launched with AppFuture: <AppFuture at 0x7f8956af5dd8 state=pending>
2018-07-05 16:30:19 parsl.dataflow.dflow:480 [INFO]  Task 106 submitted for App increment, waiting on tasks []
2018-07-05 16:30:19 parsl.dataflow.dflow:286 [INFO]  Task 106 launched on executor midway_ipp
2018-07-05 16:30:19 parsl.dataflow.dflow:501 [DEBUG]  Task 106 launched with AppFuture: <AppFuture at 0x7f8956a7f630 state=pending>
2018-07-05 16:30:19 parsl.dataflow.dflow:480 [INFO]  Task 107 submitted for App increment, waiting on tasks []
2018-07-05 16:30:19 parsl.dataflow.dflow:286 [INFO]  Task 107 launched on executor midway_ipp
2018-07-05 16:30:19 parsl.dataflow.dflow:501 [DEBUG]  Task 107 launched with AppFuture: <AppFuture at 0x7f8956a7fe48 state=pending>
2018-07-05 16:30:19 parsl.dataflow.dflow:480 [INFO]  Task 108 submitted for App increment, waiting on tasks []
2018-07-05 16:30:19 parsl.dataflow.dflow:286 [INFO]  Task 108 launched on executor midway_ipp
2018-07-05 16:30:19 parsl.dataflow.dflow:501 [DEBUG]  Task 108 launched with AppFuture: <AppFuture at 0x7f8956a8e6a0 state=pending>
2018-07-05 16:30:19 parsl.dataflow.dflow:480 [INFO]  Task 109 submitted for App increment, waiting on tasks []
2018-07-05 16:30:19 parsl.dataflow.dflow:286 [INFO]  Task 109 launched on executor midway_ipp
2018-07-05 16:30:19 parsl.dataflow.dflow:501 [DEBUG]  Task 109 launched with AppFuture: <AppFuture at 0x7f8956a8eeb8 state=pending>
2018-07-05 16:30:19 parsl.dataflow.dflow:480 [INFO]  Task 110 submitted for App increment, waiting on tasks []
2018-07-05 16:30:19 parsl.dataflow.dflow:286 [INFO]  Task 110 launched on executor midway_ipp
2018-07-05 16:30:19 parsl.dataflow.dflow:501 [DEBUG]  Task 110 launched with AppFuture: <AppFuture at 0x7f8956a9a710 state=pending>
2018-07-05 16:30:19 parsl.dataflow.dflow:480 [INFO]  Task 111 submitted for App increment, waiting on tasks []
2018-07-05 16:30:19 parsl.dataflow.dflow:286 [INFO]  Task 111 launched on executor midway_ipp
2018-07-05 16:30:19 parsl.dataflow.dflow:501 [DEBUG]  Task 111 launched with AppFuture: <AppFuture at 0x7f8956a9af28 state=pending>
2018-07-05 16:30:19 parsl.dataflow.dflow:480 [INFO]  Task 112 submitted for App increment, waiting on tasks []
2018-07-05 16:30:19 parsl.dataflow.dflow:286 [INFO]  Task 112 launched on executor midway_ipp
2018-07-05 16:30:19 parsl.dataflow.dflow:501 [DEBUG]  Task 112 launched with AppFuture: <AppFuture at 0x7f8956aa4780 state=pending>
2018-07-05 16:30:19 parsl.dataflow.dflow:480 [INFO]  Task 113 submitted for App increment, waiting on tasks []
2018-07-05 16:30:19 parsl.dataflow.dflow:286 [INFO]  Task 113 launched on executor midway_ipp
2018-07-05 16:30:19 parsl.dataflow.dflow:501 [DEBUG]  Task 113 launched with AppFuture: <AppFuture at 0x7f8956aa4f98 state=pending>
2018-07-05 16:30:19 parsl.dataflow.dflow:480 [INFO]  Task 114 submitted for App increment, waiting on tasks []
2018-07-05 16:30:19 parsl.dataflow.dflow:286 [INFO]  Task 114 launched on executor midway_ipp
2018-07-05 16:30:19 parsl.dataflow.dflow:501 [DEBUG]  Task 114 launched with AppFuture: <AppFuture at 0x7f8956aaf7f0 state=pending>
2018-07-05 16:30:19 parsl.dataflow.dflow:480 [INFO]  Task 115 submitted for App increment, waiting on tasks []
2018-07-05 16:30:19 parsl.dataflow.dflow:286 [INFO]  Task 115 launched on executor midway_ipp
2018-07-05 16:30:19 parsl.dataflow.dflow:501 [DEBUG]  Task 115 launched with AppFuture: <AppFuture at 0x7f8956abc048 state=pending>
2018-07-05 16:30:19 parsl.dataflow.dflow:480 [INFO]  Task 116 submitted for App increment, waiting on tasks []
2018-07-05 16:30:19 parsl.dataflow.dflow:286 [INFO]  Task 116 launched on executor midway_ipp
2018-07-05 16:30:19 parsl.dataflow.dflow:501 [DEBUG]  Task 116 launched with AppFuture: <AppFuture at 0x7f8956abc860 state=pending>
2018-07-05 16:30:19 parsl.dataflow.dflow:480 [INFO]  Task 117 submitted for App increment, waiting on tasks []
2018-07-05 16:30:19 parsl.dataflow.dflow:286 [INFO]  Task 117 launched on executor midway_ipp
2018-07-05 16:30:19 parsl.dataflow.dflow:501 [DEBUG]  Task 117 launched with AppFuture: <AppFuture at 0x7f8956a460b8 state=pending>
2018-07-05 16:30:19 parsl.dataflow.dflow:480 [INFO]  Task 118 submitted for App increment, waiting on tasks []
2018-07-05 16:30:19 parsl.dataflow.dflow:286 [INFO]  Task 118 launched on executor midway_ipp
2018-07-05 16:30:19 parsl.dataflow.dflow:501 [DEBUG]  Task 118 launched with AppFuture: <AppFuture at 0x7f8956a468d0 state=pending>
2018-07-05 16:30:19 parsl.dataflow.dflow:480 [INFO]  Task 119 submitted for App increment, waiting on tasks []
2018-07-05 16:30:19 parsl.dataflow.dflow:286 [INFO]  Task 119 launched on executor midway_ipp
2018-07-05 16:30:19 parsl.dataflow.dflow:501 [DEBUG]  Task 119 launched with AppFuture: <AppFuture at 0x7f8956a51128 state=pending>
2018-07-05 16:30:19 parsl.dataflow.dflow:480 [INFO]  Task 120 submitted for App increment, waiting on tasks []
2018-07-05 16:30:19 parsl.dataflow.dflow:286 [INFO]  Task 120 launched on executor midway_ipp
2018-07-05 16:30:19 parsl.dataflow.dflow:501 [DEBUG]  Task 120 launched with AppFuture: <AppFuture at 0x7f8956a51940 state=pending>
2018-07-05 16:30:19 parsl.dataflow.dflow:480 [INFO]  Task 121 submitted for App increment, waiting on tasks []
2018-07-05 16:30:19 parsl.dataflow.dflow:286 [INFO]  Task 121 launched on executor midway_ipp
2018-07-05 16:30:19 parsl.dataflow.dflow:501 [DEBUG]  Task 121 launched with AppFuture: <AppFuture at 0x7f8956a5d198 state=pending>
2018-07-05 16:30:19 parsl.dataflow.dflow:480 [INFO]  Task 122 submitted for App increment, waiting on tasks []
2018-07-05 16:30:19 parsl.dataflow.dflow:286 [INFO]  Task 122 launched on executor midway_ipp
2018-07-05 16:30:19 parsl.dataflow.dflow:501 [DEBUG]  Task 122 launched with AppFuture: <AppFuture at 0x7f8956a5d9b0 state=pending>
2018-07-05 16:30:19 parsl.dataflow.dflow:480 [INFO]  Task 123 submitted for App increment, waiting on tasks []
2018-07-05 16:30:19 parsl.dataflow.dflow:286 [INFO]  Task 123 launched on executor midway_ipp
2018-07-05 16:30:19 parsl.dataflow.dflow:501 [DEBUG]  Task 123 launched with AppFuture: <AppFuture at 0x7f8956a69208 state=pending>
2018-07-05 16:30:19 parsl.dataflow.dflow:480 [INFO]  Task 124 submitted for App increment, waiting on tasks []
2018-07-05 16:30:19 parsl.dataflow.dflow:286 [INFO]  Task 124 launched on executor midway_ipp
2018-07-05 16:30:19 parsl.dataflow.dflow:501 [DEBUG]  Task 124 launched with AppFuture: <AppFuture at 0x7f8956a69a20 state=pending>
2018-07-05 16:30:19 parsl.dataflow.dflow:480 [INFO]  Task 125 submitted for App increment, waiting on tasks []
2018-07-05 16:30:19 parsl.dataflow.dflow:286 [INFO]  Task 125 launched on executor midway_ipp
2018-07-05 16:30:19 parsl.dataflow.dflow:501 [DEBUG]  Task 125 launched with AppFuture: <AppFuture at 0x7f8956a73278 state=pending>
2018-07-05 16:30:19 parsl.dataflow.dflow:480 [INFO]  Task 126 submitted for App increment, waiting on tasks []
2018-07-05 16:30:19 parsl.dataflow.dflow:286 [INFO]  Task 126 launched on executor midway_ipp
2018-07-05 16:30:19 parsl.dataflow.dflow:501 [DEBUG]  Task 126 launched with AppFuture: <AppFuture at 0x7f8956a73a90 state=pending>
2018-07-05 16:30:19 parsl.dataflow.dflow:480 [INFO]  Task 127 submitted for App increment, waiting on tasks []
2018-07-05 16:30:19 parsl.dataflow.dflow:286 [INFO]  Task 127 launched on executor midway_ipp
2018-07-05 16:30:19 parsl.dataflow.dflow:501 [DEBUG]  Task 127 launched with AppFuture: <AppFuture at 0x7f89569ff2e8 state=pending>
2018-07-05 16:30:19 parsl.dataflow.dflow:480 [INFO]  Task 128 submitted for App increment, waiting on tasks []
2018-07-05 16:30:19 parsl.dataflow.dflow:286 [INFO]  Task 128 launched on executor midway_ipp
2018-07-05 16:30:19 parsl.dataflow.dflow:501 [DEBUG]  Task 128 launched with AppFuture: <AppFuture at 0x7f89569ffb00 state=pending>
2018-07-05 16:30:19 parsl.dataflow.dflow:480 [INFO]  Task 129 submitted for App increment, waiting on tasks []
2018-07-05 16:30:19 parsl.dataflow.dflow:286 [INFO]  Task 129 launched on executor midway_ipp
2018-07-05 16:30:19 parsl.dataflow.dflow:501 [DEBUG]  Task 129 launched with AppFuture: <AppFuture at 0x7f8956a0b358 state=pending>
2018-07-05 16:30:19 parsl.dataflow.dflow:480 [INFO]  Task 130 submitted for App increment, waiting on tasks []
2018-07-05 16:30:19 parsl.dataflow.dflow:286 [INFO]  Task 130 launched on executor midway_ipp
2018-07-05 16:30:19 parsl.dataflow.dflow:501 [DEBUG]  Task 130 launched with AppFuture: <AppFuture at 0x7f8956a0bb70 state=pending>
2018-07-05 16:30:19 parsl.dataflow.dflow:480 [INFO]  Task 131 submitted for App increment, waiting on tasks []
2018-07-05 16:30:19 parsl.dataflow.dflow:286 [INFO]  Task 131 launched on executor midway_ipp
2018-07-05 16:30:19 parsl.dataflow.dflow:501 [DEBUG]  Task 131 launched with AppFuture: <AppFuture at 0x7f8956a183c8 state=pending>
2018-07-05 16:30:19 parsl.dataflow.dflow:480 [INFO]  Task 132 submitted for App increment, waiting on tasks []
2018-07-05 16:30:19 parsl.dataflow.dflow:286 [INFO]  Task 132 launched on executor midway_ipp
2018-07-05 16:30:19 parsl.dataflow.dflow:501 [DEBUG]  Task 132 launched with AppFuture: <AppFuture at 0x7f8956a18be0 state=pending>
2018-07-05 16:30:19 parsl.dataflow.dflow:480 [INFO]  Task 133 submitted for App increment, waiting on tasks []
2018-07-05 16:30:19 parsl.dataflow.dflow:286 [INFO]  Task 133 launched on executor midway_ipp
2018-07-05 16:30:19 parsl.dataflow.dflow:501 [DEBUG]  Task 133 launched with AppFuture: <AppFuture at 0x7f8956a22438 state=pending>
2018-07-05 16:30:19 parsl.dataflow.dflow:480 [INFO]  Task 134 submitted for App increment, waiting on tasks []
2018-07-05 16:30:19 parsl.dataflow.dflow:286 [INFO]  Task 134 launched on executor midway_ipp
2018-07-05 16:30:19 parsl.dataflow.dflow:501 [DEBUG]  Task 134 launched with AppFuture: <AppFuture at 0x7f8956a22c50 state=pending>
2018-07-05 16:30:19 parsl.dataflow.dflow:480 [INFO]  Task 135 submitted for App increment, waiting on tasks []
2018-07-05 16:30:19 parsl.dataflow.dflow:286 [INFO]  Task 135 launched on executor midway_ipp
2018-07-05 16:30:19 parsl.dataflow.dflow:501 [DEBUG]  Task 135 launched with AppFuture: <AppFuture at 0x7f8956a2e4a8 state=pending>
2018-07-05 16:30:19 parsl.dataflow.dflow:480 [INFO]  Task 136 submitted for App increment, waiting on tasks []
2018-07-05 16:30:19 parsl.dataflow.dflow:286 [INFO]  Task 136 launched on executor midway_ipp
2018-07-05 16:30:19 parsl.dataflow.dflow:501 [DEBUG]  Task 136 launched with AppFuture: <AppFuture at 0x7f8956a2ecc0 state=pending>
2018-07-05 16:30:19 parsl.dataflow.dflow:480 [INFO]  Task 137 submitted for App increment, waiting on tasks []
2018-07-05 16:30:19 parsl.dataflow.dflow:286 [INFO]  Task 137 launched on executor midway_ipp
2018-07-05 16:30:19 parsl.dataflow.dflow:501 [DEBUG]  Task 137 launched with AppFuture: <AppFuture at 0x7f8956a39518 state=pending>
2018-07-05 16:30:19 parsl.dataflow.dflow:480 [INFO]  Task 138 submitted for App increment, waiting on tasks []
2018-07-05 16:30:19 parsl.dataflow.dflow:286 [INFO]  Task 138 launched on executor midway_ipp
2018-07-05 16:30:19 parsl.dataflow.dflow:501 [DEBUG]  Task 138 launched with AppFuture: <AppFuture at 0x7f8956a39d30 state=pending>
2018-07-05 16:30:19 parsl.dataflow.dflow:480 [INFO]  Task 139 submitted for App increment, waiting on tasks []
2018-07-05 16:30:19 parsl.dataflow.dflow:286 [INFO]  Task 139 launched on executor midway_ipp
2018-07-05 16:30:19 parsl.dataflow.dflow:501 [DEBUG]  Task 139 launched with AppFuture: <AppFuture at 0x7f89569c3588 state=pending>
2018-07-05 16:30:19 parsl.dataflow.dflow:480 [INFO]  Task 140 submitted for App increment, waiting on tasks []
2018-07-05 16:30:19 parsl.dataflow.dflow:286 [INFO]  Task 140 launched on executor midway_ipp
2018-07-05 16:30:19 parsl.dataflow.dflow:501 [DEBUG]  Task 140 launched with AppFuture: <AppFuture at 0x7f89569c3da0 state=pending>
2018-07-05 16:30:19 parsl.dataflow.dflow:480 [INFO]  Task 141 submitted for App increment, waiting on tasks []
2018-07-05 16:30:19 parsl.dataflow.dflow:286 [INFO]  Task 141 launched on executor midway_ipp
2018-07-05 16:30:19 parsl.dataflow.dflow:501 [DEBUG]  Task 141 launched with AppFuture: <AppFuture at 0x7f89569cf5f8 state=pending>
2018-07-05 16:30:19 parsl.dataflow.dflow:480 [INFO]  Task 142 submitted for App increment, waiting on tasks []
2018-07-05 16:30:19 parsl.dataflow.dflow:286 [INFO]  Task 142 launched on executor midway_ipp
2018-07-05 16:30:19 parsl.dataflow.dflow:501 [DEBUG]  Task 142 launched with AppFuture: <AppFuture at 0x7f89569cfe10 state=pending>
2018-07-05 16:30:19 parsl.dataflow.dflow:480 [INFO]  Task 143 submitted for App increment, waiting on tasks []
2018-07-05 16:30:19 parsl.dataflow.dflow:286 [INFO]  Task 143 launched on executor midway_ipp
2018-07-05 16:30:19 parsl.dataflow.dflow:501 [DEBUG]  Task 143 launched with AppFuture: <AppFuture at 0x7f89569db668 state=pending>
2018-07-05 16:30:19 parsl.dataflow.dflow:480 [INFO]  Task 144 submitted for App increment, waiting on tasks []
2018-07-05 16:30:19 parsl.dataflow.dflow:286 [INFO]  Task 144 launched on executor midway_ipp
2018-07-05 16:30:19 parsl.dataflow.dflow:501 [DEBUG]  Task 144 launched with AppFuture: <AppFuture at 0x7f89569dbe80 state=pending>
2018-07-05 16:30:19 parsl.dataflow.dflow:480 [INFO]  Task 145 submitted for App increment, waiting on tasks []
2018-07-05 16:30:19 parsl.dataflow.dflow:286 [INFO]  Task 145 launched on executor midway_ipp
2018-07-05 16:30:19 parsl.dataflow.dflow:501 [DEBUG]  Task 145 launched with AppFuture: <AppFuture at 0x7f89569e76d8 state=pending>
2018-07-05 16:30:19 parsl.dataflow.dflow:480 [INFO]  Task 146 submitted for App increment, waiting on tasks []
2018-07-05 16:30:19 parsl.dataflow.dflow:286 [INFO]  Task 146 launched on executor midway_ipp
2018-07-05 16:30:19 parsl.dataflow.dflow:501 [DEBUG]  Task 146 launched with AppFuture: <AppFuture at 0x7f89569e7ef0 state=pending>
2018-07-05 16:30:19 parsl.dataflow.dflow:480 [INFO]  Task 147 submitted for App increment, waiting on tasks []
2018-07-05 16:30:19 parsl.dataflow.dflow:286 [INFO]  Task 147 launched on executor midway_ipp
2018-07-05 16:30:19 parsl.dataflow.dflow:501 [DEBUG]  Task 147 launched with AppFuture: <AppFuture at 0x7f89569f3748 state=pending>
2018-07-05 16:30:19 parsl.dataflow.dflow:480 [INFO]  Task 148 submitted for App increment, waiting on tasks []
2018-07-05 16:30:19 parsl.dataflow.dflow:286 [INFO]  Task 148 launched on executor midway_ipp
2018-07-05 16:30:19 parsl.dataflow.dflow:501 [DEBUG]  Task 148 launched with AppFuture: <AppFuture at 0x7f89569f3f60 state=pending>
2018-07-05 16:30:19 parsl.dataflow.dflow:480 [INFO]  Task 149 submitted for App increment, waiting on tasks []
2018-07-05 16:30:19 parsl.dataflow.dflow:286 [INFO]  Task 149 launched on executor midway_ipp
2018-07-05 16:30:19 parsl.dataflow.dflow:501 [DEBUG]  Task 149 launched with AppFuture: <AppFuture at 0x7f89569fc7b8 state=pending>
2018-07-05 16:30:19 parsl.dataflow.dflow:480 [INFO]  Task 150 submitted for App increment, waiting on tasks []
2018-07-05 16:30:19 parsl.dataflow.dflow:286 [INFO]  Task 150 launched on executor midway_ipp
2018-07-05 16:30:19 parsl.dataflow.dflow:501 [DEBUG]  Task 150 launched with AppFuture: <AppFuture at 0x7f89569fcfd0 state=pending>
2018-07-05 16:30:19 parsl.dataflow.dflow:480 [INFO]  Task 151 submitted for App increment, waiting on tasks []
2018-07-05 16:30:19 parsl.dataflow.dflow:286 [INFO]  Task 151 launched on executor midway_ipp
2018-07-05 16:30:19 parsl.dataflow.dflow:501 [DEBUG]  Task 151 launched with AppFuture: <AppFuture at 0x7f8956988828 state=pending>
2018-07-05 16:30:19 parsl.dataflow.dflow:480 [INFO]  Task 152 submitted for App increment, waiting on tasks []
2018-07-05 16:30:19 parsl.dataflow.dflow:286 [INFO]  Task 152 launched on executor midway_ipp
2018-07-05 16:30:19 parsl.dataflow.dflow:501 [DEBUG]  Task 152 launched with AppFuture: <AppFuture at 0x7f8956993080 state=pending>
2018-07-05 16:30:19 parsl.dataflow.dflow:480 [INFO]  Task 153 submitted for App increment, waiting on tasks []
2018-07-05 16:30:19 parsl.dataflow.dflow:286 [INFO]  Task 153 launched on executor midway_ipp
2018-07-05 16:30:19 parsl.dataflow.dflow:501 [DEBUG]  Task 153 launched with AppFuture: <AppFuture at 0x7f8956993898 state=pending>
2018-07-05 16:30:19 parsl.dataflow.dflow:480 [INFO]  Task 154 submitted for App increment, waiting on tasks []
2018-07-05 16:30:19 parsl.dataflow.dflow:286 [INFO]  Task 154 launched on executor midway_ipp
2018-07-05 16:30:19 parsl.dataflow.dflow:501 [DEBUG]  Task 154 launched with AppFuture: <AppFuture at 0x7f89569a00f0 state=pending>
2018-07-05 16:30:19 parsl.dataflow.dflow:480 [INFO]  Task 155 submitted for App increment, waiting on tasks []
2018-07-05 16:30:19 parsl.dataflow.dflow:286 [INFO]  Task 155 launched on executor midway_ipp
2018-07-05 16:30:19 parsl.dataflow.dflow:501 [DEBUG]  Task 155 launched with AppFuture: <AppFuture at 0x7f89569a0908 state=pending>
2018-07-05 16:30:19 parsl.dataflow.dflow:480 [INFO]  Task 156 submitted for App increment, waiting on tasks []
2018-07-05 16:30:19 parsl.dataflow.dflow:286 [INFO]  Task 156 launched on executor midway_ipp
2018-07-05 16:30:19 parsl.dataflow.dflow:501 [DEBUG]  Task 156 launched with AppFuture: <AppFuture at 0x7f89569ab160 state=pending>
2018-07-05 16:30:19 parsl.dataflow.dflow:480 [INFO]  Task 157 submitted for App increment, waiting on tasks []
2018-07-05 16:30:19 parsl.dataflow.dflow:286 [INFO]  Task 157 launched on executor midway_ipp
2018-07-05 16:30:19 parsl.dataflow.dflow:501 [DEBUG]  Task 157 launched with AppFuture: <AppFuture at 0x7f89569ab978 state=pending>
2018-07-05 16:30:19 parsl.dataflow.dflow:480 [INFO]  Task 158 submitted for App increment, waiting on tasks []
2018-07-05 16:30:19 parsl.dataflow.dflow:286 [INFO]  Task 158 launched on executor midway_ipp
2018-07-05 16:30:19 parsl.dataflow.dflow:501 [DEBUG]  Task 158 launched with AppFuture: <AppFuture at 0x7f89569b81d0 state=pending>
2018-07-05 16:30:19 parsl.dataflow.dflow:480 [INFO]  Task 159 submitted for App increment, waiting on tasks []
2018-07-05 16:30:19 parsl.dataflow.dflow:286 [INFO]  Task 159 launched on executor midway_ipp
2018-07-05 16:30:19 parsl.dataflow.dflow:501 [DEBUG]  Task 159 launched with AppFuture: <AppFuture at 0x7f89569b89e8 state=pending>
2018-07-05 16:30:19 parsl.dataflow.dflow:480 [INFO]  Task 160 submitted for App increment, waiting on tasks []
2018-07-05 16:30:19 parsl.dataflow.dflow:286 [INFO]  Task 160 launched on executor midway_ipp
2018-07-05 16:30:19 parsl.dataflow.dflow:501 [DEBUG]  Task 160 launched with AppFuture: <AppFuture at 0x7f8956942240 state=pending>
2018-07-05 16:30:19 parsl.dataflow.dflow:480 [INFO]  Task 161 submitted for App increment, waiting on tasks []
2018-07-05 16:30:19 parsl.dataflow.dflow:286 [INFO]  Task 161 launched on executor midway_ipp
2018-07-05 16:30:19 parsl.dataflow.dflow:501 [DEBUG]  Task 161 launched with AppFuture: <AppFuture at 0x7f8956942a58 state=pending>
2018-07-05 16:30:19 parsl.dataflow.dflow:480 [INFO]  Task 162 submitted for App increment, waiting on tasks []
2018-07-05 16:30:19 parsl.dataflow.dflow:286 [INFO]  Task 162 launched on executor midway_ipp
2018-07-05 16:30:19 parsl.dataflow.dflow:501 [DEBUG]  Task 162 launched with AppFuture: <AppFuture at 0x7f895694d2b0 state=pending>
2018-07-05 16:30:19 parsl.dataflow.dflow:480 [INFO]  Task 163 submitted for App increment, waiting on tasks []
2018-07-05 16:30:19 parsl.dataflow.dflow:286 [INFO]  Task 163 launched on executor midway_ipp
2018-07-05 16:30:19 parsl.dataflow.dflow:501 [DEBUG]  Task 163 launched with AppFuture: <AppFuture at 0x7f895694dac8 state=pending>
2018-07-05 16:30:19 parsl.dataflow.dflow:480 [INFO]  Task 164 submitted for App increment, waiting on tasks []
2018-07-05 16:30:19 parsl.dataflow.dflow:286 [INFO]  Task 164 launched on executor midway_ipp
2018-07-05 16:30:19 parsl.dataflow.dflow:501 [DEBUG]  Task 164 launched with AppFuture: <AppFuture at 0x7f8956959320 state=pending>
2018-07-05 16:30:19 parsl.dataflow.dflow:480 [INFO]  Task 165 submitted for App increment, waiting on tasks []
2018-07-05 16:30:19 parsl.dataflow.dflow:286 [INFO]  Task 165 launched on executor midway_ipp
2018-07-05 16:30:19 parsl.dataflow.dflow:501 [DEBUG]  Task 165 launched with AppFuture: <AppFuture at 0x7f8956959b38 state=pending>
2018-07-05 16:30:19 parsl.dataflow.dflow:480 [INFO]  Task 166 submitted for App increment, waiting on tasks []
2018-07-05 16:30:19 parsl.dataflow.dflow:286 [INFO]  Task 166 launched on executor midway_ipp
2018-07-05 16:30:19 parsl.dataflow.dflow:501 [DEBUG]  Task 166 launched with AppFuture: <AppFuture at 0x7f8956966390 state=pending>
2018-07-05 16:30:19 parsl.dataflow.dflow:480 [INFO]  Task 167 submitted for App increment, waiting on tasks []
2018-07-05 16:30:19 parsl.dataflow.dflow:286 [INFO]  Task 167 launched on executor midway_ipp
2018-07-05 16:30:19 parsl.dataflow.dflow:501 [DEBUG]  Task 167 launched with AppFuture: <AppFuture at 0x7f8956966ba8 state=pending>
2018-07-05 16:30:19 parsl.dataflow.dflow:480 [INFO]  Task 168 submitted for App increment, waiting on tasks []
2018-07-05 16:30:19 parsl.dataflow.dflow:286 [INFO]  Task 168 launched on executor midway_ipp
2018-07-05 16:30:19 parsl.dataflow.dflow:501 [DEBUG]  Task 168 launched with AppFuture: <AppFuture at 0x7f895696f400 state=pending>
2018-07-05 16:30:19 parsl.dataflow.dflow:480 [INFO]  Task 169 submitted for App increment, waiting on tasks []
2018-07-05 16:30:19 parsl.dataflow.dflow:286 [INFO]  Task 169 launched on executor midway_ipp
2018-07-05 16:30:19 parsl.dataflow.dflow:501 [DEBUG]  Task 169 launched with AppFuture: <AppFuture at 0x7f895696fc18 state=pending>
2018-07-05 16:30:19 parsl.dataflow.dflow:480 [INFO]  Task 170 submitted for App increment, waiting on tasks []
2018-07-05 16:30:19 parsl.dataflow.dflow:286 [INFO]  Task 170 launched on executor midway_ipp
2018-07-05 16:30:19 parsl.dataflow.dflow:501 [DEBUG]  Task 170 launched with AppFuture: <AppFuture at 0x7f895697b470 state=pending>
2018-07-05 16:30:19 parsl.dataflow.dflow:480 [INFO]  Task 171 submitted for App increment, waiting on tasks []
2018-07-05 16:30:19 parsl.dataflow.dflow:286 [INFO]  Task 171 launched on executor midway_ipp
2018-07-05 16:30:19 parsl.dataflow.dflow:501 [DEBUG]  Task 171 launched with AppFuture: <AppFuture at 0x7f895697bc88 state=pending>
2018-07-05 16:30:19 parsl.dataflow.dflow:480 [INFO]  Task 172 submitted for App increment, waiting on tasks []
2018-07-05 16:30:19 parsl.dataflow.dflow:286 [INFO]  Task 172 launched on executor midway_ipp
2018-07-05 16:30:19 parsl.dataflow.dflow:501 [DEBUG]  Task 172 launched with AppFuture: <AppFuture at 0x7f89569054e0 state=pending>
2018-07-05 16:30:19 parsl.dataflow.dflow:480 [INFO]  Task 173 submitted for App increment, waiting on tasks []
2018-07-05 16:30:19 parsl.dataflow.dflow:286 [INFO]  Task 173 launched on executor midway_ipp
2018-07-05 16:30:19 parsl.dataflow.dflow:501 [DEBUG]  Task 173 launched with AppFuture: <AppFuture at 0x7f8956905cf8 state=pending>
2018-07-05 16:30:20 parsl.dataflow.dflow:480 [INFO]  Task 174 submitted for App increment, waiting on tasks []
2018-07-05 16:30:20 parsl.dataflow.dflow:286 [INFO]  Task 174 launched on executor midway_ipp
2018-07-05 16:30:20 parsl.dataflow.dflow:501 [DEBUG]  Task 174 launched with AppFuture: <AppFuture at 0x7f8956911550 state=pending>
2018-07-05 16:30:20 parsl.dataflow.dflow:480 [INFO]  Task 175 submitted for App increment, waiting on tasks []
2018-07-05 16:30:20 parsl.dataflow.dflow:286 [INFO]  Task 175 launched on executor midway_ipp
2018-07-05 16:30:20 parsl.dataflow.dflow:501 [DEBUG]  Task 175 launched with AppFuture: <AppFuture at 0x7f8956911d68 state=pending>
2018-07-05 16:30:20 parsl.dataflow.dflow:480 [INFO]  Task 176 submitted for App increment, waiting on tasks []
2018-07-05 16:30:20 parsl.dataflow.dflow:286 [INFO]  Task 176 launched on executor midway_ipp
2018-07-05 16:30:20 parsl.dataflow.dflow:501 [DEBUG]  Task 176 launched with AppFuture: <AppFuture at 0x7f895691b5c0 state=pending>
2018-07-05 16:30:20 parsl.dataflow.dflow:480 [INFO]  Task 177 submitted for App increment, waiting on tasks []
2018-07-05 16:30:20 parsl.dataflow.dflow:286 [INFO]  Task 177 launched on executor midway_ipp
2018-07-05 16:30:20 parsl.dataflow.dflow:501 [DEBUG]  Task 177 launched with AppFuture: <AppFuture at 0x7f895691bdd8 state=pending>
2018-07-05 16:30:20 parsl.dataflow.dflow:480 [INFO]  Task 178 submitted for App increment, waiting on tasks []
2018-07-05 16:30:20 parsl.dataflow.dflow:286 [INFO]  Task 178 launched on executor midway_ipp
2018-07-05 16:30:20 parsl.dataflow.dflow:501 [DEBUG]  Task 178 launched with AppFuture: <AppFuture at 0x7f8956929630 state=pending>
2018-07-05 16:30:20 parsl.dataflow.dflow:480 [INFO]  Task 179 submitted for App increment, waiting on tasks []
2018-07-05 16:30:20 parsl.dataflow.dflow:286 [INFO]  Task 179 launched on executor midway_ipp
2018-07-05 16:30:20 parsl.dataflow.dflow:501 [DEBUG]  Task 179 launched with AppFuture: <AppFuture at 0x7f8956929e48 state=pending>
2018-07-05 16:30:20 parsl.dataflow.dflow:480 [INFO]  Task 180 submitted for App increment, waiting on tasks []
2018-07-05 16:30:20 parsl.dataflow.dflow:286 [INFO]  Task 180 launched on executor midway_ipp
2018-07-05 16:30:20 parsl.dataflow.dflow:501 [DEBUG]  Task 180 launched with AppFuture: <AppFuture at 0x7f89569356a0 state=pending>
2018-07-05 16:30:20 parsl.dataflow.dflow:480 [INFO]  Task 181 submitted for App increment, waiting on tasks []
2018-07-05 16:30:20 parsl.dataflow.dflow:286 [INFO]  Task 181 launched on executor midway_ipp
2018-07-05 16:30:20 parsl.dataflow.dflow:501 [DEBUG]  Task 181 launched with AppFuture: <AppFuture at 0x7f8956935eb8 state=pending>
2018-07-05 16:30:20 parsl.dataflow.dflow:480 [INFO]  Task 182 submitted for App increment, waiting on tasks []
2018-07-05 16:30:20 parsl.dataflow.dflow:286 [INFO]  Task 182 launched on executor midway_ipp
2018-07-05 16:30:20 parsl.dataflow.dflow:501 [DEBUG]  Task 182 launched with AppFuture: <AppFuture at 0x7f89568c0710 state=pending>
2018-07-05 16:30:20 parsl.dataflow.dflow:480 [INFO]  Task 183 submitted for App increment, waiting on tasks []
2018-07-05 16:30:20 parsl.dataflow.dflow:286 [INFO]  Task 183 launched on executor midway_ipp
2018-07-05 16:30:20 parsl.dataflow.dflow:501 [DEBUG]  Task 183 launched with AppFuture: <AppFuture at 0x7f89568c0f28 state=pending>
2018-07-05 16:30:20 parsl.dataflow.dflow:480 [INFO]  Task 184 submitted for App increment, waiting on tasks []
2018-07-05 16:30:20 parsl.dataflow.dflow:286 [INFO]  Task 184 launched on executor midway_ipp
2018-07-05 16:30:20 parsl.dataflow.dflow:501 [DEBUG]  Task 184 launched with AppFuture: <AppFuture at 0x7f89568cc780 state=pending>
2018-07-05 16:30:20 parsl.dataflow.dflow:480 [INFO]  Task 185 submitted for App increment, waiting on tasks []
2018-07-05 16:30:20 parsl.dataflow.dflow:286 [INFO]  Task 185 launched on executor midway_ipp
2018-07-05 16:30:20 parsl.dataflow.dflow:501 [DEBUG]  Task 185 launched with AppFuture: <AppFuture at 0x7f89568ccf98 state=pending>
2018-07-05 16:30:20 parsl.dataflow.dflow:480 [INFO]  Task 186 submitted for App increment, waiting on tasks []
2018-07-05 16:30:20 parsl.dataflow.dflow:286 [INFO]  Task 186 launched on executor midway_ipp
2018-07-05 16:30:20 parsl.dataflow.dflow:501 [DEBUG]  Task 186 launched with AppFuture: <AppFuture at 0x7f89568d47f0 state=pending>
2018-07-05 16:30:20 parsl.dataflow.dflow:480 [INFO]  Task 187 submitted for App increment, waiting on tasks []
2018-07-05 16:30:20 parsl.dataflow.dflow:286 [INFO]  Task 187 launched on executor midway_ipp
2018-07-05 16:30:20 parsl.dataflow.dflow:501 [DEBUG]  Task 187 launched with AppFuture: <AppFuture at 0x7f89568e2048 state=pending>
2018-07-05 16:30:20 parsl.dataflow.dflow:480 [INFO]  Task 188 submitted for App increment, waiting on tasks []
2018-07-05 16:30:20 parsl.dataflow.dflow:286 [INFO]  Task 188 launched on executor midway_ipp
2018-07-05 16:30:20 parsl.dataflow.dflow:501 [DEBUG]  Task 188 launched with AppFuture: <AppFuture at 0x7f89568e2860 state=pending>
2018-07-05 16:30:20 parsl.dataflow.dflow:480 [INFO]  Task 189 submitted for App increment, waiting on tasks []
2018-07-05 16:30:20 parsl.dataflow.dflow:286 [INFO]  Task 189 launched on executor midway_ipp
2018-07-05 16:30:20 parsl.dataflow.dflow:501 [DEBUG]  Task 189 launched with AppFuture: <AppFuture at 0x7f89568ef0b8 state=pending>
2018-07-05 16:30:20 parsl.dataflow.dflow:480 [INFO]  Task 190 submitted for App increment, waiting on tasks []
2018-07-05 16:30:20 parsl.dataflow.dflow:286 [INFO]  Task 190 launched on executor midway_ipp
2018-07-05 16:30:20 parsl.dataflow.dflow:501 [DEBUG]  Task 190 launched with AppFuture: <AppFuture at 0x7f89568ef8d0 state=pending>
2018-07-05 16:30:20 parsl.dataflow.dflow:480 [INFO]  Task 191 submitted for App increment, waiting on tasks []
2018-07-05 16:30:20 parsl.dataflow.dflow:286 [INFO]  Task 191 launched on executor midway_ipp
2018-07-05 16:30:20 parsl.dataflow.dflow:501 [DEBUG]  Task 191 launched with AppFuture: <AppFuture at 0x7f89568f9128 state=pending>
2018-07-05 16:30:20 parsl.dataflow.dflow:480 [INFO]  Task 192 submitted for App increment, waiting on tasks []
2018-07-05 16:30:20 parsl.dataflow.dflow:286 [INFO]  Task 192 launched on executor midway_ipp
2018-07-05 16:30:20 parsl.dataflow.dflow:501 [DEBUG]  Task 192 launched with AppFuture: <AppFuture at 0x7f89568f9940 state=pending>
2018-07-05 16:30:20 parsl.dataflow.dflow:480 [INFO]  Task 193 submitted for App increment, waiting on tasks []
2018-07-05 16:30:20 parsl.dataflow.dflow:286 [INFO]  Task 193 launched on executor midway_ipp
2018-07-05 16:30:21 parsl.dataflow.strategy:175 [DEBUG]  Tasks:194 Slots:2 Parallelism:0.5
