2018-07-23 10:57:16.775 [IPControllerApp] Created profile dir: '/scratch/midway2/madduru/parsl/parsl/tests/integration/test_stress/runinfo/1291/profile_midway_ipp'
2018-07-23 10:57:16.792 [IPControllerApp] Hub listening on tcp://*:57677 for registration.
2018-07-23 10:57:16.794 [IPControllerApp] Hub using DB backend: 'DictDB'
2018-07-23 10:57:17.056 [IPControllerApp] hub::created hub
2018-07-23 10:57:17.057 [IPControllerApp] writing connection info to /scratch/midway2/madduru/parsl/parsl/tests/integration/test_stress/runinfo/1291/profile_midway_ipp/security/ipcontroller-client.json
2018-07-23 10:57:17.057 [IPControllerApp] writing connection info to /scratch/midway2/madduru/parsl/parsl/tests/integration/test_stress/runinfo/1291/profile_midway_ipp/security/ipcontroller-engine.json
2018-07-23 10:57:17.058 [IPControllerApp] task::using Python leastload Task scheduler
2018-07-23 10:57:17.058 [IPControllerApp] Heartmonitor started
2018-07-23 10:57:17.067 [IPControllerApp] Creating pid file: /scratch/midway2/madduru/parsl/parsl/tests/integration/test_stress/runinfo/1291/profile_midway_ipp/pid/ipcontroller.pid
2018-07-23 10:57:17.075 [scheduler] Scheduler started [leastload]
2018-07-23 10:57:17.077 [IPControllerApp] client::client b'\x00k\x8bEg' requested 'connection_request'
2018-07-23 10:57:17.077 [IPControllerApp] client::client [b'\x00k\x8bEg'] connected
2018-07-23 10:57:18.267 [IPControllerApp] client::client b'\x00k\x8bEh' requested 'connection_request'
2018-07-23 10:57:18.267 [IPControllerApp] client::client [b'\x00k\x8bEh'] connected
2018-07-23 10:57:32.967 [IPControllerApp] client::client b'3a22a6be-89b569eedcf4786302580c3d' requested 'registration_request'
2018-07-23 10:57:32.968 [IPControllerApp] client::client b'62d9f82a-dd6f00ad6fda17223992cc58' requested 'registration_request'
2018-07-23 10:57:32.973 [IPControllerApp] client::client b'596cba0e-fad4d5a4f891ac3c568d528c' requested 'registration_request'
2018-07-23 10:57:32.980 [IPControllerApp] client::client b'296b02c2-933703004e368d03942dd907' requested 'registration_request'
2018-07-23 10:57:32.983 [IPControllerApp] client::client b'c591388f-e461fffa8a3982070323ba8a' requested 'registration_request'
2018-07-23 10:57:32.984 [IPControllerApp] client::client b'b4a6c561-d251c2460ef0018335c471c6' requested 'registration_request'
2018-07-23 10:57:32.985 [IPControllerApp] client::client b'bc1d4f76-abd1c87f4f202e7cc9b6207b' requested 'registration_request'
2018-07-23 10:57:32.991 [IPControllerApp] client::client b'6a8a8697-d166a52ea2d7ca489207c553' requested 'registration_request'
2018-07-23 10:57:33.005 [IPControllerApp] client::client b'd5aaf287-afcf1045cc3998f7ac61584b' requested 'registration_request'
2018-07-23 10:57:33.013 [IPControllerApp] client::client b'a36a7532-0b27cbe76cf111fa5434e00a' requested 'registration_request'
2018-07-23 10:57:33.032 [IPControllerApp] client::client b'a080c908-f21b2fc63f59f79ffa52f051' requested 'registration_request'
2018-07-23 10:57:33.041 [IPControllerApp] client::client b'd2c0934e-cef38549c0ea8e9a74c7f2df' requested 'registration_request'
2018-07-23 10:57:33.066 [IPControllerApp] client::client b'09ce16f6-81c6f735a7543c1e0b51e617' requested 'registration_request'
2018-07-23 10:57:33.148 [IPControllerApp] client::client b'd1414ecb-d7b0c02cd7323b5baa160846' requested 'registration_request'
2018-07-23 10:57:33.160 [IPControllerApp] client::client b'79fb1ede-3c769b06f1fc4a83279eed1c' requested 'registration_request'
2018-07-23 10:57:33.376 [IPControllerApp] client::client b'1de5f1fe-e9fee8918bff9e992920399b' requested 'registration_request'
2018-07-23 10:57:38.061 [IPControllerApp] registration::finished registering engine 2:596cba0e-fad4d5a4f891ac3c568d528c
2018-07-23 10:57:38.062 [IPControllerApp] engine::Engine Connected: 2
2018-07-23 10:57:38.063 [IPControllerApp] registration::finished registering engine 9:a36a7532-0b27cbe76cf111fa5434e00a
2018-07-23 10:57:38.063 [IPControllerApp] engine::Engine Connected: 9
2018-07-23 10:57:38.067 [IPControllerApp] registration::finished registering engine 1:62d9f82a-dd6f00ad6fda17223992cc58
2018-07-23 10:57:38.067 [IPControllerApp] engine::Engine Connected: 1
2018-07-23 10:57:38.067 [IPControllerApp] registration::finished registering engine 15:1de5f1fe-e9fee8918bff9e992920399b
2018-07-23 10:57:38.067 [IPControllerApp] engine::Engine Connected: 15
2018-07-23 10:57:38.068 [IPControllerApp] registration::finished registering engine 0:3a22a6be-89b569eedcf4786302580c3d
2018-07-23 10:57:38.068 [IPControllerApp] engine::Engine Connected: 0
2018-07-23 10:57:38.068 [IPControllerApp] registration::finished registering engine 8:d5aaf287-afcf1045cc3998f7ac61584b
2018-07-23 10:57:38.069 [IPControllerApp] engine::Engine Connected: 8
2018-07-23 10:57:38.069 [IPControllerApp] registration::finished registering engine 3:296b02c2-933703004e368d03942dd907
2018-07-23 10:57:38.069 [IPControllerApp] engine::Engine Connected: 3
2018-07-23 10:57:38.070 [IPControllerApp] registration::finished registering engine 14:79fb1ede-3c769b06f1fc4a83279eed1c
2018-07-23 10:57:38.070 [IPControllerApp] engine::Engine Connected: 14
2018-07-23 10:57:38.070 [IPControllerApp] registration::finished registering engine 11:d2c0934e-cef38549c0ea8e9a74c7f2df
2018-07-23 10:57:38.070 [IPControllerApp] engine::Engine Connected: 11
2018-07-23 10:57:38.071 [IPControllerApp] registration::finished registering engine 13:d1414ecb-d7b0c02cd7323b5baa160846
2018-07-23 10:57:38.071 [IPControllerApp] engine::Engine Connected: 13
2018-07-23 10:57:38.071 [IPControllerApp] registration::finished registering engine 10:a080c908-f21b2fc63f59f79ffa52f051
2018-07-23 10:57:38.071 [IPControllerApp] engine::Engine Connected: 10
2018-07-23 10:57:38.072 [IPControllerApp] registration::finished registering engine 7:6a8a8697-d166a52ea2d7ca489207c553
2018-07-23 10:57:38.072 [IPControllerApp] engine::Engine Connected: 7
2018-07-23 10:57:38.072 [IPControllerApp] registration::finished registering engine 5:b4a6c561-d251c2460ef0018335c471c6
2018-07-23 10:57:38.073 [IPControllerApp] engine::Engine Connected: 5
2018-07-23 10:57:38.073 [IPControllerApp] registration::finished registering engine 6:bc1d4f76-abd1c87f4f202e7cc9b6207b
2018-07-23 10:57:38.073 [IPControllerApp] engine::Engine Connected: 6
2018-07-23 10:57:38.073 [IPControllerApp] registration::finished registering engine 12:09ce16f6-81c6f735a7543c1e0b51e617
2018-07-23 10:57:38.074 [IPControllerApp] engine::Engine Connected: 12
2018-07-23 10:57:38.074 [IPControllerApp] registration::finished registering engine 4:c591388f-e461fffa8a3982070323ba8a
2018-07-23 10:57:38.074 [IPControllerApp] engine::Engine Connected: 4
2018-07-23 10:59:25.617 [IPControllerApp] CRITICAL | Received signal 15, shutting down
2018-07-23 10:59:25.617 [IPControllerApp] CRITICAL | terminating children...
