2018-06-28 14:44:13.903 [IPControllerApp] Created profile dir: '/scratch/midway2/madduru/parsl/parsl/tests/integration/test_stress/runinfo/053/profile_midway_ipp'
2018-06-28 14:44:13.919 [IPControllerApp] Hub listening on tcp://*:39348 for registration.
2018-06-28 14:44:13.921 [IPControllerApp] Hub using DB backend: 'DictDB'
2018-06-28 14:44:14.180 [IPControllerApp] hub::created hub
2018-06-28 14:44:14.181 [IPControllerApp] writing connection info to /scratch/midway2/madduru/parsl/parsl/tests/integration/test_stress/runinfo/053/profile_midway_ipp/security/ipcontroller-client.json
2018-06-28 14:44:14.182 [IPControllerApp] writing connection info to /scratch/midway2/madduru/parsl/parsl/tests/integration/test_stress/runinfo/053/profile_midway_ipp/security/ipcontroller-engine.json
2018-06-28 14:44:14.182 [IPControllerApp] task::using Python leastload Task scheduler
2018-06-28 14:44:14.183 [IPControllerApp] Heartmonitor started
2018-06-28 14:44:14.190 [IPControllerApp] Creating pid file: /scratch/midway2/madduru/parsl/parsl/tests/integration/test_stress/runinfo/053/profile_midway_ipp/pid/ipcontroller.pid
2018-06-28 14:44:14.200 [scheduler] Scheduler started [leastload]
2018-06-28 14:44:14.202 [IPControllerApp] client::client b'\x00k\x8bEg' requested 'connection_request'
2018-06-28 14:44:14.202 [IPControllerApp] client::client [b'\x00k\x8bEg'] connected
2018-06-28 14:44:14.366 [IPControllerApp] client::client b'\x00k\x8bEh' requested 'connection_request'
2018-06-28 14:44:14.366 [IPControllerApp] client::client [b'\x00k\x8bEh'] connected
2018-06-28 18:17:10.419 [IPControllerApp] client::client b'718dfcd2-8e6c3420aa568a9971a52f3f' requested 'registration_request'
2018-06-28 18:17:10.421 [IPControllerApp] client::client b'a89dc510-3540e35bde3bb4f6226df530' requested 'registration_request'
2018-06-28 18:17:10.422 [IPControllerApp] client::client b'e9f4b364-be30e94c92e6b7f177451275' requested 'registration_request'
2018-06-28 18:17:10.423 [IPControllerApp] client::client b'1b2cd217-4ba4bac64f0b3e4bc29d358d' requested 'registration_request'
2018-06-28 18:17:12.781 [IPControllerApp] client::client b'6ebeec3a-5be003cafabeb8e0c07db603' requested 'registration_request'
2018-06-28 18:17:12.785 [IPControllerApp] client::client b'b7a78970-642e6408755ac09adb505b52' requested 'registration_request'
2018-06-28 18:17:12.788 [IPControllerApp] client::client b'2b3bc9c1-ccca51d683ec24762cb6a5a6' requested 'registration_request'
2018-06-28 18:17:12.810 [IPControllerApp] client::client b'66252719-c6bca2e71d185c544953a240' requested 'registration_request'
2018-06-28 18:17:13.010 [IPControllerApp] client::client b'f4204b2c-3db47e80be70c6c2c323d4bf' requested 'registration_request'
2018-06-28 18:17:13.011 [IPControllerApp] client::client b'349b57d1-8dfc7489c15cd2fa351610ca' requested 'registration_request'
2018-06-28 18:17:13.012 [IPControllerApp] client::client b'cad03505-3a3ff17ebc1448d1ccbc23d1' requested 'registration_request'
2018-06-28 18:17:13.013 [IPControllerApp] client::client b'2cae6dc1-ba586b8aef6d4f38ebf57af1' requested 'registration_request'
2018-06-28 18:17:14.186 [IPControllerApp] registration::finished registering engine 2:e9f4b364-be30e94c92e6b7f177451275
2018-06-28 18:17:14.186 [IPControllerApp] engine::Engine Connected: 2
2018-06-28 18:17:14.201 [IPControllerApp] registration::finished registering engine 3:1b2cd217-4ba4bac64f0b3e4bc29d358d
2018-06-28 18:17:14.201 [IPControllerApp] engine::Engine Connected: 3
2018-06-28 18:17:14.202 [IPControllerApp] registration::finished registering engine 0:718dfcd2-8e6c3420aa568a9971a52f3f
2018-06-28 18:17:14.202 [IPControllerApp] engine::Engine Connected: 0
2018-06-28 18:17:14.202 [IPControllerApp] registration::finished registering engine 1:a89dc510-3540e35bde3bb4f6226df530
2018-06-28 18:17:14.203 [IPControllerApp] engine::Engine Connected: 1
2018-06-28 18:17:15.335 [IPControllerApp] client::client b'cd515db1-af80920832c6d887d763276e' requested 'registration_request'
2018-06-28 18:17:15.336 [IPControllerApp] client::client b'768914c4-93481d7d0aafdfe43a296886' requested 'registration_request'
2018-06-28 18:17:15.338 [IPControllerApp] client::client b'f0e7a57c-5c3981240e14cbe4394194d4' requested 'registration_request'
2018-06-28 18:17:15.375 [IPControllerApp] client::client b'6ef3c510-65b6700f8f6f0aa6c6c603f3' requested 'registration_request'
2018-06-28 18:17:17.185 [IPControllerApp] registration::finished registering engine 9:349b57d1-8dfc7489c15cd2fa351610ca
2018-06-28 18:17:17.186 [IPControllerApp] engine::Engine Connected: 9
2018-06-28 18:17:17.186 [IPControllerApp] registration::finished registering engine 4:6ebeec3a-5be003cafabeb8e0c07db603
2018-06-28 18:17:17.186 [IPControllerApp] engine::Engine Connected: 4
2018-06-28 18:17:17.187 [IPControllerApp] registration::finished registering engine 8:f4204b2c-3db47e80be70c6c2c323d4bf
2018-06-28 18:17:17.187 [IPControllerApp] engine::Engine Connected: 8
2018-06-28 18:17:17.187 [IPControllerApp] registration::finished registering engine 7:66252719-c6bca2e71d185c544953a240
2018-06-28 18:17:17.188 [IPControllerApp] engine::Engine Connected: 7
2018-06-28 18:17:17.188 [IPControllerApp] registration::finished registering engine 5:b7a78970-642e6408755ac09adb505b52
2018-06-28 18:17:17.188 [IPControllerApp] engine::Engine Connected: 5
2018-06-28 18:17:17.189 [IPControllerApp] registration::finished registering engine 6:2b3bc9c1-ccca51d683ec24762cb6a5a6
2018-06-28 18:17:17.189 [IPControllerApp] engine::Engine Connected: 6
2018-06-28 18:17:17.189 [IPControllerApp] registration::finished registering engine 10:cad03505-3a3ff17ebc1448d1ccbc23d1
2018-06-28 18:17:17.189 [IPControllerApp] engine::Engine Connected: 10
2018-06-28 18:17:17.190 [IPControllerApp] registration::finished registering engine 11:2cae6dc1-ba586b8aef6d4f38ebf57af1
2018-06-28 18:17:17.190 [IPControllerApp] engine::Engine Connected: 11
2018-06-28 18:17:20.187 [IPControllerApp] registration::finished registering engine 13:768914c4-93481d7d0aafdfe43a296886
2018-06-28 18:17:20.187 [IPControllerApp] engine::Engine Connected: 13
2018-06-28 18:17:20.188 [IPControllerApp] registration::finished registering engine 12:cd515db1-af80920832c6d887d763276e
2018-06-28 18:17:20.188 [IPControllerApp] engine::Engine Connected: 12
2018-06-28 18:17:20.188 [IPControllerApp] registration::finished registering engine 15:6ef3c510-65b6700f8f6f0aa6c6c603f3
2018-06-28 18:17:20.189 [IPControllerApp] engine::Engine Connected: 15
2018-06-28 18:17:20.189 [IPControllerApp] registration::finished registering engine 14:f0e7a57c-5c3981240e14cbe4394194d4
2018-06-28 18:17:20.189 [IPControllerApp] engine::Engine Connected: 14
2018-06-28 18:28:23.186 [IPControllerApp] heartbeat::missed b'1b2cd217-4ba4bac64f0b3e4bc29d358d' : 1
2018-06-28 18:28:23.186 [IPControllerApp] heartbeat::missed b'cd515db1-af80920832c6d887d763276e' : 1
2018-06-28 18:28:23.186 [IPControllerApp] heartbeat::missed b'768914c4-93481d7d0aafdfe43a296886' : 1
2018-06-28 18:28:23.186 [IPControllerApp] heartbeat::missed b'f4204b2c-3db47e80be70c6c2c323d4bf' : 1
2018-06-28 18:28:23.186 [IPControllerApp] heartbeat::missed b'cad03505-3a3ff17ebc1448d1ccbc23d1' : 1
2018-06-28 18:28:23.186 [IPControllerApp] heartbeat::missed b'2cae6dc1-ba586b8aef6d4f38ebf57af1' : 1
2018-06-28 18:28:23.186 [IPControllerApp] heartbeat::missed b'e9f4b364-be30e94c92e6b7f177451275' : 1
2018-06-28 18:28:23.187 [IPControllerApp] heartbeat::missed b'718dfcd2-8e6c3420aa568a9971a52f3f' : 1
2018-06-28 18:28:23.187 [IPControllerApp] heartbeat::missed b'349b57d1-8dfc7489c15cd2fa351610ca' : 1
2018-06-28 18:28:23.187 [IPControllerApp] heartbeat::missed b'6ebeec3a-5be003cafabeb8e0c07db603' : 1
2018-06-28 18:28:23.187 [IPControllerApp] heartbeat::missed b'a89dc510-3540e35bde3bb4f6226df530' : 1
2018-06-28 18:28:23.187 [IPControllerApp] heartbeat::missed b'66252719-c6bca2e71d185c544953a240' : 1
2018-06-28 18:28:23.187 [IPControllerApp] heartbeat::missed b'b7a78970-642e6408755ac09adb505b52' : 1
2018-06-28 18:28:23.187 [IPControllerApp] heartbeat::missed b'6ef3c510-65b6700f8f6f0aa6c6c603f3' : 1
2018-06-28 18:28:23.187 [IPControllerApp] heartbeat::missed b'f0e7a57c-5c3981240e14cbe4394194d4' : 1
2018-06-28 18:28:23.187 [IPControllerApp] heartbeat::missed b'2b3bc9c1-ccca51d683ec24762cb6a5a6' : 1
2018-06-28 18:28:26.187 [IPControllerApp] heartbeat::missed b'1b2cd217-4ba4bac64f0b3e4bc29d358d' : 2
2018-06-28 18:28:26.187 [IPControllerApp] heartbeat::missed b'cd515db1-af80920832c6d887d763276e' : 2
2018-06-28 18:28:26.187 [IPControllerApp] heartbeat::missed b'768914c4-93481d7d0aafdfe43a296886' : 2
2018-06-28 18:28:26.187 [IPControllerApp] heartbeat::missed b'f4204b2c-3db47e80be70c6c2c323d4bf' : 2
2018-06-28 18:28:26.187 [IPControllerApp] heartbeat::missed b'cad03505-3a3ff17ebc1448d1ccbc23d1' : 2
2018-06-28 18:28:26.187 [IPControllerApp] heartbeat::missed b'2cae6dc1-ba586b8aef6d4f38ebf57af1' : 2
2018-06-28 18:28:26.187 [IPControllerApp] heartbeat::missed b'e9f4b364-be30e94c92e6b7f177451275' : 2
2018-06-28 18:28:26.187 [IPControllerApp] heartbeat::missed b'718dfcd2-8e6c3420aa568a9971a52f3f' : 2
2018-06-28 18:28:26.188 [IPControllerApp] heartbeat::missed b'349b57d1-8dfc7489c15cd2fa351610ca' : 2
2018-06-28 18:28:26.188 [IPControllerApp] heartbeat::missed b'6ebeec3a-5be003cafabeb8e0c07db603' : 2
2018-06-28 18:28:26.188 [IPControllerApp] heartbeat::missed b'a89dc510-3540e35bde3bb4f6226df530' : 2
2018-06-28 18:28:26.188 [IPControllerApp] heartbeat::missed b'66252719-c6bca2e71d185c544953a240' : 2
2018-06-28 18:28:26.188 [IPControllerApp] heartbeat::missed b'b7a78970-642e6408755ac09adb505b52' : 2
2018-06-28 18:28:26.188 [IPControllerApp] heartbeat::missed b'6ef3c510-65b6700f8f6f0aa6c6c603f3' : 2
2018-06-28 18:28:26.188 [IPControllerApp] heartbeat::missed b'f0e7a57c-5c3981240e14cbe4394194d4' : 2
2018-06-28 18:28:26.188 [IPControllerApp] heartbeat::missed b'2b3bc9c1-ccca51d683ec24762cb6a5a6' : 2
2018-06-28 18:28:29.186 [IPControllerApp] heartbeat::missed b'1b2cd217-4ba4bac64f0b3e4bc29d358d' : 3
2018-06-28 18:28:29.186 [IPControllerApp] heartbeat::missed b'cd515db1-af80920832c6d887d763276e' : 3
2018-06-28 18:28:29.186 [IPControllerApp] heartbeat::missed b'768914c4-93481d7d0aafdfe43a296886' : 3
2018-06-28 18:28:29.186 [IPControllerApp] heartbeat::missed b'f4204b2c-3db47e80be70c6c2c323d4bf' : 3
2018-06-28 18:28:29.186 [IPControllerApp] heartbeat::missed b'cad03505-3a3ff17ebc1448d1ccbc23d1' : 3
2018-06-28 18:28:29.187 [IPControllerApp] heartbeat::missed b'2cae6dc1-ba586b8aef6d4f38ebf57af1' : 3
2018-06-28 18:28:29.187 [IPControllerApp] heartbeat::missed b'e9f4b364-be30e94c92e6b7f177451275' : 3
2018-06-28 18:28:29.187 [IPControllerApp] heartbeat::missed b'718dfcd2-8e6c3420aa568a9971a52f3f' : 3
2018-06-28 18:28:29.187 [IPControllerApp] heartbeat::missed b'349b57d1-8dfc7489c15cd2fa351610ca' : 3
2018-06-28 18:28:29.187 [IPControllerApp] heartbeat::missed b'6ebeec3a-5be003cafabeb8e0c07db603' : 3
2018-06-28 18:28:29.187 [IPControllerApp] heartbeat::missed b'a89dc510-3540e35bde3bb4f6226df530' : 3
2018-06-28 18:28:29.187 [IPControllerApp] heartbeat::missed b'66252719-c6bca2e71d185c544953a240' : 3
2018-06-28 18:28:29.187 [IPControllerApp] heartbeat::missed b'b7a78970-642e6408755ac09adb505b52' : 3
2018-06-28 18:28:29.187 [IPControllerApp] heartbeat::missed b'6ef3c510-65b6700f8f6f0aa6c6c603f3' : 3
2018-06-28 18:28:29.187 [IPControllerApp] heartbeat::missed b'f0e7a57c-5c3981240e14cbe4394194d4' : 3
2018-06-28 18:28:29.187 [IPControllerApp] heartbeat::missed b'2b3bc9c1-ccca51d683ec24762cb6a5a6' : 3
2018-06-28 18:28:32.184 [IPControllerApp] heartbeat::missed b'1b2cd217-4ba4bac64f0b3e4bc29d358d' : 4
2018-06-28 18:28:32.184 [IPControllerApp] heartbeat::missed b'cd515db1-af80920832c6d887d763276e' : 4
2018-06-28 18:28:32.184 [IPControllerApp] heartbeat::missed b'768914c4-93481d7d0aafdfe43a296886' : 4
2018-06-28 18:28:32.185 [IPControllerApp] heartbeat::missed b'f4204b2c-3db47e80be70c6c2c323d4bf' : 4
2018-06-28 18:28:32.185 [IPControllerApp] heartbeat::missed b'cad03505-3a3ff17ebc1448d1ccbc23d1' : 4
2018-06-28 18:28:32.185 [IPControllerApp] heartbeat::missed b'2cae6dc1-ba586b8aef6d4f38ebf57af1' : 4
2018-06-28 18:28:32.185 [IPControllerApp] heartbeat::missed b'e9f4b364-be30e94c92e6b7f177451275' : 4
2018-06-28 18:28:32.185 [IPControllerApp] heartbeat::missed b'718dfcd2-8e6c3420aa568a9971a52f3f' : 4
2018-06-28 18:28:32.185 [IPControllerApp] heartbeat::missed b'349b57d1-8dfc7489c15cd2fa351610ca' : 4
2018-06-28 18:28:32.185 [IPControllerApp] heartbeat::missed b'6ebeec3a-5be003cafabeb8e0c07db603' : 4
2018-06-28 18:28:32.185 [IPControllerApp] heartbeat::missed b'a89dc510-3540e35bde3bb4f6226df530' : 4
2018-06-28 18:28:32.185 [IPControllerApp] heartbeat::missed b'66252719-c6bca2e71d185c544953a240' : 4
2018-06-28 18:28:32.185 [IPControllerApp] heartbeat::missed b'b7a78970-642e6408755ac09adb505b52' : 4
2018-06-28 18:28:32.186 [IPControllerApp] heartbeat::missed b'6ef3c510-65b6700f8f6f0aa6c6c603f3' : 4
2018-06-28 18:28:32.186 [IPControllerApp] heartbeat::missed b'f0e7a57c-5c3981240e14cbe4394194d4' : 4
2018-06-28 18:28:32.186 [IPControllerApp] heartbeat::missed b'2b3bc9c1-ccca51d683ec24762cb6a5a6' : 4
2018-06-28 18:28:35.187 [IPControllerApp] heartbeat::missed b'1b2cd217-4ba4bac64f0b3e4bc29d358d' : 5
2018-06-28 18:28:35.187 [IPControllerApp] heartbeat::missed b'cd515db1-af80920832c6d887d763276e' : 5
2018-06-28 18:28:35.187 [IPControllerApp] heartbeat::missed b'768914c4-93481d7d0aafdfe43a296886' : 5
2018-06-28 18:28:35.187 [IPControllerApp] heartbeat::missed b'f4204b2c-3db47e80be70c6c2c323d4bf' : 5
2018-06-28 18:28:35.187 [IPControllerApp] heartbeat::missed b'cad03505-3a3ff17ebc1448d1ccbc23d1' : 5
2018-06-28 18:28:35.187 [IPControllerApp] heartbeat::missed b'2cae6dc1-ba586b8aef6d4f38ebf57af1' : 5
2018-06-28 18:28:35.187 [IPControllerApp] heartbeat::missed b'e9f4b364-be30e94c92e6b7f177451275' : 5
2018-06-28 18:28:35.187 [IPControllerApp] heartbeat::missed b'718dfcd2-8e6c3420aa568a9971a52f3f' : 5
2018-06-28 18:28:35.187 [IPControllerApp] heartbeat::missed b'349b57d1-8dfc7489c15cd2fa351610ca' : 5
2018-06-28 18:28:35.187 [IPControllerApp] heartbeat::missed b'6ebeec3a-5be003cafabeb8e0c07db603' : 5
2018-06-28 18:28:35.187 [IPControllerApp] heartbeat::missed b'a89dc510-3540e35bde3bb4f6226df530' : 5
2018-06-28 18:28:35.187 [IPControllerApp] heartbeat::missed b'66252719-c6bca2e71d185c544953a240' : 5
2018-06-28 18:28:35.187 [IPControllerApp] heartbeat::missed b'b7a78970-642e6408755ac09adb505b52' : 5
2018-06-28 18:28:35.187 [IPControllerApp] heartbeat::missed b'6ef3c510-65b6700f8f6f0aa6c6c603f3' : 5
2018-06-28 18:28:35.188 [IPControllerApp] heartbeat::missed b'f0e7a57c-5c3981240e14cbe4394194d4' : 5
2018-06-28 18:28:35.188 [IPControllerApp] heartbeat::missed b'2b3bc9c1-ccca51d683ec24762cb6a5a6' : 5
2018-06-28 18:28:38.186 [IPControllerApp] heartbeat::missed b'1b2cd217-4ba4bac64f0b3e4bc29d358d' : 6
2018-06-28 18:28:38.186 [IPControllerApp] heartbeat::missed b'cd515db1-af80920832c6d887d763276e' : 6
2018-06-28 18:28:38.186 [IPControllerApp] heartbeat::missed b'768914c4-93481d7d0aafdfe43a296886' : 6
2018-06-28 18:28:38.187 [IPControllerApp] heartbeat::missed b'f4204b2c-3db47e80be70c6c2c323d4bf' : 6
2018-06-28 18:28:38.187 [IPControllerApp] heartbeat::missed b'cad03505-3a3ff17ebc1448d1ccbc23d1' : 6
2018-06-28 18:28:38.187 [IPControllerApp] heartbeat::missed b'2cae6dc1-ba586b8aef6d4f38ebf57af1' : 6
2018-06-28 18:28:38.187 [IPControllerApp] heartbeat::missed b'e9f4b364-be30e94c92e6b7f177451275' : 6
2018-06-28 18:28:38.187 [IPControllerApp] heartbeat::missed b'718dfcd2-8e6c3420aa568a9971a52f3f' : 6
2018-06-28 18:28:38.187 [IPControllerApp] heartbeat::missed b'349b57d1-8dfc7489c15cd2fa351610ca' : 6
2018-06-28 18:28:38.187 [IPControllerApp] heartbeat::missed b'6ebeec3a-5be003cafabeb8e0c07db603' : 6
2018-06-28 18:28:38.187 [IPControllerApp] heartbeat::missed b'a89dc510-3540e35bde3bb4f6226df530' : 6
2018-06-28 18:28:38.187 [IPControllerApp] heartbeat::missed b'66252719-c6bca2e71d185c544953a240' : 6
2018-06-28 18:28:38.187 [IPControllerApp] heartbeat::missed b'b7a78970-642e6408755ac09adb505b52' : 6
2018-06-28 18:28:38.187 [IPControllerApp] heartbeat::missed b'6ef3c510-65b6700f8f6f0aa6c6c603f3' : 6
2018-06-28 18:28:38.187 [IPControllerApp] heartbeat::missed b'f0e7a57c-5c3981240e14cbe4394194d4' : 6
2018-06-28 18:28:38.187 [IPControllerApp] heartbeat::missed b'2b3bc9c1-ccca51d683ec24762cb6a5a6' : 6
2018-06-28 18:28:41.186 [IPControllerApp] heartbeat::missed b'1b2cd217-4ba4bac64f0b3e4bc29d358d' : 7
2018-06-28 18:28:41.186 [IPControllerApp] heartbeat::missed b'cd515db1-af80920832c6d887d763276e' : 7
2018-06-28 18:28:41.186 [IPControllerApp] heartbeat::missed b'768914c4-93481d7d0aafdfe43a296886' : 7
2018-06-28 18:28:41.186 [IPControllerApp] heartbeat::missed b'f4204b2c-3db47e80be70c6c2c323d4bf' : 7
2018-06-28 18:28:41.186 [IPControllerApp] heartbeat::missed b'cad03505-3a3ff17ebc1448d1ccbc23d1' : 7
2018-06-28 18:28:41.186 [IPControllerApp] heartbeat::missed b'2cae6dc1-ba586b8aef6d4f38ebf57af1' : 7
2018-06-28 18:28:41.186 [IPControllerApp] heartbeat::missed b'e9f4b364-be30e94c92e6b7f177451275' : 7
2018-06-28 18:28:41.187 [IPControllerApp] heartbeat::missed b'718dfcd2-8e6c3420aa568a9971a52f3f' : 7
2018-06-28 18:28:41.187 [IPControllerApp] heartbeat::missed b'349b57d1-8dfc7489c15cd2fa351610ca' : 7
2018-06-28 18:28:41.187 [IPControllerApp] heartbeat::missed b'6ebeec3a-5be003cafabeb8e0c07db603' : 7
2018-06-28 18:28:41.187 [IPControllerApp] heartbeat::missed b'a89dc510-3540e35bde3bb4f6226df530' : 7
2018-06-28 18:28:41.187 [IPControllerApp] heartbeat::missed b'66252719-c6bca2e71d185c544953a240' : 7
2018-06-28 18:28:41.187 [IPControllerApp] heartbeat::missed b'b7a78970-642e6408755ac09adb505b52' : 7
2018-06-28 18:28:41.187 [IPControllerApp] heartbeat::missed b'6ef3c510-65b6700f8f6f0aa6c6c603f3' : 7
2018-06-28 18:28:41.187 [IPControllerApp] heartbeat::missed b'f0e7a57c-5c3981240e14cbe4394194d4' : 7
2018-06-28 18:28:41.187 [IPControllerApp] heartbeat::missed b'2b3bc9c1-ccca51d683ec24762cb6a5a6' : 7
2018-06-28 18:28:44.187 [IPControllerApp] heartbeat::missed b'1b2cd217-4ba4bac64f0b3e4bc29d358d' : 8
2018-06-28 18:28:44.187 [IPControllerApp] heartbeat::missed b'cd515db1-af80920832c6d887d763276e' : 8
2018-06-28 18:28:44.187 [IPControllerApp] heartbeat::missed b'768914c4-93481d7d0aafdfe43a296886' : 8
2018-06-28 18:28:44.187 [IPControllerApp] heartbeat::missed b'f4204b2c-3db47e80be70c6c2c323d4bf' : 8
2018-06-28 18:28:44.187 [IPControllerApp] heartbeat::missed b'cad03505-3a3ff17ebc1448d1ccbc23d1' : 8
2018-06-28 18:28:44.187 [IPControllerApp] heartbeat::missed b'2cae6dc1-ba586b8aef6d4f38ebf57af1' : 8
2018-06-28 18:28:44.187 [IPControllerApp] heartbeat::missed b'e9f4b364-be30e94c92e6b7f177451275' : 8
2018-06-28 18:28:44.187 [IPControllerApp] heartbeat::missed b'718dfcd2-8e6c3420aa568a9971a52f3f' : 8
2018-06-28 18:28:44.187 [IPControllerApp] heartbeat::missed b'349b57d1-8dfc7489c15cd2fa351610ca' : 8
2018-06-28 18:28:44.187 [IPControllerApp] heartbeat::missed b'6ebeec3a-5be003cafabeb8e0c07db603' : 8
2018-06-28 18:28:44.187 [IPControllerApp] heartbeat::missed b'a89dc510-3540e35bde3bb4f6226df530' : 8
2018-06-28 18:28:44.188 [IPControllerApp] heartbeat::missed b'66252719-c6bca2e71d185c544953a240' : 8
2018-06-28 18:28:44.188 [IPControllerApp] heartbeat::missed b'b7a78970-642e6408755ac09adb505b52' : 8
2018-06-28 18:28:44.188 [IPControllerApp] heartbeat::missed b'6ef3c510-65b6700f8f6f0aa6c6c603f3' : 8
2018-06-28 18:28:44.188 [IPControllerApp] heartbeat::missed b'f0e7a57c-5c3981240e14cbe4394194d4' : 8
2018-06-28 18:28:44.188 [IPControllerApp] heartbeat::missed b'2b3bc9c1-ccca51d683ec24762cb6a5a6' : 8
2018-06-28 18:28:47.184 [IPControllerApp] heartbeat::missed b'1b2cd217-4ba4bac64f0b3e4bc29d358d' : 9
2018-06-28 18:28:47.184 [IPControllerApp] heartbeat::missed b'cd515db1-af80920832c6d887d763276e' : 9
2018-06-28 18:28:47.184 [IPControllerApp] heartbeat::missed b'768914c4-93481d7d0aafdfe43a296886' : 9
2018-06-28 18:28:47.185 [IPControllerApp] heartbeat::missed b'f4204b2c-3db47e80be70c6c2c323d4bf' : 9
2018-06-28 18:28:47.185 [IPControllerApp] heartbeat::missed b'cad03505-3a3ff17ebc1448d1ccbc23d1' : 9
2018-06-28 18:28:47.185 [IPControllerApp] heartbeat::missed b'2cae6dc1-ba586b8aef6d4f38ebf57af1' : 9
2018-06-28 18:28:47.185 [IPControllerApp] heartbeat::missed b'e9f4b364-be30e94c92e6b7f177451275' : 9
2018-06-28 18:28:47.185 [IPControllerApp] heartbeat::missed b'718dfcd2-8e6c3420aa568a9971a52f3f' : 9
2018-06-28 18:28:47.185 [IPControllerApp] heartbeat::missed b'349b57d1-8dfc7489c15cd2fa351610ca' : 9
2018-06-28 18:28:47.185 [IPControllerApp] heartbeat::missed b'6ebeec3a-5be003cafabeb8e0c07db603' : 9
2018-06-28 18:28:47.185 [IPControllerApp] heartbeat::missed b'a89dc510-3540e35bde3bb4f6226df530' : 9
2018-06-28 18:28:47.185 [IPControllerApp] heartbeat::missed b'66252719-c6bca2e71d185c544953a240' : 9
2018-06-28 18:28:47.185 [IPControllerApp] heartbeat::missed b'b7a78970-642e6408755ac09adb505b52' : 9
2018-06-28 18:28:47.185 [IPControllerApp] heartbeat::missed b'6ef3c510-65b6700f8f6f0aa6c6c603f3' : 9
2018-06-28 18:28:47.185 [IPControllerApp] heartbeat::missed b'f0e7a57c-5c3981240e14cbe4394194d4' : 9
2018-06-28 18:28:47.185 [IPControllerApp] heartbeat::missed b'2b3bc9c1-ccca51d683ec24762cb6a5a6' : 9
2018-06-28 18:28:50.186 [IPControllerApp] heartbeat::missed b'1b2cd217-4ba4bac64f0b3e4bc29d358d' : 10
2018-06-28 18:28:50.186 [IPControllerApp] heartbeat::missed b'cd515db1-af80920832c6d887d763276e' : 10
2018-06-28 18:28:50.186 [IPControllerApp] heartbeat::missed b'768914c4-93481d7d0aafdfe43a296886' : 10
2018-06-28 18:28:50.186 [IPControllerApp] heartbeat::missed b'f4204b2c-3db47e80be70c6c2c323d4bf' : 10
2018-06-28 18:28:50.186 [IPControllerApp] heartbeat::missed b'cad03505-3a3ff17ebc1448d1ccbc23d1' : 10
2018-06-28 18:28:50.186 [IPControllerApp] heartbeat::missed b'2cae6dc1-ba586b8aef6d4f38ebf57af1' : 10
2018-06-28 18:28:50.187 [IPControllerApp] heartbeat::missed b'e9f4b364-be30e94c92e6b7f177451275' : 10
2018-06-28 18:28:50.187 [IPControllerApp] heartbeat::missed b'718dfcd2-8e6c3420aa568a9971a52f3f' : 10
2018-06-28 18:28:50.187 [IPControllerApp] heartbeat::missed b'349b57d1-8dfc7489c15cd2fa351610ca' : 10
2018-06-28 18:28:50.187 [IPControllerApp] heartbeat::missed b'6ebeec3a-5be003cafabeb8e0c07db603' : 10
2018-06-28 18:28:50.187 [IPControllerApp] heartbeat::missed b'a89dc510-3540e35bde3bb4f6226df530' : 10
2018-06-28 18:28:50.187 [IPControllerApp] heartbeat::missed b'66252719-c6bca2e71d185c544953a240' : 10
2018-06-28 18:28:50.187 [IPControllerApp] heartbeat::missed b'b7a78970-642e6408755ac09adb505b52' : 10
2018-06-28 18:28:50.187 [IPControllerApp] heartbeat::missed b'6ef3c510-65b6700f8f6f0aa6c6c603f3' : 10
2018-06-28 18:28:50.187 [IPControllerApp] heartbeat::missed b'f0e7a57c-5c3981240e14cbe4394194d4' : 10
2018-06-28 18:28:50.187 [IPControllerApp] heartbeat::missed b'2b3bc9c1-ccca51d683ec24762cb6a5a6' : 10
2018-06-28 18:28:53.186 [IPControllerApp] heartbeat::missed b'1b2cd217-4ba4bac64f0b3e4bc29d358d' : 11
2018-06-28 18:28:53.186 [IPControllerApp] heartbeat::missed b'cd515db1-af80920832c6d887d763276e' : 11
2018-06-28 18:28:53.186 [IPControllerApp] heartbeat::missed b'768914c4-93481d7d0aafdfe43a296886' : 11
2018-06-28 18:28:53.186 [IPControllerApp] heartbeat::missed b'f4204b2c-3db47e80be70c6c2c323d4bf' : 11
2018-06-28 18:28:53.186 [IPControllerApp] heartbeat::missed b'cad03505-3a3ff17ebc1448d1ccbc23d1' : 11
2018-06-28 18:28:53.186 [IPControllerApp] heartbeat::missed b'2cae6dc1-ba586b8aef6d4f38ebf57af1' : 11
2018-06-28 18:28:53.186 [IPControllerApp] heartbeat::missed b'e9f4b364-be30e94c92e6b7f177451275' : 11
2018-06-28 18:28:53.187 [IPControllerApp] heartbeat::missed b'718dfcd2-8e6c3420aa568a9971a52f3f' : 11
2018-06-28 18:28:53.187 [IPControllerApp] heartbeat::missed b'349b57d1-8dfc7489c15cd2fa351610ca' : 11
2018-06-28 18:28:53.187 [IPControllerApp] heartbeat::missed b'6ebeec3a-5be003cafabeb8e0c07db603' : 11
2018-06-28 18:28:53.187 [IPControllerApp] heartbeat::missed b'a89dc510-3540e35bde3bb4f6226df530' : 11
2018-06-28 18:28:53.187 [IPControllerApp] heartbeat::missed b'66252719-c6bca2e71d185c544953a240' : 11
2018-06-28 18:28:53.187 [IPControllerApp] heartbeat::missed b'b7a78970-642e6408755ac09adb505b52' : 11
2018-06-28 18:28:53.187 [IPControllerApp] heartbeat::missed b'6ef3c510-65b6700f8f6f0aa6c6c603f3' : 11
2018-06-28 18:28:53.187 [IPControllerApp] heartbeat::missed b'f0e7a57c-5c3981240e14cbe4394194d4' : 11
2018-06-28 18:28:53.187 [IPControllerApp] heartbeat::missed b'2b3bc9c1-ccca51d683ec24762cb6a5a6' : 11
2018-06-28 18:28:53.187 [IPControllerApp] registration::unregister_engine(3)
2018-06-28 18:28:53.188 [IPControllerApp] registration::unregister_engine(12)
2018-06-28 18:28:53.189 [IPControllerApp] registration::unregister_engine(13)
2018-06-28 18:28:53.189 [IPControllerApp] registration::unregister_engine(8)
2018-06-28 18:28:53.190 [IPControllerApp] registration::unregister_engine(10)
2018-06-28 18:28:53.190 [IPControllerApp] registration::unregister_engine(11)
2018-06-28 18:28:53.191 [IPControllerApp] registration::unregister_engine(2)
2018-06-28 18:28:53.191 [IPControllerApp] registration::unregister_engine(0)
2018-06-28 18:28:53.192 [IPControllerApp] registration::unregister_engine(9)
2018-06-28 18:28:53.193 [IPControllerApp] registration::unregister_engine(4)
2018-06-28 18:28:53.193 [IPControllerApp] registration::unregister_engine(1)
2018-06-28 18:28:53.194 [IPControllerApp] registration::unregister_engine(7)
2018-06-28 18:28:53.194 [IPControllerApp] registration::unregister_engine(5)
2018-06-28 18:28:53.195 [IPControllerApp] registration::unregister_engine(15)
2018-06-28 18:28:53.195 [IPControllerApp] registration::unregister_engine(14)
2018-06-28 18:28:53.196 [IPControllerApp] registration::unregister_engine(6)
2018-07-05 11:36:29.189 [IPControllerApp] CRITICAL | Received signal 15, shutting down
2018-07-05 11:36:29.189 [IPControllerApp] CRITICAL | terminating children...
2018-07-05 11:36:31.478 [IPControllerApp] CRITICAL | Received signal 15, shutting down
2018-07-05 11:36:31.478 [IPControllerApp] CRITICAL | terminating children...
