2018-07-11 13:50:34 parsl.dataflow.dflow:71 [INFO]  Parsl version: 0.5.1
2018-07-11 13:50:34 parsl.dataflow.dflow:72 [INFO]  Libsubmit version: 0.5.0-a0
2018-07-11 13:50:34 parsl.dataflow.usage_tracking.usage:125 [DEBUG]  Tracking status: True
2018-07-11 13:50:34 parsl.dataflow.usage_tracking.usage:126 [DEBUG]  Testing mode   : False
2018-07-11 13:50:34 parsl.dataflow.memoization:52 [INFO]  App caching initialized
2018-07-11 13:50:34 parsl.executors.ipp_controller:83 [DEBUG]  Starting ipcontroller with 'ipcontroller --ipython-dir=/scratch/midway2/madduru/parsl/parsl/tests/integration/test_stress/runinfo/978 --ip=* --profile=midway_ipp   '
2018-07-11 13:50:36 parsl.executors.ipp:97 [DEBUG]  Waiting for /scratch/midway2/madduru/parsl/parsl/tests/integration/test_stress/runinfo/978/profile_midway_ipp/security/ipcontroller-client.json
2018-07-11 13:50:36 parsl.executors.ipp:114 [DEBUG]  Starting IPyParallelExecutor with provider:
SlurmProvider(
    'sandyb',
    channel=LocalChannel(
        envs={}, 
        script_dir='/scratch/midway2/madduru/parsl/parsl/tests/integration/test_stress/.scripts', 
        userhome='/scratch/midway2/madduru/parsl/parsl/tests/integration/test_stress'
    ), 
    cmd_timeout=10, 
    init_blocks=1, 
    label='slurm', 
    launcher=<libsubmit.launchers.launchers.SingleNodeLauncher object at 0x7f5ba9466da0>, 
    max_blocks=1, 
    min_blocks=1, 
    nodes_per_block=1, 
    overrides='module load Anaconda3/5.1.0; export PARSL_TESTING=True', 
    parallelism=0.5, 
    script_dir='parsl_scripts', 
    tasks_per_node=2, 
    walltime=11
)
2018-07-11 13:50:36 parsl.executors.ipp:119 [DEBUG]  Launched block: 0:47408791
2018-07-11 13:50:36 parsl.executors.ipp:134 [DEBUG]  Starting executor
2018-07-11 13:50:36 parsl.dataflow.strategy:120 [DEBUG]  Scaling strategy: simple
2018-07-11 13:50:36 parsl.dataflow.dflow:480 [INFO]  Task 0 submitted for App sleeper, waiting on tasks []
2018-07-11 13:50:36 parsl.dataflow.dflow:286 [INFO]  Task 0 launched on executor midway_ipp
2018-07-11 13:50:36 parsl.dataflow.dflow:501 [DEBUG]  Task 0 launched with AppFuture: <AppFuture at 0x7f5b7e8825c0 state=pending>
2018-07-11 13:50:36 parsl.dataflow.dflow:480 [INFO]  Task 1 submitted for App sleeper, waiting on tasks []
2018-07-11 13:50:36 parsl.dataflow.dflow:286 [INFO]  Task 1 launched on executor midway_ipp
2018-07-11 13:50:36 parsl.dataflow.dflow:501 [DEBUG]  Task 1 launched with AppFuture: <AppFuture at 0x7f5b7e882dd8 state=pending>
2018-07-11 13:50:36 parsl.dataflow.dflow:480 [INFO]  Task 2 submitted for App sleeper, waiting on tasks []
2018-07-11 13:50:36 parsl.dataflow.dflow:286 [INFO]  Task 2 launched on executor midway_ipp
2018-07-11 13:50:36 parsl.dataflow.dflow:501 [DEBUG]  Task 2 launched with AppFuture: <AppFuture at 0x7f5b7e890630 state=pending>
2018-07-11 13:50:36 parsl.dataflow.dflow:480 [INFO]  Task 3 submitted for App sleeper, waiting on tasks []
2018-07-11 13:50:36 parsl.dataflow.dflow:286 [INFO]  Task 3 launched on executor midway_ipp
2018-07-11 13:50:36 parsl.dataflow.dflow:501 [DEBUG]  Task 3 launched with AppFuture: <AppFuture at 0x7f5b7e890e48 state=pending>
2018-07-11 13:50:36 parsl.dataflow.dflow:480 [INFO]  Task 4 submitted for App sleeper, waiting on tasks []
2018-07-11 13:50:36 parsl.dataflow.dflow:286 [INFO]  Task 4 launched on executor midway_ipp
2018-07-11 13:50:36 parsl.dataflow.dflow:501 [DEBUG]  Task 4 launched with AppFuture: <AppFuture at 0x7f5b7e89e6a0 state=pending>
2018-07-11 13:50:36 parsl.dataflow.dflow:480 [INFO]  Task 5 submitted for App sleeper, waiting on tasks []
2018-07-11 13:50:36 parsl.dataflow.dflow:286 [INFO]  Task 5 launched on executor midway_ipp
2018-07-11 13:50:36 parsl.dataflow.dflow:501 [DEBUG]  Task 5 launched with AppFuture: <AppFuture at 0x7f5b7e89eeb8 state=pending>
2018-07-11 13:50:36 parsl.dataflow.dflow:480 [INFO]  Task 6 submitted for App sleeper, waiting on tasks []
2018-07-11 13:50:36 parsl.dataflow.dflow:286 [INFO]  Task 6 launched on executor midway_ipp
2018-07-11 13:50:36 parsl.dataflow.dflow:501 [DEBUG]  Task 6 launched with AppFuture: <AppFuture at 0x7f5b7e8aa710 state=pending>
2018-07-11 13:50:36 parsl.dataflow.dflow:480 [INFO]  Task 7 submitted for App sleeper, waiting on tasks []
2018-07-11 13:50:36 parsl.dataflow.dflow:286 [INFO]  Task 7 launched on executor midway_ipp
2018-07-11 13:50:36 parsl.dataflow.dflow:501 [DEBUG]  Task 7 launched with AppFuture: <AppFuture at 0x7f5b7e8aaf28 state=pending>
2018-07-11 13:50:36 parsl.dataflow.dflow:480 [INFO]  Task 8 submitted for App sleeper, waiting on tasks []
2018-07-11 13:50:36 parsl.dataflow.dflow:286 [INFO]  Task 8 launched on executor midway_ipp
2018-07-11 13:50:36 parsl.dataflow.dflow:501 [DEBUG]  Task 8 launched with AppFuture: <AppFuture at 0x7f5b7e8b6780 state=pending>
2018-07-11 13:50:36 parsl.dataflow.dflow:480 [INFO]  Task 9 submitted for App sleeper, waiting on tasks []
2018-07-11 13:50:36 parsl.dataflow.dflow:286 [INFO]  Task 9 launched on executor midway_ipp
2018-07-11 13:50:36 parsl.dataflow.dflow:501 [DEBUG]  Task 9 launched with AppFuture: <AppFuture at 0x7f5b7e8b6f98 state=pending>
2018-07-11 13:50:36 parsl.dataflow.dflow:480 [INFO]  Task 10 submitted for App sleeper, waiting on tasks []
2018-07-11 13:50:36 parsl.dataflow.dflow:286 [INFO]  Task 10 launched on executor midway_ipp
2018-07-11 13:50:36 parsl.dataflow.dflow:501 [DEBUG]  Task 10 launched with AppFuture: <AppFuture at 0x7f5b7e8407f0 state=pending>
2018-07-11 13:50:36 parsl.dataflow.dflow:480 [INFO]  Task 11 submitted for App sleeper, waiting on tasks []
2018-07-11 13:50:36 parsl.dataflow.dflow:286 [INFO]  Task 11 launched on executor midway_ipp
2018-07-11 13:50:36 parsl.dataflow.dflow:501 [DEBUG]  Task 11 launched with AppFuture: <AppFuture at 0x7f5b7e84b048 state=pending>
2018-07-11 13:50:36 parsl.dataflow.dflow:480 [INFO]  Task 12 submitted for App sleeper, waiting on tasks []
2018-07-11 13:50:36 parsl.dataflow.dflow:286 [INFO]  Task 12 launched on executor midway_ipp
2018-07-11 13:50:36 parsl.dataflow.dflow:501 [DEBUG]  Task 12 launched with AppFuture: <AppFuture at 0x7f5b7e84b860 state=pending>
2018-07-11 13:50:36 parsl.dataflow.dflow:480 [INFO]  Task 13 submitted for App sleeper, waiting on tasks []
2018-07-11 13:50:36 parsl.dataflow.dflow:286 [INFO]  Task 13 launched on executor midway_ipp
2018-07-11 13:50:36 parsl.dataflow.dflow:501 [DEBUG]  Task 13 launched with AppFuture: <AppFuture at 0x7f5b7e8550b8 state=pending>
2018-07-11 13:50:36 parsl.dataflow.dflow:480 [INFO]  Task 14 submitted for App sleeper, waiting on tasks []
2018-07-11 13:50:36 parsl.dataflow.dflow:286 [INFO]  Task 14 launched on executor midway_ipp
2018-07-11 13:50:36 parsl.dataflow.dflow:501 [DEBUG]  Task 14 launched with AppFuture: <AppFuture at 0x7f5b7e8558d0 state=pending>
2018-07-11 13:50:36 parsl.dataflow.dflow:480 [INFO]  Task 15 submitted for App sleeper, waiting on tasks []
2018-07-11 13:50:36 parsl.dataflow.dflow:286 [INFO]  Task 15 launched on executor midway_ipp
2018-07-11 13:50:36 parsl.dataflow.dflow:501 [DEBUG]  Task 15 launched with AppFuture: <AppFuture at 0x7f5b7e864128 state=pending>
2018-07-11 13:50:36 parsl.dataflow.dflow:480 [INFO]  Task 16 submitted for App sleeper, waiting on tasks []
2018-07-11 13:50:36 parsl.dataflow.dflow:286 [INFO]  Task 16 launched on executor midway_ipp
2018-07-11 13:50:36 parsl.dataflow.dflow:501 [DEBUG]  Task 16 launched with AppFuture: <AppFuture at 0x7f5b7e864940 state=pending>
2018-07-11 13:50:36 parsl.dataflow.dflow:480 [INFO]  Task 17 submitted for App sleeper, waiting on tasks []
2018-07-11 13:50:36 parsl.dataflow.dflow:286 [INFO]  Task 17 launched on executor midway_ipp
2018-07-11 13:50:36 parsl.dataflow.dflow:501 [DEBUG]  Task 17 launched with AppFuture: <AppFuture at 0x7f5b7e86f198 state=pending>
2018-07-11 13:50:36 parsl.dataflow.dflow:480 [INFO]  Task 18 submitted for App sleeper, waiting on tasks []
2018-07-11 13:50:36 parsl.dataflow.dflow:286 [INFO]  Task 18 launched on executor midway_ipp
2018-07-11 13:50:36 parsl.dataflow.dflow:501 [DEBUG]  Task 18 launched with AppFuture: <AppFuture at 0x7f5b7e86f9b0 state=pending>
2018-07-11 13:50:36 parsl.dataflow.dflow:480 [INFO]  Task 19 submitted for App sleeper, waiting on tasks []
2018-07-11 13:50:36 parsl.dataflow.dflow:286 [INFO]  Task 19 launched on executor midway_ipp
2018-07-11 13:50:36 parsl.dataflow.dflow:501 [DEBUG]  Task 19 launched with AppFuture: <AppFuture at 0x7f5b7e7fb208 state=pending>
2018-07-11 13:50:36 parsl.dataflow.dflow:480 [INFO]  Task 20 submitted for App sleeper, waiting on tasks []
2018-07-11 13:50:36 parsl.dataflow.dflow:286 [INFO]  Task 20 launched on executor midway_ipp
2018-07-11 13:50:36 parsl.dataflow.dflow:501 [DEBUG]  Task 20 launched with AppFuture: <AppFuture at 0x7f5b7e7fba20 state=pending>
2018-07-11 13:50:36 parsl.dataflow.dflow:480 [INFO]  Task 21 submitted for App sleeper, waiting on tasks []
2018-07-11 13:50:36 parsl.dataflow.dflow:286 [INFO]  Task 21 launched on executor midway_ipp
2018-07-11 13:50:36 parsl.dataflow.dflow:501 [DEBUG]  Task 21 launched with AppFuture: <AppFuture at 0x7f5b7e804278 state=pending>
2018-07-11 13:50:36 parsl.dataflow.dflow:480 [INFO]  Task 22 submitted for App sleeper, waiting on tasks []
2018-07-11 13:50:36 parsl.dataflow.dflow:286 [INFO]  Task 22 launched on executor midway_ipp
2018-07-11 13:50:36 parsl.dataflow.dflow:501 [DEBUG]  Task 22 launched with AppFuture: <AppFuture at 0x7f5b7e804a90 state=pending>
2018-07-11 13:50:36 parsl.dataflow.dflow:480 [INFO]  Task 23 submitted for App sleeper, waiting on tasks []
2018-07-11 13:50:36 parsl.dataflow.dflow:286 [INFO]  Task 23 launched on executor midway_ipp
2018-07-11 13:50:36 parsl.dataflow.dflow:501 [DEBUG]  Task 23 launched with AppFuture: <AppFuture at 0x7f5b7e8112e8 state=pending>
2018-07-11 13:50:36 parsl.dataflow.dflow:480 [INFO]  Task 24 submitted for App sleeper, waiting on tasks []
2018-07-11 13:50:36 parsl.dataflow.dflow:286 [INFO]  Task 24 launched on executor midway_ipp
2018-07-11 13:50:36 parsl.dataflow.dflow:501 [DEBUG]  Task 24 launched with AppFuture: <AppFuture at 0x7f5b7e811b00 state=pending>
2018-07-11 13:50:37 parsl.dataflow.strategy:175 [DEBUG]  Tasks:25 Slots:2 Parallelism:0.5
2018-07-11 13:50:42 parsl.dataflow.strategy:175 [DEBUG]  Tasks:25 Slots:2 Parallelism:0.5
2018-07-11 13:50:47 parsl.dataflow.strategy:175 [DEBUG]  Tasks:25 Slots:2 Parallelism:0.5
2018-07-11 13:50:52 parsl.dataflow.strategy:175 [DEBUG]  Tasks:25 Slots:2 Parallelism:0.5
2018-07-11 13:50:57 parsl.dataflow.strategy:175 [DEBUG]  Tasks:25 Slots:2 Parallelism:0.5
2018-07-11 13:51:03 parsl.dataflow.strategy:175 [DEBUG]  Tasks:25 Slots:2 Parallelism:0.5
2018-07-11 13:51:08 parsl.dataflow.strategy:175 [DEBUG]  Tasks:25 Slots:2 Parallelism:0.5
2018-07-11 13:51:10 parsl.dataflow.dflow:185 [INFO]  Task 1 completed
2018-07-11 13:51:10 parsl.dataflow.dflow:185 [INFO]  Task 0 completed
2018-07-11 13:51:11 parsl.dataflow.dflow:185 [INFO]  Task 2 completed
2018-07-11 13:51:11 parsl.dataflow.dflow:185 [INFO]  Task 3 completed
2018-07-11 13:51:12 parsl.dataflow.dflow:185 [INFO]  Task 4 completed
2018-07-11 13:51:12 parsl.dataflow.dflow:185 [INFO]  Task 5 completed
2018-07-11 13:51:13 parsl.dataflow.strategy:175 [DEBUG]  Tasks:19 Slots:2 Parallelism:0.5
2018-07-11 13:51:13 parsl.dataflow.dflow:185 [INFO]  Task 6 completed
2018-07-11 13:51:13 parsl.dataflow.dflow:185 [INFO]  Task 7 completed
2018-07-11 13:51:14 parsl.dataflow.dflow:185 [INFO]  Task 8 completed
2018-07-11 13:51:14 parsl.dataflow.dflow:185 [INFO]  Task 9 completed
2018-07-11 13:51:15 parsl.dataflow.dflow:185 [INFO]  Task 10 completed
2018-07-11 13:51:15 parsl.dataflow.dflow:185 [INFO]  Task 11 completed
2018-07-11 13:51:16 parsl.dataflow.dflow:185 [INFO]  Task 12 completed
2018-07-11 13:51:16 parsl.dataflow.dflow:185 [INFO]  Task 13 completed
2018-07-11 13:51:17 parsl.dataflow.dflow:185 [INFO]  Task 14 completed
2018-07-11 13:51:17 parsl.dataflow.dflow:185 [INFO]  Task 15 completed
2018-07-11 13:51:17 parsl.dataflow.strategy:175 [DEBUG]  Tasks:9 Slots:2 Parallelism:0.5
2018-07-11 13:51:18 parsl.dataflow.dflow:185 [INFO]  Task 16 completed
2018-07-11 13:51:18 parsl.dataflow.dflow:185 [INFO]  Task 17 completed
2018-07-11 13:51:19 parsl.dataflow.dflow:185 [INFO]  Task 19 completed
2018-07-11 13:51:19 parsl.dataflow.dflow:185 [INFO]  Task 18 completed
2018-07-11 13:51:20 parsl.dataflow.dflow:185 [INFO]  Task 21 completed
2018-07-11 13:51:20 parsl.dataflow.dflow:185 [INFO]  Task 20 completed
2018-07-11 13:51:21 parsl.dataflow.dflow:185 [INFO]  Task 23 completed
2018-07-11 13:51:21 parsl.dataflow.dflow:185 [INFO]  Task 22 completed
2018-07-11 13:51:22 parsl.dataflow.dflow:185 [INFO]  Task 24 completed
2018-07-11 13:51:22 parsl.dataflow.dflow:591 [INFO]  DFK cleanup initiated
2018-07-11 13:51:22 parsl.dataflow.dflow:538 [INFO]  Summary of tasks in DFK:
2018-07-11 13:51:22 parsl.dataflow.dflow:569 [INFO]  Tasks in state States.done: 0, 1, 2, 3, 4, 5, 6, 7, 8, 9, 10, 11, 12, 13, 14, 15, 16, 17, 18, 19, 20, 21, 22, 23, 24
2018-07-11 13:51:22 parsl.dataflow.dflow:576 [INFO]  End of summary
2018-07-11 13:51:22 parsl.dataflow.dflow:615 [INFO]  Terminating flow_control and strategy threads
2018-07-11 13:51:22 parsl.executors.ipp:282 [DEBUG]  IPP:Shutdown sequence: Attempting controller kill
2018-07-11 13:51:22 parsl.executors.ipp_controller:142 [DEBUG]  Controller exited with 0
2018-07-11 13:51:22 parsl.executors.ipp:292 [DEBUG]  Done with executor shutdown
2018-07-11 13:51:22 parsl.data_provider.data_manager:66 [DEBUG]  Done with executor shutdown
2018-07-11 13:51:22 parsl.dataflow.dflow:625 [INFO]  DFK cleanup complete
2018-07-11 13:51:22 parsl.config:65 [DEBUG]  Checkpoint period only has an effect with checkpoint_mode='periodic'
2018-07-11 13:51:23 parsl.dataflow.dflow:66 [DEBUG]  Starting DataFlowKernel with config
Config(
    app_cache=True, 
    checkpoint_files=None, 
    checkpoint_mode=None, 
    checkpoint_period='00:30:00', 
    data_management_max_threads=10, 
    executors=[IPyParallelExecutor(
        container_image=None, 
        controller=Controller(
            interfaces=None, 
            ipython_dir='/scratch/midway2/madduru/parsl/parsl/tests/integration/test_stress/runinfo/978', 
            log=True, 
            mode='auto', 
            port=None, 
            port_range=None, 
            profile='midway_ipp', 
            public_ip=None, 
            reuse=False
        ), 
        engine_dir='.', 
        engine_file='~/.ipython/profile_default/security/ipcontroller-engine.json', 
        label='midway_ipp', 
        managed=True, 
        provider=SlurmProvider(
            'sandyb',
            channel=LocalChannel(
                envs={}, 
                script_dir='/scratch/midway2/madduru/parsl/parsl/tests/integration/test_stress/.scripts', 
                userhome='/scratch/midway2/madduru/parsl/parsl/tests/integration/test_stress'
            ), 
            cmd_timeout=10, 
            init_blocks=1, 
            label='slurm', 
            launcher=<libsubmit.launchers.launchers.SingleNodeLauncher object at 0x7f5ba9466da0>, 
            max_blocks=1, 
            min_blocks=1, 
            nodes_per_block=1, 
            overrides='module load Anaconda3/5.1.0; export PARSL_TESTING=True', 
            parallelism=0.5, 
            script_dir='parsl_scripts', 
            tasks_per_node=4, 
            walltime=11
        ), 
        storage_access=[], 
        working_dir=None
    )], 
    lazy_errors=True, 
    retries=0, 
    run_dir='runinfo', 
    strategy='simple', 
    usage_tracking=True
)
2018-07-11 13:51:23 parsl.dataflow.rundirs:36 [DEBUG]  Parsl run initializing in rundir:runinfo/979
2018-07-11 13:51:23 parsl.dataflow.dflow:71 [INFO]  Parsl version: 0.5.1
2018-07-11 13:51:23 parsl.dataflow.dflow:72 [INFO]  Libsubmit version: 0.5.0-a0
2018-07-11 13:51:23 parsl.dataflow.usage_tracking.usage:125 [DEBUG]  Tracking status: True
2018-07-11 13:51:23 parsl.dataflow.usage_tracking.usage:126 [DEBUG]  Testing mode   : False
2018-07-11 13:51:23 parsl.dataflow.memoization:52 [INFO]  App caching initialized
2018-07-11 13:51:23 parsl.executors.ipp_controller:83 [DEBUG]  Starting ipcontroller with 'ipcontroller --ipython-dir=/scratch/midway2/madduru/parsl/parsl/tests/integration/test_stress/runinfo/979 --ip=* --profile=midway_ipp   '
2018-07-11 13:51:25 parsl.executors.ipp:97 [DEBUG]  Waiting for /scratch/midway2/madduru/parsl/parsl/tests/integration/test_stress/runinfo/979/profile_midway_ipp/security/ipcontroller-client.json
2018-07-11 13:51:25 parsl.executors.ipp:114 [DEBUG]  Starting IPyParallelExecutor with provider:
SlurmProvider(
    'sandyb',
    channel=LocalChannel(
        envs={}, 
        script_dir='/scratch/midway2/madduru/parsl/parsl/tests/integration/test_stress/.scripts', 
        userhome='/scratch/midway2/madduru/parsl/parsl/tests/integration/test_stress'
    ), 
    cmd_timeout=10, 
    init_blocks=1, 
    label='slurm', 
    launcher=<libsubmit.launchers.launchers.SingleNodeLauncher object at 0x7f5ba9466da0>, 
    max_blocks=1, 
    min_blocks=1, 
    nodes_per_block=1, 
    overrides='module load Anaconda3/5.1.0; export PARSL_TESTING=True', 
    parallelism=0.5, 
    script_dir='parsl_scripts', 
    tasks_per_node=4, 
    walltime=11
)
2018-07-11 13:51:25 parsl.executors.ipp:119 [DEBUG]  Launched block: 0:47408834
2018-07-11 13:51:25 parsl.executors.ipp:134 [DEBUG]  Starting executor
2018-07-11 13:51:25 parsl.dataflow.strategy:120 [DEBUG]  Scaling strategy: simple
2018-07-11 13:51:25 parsl.dataflow.dflow:480 [INFO]  Task 0 submitted for App sleeper, waiting on tasks []
2018-07-11 13:51:25 parsl.dataflow.dflow:286 [INFO]  Task 0 launched on executor midway_ipp
2018-07-11 13:51:25 parsl.dataflow.dflow:501 [DEBUG]  Task 0 launched with AppFuture: <AppFuture at 0x7f5b7e836e48 state=pending>
2018-07-11 13:51:25 parsl.dataflow.dflow:480 [INFO]  Task 1 submitted for App sleeper, waiting on tasks []
2018-07-11 13:51:25 parsl.dataflow.dflow:286 [INFO]  Task 1 launched on executor midway_ipp
2018-07-11 13:51:25 parsl.dataflow.dflow:501 [DEBUG]  Task 1 launched with AppFuture: <AppFuture at 0x7f5b505986a0 state=pending>
2018-07-11 13:51:25 parsl.dataflow.dflow:480 [INFO]  Task 2 submitted for App sleeper, waiting on tasks []
2018-07-11 13:51:25 parsl.dataflow.dflow:286 [INFO]  Task 2 launched on executor midway_ipp
2018-07-11 13:51:25 parsl.dataflow.dflow:501 [DEBUG]  Task 2 launched with AppFuture: <AppFuture at 0x7f5b50598eb8 state=pending>
2018-07-11 13:51:25 parsl.dataflow.dflow:480 [INFO]  Task 3 submitted for App sleeper, waiting on tasks []
2018-07-11 13:51:25 parsl.dataflow.dflow:286 [INFO]  Task 3 launched on executor midway_ipp
2018-07-11 13:51:25 parsl.dataflow.dflow:501 [DEBUG]  Task 3 launched with AppFuture: <AppFuture at 0x7f5b505a2710 state=pending>
2018-07-11 13:51:25 parsl.dataflow.dflow:480 [INFO]  Task 4 submitted for App sleeper, waiting on tasks []
2018-07-11 13:51:25 parsl.dataflow.dflow:286 [INFO]  Task 4 launched on executor midway_ipp
2018-07-11 13:51:25 parsl.dataflow.dflow:501 [DEBUG]  Task 4 launched with AppFuture: <AppFuture at 0x7f5b505a2f28 state=pending>
2018-07-11 13:51:25 parsl.dataflow.dflow:480 [INFO]  Task 5 submitted for App sleeper, waiting on tasks []
2018-07-11 13:51:25 parsl.dataflow.dflow:286 [INFO]  Task 5 launched on executor midway_ipp
2018-07-11 13:51:25 parsl.dataflow.dflow:501 [DEBUG]  Task 5 launched with AppFuture: <AppFuture at 0x7f5b505af780 state=pending>
2018-07-11 13:51:25 parsl.dataflow.dflow:480 [INFO]  Task 6 submitted for App sleeper, waiting on tasks []
2018-07-11 13:51:25 parsl.dataflow.dflow:286 [INFO]  Task 6 launched on executor midway_ipp
2018-07-11 13:51:25 parsl.dataflow.dflow:501 [DEBUG]  Task 6 launched with AppFuture: <AppFuture at 0x7f5b505aff98 state=pending>
2018-07-11 13:51:25 parsl.dataflow.dflow:480 [INFO]  Task 7 submitted for App sleeper, waiting on tasks []
2018-07-11 13:51:25 parsl.dataflow.dflow:286 [INFO]  Task 7 launched on executor midway_ipp
2018-07-11 13:51:25 parsl.dataflow.dflow:501 [DEBUG]  Task 7 launched with AppFuture: <AppFuture at 0x7f5b505ba7f0 state=pending>
2018-07-11 13:51:25 parsl.dataflow.dflow:480 [INFO]  Task 8 submitted for App sleeper, waiting on tasks []
2018-07-11 13:51:25 parsl.dataflow.dflow:286 [INFO]  Task 8 launched on executor midway_ipp
2018-07-11 13:51:25 parsl.dataflow.dflow:501 [DEBUG]  Task 8 launched with AppFuture: <AppFuture at 0x7f5b505c7048 state=pending>
2018-07-11 13:51:25 parsl.dataflow.dflow:480 [INFO]  Task 9 submitted for App sleeper, waiting on tasks []
2018-07-11 13:51:25 parsl.dataflow.dflow:286 [INFO]  Task 9 launched on executor midway_ipp
2018-07-11 13:51:25 parsl.dataflow.dflow:501 [DEBUG]  Task 9 launched with AppFuture: <AppFuture at 0x7f5b505c7860 state=pending>
2018-07-11 13:51:25 parsl.dataflow.dflow:480 [INFO]  Task 10 submitted for App sleeper, waiting on tasks []
2018-07-11 13:51:25 parsl.dataflow.dflow:286 [INFO]  Task 10 launched on executor midway_ipp
2018-07-11 13:51:25 parsl.dataflow.dflow:501 [DEBUG]  Task 10 launched with AppFuture: <AppFuture at 0x7f5b505cf0b8 state=pending>
2018-07-11 13:51:25 parsl.dataflow.dflow:480 [INFO]  Task 11 submitted for App sleeper, waiting on tasks []
2018-07-11 13:51:25 parsl.dataflow.dflow:286 [INFO]  Task 11 launched on executor midway_ipp
2018-07-11 13:51:25 parsl.dataflow.dflow:501 [DEBUG]  Task 11 launched with AppFuture: <AppFuture at 0x7f5b505cf8d0 state=pending>
2018-07-11 13:51:25 parsl.dataflow.dflow:480 [INFO]  Task 12 submitted for App sleeper, waiting on tasks []
2018-07-11 13:51:25 parsl.dataflow.dflow:286 [INFO]  Task 12 launched on executor midway_ipp
2018-07-11 13:51:25 parsl.dataflow.dflow:501 [DEBUG]  Task 12 launched with AppFuture: <AppFuture at 0x7f5b5055a128 state=pending>
2018-07-11 13:51:25 parsl.dataflow.dflow:480 [INFO]  Task 13 submitted for App sleeper, waiting on tasks []
2018-07-11 13:51:25 parsl.dataflow.dflow:286 [INFO]  Task 13 launched on executor midway_ipp
2018-07-11 13:51:25 parsl.dataflow.dflow:501 [DEBUG]  Task 13 launched with AppFuture: <AppFuture at 0x7f5b5055a940 state=pending>
2018-07-11 13:51:25 parsl.dataflow.dflow:480 [INFO]  Task 14 submitted for App sleeper, waiting on tasks []
2018-07-11 13:51:25 parsl.dataflow.dflow:286 [INFO]  Task 14 launched on executor midway_ipp
2018-07-11 13:51:25 parsl.dataflow.dflow:501 [DEBUG]  Task 14 launched with AppFuture: <AppFuture at 0x7f5b50568198 state=pending>
2018-07-11 13:51:25 parsl.dataflow.dflow:480 [INFO]  Task 15 submitted for App sleeper, waiting on tasks []
2018-07-11 13:51:25 parsl.dataflow.dflow:286 [INFO]  Task 15 launched on executor midway_ipp
2018-07-11 13:51:25 parsl.dataflow.dflow:501 [DEBUG]  Task 15 launched with AppFuture: <AppFuture at 0x7f5b505689b0 state=pending>
2018-07-11 13:51:25 parsl.dataflow.dflow:480 [INFO]  Task 16 submitted for App sleeper, waiting on tasks []
2018-07-11 13:51:25 parsl.dataflow.dflow:286 [INFO]  Task 16 launched on executor midway_ipp
2018-07-11 13:51:25 parsl.dataflow.dflow:501 [DEBUG]  Task 16 launched with AppFuture: <AppFuture at 0x7f5b50573208 state=pending>
2018-07-11 13:51:25 parsl.dataflow.dflow:480 [INFO]  Task 17 submitted for App sleeper, waiting on tasks []
2018-07-11 13:51:25 parsl.dataflow.dflow:286 [INFO]  Task 17 launched on executor midway_ipp
2018-07-11 13:51:25 parsl.dataflow.dflow:501 [DEBUG]  Task 17 launched with AppFuture: <AppFuture at 0x7f5b50573a20 state=pending>
2018-07-11 13:51:25 parsl.dataflow.dflow:480 [INFO]  Task 18 submitted for App sleeper, waiting on tasks []
2018-07-11 13:51:25 parsl.dataflow.dflow:286 [INFO]  Task 18 launched on executor midway_ipp
2018-07-11 13:51:25 parsl.dataflow.dflow:501 [DEBUG]  Task 18 launched with AppFuture: <AppFuture at 0x7f5b5057f278 state=pending>
2018-07-11 13:51:25 parsl.dataflow.dflow:480 [INFO]  Task 19 submitted for App sleeper, waiting on tasks []
2018-07-11 13:51:25 parsl.dataflow.dflow:286 [INFO]  Task 19 launched on executor midway_ipp
2018-07-11 13:51:25 parsl.dataflow.dflow:501 [DEBUG]  Task 19 launched with AppFuture: <AppFuture at 0x7f5b5057fa90 state=pending>
2018-07-11 13:51:25 parsl.dataflow.dflow:480 [INFO]  Task 20 submitted for App sleeper, waiting on tasks []
2018-07-11 13:51:25 parsl.dataflow.dflow:286 [INFO]  Task 20 launched on executor midway_ipp
2018-07-11 13:51:25 parsl.dataflow.dflow:501 [DEBUG]  Task 20 launched with AppFuture: <AppFuture at 0x7f5b505892e8 state=pending>
2018-07-11 13:51:25 parsl.dataflow.dflow:480 [INFO]  Task 21 submitted for App sleeper, waiting on tasks []
2018-07-11 13:51:25 parsl.dataflow.dflow:286 [INFO]  Task 21 launched on executor midway_ipp
2018-07-11 13:51:25 parsl.dataflow.dflow:501 [DEBUG]  Task 21 launched with AppFuture: <AppFuture at 0x7f5b50589b00 state=pending>
2018-07-11 13:51:25 parsl.dataflow.dflow:480 [INFO]  Task 22 submitted for App sleeper, waiting on tasks []
2018-07-11 13:51:25 parsl.dataflow.dflow:286 [INFO]  Task 22 launched on executor midway_ipp
2018-07-11 13:51:25 parsl.dataflow.dflow:501 [DEBUG]  Task 22 launched with AppFuture: <AppFuture at 0x7f5b50594358 state=pending>
2018-07-11 13:51:25 parsl.dataflow.dflow:480 [INFO]  Task 23 submitted for App sleeper, waiting on tasks []
2018-07-11 13:51:25 parsl.dataflow.dflow:286 [INFO]  Task 23 launched on executor midway_ipp
2018-07-11 13:51:25 parsl.dataflow.dflow:501 [DEBUG]  Task 23 launched with AppFuture: <AppFuture at 0x7f5b50594b70 state=pending>
2018-07-11 13:51:25 parsl.dataflow.dflow:480 [INFO]  Task 24 submitted for App sleeper, waiting on tasks []
2018-07-11 13:51:25 parsl.dataflow.dflow:286 [INFO]  Task 24 launched on executor midway_ipp
2018-07-11 13:51:25 parsl.dataflow.dflow:501 [DEBUG]  Task 24 launched with AppFuture: <AppFuture at 0x7f5b5051f3c8 state=pending>
2018-07-11 13:51:26 parsl.dataflow.strategy:175 [DEBUG]  Tasks:25 Slots:4 Parallelism:0.5
2018-07-11 13:51:31 parsl.dataflow.strategy:175 [DEBUG]  Tasks:25 Slots:4 Parallelism:0.5
2018-07-11 13:51:36 parsl.dataflow.strategy:175 [DEBUG]  Tasks:25 Slots:4 Parallelism:0.5
2018-07-11 13:51:41 parsl.dataflow.strategy:175 [DEBUG]  Tasks:25 Slots:4 Parallelism:0.5
2018-07-11 13:51:48 parsl.dataflow.strategy:175 [DEBUG]  Tasks:25 Slots:4 Parallelism:0.5
2018-07-11 13:51:53 parsl.dataflow.strategy:175 [DEBUG]  Tasks:25 Slots:4 Parallelism:0.5
2018-07-11 13:51:58 parsl.dataflow.strategy:175 [DEBUG]  Tasks:25 Slots:4 Parallelism:0.5
2018-07-11 13:52:01 parsl.dataflow.strategy:175 [DEBUG]  Tasks:25 Slots:4 Parallelism:0.5
2018-07-11 13:52:02 parsl.dataflow.dflow:185 [INFO]  Task 3 completed
2018-07-11 13:52:02 parsl.dataflow.dflow:185 [INFO]  Task 0 completed
2018-07-11 13:52:02 parsl.dataflow.dflow:185 [INFO]  Task 1 completed
2018-07-11 13:52:02 parsl.dataflow.dflow:185 [INFO]  Task 2 completed
2018-07-11 13:52:03 parsl.dataflow.dflow:185 [INFO]  Task 5 completed
2018-07-11 13:52:03 parsl.dataflow.dflow:185 [INFO]  Task 6 completed
2018-07-11 13:52:03 parsl.dataflow.dflow:185 [INFO]  Task 4 completed
2018-07-11 13:52:03 parsl.dataflow.dflow:185 [INFO]  Task 7 completed
2018-07-11 13:52:04 parsl.dataflow.dflow:185 [INFO]  Task 10 completed
2018-07-11 13:52:04 parsl.dataflow.dflow:185 [INFO]  Task 8 completed
2018-07-11 13:52:04 parsl.dataflow.dflow:185 [INFO]  Task 9 completed
2018-07-11 13:52:04 parsl.dataflow.dflow:185 [INFO]  Task 11 completed
2018-07-11 13:52:05 parsl.dataflow.dflow:185 [INFO]  Task 12 completed
2018-07-11 13:52:05 parsl.dataflow.dflow:185 [INFO]  Task 13 completed
2018-07-11 13:52:05 parsl.dataflow.dflow:185 [INFO]  Task 14 completed
2018-07-11 13:52:06 parsl.dataflow.dflow:185 [INFO]  Task 15 completed
2018-07-11 13:52:06 parsl.dataflow.strategy:175 [DEBUG]  Tasks:9 Slots:4 Parallelism:0.5
2018-07-11 13:52:07 parsl.dataflow.dflow:185 [INFO]  Task 17 completed
2018-07-11 13:52:07 parsl.dataflow.dflow:185 [INFO]  Task 16 completed
2018-07-11 13:52:07 parsl.dataflow.dflow:185 [INFO]  Task 18 completed
2018-07-11 13:52:07 parsl.dataflow.dflow:185 [INFO]  Task 19 completed
2018-07-11 13:52:08 parsl.dataflow.dflow:185 [INFO]  Task 22 completed
2018-07-11 13:52:08 parsl.dataflow.dflow:185 [INFO]  Task 20 completed
2018-07-11 13:52:08 parsl.dataflow.dflow:185 [INFO]  Task 21 completed
2018-07-11 13:52:08 parsl.dataflow.dflow:185 [INFO]  Task 23 completed
2018-07-11 13:52:09 parsl.dataflow.dflow:185 [INFO]  Task 24 completed
2018-07-11 13:52:09 parsl.dataflow.dflow:591 [INFO]  DFK cleanup initiated
2018-07-11 13:52:09 parsl.dataflow.dflow:538 [INFO]  Summary of tasks in DFK:
2018-07-11 13:52:09 parsl.dataflow.dflow:569 [INFO]  Tasks in state States.done: 0, 1, 2, 3, 4, 5, 6, 7, 8, 9, 10, 11, 12, 13, 14, 15, 16, 17, 18, 19, 20, 21, 22, 23, 24
2018-07-11 13:52:09 parsl.dataflow.dflow:576 [INFO]  End of summary
2018-07-11 13:52:09 parsl.dataflow.dflow:615 [INFO]  Terminating flow_control and strategy threads
2018-07-11 13:52:09 parsl.executors.ipp:282 [DEBUG]  IPP:Shutdown sequence: Attempting controller kill
2018-07-11 13:52:09 parsl.executors.ipp_controller:142 [DEBUG]  Controller exited with 0
2018-07-11 13:52:09 parsl.executors.ipp:292 [DEBUG]  Done with executor shutdown
2018-07-11 13:52:09 parsl.data_provider.data_manager:66 [DEBUG]  Done with executor shutdown
2018-07-11 13:52:09 parsl.dataflow.dflow:625 [INFO]  DFK cleanup complete
2018-07-11 13:52:09 parsl.config:65 [DEBUG]  Checkpoint period only has an effect with checkpoint_mode='periodic'
2018-07-11 13:52:09 parsl.dataflow.dflow:66 [DEBUG]  Starting DataFlowKernel with config
Config(
    app_cache=True, 
    checkpoint_files=None, 
    checkpoint_mode=None, 
    checkpoint_period='00:30:00', 
    data_management_max_threads=10, 
    executors=[IPyParallelExecutor(
        container_image=None, 
        controller=Controller(
            interfaces=None, 
            ipython_dir='/scratch/midway2/madduru/parsl/parsl/tests/integration/test_stress/runinfo/979', 
            log=True, 
            mode='auto', 
            port=None, 
            port_range=None, 
            profile='midway_ipp', 
            public_ip=None, 
            reuse=False
        ), 
        engine_dir='.', 
        engine_file='~/.ipython/profile_default/security/ipcontroller-engine.json', 
        label='midway_ipp', 
        managed=True, 
        provider=SlurmProvider(
            'sandyb',
            channel=LocalChannel(
                envs={}, 
                script_dir='/scratch/midway2/madduru/parsl/parsl/tests/integration/test_stress/.scripts', 
                userhome='/scratch/midway2/madduru/parsl/parsl/tests/integration/test_stress'
            ), 
            cmd_timeout=10, 
            init_blocks=1, 
            label='slurm', 
            launcher=<libsubmit.launchers.launchers.SingleNodeLauncher object at 0x7f5ba9466da0>, 
            max_blocks=1, 
            min_blocks=1, 
            nodes_per_block=1, 
            overrides='module load Anaconda3/5.1.0; export PARSL_TESTING=True', 
            parallelism=0.5, 
            script_dir='parsl_scripts', 
            tasks_per_node=8, 
            walltime=11
        ), 
        storage_access=[], 
        working_dir=None
    )], 
    lazy_errors=True, 
    retries=0, 
    run_dir='runinfo', 
    strategy='simple', 
    usage_tracking=True
)
2018-07-11 13:52:09 parsl.dataflow.rundirs:36 [DEBUG]  Parsl run initializing in rundir:runinfo/980
2018-07-11 13:52:09 parsl.dataflow.dflow:71 [INFO]  Parsl version: 0.5.1
2018-07-11 13:52:09 parsl.dataflow.dflow:72 [INFO]  Libsubmit version: 0.5.0-a0
2018-07-11 13:52:09 parsl.dataflow.usage_tracking.usage:125 [DEBUG]  Tracking status: True
2018-07-11 13:52:09 parsl.dataflow.usage_tracking.usage:126 [DEBUG]  Testing mode   : False
2018-07-11 13:52:09 parsl.dataflow.memoization:52 [INFO]  App caching initialized
2018-07-11 13:52:09 parsl.executors.ipp_controller:83 [DEBUG]  Starting ipcontroller with 'ipcontroller --ipython-dir=/scratch/midway2/madduru/parsl/parsl/tests/integration/test_stress/runinfo/980 --ip=* --profile=midway_ipp   '
2018-07-11 13:52:13 parsl.executors.ipp:97 [DEBUG]  Waiting for /scratch/midway2/madduru/parsl/parsl/tests/integration/test_stress/runinfo/980/profile_midway_ipp/security/ipcontroller-client.json
2018-07-11 13:52:13 parsl.executors.ipp:114 [DEBUG]  Starting IPyParallelExecutor with provider:
SlurmProvider(
    'sandyb',
    channel=LocalChannel(
        envs={}, 
        script_dir='/scratch/midway2/madduru/parsl/parsl/tests/integration/test_stress/.scripts', 
        userhome='/scratch/midway2/madduru/parsl/parsl/tests/integration/test_stress'
    ), 
    cmd_timeout=10, 
    init_blocks=1, 
    label='slurm', 
    launcher=<libsubmit.launchers.launchers.SingleNodeLauncher object at 0x7f5ba9466da0>, 
    max_blocks=1, 
    min_blocks=1, 
    nodes_per_block=1, 
    overrides='module load Anaconda3/5.1.0; export PARSL_TESTING=True', 
    parallelism=0.5, 
    script_dir='parsl_scripts', 
    tasks_per_node=8, 
    walltime=11
)
2018-07-11 13:52:13 parsl.executors.ipp:119 [DEBUG]  Launched block: 0:47408858
2018-07-11 13:52:13 parsl.executors.ipp:134 [DEBUG]  Starting executor
2018-07-11 13:52:13 parsl.dataflow.strategy:120 [DEBUG]  Scaling strategy: simple
2018-07-11 13:52:13 parsl.dataflow.dflow:480 [INFO]  Task 0 submitted for App sleeper, waiting on tasks []
2018-07-11 13:52:13 parsl.dataflow.dflow:286 [INFO]  Task 0 launched on executor midway_ipp
2018-07-11 13:52:13 parsl.dataflow.dflow:501 [DEBUG]  Task 0 launched with AppFuture: <AppFuture at 0x7f5b50545748 state=pending>
2018-07-11 13:52:13 parsl.dataflow.dflow:480 [INFO]  Task 1 submitted for App sleeper, waiting on tasks []
2018-07-11 13:52:13 parsl.dataflow.dflow:286 [INFO]  Task 1 launched on executor midway_ipp
2018-07-11 13:52:13 parsl.dataflow.dflow:501 [DEBUG]  Task 1 launched with AppFuture: <AppFuture at 0x7f5b50545f60 state=pending>
2018-07-11 13:52:13 parsl.dataflow.dflow:480 [INFO]  Task 2 submitted for App sleeper, waiting on tasks []
2018-07-11 13:52:13 parsl.dataflow.dflow:286 [INFO]  Task 2 launched on executor midway_ipp
2018-07-11 13:52:13 parsl.dataflow.dflow:501 [DEBUG]  Task 2 launched with AppFuture: <AppFuture at 0x7f5b5053a7b8 state=pending>
2018-07-11 13:52:13 parsl.dataflow.dflow:480 [INFO]  Task 3 submitted for App sleeper, waiting on tasks []
2018-07-11 13:52:13 parsl.dataflow.dflow:286 [INFO]  Task 3 launched on executor midway_ipp
2018-07-11 13:52:13 parsl.dataflow.dflow:501 [DEBUG]  Task 3 launched with AppFuture: <AppFuture at 0x7f5b5053afd0 state=pending>
2018-07-11 13:52:13 parsl.dataflow.dflow:480 [INFO]  Task 4 submitted for App sleeper, waiting on tasks []
2018-07-11 13:52:13 parsl.dataflow.dflow:286 [INFO]  Task 4 launched on executor midway_ipp
2018-07-11 13:52:13 parsl.dataflow.dflow:501 [DEBUG]  Task 4 launched with AppFuture: <AppFuture at 0x7f5b50554828 state=pending>
2018-07-11 13:52:13 parsl.dataflow.dflow:480 [INFO]  Task 5 submitted for App sleeper, waiting on tasks []
2018-07-11 13:52:13 parsl.dataflow.dflow:286 [INFO]  Task 5 launched on executor midway_ipp
2018-07-11 13:52:13 parsl.dataflow.dflow:501 [DEBUG]  Task 5 launched with AppFuture: <AppFuture at 0x7f5b504e0080 state=pending>
2018-07-11 13:52:13 parsl.dataflow.dflow:480 [INFO]  Task 6 submitted for App sleeper, waiting on tasks []
2018-07-11 13:52:13 parsl.dataflow.dflow:286 [INFO]  Task 6 launched on executor midway_ipp
2018-07-11 13:52:13 parsl.dataflow.dflow:501 [DEBUG]  Task 6 launched with AppFuture: <AppFuture at 0x7f5b504e0898 state=pending>
2018-07-11 13:52:13 parsl.dataflow.dflow:480 [INFO]  Task 7 submitted for App sleeper, waiting on tasks []
2018-07-11 13:52:13 parsl.dataflow.dflow:286 [INFO]  Task 7 launched on executor midway_ipp
2018-07-11 13:52:13 parsl.dataflow.dflow:501 [DEBUG]  Task 7 launched with AppFuture: <AppFuture at 0x7f5b504ee0f0 state=pending>
2018-07-11 13:52:13 parsl.dataflow.dflow:480 [INFO]  Task 8 submitted for App sleeper, waiting on tasks []
2018-07-11 13:52:13 parsl.dataflow.dflow:286 [INFO]  Task 8 launched on executor midway_ipp
2018-07-11 13:52:13 parsl.dataflow.dflow:501 [DEBUG]  Task 8 launched with AppFuture: <AppFuture at 0x7f5b504ee908 state=pending>
2018-07-11 13:52:13 parsl.dataflow.dflow:480 [INFO]  Task 9 submitted for App sleeper, waiting on tasks []
2018-07-11 13:52:13 parsl.dataflow.dflow:286 [INFO]  Task 9 launched on executor midway_ipp
2018-07-11 13:52:13 parsl.dataflow.dflow:501 [DEBUG]  Task 9 launched with AppFuture: <AppFuture at 0x7f5b504f8160 state=pending>
2018-07-11 13:52:13 parsl.dataflow.dflow:480 [INFO]  Task 10 submitted for App sleeper, waiting on tasks []
2018-07-11 13:52:13 parsl.dataflow.dflow:286 [INFO]  Task 10 launched on executor midway_ipp
2018-07-11 13:52:13 parsl.dataflow.dflow:501 [DEBUG]  Task 10 launched with AppFuture: <AppFuture at 0x7f5b504f8978 state=pending>
2018-07-11 13:52:13 parsl.dataflow.dflow:480 [INFO]  Task 11 submitted for App sleeper, waiting on tasks []
2018-07-11 13:52:13 parsl.dataflow.dflow:286 [INFO]  Task 11 launched on executor midway_ipp
2018-07-11 13:52:13 parsl.dataflow.dflow:501 [DEBUG]  Task 11 launched with AppFuture: <AppFuture at 0x7f5b505031d0 state=pending>
2018-07-11 13:52:13 parsl.dataflow.dflow:480 [INFO]  Task 12 submitted for App sleeper, waiting on tasks []
2018-07-11 13:52:13 parsl.dataflow.dflow:286 [INFO]  Task 12 launched on executor midway_ipp
2018-07-11 13:52:13 parsl.dataflow.dflow:501 [DEBUG]  Task 12 launched with AppFuture: <AppFuture at 0x7f5b505039e8 state=pending>
2018-07-11 13:52:13 parsl.dataflow.dflow:480 [INFO]  Task 13 submitted for App sleeper, waiting on tasks []
2018-07-11 13:52:13 parsl.dataflow.dflow:286 [INFO]  Task 13 launched on executor midway_ipp
2018-07-11 13:52:13 parsl.dataflow.dflow:501 [DEBUG]  Task 13 launched with AppFuture: <AppFuture at 0x7f5b5050d240 state=pending>
2018-07-11 13:52:13 parsl.dataflow.dflow:480 [INFO]  Task 14 submitted for App sleeper, waiting on tasks []
2018-07-11 13:52:13 parsl.dataflow.dflow:286 [INFO]  Task 14 launched on executor midway_ipp
2018-07-11 13:52:13 parsl.dataflow.dflow:501 [DEBUG]  Task 14 launched with AppFuture: <AppFuture at 0x7f5b5050da58 state=pending>
2018-07-11 13:52:13 parsl.dataflow.dflow:480 [INFO]  Task 15 submitted for App sleeper, waiting on tasks []
2018-07-11 13:52:13 parsl.dataflow.dflow:286 [INFO]  Task 15 launched on executor midway_ipp
2018-07-11 13:52:13 parsl.dataflow.dflow:501 [DEBUG]  Task 15 launched with AppFuture: <AppFuture at 0x7f5b5049a2b0 state=pending>
2018-07-11 13:52:13 parsl.dataflow.dflow:480 [INFO]  Task 16 submitted for App sleeper, waiting on tasks []
2018-07-11 13:52:13 parsl.dataflow.dflow:286 [INFO]  Task 16 launched on executor midway_ipp
2018-07-11 13:52:13 parsl.dataflow.dflow:501 [DEBUG]  Task 16 launched with AppFuture: <AppFuture at 0x7f5b5049aac8 state=pending>
2018-07-11 13:52:13 parsl.dataflow.dflow:480 [INFO]  Task 17 submitted for App sleeper, waiting on tasks []
2018-07-11 13:52:13 parsl.dataflow.dflow:286 [INFO]  Task 17 launched on executor midway_ipp
2018-07-11 13:52:13 parsl.dataflow.dflow:501 [DEBUG]  Task 17 launched with AppFuture: <AppFuture at 0x7f5b504a5320 state=pending>
2018-07-11 13:52:13 parsl.dataflow.dflow:480 [INFO]  Task 18 submitted for App sleeper, waiting on tasks []
2018-07-11 13:52:13 parsl.dataflow.dflow:286 [INFO]  Task 18 launched on executor midway_ipp
2018-07-11 13:52:13 parsl.dataflow.dflow:501 [DEBUG]  Task 18 launched with AppFuture: <AppFuture at 0x7f5b504a5b38 state=pending>
2018-07-11 13:52:13 parsl.dataflow.dflow:480 [INFO]  Task 19 submitted for App sleeper, waiting on tasks []
2018-07-11 13:52:13 parsl.dataflow.dflow:286 [INFO]  Task 19 launched on executor midway_ipp
2018-07-11 13:52:13 parsl.dataflow.dflow:501 [DEBUG]  Task 19 launched with AppFuture: <AppFuture at 0x7f5b504b1390 state=pending>
2018-07-11 13:52:13 parsl.dataflow.dflow:480 [INFO]  Task 20 submitted for App sleeper, waiting on tasks []
2018-07-11 13:52:13 parsl.dataflow.dflow:286 [INFO]  Task 20 launched on executor midway_ipp
2018-07-11 13:52:13 parsl.dataflow.dflow:501 [DEBUG]  Task 20 launched with AppFuture: <AppFuture at 0x7f5b504b1ba8 state=pending>
2018-07-11 13:52:13 parsl.dataflow.dflow:480 [INFO]  Task 21 submitted for App sleeper, waiting on tasks []
2018-07-11 13:52:13 parsl.dataflow.dflow:286 [INFO]  Task 21 launched on executor midway_ipp
2018-07-11 13:52:13 parsl.dataflow.dflow:501 [DEBUG]  Task 21 launched with AppFuture: <AppFuture at 0x7f5b504ba400 state=pending>
2018-07-11 13:52:13 parsl.dataflow.dflow:480 [INFO]  Task 22 submitted for App sleeper, waiting on tasks []
2018-07-11 13:52:13 parsl.dataflow.dflow:286 [INFO]  Task 22 launched on executor midway_ipp
2018-07-11 13:52:13 parsl.dataflow.dflow:501 [DEBUG]  Task 22 launched with AppFuture: <AppFuture at 0x7f5b504bac18 state=pending>
2018-07-11 13:52:13 parsl.dataflow.dflow:480 [INFO]  Task 23 submitted for App sleeper, waiting on tasks []
2018-07-11 13:52:13 parsl.dataflow.dflow:286 [INFO]  Task 23 launched on executor midway_ipp
2018-07-11 13:52:13 parsl.dataflow.dflow:501 [DEBUG]  Task 23 launched with AppFuture: <AppFuture at 0x7f5b504c6470 state=pending>
2018-07-11 13:52:13 parsl.dataflow.dflow:480 [INFO]  Task 24 submitted for App sleeper, waiting on tasks []
2018-07-11 13:52:13 parsl.dataflow.dflow:286 [INFO]  Task 24 launched on executor midway_ipp
2018-07-11 13:52:13 parsl.dataflow.dflow:501 [DEBUG]  Task 24 launched with AppFuture: <AppFuture at 0x7f5b504c6c88 state=pending>
2018-07-11 13:52:14 parsl.dataflow.strategy:175 [DEBUG]  Tasks:25 Slots:8 Parallelism:0.5
2018-07-11 13:52:14 parsl.dataflow.dflow:591 [INFO]  DFK cleanup initiated
2018-07-11 13:52:14 parsl.dataflow.dflow:538 [INFO]  Summary of tasks in DFK:
2018-07-11 13:52:14 parsl.dataflow.dflow:569 [INFO]  Tasks in state States.running: 0, 1, 2, 3, 4, 5, 6, 7, 8, 9, 10, 11, 12, 13, 14, 15, 16, 17, 18, 19, 20, 21, 22, 23, 24
2018-07-11 13:52:14 parsl.dataflow.dflow:576 [INFO]  End of summary
2018-07-11 13:52:14 parsl.dataflow.dflow:615 [INFO]  Terminating flow_control and strategy threads
2018-07-11 13:52:14 parsl.executors.ipp:282 [DEBUG]  IPP:Shutdown sequence: Attempting controller kill
2018-07-11 13:52:15 parsl.executors.ipp_controller:142 [DEBUG]  Controller exited with 0
2018-07-11 13:52:15 parsl.executors.ipp:292 [DEBUG]  Done with executor shutdown
2018-07-11 13:52:15 parsl.data_provider.data_manager:66 [DEBUG]  Done with executor shutdown
2018-07-11 13:52:15 parsl.dataflow.dflow:625 [INFO]  DFK cleanup complete
