2018-07-16 10:40:47.882 [IPControllerApp] Created profile dir: '/scratch/midway2/madduru/parsl/parsl/tests/integration/test_stress/runinfo/1103/profile_midway_ipp'
2018-07-16 10:40:47.899 [IPControllerApp] Hub listening on tcp://*:38914 for registration.
2018-07-16 10:40:47.901 [IPControllerApp] Hub using DB backend: 'DictDB'
2018-07-16 10:40:48.164 [IPControllerApp] hub::created hub
2018-07-16 10:40:48.165 [IPControllerApp] writing connection info to /scratch/midway2/madduru/parsl/parsl/tests/integration/test_stress/runinfo/1103/profile_midway_ipp/security/ipcontroller-client.json
2018-07-16 10:40:48.166 [IPControllerApp] writing connection info to /scratch/midway2/madduru/parsl/parsl/tests/integration/test_stress/runinfo/1103/profile_midway_ipp/security/ipcontroller-engine.json
2018-07-16 10:40:48.166 [IPControllerApp] task::using Python leastload Task scheduler
2018-07-16 10:40:48.167 [IPControllerApp] Heartmonitor started
2018-07-16 10:40:48.177 [IPControllerApp] Creating pid file: /scratch/midway2/madduru/parsl/parsl/tests/integration/test_stress/runinfo/1103/profile_midway_ipp/pid/ipcontroller.pid
2018-07-16 10:40:48.186 [scheduler] Scheduler started [leastload]
2018-07-16 10:40:48.189 [IPControllerApp] client::client b'\x00k\x8bEg' requested 'connection_request'
2018-07-16 10:40:48.189 [IPControllerApp] client::client [b'\x00k\x8bEg'] connected
2018-07-16 10:40:49.291 [IPControllerApp] client::client b'\x00k\x8bEh' requested 'connection_request'
2018-07-16 10:40:49.292 [IPControllerApp] client::client [b'\x00k\x8bEh'] connected
2018-07-16 10:40:56.141 [IPControllerApp] client::client b'16248061-20b5b22a3ecda014ab26f169' requested 'registration_request'
2018-07-16 10:40:56.142 [IPControllerApp] client::client b'3ece2d61-ccb4169337fc4420bf5a4513' requested 'registration_request'
2018-07-16 10:40:56.143 [IPControllerApp] client::client b'6ae0c03a-cfdbd10aa5548de72f513f55' requested 'registration_request'
2018-07-16 10:40:56.144 [IPControllerApp] client::client b'47a43a02-1b65aeba2a26dc3a688d7040' requested 'registration_request'
2018-07-16 10:41:00.170 [IPControllerApp] registration::finished registering engine 1:3ece2d61-ccb4169337fc4420bf5a4513
2018-07-16 10:41:00.170 [IPControllerApp] engine::Engine Connected: 1
2018-07-16 10:41:00.172 [IPControllerApp] registration::finished registering engine 0:16248061-20b5b22a3ecda014ab26f169
2018-07-16 10:41:00.172 [IPControllerApp] engine::Engine Connected: 0
2018-07-16 10:41:00.172 [IPControllerApp] registration::finished registering engine 3:47a43a02-1b65aeba2a26dc3a688d7040
2018-07-16 10:41:00.173 [IPControllerApp] engine::Engine Connected: 3
2018-07-16 10:41:00.173 [IPControllerApp] registration::finished registering engine 2:6ae0c03a-cfdbd10aa5548de72f513f55
2018-07-16 10:41:00.174 [IPControllerApp] engine::Engine Connected: 2
2018-07-16 10:41:00.178 [IPControllerApp] task::task '4f3f7e1d-3380e1b416494bebcad0e7ad' arrived on 1
2018-07-16 10:41:00.179 [IPControllerApp] task::task '5c9b096c-180d422938403bf4199a6437' arrived on 0
2018-07-16 10:41:00.180 [IPControllerApp] task::task '05becea2-058138684989c5caded8cb3c' arrived on 3
2018-07-16 10:41:00.182 [IPControllerApp] task::task '720829b8-c974a1912392b816b633b6d3' arrived on 2
2018-07-16 10:41:12.260 [IPControllerApp] task::task '501fe1e5-af4c0337b7a05f13d29bf872' arrived on 2
2018-07-16 10:41:12.262 [IPControllerApp] task::task '720829b8-c974a1912392b816b633b6d3' finished on 2
2018-07-16 10:41:12.265 [IPControllerApp] task::task '3f65a729-0cac58f9bceb36ac69118ca0' arrived on 0
2018-07-16 10:41:12.266 [IPControllerApp] task::task '5c9b096c-180d422938403bf4199a6437' finished on 0
2018-07-16 10:41:12.270 [IPControllerApp] task::task 'bd76dbdb-df9cd6c3bb823763d657d557' arrived on 1
2018-07-16 10:41:12.271 [IPControllerApp] task::task '4f3f7e1d-3380e1b416494bebcad0e7ad' finished on 1
2018-07-16 10:41:12.272 [IPControllerApp] task::task '6521fcfc-fd0ef936ba1106a507d450d9' arrived on 3
2018-07-16 10:41:12.273 [IPControllerApp] task::task '05becea2-058138684989c5caded8cb3c' finished on 3
2018-07-16 10:41:22.280 [IPControllerApp] task::task '8084891f-197b72cef23f26927335ee73' arrived on 3
2018-07-16 10:41:22.281 [IPControllerApp] task::task '6521fcfc-fd0ef936ba1106a507d450d9' finished on 3
2018-07-16 10:41:22.281 [IPControllerApp] task::task 'f852c124-128de883a9d6d22d6d8df5f2' arrived on 1
2018-07-16 10:41:22.283 [IPControllerApp] task::task 'bd76dbdb-df9cd6c3bb823763d657d557' finished on 1
2018-07-16 10:41:22.290 [IPControllerApp] task::task '6f000b06-bc8bb2afdf816d5b09154b8b' arrived on 2
2018-07-16 10:41:22.290 [IPControllerApp] task::task '501fe1e5-af4c0337b7a05f13d29bf872' finished on 2
2018-07-16 10:41:22.291 [IPControllerApp] task::task '5262b657-8cf59cf799a4bcd2a5235575' arrived on 0
2018-07-16 10:41:22.292 [IPControllerApp] task::task '3f65a729-0cac58f9bceb36ac69118ca0' finished on 0
2018-07-16 10:41:32.302 [IPControllerApp] task::task '5d0a7213-ed84c598bb02e382eba8cd72' arrived on 3
2018-07-16 10:41:32.303 [IPControllerApp] task::task '8084891f-197b72cef23f26927335ee73' finished on 3
2018-07-16 10:41:32.306 [IPControllerApp] task::task '24735dde-a6ffb6ec7bb310a682fc04ad' arrived on 1
2018-07-16 10:41:32.308 [IPControllerApp] task::task 'f852c124-128de883a9d6d22d6d8df5f2' finished on 1
2018-07-16 10:41:32.310 [IPControllerApp] task::task '54d8ae42-332f79638423062c8fa1fa20' arrived on 0
2018-07-16 10:41:32.312 [IPControllerApp] task::task '5262b657-8cf59cf799a4bcd2a5235575' finished on 0
2018-07-16 10:41:32.314 [IPControllerApp] task::task 'd5a970ee-f8a58e742e87de48f9978f43' arrived on 2
2018-07-16 10:41:32.315 [IPControllerApp] task::task '6f000b06-bc8bb2afdf816d5b09154b8b' finished on 2
2018-07-16 10:41:42.321 [IPControllerApp] task::task 'c2ce4eff-e62b1af32f77a24d87eb0761' arrived on 2
2018-07-16 10:41:42.322 [IPControllerApp] task::task 'd5a970ee-f8a58e742e87de48f9978f43' finished on 2
2018-07-16 10:41:42.324 [IPControllerApp] task::task 'd10a16fb-fe5356680e0c182c2c2e44d5' arrived on 3
2018-07-16 10:41:42.324 [IPControllerApp] task::task '5d0a7213-ed84c598bb02e382eba8cd72' finished on 3
2018-07-16 10:41:42.328 [IPControllerApp] task::task '7c57440c-b03b73463b7b0fd0111ea773' arrived on 0
2018-07-16 10:41:42.329 [IPControllerApp] task::task '54d8ae42-332f79638423062c8fa1fa20' finished on 0
2018-07-16 10:41:42.329 [IPControllerApp] task::task '6c663b8a-f41df87225c0bd7170bb53db' arrived on 1
2018-07-16 10:41:42.330 [IPControllerApp] task::task '24735dde-a6ffb6ec7bb310a682fc04ad' finished on 1
2018-07-16 10:41:52.344 [IPControllerApp] task::task '8e1063ce-33c237ce93a931232f2af3d7' arrived on 2
2018-07-16 10:41:52.346 [IPControllerApp] task::task 'c2ce4eff-e62b1af32f77a24d87eb0761' finished on 2
2018-07-16 10:41:52.348 [IPControllerApp] task::task '9cf913dc-915f754e63f29e7521af4642' arrived on 3
2018-07-16 10:41:52.349 [IPControllerApp] task::task 'd10a16fb-fe5356680e0c182c2c2e44d5' finished on 3
2018-07-16 10:41:52.352 [IPControllerApp] task::task '38eb4f5c-6770108b426f8eeb0f2dafe5' arrived on 0
2018-07-16 10:41:52.354 [IPControllerApp] task::task '7c57440c-b03b73463b7b0fd0111ea773' finished on 0
2018-07-16 10:41:52.355 [IPControllerApp] task::task '2a0c77b1-baa9bfd11b049ce2105ded3f' arrived on 1
2018-07-16 10:41:52.357 [IPControllerApp] task::task '6c663b8a-f41df87225c0bd7170bb53db' finished on 1
2018-07-16 10:42:02.368 [IPControllerApp] task::task '9e39c104-8791c357d3f2b5fd2ccb6312' arrived on 2
2018-07-16 10:42:02.370 [IPControllerApp] task::task '8e1063ce-33c237ce93a931232f2af3d7' finished on 2
2018-07-16 10:42:02.373 [IPControllerApp] task::task '75c72f13-8b5bb8a2aac2bc7d0c851e2b' arrived on 0
2018-07-16 10:42:02.374 [IPControllerApp] task::task '38eb4f5c-6770108b426f8eeb0f2dafe5' finished on 0
2018-07-16 10:42:02.377 [IPControllerApp] task::task '1a492cff-6598864ec8b55ad498d55089' arrived on 3
2018-07-16 10:42:02.378 [IPControllerApp] task::task '9cf913dc-915f754e63f29e7521af4642' finished on 3
2018-07-16 10:42:02.379 [IPControllerApp] task::task 'bf4ded75-52e5a7515a337bd5e15d11f2' arrived on 1
2018-07-16 10:42:02.381 [IPControllerApp] task::task '2a0c77b1-baa9bfd11b049ce2105ded3f' finished on 1
2018-07-16 10:42:12.396 [IPControllerApp] task::task 'edba71f5-121f092200ca33e2c5e01af0' arrived on 0
2018-07-16 10:42:12.399 [IPControllerApp] task::task '75c72f13-8b5bb8a2aac2bc7d0c851e2b' finished on 0
2018-07-16 10:42:12.401 [IPControllerApp] task::task '5dda58a4-9b0ee85c9635fc2c807c2fa1' arrived on 3
2018-07-16 10:42:12.403 [IPControllerApp] task::task '1a492cff-6598864ec8b55ad498d55089' finished on 3
2018-07-16 10:42:12.405 [IPControllerApp] task::task '3ffb402b-9911939c81e546823f30deec' arrived on 1
2018-07-16 10:42:12.406 [IPControllerApp] task::task 'bf4ded75-52e5a7515a337bd5e15d11f2' finished on 1
2018-07-16 10:42:12.407 [IPControllerApp] task::task '6aaff17a-13ea37be24e40dfe9266b6b7' arrived on 2
2018-07-16 10:42:12.409 [IPControllerApp] task::task '9e39c104-8791c357d3f2b5fd2ccb6312' finished on 2
2018-07-16 10:42:22.417 [IPControllerApp] task::task '957f1df3-74d214a807d311e4b8378087' arrived on 2
2018-07-16 10:42:22.418 [IPControllerApp] task::task '6aaff17a-13ea37be24e40dfe9266b6b7' finished on 2
2018-07-16 10:42:22.421 [IPControllerApp] task::task '43c580eb-043f292dd15aee1f7b4c8f47' arrived on 1
2018-07-16 10:42:22.423 [IPControllerApp] task::task '3ffb402b-9911939c81e546823f30deec' finished on 1
2018-07-16 10:42:22.425 [IPControllerApp] task::task '4c2bbc64-f1927cf80def9d68e9e73cb3' arrived on 3
2018-07-16 10:42:22.427 [IPControllerApp] task::task '5dda58a4-9b0ee85c9635fc2c807c2fa1' finished on 3
2018-07-16 10:42:22.430 [IPControllerApp] task::task '54bd3226-41a4cd6f4c5a9e924682fe9a' arrived on 0
2018-07-16 10:42:22.431 [IPControllerApp] task::task 'edba71f5-121f092200ca33e2c5e01af0' finished on 0
2018-07-16 10:42:32.440 [IPControllerApp] task::task '3510098d-8173328d07802b1a5b2065fe' arrived on 2
2018-07-16 10:42:32.441 [IPControllerApp] task::task '957f1df3-74d214a807d311e4b8378087' finished on 2
2018-07-16 10:42:32.442 [IPControllerApp] task::task 'aa5122eb-c30dab7a3d99e2892bcc3f4e' arrived on 3
2018-07-16 10:42:32.443 [IPControllerApp] task::task '4c2bbc64-f1927cf80def9d68e9e73cb3' finished on 3
2018-07-16 10:42:32.444 [IPControllerApp] task::task '4f342e4a-63fafbd38cce5293d181ac20' arrived on 1
2018-07-16 10:42:32.446 [IPControllerApp] task::task '43c580eb-043f292dd15aee1f7b4c8f47' finished on 1
2018-07-16 10:42:32.448 [IPControllerApp] task::task '79da2e2d-ccf345df580637b20d8c17e5' arrived on 0
2018-07-16 10:42:32.449 [IPControllerApp] task::task '54bd3226-41a4cd6f4c5a9e924682fe9a' finished on 0
2018-07-16 10:42:42.455 [IPControllerApp] task::task '2b00ad93-84a6364116e85ed72b0487ec' arrived on 2
2018-07-16 10:42:42.456 [IPControllerApp] task::task '3510098d-8173328d07802b1a5b2065fe' finished on 2
2018-07-16 10:42:42.457 [IPControllerApp] task::task '6bb41e91-14bfa3b256e90caa41c8526c' arrived on 3
2018-07-16 10:42:42.458 [IPControllerApp] task::task 'aa5122eb-c30dab7a3d99e2892bcc3f4e' finished on 3
2018-07-16 10:42:42.460 [IPControllerApp] task::task '3dc9c8ee-e449420f5f9e32a989e5f9db' arrived on 0
2018-07-16 10:42:42.461 [IPControllerApp] task::task '79da2e2d-ccf345df580637b20d8c17e5' finished on 0
2018-07-16 10:42:42.462 [IPControllerApp] task::task '5aeefafd-9cad92f0e006d85a532567c7' arrived on 1
2018-07-16 10:42:42.464 [IPControllerApp] task::task '4f342e4a-63fafbd38cce5293d181ac20' finished on 1
2018-07-16 10:42:52.475 [IPControllerApp] task::task '46ae68d8-aee12616aa1f23f8c86c16d2' arrived on 2
2018-07-16 10:42:52.476 [IPControllerApp] task::task '2b00ad93-84a6364116e85ed72b0487ec' finished on 2
2018-07-16 10:42:52.478 [IPControllerApp] task::task 'e4366f7b-7e39828ad13867d088dba777' arrived on 0
2018-07-16 10:42:52.478 [IPControllerApp] task::task '3dc9c8ee-e449420f5f9e32a989e5f9db' finished on 0
2018-07-16 10:42:52.480 [IPControllerApp] task::task 'cb8ffcda-1b0bbac0b96ca6514d4573ec' arrived on 1
2018-07-16 10:42:52.481 [IPControllerApp] task::task '5aeefafd-9cad92f0e006d85a532567c7' finished on 1
2018-07-16 10:42:52.482 [IPControllerApp] task::task '5ec1ffd6-59258d0f2acd0766a77c6c97' arrived on 3
2018-07-16 10:42:52.483 [IPControllerApp] task::task '6bb41e91-14bfa3b256e90caa41c8526c' finished on 3
2018-07-16 10:43:02.497 [IPControllerApp] task::task 'a2f5d82c-a3944fdbb093fa3b437875fe' arrived on 2
2018-07-16 10:43:02.498 [IPControllerApp] task::task '46ae68d8-aee12616aa1f23f8c86c16d2' finished on 2
2018-07-16 10:43:02.501 [IPControllerApp] task::task '5dee5b25-a1d35a6da6bf0ecf4ad573f4' arrived on 3
2018-07-16 10:43:02.502 [IPControllerApp] task::task '5ec1ffd6-59258d0f2acd0766a77c6c97' finished on 3
2018-07-16 10:43:02.504 [IPControllerApp] task::task '8190f774-2ba4b2db07bd9cfb84b95f33' arrived on 0
2018-07-16 10:43:02.505 [IPControllerApp] task::task 'e4366f7b-7e39828ad13867d088dba777' finished on 0
2018-07-16 10:43:02.507 [IPControllerApp] task::task '0dc51c7b-a0cf89a12074ec83f1cb72dc' arrived on 1
2018-07-16 10:43:02.508 [IPControllerApp] task::task 'cb8ffcda-1b0bbac0b96ca6514d4573ec' finished on 1
2018-07-16 10:43:12.519 [IPControllerApp] task::task 'cb4a4f00-9bb1af0d38ad044cc96ae757' arrived on 0
2018-07-16 10:43:12.520 [IPControllerApp] task::task '8190f774-2ba4b2db07bd9cfb84b95f33' finished on 0
2018-07-16 10:43:12.522 [IPControllerApp] task::task '098ed84e-ca578515f00b635df1c9e0ff' arrived on 3
2018-07-16 10:43:12.523 [IPControllerApp] task::task '5dee5b25-a1d35a6da6bf0ecf4ad573f4' finished on 3
2018-07-16 10:43:12.525 [IPControllerApp] task::task 'c14d6ee2-23c9257183bed9d5922f7591' arrived on 2
2018-07-16 10:43:12.526 [IPControllerApp] task::task 'a2f5d82c-a3944fdbb093fa3b437875fe' finished on 2
2018-07-16 10:43:12.526 [IPControllerApp] task::task '8a9ce07c-55a45759c26f858745ebd8d0' arrived on 1
2018-07-16 10:43:12.527 [IPControllerApp] task::task '0dc51c7b-a0cf89a12074ec83f1cb72dc' finished on 1
2018-07-16 10:43:22.542 [IPControllerApp] task::task '425d84ed-a344181456963e1ce43f9a4d' arrived on 3
2018-07-16 10:43:22.543 [IPControllerApp] task::task '098ed84e-ca578515f00b635df1c9e0ff' finished on 3
2018-07-16 10:43:22.546 [IPControllerApp] task::task 'bd9c7faa-3f9954dc53bdcac5c3655939' arrived on 1
2018-07-16 10:43:22.547 [IPControllerApp] task::task '8a9ce07c-55a45759c26f858745ebd8d0' finished on 1
2018-07-16 10:43:22.549 [IPControllerApp] task::task '65735ec1-c07ac9dd126f901f260ae15a' arrived on 2
2018-07-16 10:43:22.550 [IPControllerApp] task::task 'c14d6ee2-23c9257183bed9d5922f7591' finished on 2
2018-07-16 10:43:22.551 [IPControllerApp] task::task '02eb51c1-dbc08281fa64f0583220548c' arrived on 0
2018-07-16 10:43:22.552 [IPControllerApp] task::task 'cb4a4f00-9bb1af0d38ad044cc96ae757' finished on 0
2018-07-16 10:43:32.564 [IPControllerApp] task::task 'b73c45c6-0e1b931b75b9702e0d9ff4ab' arrived on 2
2018-07-16 10:43:32.565 [IPControllerApp] task::task '65735ec1-c07ac9dd126f901f260ae15a' finished on 2
2018-07-16 10:43:32.566 [IPControllerApp] task::task '464e5320-635d89e22975aa1311c96abf' arrived on 0
2018-07-16 10:43:32.567 [IPControllerApp] task::task '02eb51c1-dbc08281fa64f0583220548c' finished on 0
2018-07-16 10:43:32.569 [IPControllerApp] task::task 'b5101c7f-97ac116dcc0b804b9b73c3e7' arrived on 3
2018-07-16 10:43:32.571 [IPControllerApp] task::task '425d84ed-a344181456963e1ce43f9a4d' finished on 3
2018-07-16 10:43:32.572 [IPControllerApp] task::task 'a5115ad5-60eb4764c8af5d499892aff6' arrived on 1
2018-07-16 10:43:32.573 [IPControllerApp] task::task 'bd9c7faa-3f9954dc53bdcac5c3655939' finished on 1
2018-07-16 10:43:42.584 [IPControllerApp] task::task '6df83bdc-e793ec8d98ed302601157a9a' arrived on 2
2018-07-16 10:43:42.585 [IPControllerApp] task::task 'b73c45c6-0e1b931b75b9702e0d9ff4ab' finished on 2
2018-07-16 10:43:42.589 [IPControllerApp] task::task 'c7b7ffdc-d6412fb81c0d3ad8c6014839' arrived on 1
2018-07-16 10:43:42.590 [IPControllerApp] task::task 'a5115ad5-60eb4764c8af5d499892aff6' finished on 1
2018-07-16 10:43:42.592 [IPControllerApp] task::task 'cda264c1-e36f984bb5c594681c53af49' arrived on 3
2018-07-16 10:43:42.593 [IPControllerApp] task::task 'b5101c7f-97ac116dcc0b804b9b73c3e7' finished on 3
2018-07-16 10:43:42.594 [IPControllerApp] task::task 'beb80754-4c89f19a6130ffabfa9553a9' arrived on 0
2018-07-16 10:43:42.595 [IPControllerApp] task::task '464e5320-635d89e22975aa1311c96abf' finished on 0
2018-07-16 10:43:52.608 [IPControllerApp] task::task '273b5b35-5b5bf8e52a44bbfe7b62b4e6' arrived on 2
2018-07-16 10:43:52.609 [IPControllerApp] task::task '6df83bdc-e793ec8d98ed302601157a9a' finished on 2
2018-07-16 10:43:52.614 [IPControllerApp] task::task 'aab7d551-996aa40647f4775e551482b4' arrived on 3
2018-07-16 10:43:52.616 [IPControllerApp] task::task 'cda264c1-e36f984bb5c594681c53af49' finished on 3
2018-07-16 10:43:52.616 [IPControllerApp] task::task 'fdef9e5f-f334e4096a1f4c27645038a6' arrived on 1
2018-07-16 10:43:52.619 [IPControllerApp] task::task 'c7b7ffdc-d6412fb81c0d3ad8c6014839' finished on 1
2018-07-16 10:43:52.620 [IPControllerApp] task::task '1e5d8679-989176a1f2043c7fc522193c' arrived on 0
2018-07-16 10:43:52.621 [IPControllerApp] task::task 'beb80754-4c89f19a6130ffabfa9553a9' finished on 0
2018-07-16 10:44:02.629 [IPControllerApp] task::task '21bcabb5-684fd1d486e204e18f600046' arrived on 2
2018-07-16 10:44:02.630 [IPControllerApp] task::task '273b5b35-5b5bf8e52a44bbfe7b62b4e6' finished on 2
2018-07-16 10:44:02.633 [IPControllerApp] task::task 'd1cfcb3c-2f06cd1b72df969307f92b6d' arrived on 0
2018-07-16 10:44:02.634 [IPControllerApp] task::task '1e5d8679-989176a1f2043c7fc522193c' finished on 0
2018-07-16 10:44:02.637 [IPControllerApp] task::task 'b85c9843-882b56a43db6aa72ea3e429c' arrived on 1
2018-07-16 10:44:02.638 [IPControllerApp] task::task 'fdef9e5f-f334e4096a1f4c27645038a6' finished on 1
2018-07-16 10:44:02.639 [IPControllerApp] task::task 'aeef23d1-7cf28bb528f3a75163524290' arrived on 3
2018-07-16 10:44:02.639 [IPControllerApp] task::task 'aab7d551-996aa40647f4775e551482b4' finished on 3
2018-07-16 10:44:12.655 [IPControllerApp] task::task '3c76ef1f-a61680ad8b614ca232d94909' arrived on 2
2018-07-16 10:44:12.656 [IPControllerApp] task::task '21bcabb5-684fd1d486e204e18f600046' finished on 2
2018-07-16 10:44:12.658 [IPControllerApp] task::task 'f267d838-0e550a8c1fe697e93e94d2f3' arrived on 1
2018-07-16 10:44:12.659 [IPControllerApp] task::task 'b85c9843-882b56a43db6aa72ea3e429c' finished on 1
2018-07-16 10:44:12.663 [IPControllerApp] task::task '64864566-691d02502ad7e074272e9dc8' arrived on 0
2018-07-16 10:44:12.665 [IPControllerApp] task::task 'd1cfcb3c-2f06cd1b72df969307f92b6d' finished on 0
2018-07-16 10:44:12.668 [IPControllerApp] task::task 'a08caa47-e7b2ec1e44da4053f0f1468a' arrived on 3
2018-07-16 10:44:12.670 [IPControllerApp] task::task 'aeef23d1-7cf28bb528f3a75163524290' finished on 3
2018-07-16 10:44:22.681 [IPControllerApp] task::task 'b57adeca-6ef856d4d82d45374d5b9a7e' arrived on 2
2018-07-16 10:44:22.682 [IPControllerApp] task::task '3c76ef1f-a61680ad8b614ca232d94909' finished on 2
2018-07-16 10:44:22.684 [IPControllerApp] task::task '97770b95-14d2edadd41fd552940f771c' arrived on 0
2018-07-16 10:44:22.684 [IPControllerApp] task::task '64864566-691d02502ad7e074272e9dc8' finished on 0
2018-07-16 10:44:22.687 [IPControllerApp] task::task 'ca4e44cc-e10fbb6e883c6544eee9b6cb' arrived on 1
2018-07-16 10:44:22.688 [IPControllerApp] task::task 'f267d838-0e550a8c1fe697e93e94d2f3' finished on 1
2018-07-16 10:44:22.689 [IPControllerApp] task::task '37095681-6dfb4e4c94984dbda20cae1a' arrived on 3
2018-07-16 10:44:22.689 [IPControllerApp] task::task 'a08caa47-e7b2ec1e44da4053f0f1468a' finished on 3
2018-07-16 10:44:32.705 [IPControllerApp] task::task '78d80656-fcb34f005b77b9daea49cdd2' arrived on 2
2018-07-16 10:44:32.706 [IPControllerApp] task::task 'b57adeca-6ef856d4d82d45374d5b9a7e' finished on 2
2018-07-16 10:44:32.709 [IPControllerApp] task::task '18789164-4d48a777cea29357cfae4b33' arrived on 3
2018-07-16 10:44:32.710 [IPControllerApp] task::task '37095681-6dfb4e4c94984dbda20cae1a' finished on 3
2018-07-16 10:44:32.713 [IPControllerApp] task::task '3aca0446-730c1b2aa06e32b5aa2c324b' arrived on 0
2018-07-16 10:44:32.714 [IPControllerApp] task::task '97770b95-14d2edadd41fd552940f771c' finished on 0
2018-07-16 10:44:32.715 [IPControllerApp] task::task 'c9b6900d-08d3b343fd9d67a342617406' arrived on 1
2018-07-16 10:44:32.716 [IPControllerApp] task::task 'ca4e44cc-e10fbb6e883c6544eee9b6cb' finished on 1
2018-07-16 10:44:42.730 [IPControllerApp] task::task '5383bdb9-16eeb0dccc85d92e0cd8718d' arrived on 2
2018-07-16 10:44:42.731 [IPControllerApp] task::task '78d80656-fcb34f005b77b9daea49cdd2' finished on 2
2018-07-16 10:44:42.733 [IPControllerApp] task::task '46677c0e-947ff4a6487abea9656602ab' arrived on 1
2018-07-16 10:44:42.735 [IPControllerApp] task::task 'c9b6900d-08d3b343fd9d67a342617406' finished on 1
2018-07-16 10:44:42.737 [IPControllerApp] task::task 'edd1aa4e-a64fb10c3f9b82f80f57bc3e' arrived on 0
2018-07-16 10:44:42.740 [IPControllerApp] task::task '3aca0446-730c1b2aa06e32b5aa2c324b' finished on 0
2018-07-16 10:44:42.742 [IPControllerApp] task::task 'b838c88f-2d12f3ea269bb18b6e928be1' arrived on 3
2018-07-16 10:44:42.743 [IPControllerApp] task::task '18789164-4d48a777cea29357cfae4b33' finished on 3
2018-07-16 10:44:52.745 [IPControllerApp] task::task '830f6ac6-1e82a291e21bb9a77279c8c8' arrived on 2
2018-07-16 10:44:52.746 [IPControllerApp] task::task '5383bdb9-16eeb0dccc85d92e0cd8718d' finished on 2
2018-07-16 10:44:52.749 [IPControllerApp] task::task 'f14aaaf1-050d8699c1b118f6a0d171ac' arrived on 0
2018-07-16 10:44:52.750 [IPControllerApp] task::task 'edd1aa4e-a64fb10c3f9b82f80f57bc3e' finished on 0
2018-07-16 10:44:52.753 [IPControllerApp] task::task 'bf4ca49f-2b7a9c83bb008ca8857a1367' arrived on 1
2018-07-16 10:44:52.754 [IPControllerApp] task::task '46677c0e-947ff4a6487abea9656602ab' finished on 1
2018-07-16 10:44:52.755 [IPControllerApp] task::task '511af810-91360cf96c24dd6bff2a0b57' arrived on 3
2018-07-16 10:44:52.756 [IPControllerApp] task::task 'b838c88f-2d12f3ea269bb18b6e928be1' finished on 3
2018-07-16 10:45:02.769 [IPControllerApp] task::task 'c61be8fc-50b69c560051b9607a0da288' arrived on 2
2018-07-16 10:45:02.771 [IPControllerApp] task::task '830f6ac6-1e82a291e21bb9a77279c8c8' finished on 2
2018-07-16 10:45:02.776 [IPControllerApp] task::task 'd91b5cf3-e7aa64b424da9ffe910be8fc' arrived on 0
2018-07-16 10:45:02.778 [IPControllerApp] task::task 'f14aaaf1-050d8699c1b118f6a0d171ac' finished on 0
2018-07-16 10:45:02.781 [IPControllerApp] task::task 'fbd51439-df937144b865be12b889e8e8' arrived on 1
2018-07-16 10:45:02.782 [IPControllerApp] task::task 'bf4ca49f-2b7a9c83bb008ca8857a1367' finished on 1
2018-07-16 10:45:02.783 [IPControllerApp] task::task '87bc6650-a2f02da2648f9592f07e7e91' arrived on 3
2018-07-16 10:45:02.784 [IPControllerApp] task::task '511af810-91360cf96c24dd6bff2a0b57' finished on 3
2018-07-16 10:45:12.798 [IPControllerApp] task::task '26c01769-cc95020b95c061e0e73dcf2d' arrived on 1
2018-07-16 10:45:12.799 [IPControllerApp] task::task 'fbd51439-df937144b865be12b889e8e8' finished on 1
2018-07-16 10:45:12.801 [IPControllerApp] task::task 'cdd62ae4-23f78fb4b3333dc2bf8fa2e0' arrived on 3
2018-07-16 10:45:12.803 [IPControllerApp] task::task '87bc6650-a2f02da2648f9592f07e7e91' finished on 3
2018-07-16 10:45:12.805 [IPControllerApp] task::task 'e9f3fdc3-3e49c40edf00347d9e02dea7' arrived on 2
2018-07-16 10:45:12.807 [IPControllerApp] task::task 'c61be8fc-50b69c560051b9607a0da288' finished on 2
2018-07-16 10:45:12.809 [IPControllerApp] task::task '6198812e-eaee28263c1486d9a2eb0f64' arrived on 0
2018-07-16 10:45:12.811 [IPControllerApp] task::task 'd91b5cf3-e7aa64b424da9ffe910be8fc' finished on 0
2018-07-16 10:45:22.823 [IPControllerApp] task::task '6601d53d-1629b7a180220d0f5e500793' arrived on 1
2018-07-16 10:45:22.824 [IPControllerApp] task::task '26c01769-cc95020b95c061e0e73dcf2d' finished on 1
2018-07-16 10:45:22.825 [IPControllerApp] task::task '6922197a-6ef0c4306e33e519764cde32' arrived on 2
2018-07-16 10:45:22.826 [IPControllerApp] task::task 'e9f3fdc3-3e49c40edf00347d9e02dea7' finished on 2
2018-07-16 10:45:22.826 [IPControllerApp] task::task '7b6b46e9-c26fcb056c3354fb3fd10d3d' arrived on 0
2018-07-16 10:45:22.827 [IPControllerApp] task::task '6198812e-eaee28263c1486d9a2eb0f64' finished on 0
2018-07-16 10:45:22.828 [IPControllerApp] task::task 'a224a93f-47b07071aab25da9b1f28776' arrived on 3
2018-07-16 10:45:22.830 [IPControllerApp] task::task 'cdd62ae4-23f78fb4b3333dc2bf8fa2e0' finished on 3
2018-07-16 10:45:32.848 [IPControllerApp] task::task 'e1125a5a-bb1c32cd265c149564369ca3' arrived on 2
2018-07-16 10:45:32.850 [IPControllerApp] task::task '6922197a-6ef0c4306e33e519764cde32' finished on 2
2018-07-16 10:45:32.851 [IPControllerApp] task::task '3c46e43d-f0f2a6353bc38452ec1caac7' arrived on 3
2018-07-16 10:45:32.852 [IPControllerApp] task::task 'a224a93f-47b07071aab25da9b1f28776' finished on 3
2018-07-16 10:45:32.854 [IPControllerApp] task::task '453dd5f5-54fd44498cb3879b8321869b' arrived on 0
2018-07-16 10:45:32.855 [IPControllerApp] task::task '7b6b46e9-c26fcb056c3354fb3fd10d3d' finished on 0
2018-07-16 10:45:32.856 [IPControllerApp] task::task '4c79cbe5-5e77d6289d785b74ce23d030' arrived on 1
2018-07-16 10:45:32.856 [IPControllerApp] task::task '6601d53d-1629b7a180220d0f5e500793' finished on 1
2018-07-16 10:45:42.874 [IPControllerApp] task::task '852b802f-a97ebea2f322c6ae02ec36c0' arrived on 2
2018-07-16 10:45:42.876 [IPControllerApp] task::task 'e1125a5a-bb1c32cd265c149564369ca3' finished on 2
2018-07-16 10:45:42.878 [IPControllerApp] task::task '1dfb7a20-5194cbaabd068e7e6c7c7c99' arrived on 0
2018-07-16 10:45:42.878 [IPControllerApp] task::task '453dd5f5-54fd44498cb3879b8321869b' finished on 0
2018-07-16 10:45:42.879 [IPControllerApp] task::task '017dc471-57d89019d363ff1b3738e09e' arrived on 3
2018-07-16 10:45:42.880 [IPControllerApp] task::task '3c46e43d-f0f2a6353bc38452ec1caac7' finished on 3
2018-07-16 10:45:42.882 [IPControllerApp] task::task 'fdab9c22-60285a30339e6fa69f905261' arrived on 1
2018-07-16 10:45:42.883 [IPControllerApp] task::task '4c79cbe5-5e77d6289d785b74ce23d030' finished on 1
2018-07-16 10:45:52.890 [IPControllerApp] task::task '233f2ce9-12b9038d9b81fbf83429a27c' arrived on 3
2018-07-16 10:45:52.891 [IPControllerApp] task::task '017dc471-57d89019d363ff1b3738e09e' finished on 3
2018-07-16 10:45:52.893 [IPControllerApp] task::task '2516719d-9dd9c11395cda7d5c1836999' arrived on 1
2018-07-16 10:45:52.894 [IPControllerApp] task::task 'fdab9c22-60285a30339e6fa69f905261' finished on 1
2018-07-16 10:45:52.895 [IPControllerApp] task::task '1bdfae84-82c0a95458343975b3b885aa' arrived on 2
2018-07-16 10:45:52.897 [IPControllerApp] task::task '852b802f-a97ebea2f322c6ae02ec36c0' finished on 2
2018-07-16 10:45:52.897 [IPControllerApp] task::task '91689f5a-6870395c8273c1a029e6e26e' arrived on 0
2018-07-16 10:45:52.898 [IPControllerApp] task::task '1dfb7a20-5194cbaabd068e7e6c7c7c99' finished on 0
2018-07-16 10:46:02.913 [IPControllerApp] task::task '52d90503-03659d905275f38b6865d674' arrived on 0
2018-07-16 10:46:02.914 [IPControllerApp] task::task '91689f5a-6870395c8273c1a029e6e26e' finished on 0
2018-07-16 10:46:02.916 [IPControllerApp] task::task '93407651-6ba95ac8c578b7e2db6c7913' arrived on 1
2018-07-16 10:46:02.917 [IPControllerApp] task::task '2516719d-9dd9c11395cda7d5c1836999' finished on 1
2018-07-16 10:46:02.921 [IPControllerApp] task::task 'fc9e681b-bdab37dc4308cb8f0bccf5ac' arrived on 2
2018-07-16 10:46:02.922 [IPControllerApp] task::task '1bdfae84-82c0a95458343975b3b885aa' finished on 2
2018-07-16 10:46:02.923 [IPControllerApp] task::task '92f9cc49-cc49b128f7c420496cb12378' arrived on 3
2018-07-16 10:46:02.924 [IPControllerApp] task::task '233f2ce9-12b9038d9b81fbf83429a27c' finished on 3
2018-07-16 10:46:12.936 [IPControllerApp] task::task 'ca0aa1f9-aaa9957051c77317b19d6a76' arrived on 1
2018-07-16 10:46:12.937 [IPControllerApp] task::task '93407651-6ba95ac8c578b7e2db6c7913' finished on 1
2018-07-16 10:46:12.940 [IPControllerApp] task::task '3271c784-5f64a060b4242ef5eb749388' arrived on 2
2018-07-16 10:46:12.941 [IPControllerApp] task::task 'fc9e681b-bdab37dc4308cb8f0bccf5ac' finished on 2
2018-07-16 10:46:12.943 [IPControllerApp] task::task 'c732242b-e26d8d67d360c1e0de84e519' arrived on 3
2018-07-16 10:46:12.944 [IPControllerApp] task::task '92f9cc49-cc49b128f7c420496cb12378' finished on 3
2018-07-16 10:46:12.945 [IPControllerApp] task::task '80874092-5639b089d9e52ca67f723d87' arrived on 0
2018-07-16 10:46:12.946 [IPControllerApp] task::task '52d90503-03659d905275f38b6865d674' finished on 0
2018-07-16 10:46:22.960 [IPControllerApp] task::task 'fa662b80-35018cc709bd9bf3c5603bb2' arrived on 1
2018-07-16 10:46:22.960 [IPControllerApp] task::task 'ca0aa1f9-aaa9957051c77317b19d6a76' finished on 1
2018-07-16 10:46:22.963 [IPControllerApp] task::task '8a6440a6-115ef9c3e558320473f5dae0' arrived on 0
2018-07-16 10:46:22.964 [IPControllerApp] task::task '80874092-5639b089d9e52ca67f723d87' finished on 0
2018-07-16 10:46:22.967 [IPControllerApp] task::task '8f401048-b4b9138bf1dbba1a190bc446' arrived on 2
2018-07-16 10:46:22.967 [IPControllerApp] task::task '3271c784-5f64a060b4242ef5eb749388' finished on 2
2018-07-16 10:46:22.968 [IPControllerApp] task::task '57b379a4-7cb77b9a390f98360c04faf0' arrived on 3
2018-07-16 10:46:22.969 [IPControllerApp] task::task 'c732242b-e26d8d67d360c1e0de84e519' finished on 3
2018-07-16 10:46:32.983 [IPControllerApp] task::task '43a62a13-25e62443c9348819d1320172' arrived on 1
2018-07-16 10:46:32.984 [IPControllerApp] task::task 'fa662b80-35018cc709bd9bf3c5603bb2' finished on 1
2018-07-16 10:46:32.986 [IPControllerApp] task::task '78d57660-4680a0529757c641c6382550' arrived on 3
2018-07-16 10:46:32.988 [IPControllerApp] task::task '57b379a4-7cb77b9a390f98360c04faf0' finished on 3
2018-07-16 10:46:32.990 [IPControllerApp] task::task 'b146b390-952b8cc705a1454bbf379379' arrived on 0
2018-07-16 10:46:32.992 [IPControllerApp] task::task '8a6440a6-115ef9c3e558320473f5dae0' finished on 0
2018-07-16 10:46:32.994 [IPControllerApp] task::task '4d9946d1-03b54766d73949bc1fc56cf3' arrived on 2
2018-07-16 10:46:32.996 [IPControllerApp] task::task '8f401048-b4b9138bf1dbba1a190bc446' finished on 2
2018-07-16 10:46:43.005 [IPControllerApp] task::task 'dc2e752a-482413643cabe24e37bc45a0' arrived on 1
2018-07-16 10:46:43.006 [IPControllerApp] task::task '43a62a13-25e62443c9348819d1320172' finished on 1
2018-07-16 10:46:43.008 [IPControllerApp] task::task '042b4155-39c9721fa160b260287d2a45' arrived on 0
2018-07-16 10:46:43.011 [IPControllerApp] task::task 'b146b390-952b8cc705a1454bbf379379' finished on 0
2018-07-16 10:46:43.013 [IPControllerApp] task::task 'cd42e786-da58cb1b3a9ef217c4419dd5' arrived on 3
2018-07-16 10:46:43.014 [IPControllerApp] task::task '78d57660-4680a0529757c641c6382550' finished on 3
2018-07-16 10:46:43.016 [IPControllerApp] task::task 'e1dd6e33-b41ea4ffc644e158358ac3a7' arrived on 2
2018-07-16 10:46:43.017 [IPControllerApp] task::task '4d9946d1-03b54766d73949bc1fc56cf3' finished on 2
2018-07-16 10:46:53.027 [IPControllerApp] task::task 'd5179fba-5c7c70e23635640e074b057a' arrived on 1
2018-07-16 10:46:53.028 [IPControllerApp] task::task 'dc2e752a-482413643cabe24e37bc45a0' finished on 1
2018-07-16 10:46:53.029 [IPControllerApp] task::task '70aeeadc-2d73b838aae96d6b759e758d' arrived on 2
2018-07-16 10:46:53.030 [IPControllerApp] task::task 'e1dd6e33-b41ea4ffc644e158358ac3a7' finished on 2
2018-07-16 10:46:53.034 [IPControllerApp] task::task '9f8b46d4-29174898f5aa58dcb4091cfa' arrived on 0
2018-07-16 10:46:53.035 [IPControllerApp] task::task '042b4155-39c9721fa160b260287d2a45' finished on 0
2018-07-16 10:46:53.035 [IPControllerApp] task::task 'cfe6c011-dfc63754353185119802021b' arrived on 3
2018-07-16 10:46:53.037 [IPControllerApp] task::task 'cd42e786-da58cb1b3a9ef217c4419dd5' finished on 3
2018-07-16 10:47:03.050 [IPControllerApp] task::task '7145d348-2b4cb77627d80b577e622d1e' arrived on 1
2018-07-16 10:47:03.051 [IPControllerApp] task::task 'd5179fba-5c7c70e23635640e074b057a' finished on 1
2018-07-16 10:47:03.056 [IPControllerApp] task::task '625d167c-c6187491774233b3e269610d' arrived on 0
2018-07-16 10:47:03.058 [IPControllerApp] task::task '9f8b46d4-29174898f5aa58dcb4091cfa' finished on 0
2018-07-16 10:47:03.060 [IPControllerApp] task::task '533aefa9-df996f8268db6dfe9f5a9840' arrived on 2
2018-07-16 10:47:03.061 [IPControllerApp] task::task '70aeeadc-2d73b838aae96d6b759e758d' finished on 2
2018-07-16 10:47:03.062 [IPControllerApp] task::task 'c65f6ba3-a020ccd0ceac793715f6c9b4' arrived on 3
2018-07-16 10:47:03.063 [IPControllerApp] task::task 'cfe6c011-dfc63754353185119802021b' finished on 3
2018-07-16 10:47:13.072 [IPControllerApp] task::task '77f16dd6-1fc048b0bf2889a077c2b6d5' arrived on 1
2018-07-16 10:47:13.073 [IPControllerApp] task::task '7145d348-2b4cb77627d80b577e622d1e' finished on 1
2018-07-16 10:47:13.075 [IPControllerApp] task::task '89810314-97ce3e20d0b8a50c0ef06036' arrived on 0
2018-07-16 10:47:13.076 [IPControllerApp] task::task '625d167c-c6187491774233b3e269610d' finished on 0
2018-07-16 10:47:13.079 [IPControllerApp] task::task '760ed3bf-b82a0b23218e55ef633a08c5' arrived on 2
2018-07-16 10:47:13.080 [IPControllerApp] task::task '533aefa9-df996f8268db6dfe9f5a9840' finished on 2
2018-07-16 10:47:13.080 [IPControllerApp] task::task '479a5276-0582668734b606f582678abb' arrived on 3
2018-07-16 10:47:13.082 [IPControllerApp] task::task 'c65f6ba3-a020ccd0ceac793715f6c9b4' finished on 3
2018-07-16 10:47:23.095 [IPControllerApp] task::task '19a988ea-95fb38f29cc37b266abd76d4' arrived on 1
2018-07-16 10:47:23.096 [IPControllerApp] task::task '77f16dd6-1fc048b0bf2889a077c2b6d5' finished on 1
2018-07-16 10:47:23.098 [IPControllerApp] task::task '5485c533-d3942390e1a2efc3f49a7825' arrived on 2
2018-07-16 10:47:23.099 [IPControllerApp] task::task '760ed3bf-b82a0b23218e55ef633a08c5' finished on 2
2018-07-16 10:47:23.101 [IPControllerApp] task::task 'c52b2685-cd6983a7bb40f33b7181efcd' arrived on 0
2018-07-16 10:47:23.101 [IPControllerApp] task::task '89810314-97ce3e20d0b8a50c0ef06036' finished on 0
2018-07-16 10:47:23.103 [IPControllerApp] task::task '11870742-3efb0a7d4ad39963f16266d1' arrived on 3
2018-07-16 10:47:23.103 [IPControllerApp] task::task '479a5276-0582668734b606f582678abb' finished on 3
2018-07-16 10:47:33.119 [IPControllerApp] task::task '88562696-32185c9b9f766b308c4bcc13' arrived on 1
2018-07-16 10:47:33.120 [IPControllerApp] task::task '19a988ea-95fb38f29cc37b266abd76d4' finished on 1
2018-07-16 10:47:33.123 [IPControllerApp] task::task 'dd537d7d-b8bac20bddd68d4e227e32ab' arrived on 3
2018-07-16 10:47:33.124 [IPControllerApp] task::task '11870742-3efb0a7d4ad39963f16266d1' finished on 3
2018-07-16 10:47:33.126 [IPControllerApp] task::task '27ad4b0e-d38d6d529d5a924cfb8ac21e' arrived on 2
2018-07-16 10:47:33.127 [IPControllerApp] task::task '5485c533-d3942390e1a2efc3f49a7825' finished on 2
2018-07-16 10:47:33.128 [IPControllerApp] task::task 'bf0bc42e-f6f6cba1dd43b01cbb8bfda1' arrived on 0
2018-07-16 10:47:33.130 [IPControllerApp] task::task 'c52b2685-cd6983a7bb40f33b7181efcd' finished on 0
2018-07-16 10:47:43.142 [IPControllerApp] task::task 'af6f4b28-98d5dab849694e216531bc0d' arrived on 1
2018-07-16 10:47:43.143 [IPControllerApp] task::task '88562696-32185c9b9f766b308c4bcc13' finished on 1
2018-07-16 10:47:43.146 [IPControllerApp] task::task '3f0d8302-4bc7811bd65c4cc95d39ad90' arrived on 0
2018-07-16 10:47:43.147 [IPControllerApp] task::task 'bf0bc42e-f6f6cba1dd43b01cbb8bfda1' finished on 0
2018-07-16 10:47:43.148 [IPControllerApp] task::task '94b3b83c-0254511b7a260907b2849e7a' arrived on 2
2018-07-16 10:47:43.149 [IPControllerApp] task::task '27ad4b0e-d38d6d529d5a924cfb8ac21e' finished on 2
2018-07-16 10:47:43.150 [IPControllerApp] task::task '5313c311-2c421e2ee2b19244ac33fa2a' arrived on 3
2018-07-16 10:47:43.152 [IPControllerApp] task::task 'dd537d7d-b8bac20bddd68d4e227e32ab' finished on 3
2018-07-16 10:47:53.161 [IPControllerApp] task::task '3c921634-461ff7e4bbe98ea7ea490529' arrived on 1
2018-07-16 10:47:53.162 [IPControllerApp] task::task 'af6f4b28-98d5dab849694e216531bc0d' finished on 1
2018-07-16 10:47:53.166 [IPControllerApp] task::task '8c70e89f-f6e0eb9034e1e27f9d8d744a' arrived on 0
2018-07-16 10:47:53.166 [IPControllerApp] task::task '3f0d8302-4bc7811bd65c4cc95d39ad90' finished on 0
2018-07-16 10:47:53.167 [IPControllerApp] task::task 'a8eb7b37-37b7a708ad3e020c3f8a42c8' arrived on 2
2018-07-16 10:47:53.169 [IPControllerApp] task::task '94b3b83c-0254511b7a260907b2849e7a' finished on 2
2018-07-16 10:47:53.170 [IPControllerApp] task::task '028f813d-9b3de9bf364fc7fb9a15f775' arrived on 3
2018-07-16 10:47:53.171 [IPControllerApp] task::task '5313c311-2c421e2ee2b19244ac33fa2a' finished on 3
2018-07-16 10:48:03.181 [IPControllerApp] task::task 'ec8b6e24-7d62e05fe1bda550baacee5e' arrived on 1
2018-07-16 10:48:03.182 [IPControllerApp] task::task '3c921634-461ff7e4bbe98ea7ea490529' finished on 1
2018-07-16 10:48:03.185 [IPControllerApp] task::task 'ca7fc5dd-c1ff30188f755287d6acaf43' arrived on 3
2018-07-16 10:48:03.185 [IPControllerApp] task::task '028f813d-9b3de9bf364fc7fb9a15f775' finished on 3
2018-07-16 10:48:03.188 [IPControllerApp] task::task '5720b7ae-b61a62f130adf9b6f96b7108' arrived on 0
2018-07-16 10:48:03.189 [IPControllerApp] task::task '8c70e89f-f6e0eb9034e1e27f9d8d744a' finished on 0
2018-07-16 10:48:03.190 [IPControllerApp] task::task '71b1a896-91901940708b69542a7238cf' arrived on 2
2018-07-16 10:48:03.191 [IPControllerApp] task::task 'a8eb7b37-37b7a708ad3e020c3f8a42c8' finished on 2
2018-07-16 10:48:13.204 [IPControllerApp] task::task 'dd545cb5-d5baf920fdbbdf9595926404' arrived on 1
2018-07-16 10:48:13.206 [IPControllerApp] task::task 'ec8b6e24-7d62e05fe1bda550baacee5e' finished on 1
2018-07-16 10:48:13.207 [IPControllerApp] task::task '87a4c3ca-4d7d7eb2641ee923b9c897d1' arrived on 3
2018-07-16 10:48:13.208 [IPControllerApp] task::task 'ca7fc5dd-c1ff30188f755287d6acaf43' finished on 3
2018-07-16 10:48:13.211 [IPControllerApp] task::task 'dcba83f9-1b48a0c9ccdac0152d529873' arrived on 0
2018-07-16 10:48:13.212 [IPControllerApp] task::task '5720b7ae-b61a62f130adf9b6f96b7108' finished on 0
2018-07-16 10:48:13.213 [IPControllerApp] task::task '01fb9f3c-a109c9d3322e07909d9c17eb' arrived on 2
2018-07-16 10:48:13.213 [IPControllerApp] task::task '71b1a896-91901940708b69542a7238cf' finished on 2
2018-07-16 10:48:23.229 [IPControllerApp] task::task 'ad2068c1-ff54b884c5f9087d63fae90d' arrived on 1
2018-07-16 10:48:23.230 [IPControllerApp] task::task 'dd545cb5-d5baf920fdbbdf9595926404' finished on 1
2018-07-16 10:48:23.233 [IPControllerApp] task::task '41e989ee-99f16825b971a41a6941479a' arrived on 3
2018-07-16 10:48:23.234 [IPControllerApp] task::task '87a4c3ca-4d7d7eb2641ee923b9c897d1' finished on 3
2018-07-16 10:48:23.235 [IPControllerApp] task::task 'd360c4a5-5a04ed3f9d9f975a55960cb5' arrived on 2
2018-07-16 10:48:23.236 [IPControllerApp] task::task '01fb9f3c-a109c9d3322e07909d9c17eb' finished on 2
2018-07-16 10:48:23.237 [IPControllerApp] task::task 'cbf5f57b-d380869d43cf57ed3dc1a0df' arrived on 0
2018-07-16 10:48:23.239 [IPControllerApp] task::task 'dcba83f9-1b48a0c9ccdac0152d529873' finished on 0
2018-07-16 10:48:33.248 [IPControllerApp] task::task 'f577033c-d97cf153a688830ababb59b3' arrived on 1
2018-07-16 10:48:33.250 [IPControllerApp] task::task 'ad2068c1-ff54b884c5f9087d63fae90d' finished on 1
2018-07-16 10:48:33.252 [IPControllerApp] task::task '08235775-e74e44714893c7b2571e9c2b' arrived on 0
2018-07-16 10:48:33.253 [IPControllerApp] task::task 'cbf5f57b-d380869d43cf57ed3dc1a0df' finished on 0
2018-07-16 10:48:33.255 [IPControllerApp] task::task '5d1f51c6-201a32eeeedcfa150fa6f855' arrived on 3
2018-07-16 10:48:33.257 [IPControllerApp] task::task '41e989ee-99f16825b971a41a6941479a' finished on 3
2018-07-16 10:48:33.258 [IPControllerApp] task::task '199e06c9-8fb774fe9c4f6cc3b9dc9b47' arrived on 2
2018-07-16 10:48:33.259 [IPControllerApp] task::task 'd360c4a5-5a04ed3f9d9f975a55960cb5' finished on 2
2018-07-16 10:48:43.269 [IPControllerApp] task::task '15fc9d98-98645b9a634a2a85b767223a' arrived on 1
2018-07-16 10:48:43.270 [IPControllerApp] task::task 'f577033c-d97cf153a688830ababb59b3' finished on 1
2018-07-16 10:48:43.272 [IPControllerApp] task::task 'ff5ccb9a-0306ac9f1c2b1dd0a8269d1f' arrived on 2
2018-07-16 10:48:43.273 [IPControllerApp] task::task '199e06c9-8fb774fe9c4f6cc3b9dc9b47' finished on 2
2018-07-16 10:48:43.276 [IPControllerApp] task::task '57e34eb4-196ce8136b6b0bf28c86d720' arrived on 0
2018-07-16 10:48:43.277 [IPControllerApp] task::task '08235775-e74e44714893c7b2571e9c2b' finished on 0
2018-07-16 10:48:43.278 [IPControllerApp] task::task '9e9951b1-79d8d87cbce85ad228d90c2a' arrived on 3
2018-07-16 10:48:43.279 [IPControllerApp] task::task '5d1f51c6-201a32eeeedcfa150fa6f855' finished on 3
2018-07-16 10:48:53.293 [IPControllerApp] task::task '0e6bda72-90b0d7bec9b05f387bcd2995' arrived on 1
2018-07-16 10:48:53.294 [IPControllerApp] task::task '15fc9d98-98645b9a634a2a85b767223a' finished on 1
2018-07-16 10:48:53.297 [IPControllerApp] task::task '89a0b1da-416ae799b89f92f9ff105b3e' arrived on 3
2018-07-16 10:48:53.299 [IPControllerApp] task::task '9e9951b1-79d8d87cbce85ad228d90c2a' finished on 3
2018-07-16 10:48:53.302 [IPControllerApp] task::task 'aea79211-be1b3791a0adfec544a061fa' arrived on 2
2018-07-16 10:48:53.303 [IPControllerApp] task::task 'ff5ccb9a-0306ac9f1c2b1dd0a8269d1f' finished on 2
2018-07-16 10:48:53.304 [IPControllerApp] task::task '865dc720-3b7de996d0b252295aefe601' arrived on 0
2018-07-16 10:48:53.306 [IPControllerApp] task::task '57e34eb4-196ce8136b6b0bf28c86d720' finished on 0
2018-07-16 10:49:03.314 [IPControllerApp] task::task '0b23de10-ba5483db1ecb2f8ac67ccccd' arrived on 1
2018-07-16 10:49:03.315 [IPControllerApp] task::task '0e6bda72-90b0d7bec9b05f387bcd2995' finished on 1
2018-07-16 10:49:03.318 [IPControllerApp] task::task '913a766c-881ae84ee19e941722c28b34' arrived on 0
2018-07-16 10:49:03.319 [IPControllerApp] task::task '865dc720-3b7de996d0b252295aefe601' finished on 0
2018-07-16 10:49:03.322 [IPControllerApp] task::task 'cb96413b-5efe56257034f83dba063942' arrived on 2
2018-07-16 10:49:03.323 [IPControllerApp] task::task 'aea79211-be1b3791a0adfec544a061fa' finished on 2
2018-07-16 10:49:03.324 [IPControllerApp] task::task '5cec5d2e-b6018996789c472bfb34f177' arrived on 3
2018-07-16 10:49:03.326 [IPControllerApp] task::task '89a0b1da-416ae799b89f92f9ff105b3e' finished on 3
2018-07-16 10:49:13.338 [IPControllerApp] task::task '6a4ed3a9-ee36f374ad51b9582d065739' arrived on 1
2018-07-16 10:49:13.339 [IPControllerApp] task::task '0b23de10-ba5483db1ecb2f8ac67ccccd' finished on 1
2018-07-16 10:49:13.343 [IPControllerApp] task::task 'c49a9ba7-5c6b7e590aa6a169d52d8ea1' arrived on 2
2018-07-16 10:49:13.344 [IPControllerApp] task::task 'cb96413b-5efe56257034f83dba063942' finished on 2
2018-07-16 10:49:13.346 [IPControllerApp] task::task '92d84b71-0f1e9a6ddbfc71a139d86c21' arrived on 3
2018-07-16 10:49:13.347 [IPControllerApp] task::task '5cec5d2e-b6018996789c472bfb34f177' finished on 3
2018-07-16 10:49:13.348 [IPControllerApp] task::task '0e4de565-85763b31284f35bc8ac84c32' arrived on 0
2018-07-16 10:49:13.350 [IPControllerApp] task::task '913a766c-881ae84ee19e941722c28b34' finished on 0
2018-07-16 10:49:23.361 [IPControllerApp] task::task '9c2b4123-92c186b24b08a7c2b7fb4c6a' arrived on 1
2018-07-16 10:49:23.362 [IPControllerApp] task::task '6a4ed3a9-ee36f374ad51b9582d065739' finished on 1
2018-07-16 10:49:23.366 [IPControllerApp] task::task 'a7b14dc4-1bd860a6b2abceb616410944' arrived on 0
2018-07-16 10:49:23.367 [IPControllerApp] task::task '0e4de565-85763b31284f35bc8ac84c32' finished on 0
2018-07-16 10:49:23.371 [IPControllerApp] task::task 'd7c92dae-100d577ba58f310fa63eed12' arrived on 3
2018-07-16 10:49:23.373 [IPControllerApp] task::task '92d84b71-0f1e9a6ddbfc71a139d86c21' finished on 3
2018-07-16 10:49:23.375 [IPControllerApp] task::task '8145ac2b-5bd102a1c9e358813c644f1d' arrived on 2
2018-07-16 10:49:23.377 [IPControllerApp] task::task 'c49a9ba7-5c6b7e590aa6a169d52d8ea1' finished on 2
2018-07-16 10:49:33.392 [IPControllerApp] task::task '808327ba-80827e39db3ab429f6793e11' arrived on 3
2018-07-16 10:49:33.394 [IPControllerApp] task::task 'd7c92dae-100d577ba58f310fa63eed12' finished on 3
2018-07-16 10:49:33.396 [IPControllerApp] task::task '323d6292-4c81ba93c2919e99fa3ac44c' arrived on 2
2018-07-16 10:49:33.398 [IPControllerApp] task::task '8145ac2b-5bd102a1c9e358813c644f1d' finished on 2
2018-07-16 10:49:33.399 [IPControllerApp] task::task '4a7b9d36-27ba8497ce979323c863460c' arrived on 0
2018-07-16 10:49:33.401 [IPControllerApp] task::task 'a7b14dc4-1bd860a6b2abceb616410944' finished on 0
2018-07-16 10:49:33.402 [IPControllerApp] task::task '67fc19db-351ed21760fa809c30270086' arrived on 1
2018-07-16 10:49:33.403 [IPControllerApp] task::task '9c2b4123-92c186b24b08a7c2b7fb4c6a' finished on 1
2018-07-16 10:49:43.413 [IPControllerApp] task::task '082f063c-5153be93791139accf9dc6a7' arrived on 3
2018-07-16 10:49:43.414 [IPControllerApp] task::task '808327ba-80827e39db3ab429f6793e11' finished on 3
2018-07-16 10:49:43.415 [IPControllerApp] task::task 'b78d7f5e-8e723379ec4e03747dd11d5d' arrived on 0
2018-07-16 10:49:43.416 [IPControllerApp] task::task '4a7b9d36-27ba8497ce979323c863460c' finished on 0
2018-07-16 10:49:43.417 [IPControllerApp] task::task '1998fdf4-3d84318f1d90dcfdabdb844e' arrived on 2
2018-07-16 10:49:43.418 [IPControllerApp] task::task '323d6292-4c81ba93c2919e99fa3ac44c' finished on 2
2018-07-16 10:49:43.419 [IPControllerApp] task::task '74e25867-1a12157e2e4989ea5fc66d7a' arrived on 1
2018-07-16 10:49:43.420 [IPControllerApp] task::task '67fc19db-351ed21760fa809c30270086' finished on 1
2018-07-16 10:49:53.435 [IPControllerApp] task::task '5e26edb5-f63ae916f196a9f541b944c0' arrived on 1
2018-07-16 10:49:53.436 [IPControllerApp] task::task '74e25867-1a12157e2e4989ea5fc66d7a' finished on 1
2018-07-16 10:49:53.437 [IPControllerApp] task::task '21ae4346-84c88a25dbc505340f177d01' arrived on 3
2018-07-16 10:49:53.438 [IPControllerApp] task::task '082f063c-5153be93791139accf9dc6a7' finished on 3
2018-07-16 10:49:53.439 [IPControllerApp] task::task '55c37604-5c4edfb9c2f2caafa8475c73' arrived on 2
2018-07-16 10:49:53.441 [IPControllerApp] task::task '1998fdf4-3d84318f1d90dcfdabdb844e' finished on 2
2018-07-16 10:49:53.442 [IPControllerApp] task::task '47ea4f23-0bd5285ca8b2fee4ce21a3d8' arrived on 0
2018-07-16 10:49:53.443 [IPControllerApp] task::task 'b78d7f5e-8e723379ec4e03747dd11d5d' finished on 0
2018-07-16 10:50:03.458 [IPControllerApp] task::task '051a93a4-9febcdc1d6e5862fd25772bf' arrived on 3
2018-07-16 10:50:03.460 [IPControllerApp] task::task '21ae4346-84c88a25dbc505340f177d01' finished on 3
2018-07-16 10:50:03.462 [IPControllerApp] task::task '61bbf701-500b1031995715996950d4e7' arrived on 2
2018-07-16 10:50:03.463 [IPControllerApp] task::task '55c37604-5c4edfb9c2f2caafa8475c73' finished on 2
2018-07-16 10:50:03.465 [IPControllerApp] task::task '5fb81427-75e3042641bca233598f7c75' arrived on 0
2018-07-16 10:50:03.467 [IPControllerApp] task::task '47ea4f23-0bd5285ca8b2fee4ce21a3d8' finished on 0
2018-07-16 10:50:03.468 [IPControllerApp] task::task '35fe8312-784a45d5e21f0e9dec303186' arrived on 1
2018-07-16 10:50:03.468 [IPControllerApp] task::task '5e26edb5-f63ae916f196a9f541b944c0' finished on 1
2018-07-16 10:50:13.473 [IPControllerApp] task::task '0e2666e1-c8af7154fc92e5da04fb78aa' arrived on 3
2018-07-16 10:50:13.475 [IPControllerApp] task::task '051a93a4-9febcdc1d6e5862fd25772bf' finished on 3
2018-07-16 10:50:13.477 [IPControllerApp] task::task '0a0c21bf-25b26f40a6f25ac3497b4e31' arrived on 0
2018-07-16 10:50:13.479 [IPControllerApp] task::task '5fb81427-75e3042641bca233598f7c75' finished on 0
2018-07-16 10:50:13.481 [IPControllerApp] task::task '7de12323-cbf6a9009447a99793b6525a' arrived on 2
2018-07-16 10:50:13.483 [IPControllerApp] task::task '61bbf701-500b1031995715996950d4e7' finished on 2
2018-07-16 10:50:13.485 [IPControllerApp] task::task 'bf847fc7-ac138788773ade722e2f5e63' arrived on 1
2018-07-16 10:50:13.487 [IPControllerApp] task::task '35fe8312-784a45d5e21f0e9dec303186' finished on 1
2018-07-16 10:50:23.495 [IPControllerApp] task::task '2218897a-e66d6c09352d3b8e32f8d435' arrived on 3
2018-07-16 10:50:23.497 [IPControllerApp] task::task '0e2666e1-c8af7154fc92e5da04fb78aa' finished on 3
2018-07-16 10:50:23.499 [IPControllerApp] task::task 'a88b0e50-3237cce1c408208435a18319' arrived on 2
2018-07-16 10:50:23.499 [IPControllerApp] task::task '7de12323-cbf6a9009447a99793b6525a' finished on 2
2018-07-16 10:50:23.503 [IPControllerApp] task::task 'c431a5cc-40b0c17e930ef28da3810423' arrived on 0
2018-07-16 10:50:23.503 [IPControllerApp] task::task '0a0c21bf-25b26f40a6f25ac3497b4e31' finished on 0
2018-07-16 10:50:23.504 [IPControllerApp] task::task '74c377ae-f8e634efcfdbb9b37827b3cc' arrived on 1
2018-07-16 10:50:23.505 [IPControllerApp] task::task 'bf847fc7-ac138788773ade722e2f5e63' finished on 1
2018-07-16 10:50:33.518 [IPControllerApp] task::task '419696eb-1d30036065a908a285fc7207' arrived on 3
2018-07-16 10:50:33.519 [IPControllerApp] task::task '2218897a-e66d6c09352d3b8e32f8d435' finished on 3
2018-07-16 10:50:33.522 [IPControllerApp] task::task '0a4769dd-9bc5bb8a57de19f654d3a4d1' arrived on 1
2018-07-16 10:50:33.523 [IPControllerApp] task::task '74c377ae-f8e634efcfdbb9b37827b3cc' finished on 1
2018-07-16 10:50:33.524 [IPControllerApp] task::task '35172d62-8a123ab9e593183d159b61fc' arrived on 0
2018-07-16 10:50:33.526 [IPControllerApp] task::task 'c431a5cc-40b0c17e930ef28da3810423' finished on 0
2018-07-16 10:50:33.527 [IPControllerApp] task::task 'fee85f40-edbf72970c98f1e93a64e09c' arrived on 2
2018-07-16 10:50:33.527 [IPControllerApp] task::task 'a88b0e50-3237cce1c408208435a18319' finished on 2
2018-07-16 10:50:43.540 [IPControllerApp] task::task '36dc06cc-169ed8ab5dc3b783bc00ddc7' arrived on 3
2018-07-16 10:50:43.541 [IPControllerApp] task::task '419696eb-1d30036065a908a285fc7207' finished on 3
2018-07-16 10:50:43.544 [IPControllerApp] task::task '721c605d-e8951fd3a9963f25eb319c29' arrived on 2
2018-07-16 10:50:43.544 [IPControllerApp] task::task 'fee85f40-edbf72970c98f1e93a64e09c' finished on 2
2018-07-16 10:50:43.546 [IPControllerApp] task::task '8ef11c9b-cabcfafedc174f5ad4e46eb0' arrived on 0
2018-07-16 10:50:43.547 [IPControllerApp] task::task '35172d62-8a123ab9e593183d159b61fc' finished on 0
2018-07-16 10:50:43.549 [IPControllerApp] task::task '5cf2df66-a2fbb9ab571d9402811dd388' arrived on 1
2018-07-16 10:50:43.549 [IPControllerApp] task::task '0a4769dd-9bc5bb8a57de19f654d3a4d1' finished on 1
2018-07-16 10:50:53.565 [IPControllerApp] task::task '681bf4ef-58c6c73cc68262252e0aeb79' arrived on 3
2018-07-16 10:50:53.566 [IPControllerApp] task::task '36dc06cc-169ed8ab5dc3b783bc00ddc7' finished on 3
2018-07-16 10:50:53.568 [IPControllerApp] task::task '26246a68-5477bf055699efdfa7a01f47' arrived on 1
2018-07-16 10:50:53.570 [IPControllerApp] task::task '5cf2df66-a2fbb9ab571d9402811dd388' finished on 1
2018-07-16 10:50:53.571 [IPControllerApp] task::task 'c9e39972-b63d808a2cddc619ed547da3' arrived on 2
2018-07-16 10:50:53.573 [IPControllerApp] task::task '721c605d-e8951fd3a9963f25eb319c29' finished on 2
2018-07-16 10:50:53.575 [IPControllerApp] task::task '31aaeb86-d08daab7dff3d1f2d4f026b9' arrived on 0
2018-07-16 10:50:53.577 [IPControllerApp] task::task '8ef11c9b-cabcfafedc174f5ad4e46eb0' finished on 0
2018-07-16 10:51:03.588 [IPControllerApp] task::task '29bf33e2-05f80078afc70ccbee08ac66' arrived on 2
2018-07-16 10:51:03.591 [IPControllerApp] task::task 'c9e39972-b63d808a2cddc619ed547da3' finished on 2
2018-07-16 10:51:03.594 [IPControllerApp] task::task '6485cbe2-377a0306f291e54fefc43375' arrived on 1
2018-07-16 10:51:03.595 [IPControllerApp] task::task '26246a68-5477bf055699efdfa7a01f47' finished on 1
2018-07-16 10:51:03.596 [IPControllerApp] task::task 'dc20e8d4-47b54b5b25e87fc38b1b554f' arrived on 3
2018-07-16 10:51:03.598 [IPControllerApp] task::task '681bf4ef-58c6c73cc68262252e0aeb79' finished on 3
2018-07-16 10:51:03.599 [IPControllerApp] task::task 'ca7ebaa4-9c8f6c0a3df2703a29f30b2f' arrived on 0
2018-07-16 10:51:03.599 [IPControllerApp] task::task '31aaeb86-d08daab7dff3d1f2d4f026b9' finished on 0
2018-07-16 10:51:13.606 [IPControllerApp] task::task '2d4d73dd-db439b0e5e8580a9e9926762' arrived on 3
2018-07-16 10:51:13.608 [IPControllerApp] task::task 'dc20e8d4-47b54b5b25e87fc38b1b554f' finished on 3
2018-07-16 10:51:13.610 [IPControllerApp] task::task 'a4b3041e-7acf23c20e49052500c5c768' arrived on 1
2018-07-16 10:51:13.611 [IPControllerApp] task::task '6485cbe2-377a0306f291e54fefc43375' finished on 1
2018-07-16 10:51:13.613 [IPControllerApp] task::task 'ab535dfd-e0d4701aaa802407e9b4da29' arrived on 2
2018-07-16 10:51:13.616 [IPControllerApp] task::task '29bf33e2-05f80078afc70ccbee08ac66' finished on 2
2018-07-16 10:51:13.618 [IPControllerApp] task::task 'e55b1e5e-1f05ffa5e391e896ffca46b5' arrived on 0
2018-07-16 10:51:13.620 [IPControllerApp] task::task 'ca7ebaa4-9c8f6c0a3df2703a29f30b2f' finished on 0
2018-07-16 10:51:23.628 [IPControllerApp] task::task '67e627bc-cb666f15cb78316e742442f9' arrived on 1
2018-07-16 10:51:23.630 [IPControllerApp] task::task 'a4b3041e-7acf23c20e49052500c5c768' finished on 1
2018-07-16 10:51:23.632 [IPControllerApp] task::task 'b4a1ee9a-16d94f770ff23bedb181fff1' arrived on 3
2018-07-16 10:51:23.633 [IPControllerApp] task::task '2d4d73dd-db439b0e5e8580a9e9926762' finished on 3
2018-07-16 10:51:23.636 [IPControllerApp] task::task '5407e5cb-9e390ff3f8c1f1b9955c087a' arrived on 0
2018-07-16 10:51:23.638 [IPControllerApp] task::task 'e55b1e5e-1f05ffa5e391e896ffca46b5' finished on 0
2018-07-16 10:51:23.639 [IPControllerApp] task::task '082fcbce-7e198070297f7165f06e75a7' arrived on 2
2018-07-16 10:51:23.640 [IPControllerApp] task::task 'ab535dfd-e0d4701aaa802407e9b4da29' finished on 2
2018-07-16 10:51:33.651 [IPControllerApp] task::task '1d5346f4-257a09e27efa0c1b9d1331f9' arrived on 1
2018-07-16 10:51:33.652 [IPControllerApp] task::task '67e627bc-cb666f15cb78316e742442f9' finished on 1
2018-07-16 10:51:33.654 [IPControllerApp] task::task '4dd62ff0-aa445010f1402fc780c1a382' arrived on 3
2018-07-16 10:51:33.654 [IPControllerApp] task::task 'b4a1ee9a-16d94f770ff23bedb181fff1' finished on 3
2018-07-16 10:51:33.657 [IPControllerApp] task::task 'bdfdbc7e-b920bd44ae4c939c7480c8b6' arrived on 0
2018-07-16 10:51:33.658 [IPControllerApp] task::task '5407e5cb-9e390ff3f8c1f1b9955c087a' finished on 0
2018-07-16 10:51:33.659 [IPControllerApp] task::task '243fa488-013ac4bc58732228328d963d' arrived on 2
2018-07-16 10:51:33.659 [IPControllerApp] task::task '082fcbce-7e198070297f7165f06e75a7' finished on 2
2018-07-16 10:51:43.673 [IPControllerApp] task::task '604e044d-df41c7372be59d72dfd9e611' arrived on 1
2018-07-16 10:51:43.674 [IPControllerApp] task::task '1d5346f4-257a09e27efa0c1b9d1331f9' finished on 1
2018-07-16 10:51:43.679 [IPControllerApp] task::task 'de281f0f-d7dad30c573f034997d58dd0' arrived on 0
2018-07-16 10:51:43.681 [IPControllerApp] task::task 'bdfdbc7e-b920bd44ae4c939c7480c8b6' finished on 0
2018-07-16 10:51:43.683 [IPControllerApp] task::task 'b4bf724c-37ed8657d265ef0c0e9c0726' arrived on 3
2018-07-16 10:51:43.684 [IPControllerApp] task::task '4dd62ff0-aa445010f1402fc780c1a382' finished on 3
2018-07-16 10:51:43.685 [IPControllerApp] task::task 'd4e94998-5d4f76a0c0619d915af71ac8' arrived on 2
2018-07-16 10:51:43.685 [IPControllerApp] task::task '243fa488-013ac4bc58732228328d963d' finished on 2
2018-07-16 10:51:53.694 [IPControllerApp] task::task '03aa0e4f-99daaa10ca6bf69169ad2312' arrived on 1
2018-07-16 10:51:53.695 [IPControllerApp] task::task '604e044d-df41c7372be59d72dfd9e611' finished on 1
2018-07-16 10:51:53.697 [IPControllerApp] task::task 'aaca9082-8c384a5470b66f8d0132da08' arrived on 3
2018-07-16 10:51:53.698 [IPControllerApp] task::task 'b4bf724c-37ed8657d265ef0c0e9c0726' finished on 3
2018-07-16 10:51:53.701 [IPControllerApp] task::task '07ee9aee-cfbf7a6e99a8524ecbf343e4' arrived on 0
2018-07-16 10:51:53.702 [IPControllerApp] task::task 'de281f0f-d7dad30c573f034997d58dd0' finished on 0
2018-07-16 10:51:53.703 [IPControllerApp] task::task 'e4536366-9ae0f6020fdf74777825fd94' arrived on 2
2018-07-16 10:51:53.705 [IPControllerApp] task::task 'd4e94998-5d4f76a0c0619d915af71ac8' finished on 2
2018-07-16 10:52:03.720 [IPControllerApp] task::task '4a4b180e-0835e449d29b03147f8cd871' arrived on 3
2018-07-16 10:52:03.721 [IPControllerApp] task::task 'aaca9082-8c384a5470b66f8d0132da08' finished on 3
2018-07-16 10:52:03.723 [IPControllerApp] task::task 'eb12b297-757975896a6f93b120cd7003' arrived on 0
2018-07-16 10:52:03.724 [IPControllerApp] task::task '07ee9aee-cfbf7a6e99a8524ecbf343e4' finished on 0
2018-07-16 10:52:03.726 [IPControllerApp] task::task 'd7b3db07-ccb52422ef4454a45f1fea0e' arrived on 2
2018-07-16 10:52:03.727 [IPControllerApp] task::task 'e4536366-9ae0f6020fdf74777825fd94' finished on 2
2018-07-16 10:52:03.728 [IPControllerApp] task::task '3b36a9e7-9f6067975d3fd33ac21f9cf3' arrived on 1
2018-07-16 10:52:03.729 [IPControllerApp] task::task '03aa0e4f-99daaa10ca6bf69169ad2312' finished on 1
2018-07-16 10:52:13.745 [IPControllerApp] task::task '9b8024bf-850bb9c6fc0b733ca13a3d06' arrived on 3
2018-07-16 10:52:13.746 [IPControllerApp] task::task '4a4b180e-0835e449d29b03147f8cd871' finished on 3
2018-07-16 10:52:13.748 [IPControllerApp] task::task 'ced15829-590722c1422a33db85c2e2f2' arrived on 2
2018-07-16 10:52:13.749 [IPControllerApp] task::task 'd7b3db07-ccb52422ef4454a45f1fea0e' finished on 2
2018-07-16 10:52:13.753 [IPControllerApp] task::task 'cc44444d-9fdbec796292cc1e61c549aa' arrived on 0
2018-07-16 10:52:13.754 [IPControllerApp] task::task 'eb12b297-757975896a6f93b120cd7003' finished on 0
2018-07-16 10:52:13.755 [IPControllerApp] task::task '04dcb399-6807827563f31c76c9bbe84b' arrived on 1
2018-07-16 10:52:13.756 [IPControllerApp] task::task '3b36a9e7-9f6067975d3fd33ac21f9cf3' finished on 1
2018-07-16 10:52:18.169 [IPControllerApp] heartbeat::missed b'16248061-20b5b22a3ecda014ab26f169' : 1
2018-07-16 10:52:18.170 [IPControllerApp] heartbeat::missed b'47a43a02-1b65aeba2a26dc3a688d7040' : 1
2018-07-16 10:52:18.170 [IPControllerApp] heartbeat::missed b'6ae0c03a-cfdbd10aa5548de72f513f55' : 1
2018-07-16 10:52:18.170 [IPControllerApp] heartbeat::missed b'3ece2d61-ccb4169337fc4420bf5a4513' : 1
2018-07-16 10:52:21.171 [IPControllerApp] heartbeat::missed b'16248061-20b5b22a3ecda014ab26f169' : 2
2018-07-16 10:52:21.171 [IPControllerApp] heartbeat::missed b'47a43a02-1b65aeba2a26dc3a688d7040' : 2
2018-07-16 10:52:21.171 [IPControllerApp] heartbeat::missed b'6ae0c03a-cfdbd10aa5548de72f513f55' : 2
2018-07-16 10:52:21.171 [IPControllerApp] heartbeat::missed b'3ece2d61-ccb4169337fc4420bf5a4513' : 2
2018-07-16 10:52:23.153 [IPControllerApp] client::client b'b1e773b6-8456aa2b078aed258381a9b6' requested 'registration_request'
2018-07-16 10:52:23.154 [IPControllerApp] client::client b'dc0588a6-1afffa1812196320a9997854' requested 'registration_request'
2018-07-16 10:52:23.155 [IPControllerApp] client::client b'f2a1204c-983a7b288f5b95a8ed7743ef' requested 'registration_request'
2018-07-16 10:52:23.156 [IPControllerApp] client::client b'4b42fe5a-7ef6f3d8fcf4430824a76b75' requested 'registration_request'
2018-07-16 10:52:24.169 [IPControllerApp] heartbeat::missed b'16248061-20b5b22a3ecda014ab26f169' : 3
2018-07-16 10:52:24.169 [IPControllerApp] heartbeat::missed b'47a43a02-1b65aeba2a26dc3a688d7040' : 3
2018-07-16 10:52:24.169 [IPControllerApp] heartbeat::missed b'6ae0c03a-cfdbd10aa5548de72f513f55' : 3
2018-07-16 10:52:24.169 [IPControllerApp] heartbeat::missed b'3ece2d61-ccb4169337fc4420bf5a4513' : 3
2018-07-16 10:52:27.170 [IPControllerApp] registration::finished registering engine 5:dc0588a6-1afffa1812196320a9997854
2018-07-16 10:52:27.171 [IPControllerApp] engine::Engine Connected: 5
2018-07-16 10:52:27.172 [IPControllerApp] registration::finished registering engine 6:f2a1204c-983a7b288f5b95a8ed7743ef
2018-07-16 10:52:27.172 [IPControllerApp] engine::Engine Connected: 6
2018-07-16 10:52:27.173 [IPControllerApp] registration::finished registering engine 4:b1e773b6-8456aa2b078aed258381a9b6
2018-07-16 10:52:27.173 [IPControllerApp] engine::Engine Connected: 4
2018-07-16 10:52:27.174 [IPControllerApp] registration::finished registering engine 7:4b42fe5a-7ef6f3d8fcf4430824a76b75
2018-07-16 10:52:27.174 [IPControllerApp] engine::Engine Connected: 7
2018-07-16 10:52:27.174 [IPControllerApp] heartbeat::missed b'16248061-20b5b22a3ecda014ab26f169' : 4
2018-07-16 10:52:27.174 [IPControllerApp] heartbeat::missed b'47a43a02-1b65aeba2a26dc3a688d7040' : 4
2018-07-16 10:52:27.175 [IPControllerApp] heartbeat::missed b'6ae0c03a-cfdbd10aa5548de72f513f55' : 4
2018-07-16 10:52:27.175 [IPControllerApp] heartbeat::missed b'3ece2d61-ccb4169337fc4420bf5a4513' : 4
2018-07-16 10:52:27.178 [IPControllerApp] task::task '921122d0-b21def3f17e5039bc8a634e7' arrived on 5
2018-07-16 10:52:27.180 [IPControllerApp] task::task '2f6369e9-d0374eda3ea14bd87ee165cb' arrived on 6
2018-07-16 10:52:27.182 [IPControllerApp] task::task 'ed820669-9406e25582e0bf36c82261d5' arrived on 4
2018-07-16 10:52:27.182 [IPControllerApp] task::task '50ab25a0-b37933bb9525ea202e2940ba' arrived on 7
2018-07-16 10:52:30.171 [IPControllerApp] heartbeat::missed b'16248061-20b5b22a3ecda014ab26f169' : 5
2018-07-16 10:52:30.171 [IPControllerApp] heartbeat::missed b'47a43a02-1b65aeba2a26dc3a688d7040' : 5
2018-07-16 10:52:30.171 [IPControllerApp] heartbeat::missed b'6ae0c03a-cfdbd10aa5548de72f513f55' : 5
2018-07-16 10:52:30.171 [IPControllerApp] heartbeat::missed b'3ece2d61-ccb4169337fc4420bf5a4513' : 5
2018-07-16 10:52:33.171 [IPControllerApp] heartbeat::missed b'16248061-20b5b22a3ecda014ab26f169' : 6
2018-07-16 10:52:33.171 [IPControllerApp] heartbeat::missed b'47a43a02-1b65aeba2a26dc3a688d7040' : 6
2018-07-16 10:52:33.171 [IPControllerApp] heartbeat::missed b'6ae0c03a-cfdbd10aa5548de72f513f55' : 6
2018-07-16 10:52:33.171 [IPControllerApp] heartbeat::missed b'3ece2d61-ccb4169337fc4420bf5a4513' : 6
2018-07-16 10:52:36.170 [IPControllerApp] heartbeat::missed b'16248061-20b5b22a3ecda014ab26f169' : 7
2018-07-16 10:52:36.171 [IPControllerApp] heartbeat::missed b'47a43a02-1b65aeba2a26dc3a688d7040' : 7
2018-07-16 10:52:36.171 [IPControllerApp] heartbeat::missed b'6ae0c03a-cfdbd10aa5548de72f513f55' : 7
2018-07-16 10:52:36.171 [IPControllerApp] heartbeat::missed b'3ece2d61-ccb4169337fc4420bf5a4513' : 7
2018-07-16 10:52:39.171 [IPControllerApp] heartbeat::missed b'16248061-20b5b22a3ecda014ab26f169' : 8
2018-07-16 10:52:39.171 [IPControllerApp] heartbeat::missed b'47a43a02-1b65aeba2a26dc3a688d7040' : 8
2018-07-16 10:52:39.171 [IPControllerApp] heartbeat::missed b'6ae0c03a-cfdbd10aa5548de72f513f55' : 8
2018-07-16 10:52:39.171 [IPControllerApp] heartbeat::missed b'3ece2d61-ccb4169337fc4420bf5a4513' : 8
2018-07-16 10:52:40.030 [IPControllerApp] task::task 'b0486e11-6bcc2083e4fb9c0270f91e31' arrived on 4
2018-07-16 10:52:40.031 [IPControllerApp] task::task 'ed820669-9406e25582e0bf36c82261d5' finished on 4
2018-07-16 10:52:40.036 [IPControllerApp] task::task '000a5ded-1e88dfa8030201f79f4c3c19' arrived on 7
2018-07-16 10:52:40.037 [IPControllerApp] task::task '50ab25a0-b37933bb9525ea202e2940ba' finished on 7
2018-07-16 10:52:40.041 [IPControllerApp] task::task '72580cf6-7ab7107133bb14f934270fba' arrived on 6
2018-07-16 10:52:40.042 [IPControllerApp] task::task '2f6369e9-d0374eda3ea14bd87ee165cb' finished on 6
2018-07-16 10:52:40.045 [IPControllerApp] task::task '1a7ba7fd-95fadad8a1eaf5122e19b12e' arrived on 5
2018-07-16 10:52:40.046 [IPControllerApp] task::task '921122d0-b21def3f17e5039bc8a634e7' finished on 5
2018-07-16 10:52:42.169 [IPControllerApp] heartbeat::missed b'16248061-20b5b22a3ecda014ab26f169' : 9
2018-07-16 10:52:42.170 [IPControllerApp] heartbeat::missed b'47a43a02-1b65aeba2a26dc3a688d7040' : 9
2018-07-16 10:52:42.170 [IPControllerApp] heartbeat::missed b'6ae0c03a-cfdbd10aa5548de72f513f55' : 9
2018-07-16 10:52:42.170 [IPControllerApp] heartbeat::missed b'3ece2d61-ccb4169337fc4420bf5a4513' : 9
2018-07-16 10:52:45.171 [IPControllerApp] heartbeat::missed b'16248061-20b5b22a3ecda014ab26f169' : 10
2018-07-16 10:52:45.171 [IPControllerApp] heartbeat::missed b'47a43a02-1b65aeba2a26dc3a688d7040' : 10
2018-07-16 10:52:45.171 [IPControllerApp] heartbeat::missed b'6ae0c03a-cfdbd10aa5548de72f513f55' : 10
2018-07-16 10:52:45.171 [IPControllerApp] heartbeat::missed b'3ece2d61-ccb4169337fc4420bf5a4513' : 10
2018-07-16 10:52:48.170 [IPControllerApp] heartbeat::missed b'16248061-20b5b22a3ecda014ab26f169' : 11
2018-07-16 10:52:48.171 [IPControllerApp] heartbeat::missed b'47a43a02-1b65aeba2a26dc3a688d7040' : 11
2018-07-16 10:52:48.171 [IPControllerApp] heartbeat::missed b'6ae0c03a-cfdbd10aa5548de72f513f55' : 11
2018-07-16 10:52:48.171 [IPControllerApp] heartbeat::missed b'3ece2d61-ccb4169337fc4420bf5a4513' : 11
2018-07-16 10:52:48.171 [IPControllerApp] registration::unregister_engine(0)
2018-07-16 10:52:48.172 [IPControllerApp] registration::unregister_engine(3)
2018-07-16 10:52:48.173 [IPControllerApp] registration::unregister_engine(2)
2018-07-16 10:52:48.174 [IPControllerApp] registration::unregister_engine(1)
2018-07-16 10:52:50.062 [IPControllerApp] task::task '3f1ec3ef-ad12336784ff41c99211d4f5' arrived on 7
2018-07-16 10:52:50.063 [IPControllerApp] task::task '000a5ded-1e88dfa8030201f79f4c3c19' finished on 7
2018-07-16 10:52:50.065 [IPControllerApp] task::task 'cebea073-04601fb53da9b1268157e99f' arrived on 4
2018-07-16 10:52:50.066 [IPControllerApp] task::task 'b0486e11-6bcc2083e4fb9c0270f91e31' finished on 4
2018-07-16 10:52:50.069 [IPControllerApp] task::task 'dbab3bf0-028a04b547f62cbe586d004f' arrived on 6
2018-07-16 10:52:50.070 [IPControllerApp] task::task '72580cf6-7ab7107133bb14f934270fba' finished on 6
2018-07-16 10:52:50.071 [IPControllerApp] task::task '3cf7a3fb-e427477f7298262f3c5dcdea' arrived on 5
2018-07-16 10:52:50.071 [IPControllerApp] task::task '1a7ba7fd-95fadad8a1eaf5122e19b12e' finished on 5
2018-07-16 10:52:53.187 [IPControllerApp] task::task 'cc44444d-9fdbec796292cc1e61c549aa' finished on 0
2018-07-16 10:52:53.188 [IPControllerApp] task::task '9b8024bf-850bb9c6fc0b733ca13a3d06' finished on 3
2018-07-16 10:52:53.189 [IPControllerApp] task::task 'ced15829-590722c1422a33db85c2e2f2' finished on 2
2018-07-16 10:52:53.190 [IPControllerApp] task::task '04dcb399-6807827563f31c76c9bbe84b' finished on 1
2018-07-16 10:52:53.708 [IPControllerApp] CRITICAL | Received signal 15, shutting down
2018-07-16 10:52:53.708 [IPControllerApp] CRITICAL | terminating children...
