2018-07-23 10:48:16 parsl.dataflow.dflow:71 [INFO]  Parsl version: 0.5.1
2018-07-23 10:48:16 parsl.dataflow.dflow:72 [INFO]  Libsubmit version: 0.5.0-a0
2018-07-23 10:48:16 parsl.dataflow.usage_tracking.usage:125 [DEBUG]  Tracking status: True
2018-07-23 10:48:16 parsl.dataflow.usage_tracking.usage:126 [DEBUG]  Testing mode   : False
2018-07-23 10:48:16 parsl.dataflow.memoization:52 [INFO]  App caching initialized
2018-07-23 10:48:16 parsl.executors.ipp_controller:83 [DEBUG]  Starting ipcontroller with 'ipcontroller --ipython-dir=/scratch/midway2/madduru/parsl/parsl/tests/integration/test_stress/runinfo/1283 --ip=* --profile=midway_ipp   '
2018-07-23 10:48:19 parsl.executors.ipp:97 [DEBUG]  Waiting for /scratch/midway2/madduru/parsl/parsl/tests/integration/test_stress/runinfo/1283/profile_midway_ipp/security/ipcontroller-client.json
2018-07-23 10:48:19 parsl.executors.ipp:114 [DEBUG]  Starting IPyParallelExecutor with provider:
SlurmProvider(
    'sandyb',
    channel=LocalChannel(
        envs={}, 
        script_dir='/scratch/midway2/madduru/parsl/parsl/tests/integration/test_stress/.scripts', 
        userhome='/scratch/midway2/madduru/parsl/parsl/tests/integration/test_stress'
    ), 
    cmd_timeout=10, 
    init_blocks=1, 
    label='slurm', 
    launcher=<libsubmit.launchers.launchers.SingleNodeLauncher object at 0x7f0b10d18eb8>, 
    max_blocks=1, 
    min_blocks=1, 
    nodes_per_block=1, 
    overrides='module load Anaconda3/5.1.0; export PARSL_TESTING=True', 
    parallelism=0.5, 
    script_dir='parsl_scripts', 
    tasks_per_node=16, 
    walltime=241
)
2018-07-23 10:48:19 parsl.executors.ipp:119 [DEBUG]  Launched block: 0:47793090
2018-07-23 10:48:19 parsl.executors.ipp:134 [DEBUG]  Starting executor
2018-07-23 10:48:19 parsl.dataflow.strategy:120 [DEBUG]  Scaling strategy: simple
2018-07-23 10:48:20 parsl.dataflow.strategy:175 [DEBUG]  Tasks:0 Slots:16 Parallelism:0.5
2018-07-23 10:48:25 parsl.dataflow.strategy:175 [DEBUG]  Tasks:0 Slots:16 Parallelism:0.5
2018-07-23 10:48:31 parsl.dataflow.strategy:175 [DEBUG]  Tasks:0 Slots:16 Parallelism:0.5
2018-07-23 10:48:35 parsl.dataflow.strategy:175 [DEBUG]  Tasks:0 Slots:16 Parallelism:0.5
2018-07-23 10:48:40 parsl.dataflow.strategy:175 [DEBUG]  Tasks:0 Slots:16 Parallelism:0.5
2018-07-23 10:48:44 parsl.config:65 [DEBUG]  Checkpoint period only has an effect with checkpoint_mode='periodic'
2018-07-23 10:48:44 parsl.dataflow.dflow:66 [DEBUG]  Starting DataFlowKernel with config
Config(
    app_cache=True, 
    checkpoint_files=None, 
    checkpoint_mode=None, 
    checkpoint_period='00:30:00', 
    data_management_max_threads=10, 
    executors=[IPyParallelExecutor(
        container_image=None, 
        controller=Controller(
            interfaces=None, 
            ipython_dir='/scratch/midway2/madduru/parsl/parsl/tests/integration/test_stress/runinfo/1283', 
            log=True, 
            mode='auto', 
            port=None, 
            port_range=None, 
            profile='midway_ipp', 
            public_ip=None, 
            reuse=False
        ), 
        engine_dir='.', 
        engine_file='~/.ipython/profile_default/security/ipcontroller-engine.json', 
        label='midway_ipp', 
        managed=True, 
        provider=SlurmProvider(
            'sandyb',
            channel=LocalChannel(
                envs={}, 
                script_dir='/scratch/midway2/madduru/parsl/parsl/tests/integration/test_stress/.scripts', 
                userhome='/scratch/midway2/madduru/parsl/parsl/tests/integration/test_stress'
            ), 
            cmd_timeout=10, 
            init_blocks=1, 
            label='slurm', 
            launcher=<libsubmit.launchers.launchers.SingleNodeLauncher object at 0x7f0b10d18eb8>, 
            max_blocks=1, 
            min_blocks=1, 
            nodes_per_block=1, 
            overrides='module load Anaconda3/5.1.0; export PARSL_TESTING=True', 
            parallelism=0.5, 
            script_dir='parsl_scripts', 
            tasks_per_node=32, 
            walltime=241
        ), 
        storage_access=[], 
        working_dir=None
    )], 
    lazy_errors=True, 
    retries=0, 
    run_dir='runinfo', 
    strategy='simple', 
    usage_tracking=True
)
2018-07-23 10:48:44 parsl.dataflow.rundirs:36 [DEBUG]  Parsl run initializing in rundir:runinfo/1284
2018-07-23 10:48:44 parsl.dataflow.dflow:71 [INFO]  Parsl version: 0.5.1
2018-07-23 10:48:44 parsl.dataflow.dflow:72 [INFO]  Libsubmit version: 0.5.0-a0
2018-07-23 10:48:44 parsl.dataflow.usage_tracking.usage:125 [DEBUG]  Tracking status: True
2018-07-23 10:48:44 parsl.dataflow.usage_tracking.usage:126 [DEBUG]  Testing mode   : False
2018-07-23 10:48:44 parsl.dataflow.memoization:52 [INFO]  App caching initialized
2018-07-23 10:48:44 parsl.executors.ipp_controller:83 [DEBUG]  Starting ipcontroller with 'ipcontroller --ipython-dir=/scratch/midway2/madduru/parsl/parsl/tests/integration/test_stress/runinfo/1284 --ip=* --profile=midway_ipp   '
2018-07-23 10:48:45 parsl.dataflow.strategy:175 [DEBUG]  Tasks:0 Slots:16 Parallelism:0.5
2018-07-23 10:48:46 parsl.executors.ipp:97 [DEBUG]  Waiting for /scratch/midway2/madduru/parsl/parsl/tests/integration/test_stress/runinfo/1284/profile_midway_ipp/security/ipcontroller-client.json
2018-07-23 10:48:46 parsl.executors.ipp:114 [DEBUG]  Starting IPyParallelExecutor with provider:
SlurmProvider(
    'sandyb',
    channel=LocalChannel(
        envs={}, 
        script_dir='/scratch/midway2/madduru/parsl/parsl/tests/integration/test_stress/.scripts', 
        userhome='/scratch/midway2/madduru/parsl/parsl/tests/integration/test_stress'
    ), 
    cmd_timeout=10, 
    init_blocks=1, 
    label='slurm', 
    launcher=<libsubmit.launchers.launchers.SingleNodeLauncher object at 0x7f0b10d18eb8>, 
    max_blocks=1, 
    min_blocks=1, 
    nodes_per_block=1, 
    overrides='module load Anaconda3/5.1.0; export PARSL_TESTING=True', 
    parallelism=0.5, 
    script_dir='parsl_scripts', 
    tasks_per_node=32, 
    walltime=241
)
2018-07-23 10:48:47 parsl.executors.ipp:119 [DEBUG]  Launched block: 0:47793108
2018-07-23 10:48:47 parsl.executors.ipp:134 [DEBUG]  Starting executor
2018-07-23 10:48:47 parsl.dataflow.strategy:120 [DEBUG]  Scaling strategy: simple
2018-07-23 10:48:48 parsl.dataflow.strategy:175 [DEBUG]  Tasks:0 Slots:32 Parallelism:0.5
2018-07-23 10:48:50 parsl.dataflow.strategy:175 [DEBUG]  Tasks:0 Slots:16 Parallelism:0.5
2018-07-23 10:48:53 parsl.dataflow.strategy:175 [DEBUG]  Tasks:0 Slots:32 Parallelism:0.5
2018-07-23 10:48:55 parsl.dataflow.strategy:175 [DEBUG]  Tasks:0 Slots:16 Parallelism:0.5
2018-07-23 10:48:58 parsl.dataflow.strategy:175 [DEBUG]  Tasks:0 Slots:32 Parallelism:0.5
2018-07-23 10:49:00 parsl.dataflow.strategy:175 [DEBUG]  Tasks:0 Slots:16 Parallelism:0.5
2018-07-23 10:49:03 parsl.dataflow.strategy:175 [DEBUG]  Tasks:0 Slots:32 Parallelism:0.5
2018-07-23 10:49:05 parsl.dataflow.strategy:175 [DEBUG]  Tasks:0 Slots:16 Parallelism:0.5
2018-07-23 10:49:08 parsl.dataflow.strategy:175 [DEBUG]  Tasks:0 Slots:32 Parallelism:0.5
2018-07-23 10:49:10 parsl.dataflow.strategy:175 [DEBUG]  Tasks:0 Slots:16 Parallelism:0.5
2018-07-23 10:49:13 parsl.dataflow.strategy:175 [DEBUG]  Tasks:0 Slots:32 Parallelism:0.5
2018-07-23 10:49:15 parsl.dataflow.strategy:175 [DEBUG]  Tasks:0 Slots:16 Parallelism:0.5
2018-07-23 10:49:18 parsl.dataflow.strategy:175 [DEBUG]  Tasks:0 Slots:32 Parallelism:0.5
2018-07-23 10:49:20 parsl.dataflow.strategy:175 [DEBUG]  Tasks:0 Slots:16 Parallelism:0.5
2018-07-23 10:49:23 parsl.dataflow.strategy:175 [DEBUG]  Tasks:0 Slots:32 Parallelism:0.5
2018-07-23 10:49:25 parsl.dataflow.strategy:175 [DEBUG]  Tasks:0 Slots:16 Parallelism:0.5
2018-07-23 10:49:27 parsl.config:65 [DEBUG]  Checkpoint period only has an effect with checkpoint_mode='periodic'
2018-07-23 10:49:27 parsl.dataflow.dflow:66 [DEBUG]  Starting DataFlowKernel with config
Config(
    app_cache=True, 
    checkpoint_files=None, 
    checkpoint_mode=None, 
    checkpoint_period='00:30:00', 
    data_management_max_threads=10, 
    executors=[IPyParallelExecutor(
        container_image=None, 
        controller=Controller(
            interfaces=None, 
            ipython_dir='/scratch/midway2/madduru/parsl/parsl/tests/integration/test_stress/runinfo/1284', 
            log=True, 
            mode='auto', 
            port=None, 
            port_range=None, 
            profile='midway_ipp', 
            public_ip=None, 
            reuse=False
        ), 
        engine_dir='.', 
        engine_file='~/.ipython/profile_default/security/ipcontroller-engine.json', 
        label='midway_ipp', 
        managed=True, 
        provider=SlurmProvider(
            'sandyb',
            channel=LocalChannel(
                envs={}, 
                script_dir='/scratch/midway2/madduru/parsl/parsl/tests/integration/test_stress/.scripts', 
                userhome='/scratch/midway2/madduru/parsl/parsl/tests/integration/test_stress'
            ), 
            cmd_timeout=10, 
            init_blocks=1, 
            label='slurm', 
            launcher=<libsubmit.launchers.launchers.SingleNodeLauncher object at 0x7f0b10d18eb8>, 
            max_blocks=1, 
            min_blocks=1, 
            nodes_per_block=1, 
            overrides='module load Anaconda3/5.1.0; export PARSL_TESTING=True', 
            parallelism=0.5, 
            script_dir='parsl_scripts', 
            tasks_per_node=64, 
            walltime=241
        ), 
        storage_access=[], 
        working_dir=None
    )], 
    lazy_errors=True, 
    retries=0, 
    run_dir='runinfo', 
    strategy='simple', 
    usage_tracking=True
)
2018-07-23 10:49:27 parsl.dataflow.rundirs:36 [DEBUG]  Parsl run initializing in rundir:runinfo/1285
2018-07-23 10:49:27 parsl.dataflow.dflow:71 [INFO]  Parsl version: 0.5.1
2018-07-23 10:49:27 parsl.dataflow.dflow:72 [INFO]  Libsubmit version: 0.5.0-a0
2018-07-23 10:49:27 parsl.dataflow.usage_tracking.usage:125 [DEBUG]  Tracking status: True
2018-07-23 10:49:27 parsl.dataflow.usage_tracking.usage:126 [DEBUG]  Testing mode   : False
2018-07-23 10:49:27 parsl.dataflow.memoization:52 [INFO]  App caching initialized
2018-07-23 10:49:27 parsl.executors.ipp_controller:83 [DEBUG]  Starting ipcontroller with 'ipcontroller --ipython-dir=/scratch/midway2/madduru/parsl/parsl/tests/integration/test_stress/runinfo/1285 --ip=* --profile=midway_ipp   '
2018-07-23 10:49:28 parsl.dataflow.strategy:175 [DEBUG]  Tasks:0 Slots:32 Parallelism:0.5
2018-07-23 10:49:28 parsl.executors.ipp:97 [DEBUG]  Waiting for /scratch/midway2/madduru/parsl/parsl/tests/integration/test_stress/runinfo/1285/profile_midway_ipp/security/ipcontroller-client.json
2018-07-23 10:49:28 parsl.executors.ipp:114 [DEBUG]  Starting IPyParallelExecutor with provider:
SlurmProvider(
    'sandyb',
    channel=LocalChannel(
        envs={}, 
        script_dir='/scratch/midway2/madduru/parsl/parsl/tests/integration/test_stress/.scripts', 
        userhome='/scratch/midway2/madduru/parsl/parsl/tests/integration/test_stress'
    ), 
    cmd_timeout=10, 
    init_blocks=1, 
    label='slurm', 
    launcher=<libsubmit.launchers.launchers.SingleNodeLauncher object at 0x7f0b10d18eb8>, 
    max_blocks=1, 
    min_blocks=1, 
    nodes_per_block=1, 
    overrides='module load Anaconda3/5.1.0; export PARSL_TESTING=True', 
    parallelism=0.5, 
    script_dir='parsl_scripts', 
    tasks_per_node=64, 
    walltime=241
)
2018-07-23 10:49:28 parsl.executors.ipp:119 [DEBUG]  Launched block: 0:47793127
2018-07-23 10:49:28 parsl.executors.ipp:134 [DEBUG]  Starting executor
2018-07-23 10:49:28 parsl.dataflow.strategy:120 [DEBUG]  Scaling strategy: simple
2018-07-23 10:49:29 parsl.dataflow.strategy:175 [DEBUG]  Tasks:0 Slots:64 Parallelism:0.5
2018-07-23 10:49:30 parsl.dataflow.strategy:175 [DEBUG]  Tasks:0 Slots:16 Parallelism:0.5
2018-07-23 10:49:33 parsl.dataflow.strategy:175 [DEBUG]  Tasks:0 Slots:32 Parallelism:0.5
2018-07-23 10:49:34 parsl.dataflow.strategy:175 [DEBUG]  Tasks:0 Slots:64 Parallelism:0.5
2018-07-23 10:49:35 parsl.dataflow.strategy:175 [DEBUG]  Tasks:0 Slots:16 Parallelism:0.5
2018-07-23 10:49:38 parsl.dataflow.strategy:175 [DEBUG]  Tasks:0 Slots:32 Parallelism:0.5
2018-07-23 10:49:39 parsl.dataflow.strategy:175 [DEBUG]  Tasks:0 Slots:64 Parallelism:0.5
2018-07-23 10:49:40 parsl.dataflow.strategy:175 [DEBUG]  Tasks:0 Slots:16 Parallelism:0.5
2018-07-23 10:49:43 parsl.dataflow.strategy:175 [DEBUG]  Tasks:0 Slots:32 Parallelism:0.5
2018-07-23 10:49:44 parsl.dataflow.strategy:175 [DEBUG]  Tasks:0 Slots:64 Parallelism:0.5
2018-07-23 10:49:45 parsl.dataflow.strategy:175 [DEBUG]  Tasks:0 Slots:16 Parallelism:0.5
2018-07-23 10:49:48 parsl.dataflow.strategy:175 [DEBUG]  Tasks:0 Slots:32 Parallelism:0.5
2018-07-23 10:49:49 parsl.dataflow.strategy:175 [DEBUG]  Tasks:0 Slots:64 Parallelism:0.5
2018-07-23 10:49:50 parsl.dataflow.strategy:175 [DEBUG]  Tasks:0 Slots:16 Parallelism:0.5
2018-07-23 10:49:53 parsl.dataflow.strategy:175 [DEBUG]  Tasks:0 Slots:32 Parallelism:0.5
2018-07-23 10:49:54 parsl.dataflow.strategy:175 [DEBUG]  Tasks:0 Slots:64 Parallelism:0.5
2018-07-23 10:49:55 parsl.dataflow.strategy:175 [DEBUG]  Tasks:0 Slots:16 Parallelism:0.5
2018-07-23 10:49:58 parsl.dataflow.strategy:175 [DEBUG]  Tasks:0 Slots:32 Parallelism:0.5
2018-07-23 10:49:59 parsl.dataflow.strategy:175 [DEBUG]  Tasks:0 Slots:64 Parallelism:0.5
2018-07-23 10:50:00 parsl.dataflow.strategy:175 [DEBUG]  Tasks:0 Slots:16 Parallelism:0.5
2018-07-23 10:50:03 parsl.dataflow.strategy:175 [DEBUG]  Tasks:0 Slots:32 Parallelism:0.5
2018-07-23 10:50:04 parsl.dataflow.strategy:175 [DEBUG]  Tasks:0 Slots:64 Parallelism:0.5
2018-07-23 10:50:05 parsl.dataflow.strategy:175 [DEBUG]  Tasks:0 Slots:16 Parallelism:0.5
2018-07-23 10:50:08 parsl.dataflow.strategy:175 [DEBUG]  Tasks:0 Slots:32 Parallelism:0.5
2018-07-23 10:50:10 parsl.dataflow.strategy:175 [DEBUG]  Tasks:0 Slots:64 Parallelism:0.5
2018-07-23 10:50:10 parsl.dataflow.strategy:175 [DEBUG]  Tasks:0 Slots:16 Parallelism:0.5
2018-07-23 10:50:13 parsl.dataflow.strategy:175 [DEBUG]  Tasks:0 Slots:32 Parallelism:0.5
2018-07-23 10:50:14 parsl.dataflow.strategy:175 [DEBUG]  Tasks:0 Slots:64 Parallelism:0.5
2018-07-23 10:50:15 parsl.dataflow.strategy:175 [DEBUG]  Tasks:0 Slots:16 Parallelism:0.5
2018-07-23 10:50:19 parsl.dataflow.strategy:175 [DEBUG]  Tasks:0 Slots:32 Parallelism:0.5
2018-07-23 10:50:19 parsl.dataflow.strategy:175 [DEBUG]  Tasks:0 Slots:64 Parallelism:0.5
2018-07-23 10:50:20 parsl.dataflow.strategy:175 [DEBUG]  Tasks:0 Slots:16 Parallelism:0.5
2018-07-23 10:50:23 parsl.dataflow.strategy:175 [DEBUG]  Tasks:0 Slots:32 Parallelism:0.5
2018-07-23 10:50:24 parsl.dataflow.strategy:175 [DEBUG]  Tasks:0 Slots:64 Parallelism:0.5
2018-07-23 10:50:25 parsl.dataflow.strategy:175 [DEBUG]  Tasks:0 Slots:16 Parallelism:0.5
2018-07-23 10:50:28 parsl.dataflow.strategy:175 [DEBUG]  Tasks:0 Slots:32 Parallelism:0.5
2018-07-23 10:50:29 parsl.dataflow.strategy:175 [DEBUG]  Tasks:0 Slots:64 Parallelism:0.5
2018-07-23 10:50:30 parsl.dataflow.strategy:175 [DEBUG]  Tasks:0 Slots:16 Parallelism:0.5
2018-07-23 10:50:33 parsl.dataflow.strategy:175 [DEBUG]  Tasks:0 Slots:32 Parallelism:0.5
2018-07-23 10:50:34 parsl.dataflow.strategy:175 [DEBUG]  Tasks:0 Slots:64 Parallelism:0.5
2018-07-23 10:50:35 parsl.dataflow.strategy:175 [DEBUG]  Tasks:0 Slots:16 Parallelism:0.5
2018-07-23 10:50:38 parsl.dataflow.strategy:175 [DEBUG]  Tasks:0 Slots:32 Parallelism:0.5
2018-07-23 10:50:39 parsl.dataflow.strategy:175 [DEBUG]  Tasks:0 Slots:64 Parallelism:0.5
2018-07-23 10:50:40 parsl.dataflow.strategy:175 [DEBUG]  Tasks:0 Slots:16 Parallelism:0.5
2018-07-23 10:50:43 parsl.dataflow.strategy:175 [DEBUG]  Tasks:0 Slots:32 Parallelism:0.5
2018-07-23 10:50:44 parsl.dataflow.strategy:175 [DEBUG]  Tasks:0 Slots:64 Parallelism:0.5
2018-07-23 10:50:45 parsl.dataflow.strategy:175 [DEBUG]  Tasks:0 Slots:16 Parallelism:0.5
2018-07-23 10:50:48 parsl.dataflow.strategy:175 [DEBUG]  Tasks:0 Slots:32 Parallelism:0.5
2018-07-23 10:50:51 parsl.dataflow.strategy:175 [DEBUG]  Tasks:0 Slots:16 Parallelism:0.5
2018-07-23 10:50:51 parsl.dataflow.strategy:175 [DEBUG]  Tasks:0 Slots:64 Parallelism:0.5
2018-07-23 10:50:53 parsl.dataflow.strategy:175 [DEBUG]  Tasks:0 Slots:32 Parallelism:0.5
2018-07-23 10:50:54 parsl.dataflow.strategy:175 [DEBUG]  Tasks:0 Slots:64 Parallelism:0.5
2018-07-23 10:50:55 parsl.dataflow.strategy:175 [DEBUG]  Tasks:0 Slots:16 Parallelism:0.5
2018-07-23 10:50:58 parsl.dataflow.strategy:175 [DEBUG]  Tasks:0 Slots:32 Parallelism:0.5
2018-07-23 10:50:59 parsl.dataflow.strategy:175 [DEBUG]  Tasks:0 Slots:64 Parallelism:0.5
2018-07-23 10:51:00 parsl.dataflow.strategy:175 [DEBUG]  Tasks:0 Slots:16 Parallelism:0.5
2018-07-23 10:51:03 parsl.dataflow.strategy:175 [DEBUG]  Tasks:0 Slots:32 Parallelism:0.5
2018-07-23 10:51:04 parsl.dataflow.strategy:175 [DEBUG]  Tasks:0 Slots:64 Parallelism:0.5
2018-07-23 10:51:05 parsl.dataflow.strategy:175 [DEBUG]  Tasks:0 Slots:16 Parallelism:0.5
2018-07-23 10:51:08 parsl.dataflow.strategy:175 [DEBUG]  Tasks:0 Slots:32 Parallelism:0.5
2018-07-23 10:51:09 parsl.dataflow.strategy:175 [DEBUG]  Tasks:0 Slots:0 Parallelism:0.5
2018-07-23 10:51:10 parsl.dataflow.strategy:175 [DEBUG]  Tasks:0 Slots:16 Parallelism:0.5
2018-07-23 10:51:13 parsl.dataflow.strategy:175 [DEBUG]  Tasks:0 Slots:32 Parallelism:0.5
2018-07-23 10:51:14 parsl.dataflow.strategy:175 [DEBUG]  Tasks:0 Slots:0 Parallelism:0.5
2018-07-23 10:51:15 parsl.dataflow.strategy:175 [DEBUG]  Tasks:0 Slots:16 Parallelism:0.5
2018-07-23 10:51:18 parsl.dataflow.strategy:175 [DEBUG]  Tasks:0 Slots:32 Parallelism:0.5
2018-07-23 10:51:19 parsl.dataflow.strategy:175 [DEBUG]  Tasks:0 Slots:0 Parallelism:0.5
2018-07-23 10:51:20 parsl.dataflow.strategy:175 [DEBUG]  Tasks:0 Slots:16 Parallelism:0.5
2018-07-23 10:51:24 parsl.dataflow.strategy:175 [DEBUG]  Tasks:0 Slots:32 Parallelism:0.5
2018-07-23 10:51:24 parsl.dataflow.strategy:175 [DEBUG]  Tasks:0 Slots:0 Parallelism:0.5
2018-07-23 10:51:25 parsl.dataflow.strategy:175 [DEBUG]  Tasks:0 Slots:16 Parallelism:0.5
2018-07-23 10:51:28 parsl.dataflow.strategy:175 [DEBUG]  Tasks:0 Slots:32 Parallelism:0.5
2018-07-23 10:51:29 parsl.dataflow.strategy:175 [DEBUG]  Tasks:0 Slots:0 Parallelism:0.5
2018-07-23 10:51:30 parsl.dataflow.strategy:175 [DEBUG]  Tasks:0 Slots:16 Parallelism:0.5
2018-07-23 10:51:33 parsl.dataflow.strategy:175 [DEBUG]  Tasks:0 Slots:32 Parallelism:0.5
2018-07-23 10:51:34 parsl.dataflow.strategy:175 [DEBUG]  Tasks:0 Slots:0 Parallelism:0.5
2018-07-23 10:51:35 parsl.dataflow.strategy:175 [DEBUG]  Tasks:0 Slots:16 Parallelism:0.5
2018-07-23 10:51:38 parsl.dataflow.strategy:175 [DEBUG]  Tasks:0 Slots:32 Parallelism:0.5
2018-07-23 10:51:39 parsl.dataflow.strategy:175 [DEBUG]  Tasks:0 Slots:0 Parallelism:0.5
2018-07-23 10:51:40 parsl.dataflow.strategy:175 [DEBUG]  Tasks:0 Slots:16 Parallelism:0.5
2018-07-23 10:51:43 parsl.dataflow.strategy:175 [DEBUG]  Tasks:0 Slots:32 Parallelism:0.5
2018-07-23 10:51:44 parsl.dataflow.strategy:175 [DEBUG]  Tasks:0 Slots:0 Parallelism:0.5
2018-07-23 10:51:45 parsl.dataflow.strategy:175 [DEBUG]  Tasks:0 Slots:16 Parallelism:0.5
2018-07-23 10:51:48 parsl.dataflow.strategy:175 [DEBUG]  Tasks:0 Slots:32 Parallelism:0.5
2018-07-23 10:51:49 parsl.dataflow.strategy:175 [DEBUG]  Tasks:0 Slots:0 Parallelism:0.5
2018-07-23 10:51:50 parsl.dataflow.strategy:175 [DEBUG]  Tasks:0 Slots:16 Parallelism:0.5
2018-07-23 10:51:53 parsl.dataflow.strategy:175 [DEBUG]  Tasks:0 Slots:32 Parallelism:0.5
2018-07-23 10:51:56 parsl.dataflow.strategy:175 [DEBUG]  Tasks:0 Slots:0 Parallelism:0.5
2018-07-23 10:51:56 parsl.dataflow.strategy:175 [DEBUG]  Tasks:0 Slots:16 Parallelism:0.5
2018-07-23 10:51:58 parsl.dataflow.strategy:175 [DEBUG]  Tasks:0 Slots:32 Parallelism:0.5
2018-07-23 10:51:59 parsl.dataflow.strategy:175 [DEBUG]  Tasks:0 Slots:0 Parallelism:0.5
2018-07-23 10:52:00 parsl.dataflow.strategy:175 [DEBUG]  Tasks:0 Slots:16 Parallelism:0.5
2018-07-23 10:52:03 parsl.dataflow.strategy:175 [DEBUG]  Tasks:0 Slots:32 Parallelism:0.5
2018-07-23 10:52:04 parsl.dataflow.strategy:175 [DEBUG]  Tasks:0 Slots:0 Parallelism:0.5
2018-07-23 10:52:05 parsl.dataflow.strategy:175 [DEBUG]  Tasks:0 Slots:16 Parallelism:0.5
2018-07-23 10:52:08 parsl.dataflow.strategy:175 [DEBUG]  Tasks:0 Slots:32 Parallelism:0.5
2018-07-23 10:52:09 parsl.dataflow.strategy:175 [DEBUG]  Tasks:0 Slots:0 Parallelism:0.5
2018-07-23 10:52:10 parsl.dataflow.strategy:175 [DEBUG]  Tasks:0 Slots:16 Parallelism:0.5
2018-07-23 10:52:13 parsl.dataflow.strategy:175 [DEBUG]  Tasks:0 Slots:32 Parallelism:0.5
2018-07-23 10:52:14 parsl.dataflow.strategy:175 [DEBUG]  Tasks:0 Slots:0 Parallelism:0.5
2018-07-23 10:52:15 parsl.dataflow.strategy:175 [DEBUG]  Tasks:0 Slots:16 Parallelism:0.5
2018-07-23 10:52:18 parsl.dataflow.strategy:175 [DEBUG]  Tasks:0 Slots:32 Parallelism:0.5
2018-07-23 10:52:19 parsl.dataflow.strategy:175 [DEBUG]  Tasks:0 Slots:0 Parallelism:0.5
2018-07-23 10:52:21 parsl.dataflow.strategy:175 [DEBUG]  Tasks:0 Slots:16 Parallelism:0.5
2018-07-23 10:52:23 parsl.dataflow.strategy:175 [DEBUG]  Tasks:0 Slots:32 Parallelism:0.5
2018-07-23 10:52:24 parsl.dataflow.strategy:175 [DEBUG]  Tasks:0 Slots:0 Parallelism:0.5
2018-07-23 10:52:25 parsl.dataflow.strategy:175 [DEBUG]  Tasks:0 Slots:16 Parallelism:0.5
2018-07-23 10:52:28 parsl.dataflow.strategy:175 [DEBUG]  Tasks:0 Slots:32 Parallelism:0.5
2018-07-23 10:52:30 parsl.dataflow.strategy:175 [DEBUG]  Tasks:0 Slots:0 Parallelism:0.5
2018-07-23 10:52:30 parsl.dataflow.strategy:175 [DEBUG]  Tasks:0 Slots:16 Parallelism:0.5
2018-07-23 10:52:33 parsl.dataflow.strategy:175 [DEBUG]  Tasks:0 Slots:32 Parallelism:0.5
2018-07-23 10:52:34 parsl.dataflow.strategy:175 [DEBUG]  Tasks:0 Slots:0 Parallelism:0.5
2018-07-23 10:52:35 parsl.dataflow.strategy:175 [DEBUG]  Tasks:0 Slots:16 Parallelism:0.5
2018-07-23 10:52:38 parsl.dataflow.strategy:175 [DEBUG]  Tasks:0 Slots:32 Parallelism:0.5
2018-07-23 10:52:39 parsl.dataflow.strategy:175 [DEBUG]  Tasks:0 Slots:0 Parallelism:0.5
2018-07-23 10:52:40 parsl.dataflow.strategy:175 [DEBUG]  Tasks:0 Slots:16 Parallelism:0.5
2018-07-23 10:52:43 parsl.dataflow.strategy:175 [DEBUG]  Tasks:0 Slots:32 Parallelism:0.5
2018-07-23 10:52:44 parsl.dataflow.strategy:175 [DEBUG]  Tasks:0 Slots:0 Parallelism:0.5
2018-07-23 10:52:45 parsl.dataflow.strategy:175 [DEBUG]  Tasks:0 Slots:16 Parallelism:0.5
2018-07-23 10:52:48 parsl.dataflow.strategy:175 [DEBUG]  Tasks:0 Slots:32 Parallelism:0.5
2018-07-23 10:52:49 parsl.dataflow.strategy:175 [DEBUG]  Tasks:0 Slots:0 Parallelism:0.5
2018-07-23 10:52:50 parsl.dataflow.strategy:175 [DEBUG]  Tasks:0 Slots:16 Parallelism:0.5
2018-07-23 10:52:53 parsl.dataflow.strategy:175 [DEBUG]  Tasks:0 Slots:32 Parallelism:0.5
2018-07-23 10:52:54 parsl.dataflow.strategy:175 [DEBUG]  Tasks:0 Slots:0 Parallelism:0.5
2018-07-23 10:52:55 parsl.dataflow.strategy:175 [DEBUG]  Tasks:0 Slots:16 Parallelism:0.5
2018-07-23 10:52:58 parsl.dataflow.strategy:175 [DEBUG]  Tasks:0 Slots:32 Parallelism:0.5
2018-07-23 10:53:00 parsl.dataflow.strategy:175 [DEBUG]  Tasks:0 Slots:0 Parallelism:0.5
2018-07-23 10:53:00 parsl.dataflow.strategy:175 [DEBUG]  Tasks:0 Slots:16 Parallelism:0.5
2018-07-23 10:53:03 parsl.dataflow.strategy:175 [DEBUG]  Tasks:0 Slots:32 Parallelism:0.5
2018-07-23 10:53:04 parsl.dataflow.strategy:175 [DEBUG]  Tasks:0 Slots:0 Parallelism:0.5
2018-07-23 10:53:05 parsl.dataflow.strategy:175 [DEBUG]  Tasks:0 Slots:16 Parallelism:0.5
2018-07-23 10:53:08 parsl.dataflow.strategy:175 [DEBUG]  Tasks:0 Slots:32 Parallelism:0.5
2018-07-23 10:53:09 parsl.dataflow.strategy:175 [DEBUG]  Tasks:0 Slots:0 Parallelism:0.5
2018-07-23 10:53:10 parsl.dataflow.strategy:175 [DEBUG]  Tasks:0 Slots:16 Parallelism:0.5
2018-07-23 10:53:13 parsl.dataflow.strategy:175 [DEBUG]  Tasks:0 Slots:32 Parallelism:0.5
2018-07-23 10:53:14 parsl.dataflow.strategy:175 [DEBUG]  Tasks:0 Slots:0 Parallelism:0.5
2018-07-23 10:53:15 parsl.dataflow.strategy:175 [DEBUG]  Tasks:0 Slots:16 Parallelism:0.5
2018-07-23 10:53:18 parsl.dataflow.strategy:175 [DEBUG]  Tasks:0 Slots:32 Parallelism:0.5
2018-07-23 10:53:19 parsl.dataflow.strategy:175 [DEBUG]  Tasks:0 Slots:0 Parallelism:0.5
2018-07-23 10:53:20 parsl.dataflow.strategy:175 [DEBUG]  Tasks:0 Slots:16 Parallelism:0.5
2018-07-23 10:53:23 parsl.dataflow.strategy:175 [DEBUG]  Tasks:0 Slots:32 Parallelism:0.5
2018-07-23 10:53:24 parsl.dataflow.strategy:175 [DEBUG]  Tasks:0 Slots:0 Parallelism:0.5
2018-07-23 10:53:25 parsl.dataflow.strategy:175 [DEBUG]  Tasks:0 Slots:16 Parallelism:0.5
2018-07-23 10:53:28 parsl.dataflow.strategy:175 [DEBUG]  Tasks:0 Slots:32 Parallelism:0.5
2018-07-23 10:53:29 parsl.dataflow.strategy:175 [DEBUG]  Tasks:0 Slots:0 Parallelism:0.5
2018-07-23 10:53:30 parsl.dataflow.strategy:175 [DEBUG]  Tasks:0 Slots:16 Parallelism:0.5
2018-07-23 10:53:33 parsl.dataflow.strategy:175 [DEBUG]  Tasks:0 Slots:32 Parallelism:0.5
2018-07-23 10:53:35 parsl.dataflow.strategy:175 [DEBUG]  Tasks:0 Slots:0 Parallelism:0.5
2018-07-23 10:53:35 parsl.dataflow.strategy:175 [DEBUG]  Tasks:0 Slots:16 Parallelism:0.5
2018-07-23 10:53:38 parsl.dataflow.strategy:175 [DEBUG]  Tasks:0 Slots:32 Parallelism:0.5
2018-07-23 10:53:39 parsl.dataflow.strategy:175 [DEBUG]  Tasks:0 Slots:0 Parallelism:0.5
2018-07-23 10:53:40 parsl.dataflow.strategy:175 [DEBUG]  Tasks:0 Slots:16 Parallelism:0.5
2018-07-23 10:53:43 parsl.dataflow.strategy:175 [DEBUG]  Tasks:0 Slots:32 Parallelism:0.5
2018-07-23 10:53:44 parsl.dataflow.strategy:175 [DEBUG]  Tasks:0 Slots:0 Parallelism:0.5
2018-07-23 10:53:45 parsl.dataflow.strategy:175 [DEBUG]  Tasks:0 Slots:16 Parallelism:0.5
2018-07-23 10:53:48 parsl.dataflow.strategy:175 [DEBUG]  Tasks:0 Slots:32 Parallelism:0.5
2018-07-23 10:53:49 parsl.dataflow.strategy:175 [DEBUG]  Tasks:0 Slots:0 Parallelism:0.5
2018-07-23 10:53:50 parsl.dataflow.strategy:175 [DEBUG]  Tasks:0 Slots:16 Parallelism:0.5
2018-07-23 10:53:53 parsl.dataflow.strategy:175 [DEBUG]  Tasks:0 Slots:32 Parallelism:0.5
2018-07-23 10:53:54 parsl.dataflow.strategy:175 [DEBUG]  Tasks:0 Slots:0 Parallelism:0.5
2018-07-23 10:53:55 parsl.dataflow.strategy:175 [DEBUG]  Tasks:0 Slots:16 Parallelism:0.5
2018-07-23 10:53:58 parsl.dataflow.strategy:175 [DEBUG]  Tasks:0 Slots:32 Parallelism:0.5
2018-07-23 10:53:59 parsl.dataflow.strategy:175 [DEBUG]  Tasks:0 Slots:0 Parallelism:0.5
2018-07-23 10:54:00 parsl.dataflow.strategy:175 [DEBUG]  Tasks:0 Slots:16 Parallelism:0.5
2018-07-23 10:54:03 parsl.dataflow.strategy:175 [DEBUG]  Tasks:0 Slots:32 Parallelism:0.5
2018-07-23 10:54:04 parsl.dataflow.strategy:175 [DEBUG]  Tasks:0 Slots:0 Parallelism:0.5
2018-07-23 10:54:07 parsl.dataflow.strategy:175 [DEBUG]  Tasks:0 Slots:16 Parallelism:0.5
2018-07-23 10:54:09 parsl.dataflow.strategy:175 [DEBUG]  Tasks:0 Slots:32 Parallelism:0.5
2018-07-23 10:54:09 parsl.dataflow.strategy:175 [DEBUG]  Tasks:0 Slots:0 Parallelism:0.5
2018-07-23 10:54:10 parsl.dataflow.strategy:175 [DEBUG]  Tasks:0 Slots:16 Parallelism:0.5
2018-07-23 10:54:12 parsl.dataflow.dflow:591 [INFO]  DFK cleanup initiated
2018-07-23 10:54:12 parsl.dataflow.dflow:538 [INFO]  Summary of tasks in DFK:
2018-07-23 10:54:12 parsl.dataflow.dflow:576 [INFO]  End of summary
2018-07-23 10:54:12 parsl.dataflow.dflow:615 [INFO]  Terminating flow_control and strategy threads
2018-07-23 10:54:13 parsl.executors.ipp:282 [DEBUG]  IPP:Shutdown sequence: Attempting controller kill
2018-07-23 10:54:13 parsl.dataflow.strategy:175 [DEBUG]  Tasks:0 Slots:32 Parallelism:0.5
2018-07-23 10:54:13 parsl.executors.ipp_controller:142 [DEBUG]  Controller exited with 0
2018-07-23 10:54:13 parsl.executors.ipp:292 [DEBUG]  Done with executor shutdown
2018-07-23 10:54:13 parsl.data_provider.data_manager:66 [DEBUG]  Done with executor shutdown
2018-07-23 10:54:13 parsl.dataflow.dflow:625 [INFO]  DFK cleanup complete
2018-07-23 10:54:13 parsl.dataflow.dflow:591 [INFO]  DFK cleanup initiated
2018-07-23 10:54:13 parsl.dataflow.dflow:538 [INFO]  Summary of tasks in DFK:
2018-07-23 10:54:13 parsl.dataflow.dflow:576 [INFO]  End of summary
2018-07-23 10:54:13 parsl.dataflow.dflow:615 [INFO]  Terminating flow_control and strategy threads
2018-07-23 10:54:13 parsl.executors.ipp:282 [DEBUG]  IPP:Shutdown sequence: Attempting controller kill
2018-07-23 10:54:13 parsl.executors.ipp_controller:147 [WARNING]  Failed to kill the ipcontroller process[12074]: [Errno 3] No such process
2018-07-23 10:54:13 parsl.executors.ipp:292 [DEBUG]  Done with executor shutdown
2018-07-23 10:54:13 parsl.data_provider.data_manager:66 [DEBUG]  Done with executor shutdown
2018-07-23 10:54:13 parsl.dataflow.dflow:625 [INFO]  DFK cleanup complete
2018-07-23 10:54:13 parsl.dataflow.dflow:591 [INFO]  DFK cleanup initiated
2018-07-23 10:54:13 parsl.dataflow.dflow:538 [INFO]  Summary of tasks in DFK:
2018-07-23 10:54:13 parsl.dataflow.dflow:576 [INFO]  End of summary
2018-07-23 10:54:13 parsl.dataflow.dflow:615 [INFO]  Terminating flow_control and strategy threads
2018-07-23 10:54:13 parsl.executors.ipp:282 [DEBUG]  IPP:Shutdown sequence: Attempting controller kill
2018-07-23 10:54:13 parsl.executors.ipp_controller:147 [WARNING]  Failed to kill the ipcontroller process[12074]: [Errno 3] No such process
2018-07-23 10:54:13 parsl.executors.ipp:292 [DEBUG]  Done with executor shutdown
2018-07-23 10:54:13 parsl.data_provider.data_manager:66 [DEBUG]  Done with executor shutdown
2018-07-23 10:54:13 parsl.dataflow.dflow:625 [INFO]  DFK cleanup complete
