2018-07-11 14:25:35.572 [IPControllerApp] Created profile dir: '/scratch/midway2/madduru/parsl/parsl/tests/integration/test_stress/runinfo/1005/profile_midway_ipp'
2018-07-11 14:25:35.591 [IPControllerApp] Hub listening on tcp://*:34515 for registration.
2018-07-11 14:25:35.593 [IPControllerApp] Hub using DB backend: 'DictDB'
2018-07-11 14:25:35.857 [IPControllerApp] hub::created hub
2018-07-11 14:25:35.857 [IPControllerApp] writing connection info to /scratch/midway2/madduru/parsl/parsl/tests/integration/test_stress/runinfo/1005/profile_midway_ipp/security/ipcontroller-client.json
2018-07-11 14:25:35.858 [IPControllerApp] writing connection info to /scratch/midway2/madduru/parsl/parsl/tests/integration/test_stress/runinfo/1005/profile_midway_ipp/security/ipcontroller-engine.json
2018-07-11 14:25:35.859 [IPControllerApp] task::using Python leastload Task scheduler
2018-07-11 14:25:35.859 [IPControllerApp] Heartmonitor started
2018-07-11 14:25:35.872 [IPControllerApp] Creating pid file: /scratch/midway2/madduru/parsl/parsl/tests/integration/test_stress/runinfo/1005/profile_midway_ipp/pid/ipcontroller.pid
2018-07-11 14:25:35.881 [scheduler] Scheduler started [leastload]
2018-07-11 14:25:35.885 [IPControllerApp] client::client b'\x00k\x8bEg' requested 'connection_request'
2018-07-11 14:25:35.885 [IPControllerApp] client::client [b'\x00k\x8bEg'] connected
2018-07-11 14:25:36.738 [IPControllerApp] client::client b'\x00k\x8bEh' requested 'connection_request'
2018-07-11 14:25:36.738 [IPControllerApp] client::client [b'\x00k\x8bEh'] connected
2018-07-11 14:26:22.693 [IPControllerApp] client::client b'7345c9c3-70ec2e183762d6a33ea94ec7' requested 'registration_request'
2018-07-11 14:26:26.862 [IPControllerApp] registration::finished registering engine 0:7345c9c3-70ec2e183762d6a33ea94ec7
2018-07-11 14:26:26.863 [IPControllerApp] engine::Engine Connected: 0
2018-07-11 14:26:26.867 [IPControllerApp] task::task '682582fc-6c9b62e7a968c5a4aecf088c' arrived on 0
2018-07-11 14:26:29.006 [IPControllerApp] task::task '9880aab3-e9a8dacd3f42b918e7901043' arrived on 0
2018-07-11 14:26:29.007 [IPControllerApp] task::task '682582fc-6c9b62e7a968c5a4aecf088c' finished on 0
2018-07-11 14:26:30.012 [IPControllerApp] task::task '599dfe6f-dca2387b7a20f7c5acb7122f' arrived on 0
2018-07-11 14:26:30.013 [IPControllerApp] task::task '9880aab3-e9a8dacd3f42b918e7901043' finished on 0
2018-07-11 14:26:31.017 [IPControllerApp] task::task '10a8d70a-4ce295a7de78c4cce83ac4ad' arrived on 0
2018-07-11 14:26:31.017 [IPControllerApp] task::task '599dfe6f-dca2387b7a20f7c5acb7122f' finished on 0
2018-07-11 14:26:32.021 [IPControllerApp] task::task '5df80b5d-8365c3b6f9186f8d67f4d69c' arrived on 0
2018-07-11 14:26:32.022 [IPControllerApp] task::task '10a8d70a-4ce295a7de78c4cce83ac4ad' finished on 0
2018-07-11 14:26:33.027 [IPControllerApp] task::task 'cc5b9609-ed0468b63eaf06b1efe1e6dc' arrived on 0
2018-07-11 14:26:33.027 [IPControllerApp] task::task '5df80b5d-8365c3b6f9186f8d67f4d69c' finished on 0
2018-07-11 14:26:34.032 [IPControllerApp] task::task '440a93d6-8f85322e3e91246ae6e48255' arrived on 0
2018-07-11 14:26:34.032 [IPControllerApp] task::task 'cc5b9609-ed0468b63eaf06b1efe1e6dc' finished on 0
2018-07-11 14:26:35.036 [IPControllerApp] task::task '8e552a28-c851439eca2ba7b2fd06e700' arrived on 0
2018-07-11 14:26:35.037 [IPControllerApp] task::task '440a93d6-8f85322e3e91246ae6e48255' finished on 0
2018-07-11 14:26:36.042 [IPControllerApp] task::task '515ab8a9-2cc69b4cfc329a4b6b7fa3bc' arrived on 0
2018-07-11 14:26:36.042 [IPControllerApp] task::task '8e552a28-c851439eca2ba7b2fd06e700' finished on 0
2018-07-11 14:26:37.047 [IPControllerApp] task::task '136330e4-d9045b7e561bae56ef929cf0' arrived on 0
2018-07-11 14:26:37.047 [IPControllerApp] task::task '515ab8a9-2cc69b4cfc329a4b6b7fa3bc' finished on 0
2018-07-11 14:26:38.052 [IPControllerApp] task::task 'c60d7c29-1c77c44223dd3d83d995bfbb' arrived on 0
2018-07-11 14:26:38.053 [IPControllerApp] task::task '136330e4-d9045b7e561bae56ef929cf0' finished on 0
2018-07-11 14:26:39.057 [IPControllerApp] task::task '7d67ccb4-d6b7461d572761d416c83949' arrived on 0
2018-07-11 14:26:39.058 [IPControllerApp] task::task 'c60d7c29-1c77c44223dd3d83d995bfbb' finished on 0
2018-07-11 14:26:40.062 [IPControllerApp] task::task '3da58c11-29e5f6fc5523a18f84103e0c' arrived on 0
2018-07-11 14:26:40.063 [IPControllerApp] task::task '7d67ccb4-d6b7461d572761d416c83949' finished on 0
2018-07-11 14:26:41.067 [IPControllerApp] task::task '88719a98-11491bf7b527c8f434ec01dd' arrived on 0
2018-07-11 14:26:41.068 [IPControllerApp] task::task '3da58c11-29e5f6fc5523a18f84103e0c' finished on 0
2018-07-11 14:26:42.072 [IPControllerApp] task::task '93e2a7ad-e30f584362978b0d68c7c042' arrived on 0
2018-07-11 14:26:42.073 [IPControllerApp] task::task '88719a98-11491bf7b527c8f434ec01dd' finished on 0
2018-07-11 14:26:43.077 [IPControllerApp] task::task '4c0e2c3c-7d339afa08c8ba50ec1b82f6' arrived on 0
2018-07-11 14:26:43.078 [IPControllerApp] task::task '93e2a7ad-e30f584362978b0d68c7c042' finished on 0
2018-07-11 14:26:44.082 [IPControllerApp] task::task '2a744c12-962a5054c2cc3af7d9ad0a9c' arrived on 0
2018-07-11 14:26:44.083 [IPControllerApp] task::task '4c0e2c3c-7d339afa08c8ba50ec1b82f6' finished on 0
2018-07-11 14:26:45.087 [IPControllerApp] task::task '94abb68d-3a22f882a8581633885f5aa2' arrived on 0
2018-07-11 14:26:45.088 [IPControllerApp] task::task '2a744c12-962a5054c2cc3af7d9ad0a9c' finished on 0
2018-07-11 14:26:46.092 [IPControllerApp] task::task 'dccc795f-d9c35c09a9e5e1b37ffb3ee1' arrived on 0
2018-07-11 14:26:46.094 [IPControllerApp] task::task '94abb68d-3a22f882a8581633885f5aa2' finished on 0
2018-07-11 14:26:47.097 [IPControllerApp] task::task 'cb95162a-f97677c9e1056b79be7ac41b' arrived on 0
2018-07-11 14:26:47.098 [IPControllerApp] task::task 'dccc795f-d9c35c09a9e5e1b37ffb3ee1' finished on 0
2018-07-11 14:26:48.102 [IPControllerApp] task::task '5cc0938b-bbd909f29c102235c7fbe823' arrived on 0
2018-07-11 14:26:48.103 [IPControllerApp] task::task 'cb95162a-f97677c9e1056b79be7ac41b' finished on 0
2018-07-11 14:26:49.108 [IPControllerApp] task::task '3a33f7d1-1caeeca1467d783473df5ba0' arrived on 0
2018-07-11 14:26:49.109 [IPControllerApp] task::task '5cc0938b-bbd909f29c102235c7fbe823' finished on 0
2018-07-11 14:26:50.112 [IPControllerApp] task::task 'da3517d6-07aaf6c6176ebc24833a26a4' arrived on 0
2018-07-11 14:26:50.113 [IPControllerApp] task::task '3a33f7d1-1caeeca1467d783473df5ba0' finished on 0
2018-07-11 14:26:51.117 [IPControllerApp] task::task 'b166a426-a41a44f19d35ee3b0e9988ee' arrived on 0
2018-07-11 14:26:51.119 [IPControllerApp] task::task 'da3517d6-07aaf6c6176ebc24833a26a4' finished on 0
2018-07-11 14:26:52.122 [IPControllerApp] task::task 'ad1203f9-5640e3829129d8bc77af68fd' arrived on 0
2018-07-11 14:26:52.123 [IPControllerApp] task::task 'b166a426-a41a44f19d35ee3b0e9988ee' finished on 0
2018-07-11 14:26:53.127 [IPControllerApp] task::task 'ad1203f9-5640e3829129d8bc77af68fd' finished on 0
2018-07-11 14:26:53.251 [IPControllerApp] CRITICAL | Received signal 15, shutting down
2018-07-11 14:26:53.251 [IPControllerApp] CRITICAL | terminating children...
