2018-07-23 10:59:26.611 [IPControllerApp] Created profile dir: '/scratch/midway2/madduru/parsl/parsl/tests/integration/test_stress/runinfo/1294/profile_midway_ipp'
2018-07-23 10:59:26.628 [IPControllerApp] Hub listening on tcp://*:41916 for registration.
2018-07-23 10:59:26.630 [IPControllerApp] Hub using DB backend: 'DictDB'
2018-07-23 10:59:26.892 [IPControllerApp] hub::created hub
2018-07-23 10:59:26.893 [IPControllerApp] writing connection info to /scratch/midway2/madduru/parsl/parsl/tests/integration/test_stress/runinfo/1294/profile_midway_ipp/security/ipcontroller-client.json
2018-07-23 10:59:26.894 [IPControllerApp] writing connection info to /scratch/midway2/madduru/parsl/parsl/tests/integration/test_stress/runinfo/1294/profile_midway_ipp/security/ipcontroller-engine.json
2018-07-23 10:59:26.895 [IPControllerApp] task::using Python leastload Task scheduler
2018-07-23 10:59:26.895 [IPControllerApp] Heartmonitor started
2018-07-23 10:59:26.904 [IPControllerApp] Creating pid file: /scratch/midway2/madduru/parsl/parsl/tests/integration/test_stress/runinfo/1294/profile_midway_ipp/pid/ipcontroller.pid
2018-07-23 10:59:26.913 [scheduler] Scheduler started [leastload]
2018-07-23 10:59:26.916 [IPControllerApp] client::client b'\x00k\x8bEg' requested 'connection_request'
2018-07-23 10:59:26.916 [IPControllerApp] client::client [b'\x00k\x8bEg'] connected
2018-07-23 10:59:28.081 [IPControllerApp] client::client b'\x00k\x8bEh' requested 'connection_request'
2018-07-23 10:59:28.081 [IPControllerApp] client::client [b'\x00k\x8bEh'] connected
2018-07-23 10:59:44.510 [IPControllerApp] client::client b'fcf112f6-16482dd2e26d27c949dc3904' requested 'registration_request'
2018-07-23 10:59:44.511 [IPControllerApp] client::client b'703dc0d1-00bc4bf7f4ba72bf8f214348' requested 'registration_request'
2018-07-23 10:59:44.512 [IPControllerApp] client::client b'9a1fce6e-4d951bd38f12524d7f3655e9' requested 'registration_request'
2018-07-23 10:59:44.513 [IPControllerApp] client::client b'9278d609-c552cf90b4daf8401b06b982' requested 'registration_request'
2018-07-23 10:59:44.514 [IPControllerApp] client::client b'514eb55d-286846b1aedf424c93d0e507' requested 'registration_request'
2018-07-23 10:59:44.515 [IPControllerApp] client::client b'171ce7a7-362ad95527159dfc9c6ce31b' requested 'registration_request'
2018-07-23 10:59:44.516 [IPControllerApp] client::client b'f251e7bf-6f26fa46f65ad4f8abc87a67' requested 'registration_request'
2018-07-23 10:59:44.522 [IPControllerApp] client::client b'c523cc7b-a15dc0e0bd157bc483da3fc4' requested 'registration_request'
2018-07-23 10:59:44.523 [IPControllerApp] client::client b'99a1fc80-1212f512f227a4b0bbd967ee' requested 'registration_request'
2018-07-23 10:59:44.524 [IPControllerApp] client::client b'5dc73d64-65f8f30d878dc6a25c8af8b2' requested 'registration_request'
2018-07-23 10:59:44.525 [IPControllerApp] client::client b'f90238b3-4d8d07705a17b09844a06cf1' requested 'registration_request'
2018-07-23 10:59:44.529 [IPControllerApp] client::client b'311186fc-0fb0cc99a3109d0afd6f681c' requested 'registration_request'
2018-07-23 10:59:44.530 [IPControllerApp] client::client b'ef4c4c36-c83d3704d93b941c783c133f' requested 'registration_request'
2018-07-23 10:59:44.531 [IPControllerApp] client::client b'219564a2-682d4a460cd63ddcadb9a0d6' requested 'registration_request'
2018-07-23 10:59:44.538 [IPControllerApp] client::client b'2a7cb710-e93daa90fede8ae925043e50' requested 'registration_request'
2018-07-23 10:59:44.539 [IPControllerApp] client::client b'69d225d1-82c0a26f82552e8ebf2e701d' requested 'registration_request'
2018-07-23 10:59:47.898 [IPControllerApp] registration::finished registering engine 12:ef4c4c36-c83d3704d93b941c783c133f
2018-07-23 10:59:47.899 [IPControllerApp] engine::Engine Connected: 12
2018-07-23 10:59:47.900 [IPControllerApp] registration::finished registering engine 8:99a1fc80-1212f512f227a4b0bbd967ee
2018-07-23 10:59:47.900 [IPControllerApp] engine::Engine Connected: 8
2018-07-23 10:59:47.906 [IPControllerApp] registration::finished registering engine 7:c523cc7b-a15dc0e0bd157bc483da3fc4
2018-07-23 10:59:47.907 [IPControllerApp] engine::Engine Connected: 7
2018-07-23 10:59:47.907 [IPControllerApp] registration::finished registering engine 11:311186fc-0fb0cc99a3109d0afd6f681c
2018-07-23 10:59:47.908 [IPControllerApp] engine::Engine Connected: 11
2018-07-23 10:59:47.908 [IPControllerApp] registration::finished registering engine 1:703dc0d1-00bc4bf7f4ba72bf8f214348
2018-07-23 10:59:47.908 [IPControllerApp] engine::Engine Connected: 1
2018-07-23 10:59:47.909 [IPControllerApp] registration::finished registering engine 9:5dc73d64-65f8f30d878dc6a25c8af8b2
2018-07-23 10:59:47.909 [IPControllerApp] engine::Engine Connected: 9
2018-07-23 10:59:47.909 [IPControllerApp] registration::finished registering engine 6:f251e7bf-6f26fa46f65ad4f8abc87a67
2018-07-23 10:59:47.910 [IPControllerApp] engine::Engine Connected: 6
2018-07-23 10:59:47.910 [IPControllerApp] registration::finished registering engine 2:9a1fce6e-4d951bd38f12524d7f3655e9
2018-07-23 10:59:47.911 [IPControllerApp] engine::Engine Connected: 2
2018-07-23 10:59:47.911 [IPControllerApp] registration::finished registering engine 5:171ce7a7-362ad95527159dfc9c6ce31b
2018-07-23 10:59:47.911 [IPControllerApp] engine::Engine Connected: 5
2018-07-23 10:59:47.912 [IPControllerApp] registration::finished registering engine 10:f90238b3-4d8d07705a17b09844a06cf1
2018-07-23 10:59:47.912 [IPControllerApp] engine::Engine Connected: 10
2018-07-23 10:59:47.912 [IPControllerApp] registration::finished registering engine 3:9278d609-c552cf90b4daf8401b06b982
2018-07-23 10:59:47.913 [IPControllerApp] engine::Engine Connected: 3
2018-07-23 10:59:47.913 [IPControllerApp] registration::finished registering engine 0:fcf112f6-16482dd2e26d27c949dc3904
2018-07-23 10:59:47.913 [IPControllerApp] engine::Engine Connected: 0
2018-07-23 10:59:47.914 [IPControllerApp] registration::finished registering engine 13:219564a2-682d4a460cd63ddcadb9a0d6
2018-07-23 10:59:47.914 [IPControllerApp] engine::Engine Connected: 13
2018-07-23 10:59:47.914 [IPControllerApp] registration::finished registering engine 4:514eb55d-286846b1aedf424c93d0e507
2018-07-23 10:59:47.915 [IPControllerApp] engine::Engine Connected: 4
2018-07-23 10:59:47.915 [IPControllerApp] registration::finished registering engine 15:69d225d1-82c0a26f82552e8ebf2e701d
2018-07-23 10:59:47.915 [IPControllerApp] engine::Engine Connected: 15
2018-07-23 10:59:47.916 [IPControllerApp] registration::finished registering engine 14:2a7cb710-e93daa90fede8ae925043e50
2018-07-23 10:59:47.916 [IPControllerApp] engine::Engine Connected: 14
2018-07-23 11:01:38.897 [IPControllerApp] heartbeat::missed b'ef4c4c36-c83d3704d93b941c783c133f' : 1
2018-07-23 11:01:38.897 [IPControllerApp] heartbeat::missed b'99a1fc80-1212f512f227a4b0bbd967ee' : 1
2018-07-23 11:01:38.897 [IPControllerApp] heartbeat::missed b'c523cc7b-a15dc0e0bd157bc483da3fc4' : 1
2018-07-23 11:01:38.897 [IPControllerApp] heartbeat::missed b'311186fc-0fb0cc99a3109d0afd6f681c' : 1
2018-07-23 11:01:38.897 [IPControllerApp] heartbeat::missed b'703dc0d1-00bc4bf7f4ba72bf8f214348' : 1
2018-07-23 11:01:38.897 [IPControllerApp] heartbeat::missed b'5dc73d64-65f8f30d878dc6a25c8af8b2' : 1
2018-07-23 11:01:38.897 [IPControllerApp] heartbeat::missed b'f251e7bf-6f26fa46f65ad4f8abc87a67' : 1
2018-07-23 11:01:38.897 [IPControllerApp] heartbeat::missed b'9a1fce6e-4d951bd38f12524d7f3655e9' : 1
2018-07-23 11:01:38.897 [IPControllerApp] heartbeat::missed b'171ce7a7-362ad95527159dfc9c6ce31b' : 1
2018-07-23 11:01:38.897 [IPControllerApp] heartbeat::missed b'f90238b3-4d8d07705a17b09844a06cf1' : 1
2018-07-23 11:01:38.897 [IPControllerApp] heartbeat::missed b'9278d609-c552cf90b4daf8401b06b982' : 1
2018-07-23 11:01:38.897 [IPControllerApp] heartbeat::missed b'fcf112f6-16482dd2e26d27c949dc3904' : 1
2018-07-23 11:01:38.897 [IPControllerApp] heartbeat::missed b'219564a2-682d4a460cd63ddcadb9a0d6' : 1
2018-07-23 11:01:38.897 [IPControllerApp] heartbeat::missed b'514eb55d-286846b1aedf424c93d0e507' : 1
2018-07-23 11:01:38.898 [IPControllerApp] heartbeat::missed b'69d225d1-82c0a26f82552e8ebf2e701d' : 1
2018-07-23 11:01:38.898 [IPControllerApp] heartbeat::missed b'2a7cb710-e93daa90fede8ae925043e50' : 1
2018-07-23 11:01:41.898 [IPControllerApp] heartbeat::missed b'ef4c4c36-c83d3704d93b941c783c133f' : 2
2018-07-23 11:01:41.898 [IPControllerApp] heartbeat::missed b'99a1fc80-1212f512f227a4b0bbd967ee' : 2
2018-07-23 11:01:41.898 [IPControllerApp] heartbeat::missed b'c523cc7b-a15dc0e0bd157bc483da3fc4' : 2
2018-07-23 11:01:41.898 [IPControllerApp] heartbeat::missed b'311186fc-0fb0cc99a3109d0afd6f681c' : 2
2018-07-23 11:01:41.898 [IPControllerApp] heartbeat::missed b'703dc0d1-00bc4bf7f4ba72bf8f214348' : 2
2018-07-23 11:01:41.898 [IPControllerApp] heartbeat::missed b'5dc73d64-65f8f30d878dc6a25c8af8b2' : 2
2018-07-23 11:01:41.899 [IPControllerApp] heartbeat::missed b'f251e7bf-6f26fa46f65ad4f8abc87a67' : 2
2018-07-23 11:01:41.899 [IPControllerApp] heartbeat::missed b'9a1fce6e-4d951bd38f12524d7f3655e9' : 2
2018-07-23 11:01:41.899 [IPControllerApp] heartbeat::missed b'171ce7a7-362ad95527159dfc9c6ce31b' : 2
2018-07-23 11:01:41.899 [IPControllerApp] heartbeat::missed b'f90238b3-4d8d07705a17b09844a06cf1' : 2
2018-07-23 11:01:41.899 [IPControllerApp] heartbeat::missed b'9278d609-c552cf90b4daf8401b06b982' : 2
2018-07-23 11:01:41.899 [IPControllerApp] heartbeat::missed b'fcf112f6-16482dd2e26d27c949dc3904' : 2
2018-07-23 11:01:41.899 [IPControllerApp] heartbeat::missed b'219564a2-682d4a460cd63ddcadb9a0d6' : 2
2018-07-23 11:01:41.899 [IPControllerApp] heartbeat::missed b'514eb55d-286846b1aedf424c93d0e507' : 2
2018-07-23 11:01:41.899 [IPControllerApp] heartbeat::missed b'69d225d1-82c0a26f82552e8ebf2e701d' : 2
2018-07-23 11:01:41.899 [IPControllerApp] heartbeat::missed b'2a7cb710-e93daa90fede8ae925043e50' : 2
2018-07-23 11:01:44.899 [IPControllerApp] heartbeat::missed b'ef4c4c36-c83d3704d93b941c783c133f' : 3
2018-07-23 11:01:44.899 [IPControllerApp] heartbeat::missed b'99a1fc80-1212f512f227a4b0bbd967ee' : 3
2018-07-23 11:01:44.899 [IPControllerApp] heartbeat::missed b'c523cc7b-a15dc0e0bd157bc483da3fc4' : 3
2018-07-23 11:01:44.899 [IPControllerApp] heartbeat::missed b'311186fc-0fb0cc99a3109d0afd6f681c' : 3
2018-07-23 11:01:44.899 [IPControllerApp] heartbeat::missed b'703dc0d1-00bc4bf7f4ba72bf8f214348' : 3
2018-07-23 11:01:44.899 [IPControllerApp] heartbeat::missed b'5dc73d64-65f8f30d878dc6a25c8af8b2' : 3
2018-07-23 11:01:44.899 [IPControllerApp] heartbeat::missed b'f251e7bf-6f26fa46f65ad4f8abc87a67' : 3
2018-07-23 11:01:44.899 [IPControllerApp] heartbeat::missed b'9a1fce6e-4d951bd38f12524d7f3655e9' : 3
2018-07-23 11:01:44.899 [IPControllerApp] heartbeat::missed b'171ce7a7-362ad95527159dfc9c6ce31b' : 3
2018-07-23 11:01:44.900 [IPControllerApp] heartbeat::missed b'f90238b3-4d8d07705a17b09844a06cf1' : 3
2018-07-23 11:01:44.900 [IPControllerApp] heartbeat::missed b'9278d609-c552cf90b4daf8401b06b982' : 3
2018-07-23 11:01:44.900 [IPControllerApp] heartbeat::missed b'fcf112f6-16482dd2e26d27c949dc3904' : 3
2018-07-23 11:01:44.900 [IPControllerApp] heartbeat::missed b'219564a2-682d4a460cd63ddcadb9a0d6' : 3
2018-07-23 11:01:44.900 [IPControllerApp] heartbeat::missed b'514eb55d-286846b1aedf424c93d0e507' : 3
2018-07-23 11:01:44.900 [IPControllerApp] heartbeat::missed b'69d225d1-82c0a26f82552e8ebf2e701d' : 3
2018-07-23 11:01:44.900 [IPControllerApp] heartbeat::missed b'2a7cb710-e93daa90fede8ae925043e50' : 3
2018-07-23 11:01:47.899 [IPControllerApp] heartbeat::missed b'ef4c4c36-c83d3704d93b941c783c133f' : 4
2018-07-23 11:01:47.899 [IPControllerApp] heartbeat::missed b'99a1fc80-1212f512f227a4b0bbd967ee' : 4
2018-07-23 11:01:47.899 [IPControllerApp] heartbeat::missed b'c523cc7b-a15dc0e0bd157bc483da3fc4' : 4
2018-07-23 11:01:47.899 [IPControllerApp] heartbeat::missed b'311186fc-0fb0cc99a3109d0afd6f681c' : 4
2018-07-23 11:01:47.899 [IPControllerApp] heartbeat::missed b'703dc0d1-00bc4bf7f4ba72bf8f214348' : 4
2018-07-23 11:01:47.899 [IPControllerApp] heartbeat::missed b'5dc73d64-65f8f30d878dc6a25c8af8b2' : 4
2018-07-23 11:01:47.899 [IPControllerApp] heartbeat::missed b'f251e7bf-6f26fa46f65ad4f8abc87a67' : 4
2018-07-23 11:01:47.899 [IPControllerApp] heartbeat::missed b'9a1fce6e-4d951bd38f12524d7f3655e9' : 4
2018-07-23 11:01:47.899 [IPControllerApp] heartbeat::missed b'171ce7a7-362ad95527159dfc9c6ce31b' : 4
2018-07-23 11:01:47.899 [IPControllerApp] heartbeat::missed b'f90238b3-4d8d07705a17b09844a06cf1' : 4
2018-07-23 11:01:47.899 [IPControllerApp] heartbeat::missed b'9278d609-c552cf90b4daf8401b06b982' : 4
2018-07-23 11:01:47.899 [IPControllerApp] heartbeat::missed b'fcf112f6-16482dd2e26d27c949dc3904' : 4
2018-07-23 11:01:47.900 [IPControllerApp] heartbeat::missed b'219564a2-682d4a460cd63ddcadb9a0d6' : 4
2018-07-23 11:01:47.900 [IPControllerApp] heartbeat::missed b'514eb55d-286846b1aedf424c93d0e507' : 4
2018-07-23 11:01:47.900 [IPControllerApp] heartbeat::missed b'69d225d1-82c0a26f82552e8ebf2e701d' : 4
2018-07-23 11:01:47.900 [IPControllerApp] heartbeat::missed b'2a7cb710-e93daa90fede8ae925043e50' : 4
2018-07-23 11:01:50.898 [IPControllerApp] heartbeat::missed b'ef4c4c36-c83d3704d93b941c783c133f' : 5
2018-07-23 11:01:50.899 [IPControllerApp] heartbeat::missed b'99a1fc80-1212f512f227a4b0bbd967ee' : 5
2018-07-23 11:01:50.899 [IPControllerApp] heartbeat::missed b'c523cc7b-a15dc0e0bd157bc483da3fc4' : 5
2018-07-23 11:01:50.899 [IPControllerApp] heartbeat::missed b'311186fc-0fb0cc99a3109d0afd6f681c' : 5
2018-07-23 11:01:50.899 [IPControllerApp] heartbeat::missed b'703dc0d1-00bc4bf7f4ba72bf8f214348' : 5
2018-07-23 11:01:50.899 [IPControllerApp] heartbeat::missed b'5dc73d64-65f8f30d878dc6a25c8af8b2' : 5
2018-07-23 11:01:50.899 [IPControllerApp] heartbeat::missed b'f251e7bf-6f26fa46f65ad4f8abc87a67' : 5
2018-07-23 11:01:50.899 [IPControllerApp] heartbeat::missed b'9a1fce6e-4d951bd38f12524d7f3655e9' : 5
2018-07-23 11:01:50.899 [IPControllerApp] heartbeat::missed b'171ce7a7-362ad95527159dfc9c6ce31b' : 5
2018-07-23 11:01:50.899 [IPControllerApp] heartbeat::missed b'f90238b3-4d8d07705a17b09844a06cf1' : 5
2018-07-23 11:01:50.899 [IPControllerApp] heartbeat::missed b'9278d609-c552cf90b4daf8401b06b982' : 5
2018-07-23 11:01:50.899 [IPControllerApp] heartbeat::missed b'fcf112f6-16482dd2e26d27c949dc3904' : 5
2018-07-23 11:01:50.899 [IPControllerApp] heartbeat::missed b'219564a2-682d4a460cd63ddcadb9a0d6' : 5
2018-07-23 11:01:50.899 [IPControllerApp] heartbeat::missed b'514eb55d-286846b1aedf424c93d0e507' : 5
2018-07-23 11:01:50.900 [IPControllerApp] heartbeat::missed b'69d225d1-82c0a26f82552e8ebf2e701d' : 5
2018-07-23 11:01:50.900 [IPControllerApp] heartbeat::missed b'2a7cb710-e93daa90fede8ae925043e50' : 5
2018-07-23 11:01:53.899 [IPControllerApp] heartbeat::missed b'ef4c4c36-c83d3704d93b941c783c133f' : 6
2018-07-23 11:01:53.900 [IPControllerApp] heartbeat::missed b'99a1fc80-1212f512f227a4b0bbd967ee' : 6
2018-07-23 11:01:53.900 [IPControllerApp] heartbeat::missed b'c523cc7b-a15dc0e0bd157bc483da3fc4' : 6
2018-07-23 11:01:53.900 [IPControllerApp] heartbeat::missed b'311186fc-0fb0cc99a3109d0afd6f681c' : 6
2018-07-23 11:01:53.900 [IPControllerApp] heartbeat::missed b'703dc0d1-00bc4bf7f4ba72bf8f214348' : 6
2018-07-23 11:01:53.900 [IPControllerApp] heartbeat::missed b'5dc73d64-65f8f30d878dc6a25c8af8b2' : 6
2018-07-23 11:01:53.900 [IPControllerApp] heartbeat::missed b'f251e7bf-6f26fa46f65ad4f8abc87a67' : 6
2018-07-23 11:01:53.900 [IPControllerApp] heartbeat::missed b'9a1fce6e-4d951bd38f12524d7f3655e9' : 6
2018-07-23 11:01:53.900 [IPControllerApp] heartbeat::missed b'171ce7a7-362ad95527159dfc9c6ce31b' : 6
2018-07-23 11:01:53.900 [IPControllerApp] heartbeat::missed b'f90238b3-4d8d07705a17b09844a06cf1' : 6
2018-07-23 11:01:53.900 [IPControllerApp] heartbeat::missed b'9278d609-c552cf90b4daf8401b06b982' : 6
2018-07-23 11:01:53.900 [IPControllerApp] heartbeat::missed b'fcf112f6-16482dd2e26d27c949dc3904' : 6
2018-07-23 11:01:53.900 [IPControllerApp] heartbeat::missed b'219564a2-682d4a460cd63ddcadb9a0d6' : 6
2018-07-23 11:01:53.900 [IPControllerApp] heartbeat::missed b'514eb55d-286846b1aedf424c93d0e507' : 6
2018-07-23 11:01:53.900 [IPControllerApp] heartbeat::missed b'69d225d1-82c0a26f82552e8ebf2e701d' : 6
2018-07-23 11:01:53.900 [IPControllerApp] heartbeat::missed b'2a7cb710-e93daa90fede8ae925043e50' : 6
2018-07-23 11:01:56.897 [IPControllerApp] heartbeat::missed b'ef4c4c36-c83d3704d93b941c783c133f' : 7
2018-07-23 11:01:56.897 [IPControllerApp] heartbeat::missed b'99a1fc80-1212f512f227a4b0bbd967ee' : 7
2018-07-23 11:01:56.897 [IPControllerApp] heartbeat::missed b'c523cc7b-a15dc0e0bd157bc483da3fc4' : 7
2018-07-23 11:01:56.897 [IPControllerApp] heartbeat::missed b'311186fc-0fb0cc99a3109d0afd6f681c' : 7
2018-07-23 11:01:56.897 [IPControllerApp] heartbeat::missed b'703dc0d1-00bc4bf7f4ba72bf8f214348' : 7
2018-07-23 11:01:56.897 [IPControllerApp] heartbeat::missed b'5dc73d64-65f8f30d878dc6a25c8af8b2' : 7
2018-07-23 11:01:56.897 [IPControllerApp] heartbeat::missed b'f251e7bf-6f26fa46f65ad4f8abc87a67' : 7
2018-07-23 11:01:56.897 [IPControllerApp] heartbeat::missed b'9a1fce6e-4d951bd38f12524d7f3655e9' : 7
2018-07-23 11:01:56.897 [IPControllerApp] heartbeat::missed b'171ce7a7-362ad95527159dfc9c6ce31b' : 7
2018-07-23 11:01:56.897 [IPControllerApp] heartbeat::missed b'f90238b3-4d8d07705a17b09844a06cf1' : 7
2018-07-23 11:01:56.897 [IPControllerApp] heartbeat::missed b'9278d609-c552cf90b4daf8401b06b982' : 7
2018-07-23 11:01:56.897 [IPControllerApp] heartbeat::missed b'fcf112f6-16482dd2e26d27c949dc3904' : 7
2018-07-23 11:01:56.897 [IPControllerApp] heartbeat::missed b'219564a2-682d4a460cd63ddcadb9a0d6' : 7
2018-07-23 11:01:56.898 [IPControllerApp] heartbeat::missed b'514eb55d-286846b1aedf424c93d0e507' : 7
2018-07-23 11:01:56.898 [IPControllerApp] heartbeat::missed b'69d225d1-82c0a26f82552e8ebf2e701d' : 7
2018-07-23 11:01:56.898 [IPControllerApp] heartbeat::missed b'2a7cb710-e93daa90fede8ae925043e50' : 7
2018-07-23 11:01:59.899 [IPControllerApp] heartbeat::missed b'ef4c4c36-c83d3704d93b941c783c133f' : 8
2018-07-23 11:01:59.900 [IPControllerApp] heartbeat::missed b'99a1fc80-1212f512f227a4b0bbd967ee' : 8
2018-07-23 11:01:59.900 [IPControllerApp] heartbeat::missed b'c523cc7b-a15dc0e0bd157bc483da3fc4' : 8
2018-07-23 11:01:59.900 [IPControllerApp] heartbeat::missed b'311186fc-0fb0cc99a3109d0afd6f681c' : 8
2018-07-23 11:01:59.900 [IPControllerApp] heartbeat::missed b'703dc0d1-00bc4bf7f4ba72bf8f214348' : 8
2018-07-23 11:01:59.900 [IPControllerApp] heartbeat::missed b'5dc73d64-65f8f30d878dc6a25c8af8b2' : 8
2018-07-23 11:01:59.900 [IPControllerApp] heartbeat::missed b'f251e7bf-6f26fa46f65ad4f8abc87a67' : 8
2018-07-23 11:01:59.900 [IPControllerApp] heartbeat::missed b'9a1fce6e-4d951bd38f12524d7f3655e9' : 8
2018-07-23 11:01:59.900 [IPControllerApp] heartbeat::missed b'171ce7a7-362ad95527159dfc9c6ce31b' : 8
2018-07-23 11:01:59.900 [IPControllerApp] heartbeat::missed b'f90238b3-4d8d07705a17b09844a06cf1' : 8
2018-07-23 11:01:59.900 [IPControllerApp] heartbeat::missed b'9278d609-c552cf90b4daf8401b06b982' : 8
2018-07-23 11:01:59.900 [IPControllerApp] heartbeat::missed b'fcf112f6-16482dd2e26d27c949dc3904' : 8
2018-07-23 11:01:59.900 [IPControllerApp] heartbeat::missed b'219564a2-682d4a460cd63ddcadb9a0d6' : 8
2018-07-23 11:01:59.900 [IPControllerApp] heartbeat::missed b'514eb55d-286846b1aedf424c93d0e507' : 8
2018-07-23 11:01:59.900 [IPControllerApp] heartbeat::missed b'69d225d1-82c0a26f82552e8ebf2e701d' : 8
2018-07-23 11:01:59.900 [IPControllerApp] heartbeat::missed b'2a7cb710-e93daa90fede8ae925043e50' : 8
2018-07-23 11:02:02.897 [IPControllerApp] heartbeat::missed b'ef4c4c36-c83d3704d93b941c783c133f' : 9
2018-07-23 11:02:02.897 [IPControllerApp] heartbeat::missed b'99a1fc80-1212f512f227a4b0bbd967ee' : 9
2018-07-23 11:02:02.897 [IPControllerApp] heartbeat::missed b'c523cc7b-a15dc0e0bd157bc483da3fc4' : 9
2018-07-23 11:02:02.897 [IPControllerApp] heartbeat::missed b'311186fc-0fb0cc99a3109d0afd6f681c' : 9
2018-07-23 11:02:02.897 [IPControllerApp] heartbeat::missed b'703dc0d1-00bc4bf7f4ba72bf8f214348' : 9
2018-07-23 11:02:02.897 [IPControllerApp] heartbeat::missed b'5dc73d64-65f8f30d878dc6a25c8af8b2' : 9
2018-07-23 11:02:02.897 [IPControllerApp] heartbeat::missed b'f251e7bf-6f26fa46f65ad4f8abc87a67' : 9
2018-07-23 11:02:02.897 [IPControllerApp] heartbeat::missed b'9a1fce6e-4d951bd38f12524d7f3655e9' : 9
2018-07-23 11:02:02.897 [IPControllerApp] heartbeat::missed b'171ce7a7-362ad95527159dfc9c6ce31b' : 9
2018-07-23 11:02:02.897 [IPControllerApp] heartbeat::missed b'f90238b3-4d8d07705a17b09844a06cf1' : 9
2018-07-23 11:02:02.897 [IPControllerApp] heartbeat::missed b'9278d609-c552cf90b4daf8401b06b982' : 9
2018-07-23 11:02:02.897 [IPControllerApp] heartbeat::missed b'fcf112f6-16482dd2e26d27c949dc3904' : 9
2018-07-23 11:02:02.898 [IPControllerApp] heartbeat::missed b'219564a2-682d4a460cd63ddcadb9a0d6' : 9
2018-07-23 11:02:02.898 [IPControllerApp] heartbeat::missed b'514eb55d-286846b1aedf424c93d0e507' : 9
2018-07-23 11:02:02.898 [IPControllerApp] heartbeat::missed b'69d225d1-82c0a26f82552e8ebf2e701d' : 9
2018-07-23 11:02:02.898 [IPControllerApp] heartbeat::missed b'2a7cb710-e93daa90fede8ae925043e50' : 9
2018-07-23 11:02:05.897 [IPControllerApp] heartbeat::missed b'ef4c4c36-c83d3704d93b941c783c133f' : 10
2018-07-23 11:02:05.897 [IPControllerApp] heartbeat::missed b'99a1fc80-1212f512f227a4b0bbd967ee' : 10
2018-07-23 11:02:05.897 [IPControllerApp] heartbeat::missed b'c523cc7b-a15dc0e0bd157bc483da3fc4' : 10
2018-07-23 11:02:05.897 [IPControllerApp] heartbeat::missed b'311186fc-0fb0cc99a3109d0afd6f681c' : 10
2018-07-23 11:02:05.897 [IPControllerApp] heartbeat::missed b'703dc0d1-00bc4bf7f4ba72bf8f214348' : 10
2018-07-23 11:02:05.897 [IPControllerApp] heartbeat::missed b'5dc73d64-65f8f30d878dc6a25c8af8b2' : 10
2018-07-23 11:02:05.897 [IPControllerApp] heartbeat::missed b'f251e7bf-6f26fa46f65ad4f8abc87a67' : 10
2018-07-23 11:02:05.897 [IPControllerApp] heartbeat::missed b'9a1fce6e-4d951bd38f12524d7f3655e9' : 10
2018-07-23 11:02:05.897 [IPControllerApp] heartbeat::missed b'171ce7a7-362ad95527159dfc9c6ce31b' : 10
2018-07-23 11:02:05.897 [IPControllerApp] heartbeat::missed b'f90238b3-4d8d07705a17b09844a06cf1' : 10
2018-07-23 11:02:05.897 [IPControllerApp] heartbeat::missed b'9278d609-c552cf90b4daf8401b06b982' : 10
2018-07-23 11:02:05.897 [IPControllerApp] heartbeat::missed b'fcf112f6-16482dd2e26d27c949dc3904' : 10
2018-07-23 11:02:05.897 [IPControllerApp] heartbeat::missed b'219564a2-682d4a460cd63ddcadb9a0d6' : 10
2018-07-23 11:02:05.897 [IPControllerApp] heartbeat::missed b'514eb55d-286846b1aedf424c93d0e507' : 10
2018-07-23 11:02:05.898 [IPControllerApp] heartbeat::missed b'69d225d1-82c0a26f82552e8ebf2e701d' : 10
2018-07-23 11:02:05.898 [IPControllerApp] heartbeat::missed b'2a7cb710-e93daa90fede8ae925043e50' : 10
2018-07-23 11:02:06.719 [IPControllerApp] CRITICAL | Received signal 15, shutting down
2018-07-23 11:02:06.720 [IPControllerApp] CRITICAL | terminating children...
