2018-07-10 15:37:04.635 [IPControllerApp] Created profile dir: '/scratch/midway2/madduru/parsl/parsl/tests/integration/test_stress/runinfo/905/profile_midway_ipp'
2018-07-10 15:37:04.653 [IPControllerApp] Hub listening on tcp://*:61469 for registration.
2018-07-10 15:37:04.655 [IPControllerApp] Hub using DB backend: 'DictDB'
2018-07-10 15:37:04.918 [IPControllerApp] hub::created hub
2018-07-10 15:37:04.918 [IPControllerApp] writing connection info to /scratch/midway2/madduru/parsl/parsl/tests/integration/test_stress/runinfo/905/profile_midway_ipp/security/ipcontroller-client.json
2018-07-10 15:37:04.920 [IPControllerApp] writing connection info to /scratch/midway2/madduru/parsl/parsl/tests/integration/test_stress/runinfo/905/profile_midway_ipp/security/ipcontroller-engine.json
2018-07-10 15:37:04.921 [IPControllerApp] task::using Python leastload Task scheduler
2018-07-10 15:37:04.922 [IPControllerApp] Heartmonitor started
2018-07-10 15:37:04.934 [IPControllerApp] Creating pid file: /scratch/midway2/madduru/parsl/parsl/tests/integration/test_stress/runinfo/905/profile_midway_ipp/pid/ipcontroller.pid
2018-07-10 15:37:04.944 [scheduler] Scheduler started [leastload]
2018-07-10 15:37:04.947 [IPControllerApp] client::client b'\x00k\x8bEg' requested 'connection_request'
2018-07-10 15:37:04.948 [IPControllerApp] client::client [b'\x00k\x8bEg'] connected
2018-07-10 15:37:06.073 [IPControllerApp] client::client b'\x00k\x8bEh' requested 'connection_request'
2018-07-10 15:37:06.073 [IPControllerApp] client::client [b'\x00k\x8bEh'] connected
2018-07-10 15:37:36.524 [IPControllerApp] client::client b'35881237-b0ce66bd0947016b01ec3960' requested 'registration_request'
2018-07-10 15:37:40.923 [IPControllerApp] registration::finished registering engine 0:35881237-b0ce66bd0947016b01ec3960
2018-07-10 15:37:40.924 [IPControllerApp] engine::Engine Connected: 0
2018-07-10 15:37:40.928 [IPControllerApp] task::task 'b1518f1e-527520c0109b640d6facf272' arrived on 0
2018-07-10 15:37:42.029 [IPControllerApp] task::task 'ceb320a2-dc97a3d24b8b5ba447f95662' arrived on 0
2018-07-10 15:37:42.030 [IPControllerApp] task::task 'b1518f1e-527520c0109b640d6facf272' finished on 0
2018-07-10 15:37:42.034 [IPControllerApp] task::task 'cdb3d16f-cc8668a85496e57a6b56963d' arrived on 0
2018-07-10 15:37:42.035 [IPControllerApp] task::task 'ceb320a2-dc97a3d24b8b5ba447f95662' finished on 0
2018-07-10 15:37:42.038 [IPControllerApp] task::task '5756adcb-a92624023fb2541ebead0e7e' arrived on 0
2018-07-10 15:37:42.039 [IPControllerApp] task::task 'cdb3d16f-cc8668a85496e57a6b56963d' finished on 0
2018-07-10 15:37:42.043 [IPControllerApp] task::task 'a003bd2d-7f65d09228630cdeb80d58e3' arrived on 0
2018-07-10 15:37:42.043 [IPControllerApp] task::task '5756adcb-a92624023fb2541ebead0e7e' finished on 0
2018-07-10 15:37:42.047 [IPControllerApp] task::task '5c633259-ec7c5c71fb8e2045acf7d29f' arrived on 0
2018-07-10 15:37:42.048 [IPControllerApp] task::task 'a003bd2d-7f65d09228630cdeb80d58e3' finished on 0
2018-07-10 15:37:42.052 [IPControllerApp] task::task 'c9d28089-edc58a7f005bcae840a80d24' arrived on 0
2018-07-10 15:37:42.052 [IPControllerApp] task::task '5c633259-ec7c5c71fb8e2045acf7d29f' finished on 0
2018-07-10 15:37:42.056 [IPControllerApp] task::task '47038b50-03f317df0c288db00fe3c1b6' arrived on 0
2018-07-10 15:37:42.057 [IPControllerApp] task::task 'c9d28089-edc58a7f005bcae840a80d24' finished on 0
2018-07-10 15:37:42.061 [IPControllerApp] task::task '7ab35a41-720910e1004df3b9595957fe' arrived on 0
2018-07-10 15:37:42.061 [IPControllerApp] task::task '47038b50-03f317df0c288db00fe3c1b6' finished on 0
2018-07-10 15:37:42.065 [IPControllerApp] task::task '0c4a67ff-5a565d1370814ea183b6784f' arrived on 0
2018-07-10 15:37:42.066 [IPControllerApp] task::task '7ab35a41-720910e1004df3b9595957fe' finished on 0
2018-07-10 15:37:42.070 [IPControllerApp] task::task '6241b60f-f0c02562f36bf4939a0d8c44' arrived on 0
2018-07-10 15:37:42.071 [IPControllerApp] task::task '0c4a67ff-5a565d1370814ea183b6784f' finished on 0
2018-07-10 15:37:42.080 [IPControllerApp] task::task 'c543c3e5-27205319e172f6b5fc6a74c5' arrived on 0
2018-07-10 15:37:42.082 [IPControllerApp] task::task '6241b60f-f0c02562f36bf4939a0d8c44' finished on 0
2018-07-10 15:37:42.083 [IPControllerApp] task::task '0adb1597-ab97fccfdaef9bbaaa98ab0f' arrived on 0
2018-07-10 15:37:42.084 [IPControllerApp] task::task 'c543c3e5-27205319e172f6b5fc6a74c5' finished on 0
2018-07-10 15:37:42.085 [IPControllerApp] task::task '96d52263-01f81c8d211c56fe1bb8e04c' arrived on 0
2018-07-10 15:37:42.087 [IPControllerApp] task::task '0adb1597-ab97fccfdaef9bbaaa98ab0f' finished on 0
2018-07-10 15:37:42.088 [IPControllerApp] task::task 'aff1452e-1833cb15533f215429f613a5' arrived on 0
2018-07-10 15:37:42.089 [IPControllerApp] task::task '96d52263-01f81c8d211c56fe1bb8e04c' finished on 0
2018-07-10 15:37:42.092 [IPControllerApp] task::task '4a7b5580-600451da232ab694841c54d5' arrived on 0
2018-07-10 15:37:42.093 [IPControllerApp] task::task 'aff1452e-1833cb15533f215429f613a5' finished on 0
2018-07-10 15:37:42.097 [IPControllerApp] task::task '586e0d79-6ccade24929a57c9984c6d9a' arrived on 0
2018-07-10 15:37:42.097 [IPControllerApp] task::task '4a7b5580-600451da232ab694841c54d5' finished on 0
2018-07-10 15:37:42.101 [IPControllerApp] task::task '38b1e892-426034bd69d9d2a33d825d76' arrived on 0
2018-07-10 15:37:42.102 [IPControllerApp] task::task '586e0d79-6ccade24929a57c9984c6d9a' finished on 0
2018-07-10 15:37:42.105 [IPControllerApp] task::task '5df778c8-bd3c398975a5d62b90e5da79' arrived on 0
2018-07-10 15:37:42.106 [IPControllerApp] task::task '38b1e892-426034bd69d9d2a33d825d76' finished on 0
2018-07-10 15:37:42.109 [IPControllerApp] task::task 'f0ef5c42-31bc5006ba87d38ee1278c3d' arrived on 0
2018-07-10 15:37:42.110 [IPControllerApp] task::task '5df778c8-bd3c398975a5d62b90e5da79' finished on 0
2018-07-10 15:37:42.113 [IPControllerApp] task::task '4dc072e8-0c508ab61ec5a94f95cc61f6' arrived on 0
2018-07-10 15:37:42.114 [IPControllerApp] task::task 'f0ef5c42-31bc5006ba87d38ee1278c3d' finished on 0
2018-07-10 15:37:42.117 [IPControllerApp] task::task 'efcc7c97-363079fb576942742f5d76d4' arrived on 0
2018-07-10 15:37:42.118 [IPControllerApp] task::task '4dc072e8-0c508ab61ec5a94f95cc61f6' finished on 0
2018-07-10 15:37:42.122 [IPControllerApp] task::task '38d42766-09b48e4093bd25d6360e2f04' arrived on 0
2018-07-10 15:37:42.122 [IPControllerApp] task::task 'efcc7c97-363079fb576942742f5d76d4' finished on 0
2018-07-10 15:37:42.126 [IPControllerApp] task::task 'a602d689-0387cd9d0efd977b8d1aa1c7' arrived on 0
2018-07-10 15:37:42.126 [IPControllerApp] task::task '38d42766-09b48e4093bd25d6360e2f04' finished on 0
2018-07-10 15:37:42.130 [IPControllerApp] task::task '07980335-9f2eab34c8d2a6babc1d90b6' arrived on 0
2018-07-10 15:37:42.130 [IPControllerApp] task::task 'a602d689-0387cd9d0efd977b8d1aa1c7' finished on 0
2018-07-10 15:37:42.134 [IPControllerApp] task::task '9b0d3807-8452e6c52d1f96d16b11d7a0' arrived on 0
2018-07-10 15:37:42.135 [IPControllerApp] task::task '07980335-9f2eab34c8d2a6babc1d90b6' finished on 0
2018-07-10 15:37:42.138 [IPControllerApp] task::task '094df4d8-11c35c604c91104f4d8d266c' arrived on 0
2018-07-10 15:37:42.139 [IPControllerApp] task::task '9b0d3807-8452e6c52d1f96d16b11d7a0' finished on 0
2018-07-10 15:37:42.142 [IPControllerApp] task::task '01c93be2-68e5ad0af13e741debe3268a' arrived on 0
2018-07-10 15:37:42.143 [IPControllerApp] task::task '094df4d8-11c35c604c91104f4d8d266c' finished on 0
2018-07-10 15:37:42.146 [IPControllerApp] task::task '924a74d0-d02383cd3cc6495314997c18' arrived on 0
2018-07-10 15:37:42.147 [IPControllerApp] task::task '01c93be2-68e5ad0af13e741debe3268a' finished on 0
2018-07-10 15:37:42.151 [IPControllerApp] task::task '8fbd8c8f-0f9e41ea5c9af07c57d1d37b' arrived on 0
2018-07-10 15:37:42.152 [IPControllerApp] task::task '924a74d0-d02383cd3cc6495314997c18' finished on 0
2018-07-10 15:37:42.155 [IPControllerApp] task::task '42b97017-1feca2fbfe655bff74d8acfb' arrived on 0
2018-07-10 15:37:42.156 [IPControllerApp] task::task '8fbd8c8f-0f9e41ea5c9af07c57d1d37b' finished on 0
2018-07-10 15:37:42.159 [IPControllerApp] task::task 'f68466f9-1aed887bcf122381d1406c40' arrived on 0
2018-07-10 15:37:42.160 [IPControllerApp] task::task '42b97017-1feca2fbfe655bff74d8acfb' finished on 0
2018-07-10 15:37:42.163 [IPControllerApp] task::task '76c7304d-c404bd43815d436b6477206c' arrived on 0
2018-07-10 15:37:42.164 [IPControllerApp] task::task 'f68466f9-1aed887bcf122381d1406c40' finished on 0
2018-07-10 15:37:42.167 [IPControllerApp] task::task 'f8686576-70edd695a864d60a08bf26fd' arrived on 0
2018-07-10 15:37:42.168 [IPControllerApp] task::task '76c7304d-c404bd43815d436b6477206c' finished on 0
2018-07-10 15:37:42.171 [IPControllerApp] task::task 'b905ca43-ed7cba7581f5a7a40bbd6de2' arrived on 0
2018-07-10 15:37:42.172 [IPControllerApp] task::task 'f8686576-70edd695a864d60a08bf26fd' finished on 0
2018-07-10 15:37:42.176 [IPControllerApp] task::task '082e5ade-d41fadd4b50a933313be6816' arrived on 0
2018-07-10 15:37:42.176 [IPControllerApp] task::task 'b905ca43-ed7cba7581f5a7a40bbd6de2' finished on 0
2018-07-10 15:37:42.180 [IPControllerApp] task::task '68e19c9d-882cd3114f072ef831017bd5' arrived on 0
2018-07-10 15:37:42.180 [IPControllerApp] task::task '082e5ade-d41fadd4b50a933313be6816' finished on 0
2018-07-10 15:37:42.184 [IPControllerApp] task::task 'b27ccace-ef157e9eeaac1833db780c81' arrived on 0
2018-07-10 15:37:42.184 [IPControllerApp] task::task '68e19c9d-882cd3114f072ef831017bd5' finished on 0
2018-07-10 15:37:42.188 [IPControllerApp] task::task 'f991c758-987386e71e24b72486326d32' arrived on 0
2018-07-10 15:37:42.188 [IPControllerApp] task::task 'b27ccace-ef157e9eeaac1833db780c81' finished on 0
2018-07-10 15:37:42.192 [IPControllerApp] task::task '6c53870e-88640e1ebd60dd64954ad3b8' arrived on 0
2018-07-10 15:37:42.193 [IPControllerApp] task::task 'f991c758-987386e71e24b72486326d32' finished on 0
2018-07-10 15:37:42.196 [IPControllerApp] task::task '405b0afb-3ddc8ca191d8848257755a62' arrived on 0
2018-07-10 15:37:42.197 [IPControllerApp] task::task '6c53870e-88640e1ebd60dd64954ad3b8' finished on 0
2018-07-10 15:37:42.200 [IPControllerApp] task::task '03fa0b5b-eaa98cc0c0b23c338293b3ce' arrived on 0
2018-07-10 15:37:42.201 [IPControllerApp] task::task '405b0afb-3ddc8ca191d8848257755a62' finished on 0
2018-07-10 15:37:42.204 [IPControllerApp] task::task '212c0b72-bc7fcf4a8bd0a0a6adcb1e64' arrived on 0
2018-07-10 15:37:42.205 [IPControllerApp] task::task '03fa0b5b-eaa98cc0c0b23c338293b3ce' finished on 0
2018-07-10 15:37:42.208 [IPControllerApp] task::task '3c982947-70db4525c82f4563f5a0b417' arrived on 0
2018-07-10 15:37:42.209 [IPControllerApp] task::task '212c0b72-bc7fcf4a8bd0a0a6adcb1e64' finished on 0
2018-07-10 15:37:42.213 [IPControllerApp] task::task '0c262879-02e7d63b60eff882a02ad50a' arrived on 0
2018-07-10 15:37:42.214 [IPControllerApp] task::task '3c982947-70db4525c82f4563f5a0b417' finished on 0
2018-07-10 15:37:42.217 [IPControllerApp] task::task '504b514f-04c8844e13b51002fd959916' arrived on 0
2018-07-10 15:37:42.218 [IPControllerApp] task::task '0c262879-02e7d63b60eff882a02ad50a' finished on 0
2018-07-10 15:37:42.221 [IPControllerApp] task::task '9024be68-2bacd2e62b80663cde59e013' arrived on 0
2018-07-10 15:37:42.222 [IPControllerApp] task::task '504b514f-04c8844e13b51002fd959916' finished on 0
2018-07-10 15:37:42.226 [IPControllerApp] task::task '2e9f1b5d-bf8ac0e52fbca6308d5c76b7' arrived on 0
2018-07-10 15:37:42.226 [IPControllerApp] task::task '9024be68-2bacd2e62b80663cde59e013' finished on 0
2018-07-10 15:37:42.230 [IPControllerApp] task::task 'cae1f5ba-e8f9370f502781ac64119750' arrived on 0
2018-07-10 15:37:42.231 [IPControllerApp] task::task '2e9f1b5d-bf8ac0e52fbca6308d5c76b7' finished on 0
2018-07-10 15:37:42.234 [IPControllerApp] task::task '9369234f-a6496c45b4e01c8516cfbc96' arrived on 0
2018-07-10 15:37:42.235 [IPControllerApp] task::task 'cae1f5ba-e8f9370f502781ac64119750' finished on 0
2018-07-10 15:37:42.238 [IPControllerApp] task::task '4d2a9abb-e6c27d0d6db41706a960a17d' arrived on 0
2018-07-10 15:37:42.239 [IPControllerApp] task::task '9369234f-a6496c45b4e01c8516cfbc96' finished on 0
2018-07-10 15:37:42.242 [IPControllerApp] task::task 'e0629e86-56f81bb3051b3aab8f54b4ce' arrived on 0
2018-07-10 15:37:42.243 [IPControllerApp] task::task '4d2a9abb-e6c27d0d6db41706a960a17d' finished on 0
2018-07-10 15:37:42.246 [IPControllerApp] task::task '6581554d-0fb8bf22eda1db982a036f66' arrived on 0
2018-07-10 15:37:42.247 [IPControllerApp] task::task 'e0629e86-56f81bb3051b3aab8f54b4ce' finished on 0
2018-07-10 15:37:42.250 [IPControllerApp] task::task 'e6443f2a-ab937fcf2e6f19929fd92539' arrived on 0
2018-07-10 15:37:42.251 [IPControllerApp] task::task '6581554d-0fb8bf22eda1db982a036f66' finished on 0
2018-07-10 15:37:42.254 [IPControllerApp] task::task 'f25080c3-dabb8300a15c5a5208c204af' arrived on 0
2018-07-10 15:37:42.255 [IPControllerApp] task::task 'e6443f2a-ab937fcf2e6f19929fd92539' finished on 0
2018-07-10 15:37:42.258 [IPControllerApp] task::task '3aab4cac-ecd55af16d6119b859fd2088' arrived on 0
2018-07-10 15:37:42.259 [IPControllerApp] task::task 'f25080c3-dabb8300a15c5a5208c204af' finished on 0
2018-07-10 15:37:42.262 [IPControllerApp] task::task '23355fb4-0d9bc8677911c60c511d390c' arrived on 0
2018-07-10 15:37:42.263 [IPControllerApp] task::task '3aab4cac-ecd55af16d6119b859fd2088' finished on 0
2018-07-10 15:37:42.266 [IPControllerApp] task::task '7776dfa3-1db1fc854b3a06ef2414f703' arrived on 0
2018-07-10 15:37:42.267 [IPControllerApp] task::task '23355fb4-0d9bc8677911c60c511d390c' finished on 0
2018-07-10 15:37:42.270 [IPControllerApp] task::task '6de3a3f8-f2b9c1e5dce0857702655b2a' arrived on 0
2018-07-10 15:37:42.271 [IPControllerApp] task::task '7776dfa3-1db1fc854b3a06ef2414f703' finished on 0
2018-07-10 15:37:42.275 [IPControllerApp] task::task '71a5a1ef-bfa718ec20769b3ddfe9fdd4' arrived on 0
2018-07-10 15:37:42.275 [IPControllerApp] task::task '6de3a3f8-f2b9c1e5dce0857702655b2a' finished on 0
2018-07-10 15:37:42.278 [IPControllerApp] task::task '6c3f8d72-f6625413fcd1d17d8cffdb09' arrived on 0
2018-07-10 15:37:42.279 [IPControllerApp] task::task '71a5a1ef-bfa718ec20769b3ddfe9fdd4' finished on 0
2018-07-10 15:37:42.283 [IPControllerApp] task::task '798da842-1e3fb35a12af3d12c56001d1' arrived on 0
2018-07-10 15:37:42.283 [IPControllerApp] task::task '6c3f8d72-f6625413fcd1d17d8cffdb09' finished on 0
2018-07-10 15:37:42.287 [IPControllerApp] task::task '26dea74a-0f3af10b380f54c3c85f4657' arrived on 0
2018-07-10 15:37:42.287 [IPControllerApp] task::task '798da842-1e3fb35a12af3d12c56001d1' finished on 0
2018-07-10 15:37:42.291 [IPControllerApp] task::task '740c63d7-e10a66c13d210d2feda24e70' arrived on 0
2018-07-10 15:37:42.291 [IPControllerApp] task::task '26dea74a-0f3af10b380f54c3c85f4657' finished on 0
2018-07-10 15:37:42.295 [IPControllerApp] task::task '379ebcbd-1545ad2fab9a44c6f265201a' arrived on 0
2018-07-10 15:37:42.295 [IPControllerApp] task::task '740c63d7-e10a66c13d210d2feda24e70' finished on 0
2018-07-10 15:37:42.299 [IPControllerApp] task::task 'ee0742e3-62046b1f889c0010993cb377' arrived on 0
2018-07-10 15:37:42.299 [IPControllerApp] task::task '379ebcbd-1545ad2fab9a44c6f265201a' finished on 0
2018-07-10 15:37:42.303 [IPControllerApp] task::task '9c1d21e5-abc3c67811e6ec0f2d79b440' arrived on 0
2018-07-10 15:37:42.303 [IPControllerApp] task::task 'ee0742e3-62046b1f889c0010993cb377' finished on 0
2018-07-10 15:37:42.306 [IPControllerApp] task::task 'e19cadb8-92fc2b50ac296a2d2da34eb9' arrived on 0
2018-07-10 15:37:42.307 [IPControllerApp] task::task '9c1d21e5-abc3c67811e6ec0f2d79b440' finished on 0
2018-07-10 15:37:42.311 [IPControllerApp] task::task '9b581c99-43e6d1a7279fd504fa4c9728' arrived on 0
2018-07-10 15:37:42.311 [IPControllerApp] task::task 'e19cadb8-92fc2b50ac296a2d2da34eb9' finished on 0
2018-07-10 15:37:42.315 [IPControllerApp] task::task '3bcefd75-0c40783e06d8c1ef0fe1f996' arrived on 0
2018-07-10 15:37:42.315 [IPControllerApp] task::task '9b581c99-43e6d1a7279fd504fa4c9728' finished on 0
2018-07-10 15:37:42.319 [IPControllerApp] task::task '5083ce5e-fd25c9a080020e6476dda6db' arrived on 0
2018-07-10 15:37:42.319 [IPControllerApp] task::task '3bcefd75-0c40783e06d8c1ef0fe1f996' finished on 0
2018-07-10 15:37:42.323 [IPControllerApp] task::task 'c4e95da5-ce296250f639fe96a98f6d67' arrived on 0
2018-07-10 15:37:42.323 [IPControllerApp] task::task '5083ce5e-fd25c9a080020e6476dda6db' finished on 0
2018-07-10 15:37:42.327 [IPControllerApp] task::task 'de9460f0-f168b7f4b9d0859445829252' arrived on 0
2018-07-10 15:37:42.327 [IPControllerApp] task::task 'c4e95da5-ce296250f639fe96a98f6d67' finished on 0
2018-07-10 15:37:42.331 [IPControllerApp] task::task 'fe916755-5a08eaf3ee58dae075438d59' arrived on 0
2018-07-10 15:37:42.331 [IPControllerApp] task::task 'de9460f0-f168b7f4b9d0859445829252' finished on 0
2018-07-10 15:37:42.335 [IPControllerApp] task::task 'e121c86f-358b6cb8ead046fd2e6d75f7' arrived on 0
2018-07-10 15:37:42.336 [IPControllerApp] task::task 'fe916755-5a08eaf3ee58dae075438d59' finished on 0
2018-07-10 15:37:42.339 [IPControllerApp] task::task 'd77c7102-5e52876dea895fe483d519d8' arrived on 0
2018-07-10 15:37:42.340 [IPControllerApp] task::task 'e121c86f-358b6cb8ead046fd2e6d75f7' finished on 0
2018-07-10 15:37:42.343 [IPControllerApp] task::task '83fc2132-a91c6d893a900fe7f559ac09' arrived on 0
2018-07-10 15:37:42.344 [IPControllerApp] task::task 'd77c7102-5e52876dea895fe483d519d8' finished on 0
2018-07-10 15:37:42.347 [IPControllerApp] task::task '9ad4a4c6-41470e6dabee3eb828d23d9f' arrived on 0
2018-07-10 15:37:42.348 [IPControllerApp] task::task '83fc2132-a91c6d893a900fe7f559ac09' finished on 0
2018-07-10 15:37:42.351 [IPControllerApp] task::task '7db70c22-91f305f69df0c165e08966ff' arrived on 0
2018-07-10 15:37:42.351 [IPControllerApp] task::task '9ad4a4c6-41470e6dabee3eb828d23d9f' finished on 0
2018-07-10 15:37:42.355 [IPControllerApp] task::task 'f01d0275-eae1c9b26ec970b49917d686' arrived on 0
2018-07-10 15:37:42.355 [IPControllerApp] task::task '7db70c22-91f305f69df0c165e08966ff' finished on 0
2018-07-10 15:37:42.359 [IPControllerApp] task::task 'a20f37c4-7e466edc0d2107ff6e9ab9ba' arrived on 0
2018-07-10 15:37:42.359 [IPControllerApp] task::task 'f01d0275-eae1c9b26ec970b49917d686' finished on 0
2018-07-10 15:37:42.363 [IPControllerApp] task::task '1a7302d6-77f3c702603808124d72d381' arrived on 0
2018-07-10 15:37:42.363 [IPControllerApp] task::task 'a20f37c4-7e466edc0d2107ff6e9ab9ba' finished on 0
2018-07-10 15:37:42.366 [IPControllerApp] task::task 'ad8f6882-29002d75e0b24a50a86019be' arrived on 0
2018-07-10 15:37:42.367 [IPControllerApp] task::task '1a7302d6-77f3c702603808124d72d381' finished on 0
2018-07-10 15:37:42.371 [IPControllerApp] task::task 'abece971-dc12a230cc8d827e2fcda42c' arrived on 0
2018-07-10 15:37:42.371 [IPControllerApp] task::task 'ad8f6882-29002d75e0b24a50a86019be' finished on 0
2018-07-10 15:37:42.375 [IPControllerApp] task::task '51505988-371a709398621cbadaf9afad' arrived on 0
2018-07-10 15:37:42.375 [IPControllerApp] task::task 'abece971-dc12a230cc8d827e2fcda42c' finished on 0
2018-07-10 15:37:42.379 [IPControllerApp] task::task '4bc7bdb4-72ef83649000cf97b43c9680' arrived on 0
2018-07-10 15:37:42.379 [IPControllerApp] task::task '51505988-371a709398621cbadaf9afad' finished on 0
2018-07-10 15:37:42.383 [IPControllerApp] task::task '0b34426b-0a1b986009a884e57ab34ccd' arrived on 0
2018-07-10 15:37:42.383 [IPControllerApp] task::task '4bc7bdb4-72ef83649000cf97b43c9680' finished on 0
2018-07-10 15:37:42.387 [IPControllerApp] task::task '97105b77-67cd13752eb4867fa76aa731' arrived on 0
2018-07-10 15:37:42.387 [IPControllerApp] task::task '0b34426b-0a1b986009a884e57ab34ccd' finished on 0
2018-07-10 15:37:42.391 [IPControllerApp] task::task 'dcc90e31-e1b14354865ea7d9950e0e77' arrived on 0
2018-07-10 15:37:42.392 [IPControllerApp] task::task '97105b77-67cd13752eb4867fa76aa731' finished on 0
2018-07-10 15:37:42.396 [IPControllerApp] task::task 'd3f0c452-073352715bc2d7c04a79a436' arrived on 0
2018-07-10 15:37:42.397 [IPControllerApp] task::task 'dcc90e31-e1b14354865ea7d9950e0e77' finished on 0
2018-07-10 15:37:42.400 [IPControllerApp] task::task '0afde426-1747e19bf6c38a60c9dc328b' arrived on 0
2018-07-10 15:37:42.401 [IPControllerApp] task::task 'd3f0c452-073352715bc2d7c04a79a436' finished on 0
2018-07-10 15:37:42.404 [IPControllerApp] task::task 'bce20d8c-03e8b9c9dd4a263fe91da28c' arrived on 0
2018-07-10 15:37:42.405 [IPControllerApp] task::task '0afde426-1747e19bf6c38a60c9dc328b' finished on 0
2018-07-10 15:37:42.409 [IPControllerApp] task::task 'ca35a421-ff9abbec72a173a3cd73f5f0' arrived on 0
2018-07-10 15:37:42.409 [IPControllerApp] task::task 'bce20d8c-03e8b9c9dd4a263fe91da28c' finished on 0
2018-07-10 15:37:42.413 [IPControllerApp] task::task '00208c3c-f3bc9258b2fb4cbb2be5fa3a' arrived on 0
2018-07-10 15:37:42.413 [IPControllerApp] task::task 'ca35a421-ff9abbec72a173a3cd73f5f0' finished on 0
2018-07-10 15:37:42.417 [IPControllerApp] task::task '9120b3a4-12068616899060248b0e3eb4' arrived on 0
2018-07-10 15:37:42.418 [IPControllerApp] task::task '00208c3c-f3bc9258b2fb4cbb2be5fa3a' finished on 0
2018-07-10 15:37:42.421 [IPControllerApp] task::task 'd898d211-6d81737d0b2748db440604d4' arrived on 0
2018-07-10 15:37:42.452 [IPControllerApp] task::task '9120b3a4-12068616899060248b0e3eb4' finished on 0
2018-07-10 15:37:42.453 [IPControllerApp] task::task '8e6ae8e5-859831279384709cd38a35c4' arrived on 0
2018-07-10 15:37:42.454 [IPControllerApp] task::task 'd898d211-6d81737d0b2748db440604d4' finished on 0
2018-07-10 15:37:42.455 [IPControllerApp] task::task '4328de01-1088f1956faf1ea2813145d4' arrived on 0
2018-07-10 15:37:42.457 [IPControllerApp] task::task '8e6ae8e5-859831279384709cd38a35c4' finished on 0
2018-07-10 15:37:42.458 [IPControllerApp] task::task 'e649c659-9c8e5808869dade0757a457d' arrived on 0
2018-07-10 15:37:42.459 [IPControllerApp] task::task '4328de01-1088f1956faf1ea2813145d4' finished on 0
2018-07-10 15:37:42.460 [IPControllerApp] task::task 'ff912525-f24ff8ec50145fc96486941a' arrived on 0
2018-07-10 15:37:42.461 [IPControllerApp] task::task 'e649c659-9c8e5808869dade0757a457d' finished on 0
2018-07-10 15:37:42.463 [IPControllerApp] task::task 'b9df373d-4ad2e3171a715fa9ebe569f9' arrived on 0
2018-07-10 15:37:42.464 [IPControllerApp] task::task 'ff912525-f24ff8ec50145fc96486941a' finished on 0
2018-07-10 15:37:42.465 [IPControllerApp] task::task '772ee1e2-9f50b8ec95687ac4e2cb8989' arrived on 0
2018-07-10 15:37:42.466 [IPControllerApp] task::task 'b9df373d-4ad2e3171a715fa9ebe569f9' finished on 0
2018-07-10 15:37:42.467 [IPControllerApp] task::task '9f4bb54d-69624fd1788455c5d494e9ca' arrived on 0
2018-07-10 15:37:42.469 [IPControllerApp] task::task '772ee1e2-9f50b8ec95687ac4e2cb8989' finished on 0
2018-07-10 15:37:42.470 [IPControllerApp] task::task 'c8bacc38-4febc7752aae9b196eddf968' arrived on 0
2018-07-10 15:37:42.471 [IPControllerApp] task::task '9f4bb54d-69624fd1788455c5d494e9ca' finished on 0
2018-07-10 15:37:42.472 [IPControllerApp] task::task '51581141-c37399ffeb6c1761299c4ff7' arrived on 0
2018-07-10 15:37:42.473 [IPControllerApp] task::task 'c8bacc38-4febc7752aae9b196eddf968' finished on 0
2018-07-10 15:37:42.475 [IPControllerApp] task::task '26197dbd-fb43a58afe59ee10d6b2d511' arrived on 0
2018-07-10 15:37:42.476 [IPControllerApp] task::task '51581141-c37399ffeb6c1761299c4ff7' finished on 0
2018-07-10 15:37:42.477 [IPControllerApp] task::task '7f79cc9a-a4bca8cbd541710c05299ca5' arrived on 0
2018-07-10 15:37:42.478 [IPControllerApp] task::task '26197dbd-fb43a58afe59ee10d6b2d511' finished on 0
2018-07-10 15:37:42.479 [IPControllerApp] task::task 'a7b59fd1-49427f0cdb1a7f6b408fac3d' arrived on 0
2018-07-10 15:37:42.481 [IPControllerApp] task::task '7f79cc9a-a4bca8cbd541710c05299ca5' finished on 0
2018-07-10 15:37:42.482 [IPControllerApp] task::task '6587bce9-c18f51fd973b8e44d8387679' arrived on 0
2018-07-10 15:37:42.483 [IPControllerApp] task::task 'a7b59fd1-49427f0cdb1a7f6b408fac3d' finished on 0
2018-07-10 15:37:42.484 [IPControllerApp] task::task '63fcf772-e7140d6f88a287abd9c1bb63' arrived on 0
2018-07-10 15:37:42.486 [IPControllerApp] task::task '6587bce9-c18f51fd973b8e44d8387679' finished on 0
2018-07-10 15:37:42.487 [IPControllerApp] task::task '85b80efc-1aacbe8261e107e0cfedfc5b' arrived on 0
2018-07-10 15:37:42.488 [IPControllerApp] task::task '63fcf772-e7140d6f88a287abd9c1bb63' finished on 0
2018-07-10 15:37:42.489 [IPControllerApp] task::task '1f859560-b1842092b6f505cfb15457c5' arrived on 0
2018-07-10 15:37:42.490 [IPControllerApp] task::task '85b80efc-1aacbe8261e107e0cfedfc5b' finished on 0
2018-07-10 15:37:42.492 [IPControllerApp] task::task '7759376a-4b57483cbdaec1946767a6a7' arrived on 0
2018-07-10 15:37:42.493 [IPControllerApp] task::task '1f859560-b1842092b6f505cfb15457c5' finished on 0
2018-07-10 15:37:42.496 [IPControllerApp] task::task 'dfe8a1de-8e5c422cde0bfdc92b20f85b' arrived on 0
2018-07-10 15:37:42.497 [IPControllerApp] task::task '7759376a-4b57483cbdaec1946767a6a7' finished on 0
2018-07-10 15:37:42.500 [IPControllerApp] task::task '2c096867-1e921a2447537945b9a26ae4' arrived on 0
2018-07-10 15:37:42.501 [IPControllerApp] task::task 'dfe8a1de-8e5c422cde0bfdc92b20f85b' finished on 0
2018-07-10 15:37:42.505 [IPControllerApp] task::task 'a429737d-1fb13655f68406cbbb54104e' arrived on 0
2018-07-10 15:37:42.505 [IPControllerApp] task::task '2c096867-1e921a2447537945b9a26ae4' finished on 0
2018-07-10 15:37:42.509 [IPControllerApp] task::task '1959c360-8ece076f944af9808262e463' arrived on 0
2018-07-10 15:37:42.510 [IPControllerApp] task::task 'a429737d-1fb13655f68406cbbb54104e' finished on 0
2018-07-10 15:37:42.513 [IPControllerApp] task::task 'c4a616ca-fff82a6aae43aaf513f7674f' arrived on 0
2018-07-10 15:37:42.514 [IPControllerApp] task::task '1959c360-8ece076f944af9808262e463' finished on 0
2018-07-10 15:37:42.517 [IPControllerApp] task::task '379ebbeb-d8bf4a47e045342ec34901b6' arrived on 0
2018-07-10 15:37:42.518 [IPControllerApp] task::task 'c4a616ca-fff82a6aae43aaf513f7674f' finished on 0
2018-07-10 15:37:42.522 [IPControllerApp] task::task 'a611613c-0b2d10c37a9aa26ac017cb6e' arrived on 0
2018-07-10 15:37:42.523 [IPControllerApp] task::task '379ebbeb-d8bf4a47e045342ec34901b6' finished on 0
2018-07-10 15:37:42.526 [IPControllerApp] task::task 'c4d1bfec-dd7ce169b415a6a7b1090d3a' arrived on 0
2018-07-10 15:37:42.527 [IPControllerApp] task::task 'a611613c-0b2d10c37a9aa26ac017cb6e' finished on 0
2018-07-10 15:37:42.530 [IPControllerApp] task::task '5bb28307-7215de8ca0f061efb176cd59' arrived on 0
2018-07-10 15:37:42.531 [IPControllerApp] task::task 'c4d1bfec-dd7ce169b415a6a7b1090d3a' finished on 0
2018-07-10 15:37:42.534 [IPControllerApp] task::task '04b3a448-053a1433af0f2429efcb8ac3' arrived on 0
2018-07-10 15:37:42.535 [IPControllerApp] task::task '5bb28307-7215de8ca0f061efb176cd59' finished on 0
2018-07-10 15:37:42.538 [IPControllerApp] task::task '5039c2b5-8cb54f7453e51bbe6e382c5c' arrived on 0
2018-07-10 15:37:42.539 [IPControllerApp] task::task '04b3a448-053a1433af0f2429efcb8ac3' finished on 0
2018-07-10 15:37:42.542 [IPControllerApp] task::task '231f3e4e-7f050d46d253ff181f5a6039' arrived on 0
2018-07-10 15:37:42.543 [IPControllerApp] task::task '5039c2b5-8cb54f7453e51bbe6e382c5c' finished on 0
2018-07-10 15:37:42.546 [IPControllerApp] task::task '985f329c-7239c08de663977195b778df' arrived on 0
2018-07-10 15:37:42.547 [IPControllerApp] task::task '231f3e4e-7f050d46d253ff181f5a6039' finished on 0
2018-07-10 15:37:42.551 [IPControllerApp] task::task '5a3c5bb5-c25303a64ff302a8d750ff0b' arrived on 0
2018-07-10 15:37:42.551 [IPControllerApp] task::task '985f329c-7239c08de663977195b778df' finished on 0
2018-07-10 15:37:42.555 [IPControllerApp] task::task '56588315-b94ce654f0afc0f1d35549f6' arrived on 0
2018-07-10 15:37:42.555 [IPControllerApp] task::task '5a3c5bb5-c25303a64ff302a8d750ff0b' finished on 0
2018-07-10 15:37:42.559 [IPControllerApp] task::task '0d2b3b76-2a3ae875a08f995cf6048374' arrived on 0
2018-07-10 15:37:42.559 [IPControllerApp] task::task '56588315-b94ce654f0afc0f1d35549f6' finished on 0
2018-07-10 15:37:42.563 [IPControllerApp] task::task '9bde98c2-991fbb451fc7af83e4e215ad' arrived on 0
2018-07-10 15:37:42.564 [IPControllerApp] task::task '0d2b3b76-2a3ae875a08f995cf6048374' finished on 0
2018-07-10 15:37:42.567 [IPControllerApp] task::task '402a33b0-fcd7bd52e36f71a168b1497e' arrived on 0
2018-07-10 15:37:42.568 [IPControllerApp] task::task '9bde98c2-991fbb451fc7af83e4e215ad' finished on 0
2018-07-10 15:37:42.571 [IPControllerApp] task::task '48e6a5e8-529d3f345826f448465c3711' arrived on 0
2018-07-10 15:37:42.572 [IPControllerApp] task::task '402a33b0-fcd7bd52e36f71a168b1497e' finished on 0
2018-07-10 15:37:42.575 [IPControllerApp] task::task '9d9eaa6c-80cf3f8b93e1dd08296c1117' arrived on 0
2018-07-10 15:37:42.576 [IPControllerApp] task::task '48e6a5e8-529d3f345826f448465c3711' finished on 0
2018-07-10 15:37:42.579 [IPControllerApp] task::task '1f189c3e-e56fabf833f1173e6b76150b' arrived on 0
2018-07-10 15:37:42.580 [IPControllerApp] task::task '9d9eaa6c-80cf3f8b93e1dd08296c1117' finished on 0
2018-07-10 15:37:42.584 [IPControllerApp] task::task 'e8b76e54-2ee2c086e4601c1beadecda2' arrived on 0
2018-07-10 15:37:42.584 [IPControllerApp] task::task '1f189c3e-e56fabf833f1173e6b76150b' finished on 0
2018-07-10 15:37:42.588 [IPControllerApp] task::task 'e1b0e396-ba8d1e9469a03362100b6262' arrived on 0
2018-07-10 15:37:42.589 [IPControllerApp] task::task 'e8b76e54-2ee2c086e4601c1beadecda2' finished on 0
2018-07-10 15:37:42.592 [IPControllerApp] task::task '5b9cd3ff-9f32481ae6a8a8211b7b3a84' arrived on 0
2018-07-10 15:37:42.593 [IPControllerApp] task::task 'e1b0e396-ba8d1e9469a03362100b6262' finished on 0
2018-07-10 15:37:42.596 [IPControllerApp] task::task 'e9090c1f-2fc8c169962bc538ce1cdd96' arrived on 0
2018-07-10 15:37:42.597 [IPControllerApp] task::task '5b9cd3ff-9f32481ae6a8a8211b7b3a84' finished on 0
2018-07-10 15:37:42.600 [IPControllerApp] task::task '6a8156fe-e23324f40195dda187172344' arrived on 0
2018-07-10 15:37:42.601 [IPControllerApp] task::task 'e9090c1f-2fc8c169962bc538ce1cdd96' finished on 0
2018-07-10 15:37:42.604 [IPControllerApp] task::task 'bee2d254-7bde34e0b16802224cf4f782' arrived on 0
2018-07-10 15:37:42.605 [IPControllerApp] task::task '6a8156fe-e23324f40195dda187172344' finished on 0
2018-07-10 15:37:42.609 [IPControllerApp] task::task 'da8fb48a-7a1d17ce2cd5974120e72578' arrived on 0
2018-07-10 15:37:42.609 [IPControllerApp] task::task 'bee2d254-7bde34e0b16802224cf4f782' finished on 0
2018-07-10 15:37:42.613 [IPControllerApp] task::task 'ef981a31-2804b02d1e03b9dd5c0df4a6' arrived on 0
2018-07-10 15:37:42.614 [IPControllerApp] task::task 'da8fb48a-7a1d17ce2cd5974120e72578' finished on 0
2018-07-10 15:37:42.617 [IPControllerApp] task::task '483aa9fd-2db4d12e2f8ecb808e6792a1' arrived on 0
2018-07-10 15:37:42.618 [IPControllerApp] task::task 'ef981a31-2804b02d1e03b9dd5c0df4a6' finished on 0
2018-07-10 15:37:42.621 [IPControllerApp] task::task '2eea947d-65cefee2c3ffcea029571d52' arrived on 0
2018-07-10 15:37:42.622 [IPControllerApp] task::task '483aa9fd-2db4d12e2f8ecb808e6792a1' finished on 0
2018-07-10 15:37:42.625 [IPControllerApp] task::task 'b00677a3-3f8f707f8425cfb6b8bd7d23' arrived on 0
2018-07-10 15:37:42.626 [IPControllerApp] task::task '2eea947d-65cefee2c3ffcea029571d52' finished on 0
2018-07-10 15:37:42.630 [IPControllerApp] task::task '7835d185-e5a49c2bf3997611c72d0e03' arrived on 0
2018-07-10 15:37:42.630 [IPControllerApp] task::task 'b00677a3-3f8f707f8425cfb6b8bd7d23' finished on 0
2018-07-10 15:37:42.635 [IPControllerApp] task::task '7c9de6da-d4f1ea773847bd5d846c777c' arrived on 0
2018-07-10 15:37:42.636 [IPControllerApp] task::task '7835d185-e5a49c2bf3997611c72d0e03' finished on 0
2018-07-10 15:37:42.639 [IPControllerApp] task::task '28ab684c-e2cb258b43a61a14ea48a697' arrived on 0
2018-07-10 15:37:42.640 [IPControllerApp] task::task '7c9de6da-d4f1ea773847bd5d846c777c' finished on 0
2018-07-10 15:37:42.644 [IPControllerApp] task::task '711000ab-164649e4ce6136d7a4810e90' arrived on 0
2018-07-10 15:37:42.645 [IPControllerApp] task::task '28ab684c-e2cb258b43a61a14ea48a697' finished on 0
2018-07-10 15:37:42.649 [IPControllerApp] task::task '1b186e80-aa06d4974b805571d9f94030' arrived on 0
2018-07-10 15:37:42.650 [IPControllerApp] task::task '711000ab-164649e4ce6136d7a4810e90' finished on 0
2018-07-10 15:37:42.653 [IPControllerApp] task::task '03feefdc-abfab6b2819731db1b531c92' arrived on 0
2018-07-10 15:37:42.654 [IPControllerApp] task::task '1b186e80-aa06d4974b805571d9f94030' finished on 0
2018-07-10 15:37:42.658 [IPControllerApp] task::task 'ded16fcd-43268790c40965a485059775' arrived on 0
2018-07-10 15:37:42.659 [IPControllerApp] task::task '03feefdc-abfab6b2819731db1b531c92' finished on 0
2018-07-10 15:37:42.663 [IPControllerApp] task::task '74aa8a65-7aab5741c203b018fab305f2' arrived on 0
2018-07-10 15:37:42.663 [IPControllerApp] task::task 'ded16fcd-43268790c40965a485059775' finished on 0
2018-07-10 15:37:42.667 [IPControllerApp] task::task 'f316f6d5-01705cbea111644676d9ede1' arrived on 0
2018-07-10 15:37:42.668 [IPControllerApp] task::task '74aa8a65-7aab5741c203b018fab305f2' finished on 0
2018-07-10 15:37:42.672 [IPControllerApp] task::task 'bd02dcda-62f6becd9e9db21df4465ee1' arrived on 0
2018-07-10 15:37:42.672 [IPControllerApp] task::task 'f316f6d5-01705cbea111644676d9ede1' finished on 0
2018-07-10 15:37:42.676 [IPControllerApp] task::task '9177d6fd-09d77f3f20a97d497b3f33d4' arrived on 0
2018-07-10 15:37:42.677 [IPControllerApp] task::task 'bd02dcda-62f6becd9e9db21df4465ee1' finished on 0
2018-07-10 15:37:42.681 [IPControllerApp] task::task '5198e299-3dcc8d3bc31ad1fba6062dcc' arrived on 0
2018-07-10 15:37:42.681 [IPControllerApp] task::task '9177d6fd-09d77f3f20a97d497b3f33d4' finished on 0
2018-07-10 15:37:42.685 [IPControllerApp] task::task 'd24bd745-6caeabd72b952e0fec808460' arrived on 0
2018-07-10 15:37:42.686 [IPControllerApp] task::task '5198e299-3dcc8d3bc31ad1fba6062dcc' finished on 0
2018-07-10 15:37:42.690 [IPControllerApp] task::task '91e3338b-cb78efeb330fd76d597f46b3' arrived on 0
2018-07-10 15:37:42.691 [IPControllerApp] task::task 'd24bd745-6caeabd72b952e0fec808460' finished on 0
2018-07-10 15:37:42.694 [IPControllerApp] task::task 'a1761c10-a55738c18d3bf8eec0df4ff5' arrived on 0
2018-07-10 15:37:42.695 [IPControllerApp] task::task '91e3338b-cb78efeb330fd76d597f46b3' finished on 0
2018-07-10 15:37:42.698 [IPControllerApp] task::task '133d41de-58f3af9b634816bbdfdc9108' arrived on 0
2018-07-10 15:37:42.699 [IPControllerApp] task::task 'a1761c10-a55738c18d3bf8eec0df4ff5' finished on 0
2018-07-10 15:37:42.702 [IPControllerApp] task::task 'c08d884a-050878c2a9979bdf58b43358' arrived on 0
2018-07-10 15:37:42.703 [IPControllerApp] task::task '133d41de-58f3af9b634816bbdfdc9108' finished on 0
2018-07-10 15:37:42.706 [IPControllerApp] task::task 'ecded731-7e3138c590253b8d0a44d616' arrived on 0
2018-07-10 15:37:42.707 [IPControllerApp] task::task 'c08d884a-050878c2a9979bdf58b43358' finished on 0
2018-07-10 15:37:42.710 [IPControllerApp] task::task '548d0258-31ac50da0d6f5e87e6c2b059' arrived on 0
2018-07-10 15:37:42.711 [IPControllerApp] task::task 'ecded731-7e3138c590253b8d0a44d616' finished on 0
2018-07-10 15:37:42.715 [IPControllerApp] task::task '07c53636-7780157b5a6f98207b30c7b3' arrived on 0
2018-07-10 15:37:42.715 [IPControllerApp] task::task '548d0258-31ac50da0d6f5e87e6c2b059' finished on 0
2018-07-10 15:37:42.719 [IPControllerApp] task::task '6c2d7f1c-2a2c3c88a049055e1cd150c6' arrived on 0
2018-07-10 15:37:42.719 [IPControllerApp] task::task '07c53636-7780157b5a6f98207b30c7b3' finished on 0
2018-07-10 15:37:42.723 [IPControllerApp] task::task 'fe6d30b5-cf8d55d4e24f55c9c5be2e67' arrived on 0
2018-07-10 15:37:42.723 [IPControllerApp] task::task '6c2d7f1c-2a2c3c88a049055e1cd150c6' finished on 0
2018-07-10 15:37:42.727 [IPControllerApp] task::task '248ef2c7-355b9fd13955a99b6235e27f' arrived on 0
2018-07-10 15:37:42.727 [IPControllerApp] task::task 'fe6d30b5-cf8d55d4e24f55c9c5be2e67' finished on 0
2018-07-10 15:37:42.731 [IPControllerApp] task::task 'a1604a9b-4f7bcf0b4c9dd307f84a7daf' arrived on 0
2018-07-10 15:37:42.732 [IPControllerApp] task::task '248ef2c7-355b9fd13955a99b6235e27f' finished on 0
2018-07-10 15:37:42.735 [IPControllerApp] task::task '4198e19a-5037465b5c64355a572c42fc' arrived on 0
2018-07-10 15:37:42.736 [IPControllerApp] task::task 'a1604a9b-4f7bcf0b4c9dd307f84a7daf' finished on 0
2018-07-10 15:37:42.739 [IPControllerApp] task::task 'b78e2eb3-fba5bb982701f6409b863b28' arrived on 0
2018-07-10 15:37:42.739 [IPControllerApp] task::task '4198e19a-5037465b5c64355a572c42fc' finished on 0
2018-07-10 15:37:42.743 [IPControllerApp] task::task '4fe63a69-a6e52016f795744e6b57f747' arrived on 0
2018-07-10 15:37:42.744 [IPControllerApp] task::task 'b78e2eb3-fba5bb982701f6409b863b28' finished on 0
2018-07-10 15:37:42.747 [IPControllerApp] task::task '7044cfff-c40d0141f01b370682ea97fb' arrived on 0
2018-07-10 15:37:42.748 [IPControllerApp] task::task '4fe63a69-a6e52016f795744e6b57f747' finished on 0
2018-07-10 15:37:42.751 [IPControllerApp] task::task 'ed810762-5f925193d5860ccecdb40d32' arrived on 0
2018-07-10 15:37:42.752 [IPControllerApp] task::task '7044cfff-c40d0141f01b370682ea97fb' finished on 0
2018-07-10 15:37:42.755 [IPControllerApp] task::task '6b4a7fcc-57f4d6035ac9480d61778804' arrived on 0
2018-07-10 15:37:42.756 [IPControllerApp] task::task 'ed810762-5f925193d5860ccecdb40d32' finished on 0
2018-07-10 15:37:42.759 [IPControllerApp] task::task '2583b769-70bd80149ca5e29a89ca384c' arrived on 0
2018-07-10 15:37:42.760 [IPControllerApp] task::task '6b4a7fcc-57f4d6035ac9480d61778804' finished on 0
2018-07-10 15:37:42.763 [IPControllerApp] task::task '9f5caac2-0538fbf848896eca1041a907' arrived on 0
2018-07-10 15:37:42.764 [IPControllerApp] task::task '2583b769-70bd80149ca5e29a89ca384c' finished on 0
2018-07-10 15:37:42.767 [IPControllerApp] task::task '09c8fd86-cc2a28a17cf9107a29c038ec' arrived on 0
2018-07-10 15:37:42.768 [IPControllerApp] task::task '9f5caac2-0538fbf848896eca1041a907' finished on 0
2018-07-10 15:37:42.771 [IPControllerApp] task::task 'daa4b059-98d17271f487727509a47869' arrived on 0
2018-07-10 15:37:42.772 [IPControllerApp] task::task '09c8fd86-cc2a28a17cf9107a29c038ec' finished on 0
2018-07-10 15:37:42.775 [IPControllerApp] task::task '3b97eb09-d95cf3b72e9916ec579b69fe' arrived on 0
2018-07-10 15:37:42.776 [IPControllerApp] task::task 'daa4b059-98d17271f487727509a47869' finished on 0
2018-07-10 15:37:42.779 [IPControllerApp] task::task '87406773-fa99f49d1d6759c4503dc8c8' arrived on 0
2018-07-10 15:37:42.780 [IPControllerApp] task::task '3b97eb09-d95cf3b72e9916ec579b69fe' finished on 0
2018-07-10 15:37:42.784 [IPControllerApp] task::task '8131b201-3b78cb6a9acbfc59b12d36eb' arrived on 0
2018-07-10 15:37:42.784 [IPControllerApp] task::task '87406773-fa99f49d1d6759c4503dc8c8' finished on 0
2018-07-10 15:37:42.788 [IPControllerApp] task::task '444135f2-58b8d401f9366c1a2fcc317e' arrived on 0
2018-07-10 15:37:42.788 [IPControllerApp] task::task '8131b201-3b78cb6a9acbfc59b12d36eb' finished on 0
2018-07-10 15:37:42.792 [IPControllerApp] task::task '363d4bcc-731b06637e9f8cbdf7645178' arrived on 0
2018-07-10 15:37:42.792 [IPControllerApp] task::task '444135f2-58b8d401f9366c1a2fcc317e' finished on 0
2018-07-10 15:37:42.796 [IPControllerApp] task::task '55b8ecf9-a26043391f0748f60fe17370' arrived on 0
2018-07-10 15:37:42.796 [IPControllerApp] task::task '363d4bcc-731b06637e9f8cbdf7645178' finished on 0
2018-07-10 15:37:42.800 [IPControllerApp] task::task '31cf1386-fb10a82cdf7ee6ccd84eaa42' arrived on 0
2018-07-10 15:37:42.800 [IPControllerApp] task::task '55b8ecf9-a26043391f0748f60fe17370' finished on 0
2018-07-10 15:37:42.804 [IPControllerApp] task::task '51ae8740-6454191fd2891c8ecd5e5314' arrived on 0
2018-07-10 15:37:42.804 [IPControllerApp] task::task '31cf1386-fb10a82cdf7ee6ccd84eaa42' finished on 0
2018-07-10 15:37:42.808 [IPControllerApp] task::task 'ecab7ca8-0f7fbb7839831d71bc397b59' arrived on 0
2018-07-10 15:37:42.808 [IPControllerApp] task::task '51ae8740-6454191fd2891c8ecd5e5314' finished on 0
2018-07-10 15:37:42.812 [IPControllerApp] task::task '57cb2e75-3d2816cd598ca14ff3def50b' arrived on 0
2018-07-10 15:37:42.812 [IPControllerApp] task::task 'ecab7ca8-0f7fbb7839831d71bc397b59' finished on 0
2018-07-10 15:37:42.816 [IPControllerApp] task::task '6deb8be9-6ce3804afaa3c9aadceeb0ef' arrived on 0
2018-07-10 15:37:42.816 [IPControllerApp] task::task '57cb2e75-3d2816cd598ca14ff3def50b' finished on 0
2018-07-10 15:37:42.820 [IPControllerApp] task::task '9fe954e8-d43672eba0a548929b91c316' arrived on 0
2018-07-10 15:37:42.820 [IPControllerApp] task::task '6deb8be9-6ce3804afaa3c9aadceeb0ef' finished on 0
2018-07-10 15:37:42.824 [IPControllerApp] task::task '8f373308-c87b42dbeb00b7a6e86164e3' arrived on 0
2018-07-10 15:37:42.824 [IPControllerApp] task::task '9fe954e8-d43672eba0a548929b91c316' finished on 0
2018-07-10 15:37:42.828 [IPControllerApp] task::task '540b3a9a-bb2c79bf845850148284646a' arrived on 0
2018-07-10 15:37:42.829 [IPControllerApp] task::task '8f373308-c87b42dbeb00b7a6e86164e3' finished on 0
2018-07-10 15:37:42.832 [IPControllerApp] task::task '01674496-6fa1da6e74ac57c97c00793d' arrived on 0
2018-07-10 15:37:42.833 [IPControllerApp] task::task '540b3a9a-bb2c79bf845850148284646a' finished on 0
2018-07-10 15:37:42.837 [IPControllerApp] task::task 'de152955-76ae34aa8e671afdaaf44ef7' arrived on 0
2018-07-10 15:37:42.838 [IPControllerApp] task::task '01674496-6fa1da6e74ac57c97c00793d' finished on 0
2018-07-10 15:37:42.842 [IPControllerApp] task::task '48543aa8-784385dbb472d6964ef842e5' arrived on 0
2018-07-10 15:37:42.843 [IPControllerApp] task::task 'de152955-76ae34aa8e671afdaaf44ef7' finished on 0
2018-07-10 15:37:42.847 [IPControllerApp] task::task '305d6f49-523164e33e59cf6dc53fe246' arrived on 0
2018-07-10 15:37:42.848 [IPControllerApp] task::task '48543aa8-784385dbb472d6964ef842e5' finished on 0
2018-07-10 15:37:42.851 [IPControllerApp] task::task 'fd46d11b-aea8c883f029dba73f05a0ab' arrived on 0
2018-07-10 15:37:42.852 [IPControllerApp] task::task '305d6f49-523164e33e59cf6dc53fe246' finished on 0
2018-07-10 15:37:42.855 [IPControllerApp] task::task '8326664f-157d2c13074b45f2325d340f' arrived on 0
2018-07-10 15:37:42.856 [IPControllerApp] task::task 'fd46d11b-aea8c883f029dba73f05a0ab' finished on 0
2018-07-10 15:37:42.860 [IPControllerApp] task::task '58949c3c-d6c40a38b99485890270f76f' arrived on 0
2018-07-10 15:37:42.861 [IPControllerApp] task::task '8326664f-157d2c13074b45f2325d340f' finished on 0
2018-07-10 15:37:42.864 [IPControllerApp] task::task '22898fbe-284da7e448760fe0a5dcf42e' arrived on 0
2018-07-10 15:37:42.865 [IPControllerApp] task::task '58949c3c-d6c40a38b99485890270f76f' finished on 0
2018-07-10 15:37:42.868 [IPControllerApp] task::task 'f7cae24e-153562236f679c4921c3b895' arrived on 0
2018-07-10 15:37:42.869 [IPControllerApp] task::task '22898fbe-284da7e448760fe0a5dcf42e' finished on 0
2018-07-10 15:37:42.873 [IPControllerApp] task::task '3f7cedda-6f44b5621d03af2277a3b057' arrived on 0
2018-07-10 15:37:42.874 [IPControllerApp] task::task 'f7cae24e-153562236f679c4921c3b895' finished on 0
2018-07-10 15:37:42.877 [IPControllerApp] task::task 'a5511365-c93743baa2a625d52d76951b' arrived on 0
2018-07-10 15:37:42.878 [IPControllerApp] task::task '3f7cedda-6f44b5621d03af2277a3b057' finished on 0
2018-07-10 15:37:42.882 [IPControllerApp] task::task 'f99d8c91-4feafbd90a1c399a20ed558f' arrived on 0
2018-07-10 15:37:42.883 [IPControllerApp] task::task 'a5511365-c93743baa2a625d52d76951b' finished on 0
2018-07-10 15:37:42.887 [IPControllerApp] task::task 'e73b6d1d-0b6b86742940e3be95dd2220' arrived on 0
2018-07-10 15:37:42.888 [IPControllerApp] task::task 'f99d8c91-4feafbd90a1c399a20ed558f' finished on 0
2018-07-10 15:37:42.892 [IPControllerApp] task::task 'e7406a61-4f07cb88026747d4ef181fe1' arrived on 0
2018-07-10 15:37:42.893 [IPControllerApp] task::task 'e73b6d1d-0b6b86742940e3be95dd2220' finished on 0
2018-07-10 15:37:42.896 [IPControllerApp] task::task 'f5f2aaa0-997cd46464bc2c871af562f1' arrived on 0
2018-07-10 15:37:42.898 [IPControllerApp] task::task 'e7406a61-4f07cb88026747d4ef181fe1' finished on 0
2018-07-10 15:37:42.901 [IPControllerApp] task::task '81751b57-f2983a4f4e30f44c65c2068d' arrived on 0
2018-07-10 15:37:42.903 [IPControllerApp] task::task 'f5f2aaa0-997cd46464bc2c871af562f1' finished on 0
2018-07-10 15:37:42.907 [IPControllerApp] task::task '8c5ee5cf-15439e9a8ffe06834950db23' arrived on 0
2018-07-10 15:37:42.908 [IPControllerApp] task::task '81751b57-f2983a4f4e30f44c65c2068d' finished on 0
2018-07-10 15:37:42.912 [IPControllerApp] task::task '7d1ee855-c016f581b9ff1b0560068847' arrived on 0
2018-07-10 15:37:42.913 [IPControllerApp] task::task '8c5ee5cf-15439e9a8ffe06834950db23' finished on 0
2018-07-10 15:37:42.916 [IPControllerApp] task::task '9e0e3dd1-a6cd534daa9fd2fa88fc20f8' arrived on 0
2018-07-10 15:37:42.918 [IPControllerApp] task::task '7d1ee855-c016f581b9ff1b0560068847' finished on 0
2018-07-10 15:37:42.921 [IPControllerApp] task::task 'b0f9da99-48c7534e1f8e032aceb85788' arrived on 0
2018-07-10 15:37:42.923 [IPControllerApp] task::task '9e0e3dd1-a6cd534daa9fd2fa88fc20f8' finished on 0
2018-07-10 15:37:42.926 [IPControllerApp] task::task 'c40a9dee-08b8a69f5dd222d0e2168b10' arrived on 0
2018-07-10 15:37:42.932 [IPControllerApp] task::task 'b0f9da99-48c7534e1f8e032aceb85788' finished on 0
2018-07-10 15:37:42.934 [IPControllerApp] task::task '8a24d564-27e7132c0e061e5a1f24267d' arrived on 0
2018-07-10 15:37:42.936 [IPControllerApp] task::task 'c40a9dee-08b8a69f5dd222d0e2168b10' finished on 0
2018-07-10 15:37:42.939 [IPControllerApp] task::task '23eeabaa-ac40bb4b2ba9b845c527ab50' arrived on 0
2018-07-10 15:37:42.941 [IPControllerApp] task::task '8a24d564-27e7132c0e061e5a1f24267d' finished on 0
2018-07-10 15:37:42.944 [IPControllerApp] task::task 'e4ff1865-0a5b4204405a145bc0014bd5' arrived on 0
2018-07-10 15:37:42.946 [IPControllerApp] task::task '23eeabaa-ac40bb4b2ba9b845c527ab50' finished on 0
2018-07-10 15:37:42.948 [IPControllerApp] task::task 'a6afb648-5979e951c3982a6a3dd0e010' arrived on 0
2018-07-10 15:37:42.950 [IPControllerApp] task::task 'e4ff1865-0a5b4204405a145bc0014bd5' finished on 0
2018-07-10 15:37:42.952 [IPControllerApp] task::task '3599f585-4a889a5533f3b4b2c593647b' arrived on 0
2018-07-10 15:37:42.955 [IPControllerApp] task::task 'a6afb648-5979e951c3982a6a3dd0e010' finished on 0
2018-07-10 15:37:42.957 [IPControllerApp] task::task 'e2f54fa0-93ac510180728f50eab69315' arrived on 0
2018-07-10 15:37:42.960 [IPControllerApp] task::task '3599f585-4a889a5533f3b4b2c593647b' finished on 0
2018-07-10 15:37:42.962 [IPControllerApp] task::task '7d8e663a-82c659d503eeda9e5da06b03' arrived on 0
2018-07-10 15:37:42.964 [IPControllerApp] task::task 'e2f54fa0-93ac510180728f50eab69315' finished on 0
2018-07-10 15:37:42.966 [IPControllerApp] task::task 'a398cade-b6b5d58be7630feaf1e3a038' arrived on 0
2018-07-10 15:37:42.967 [IPControllerApp] task::task '7d8e663a-82c659d503eeda9e5da06b03' finished on 0
2018-07-10 15:37:42.971 [IPControllerApp] task::task '607f1cf1-ad7a3058e83dfc72fb9aa433' arrived on 0
2018-07-10 15:37:42.973 [IPControllerApp] task::task 'a398cade-b6b5d58be7630feaf1e3a038' finished on 0
2018-07-10 15:37:42.977 [IPControllerApp] task::task 'c3305944-51fb3167ffe5e66124880f40' arrived on 0
2018-07-10 15:37:42.979 [IPControllerApp] task::task '607f1cf1-ad7a3058e83dfc72fb9aa433' finished on 0
2018-07-10 15:37:42.984 [IPControllerApp] task::task '1fb9fdcc-6a9a5d0df40eb79698526f5e' arrived on 0
2018-07-10 15:37:42.985 [IPControllerApp] task::task 'c3305944-51fb3167ffe5e66124880f40' finished on 0
2018-07-10 15:37:42.990 [IPControllerApp] task::task 'ed35bffb-1d48e6fb9f043919f427cdd7' arrived on 0
2018-07-10 15:37:42.992 [IPControllerApp] task::task '1fb9fdcc-6a9a5d0df40eb79698526f5e' finished on 0
2018-07-10 15:37:43.002 [IPControllerApp] task::task 'bdfa6901-36097debc4c04916c62e4f36' arrived on 0
2018-07-10 15:37:43.008 [IPControllerApp] task::task 'ed35bffb-1d48e6fb9f043919f427cdd7' finished on 0
2018-07-10 15:37:43.011 [IPControllerApp] task::task '23b08a60-78c690f2a827b7e99cd2802f' arrived on 0
2018-07-10 15:37:43.013 [IPControllerApp] task::task 'bdfa6901-36097debc4c04916c62e4f36' finished on 0
2018-07-10 15:37:43.021 [IPControllerApp] task::task 'aab18ae5-4153aab2441bb44b3ed619f7' arrived on 0
2018-07-10 15:37:43.024 [IPControllerApp] task::task '23b08a60-78c690f2a827b7e99cd2802f' finished on 0
2018-07-10 15:37:43.032 [IPControllerApp] task::task 'c65a3eea-58eb778177ec1744a1be5173' arrived on 0
2018-07-10 15:37:43.034 [IPControllerApp] task::task 'aab18ae5-4153aab2441bb44b3ed619f7' finished on 0
2018-07-10 15:37:43.041 [IPControllerApp] task::task 'ef28784a-bfd12b80a87646d1d203ab3d' arrived on 0
2018-07-10 15:37:43.043 [IPControllerApp] task::task 'c65a3eea-58eb778177ec1744a1be5173' finished on 0
2018-07-10 15:37:43.051 [IPControllerApp] task::task 'b53fda85-060647fddd934978a772cc2b' arrived on 0
2018-07-10 15:37:43.053 [IPControllerApp] task::task 'ef28784a-bfd12b80a87646d1d203ab3d' finished on 0
2018-07-10 15:37:43.058 [IPControllerApp] task::task '18a13b29-a98e4e3adc72103d986473d9' arrived on 0
2018-07-10 15:37:43.059 [IPControllerApp] task::task 'b53fda85-060647fddd934978a772cc2b' finished on 0
2018-07-10 15:37:43.064 [IPControllerApp] task::task 'e92ac9bd-00546ea971373d255a52077a' arrived on 0
2018-07-10 15:37:43.065 [IPControllerApp] task::task '18a13b29-a98e4e3adc72103d986473d9' finished on 0
2018-07-10 15:37:43.069 [IPControllerApp] task::task '4ddef650-1c13cbd41ba996fda19a0426' arrived on 0
2018-07-10 15:37:43.071 [IPControllerApp] task::task 'e92ac9bd-00546ea971373d255a52077a' finished on 0
2018-07-10 15:37:43.075 [IPControllerApp] task::task 'bfb878d6-759754929036d046fd0aad1a' arrived on 0
2018-07-10 15:37:43.076 [IPControllerApp] task::task '4ddef650-1c13cbd41ba996fda19a0426' finished on 0
2018-07-10 15:37:43.082 [IPControllerApp] task::task '0498d016-fcc6dcb08d4e36d88a7f0bd3' arrived on 0
2018-07-10 15:37:43.085 [IPControllerApp] task::task 'bfb878d6-759754929036d046fd0aad1a' finished on 0
2018-07-10 15:37:43.090 [IPControllerApp] task::task '3afb1288-0ab0c393d83618d73fb60825' arrived on 0
2018-07-10 15:37:43.098 [IPControllerApp] task::task '0498d016-fcc6dcb08d4e36d88a7f0bd3' finished on 0
2018-07-10 15:37:43.100 [IPControllerApp] task::task '92021b91-ac1cd5344af520b686f81987' arrived on 0
2018-07-10 15:37:43.102 [IPControllerApp] task::task '3afb1288-0ab0c393d83618d73fb60825' finished on 0
2018-07-10 15:37:43.105 [IPControllerApp] task::task 'ba26000b-0f168d49652c7aa892b09e40' arrived on 0
2018-07-10 15:37:43.106 [IPControllerApp] task::task '92021b91-ac1cd5344af520b686f81987' finished on 0
2018-07-10 15:37:43.113 [IPControllerApp] task::task 'f3b30212-143efabed7b1ace57999c13b' arrived on 0
2018-07-10 15:37:43.115 [IPControllerApp] task::task 'ba26000b-0f168d49652c7aa892b09e40' finished on 0
2018-07-10 15:37:43.117 [IPControllerApp] task::task '39094f25-83874320d0f774452690fe82' arrived on 0
2018-07-10 15:37:43.119 [IPControllerApp] task::task 'f3b30212-143efabed7b1ace57999c13b' finished on 0
2018-07-10 15:37:43.121 [IPControllerApp] task::task '38d94222-3860015c351fa6ec32d04aba' arrived on 0
2018-07-10 15:37:43.123 [IPControllerApp] task::task '39094f25-83874320d0f774452690fe82' finished on 0
2018-07-10 15:37:43.129 [IPControllerApp] task::task '68f1ef03-1e4f754e8cc1ff2ddc1fcc1f' arrived on 0
2018-07-10 15:37:43.130 [IPControllerApp] task::task '38d94222-3860015c351fa6ec32d04aba' finished on 0
2018-07-10 15:37:43.137 [IPControllerApp] task::task '7d55a3c4-1321bfc40c14b9d25097cfc5' arrived on 0
2018-07-10 15:37:43.138 [IPControllerApp] task::task '68f1ef03-1e4f754e8cc1ff2ddc1fcc1f' finished on 0
2018-07-10 15:37:43.139 [IPControllerApp] task::task '4bc6e355-c2daef61ff5a7db78b8ee04e' arrived on 0
2018-07-10 15:37:43.141 [IPControllerApp] task::task '7d55a3c4-1321bfc40c14b9d25097cfc5' finished on 0
2018-07-10 15:37:43.151 [IPControllerApp] task::task '981361e2-fe7b972b52c3a238cf2b43b4' arrived on 0
2018-07-10 15:37:43.153 [IPControllerApp] task::task '4bc6e355-c2daef61ff5a7db78b8ee04e' finished on 0
2018-07-10 15:37:43.155 [IPControllerApp] task::task '28423c5a-57fad548791cea3e0dc876be' arrived on 0
2018-07-10 15:37:43.157 [IPControllerApp] task::task '981361e2-fe7b972b52c3a238cf2b43b4' finished on 0
2018-07-10 15:37:43.159 [IPControllerApp] task::task '6bd19ffa-79619b5388f54bbc6a94e326' arrived on 0
2018-07-10 15:37:43.167 [IPControllerApp] task::task '28423c5a-57fad548791cea3e0dc876be' finished on 0
2018-07-10 15:37:43.169 [IPControllerApp] task::task 'e87a5082-f02963a71ca6d28520fec6ac' arrived on 0
2018-07-10 15:37:43.171 [IPControllerApp] task::task '6bd19ffa-79619b5388f54bbc6a94e326' finished on 0
2018-07-10 15:37:43.173 [IPControllerApp] task::task 'f2ca4e3c-d32f28540522d9b02b0cd219' arrived on 0
2018-07-10 15:37:43.175 [IPControllerApp] task::task 'e87a5082-f02963a71ca6d28520fec6ac' finished on 0
2018-07-10 15:37:43.177 [IPControllerApp] task::task 'af7eb444-743194e11a53e84aa04898dd' arrived on 0
2018-07-10 15:37:43.179 [IPControllerApp] task::task 'f2ca4e3c-d32f28540522d9b02b0cd219' finished on 0
2018-07-10 15:37:43.181 [IPControllerApp] task::task '5e15b13d-0e80e4c240a22c274fd6fb62' arrived on 0
2018-07-10 15:37:43.183 [IPControllerApp] task::task 'af7eb444-743194e11a53e84aa04898dd' finished on 0
2018-07-10 15:37:43.185 [IPControllerApp] task::task 'f3baf671-8a095cb0dff1ea87ab9f44ca' arrived on 0
2018-07-10 15:37:43.187 [IPControllerApp] task::task '5e15b13d-0e80e4c240a22c274fd6fb62' finished on 0
2018-07-10 15:37:43.191 [IPControllerApp] task::task 'd4fae486-f264680661784438660c2b13' arrived on 0
2018-07-10 15:37:43.192 [IPControllerApp] task::task 'f3baf671-8a095cb0dff1ea87ab9f44ca' finished on 0
2018-07-10 15:37:43.197 [IPControllerApp] task::task '8b886f32-6dc343154763779dbdd9700f' arrived on 0
2018-07-10 15:37:43.199 [IPControllerApp] task::task 'd4fae486-f264680661784438660c2b13' finished on 0
2018-07-10 15:37:43.202 [IPControllerApp] task::task 'e8c1db7c-84cbb75b66f3ca34ff46323d' arrived on 0
2018-07-10 15:37:43.204 [IPControllerApp] task::task '8b886f32-6dc343154763779dbdd9700f' finished on 0
2018-07-10 15:37:43.206 [IPControllerApp] task::task 'e3161165-fae59fabc890229fdedbdbe6' arrived on 0
2018-07-10 15:37:43.208 [IPControllerApp] task::task 'e8c1db7c-84cbb75b66f3ca34ff46323d' finished on 0
2018-07-10 15:37:43.218 [IPControllerApp] task::task '882c67a0-6b59ae6ae5d5c2e6034529d2' arrived on 0
2018-07-10 15:37:43.219 [IPControllerApp] task::task 'e3161165-fae59fabc890229fdedbdbe6' finished on 0
2018-07-10 15:37:43.223 [IPControllerApp] task::task '12123e0d-6e51826d0a8a795aed8602a2' arrived on 0
2018-07-10 15:37:43.224 [IPControllerApp] task::task '882c67a0-6b59ae6ae5d5c2e6034529d2' finished on 0
2018-07-10 15:37:43.230 [IPControllerApp] task::task '9eb7e1dc-acd6e9be14ffaae397312e4b' arrived on 0
2018-07-10 15:37:43.233 [IPControllerApp] task::task '12123e0d-6e51826d0a8a795aed8602a2' finished on 0
2018-07-10 15:37:43.235 [IPControllerApp] task::task '2531369b-57a3699fdd2e2671cff679f0' arrived on 0
2018-07-10 15:37:43.237 [IPControllerApp] task::task '9eb7e1dc-acd6e9be14ffaae397312e4b' finished on 0
2018-07-10 15:37:43.239 [IPControllerApp] task::task '4123c018-fd40ab1cb7195b23156b0250' arrived on 0
2018-07-10 15:37:43.241 [IPControllerApp] task::task '2531369b-57a3699fdd2e2671cff679f0' finished on 0
2018-07-10 15:37:43.243 [IPControllerApp] task::task '84d2e4d3-a28e9678d9fe40db45e2e286' arrived on 0
2018-07-10 15:37:43.245 [IPControllerApp] task::task '4123c018-fd40ab1cb7195b23156b0250' finished on 0
2018-07-10 15:37:43.249 [IPControllerApp] task::task '1dee05a5-f52e6bae1e60ee718bbde24d' arrived on 0
2018-07-10 15:37:43.250 [IPControllerApp] task::task '84d2e4d3-a28e9678d9fe40db45e2e286' finished on 0
2018-07-10 15:37:43.254 [IPControllerApp] task::task 'fdb2b1ec-ca45b622e5ceaf49f04e371b' arrived on 0
2018-07-10 15:37:43.255 [IPControllerApp] task::task '1dee05a5-f52e6bae1e60ee718bbde24d' finished on 0
2018-07-10 15:37:43.259 [IPControllerApp] task::task 'bba7e75b-1c887446dbecc169dade62d3' arrived on 0
2018-07-10 15:37:43.260 [IPControllerApp] task::task 'fdb2b1ec-ca45b622e5ceaf49f04e371b' finished on 0
2018-07-10 15:37:43.264 [IPControllerApp] task::task '740853ae-84d3f3ce25483d25cc689382' arrived on 0
2018-07-10 15:37:43.265 [IPControllerApp] task::task 'bba7e75b-1c887446dbecc169dade62d3' finished on 0
2018-07-10 15:37:43.269 [IPControllerApp] task::task '3ad207b5-c5c32f06503a931ca111b823' arrived on 0
2018-07-10 15:37:43.270 [IPControllerApp] task::task '740853ae-84d3f3ce25483d25cc689382' finished on 0
2018-07-10 15:37:43.274 [IPControllerApp] task::task '6b726d1d-c31f101249417f1f522a2205' arrived on 0
2018-07-10 15:37:43.275 [IPControllerApp] task::task '3ad207b5-c5c32f06503a931ca111b823' finished on 0
2018-07-10 15:37:43.278 [IPControllerApp] task::task 'f3031ab2-006e41026c3cf3d7a762a16b' arrived on 0
2018-07-10 15:37:43.279 [IPControllerApp] task::task '6b726d1d-c31f101249417f1f522a2205' finished on 0
2018-07-10 15:37:43.282 [IPControllerApp] task::task '3df0753e-c6b7f0ee8a967b2e621269c7' arrived on 0
2018-07-10 15:37:43.283 [IPControllerApp] task::task 'f3031ab2-006e41026c3cf3d7a762a16b' finished on 0
2018-07-10 15:37:43.286 [IPControllerApp] task::task 'e97ceff7-a25f3e4a99801ff5e5234f84' arrived on 0
2018-07-10 15:37:43.288 [IPControllerApp] task::task '3df0753e-c6b7f0ee8a967b2e621269c7' finished on 0
2018-07-10 15:37:43.291 [IPControllerApp] task::task 'ba390a99-e5efd5d98177b390e8531e4c' arrived on 0
2018-07-10 15:37:43.293 [IPControllerApp] task::task 'e97ceff7-a25f3e4a99801ff5e5234f84' finished on 0
2018-07-10 15:37:43.296 [IPControllerApp] task::task '7129ddc7-4bdf888e6ec2b674df58df45' arrived on 0
2018-07-10 15:37:43.297 [IPControllerApp] task::task 'ba390a99-e5efd5d98177b390e8531e4c' finished on 0
2018-07-10 15:37:43.300 [IPControllerApp] task::task 'b4bc2826-4c17c1319b70b7cb7bcbd65d' arrived on 0
2018-07-10 15:37:43.302 [IPControllerApp] task::task '7129ddc7-4bdf888e6ec2b674df58df45' finished on 0
2018-07-10 15:37:43.304 [IPControllerApp] task::task 'c62661ce-103d98e22ece7144e5764578' arrived on 0
2018-07-10 15:37:43.304 [IPControllerApp] task::task 'b4bc2826-4c17c1319b70b7cb7bcbd65d' finished on 0
2018-07-10 15:37:43.308 [IPControllerApp] task::task 'a2e671c0-ebc91fed1b6f1bb6f1cd30fc' arrived on 0
2018-07-10 15:37:43.308 [IPControllerApp] task::task 'c62661ce-103d98e22ece7144e5764578' finished on 0
2018-07-10 15:37:43.312 [IPControllerApp] task::task '79113a9d-473af636ecf2783d787dfad2' arrived on 0
2018-07-10 15:37:43.312 [IPControllerApp] task::task 'a2e671c0-ebc91fed1b6f1bb6f1cd30fc' finished on 0
2018-07-10 15:37:43.316 [IPControllerApp] task::task '814a22ae-c590dceb520ddb1f8ff15dbe' arrived on 0
2018-07-10 15:37:43.316 [IPControllerApp] task::task '79113a9d-473af636ecf2783d787dfad2' finished on 0
2018-07-10 15:37:43.320 [IPControllerApp] task::task 'a5776655-9231df70ec04be6247a0f698' arrived on 0
2018-07-10 15:37:43.321 [IPControllerApp] task::task '814a22ae-c590dceb520ddb1f8ff15dbe' finished on 0
2018-07-10 15:37:43.324 [IPControllerApp] task::task '39a20cfb-be81c76bea84a87252653cf8' arrived on 0
2018-07-10 15:37:43.325 [IPControllerApp] task::task 'a5776655-9231df70ec04be6247a0f698' finished on 0
2018-07-10 15:37:43.328 [IPControllerApp] task::task '77cf79e3-3599e4bf3c52ced4c8bf0762' arrived on 0
2018-07-10 15:37:43.329 [IPControllerApp] task::task '39a20cfb-be81c76bea84a87252653cf8' finished on 0
2018-07-10 15:37:43.332 [IPControllerApp] task::task '9e19cd7f-9fe22493c88adbd12ae722f9' arrived on 0
2018-07-10 15:37:43.333 [IPControllerApp] task::task '77cf79e3-3599e4bf3c52ced4c8bf0762' finished on 0
2018-07-10 15:37:43.338 [IPControllerApp] task::task '8b030220-6bd0457d97693e5171cd15b6' arrived on 0
2018-07-10 15:37:43.339 [IPControllerApp] task::task '9e19cd7f-9fe22493c88adbd12ae722f9' finished on 0
2018-07-10 15:37:43.341 [IPControllerApp] task::task '78e11630-70fc87dc49835498391b7434' arrived on 0
2018-07-10 15:37:43.342 [IPControllerApp] task::task '8b030220-6bd0457d97693e5171cd15b6' finished on 0
2018-07-10 15:37:43.345 [IPControllerApp] task::task '1188a5e4-3d372ce9f32e3a00d7fd6a3f' arrived on 0
2018-07-10 15:37:43.346 [IPControllerApp] task::task '78e11630-70fc87dc49835498391b7434' finished on 0
2018-07-10 15:37:43.349 [IPControllerApp] task::task '506c81b6-f8fb65f284d298b42ddc48ff' arrived on 0
2018-07-10 15:37:43.350 [IPControllerApp] task::task '1188a5e4-3d372ce9f32e3a00d7fd6a3f' finished on 0
2018-07-10 15:37:43.353 [IPControllerApp] task::task 'd321a8a3-ddaa6f105987185a9a2acfd5' arrived on 0
2018-07-10 15:37:43.354 [IPControllerApp] task::task '506c81b6-f8fb65f284d298b42ddc48ff' finished on 0
2018-07-10 15:37:43.357 [IPControllerApp] task::task 'f4e9b550-ac28b042abc7f6a7896cb1ba' arrived on 0
2018-07-10 15:37:43.358 [IPControllerApp] task::task 'd321a8a3-ddaa6f105987185a9a2acfd5' finished on 0
2018-07-10 15:37:43.361 [IPControllerApp] task::task '21c96948-9a375582a948b4de9eeb3cb6' arrived on 0
2018-07-10 15:37:43.362 [IPControllerApp] task::task 'f4e9b550-ac28b042abc7f6a7896cb1ba' finished on 0
2018-07-10 15:37:43.365 [IPControllerApp] task::task 'f3dcebd8-1042dd9729d675849fb40e37' arrived on 0
2018-07-10 15:37:43.366 [IPControllerApp] task::task '21c96948-9a375582a948b4de9eeb3cb6' finished on 0
2018-07-10 15:37:43.369 [IPControllerApp] task::task 'aff269af-0ae9550d81c8f56971e71770' arrived on 0
2018-07-10 15:37:43.370 [IPControllerApp] task::task 'f3dcebd8-1042dd9729d675849fb40e37' finished on 0
2018-07-10 15:37:43.374 [IPControllerApp] task::task '60c942bb-9df765a29e578e2c09104950' arrived on 0
2018-07-10 15:37:43.374 [IPControllerApp] task::task 'aff269af-0ae9550d81c8f56971e71770' finished on 0
2018-07-10 15:37:43.378 [IPControllerApp] task::task 'a13cf931-185a2953b4444f3efd4320fd' arrived on 0
2018-07-10 15:37:43.379 [IPControllerApp] task::task '60c942bb-9df765a29e578e2c09104950' finished on 0
2018-07-10 15:37:43.382 [IPControllerApp] task::task '1d42effe-e218bd08d26d93b76ffa21be' arrived on 0
2018-07-10 15:37:43.383 [IPControllerApp] task::task 'a13cf931-185a2953b4444f3efd4320fd' finished on 0
2018-07-10 15:37:43.386 [IPControllerApp] task::task '26127974-ec0e898adc66ad43e2006a69' arrived on 0
2018-07-10 15:37:43.387 [IPControllerApp] task::task '1d42effe-e218bd08d26d93b76ffa21be' finished on 0
2018-07-10 15:37:43.390 [IPControllerApp] task::task '7a57f8ab-ea20170de3f14959ec39a859' arrived on 0
2018-07-10 15:37:43.391 [IPControllerApp] task::task '26127974-ec0e898adc66ad43e2006a69' finished on 0
2018-07-10 15:37:43.394 [IPControllerApp] task::task 'fc816a93-c0b1669f26bdf3b3a643023d' arrived on 0
2018-07-10 15:37:43.395 [IPControllerApp] task::task '7a57f8ab-ea20170de3f14959ec39a859' finished on 0
2018-07-10 15:37:43.399 [IPControllerApp] task::task '1c592fb6-30ba542d82bc868f47d525f1' arrived on 0
2018-07-10 15:37:43.399 [IPControllerApp] task::task 'fc816a93-c0b1669f26bdf3b3a643023d' finished on 0
2018-07-10 15:37:43.403 [IPControllerApp] task::task '4401352d-a03fa5b6faa8a82046eddb05' arrived on 0
2018-07-10 15:37:43.404 [IPControllerApp] task::task '1c592fb6-30ba542d82bc868f47d525f1' finished on 0
2018-07-10 15:37:43.407 [IPControllerApp] task::task 'd3fbbc76-9eec71adf5d9aa7a7128de37' arrived on 0
2018-07-10 15:37:43.409 [IPControllerApp] task::task '4401352d-a03fa5b6faa8a82046eddb05' finished on 0
2018-07-10 15:37:43.411 [IPControllerApp] task::task 'a9b25626-83fd131adad208f9616df53b' arrived on 0
2018-07-10 15:37:43.412 [IPControllerApp] task::task 'd3fbbc76-9eec71adf5d9aa7a7128de37' finished on 0
2018-07-10 15:37:43.415 [IPControllerApp] task::task 'a2dfbc06-36248701dbaed28b8630d0ea' arrived on 0
2018-07-10 15:37:43.416 [IPControllerApp] task::task 'a9b25626-83fd131adad208f9616df53b' finished on 0
2018-07-10 15:37:43.419 [IPControllerApp] task::task 'da436811-d42d848cb33d268148adb231' arrived on 0
2018-07-10 15:37:43.420 [IPControllerApp] task::task 'a2dfbc06-36248701dbaed28b8630d0ea' finished on 0
2018-07-10 15:37:43.424 [IPControllerApp] task::task 'feaaa98f-7c8e43a226ab1f369d35cead' arrived on 0
2018-07-10 15:37:43.425 [IPControllerApp] task::task 'da436811-d42d848cb33d268148adb231' finished on 0
2018-07-10 15:37:43.428 [IPControllerApp] task::task 'c214a631-6e5c08d0066cadb207d0f58e' arrived on 0
2018-07-10 15:37:43.429 [IPControllerApp] task::task 'feaaa98f-7c8e43a226ab1f369d35cead' finished on 0
2018-07-10 15:37:43.433 [IPControllerApp] task::task '0c6de064-7fb7ae4cc6aa3fd84b49a73d' arrived on 0
2018-07-10 15:37:43.433 [IPControllerApp] task::task 'c214a631-6e5c08d0066cadb207d0f58e' finished on 0
2018-07-10 15:37:43.437 [IPControllerApp] task::task '358a44ea-be2c71bb9888cb5bb6e9b4bf' arrived on 0
2018-07-10 15:37:43.437 [IPControllerApp] task::task '0c6de064-7fb7ae4cc6aa3fd84b49a73d' finished on 0
2018-07-10 15:37:43.441 [IPControllerApp] task::task '101289ab-06cd6ab28c3db081b1e872b8' arrived on 0
2018-07-10 15:37:43.441 [IPControllerApp] task::task '358a44ea-be2c71bb9888cb5bb6e9b4bf' finished on 0
2018-07-10 15:37:43.445 [IPControllerApp] task::task '206d81b2-bd9bc9cd425e8785e2be3ecb' arrived on 0
2018-07-10 15:37:43.446 [IPControllerApp] task::task '101289ab-06cd6ab28c3db081b1e872b8' finished on 0
2018-07-10 15:37:43.450 [IPControllerApp] task::task '4f4a3bd5-aea278d49d965b754053da79' arrived on 0
2018-07-10 15:37:43.451 [IPControllerApp] task::task '206d81b2-bd9bc9cd425e8785e2be3ecb' finished on 0
2018-07-10 15:37:43.456 [IPControllerApp] task::task '0d3c7fb9-5acb23bf85649f55bd2e447b' arrived on 0
2018-07-10 15:37:43.457 [IPControllerApp] task::task '4f4a3bd5-aea278d49d965b754053da79' finished on 0
2018-07-10 15:37:43.462 [IPControllerApp] task::task '92c9c05e-1e24caedf0cb8779377eb386' arrived on 0
2018-07-10 15:37:43.462 [IPControllerApp] task::task '0d3c7fb9-5acb23bf85649f55bd2e447b' finished on 0
2018-07-10 15:37:43.468 [IPControllerApp] task::task '18d70702-c98b615c7281205467dc9d15' arrived on 0
2018-07-10 15:37:43.468 [IPControllerApp] task::task '92c9c05e-1e24caedf0cb8779377eb386' finished on 0
2018-07-10 15:37:43.474 [IPControllerApp] task::task 'e008d51f-d731c0f3d07ce1a679279ffd' arrived on 0
2018-07-10 15:37:43.475 [IPControllerApp] task::task '18d70702-c98b615c7281205467dc9d15' finished on 0
2018-07-10 15:37:43.478 [IPControllerApp] task::task '2674be2b-5e90a20617f716eb814cf637' arrived on 0
2018-07-10 15:37:43.479 [IPControllerApp] task::task 'e008d51f-d731c0f3d07ce1a679279ffd' finished on 0
2018-07-10 15:37:43.482 [IPControllerApp] task::task '85f5517c-6050ca56944a9a33e5d8f2c9' arrived on 0
2018-07-10 15:37:43.484 [IPControllerApp] task::task '2674be2b-5e90a20617f716eb814cf637' finished on 0
2018-07-10 15:37:43.487 [IPControllerApp] task::task 'aaf7a146-f74e7d4b9ed8e08686482a1f' arrived on 0
2018-07-10 15:37:43.488 [IPControllerApp] task::task '85f5517c-6050ca56944a9a33e5d8f2c9' finished on 0
2018-07-10 15:37:43.491 [IPControllerApp] task::task 'cacbb4c0-267285bd8fce58c3429ca465' arrived on 0
2018-07-10 15:37:43.492 [IPControllerApp] task::task 'aaf7a146-f74e7d4b9ed8e08686482a1f' finished on 0
2018-07-10 15:37:43.495 [IPControllerApp] task::task '69f64020-9476333887d74c3040e422c7' arrived on 0
2018-07-10 15:37:43.496 [IPControllerApp] task::task 'cacbb4c0-267285bd8fce58c3429ca465' finished on 0
2018-07-10 15:37:43.499 [IPControllerApp] task::task '2fdfe23c-2b8ebd7099af6815d6a7625b' arrived on 0
2018-07-10 15:37:43.500 [IPControllerApp] task::task '69f64020-9476333887d74c3040e422c7' finished on 0
2018-07-10 15:37:43.502 [IPControllerApp] task::task '66473304-029deee90e59720b215030d0' arrived on 0
2018-07-10 15:37:43.503 [IPControllerApp] task::task '2fdfe23c-2b8ebd7099af6815d6a7625b' finished on 0
2018-07-10 15:37:43.506 [IPControllerApp] task::task '3ac67e4e-10f36adb416c0b1c1f0f2949' arrived on 0
2018-07-10 15:37:43.507 [IPControllerApp] task::task '66473304-029deee90e59720b215030d0' finished on 0
2018-07-10 15:37:43.510 [IPControllerApp] task::task '82d9b628-a22896c975fd3e3e478af995' arrived on 0
2018-07-10 15:37:43.511 [IPControllerApp] task::task '3ac67e4e-10f36adb416c0b1c1f0f2949' finished on 0
2018-07-10 15:37:43.514 [IPControllerApp] task::task '8932f925-bafda652b1fa45c81709df56' arrived on 0
2018-07-10 15:37:43.515 [IPControllerApp] task::task '82d9b628-a22896c975fd3e3e478af995' finished on 0
2018-07-10 15:37:43.519 [IPControllerApp] task::task '0f2efdc8-7ad2f164e45d991ef8f8c34d' arrived on 0
2018-07-10 15:37:43.519 [IPControllerApp] task::task '8932f925-bafda652b1fa45c81709df56' finished on 0
2018-07-10 15:37:43.523 [IPControllerApp] task::task 'd7a982c5-4e9f4b51dd0154f0434c8233' arrived on 0
2018-07-10 15:37:43.523 [IPControllerApp] task::task '0f2efdc8-7ad2f164e45d991ef8f8c34d' finished on 0
2018-07-10 15:37:43.527 [IPControllerApp] task::task '59cf5593-0723002e3d9e1a2914a354c5' arrived on 0
2018-07-10 15:37:43.528 [IPControllerApp] task::task 'd7a982c5-4e9f4b51dd0154f0434c8233' finished on 0
2018-07-10 15:37:43.531 [IPControllerApp] task::task '38e608d4-98cdef48f34476f27162f1c2' arrived on 0
2018-07-10 15:37:43.532 [IPControllerApp] task::task '59cf5593-0723002e3d9e1a2914a354c5' finished on 0
2018-07-10 15:37:43.535 [IPControllerApp] task::task '81eb009d-9f0de3975091901e9eda5a29' arrived on 0
2018-07-10 15:37:43.536 [IPControllerApp] task::task '38e608d4-98cdef48f34476f27162f1c2' finished on 0
2018-07-10 15:37:43.539 [IPControllerApp] task::task '28384aad-8bd895cd644320b15a75aaef' arrived on 0
2018-07-10 15:37:43.540 [IPControllerApp] task::task '81eb009d-9f0de3975091901e9eda5a29' finished on 0
2018-07-10 15:37:43.544 [IPControllerApp] task::task 'db0f14b8-7f778406ff02383f7abd4071' arrived on 0
2018-07-10 15:37:43.544 [IPControllerApp] task::task '28384aad-8bd895cd644320b15a75aaef' finished on 0
2018-07-10 15:37:43.548 [IPControllerApp] task::task 'e50cce08-4786b46df591302b52cc212d' arrived on 0
2018-07-10 15:37:43.548 [IPControllerApp] task::task 'db0f14b8-7f778406ff02383f7abd4071' finished on 0
2018-07-10 15:37:43.552 [IPControllerApp] task::task '6295c4cb-8ef4810e0d7aa27e5aaed55b' arrived on 0
2018-07-10 15:37:43.553 [IPControllerApp] task::task 'e50cce08-4786b46df591302b52cc212d' finished on 0
2018-07-10 15:37:43.556 [IPControllerApp] task::task 'dffbf980-80785d75bad5c949a3013adf' arrived on 0
2018-07-10 15:37:43.557 [IPControllerApp] task::task '6295c4cb-8ef4810e0d7aa27e5aaed55b' finished on 0
2018-07-10 15:37:43.560 [IPControllerApp] task::task 'aa3fc2d5-2e6960f08d3cc8aa3482bf02' arrived on 0
2018-07-10 15:37:43.561 [IPControllerApp] task::task 'dffbf980-80785d75bad5c949a3013adf' finished on 0
2018-07-10 15:37:43.564 [IPControllerApp] task::task '12d29dd5-6cc1bfb33df2157b0e773dad' arrived on 0
2018-07-10 15:37:43.565 [IPControllerApp] task::task 'aa3fc2d5-2e6960f08d3cc8aa3482bf02' finished on 0
2018-07-10 15:37:43.569 [IPControllerApp] task::task 'edb1ecef-9e1b3c031fbdf795dbe338ad' arrived on 0
2018-07-10 15:37:43.569 [IPControllerApp] task::task '12d29dd5-6cc1bfb33df2157b0e773dad' finished on 0
2018-07-10 15:37:43.573 [IPControllerApp] task::task '260dbc5a-5097c18105c12469182f1d24' arrived on 0
2018-07-10 15:37:43.573 [IPControllerApp] task::task 'edb1ecef-9e1b3c031fbdf795dbe338ad' finished on 0
2018-07-10 15:37:43.577 [IPControllerApp] task::task '72ce51d9-dd7ae1e64d56766311c35d2a' arrived on 0
2018-07-10 15:37:43.578 [IPControllerApp] task::task '260dbc5a-5097c18105c12469182f1d24' finished on 0
2018-07-10 15:37:43.581 [IPControllerApp] task::task 'fa7fe723-d9dbfc5b1740bfd687ed1f26' arrived on 0
2018-07-10 15:37:43.582 [IPControllerApp] task::task '72ce51d9-dd7ae1e64d56766311c35d2a' finished on 0
2018-07-10 15:37:43.584 [IPControllerApp] CRITICAL | Received signal 15, shutting down
2018-07-10 15:37:43.584 [IPControllerApp] CRITICAL | terminating children...
