2018-07-11 13:30:36.644 [IPControllerApp] Created profile dir: '/scratch/midway2/madduru/parsl/parsl/tests/integration/test_stress/runinfo/954/profile_midway_ipp'
2018-07-11 13:30:36.662 [IPControllerApp] Hub listening on tcp://*:49870 for registration.
2018-07-11 13:30:36.664 [IPControllerApp] Hub using DB backend: 'DictDB'
2018-07-11 13:30:36.926 [IPControllerApp] hub::created hub
2018-07-11 13:30:36.926 [IPControllerApp] writing connection info to /scratch/midway2/madduru/parsl/parsl/tests/integration/test_stress/runinfo/954/profile_midway_ipp/security/ipcontroller-client.json
2018-07-11 13:30:36.928 [IPControllerApp] writing connection info to /scratch/midway2/madduru/parsl/parsl/tests/integration/test_stress/runinfo/954/profile_midway_ipp/security/ipcontroller-engine.json
2018-07-11 13:30:36.929 [IPControllerApp] task::using Python leastload Task scheduler
2018-07-11 13:30:36.929 [IPControllerApp] Heartmonitor started
2018-07-11 13:30:36.941 [IPControllerApp] Creating pid file: /scratch/midway2/madduru/parsl/parsl/tests/integration/test_stress/runinfo/954/profile_midway_ipp/pid/ipcontroller.pid
2018-07-11 13:30:36.949 [scheduler] Scheduler started [leastload]
2018-07-11 13:30:36.952 [IPControllerApp] client::client b'\x00k\x8bEg' requested 'connection_request'
2018-07-11 13:30:36.952 [IPControllerApp] client::client [b'\x00k\x8bEg'] connected
2018-07-11 13:30:37.834 [IPControllerApp] client::client b'\x00k\x8bEh' requested 'connection_request'
2018-07-11 13:30:37.835 [IPControllerApp] client::client [b'\x00k\x8bEh'] connected
2018-07-11 13:30:47.518 [IPControllerApp] client::client b'ed84add6-71b90f0bde0ec7544dc5b8e1' requested 'registration_request'
2018-07-11 13:30:47.519 [IPControllerApp] client::client b'addc9938-926069b46daeb0d5bf750ab0' requested 'registration_request'
2018-07-11 13:30:51.933 [IPControllerApp] registration::finished registering engine 0:ed84add6-71b90f0bde0ec7544dc5b8e1
2018-07-11 13:30:51.934 [IPControllerApp] engine::Engine Connected: 0
2018-07-11 13:30:51.935 [IPControllerApp] registration::finished registering engine 1:addc9938-926069b46daeb0d5bf750ab0
2018-07-11 13:30:51.936 [IPControllerApp] engine::Engine Connected: 1
2018-07-11 13:30:51.938 [IPControllerApp] task::task '60f2f9df-a603d9093ed2d8b16d5e4328' arrived on 0
2018-07-11 13:30:51.939 [IPControllerApp] task::task 'c66212cc-7d590b543e3b71fbe192e407' arrived on 1
2018-07-11 13:30:53.836 [IPControllerApp] task::task '44059e3f-70609c7e587f8e8d5d5b6be3' arrived on 0
2018-07-11 13:30:53.837 [IPControllerApp] task::task '60f2f9df-a603d9093ed2d8b16d5e4328' finished on 0
2018-07-11 13:30:53.838 [IPControllerApp] task::task 'f62a9130-d9d4f4cc091c650cd06e83b6' arrived on 1
2018-07-11 13:30:53.839 [IPControllerApp] task::task 'c66212cc-7d590b543e3b71fbe192e407' finished on 1
2018-07-11 13:30:54.846 [IPControllerApp] task::task 'af7e0136-b24f59addf4e632c453eb9d4' arrived on 0
2018-07-11 13:30:54.847 [IPControllerApp] task::task '44059e3f-70609c7e587f8e8d5d5b6be3' finished on 0
2018-07-11 13:30:54.847 [IPControllerApp] task::task '3b0e8f52-c1e110bcb0f2860bd1e79001' arrived on 1
2018-07-11 13:30:54.849 [IPControllerApp] task::task 'f62a9130-d9d4f4cc091c650cd06e83b6' finished on 1
2018-07-11 13:30:55.855 [IPControllerApp] task::task '2c3d8112-39d3049541ed1361ea21920e' arrived on 0
2018-07-11 13:30:55.856 [IPControllerApp] task::task 'af7e0136-b24f59addf4e632c453eb9d4' finished on 0
2018-07-11 13:30:55.858 [IPControllerApp] task::task '156bb0d8-de81e8285ea03ad489045d8b' arrived on 1
2018-07-11 13:30:55.860 [IPControllerApp] task::task '3b0e8f52-c1e110bcb0f2860bd1e79001' finished on 1
2018-07-11 13:30:56.864 [IPControllerApp] task::task 'fd7026bc-f2a13142017d807fcff308bd' arrived on 1
2018-07-11 13:30:56.865 [IPControllerApp] task::task '156bb0d8-de81e8285ea03ad489045d8b' finished on 1
2018-07-11 13:30:56.865 [IPControllerApp] task::task '06df0a3b-93e8ab223a2388009ff7fd9a' arrived on 0
2018-07-11 13:30:56.867 [IPControllerApp] task::task '2c3d8112-39d3049541ed1361ea21920e' finished on 0
2018-07-11 13:30:57.873 [IPControllerApp] task::task '0b6662d4-104015f68ee7f87724c7a208' arrived on 1
2018-07-11 13:30:57.874 [IPControllerApp] task::task 'fd7026bc-f2a13142017d807fcff308bd' finished on 1
2018-07-11 13:30:57.875 [IPControllerApp] task::task '4b733a9f-71143e91564ad8012eb0fcce' arrived on 0
2018-07-11 13:30:57.876 [IPControllerApp] task::task '06df0a3b-93e8ab223a2388009ff7fd9a' finished on 0
2018-07-11 13:30:58.882 [IPControllerApp] task::task 'e6e5d14b-f66d3cedb5bfc330402127db' arrived on 0
2018-07-11 13:30:58.883 [IPControllerApp] task::task '4b733a9f-71143e91564ad8012eb0fcce' finished on 0
2018-07-11 13:30:58.884 [IPControllerApp] task::task '5d118023-46771929db61cff58e5eb2ee' arrived on 1
2018-07-11 13:30:58.885 [IPControllerApp] task::task '0b6662d4-104015f68ee7f87724c7a208' finished on 1
2018-07-11 13:30:59.891 [IPControllerApp] task::task '3b013544-2579d7091c7f54e1792d0c31' arrived on 0
2018-07-11 13:30:59.892 [IPControllerApp] task::task 'e6e5d14b-f66d3cedb5bfc330402127db' finished on 0
2018-07-11 13:30:59.893 [IPControllerApp] task::task 'c2db5c70-025db7499085515bdd79f58f' arrived on 1
2018-07-11 13:30:59.894 [IPControllerApp] task::task '5d118023-46771929db61cff58e5eb2ee' finished on 1
2018-07-11 13:31:00.900 [IPControllerApp] task::task 'bea17239-3456a4999f32a9e7cbf0f5c5' arrived on 0
2018-07-11 13:31:00.901 [IPControllerApp] task::task '3b013544-2579d7091c7f54e1792d0c31' finished on 0
2018-07-11 13:31:00.901 [IPControllerApp] task::task 'ce714dcd-ecf7ce46fdd1c2e9424546d5' arrived on 1
2018-07-11 13:31:00.903 [IPControllerApp] task::task 'c2db5c70-025db7499085515bdd79f58f' finished on 1
2018-07-11 13:31:01.909 [IPControllerApp] task::task 'cf1bb84c-588885d872e76116e1d92b66' arrived on 0
2018-07-11 13:31:01.910 [IPControllerApp] task::task 'bea17239-3456a4999f32a9e7cbf0f5c5' finished on 0
2018-07-11 13:31:01.911 [IPControllerApp] task::task '118a78b5-a56ce3993c0c449472e408c4' arrived on 1
2018-07-11 13:31:01.912 [IPControllerApp] task::task 'ce714dcd-ecf7ce46fdd1c2e9424546d5' finished on 1
2018-07-11 13:31:02.918 [IPControllerApp] task::task '0a8c36e3-83ddd2c1e3b74679afe78ff8' arrived on 1
2018-07-11 13:31:02.919 [IPControllerApp] task::task '118a78b5-a56ce3993c0c449472e408c4' finished on 1
2018-07-11 13:31:02.920 [IPControllerApp] task::task '5f74f0de-9e345dc32966dac5335e9343' arrived on 0
2018-07-11 13:31:02.921 [IPControllerApp] task::task 'cf1bb84c-588885d872e76116e1d92b66' finished on 0
2018-07-11 13:31:03.927 [IPControllerApp] task::task '21f289ed-376c476d690924b0b07eb819' arrived on 1
2018-07-11 13:31:03.928 [IPControllerApp] task::task '0a8c36e3-83ddd2c1e3b74679afe78ff8' finished on 1
2018-07-11 13:31:03.929 [IPControllerApp] task::task 'd6372c4d-49e0f68032fcbca3b7de2166' arrived on 0
2018-07-11 13:31:03.931 [IPControllerApp] task::task '5f74f0de-9e345dc32966dac5335e9343' finished on 0
2018-07-11 13:31:04.936 [IPControllerApp] task::task '0f433278-feead21a334cc40c04feed86' arrived on 0
2018-07-11 13:31:04.937 [IPControllerApp] task::task 'd6372c4d-49e0f68032fcbca3b7de2166' finished on 0
2018-07-11 13:31:04.938 [IPControllerApp] task::task '21f289ed-376c476d690924b0b07eb819' finished on 1
2018-07-11 13:31:05.942 [IPControllerApp] task::task '0f433278-feead21a334cc40c04feed86' finished on 0
2018-07-11 13:31:06.091 [IPControllerApp] CRITICAL | Received signal 15, shutting down
2018-07-11 13:31:06.092 [IPControllerApp] CRITICAL | terminating children...
