2018-07-17 15:16:56.003 [IPControllerApp] Created profile dir: '/scratch/midway2/madduru/parsl/parsl/tests/integration/test_stress/runinfo/1166/profile_midway_ipp'
2018-07-17 15:16:56.053 [IPControllerApp] Hub listening on tcp://*:49507 for registration.
2018-07-17 15:16:56.056 [IPControllerApp] Hub using DB backend: 'DictDB'
2018-07-17 15:16:56.320 [IPControllerApp] hub::created hub
2018-07-17 15:16:56.320 [IPControllerApp] writing connection info to /scratch/midway2/madduru/parsl/parsl/tests/integration/test_stress/runinfo/1166/profile_midway_ipp/security/ipcontroller-client.json
2018-07-17 15:16:56.321 [IPControllerApp] writing connection info to /scratch/midway2/madduru/parsl/parsl/tests/integration/test_stress/runinfo/1166/profile_midway_ipp/security/ipcontroller-engine.json
2018-07-17 15:16:56.322 [IPControllerApp] task::using Python leastload Task scheduler
2018-07-17 15:16:56.323 [IPControllerApp] Heartmonitor started
2018-07-17 15:16:56.337 [IPControllerApp] Creating pid file: /scratch/midway2/madduru/parsl/parsl/tests/integration/test_stress/runinfo/1166/profile_midway_ipp/pid/ipcontroller.pid
2018-07-17 15:16:56.363 [scheduler] Scheduler started [leastload]
2018-07-17 15:16:56.367 [IPControllerApp] client::client b'\x00k\x8bEg' requested 'connection_request'
2018-07-17 15:16:56.367 [IPControllerApp] client::client [b'\x00k\x8bEg'] connected
2018-07-17 15:16:57.208 [IPControllerApp] client::client b'\x00k\x8bEh' requested 'connection_request'
2018-07-17 15:16:57.208 [IPControllerApp] client::client [b'\x00k\x8bEh'] connected
2018-07-17 15:17:00.886 [IPControllerApp] client::client b'2b315bae-11dbed025315f9e32ae64696' requested 'registration_request'
2018-07-17 15:17:05.327 [IPControllerApp] registration::finished registering engine 0:2b315bae-11dbed025315f9e32ae64696
2018-07-17 15:17:05.328 [IPControllerApp] engine::Engine Connected: 0
2018-07-17 15:17:05.334 [IPControllerApp] task::task '53527139-ac9767a58dd35e6ed72c1cac' arrived on 0
2018-07-17 15:17:16.647 [IPControllerApp] task::task '6f2e2085-c6ea78df1da00dab54607c8b' arrived on 0
2018-07-17 15:17:16.649 [IPControllerApp] task::task '53527139-ac9767a58dd35e6ed72c1cac' finished on 0
2018-07-17 15:17:26.663 [IPControllerApp] task::task '9f64c79c-20e881326683cf5af563bec8' arrived on 0
2018-07-17 15:17:26.664 [IPControllerApp] task::task '6f2e2085-c6ea78df1da00dab54607c8b' finished on 0
2018-07-17 15:17:36.678 [IPControllerApp] task::task 'ba301cb1-0d29e4793a4c0e78aaaf557a' arrived on 0
2018-07-17 15:17:36.679 [IPControllerApp] task::task '9f64c79c-20e881326683cf5af563bec8' finished on 0
2018-07-17 15:17:46.693 [IPControllerApp] task::task 'd95fee19-8bcd15283e6c828b95901377' arrived on 0
2018-07-17 15:17:46.694 [IPControllerApp] task::task 'ba301cb1-0d29e4793a4c0e78aaaf557a' finished on 0
2018-07-17 15:17:56.708 [IPControllerApp] task::task '40508871-5976f06bf431a8e8de2f6a00' arrived on 0
2018-07-17 15:17:56.710 [IPControllerApp] task::task 'd95fee19-8bcd15283e6c828b95901377' finished on 0
2018-07-17 15:18:06.722 [IPControllerApp] task::task '41d68097-f79dbea8ceb01dab01d25e29' arrived on 0
2018-07-17 15:18:06.723 [IPControllerApp] task::task '40508871-5976f06bf431a8e8de2f6a00' finished on 0
2018-07-17 15:18:16.740 [IPControllerApp] task::task 'aa46dfd6-268c9b36768b3cc2a0825717' arrived on 0
2018-07-17 15:18:16.742 [IPControllerApp] task::task '41d68097-f79dbea8ceb01dab01d25e29' finished on 0
2018-07-17 15:18:26.753 [IPControllerApp] task::task 'cdd73512-143b334059ec297896c4d8f6' arrived on 0
2018-07-17 15:18:26.754 [IPControllerApp] task::task 'aa46dfd6-268c9b36768b3cc2a0825717' finished on 0
2018-07-17 15:18:36.769 [IPControllerApp] task::task '356f81d9-275bc8bf85717dd196c05bc0' arrived on 0
2018-07-17 15:18:36.770 [IPControllerApp] task::task 'cdd73512-143b334059ec297896c4d8f6' finished on 0
2018-07-17 15:18:46.784 [IPControllerApp] task::task 'f14f7b64-704428d49b86f7ee0f62bdf3' arrived on 0
2018-07-17 15:18:46.785 [IPControllerApp] task::task '356f81d9-275bc8bf85717dd196c05bc0' finished on 0
2018-07-17 15:18:56.799 [IPControllerApp] task::task '40f4faa4-1548b4367697cab93dccff1d' arrived on 0
2018-07-17 15:18:56.801 [IPControllerApp] task::task 'f14f7b64-704428d49b86f7ee0f62bdf3' finished on 0
2018-07-17 15:19:06.817 [IPControllerApp] task::task 'f612b824-28135a10622579b833b9edd3' arrived on 0
2018-07-17 15:19:06.819 [IPControllerApp] task::task '40f4faa4-1548b4367697cab93dccff1d' finished on 0
2018-07-17 15:19:16.829 [IPControllerApp] task::task 'c13f1d8e-1bbb108d0fd897e34039659c' arrived on 0
2018-07-17 15:19:16.831 [IPControllerApp] task::task 'f612b824-28135a10622579b833b9edd3' finished on 0
2018-07-17 15:19:26.845 [IPControllerApp] task::task '714347ed-da44b84c4714a3f4ebfe87b3' arrived on 0
2018-07-17 15:19:26.847 [IPControllerApp] task::task 'c13f1d8e-1bbb108d0fd897e34039659c' finished on 0
2018-07-17 15:19:36.861 [IPControllerApp] task::task 'e27e9c21-2b51b612d875c762df101d1d' arrived on 0
2018-07-17 15:19:36.863 [IPControllerApp] task::task '714347ed-da44b84c4714a3f4ebfe87b3' finished on 0
2018-07-17 15:19:46.877 [IPControllerApp] task::task 'e1f6183a-e983b8daffc1b9efc120e35e' arrived on 0
2018-07-17 15:19:46.879 [IPControllerApp] task::task 'e27e9c21-2b51b612d875c762df101d1d' finished on 0
2018-07-17 15:19:56.892 [IPControllerApp] task::task 'ea3f8b92-12b41ccd815460a5bf206189' arrived on 0
2018-07-17 15:19:56.893 [IPControllerApp] task::task 'e1f6183a-e983b8daffc1b9efc120e35e' finished on 0
2018-07-17 15:20:06.909 [IPControllerApp] task::task '8a6b201d-1e323df616ea72ae1c294f25' arrived on 0
2018-07-17 15:20:06.911 [IPControllerApp] task::task 'ea3f8b92-12b41ccd815460a5bf206189' finished on 0
2018-07-17 15:20:16.923 [IPControllerApp] task::task 'f2956b14-f7da0c9a34d4a12ae3e5e2f1' arrived on 0
2018-07-17 15:20:16.925 [IPControllerApp] task::task '8a6b201d-1e323df616ea72ae1c294f25' finished on 0
2018-07-17 15:20:26.940 [IPControllerApp] task::task '999587f8-aab599b8544fd96ad9a606d9' arrived on 0
2018-07-17 15:20:26.942 [IPControllerApp] task::task 'f2956b14-f7da0c9a34d4a12ae3e5e2f1' finished on 0
2018-07-17 15:20:36.955 [IPControllerApp] task::task '0f87f04c-f4f1a1cce1c0482b109cb9bf' arrived on 0
2018-07-17 15:20:36.957 [IPControllerApp] task::task '999587f8-aab599b8544fd96ad9a606d9' finished on 0
2018-07-17 15:20:46.970 [IPControllerApp] task::task 'ac0774b2-bb50ec9cef3c3b1ac6263604' arrived on 0
2018-07-17 15:20:46.972 [IPControllerApp] task::task '0f87f04c-f4f1a1cce1c0482b109cb9bf' finished on 0
2018-07-17 15:20:56.985 [IPControllerApp] task::task '6a0d7231-178e9d8c35199b150de16858' arrived on 0
2018-07-17 15:20:56.986 [IPControllerApp] task::task 'ac0774b2-bb50ec9cef3c3b1ac6263604' finished on 0
2018-07-17 15:21:06.999 [IPControllerApp] task::task 'bc56b3c5-33eae2751b38bc8bdf7eeef9' arrived on 0
2018-07-17 15:21:07.000 [IPControllerApp] task::task '6a0d7231-178e9d8c35199b150de16858' finished on 0
2018-07-17 15:21:17.015 [IPControllerApp] task::task '4d1f0219-73d24a6e71e9fce01ba9b242' arrived on 0
2018-07-17 15:21:17.016 [IPControllerApp] task::task 'bc56b3c5-33eae2751b38bc8bdf7eeef9' finished on 0
2018-07-17 15:21:27.030 [IPControllerApp] task::task 'f7aeaaa6-9ea8744db313fd6aa03ea958' arrived on 0
2018-07-17 15:21:27.031 [IPControllerApp] task::task '4d1f0219-73d24a6e71e9fce01ba9b242' finished on 0
2018-07-17 15:21:37.045 [IPControllerApp] task::task 'db9c62fc-a9687f58bdd3f821cbbb0597' arrived on 0
2018-07-17 15:21:37.046 [IPControllerApp] task::task 'f7aeaaa6-9ea8744db313fd6aa03ea958' finished on 0
2018-07-17 15:21:47.055 [IPControllerApp] task::task '08a0497d-4089c7ad207810a21f2c9b5b' arrived on 0
2018-07-17 15:21:47.056 [IPControllerApp] task::task 'db9c62fc-a9687f58bdd3f821cbbb0597' finished on 0
2018-07-17 15:21:57.065 [IPControllerApp] task::task 'f5f48713-02d0a3c9b3196d64f4fd62d4' arrived on 0
2018-07-17 15:21:57.066 [IPControllerApp] task::task '08a0497d-4089c7ad207810a21f2c9b5b' finished on 0
2018-07-17 15:22:07.075 [IPControllerApp] task::task '15196272-84ed7542051ee658c5270153' arrived on 0
2018-07-17 15:22:07.077 [IPControllerApp] task::task 'f5f48713-02d0a3c9b3196d64f4fd62d4' finished on 0
2018-07-17 15:22:17.085 [IPControllerApp] task::task '0424b6e9-94ac83bea6ae7859ea9dc73d' arrived on 0
2018-07-17 15:22:17.087 [IPControllerApp] task::task '15196272-84ed7542051ee658c5270153' finished on 0
2018-07-17 15:22:27.098 [IPControllerApp] task::task '3a6aa682-1136e8041773aa57acaca7ac' arrived on 0
2018-07-17 15:22:27.100 [IPControllerApp] task::task '0424b6e9-94ac83bea6ae7859ea9dc73d' finished on 0
2018-07-17 15:22:37.105 [IPControllerApp] task::task '0c17a6ad-5984ae375f71e55b5c7fa685' arrived on 0
2018-07-17 15:22:37.106 [IPControllerApp] task::task '3a6aa682-1136e8041773aa57acaca7ac' finished on 0
2018-07-17 15:22:47.116 [IPControllerApp] task::task '974a1e23-15b953b230a3dbb51a36c5e9' arrived on 0
2018-07-17 15:22:47.118 [IPControllerApp] task::task '0c17a6ad-5984ae375f71e55b5c7fa685' finished on 0
2018-07-17 15:22:57.130 [IPControllerApp] task::task '8f8629db-28aaf2f1d50cced20283b1f7' arrived on 0
2018-07-17 15:22:57.132 [IPControllerApp] task::task '974a1e23-15b953b230a3dbb51a36c5e9' finished on 0
2018-07-17 15:23:07.136 [IPControllerApp] task::task '56465746-a298953af28f70e58a179b4a' arrived on 0
2018-07-17 15:23:07.138 [IPControllerApp] task::task '8f8629db-28aaf2f1d50cced20283b1f7' finished on 0
2018-07-17 15:23:17.145 [IPControllerApp] task::task 'f84db25d-8eda85c44bf3d58f6d15377e' arrived on 0
2018-07-17 15:23:17.147 [IPControllerApp] task::task '56465746-a298953af28f70e58a179b4a' finished on 0
2018-07-17 15:23:27.156 [IPControllerApp] task::task '9119198d-443ef03a34e602d3287e4f9f' arrived on 0
2018-07-17 15:23:27.157 [IPControllerApp] task::task 'f84db25d-8eda85c44bf3d58f6d15377e' finished on 0
2018-07-17 15:23:37.166 [IPControllerApp] task::task 'df8def5f-9ab2069f92536c423d0546e7' arrived on 0
2018-07-17 15:23:37.168 [IPControllerApp] task::task '9119198d-443ef03a34e602d3287e4f9f' finished on 0
2018-07-17 15:23:47.176 [IPControllerApp] task::task 'da22322b-3a8c92aa89f4e69958cf0870' arrived on 0
2018-07-17 15:23:47.177 [IPControllerApp] task::task 'df8def5f-9ab2069f92536c423d0546e7' finished on 0
2018-07-17 15:23:57.185 [IPControllerApp] task::task 'b538223c-a955b18a83ed8c6694644e4f' arrived on 0
2018-07-17 15:23:57.187 [IPControllerApp] task::task 'da22322b-3a8c92aa89f4e69958cf0870' finished on 0
2018-07-17 15:24:07.196 [IPControllerApp] task::task 'cf2fb958-cd4d099e6e81d02a1dd959c3' arrived on 0
2018-07-17 15:24:07.198 [IPControllerApp] task::task 'b538223c-a955b18a83ed8c6694644e4f' finished on 0
2018-07-17 15:24:17.204 [IPControllerApp] task::task '4eb9cf21-2b8263f4cd33ffa72d450ec6' arrived on 0
2018-07-17 15:24:17.206 [IPControllerApp] task::task 'cf2fb958-cd4d099e6e81d02a1dd959c3' finished on 0
2018-07-17 15:24:27.215 [IPControllerApp] task::task '8d30e86a-225cbe0326b5b0ded15ac9c5' arrived on 0
2018-07-17 15:24:27.217 [IPControllerApp] task::task '4eb9cf21-2b8263f4cd33ffa72d450ec6' finished on 0
2018-07-17 15:24:37.224 [IPControllerApp] task::task '6603d052-548bc98db04d3d97f8e88290' arrived on 0
2018-07-17 15:24:37.226 [IPControllerApp] task::task '8d30e86a-225cbe0326b5b0ded15ac9c5' finished on 0
2018-07-17 15:24:47.235 [IPControllerApp] task::task '88ca0ec6-576521e445e5fc6eeed22c72' arrived on 0
2018-07-17 15:24:47.237 [IPControllerApp] task::task '6603d052-548bc98db04d3d97f8e88290' finished on 0
2018-07-17 15:24:57.244 [IPControllerApp] task::task 'e0482ac9-f6a0f4b8c7843eb0a3ba4c09' arrived on 0
2018-07-17 15:24:57.246 [IPControllerApp] task::task '88ca0ec6-576521e445e5fc6eeed22c72' finished on 0
2018-07-17 15:25:07.256 [IPControllerApp] task::task '71d2f0a2-afb04c652b5b1f522f22e400' arrived on 0
2018-07-17 15:25:07.257 [IPControllerApp] task::task 'e0482ac9-f6a0f4b8c7843eb0a3ba4c09' finished on 0
2018-07-17 15:25:17.262 [IPControllerApp] task::task '8954976d-7acfb481d523cc545bcce7ea' arrived on 0
2018-07-17 15:25:17.263 [IPControllerApp] task::task '71d2f0a2-afb04c652b5b1f522f22e400' finished on 0
2018-07-17 15:25:27.277 [IPControllerApp] task::task '391b26a0-4ab32191fe23f916f422bc82' arrived on 0
2018-07-17 15:25:27.279 [IPControllerApp] task::task '8954976d-7acfb481d523cc545bcce7ea' finished on 0
2018-07-17 15:25:37.293 [IPControllerApp] task::task 'f4c39b1b-0fad8d3d951e66f2a0021e33' arrived on 0
2018-07-17 15:25:37.294 [IPControllerApp] task::task '391b26a0-4ab32191fe23f916f422bc82' finished on 0
2018-07-17 15:25:47.307 [IPControllerApp] task::task '35f79bdf-03aaf8901a622cb4cd24f9f6' arrived on 0
2018-07-17 15:25:47.309 [IPControllerApp] task::task 'f4c39b1b-0fad8d3d951e66f2a0021e33' finished on 0
2018-07-17 15:25:57.323 [IPControllerApp] task::task '92928784-f18d02e7a8333b5f365a5223' arrived on 0
2018-07-17 15:25:57.324 [IPControllerApp] task::task '35f79bdf-03aaf8901a622cb4cd24f9f6' finished on 0
2018-07-17 15:26:07.339 [IPControllerApp] task::task 'c0dde396-f79dc3778003b5cb45272362' arrived on 0
2018-07-17 15:26:07.341 [IPControllerApp] task::task '92928784-f18d02e7a8333b5f365a5223' finished on 0
2018-07-17 15:26:17.355 [IPControllerApp] task::task 'df0fe3d7-f1beea1eff3c188be3dbae97' arrived on 0
2018-07-17 15:26:17.357 [IPControllerApp] task::task 'c0dde396-f79dc3778003b5cb45272362' finished on 0
2018-07-17 15:26:27.371 [IPControllerApp] task::task '64cb5ee5-3d6c05911f767d1be70ebb4f' arrived on 0
2018-07-17 15:26:27.373 [IPControllerApp] task::task 'df0fe3d7-f1beea1eff3c188be3dbae97' finished on 0
2018-07-17 15:26:37.387 [IPControllerApp] task::task 'b0b67efb-60cc57df18c52cec52356335' arrived on 0
2018-07-17 15:26:37.388 [IPControllerApp] task::task '64cb5ee5-3d6c05911f767d1be70ebb4f' finished on 0
2018-07-17 15:26:47.402 [IPControllerApp] task::task '6264b735-ae902b6c140cf72bae9712dc' arrived on 0
2018-07-17 15:26:47.404 [IPControllerApp] task::task 'b0b67efb-60cc57df18c52cec52356335' finished on 0
2018-07-17 15:26:57.418 [IPControllerApp] task::task '069f4231-a48138de6d6b01d010ff5872' arrived on 0
2018-07-17 15:26:57.420 [IPControllerApp] task::task '6264b735-ae902b6c140cf72bae9712dc' finished on 0
2018-07-17 15:27:07.433 [IPControllerApp] task::task '02a9fd35-57014ac3b4eae95ab0790101' arrived on 0
2018-07-17 15:27:07.434 [IPControllerApp] task::task '069f4231-a48138de6d6b01d010ff5872' finished on 0
2018-07-17 15:27:17.448 [IPControllerApp] task::task '3bea7cf4-96d93eced3093afd24e27c8f' arrived on 0
2018-07-17 15:27:17.449 [IPControllerApp] task::task '02a9fd35-57014ac3b4eae95ab0790101' finished on 0
2018-07-17 15:27:27.463 [IPControllerApp] task::task 'c0db8536-21c522030611389fd11e5369' arrived on 0
2018-07-17 15:27:27.464 [IPControllerApp] task::task '3bea7cf4-96d93eced3093afd24e27c8f' finished on 0
2018-07-17 15:27:37.479 [IPControllerApp] task::task '76808de9-a8072a9fd4385f605ee293df' arrived on 0
2018-07-17 15:27:37.481 [IPControllerApp] task::task 'c0db8536-21c522030611389fd11e5369' finished on 0
2018-07-17 15:27:47.494 [IPControllerApp] task::task 'f4b93d3c-4504dde3ed4560d9576b39ca' arrived on 0
2018-07-17 15:27:47.496 [IPControllerApp] task::task '76808de9-a8072a9fd4385f605ee293df' finished on 0
2018-07-17 15:27:57.510 [IPControllerApp] task::task '10e45098-cc986e6167f9c1ea3dcdf935' arrived on 0
2018-07-17 15:27:57.511 [IPControllerApp] task::task 'f4b93d3c-4504dde3ed4560d9576b39ca' finished on 0
2018-07-17 15:28:07.525 [IPControllerApp] task::task '31122843-688db73f9b124309fb3fc55a' arrived on 0
2018-07-17 15:28:07.526 [IPControllerApp] task::task '10e45098-cc986e6167f9c1ea3dcdf935' finished on 0
2018-07-17 15:28:17.327 [IPControllerApp] heartbeat::missed b'2b315bae-11dbed025315f9e32ae64696' : 1
2018-07-17 15:28:20.326 [IPControllerApp] heartbeat::missed b'2b315bae-11dbed025315f9e32ae64696' : 2
2018-07-17 15:28:23.023 [IPControllerApp] client::client b'991325bc-670ace2e877ebb5391854453' requested 'registration_request'
2018-07-17 15:28:23.324 [IPControllerApp] heartbeat::missed b'2b315bae-11dbed025315f9e32ae64696' : 3
2018-07-17 15:28:26.327 [IPControllerApp] registration::finished registering engine 1:991325bc-670ace2e877ebb5391854453
2018-07-17 15:28:26.328 [IPControllerApp] engine::Engine Connected: 1
2018-07-17 15:28:26.330 [IPControllerApp] heartbeat::missed b'2b315bae-11dbed025315f9e32ae64696' : 4
2018-07-17 15:28:26.334 [IPControllerApp] task::task '2e8922c4-f7f9911909603667a0a1d2f0' arrived on 1
2018-07-17 15:28:29.325 [IPControllerApp] heartbeat::missed b'2b315bae-11dbed025315f9e32ae64696' : 5
2018-07-17 15:28:32.326 [IPControllerApp] heartbeat::missed b'2b315bae-11dbed025315f9e32ae64696' : 6
2018-07-17 15:28:35.326 [IPControllerApp] heartbeat::missed b'2b315bae-11dbed025315f9e32ae64696' : 7
2018-07-17 15:28:38.326 [IPControllerApp] heartbeat::missed b'2b315bae-11dbed025315f9e32ae64696' : 8
2018-07-17 15:28:39.054 [IPControllerApp] task::task 'f94284ca-1dedcb5dad6e53de4c8a9fd3' arrived on 1
2018-07-17 15:28:39.055 [IPControllerApp] task::task '2e8922c4-f7f9911909603667a0a1d2f0' finished on 1
2018-07-17 15:28:41.326 [IPControllerApp] heartbeat::missed b'2b315bae-11dbed025315f9e32ae64696' : 9
2018-07-17 15:28:44.326 [IPControllerApp] heartbeat::missed b'2b315bae-11dbed025315f9e32ae64696' : 10
2018-07-17 15:28:47.326 [IPControllerApp] heartbeat::missed b'2b315bae-11dbed025315f9e32ae64696' : 11
2018-07-17 15:28:47.326 [IPControllerApp] registration::unregister_engine(0)
2018-07-17 15:28:49.070 [IPControllerApp] task::task 'e4ecb79a-22dd571ff2ce6f629d8deefe' arrived on 1
2018-07-17 15:28:49.071 [IPControllerApp] task::task 'f94284ca-1dedcb5dad6e53de4c8a9fd3' finished on 1
2018-07-17 15:28:52.355 [IPControllerApp] task::task '31122843-688db73f9b124309fb3fc55a' finished on 0
2018-07-17 15:28:52.786 [IPControllerApp] CRITICAL | Received signal 15, shutting down
2018-07-17 15:28:52.787 [IPControllerApp] CRITICAL | terminating children...
