2018-07-11 12:40:26.606 [IPControllerApp] Created profile dir: '/scratch/midway2/madduru/parsl/parsl/tests/integration/test_stress/runinfo/943/profile_midway_ipp'
2018-07-11 12:40:26.622 [IPControllerApp] Hub listening on tcp://*:50785 for registration.
2018-07-11 12:40:26.624 [IPControllerApp] Hub using DB backend: 'DictDB'
2018-07-11 12:40:26.887 [IPControllerApp] hub::created hub
2018-07-11 12:40:26.887 [IPControllerApp] writing connection info to /scratch/midway2/madduru/parsl/parsl/tests/integration/test_stress/runinfo/943/profile_midway_ipp/security/ipcontroller-client.json
2018-07-11 12:40:26.888 [IPControllerApp] writing connection info to /scratch/midway2/madduru/parsl/parsl/tests/integration/test_stress/runinfo/943/profile_midway_ipp/security/ipcontroller-engine.json
2018-07-11 12:40:26.889 [IPControllerApp] task::using Python leastload Task scheduler
2018-07-11 12:40:26.890 [IPControllerApp] Heartmonitor started
2018-07-11 12:40:26.899 [IPControllerApp] Creating pid file: /scratch/midway2/madduru/parsl/parsl/tests/integration/test_stress/runinfo/943/profile_midway_ipp/pid/ipcontroller.pid
2018-07-11 12:40:26.907 [scheduler] Scheduler started [leastload]
2018-07-11 12:40:26.910 [IPControllerApp] client::client b'\x00k\x8bEg' requested 'connection_request'
2018-07-11 12:40:26.910 [IPControllerApp] client::client [b'\x00k\x8bEg'] connected
2018-07-11 12:40:27.949 [IPControllerApp] client::client b'\x00k\x8bEh' requested 'connection_request'
2018-07-11 12:40:27.950 [IPControllerApp] client::client [b'\x00k\x8bEh'] connected
2018-07-11 12:41:09.635 [IPControllerApp] client::client b'45136660-4732c8f94e05c3b12acb52ab' requested 'registration_request'
2018-07-11 12:41:09.637 [IPControllerApp] client::client b'971157df-fdd841420de6e9c2b9945f56' requested 'registration_request'
2018-07-11 12:41:09.638 [IPControllerApp] client::client b'bd174684-56c293b15c43dd471f0a783f' requested 'registration_request'
2018-07-11 12:41:09.639 [IPControllerApp] client::client b'e02f43c8-4cabb2d302d18b9e06ef2e0d' requested 'registration_request'
2018-07-11 12:41:09.640 [IPControllerApp] client::client b'6cab4db7-5e728fb7a061d41265f426f2' requested 'registration_request'
2018-07-11 12:41:09.641 [IPControllerApp] client::client b'f6be63e6-d6f51c4641b097f29c65757f' requested 'registration_request'
2018-07-11 12:41:09.642 [IPControllerApp] client::client b'857e83b7-752aa820c1554aed08e94d0b' requested 'registration_request'
2018-07-11 12:41:09.644 [IPControllerApp] client::client b'5ce0225f-02d1b1e0328079c63e4de917' requested 'registration_request'
2018-07-11 12:41:09.645 [IPControllerApp] client::client b'ffe27029-93cc58d7a824d0e11bb49ade' requested 'registration_request'
2018-07-11 12:41:09.646 [IPControllerApp] client::client b'2f29f3fe-d8bad2e23df00983a8159247' requested 'registration_request'
2018-07-11 12:41:09.647 [IPControllerApp] client::client b'e5440193-3a093eb64b60b46790401a4c' requested 'registration_request'
2018-07-11 12:41:09.648 [IPControllerApp] client::client b'f9a56b1b-9eb8c7496570b0401893b095' requested 'registration_request'
2018-07-11 12:41:09.649 [IPControllerApp] client::client b'3222dc94-87098474ea123bf471106250' requested 'registration_request'
2018-07-11 12:41:09.650 [IPControllerApp] client::client b'f81a7924-befc585df00a92503ea508bb' requested 'registration_request'
2018-07-11 12:41:09.651 [IPControllerApp] client::client b'51969e41-31fab4dca6c11e04962e6e31' requested 'registration_request'
2018-07-11 12:41:09.652 [IPControllerApp] client::client b'a16a2dc6-f84821e70eda590d3d4152ce' requested 'registration_request'
2018-07-11 12:41:09.653 [IPControllerApp] client::client b'0c3091b9-c3a4a31bc09480fd459746ab' requested 'registration_request'
2018-07-11 12:41:09.654 [IPControllerApp] client::client b'2f646b98-fcca1e636ba069bb511a0442' requested 'registration_request'
2018-07-11 12:41:09.655 [IPControllerApp] client::client b'910a2e0c-94655cd27a97ac2ce483e136' requested 'registration_request'
2018-07-11 12:41:09.657 [IPControllerApp] client::client b'6d8a6228-89431cdb08053f341d8cda09' requested 'registration_request'
2018-07-11 12:41:09.658 [IPControllerApp] client::client b'9f3ed39c-1b31ba26b97e7de952893f1f' requested 'registration_request'
2018-07-11 12:41:09.659 [IPControllerApp] client::client b'1c415fba-04638cc0bc287fc8d8ad9c2e' requested 'registration_request'
2018-07-11 12:41:09.660 [IPControllerApp] client::client b'3c3d4604-d430c0d5d5538085fd978466' requested 'registration_request'
2018-07-11 12:41:09.662 [IPControllerApp] client::client b'f38877fb-9ff749780b4514dba4c8eda0' requested 'registration_request'
2018-07-11 12:41:09.663 [IPControllerApp] client::client b'765b76bf-7d9bf78a091e723de5fd201e' requested 'registration_request'
2018-07-11 12:41:09.664 [IPControllerApp] client::client b'8e1982c8-c0520dea1ecacd6783fedc34' requested 'registration_request'
2018-07-11 12:41:09.665 [IPControllerApp] client::client b'3a393a53-34e1d907360bede75b9bdaa8' requested 'registration_request'
2018-07-11 12:41:09.666 [IPControllerApp] client::client b'd951246b-68f167626f6e6fe4850ebd60' requested 'registration_request'
2018-07-11 12:41:09.667 [IPControllerApp] client::client b'b0876524-b77a21eee96994ad0cf870b2' requested 'registration_request'
2018-07-11 12:41:09.668 [IPControllerApp] client::client b'b50261c2-ba2653c6bd21433af0f56dba' requested 'registration_request'
2018-07-11 12:41:09.687 [IPControllerApp] client::client b'b67fc746-77e864dd412b6ef4a1bc1b76' requested 'registration_request'
2018-07-11 12:41:09.696 [IPControllerApp] client::client b'd2a8f5f7-86bd388c70dceebbcd3b089c' requested 'registration_request'
2018-07-11 12:41:14.892 [IPControllerApp] registration::finished registering engine 26:3a393a53-34e1d907360bede75b9bdaa8
2018-07-11 12:41:14.894 [IPControllerApp] engine::Engine Connected: 26
2018-07-11 12:41:14.896 [IPControllerApp] registration::finished registering engine 18:910a2e0c-94655cd27a97ac2ce483e136
2018-07-11 12:41:14.897 [IPControllerApp] engine::Engine Connected: 18
2018-07-11 12:41:14.898 [IPControllerApp] registration::finished registering engine 9:2f29f3fe-d8bad2e23df00983a8159247
2018-07-11 12:41:14.898 [IPControllerApp] engine::Engine Connected: 9
2018-07-11 12:41:14.898 [IPControllerApp] registration::finished registering engine 20:9f3ed39c-1b31ba26b97e7de952893f1f
2018-07-11 12:41:14.899 [IPControllerApp] engine::Engine Connected: 20
2018-07-11 12:41:14.899 [IPControllerApp] registration::finished registering engine 16:0c3091b9-c3a4a31bc09480fd459746ab
2018-07-11 12:41:14.900 [IPControllerApp] engine::Engine Connected: 16
2018-07-11 12:41:14.900 [IPControllerApp] registration::finished registering engine 5:f6be63e6-d6f51c4641b097f29c65757f
2018-07-11 12:41:14.901 [IPControllerApp] engine::Engine Connected: 5
2018-07-11 12:41:14.901 [IPControllerApp] registration::finished registering engine 0:45136660-4732c8f94e05c3b12acb52ab
2018-07-11 12:41:14.901 [IPControllerApp] engine::Engine Connected: 0
2018-07-11 12:41:14.902 [IPControllerApp] registration::finished registering engine 27:d951246b-68f167626f6e6fe4850ebd60
2018-07-11 12:41:14.902 [IPControllerApp] engine::Engine Connected: 27
2018-07-11 12:41:14.902 [IPControllerApp] registration::finished registering engine 22:3c3d4604-d430c0d5d5538085fd978466
2018-07-11 12:41:14.903 [IPControllerApp] engine::Engine Connected: 22
2018-07-11 12:41:14.903 [IPControllerApp] registration::finished registering engine 1:971157df-fdd841420de6e9c2b9945f56
2018-07-11 12:41:14.903 [IPControllerApp] engine::Engine Connected: 1
2018-07-11 12:41:14.904 [IPControllerApp] registration::finished registering engine 17:2f646b98-fcca1e636ba069bb511a0442
2018-07-11 12:41:14.904 [IPControllerApp] engine::Engine Connected: 17
2018-07-11 12:41:14.904 [IPControllerApp] registration::finished registering engine 15:a16a2dc6-f84821e70eda590d3d4152ce
2018-07-11 12:41:14.905 [IPControllerApp] engine::Engine Connected: 15
2018-07-11 12:41:14.905 [IPControllerApp] registration::finished registering engine 14:51969e41-31fab4dca6c11e04962e6e31
2018-07-11 12:41:14.905 [IPControllerApp] engine::Engine Connected: 14
2018-07-11 12:41:14.906 [IPControllerApp] registration::finished registering engine 13:f81a7924-befc585df00a92503ea508bb
2018-07-11 12:41:14.906 [IPControllerApp] engine::Engine Connected: 13
2018-07-11 12:41:14.906 [IPControllerApp] registration::finished registering engine 23:f38877fb-9ff749780b4514dba4c8eda0
2018-07-11 12:41:14.907 [IPControllerApp] engine::Engine Connected: 23
2018-07-11 12:41:14.907 [IPControllerApp] registration::finished registering engine 28:b0876524-b77a21eee96994ad0cf870b2
2018-07-11 12:41:14.907 [IPControllerApp] engine::Engine Connected: 28
2018-07-11 12:41:14.907 [IPControllerApp] registration::finished registering engine 31:d2a8f5f7-86bd388c70dceebbcd3b089c
2018-07-11 12:41:14.908 [IPControllerApp] engine::Engine Connected: 31
2018-07-11 12:41:14.908 [IPControllerApp] registration::finished registering engine 7:5ce0225f-02d1b1e0328079c63e4de917
2018-07-11 12:41:14.908 [IPControllerApp] engine::Engine Connected: 7
2018-07-11 12:41:14.909 [IPControllerApp] registration::finished registering engine 29:b50261c2-ba2653c6bd21433af0f56dba
2018-07-11 12:41:14.909 [IPControllerApp] engine::Engine Connected: 29
2018-07-11 12:41:14.910 [IPControllerApp] registration::finished registering engine 25:8e1982c8-c0520dea1ecacd6783fedc34
2018-07-11 12:41:14.910 [IPControllerApp] engine::Engine Connected: 25
2018-07-11 12:41:14.910 [IPControllerApp] registration::finished registering engine 19:6d8a6228-89431cdb08053f341d8cda09
2018-07-11 12:41:14.911 [IPControllerApp] engine::Engine Connected: 19
2018-07-11 12:41:14.911 [IPControllerApp] registration::finished registering engine 6:857e83b7-752aa820c1554aed08e94d0b
2018-07-11 12:41:14.911 [IPControllerApp] engine::Engine Connected: 6
2018-07-11 12:41:14.912 [IPControllerApp] registration::finished registering engine 30:b67fc746-77e864dd412b6ef4a1bc1b76
2018-07-11 12:41:14.912 [IPControllerApp] engine::Engine Connected: 30
2018-07-11 12:41:14.912 [IPControllerApp] registration::finished registering engine 24:765b76bf-7d9bf78a091e723de5fd201e
2018-07-11 12:41:14.913 [IPControllerApp] engine::Engine Connected: 24
2018-07-11 12:41:14.913 [IPControllerApp] registration::finished registering engine 2:bd174684-56c293b15c43dd471f0a783f
2018-07-11 12:41:14.913 [IPControllerApp] engine::Engine Connected: 2
2018-07-11 12:41:14.914 [IPControllerApp] registration::finished registering engine 3:e02f43c8-4cabb2d302d18b9e06ef2e0d
2018-07-11 12:41:14.914 [IPControllerApp] engine::Engine Connected: 3
2018-07-11 12:41:14.914 [IPControllerApp] registration::finished registering engine 4:6cab4db7-5e728fb7a061d41265f426f2
2018-07-11 12:41:14.915 [IPControllerApp] engine::Engine Connected: 4
2018-07-11 12:41:14.915 [IPControllerApp] registration::finished registering engine 10:e5440193-3a093eb64b60b46790401a4c
2018-07-11 12:41:14.915 [IPControllerApp] engine::Engine Connected: 10
2018-07-11 12:41:14.916 [IPControllerApp] registration::finished registering engine 12:3222dc94-87098474ea123bf471106250
2018-07-11 12:41:14.916 [IPControllerApp] engine::Engine Connected: 12
2018-07-11 12:41:14.916 [IPControllerApp] registration::finished registering engine 11:f9a56b1b-9eb8c7496570b0401893b095
2018-07-11 12:41:14.917 [IPControllerApp] engine::Engine Connected: 11
2018-07-11 12:41:14.917 [IPControllerApp] registration::finished registering engine 8:ffe27029-93cc58d7a824d0e11bb49ade
2018-07-11 12:41:14.917 [IPControllerApp] engine::Engine Connected: 8
2018-07-11 12:41:14.918 [IPControllerApp] registration::finished registering engine 21:1c415fba-04638cc0bc287fc8d8ad9c2e
2018-07-11 12:41:14.918 [IPControllerApp] engine::Engine Connected: 21
2018-07-11 12:41:14.923 [IPControllerApp] task::task '29f89a11-b6dea1c5a213b00f1e3999d0' arrived on 26
2018-07-11 12:41:14.924 [IPControllerApp] task::task 'fffe64bd-2cdade10c86b10aa67a22ea8' arrived on 18
2018-07-11 12:41:14.924 [IPControllerApp] task::task '56ddbdad-7c289b1ea93199f7af4f74de' arrived on 9
2018-07-11 12:41:14.925 [IPControllerApp] task::task '2a5a84fa-0c8bbc66da86da4ee479adec' arrived on 20
2018-07-11 12:41:14.926 [IPControllerApp] task::task 'b6369665-d981e270ede27c010e8fc099' arrived on 16
2018-07-11 12:41:14.927 [IPControllerApp] task::task '8ff7e657-44845ae6f86c87c198e5528f' arrived on 5
2018-07-11 12:41:14.929 [IPControllerApp] task::task 'd7d52f52-fe4a7889ee60d08d39aaf637' arrived on 0
2018-07-11 12:41:14.930 [IPControllerApp] task::task 'eaf46970-1c9a8241abf7e76d10a34c0d' arrived on 27
2018-07-11 12:41:14.931 [IPControllerApp] task::task 'bbcf0cbe-76212aa114ed5d0c22de01e9' arrived on 22
2018-07-11 12:41:14.932 [IPControllerApp] task::task 'c84aa70b-67d165c511c218706361be9b' arrived on 1
2018-07-11 12:41:14.933 [IPControllerApp] task::task 'b1c29087-620c0295f5ec83cdeaa088dc' arrived on 17
2018-07-11 12:41:14.934 [IPControllerApp] task::task '9f6ffe45-5ec3676e4264ae911b93376f' arrived on 15
2018-07-11 12:41:14.935 [IPControllerApp] task::task 'c539549d-c502007f3079eb1cb77305ca' arrived on 14
2018-07-11 12:41:14.935 [IPControllerApp] task::task '6281733d-fddd07d0da8e8cc8a97ac3b6' arrived on 13
2018-07-11 12:41:14.937 [IPControllerApp] task::task '7ed23653-e4ccfdbfb8f66c240387e9c5' arrived on 23
2018-07-11 12:41:14.938 [IPControllerApp] task::task '9cddb1eb-332d89ec67144fa63c0d8272' arrived on 28
2018-07-11 12:41:14.939 [IPControllerApp] task::task 'b101ba91-7679fba91ece977a82359a5b' arrived on 31
2018-07-11 12:41:14.939 [IPControllerApp] task::task '3cc60f93-c88d49038475225676c38dc6' arrived on 7
2018-07-11 12:41:14.941 [IPControllerApp] task::task '0b0c88ed-160434ac2db8ba2f0b0f90b8' arrived on 29
2018-07-11 12:41:14.942 [IPControllerApp] task::task '43de6ba3-b74ecc0846b1a8dc48f4d4a1' arrived on 25
2018-07-11 12:41:14.943 [IPControllerApp] task::task '62151f56-765ce8e16622cd0ba874d092' arrived on 19
2018-07-11 12:41:14.944 [IPControllerApp] task::task 'c9acc53d-a3cacc7b1e053ef418c27388' arrived on 6
2018-07-11 12:41:14.945 [IPControllerApp] task::task '1810e2db-66bbaf45ae02d89c9536dc5c' arrived on 30
2018-07-11 12:41:14.946 [IPControllerApp] task::task '327ae0c8-9c41e2f08b0224404c68fc1a' arrived on 24
2018-07-11 12:41:14.947 [IPControllerApp] task::task 'c6f0fdcc-5c14fac3455c209a1f080108' arrived on 2
2018-07-11 12:41:27.003 [IPControllerApp] task::task 'c6f0fdcc-5c14fac3455c209a1f080108' finished on 2
2018-07-11 12:41:27.006 [IPControllerApp] task::task 'b6369665-d981e270ede27c010e8fc099' finished on 16
2018-07-11 12:41:27.010 [IPControllerApp] task::task 'eaf46970-1c9a8241abf7e76d10a34c0d' finished on 27
2018-07-11 12:41:27.014 [IPControllerApp] task::task '6281733d-fddd07d0da8e8cc8a97ac3b6' finished on 13
2018-07-11 12:41:27.017 [IPControllerApp] task::task 'c539549d-c502007f3079eb1cb77305ca' finished on 14
2018-07-11 12:41:27.021 [IPControllerApp] task::task '43de6ba3-b74ecc0846b1a8dc48f4d4a1' finished on 25
2018-07-11 12:41:27.025 [IPControllerApp] task::task 'bbcf0cbe-76212aa114ed5d0c22de01e9' finished on 22
2018-07-11 12:41:27.029 [IPControllerApp] task::task '0b0c88ed-160434ac2db8ba2f0b0f90b8' finished on 29
2018-07-11 12:41:27.032 [IPControllerApp] task::task 'd7d52f52-fe4a7889ee60d08d39aaf637' finished on 0
2018-07-11 12:41:27.036 [IPControllerApp] task::task '9f6ffe45-5ec3676e4264ae911b93376f' finished on 15
2018-07-11 12:41:27.039 [IPControllerApp] task::task '8ff7e657-44845ae6f86c87c198e5528f' finished on 5
2018-07-11 12:41:27.043 [IPControllerApp] task::task 'fffe64bd-2cdade10c86b10aa67a22ea8' finished on 18
2018-07-11 12:41:27.047 [IPControllerApp] task::task 'b1c29087-620c0295f5ec83cdeaa088dc' finished on 17
2018-07-11 12:41:27.051 [IPControllerApp] task::task '2a5a84fa-0c8bbc66da86da4ee479adec' finished on 20
2018-07-11 12:41:27.054 [IPControllerApp] task::task '9cddb1eb-332d89ec67144fa63c0d8272' finished on 28
2018-07-11 12:41:27.058 [IPControllerApp] task::task 'b101ba91-7679fba91ece977a82359a5b' finished on 31
2018-07-11 12:41:27.062 [IPControllerApp] task::task '56ddbdad-7c289b1ea93199f7af4f74de' finished on 9
2018-07-11 12:41:27.066 [IPControllerApp] task::task '29f89a11-b6dea1c5a213b00f1e3999d0' finished on 26
2018-07-11 12:41:27.069 [IPControllerApp] task::task '1810e2db-66bbaf45ae02d89c9536dc5c' finished on 30
2018-07-11 12:41:27.073 [IPControllerApp] task::task 'c84aa70b-67d165c511c218706361be9b' finished on 1
2018-07-11 12:41:27.077 [IPControllerApp] task::task '7ed23653-e4ccfdbfb8f66c240387e9c5' finished on 23
2018-07-11 12:41:27.081 [IPControllerApp] task::task '62151f56-765ce8e16622cd0ba874d092' finished on 19
2018-07-11 12:41:27.091 [IPControllerApp] task::task 'c9acc53d-a3cacc7b1e053ef418c27388' finished on 6
2018-07-11 12:41:27.092 [IPControllerApp] task::task '327ae0c8-9c41e2f08b0224404c68fc1a' finished on 24
2018-07-11 12:41:27.093 [IPControllerApp] task::task '3cc60f93-c88d49038475225676c38dc6' finished on 7
2018-07-11 12:41:27.264 [IPControllerApp] CRITICAL | Received signal 15, shutting down
2018-07-11 12:41:27.264 [IPControllerApp] CRITICAL | terminating children...
