2018-07-18 12:59:23.265 [IPControllerApp] Created profile dir: '/scratch/midway2/madduru/parsl/parsl/tests/integration/test_stress/runinfo/1170/profile_midway_ipp'
2018-07-18 12:59:23.283 [IPControllerApp] Hub listening on tcp://*:37655 for registration.
2018-07-18 12:59:23.286 [IPControllerApp] Hub using DB backend: 'DictDB'
2018-07-18 12:59:23.552 [IPControllerApp] hub::created hub
2018-07-18 12:59:23.552 [IPControllerApp] writing connection info to /scratch/midway2/madduru/parsl/parsl/tests/integration/test_stress/runinfo/1170/profile_midway_ipp/security/ipcontroller-client.json
2018-07-18 12:59:23.553 [IPControllerApp] writing connection info to /scratch/midway2/madduru/parsl/parsl/tests/integration/test_stress/runinfo/1170/profile_midway_ipp/security/ipcontroller-engine.json
2018-07-18 12:59:23.554 [IPControllerApp] task::using Python leastload Task scheduler
2018-07-18 12:59:23.554 [IPControllerApp] Heartmonitor started
2018-07-18 12:59:23.566 [IPControllerApp] Creating pid file: /scratch/midway2/madduru/parsl/parsl/tests/integration/test_stress/runinfo/1170/profile_midway_ipp/pid/ipcontroller.pid
2018-07-18 12:59:23.575 [scheduler] Scheduler started [leastload]
2018-07-18 12:59:23.577 [IPControllerApp] client::client b'\x00k\x8bEg' requested 'connection_request'
2018-07-18 12:59:23.577 [IPControllerApp] client::client [b'\x00k\x8bEg'] connected
2018-07-18 12:59:24.440 [IPControllerApp] client::client b'\x00k\x8bEh' requested 'connection_request'
2018-07-18 12:59:24.440 [IPControllerApp] client::client [b'\x00k\x8bEh'] connected
2018-07-18 12:59:28.947 [IPControllerApp] client::client b'067756c9-6c35487d8f11c02e78946717' requested 'registration_request'
2018-07-18 12:59:28.948 [IPControllerApp] client::client b'f2bc99e9-64f5b12fb13e8ac15979dd75' requested 'registration_request'
2018-07-18 12:59:28.950 [IPControllerApp] client::client b'54da1e4f-d22ac70d159a6ad5510cd1c8' requested 'registration_request'
2018-07-18 12:59:28.951 [IPControllerApp] client::client b'5411576e-bc5d65290a16ff8ed7503e36' requested 'registration_request'
2018-07-18 12:59:32.558 [IPControllerApp] registration::finished registering engine 2:54da1e4f-d22ac70d159a6ad5510cd1c8
2018-07-18 12:59:32.559 [IPControllerApp] engine::Engine Connected: 2
2018-07-18 12:59:32.560 [IPControllerApp] registration::finished registering engine 3:5411576e-bc5d65290a16ff8ed7503e36
2018-07-18 12:59:32.561 [IPControllerApp] engine::Engine Connected: 3
2018-07-18 12:59:32.561 [IPControllerApp] registration::finished registering engine 0:067756c9-6c35487d8f11c02e78946717
2018-07-18 12:59:32.561 [IPControllerApp] engine::Engine Connected: 0
2018-07-18 12:59:32.562 [IPControllerApp] registration::finished registering engine 1:f2bc99e9-64f5b12fb13e8ac15979dd75
2018-07-18 12:59:32.562 [IPControllerApp] engine::Engine Connected: 1
2018-07-18 12:59:32.565 [IPControllerApp] task::task '78d54b85-8e1aa3c5d9043f8f6e87a08a' arrived on 2
2018-07-18 12:59:32.567 [IPControllerApp] task::task 'b838418e-dd26940a68419802cb37e90c' arrived on 3
2018-07-18 12:59:32.569 [IPControllerApp] task::task 'f380aa15-62f03371da70ba734ae57f40' arrived on 0
2018-07-18 12:59:32.570 [IPControllerApp] task::task '951d7586-17ec0711693af10ac0e9908b' arrived on 1
2018-07-18 12:59:44.606 [IPControllerApp] task::task '8103f07f-762d71b9bb2c9aae3ca19033' arrived on 1
2018-07-18 12:59:44.607 [IPControllerApp] task::task '951d7586-17ec0711693af10ac0e9908b' finished on 1
2018-07-18 12:59:44.610 [IPControllerApp] task::task '4c1f0c6c-c379335a73348058ecef511a' arrived on 2
2018-07-18 12:59:44.611 [IPControllerApp] task::task '78d54b85-8e1aa3c5d9043f8f6e87a08a' finished on 2
2018-07-18 12:59:44.611 [IPControllerApp] task::task '74850412-9d73afe3ce49a75110cae7c1' arrived on 3
2018-07-18 12:59:44.613 [IPControllerApp] task::task 'b838418e-dd26940a68419802cb37e90c' finished on 3
2018-07-18 12:59:44.615 [IPControllerApp] task::task 'fc4250c0-3445f525397b70cea788e875' arrived on 0
2018-07-18 12:59:44.616 [IPControllerApp] task::task 'f380aa15-62f03371da70ba734ae57f40' finished on 0
2018-07-18 12:59:54.623 [IPControllerApp] task::task '646ef686-ebbf2089e2c7a77e6eba0d01' arrived on 1
2018-07-18 12:59:54.624 [IPControllerApp] task::task '8103f07f-762d71b9bb2c9aae3ca19033' finished on 1
2018-07-18 12:59:54.627 [IPControllerApp] task::task '0720f0b3-c338c2b2625b64375acad3e7' arrived on 3
2018-07-18 12:59:54.628 [IPControllerApp] task::task '74850412-9d73afe3ce49a75110cae7c1' finished on 3
2018-07-18 12:59:54.629 [IPControllerApp] task::task 'b4f2da93-db9432c76d8689b826d99162' arrived on 2
2018-07-18 12:59:54.630 [IPControllerApp] task::task '4c1f0c6c-c379335a73348058ecef511a' finished on 2
2018-07-18 12:59:54.632 [IPControllerApp] task::task '5d0290e6-c667a01c10771be8680a3e75' arrived on 0
2018-07-18 12:59:54.633 [IPControllerApp] task::task 'fc4250c0-3445f525397b70cea788e875' finished on 0
2018-07-18 13:00:04.648 [IPControllerApp] task::task 'b0a265de-30722e64cfd0283e3e9f2d28' arrived on 0
2018-07-18 13:00:04.649 [IPControllerApp] task::task '5d0290e6-c667a01c10771be8680a3e75' finished on 0
2018-07-18 13:00:04.650 [IPControllerApp] task::task 'ea803d12-47d69377a84a88b1c0b5b0bf' arrived on 2
2018-07-18 13:00:04.651 [IPControllerApp] task::task 'b4f2da93-db9432c76d8689b826d99162' finished on 2
2018-07-18 13:00:04.653 [IPControllerApp] task::task 'b628f6b0-28d40dc2f4217a99de789284' arrived on 3
2018-07-18 13:00:04.654 [IPControllerApp] task::task '0720f0b3-c338c2b2625b64375acad3e7' finished on 3
2018-07-18 13:00:04.656 [IPControllerApp] task::task '40cdfe13-7f31f27a8a05ba6255b038d2' arrived on 1
2018-07-18 13:00:04.656 [IPControllerApp] task::task '646ef686-ebbf2089e2c7a77e6eba0d01' finished on 1
2018-07-18 13:00:14.667 [IPControllerApp] task::task '5ec573a4-d8f175db5cf8fbb4ec2177fd' arrived on 3
2018-07-18 13:00:14.668 [IPControllerApp] task::task 'b628f6b0-28d40dc2f4217a99de789284' finished on 3
2018-07-18 13:00:14.669 [IPControllerApp] task::task '665c952d-00ac18e0e482667388370882' arrived on 0
2018-07-18 13:00:14.670 [IPControllerApp] task::task 'b0a265de-30722e64cfd0283e3e9f2d28' finished on 0
2018-07-18 13:00:14.671 [IPControllerApp] task::task '8703235c-c707ac0643cc542f815ecf24' arrived on 1
2018-07-18 13:00:14.672 [IPControllerApp] task::task '40cdfe13-7f31f27a8a05ba6255b038d2' finished on 1
2018-07-18 13:00:14.673 [IPControllerApp] task::task '75a4e4e8-4add8cf200a53d9c163d0d26' arrived on 2
2018-07-18 13:00:14.674 [IPControllerApp] task::task 'ea803d12-47d69377a84a88b1c0b5b0bf' finished on 2
2018-07-18 13:00:24.688 [IPControllerApp] task::task 'b099e1e8-4432c6d7c8fa8e36b9bad2ee' arrived on 0
2018-07-18 13:00:24.689 [IPControllerApp] task::task '665c952d-00ac18e0e482667388370882' finished on 0
2018-07-18 13:00:24.690 [IPControllerApp] task::task '341e0ca5-3e933038c11fcf0f379cc188' arrived on 3
2018-07-18 13:00:24.690 [IPControllerApp] task::task '5ec573a4-d8f175db5cf8fbb4ec2177fd' finished on 3
2018-07-18 13:00:24.691 [IPControllerApp] task::task '7e1abffc-ed30d0d5960c6b307320c35f' arrived on 2
2018-07-18 13:00:24.692 [IPControllerApp] task::task '75a4e4e8-4add8cf200a53d9c163d0d26' finished on 2
2018-07-18 13:00:24.694 [IPControllerApp] task::task '1b10d0a0-df657d427c45e382b034105b' arrived on 1
2018-07-18 13:00:24.695 [IPControllerApp] task::task '8703235c-c707ac0643cc542f815ecf24' finished on 1
2018-07-18 13:00:34.708 [IPControllerApp] task::task '3f287136-5c12c3e20f990cca8ce0c9dc' arrived on 1
2018-07-18 13:00:34.710 [IPControllerApp] task::task '1b10d0a0-df657d427c45e382b034105b' finished on 1
2018-07-18 13:00:34.711 [IPControllerApp] task::task '7e1abffc-ed30d0d5960c6b307320c35f' finished on 2
2018-07-18 13:00:34.713 [IPControllerApp] task::task '341e0ca5-3e933038c11fcf0f379cc188' finished on 3
2018-07-18 13:00:34.715 [IPControllerApp] task::task 'b099e1e8-4432c6d7c8fa8e36b9bad2ee' finished on 0
2018-07-18 13:00:44.721 [IPControllerApp] task::task '3f287136-5c12c3e20f990cca8ce0c9dc' finished on 1
2018-07-18 13:00:45.068 [IPControllerApp] CRITICAL | Received signal 15, shutting down
2018-07-18 13:00:45.068 [IPControllerApp] CRITICAL | terminating children...
