2018-07-17 13:49:15.596 [IPControllerApp] Created profile dir: '/scratch/midway2/madduru/parsl/parsl/tests/integration/test_stress/runinfo/1153/profile_midway_ipp'
2018-07-17 13:49:15.615 [IPControllerApp] Hub listening on tcp://*:37975 for registration.
2018-07-17 13:49:15.617 [IPControllerApp] Hub using DB backend: 'DictDB'
2018-07-17 13:49:15.879 [IPControllerApp] hub::created hub
2018-07-17 13:49:15.880 [IPControllerApp] writing connection info to /scratch/midway2/madduru/parsl/parsl/tests/integration/test_stress/runinfo/1153/profile_midway_ipp/security/ipcontroller-client.json
2018-07-17 13:49:15.881 [IPControllerApp] writing connection info to /scratch/midway2/madduru/parsl/parsl/tests/integration/test_stress/runinfo/1153/profile_midway_ipp/security/ipcontroller-engine.json
2018-07-17 13:49:15.882 [IPControllerApp] task::using Python leastload Task scheduler
2018-07-17 13:49:15.882 [IPControllerApp] Heartmonitor started
2018-07-17 13:49:15.895 [IPControllerApp] Creating pid file: /scratch/midway2/madduru/parsl/parsl/tests/integration/test_stress/runinfo/1153/profile_midway_ipp/pid/ipcontroller.pid
2018-07-17 13:49:15.906 [scheduler] Scheduler started [leastload]
2018-07-17 13:49:15.908 [IPControllerApp] client::client b'\x00k\x8bEg' requested 'connection_request'
2018-07-17 13:49:15.908 [IPControllerApp] client::client [b'\x00k\x8bEg'] connected
2018-07-17 13:49:16.773 [IPControllerApp] client::client b'\x00k\x8bEh' requested 'connection_request'
2018-07-17 13:49:16.773 [IPControllerApp] client::client [b'\x00k\x8bEh'] connected
2018-07-17 13:49:19.603 [IPControllerApp] client::client b'c4f884da-b67a65cf4a94c694314907ce' requested 'registration_request'
2018-07-17 13:49:24.886 [IPControllerApp] registration::finished registering engine 0:c4f884da-b67a65cf4a94c694314907ce
2018-07-17 13:49:24.887 [IPControllerApp] engine::Engine Connected: 0
2018-07-17 13:49:39.885 [IPControllerApp] heartbeat::missed b'c4f884da-b67a65cf4a94c694314907ce' : 1
2018-07-17 13:49:42.886 [IPControllerApp] heartbeat::missed b'c4f884da-b67a65cf4a94c694314907ce' : 2
2018-07-17 13:49:45.885 [IPControllerApp] heartbeat::missed b'c4f884da-b67a65cf4a94c694314907ce' : 3
2018-07-17 13:49:48.886 [IPControllerApp] heartbeat::missed b'c4f884da-b67a65cf4a94c694314907ce' : 4
2018-07-17 13:49:50.084 [IPControllerApp] CRITICAL | Received signal 15, shutting down
2018-07-17 13:49:50.085 [IPControllerApp] CRITICAL | terminating children...
2018-07-17 13:49:51.884 [IPControllerApp] heartbeat::missed b'c4f884da-b67a65cf4a94c694314907ce' : 5
