2018-07-17 13:49:23.238 [IPControllerApp] Created profile dir: '/scratch/midway2/madduru/parsl/parsl/tests/integration/test_stress/runinfo/1156/profile_midway_ipp'
2018-07-17 13:49:23.255 [IPControllerApp] Hub listening on tcp://*:49280 for registration.
2018-07-17 13:49:23.257 [IPControllerApp] Hub using DB backend: 'DictDB'
2018-07-17 13:49:23.522 [IPControllerApp] hub::created hub
2018-07-17 13:49:23.523 [IPControllerApp] writing connection info to /scratch/midway2/madduru/parsl/parsl/tests/integration/test_stress/runinfo/1156/profile_midway_ipp/security/ipcontroller-client.json
2018-07-17 13:49:23.524 [IPControllerApp] writing connection info to /scratch/midway2/madduru/parsl/parsl/tests/integration/test_stress/runinfo/1156/profile_midway_ipp/security/ipcontroller-engine.json
2018-07-17 13:49:23.525 [IPControllerApp] task::using Python leastload Task scheduler
2018-07-17 13:49:23.526 [IPControllerApp] Heartmonitor started
2018-07-17 13:49:23.540 [IPControllerApp] Creating pid file: /scratch/midway2/madduru/parsl/parsl/tests/integration/test_stress/runinfo/1156/profile_midway_ipp/pid/ipcontroller.pid
2018-07-17 13:49:23.550 [scheduler] Scheduler started [leastload]
2018-07-17 13:49:23.553 [IPControllerApp] client::client b'\x00k\x8bEg' requested 'connection_request'
2018-07-17 13:49:23.553 [IPControllerApp] client::client [b'\x00k\x8bEg'] connected
2018-07-17 13:49:24.455 [IPControllerApp] client::client b'\x00k\x8bEh' requested 'connection_request'
2018-07-17 13:49:24.455 [IPControllerApp] client::client [b'\x00k\x8bEh'] connected
2018-07-17 13:49:31.016 [IPControllerApp] client::client b'c0a8f6c4-14ca766fcb126af488769264' requested 'registration_request'
2018-07-17 13:49:31.317 [IPControllerApp] client::client b'661fef20-f79b035f5c91cff4460d9338' requested 'registration_request'
2018-07-17 13:49:31.660 [IPControllerApp] client::client b'bf711fa0-6337b44ef9e6b9db570b7964' requested 'registration_request'
2018-07-17 13:49:32.128 [IPControllerApp] client::client b'6df011df-2485c50f568cebebe59157ec' requested 'registration_request'
2018-07-17 13:49:32.133 [IPControllerApp] client::client b'd33311ff-390756aad3bfba28df00e611' requested 'registration_request'
2018-07-17 13:49:32.292 [IPControllerApp] client::client b'64e2f4c0-c2ff93af51d6f92d82935327' requested 'registration_request'
2018-07-17 13:49:33.028 [IPControllerApp] client::client b'23d021b0-d8de07a014ccbe1e67d69429' requested 'registration_request'
2018-07-17 13:49:33.293 [IPControllerApp] client::client b'd3302f78-e72b2cd5cd32e340f3a24497' requested 'registration_request'
2018-07-17 13:49:33.295 [IPControllerApp] client::client b'5c43f612-6127b413559f4cd2af86e208' requested 'registration_request'
2018-07-17 13:49:35.527 [IPControllerApp] registration::finished registering engine 3:6df011df-2485c50f568cebebe59157ec
2018-07-17 13:49:35.528 [IPControllerApp] engine::Engine Connected: 3
2018-07-17 13:49:35.530 [IPControllerApp] registration::finished registering engine 0:c0a8f6c4-14ca766fcb126af488769264
2018-07-17 13:49:35.530 [IPControllerApp] engine::Engine Connected: 0
2018-07-17 13:49:35.530 [IPControllerApp] registration::finished registering engine 1:661fef20-f79b035f5c91cff4460d9338
2018-07-17 13:49:35.531 [IPControllerApp] engine::Engine Connected: 1
2018-07-17 13:49:35.531 [IPControllerApp] registration::finished registering engine 5:64e2f4c0-c2ff93af51d6f92d82935327
2018-07-17 13:49:35.532 [IPControllerApp] engine::Engine Connected: 5
2018-07-17 13:49:35.532 [IPControllerApp] registration::finished registering engine 2:bf711fa0-6337b44ef9e6b9db570b7964
2018-07-17 13:49:35.532 [IPControllerApp] engine::Engine Connected: 2
2018-07-17 13:49:35.533 [IPControllerApp] registration::finished registering engine 4:d33311ff-390756aad3bfba28df00e611
2018-07-17 13:49:35.533 [IPControllerApp] engine::Engine Connected: 4
2018-07-17 13:49:38.529 [IPControllerApp] heartbeat::missed b'6df011df-2485c50f568cebebe59157ec' : 1
2018-07-17 13:49:38.529 [IPControllerApp] heartbeat::missed b'c0a8f6c4-14ca766fcb126af488769264' : 1
2018-07-17 13:49:38.531 [IPControllerApp] heartbeat::missed b'661fef20-f79b035f5c91cff4460d9338' : 1
2018-07-17 13:49:38.531 [IPControllerApp] heartbeat::missed b'64e2f4c0-c2ff93af51d6f92d82935327' : 1
2018-07-17 13:49:38.531 [IPControllerApp] heartbeat::missed b'bf711fa0-6337b44ef9e6b9db570b7964' : 1
2018-07-17 13:49:38.531 [IPControllerApp] heartbeat::missed b'd33311ff-390756aad3bfba28df00e611' : 1
2018-07-17 13:49:41.529 [IPControllerApp] heartbeat::missed b'6df011df-2485c50f568cebebe59157ec' : 2
2018-07-17 13:49:41.530 [IPControllerApp] heartbeat::missed b'c0a8f6c4-14ca766fcb126af488769264' : 2
2018-07-17 13:49:41.530 [IPControllerApp] heartbeat::missed b'661fef20-f79b035f5c91cff4460d9338' : 2
2018-07-17 13:49:41.530 [IPControllerApp] heartbeat::missed b'64e2f4c0-c2ff93af51d6f92d82935327' : 2
2018-07-17 13:49:41.530 [IPControllerApp] heartbeat::missed b'bf711fa0-6337b44ef9e6b9db570b7964' : 2
2018-07-17 13:49:41.530 [IPControllerApp] heartbeat::missed b'd33311ff-390756aad3bfba28df00e611' : 2
2018-07-17 13:49:44.529 [IPControllerApp] heartbeat::missed b'6df011df-2485c50f568cebebe59157ec' : 3
2018-07-17 13:49:44.530 [IPControllerApp] heartbeat::missed b'c0a8f6c4-14ca766fcb126af488769264' : 3
2018-07-17 13:49:44.530 [IPControllerApp] heartbeat::missed b'661fef20-f79b035f5c91cff4460d9338' : 3
2018-07-17 13:49:44.530 [IPControllerApp] heartbeat::missed b'64e2f4c0-c2ff93af51d6f92d82935327' : 3
2018-07-17 13:49:44.530 [IPControllerApp] heartbeat::missed b'bf711fa0-6337b44ef9e6b9db570b7964' : 3
2018-07-17 13:49:44.530 [IPControllerApp] heartbeat::missed b'd33311ff-390756aad3bfba28df00e611' : 3
2018-07-17 13:49:47.530 [IPControllerApp] heartbeat::missed b'6df011df-2485c50f568cebebe59157ec' : 4
2018-07-17 13:49:47.530 [IPControllerApp] heartbeat::missed b'c0a8f6c4-14ca766fcb126af488769264' : 4
2018-07-17 13:49:47.530 [IPControllerApp] heartbeat::missed b'661fef20-f79b035f5c91cff4460d9338' : 4
2018-07-17 13:49:47.530 [IPControllerApp] heartbeat::missed b'64e2f4c0-c2ff93af51d6f92d82935327' : 4
2018-07-17 13:49:47.530 [IPControllerApp] heartbeat::missed b'bf711fa0-6337b44ef9e6b9db570b7964' : 4
2018-07-17 13:49:47.530 [IPControllerApp] heartbeat::missed b'd33311ff-390756aad3bfba28df00e611' : 4
2018-07-17 13:49:50.078 [IPControllerApp] CRITICAL | Received signal 15, shutting down
2018-07-17 13:49:50.078 [IPControllerApp] CRITICAL | terminating children...
