/tmp/slurmd/job47668701/slurm_script: line 18:  5115 Killed                  ipengine --file=ipengine.json >> .ipengine_logs/$JOBNAME.log 2>&1
/tmp/slurmd/job47668701/slurm_script: line 18:  5116 Killed                  ipengine --file=ipengine.json >> .ipengine_logs/$JOBNAME.log 2>&1
/tmp/slurmd/job47668701/slurm_script: line 18:  5150 Bus error               ipengine --file=ipengine.json >> .ipengine_logs/$JOBNAME.log 2>&1
/tmp/slurmd/job47668701/slurm_script: line 18:  5148 Bus error               ipengine --file=ipengine.json >> .ipengine_logs/$JOBNAME.log 2>&1
/tmp/slurmd/job47668701/slurm_script: line 18:  5136 Killed                  ipengine --file=ipengine.json >> .ipengine_logs/$JOBNAME.log 2>&1
slurmstepd-midway197: error: Job 47668701 exceeded memory limit (1960308 > 1945600), being killed
/tmp/slurmd/job47668701/slurm_script: line 18:  5118 Killed                  ipengine --file=ipengine.json >> .ipengine_logs/$JOBNAME.log 2>&1
/tmp/slurmd/job47668701/slurm_script: line 18:  5153 Bus error               ipengine --file=ipengine.json >> .ipengine_logs/$JOBNAME.log 2>&1
/tmp/slurmd/job47668701/slurm_script: line 18:  5161 Bus error               ipengine --file=ipengine.json >> .ipengine_logs/$JOBNAME.log 2>&1
/tmp/slurmd/job47668701/slurm_script: line 18:  5152 Bus error               ipengine --file=ipengine.json >> .ipengine_logs/$JOBNAME.log 2>&1
/tmp/slurmd/job47668701/slurm_script: line 18:  5120 Killed                  ipengine --file=ipengine.json >> .ipengine_logs/$JOBNAME.log 2>&1
slurmstepd-midway197: error: *** JOB 47668701 ON midway197 CANCELLED AT 2018-07-19T01:39:48 ***
/tmp/slurmd/job47668701/slurm_script: line 18:  5121 Killed                  ipengine --file=ipengine.json >> .ipengine_logs/$JOBNAME.log 2>&1
/tmp/slurmd/job47668701/slurm_script: line 18:  5122 Killed                  ipengine --file=ipengine.json >> .ipengine_logs/$JOBNAME.log 2>&1
/tmp/slurmd/job47668701/slurm_script: line 18:  5162 Bus error               ipengine --file=ipengine.json >> .ipengine_logs/$JOBNAME.log 2>&1
/tmp/slurmd/job47668701/slurm_script: line 18:  5123 Killed                  ipengine --file=ipengine.json >> .ipengine_logs/$JOBNAME.log 2>&1
/tmp/slurmd/job47668701/slurm_script: line 18:  5154 Bus error               ipengine --file=ipengine.json >> .ipengine_logs/$JOBNAME.log 2>&1
/tmp/slurmd/job47668701/slurm_script: line 18:  5158 Bus error               ipengine --file=ipengine.json >> .ipengine_logs/$JOBNAME.log 2>&1
/tmp/slurmd/job47668701/slurm_script: line 18:  5130 Bus error               ipengine --file=ipengine.json >> .ipengine_logs/$JOBNAME.log 2>&1
slurmstepd-midway197: error: Detected 1057 oom-kill event(s) in step 47668701.batch cgroup.
