/tmp/slurmd/job47679403/slurm_script: fork: retry: Resource temporarily unavailable
/tmp/slurmd/job47679403/slurm_script: fork: retry: Resource temporarily unavailable
/tmp/slurmd/job47679403/slurm_script: fork: retry: Resource temporarily unavailable
/tmp/slurmd/job47679403/slurm_script: fork: retry: Resource temporarily unavailable
/tmp/slurmd/job47679403/slurm_script: fork: retry: Resource temporarily unavailable
/tmp/slurmd/job47679403/slurm_script: fork: retry: Resource temporarily unavailable
/tmp/slurmd/job47679403/slurm_script: fork: retry: Resource temporarily unavailable
/tmp/slurmd/job47679403/slurm_script: fork: retry: Resource temporarily unavailable
/tmp/slurmd/job47679403/slurm_script: fork: retry: Resource temporarily unavailable
/tmp/slurmd/job47679403/slurm_script: fork: retry: Resource temporarily unavailable
/tmp/slurmd/job47679403/slurm_script: fork: retry: Resource temporarily unavailable
/tmp/slurmd/job47679403/slurm_script: fork: retry: Resource temporarily unavailable
/tmp/slurmd/job47679403/slurm_script: fork: retry: Resource temporarily unavailable
/tmp/slurmd/job47679403/slurm_script: fork: retry: Resource temporarily unavailable
/tmp/slurmd/job47679403/slurm_script: fork: retry: Resource temporarily unavailable
/tmp/slurmd/job47679403/slurm_script: fork: retry: Resource temporarily unavailable
/tmp/slurmd/job47679403/slurm_script: fork: retry: Resource temporarily unavailable
/tmp/slurmd/job47679403/slurm_script: fork: retry: Resource temporarily unavailable
/tmp/slurmd/job47679403/slurm_script: fork: retry: Resource temporarily unavailable
/tmp/slurmd/job47679403/slurm_script: fork: retry: Resource temporarily unavailable
/tmp/slurmd/job47679403/slurm_script: fork: retry: Resource temporarily unavailable
/tmp/slurmd/job47679403/slurm_script: fork: retry: Resource temporarily unavailable
/tmp/slurmd/job47679403/slurm_script: fork: retry: Resource temporarily unavailable
/tmp/slurmd/job47679403/slurm_script: fork: retry: Resource temporarily unavailable
/tmp/slurmd/job47679403/slurm_script: fork: retry: Resource temporarily unavailable
/tmp/slurmd/job47679403/slurm_script: fork: retry: Resource temporarily unavailable
/tmp/slurmd/job47679403/slurm_script: fork: retry: Resource temporarily unavailable
/tmp/slurmd/job47679403/slurm_script: fork: retry: Resource temporarily unavailable
/tmp/slurmd/job47679403/slurm_script: fork: retry: Resource temporarily unavailable
/tmp/slurmd/job47679403/slurm_script: fork: retry: Resource temporarily unavailable
/tmp/slurmd/job47679403/slurm_script: fork: retry: Resource temporarily unavailable
/tmp/slurmd/job47679403/slurm_script: fork: retry: Resource temporarily unavailable
/tmp/slurmd/job47679403/slurm_script: fork: retry: Resource temporarily unavailable
/tmp/slurmd/job47679403/slurm_script: fork: retry: Resource temporarily unavailable
/tmp/slurmd/job47679403/slurm_script: fork: retry: Resource temporarily unavailable
/tmp/slurmd/job47679403/slurm_script: fork: retry: Resource temporarily unavailable
/tmp/slurmd/job47679403/slurm_script: fork: retry: Resource temporarily unavailable
/tmp/slurmd/job47679403/slurm_script: fork: retry: Resource temporarily unavailable
/tmp/slurmd/job47679403/slurm_script: fork: retry: Resource temporarily unavailable
/tmp/slurmd/job47679403/slurm_script: fork: retry: Resource temporarily unavailable
/tmp/slurmd/job47679403/slurm_script: fork: retry: Resource temporarily unavailable
/tmp/slurmd/job47679403/slurm_script: fork: retry: Resource temporarily unavailable
/tmp/slurmd/job47679403/slurm_script: fork: retry: Resource temporarily unavailable
/tmp/slurmd/job47679403/slurm_script: fork: retry: Resource temporarily unavailable
/tmp/slurmd/job47679403/slurm_script: fork: retry: Resource temporarily unavailable
/tmp/slurmd/job47679403/slurm_script: fork: retry: Resource temporarily unavailable
/tmp/slurmd/job47679403/slurm_script: fork: retry: Resource temporarily unavailable
/tmp/slurmd/job47679403/slurm_script: fork: retry: Resource temporarily unavailable
/tmp/slurmd/job47679403/slurm_script: fork: retry: Resource temporarily unavailable
/tmp/slurmd/job47679403/slurm_script: fork: retry: Resource temporarily unavailable
/tmp/slurmd/job47679403/slurm_script: fork: retry: Resource temporarily unavailable
/tmp/slurmd/job47679403/slurm_script: fork: retry: Resource temporarily unavailable
/tmp/slurmd/job47679403/slurm_script: fork: retry: Resource temporarily unavailable
/tmp/slurmd/job47679403/slurm_script: fork: retry: Resource temporarily unavailable
/tmp/slurmd/job47679403/slurm_script: fork: retry: Resource temporarily unavailable
/tmp/slurmd/job47679403/slurm_script: fork: retry: Resource temporarily unavailable
/tmp/slurmd/job47679403/slurm_script: fork: retry: Resource temporarily unavailable
/tmp/slurmd/job47679403/slurm_script: fork: retry: Resource temporarily unavailable
/tmp/slurmd/job47679403/slurm_script: fork: retry: Resource temporarily unavailable
/tmp/slurmd/job47679403/slurm_script: fork: retry: Resource temporarily unavailable
/tmp/slurmd/job47679403/slurm_script: fork: retry: Resource temporarily unavailable
/tmp/slurmd/job47679403/slurm_script: fork: retry: Resource temporarily unavailable
/tmp/slurmd/job47679403/slurm_script: fork: retry: Resource temporarily unavailable
/tmp/slurmd/job47679403/slurm_script: fork: retry: Resource temporarily unavailable
/tmp/slurmd/job47679403/slurm_script: fork: retry: Resource temporarily unavailable
/tmp/slurmd/job47679403/slurm_script: fork: retry: Resource temporarily unavailable
/tmp/slurmd/job47679403/slurm_script: fork: retry: Resource temporarily unavailable
/tmp/slurmd/job47679403/slurm_script: fork: retry: Resource temporarily unavailable
/tmp/slurmd/job47679403/slurm_script: fork: retry: Resource temporarily unavailable
/tmp/slurmd/job47679403/slurm_script: fork: retry: Resource temporarily unavailable
/tmp/slurmd/job47679403/slurm_script: fork: retry: Resource temporarily unavailable
/tmp/slurmd/job47679403/slurm_script: fork: retry: Resource temporarily unavailable
/tmp/slurmd/job47679403/slurm_script: fork: retry: Resource temporarily unavailable
/tmp/slurmd/job47679403/slurm_script: fork: retry: Resource temporarily unavailable
/tmp/slurmd/job47679403/slurm_script: fork: retry: Resource temporarily unavailable
/tmp/slurmd/job47679403/slurm_script: fork: retry: Resource temporarily unavailable
/tmp/slurmd/job47679403/slurm_script: fork: retry: Resource temporarily unavailable
/tmp/slurmd/job47679403/slurm_script: fork: retry: Resource temporarily unavailable
/tmp/slurmd/job47679403/slurm_script: fork: retry: Resource temporarily unavailable
/tmp/slurmd/job47679403/slurm_script: fork: retry: Resource temporarily unavailable
/tmp/slurmd/job47679403/slurm_script: fork: retry: Resource temporarily unavailable
/tmp/slurmd/job47679403/slurm_script: fork: retry: Resource temporarily unavailable
/tmp/slurmd/job47679403/slurm_script: fork: retry: Resource temporarily unavailable
/tmp/slurmd/job47679403/slurm_script: fork: retry: Resource temporarily unavailable
/tmp/slurmd/job47679403/slurm_script: fork: retry: Resource temporarily unavailable
/tmp/slurmd/job47679403/slurm_script: fork: retry: Resource temporarily unavailable
/tmp/slurmd/job47679403/slurm_script: fork: retry: Resource temporarily unavailable
/tmp/slurmd/job47679403/slurm_script: fork: retry: Resource temporarily unavailable
/tmp/slurmd/job47679403/slurm_script: fork: retry: Resource temporarily unavailable
/tmp/slurmd/job47679403/slurm_script: fork: retry: Resource temporarily unavailable
/tmp/slurmd/job47679403/slurm_script: fork: retry: Resource temporarily unavailable
/tmp/slurmd/job47679403/slurm_script: fork: retry: Resource temporarily unavailable
/tmp/slurmd/job47679403/slurm_script: fork: retry: Resource temporarily unavailable
/tmp/slurmd/job47679403/slurm_script: fork: retry: Resource temporarily unavailable
/tmp/slurmd/job47679403/slurm_script: fork: retry: Resource temporarily unavailable
/tmp/slurmd/job47679403/slurm_script: fork: retry: Resource temporarily unavailable
/tmp/slurmd/job47679403/slurm_script: fork: retry: Resource temporarily unavailable
/tmp/slurmd/job47679403/slurm_script: fork: retry: Resource temporarily unavailable
/tmp/slurmd/job47679403/slurm_script: fork: retry: Resource temporarily unavailable
/tmp/slurmd/job47679403/slurm_script: fork: retry: Resource temporarily unavailable
/tmp/slurmd/job47679403/slurm_script: fork: retry: Resource temporarily unavailable
/tmp/slurmd/job47679403/slurm_script: fork: retry: Resource temporarily unavailable
/tmp/slurmd/job47679403/slurm_script: fork: retry: Resource temporarily unavailable
/tmp/slurmd/job47679403/slurm_script: fork: retry: Resource temporarily unavailable
/tmp/slurmd/job47679403/slurm_script: fork: retry: Resource temporarily unavailable
/tmp/slurmd/job47679403/slurm_script: fork: retry: Resource temporarily unavailable
/tmp/slurmd/job47679403/slurm_script: fork: retry: Resource temporarily unavailable
/tmp/slurmd/job47679403/slurm_script: fork: retry: Resource temporarily unavailable
/tmp/slurmd/job47679403/slurm_script: fork: retry: Resource temporarily unavailable
/tmp/slurmd/job47679403/slurm_script: fork: retry: Resource temporarily unavailable
/tmp/slurmd/job47679403/slurm_script: fork: retry: Resource temporarily unavailable
/tmp/slurmd/job47679403/slurm_script: fork: retry: Resource temporarily unavailable
/tmp/slurmd/job47679403/slurm_script: fork: retry: Resource temporarily unavailable
/tmp/slurmd/job47679403/slurm_script: fork: retry: Resource temporarily unavailable
/tmp/slurmd/job47679403/slurm_script: fork: retry: Resource temporarily unavailable
/tmp/slurmd/job47679403/slurm_script: fork: retry: Resource temporarily unavailable
/tmp/slurmd/job47679403/slurm_script: fork: retry: Resource temporarily unavailable
/tmp/slurmd/job47679403/slurm_script: fork: retry: Resource temporarily unavailable
/tmp/slurmd/job47679403/slurm_script: fork: retry: Resource temporarily unavailable
/tmp/slurmd/job47679403/slurm_script: fork: retry: Resource temporarily unavailable
/tmp/slurmd/job47679403/slurm_script: fork: retry: Resource temporarily unavailable
/tmp/slurmd/job47679403/slurm_script: fork: retry: Resource temporarily unavailable
/tmp/slurmd/job47679403/slurm_script: fork: retry: Resource temporarily unavailable
/tmp/slurmd/job47679403/slurm_script: fork: retry: Resource temporarily unavailable
/tmp/slurmd/job47679403/slurm_script: fork: retry: Resource temporarily unavailable
/tmp/slurmd/job47679403/slurm_script: fork: retry: Resource temporarily unavailable
/tmp/slurmd/job47679403/slurm_script: fork: retry: Resource temporarily unavailable
/tmp/slurmd/job47679403/slurm_script: fork: retry: Resource temporarily unavailable
/tmp/slurmd/job47679403/slurm_script: fork: retry: Resource temporarily unavailable
/tmp/slurmd/job47679403/slurm_script: fork: retry: Resource temporarily unavailable
/tmp/slurmd/job47679403/slurm_script: fork: retry: Resource temporarily unavailable
/tmp/slurmd/job47679403/slurm_script: fork: retry: Resource temporarily unavailable
/tmp/slurmd/job47679403/slurm_script: fork: retry: Resource temporarily unavailable
/tmp/slurmd/job47679403/slurm_script: fork: retry: Resource temporarily unavailable
/tmp/slurmd/job47679403/slurm_script: fork: retry: Resource temporarily unavailable
/tmp/slurmd/job47679403/slurm_script: fork: retry: Resource temporarily unavailable
/tmp/slurmd/job47679403/slurm_script: fork: retry: Resource temporarily unavailable
/tmp/slurmd/job47679403/slurm_script: fork: retry: Resource temporarily unavailable
/tmp/slurmd/job47679403/slurm_script: fork: retry: Resource temporarily unavailable
/tmp/slurmd/job47679403/slurm_script: fork: retry: Resource temporarily unavailable
/tmp/slurmd/job47679403/slurm_script: fork: retry: Resource temporarily unavailable
/tmp/slurmd/job47679403/slurm_script: fork: retry: Resource temporarily unavailable
/tmp/slurmd/job47679403/slurm_script: fork: retry: Resource temporarily unavailable
/tmp/slurmd/job47679403/slurm_script: fork: retry: Resource temporarily unavailable
/tmp/slurmd/job47679403/slurm_script: fork: retry: Resource temporarily unavailable
/tmp/slurmd/job47679403/slurm_script: fork: retry: Resource temporarily unavailable
/tmp/slurmd/job47679403/slurm_script: fork: retry: Resource temporarily unavailable
/tmp/slurmd/job47679403/slurm_script: fork: retry: Resource temporarily unavailable
/tmp/slurmd/job47679403/slurm_script: fork: retry: Resource temporarily unavailable
/tmp/slurmd/job47679403/slurm_script: fork: retry: Resource temporarily unavailable
/tmp/slurmd/job47679403/slurm_script: fork: retry: Resource temporarily unavailable
/tmp/slurmd/job47679403/slurm_script: fork: retry: Resource temporarily unavailable
/tmp/slurmd/job47679403/slurm_script: fork: retry: Resource temporarily unavailable
/tmp/slurmd/job47679403/slurm_script: fork: retry: Resource temporarily unavailable
/tmp/slurmd/job47679403/slurm_script: fork: retry: Resource temporarily unavailable
/tmp/slurmd/job47679403/slurm_script: fork: retry: Resource temporarily unavailable
/tmp/slurmd/job47679403/slurm_script: fork: retry: Resource temporarily unavailable
/tmp/slurmd/job47679403/slurm_script: fork: retry: Resource temporarily unavailable
/tmp/slurmd/job47679403/slurm_script: fork: retry: Resource temporarily unavailable
/tmp/slurmd/job47679403/slurm_script: fork: retry: Resource temporarily unavailable
/tmp/slurmd/job47679403/slurm_script: fork: retry: Resource temporarily unavailable
/tmp/slurmd/job47679403/slurm_script: fork: retry: Resource temporarily unavailable
/tmp/slurmd/job47679403/slurm_script: fork: retry: Resource temporarily unavailable
/tmp/slurmd/job47679403/slurm_script: fork: retry: Resource temporarily unavailable
/tmp/slurmd/job47679403/slurm_script: fork: retry: Resource temporarily unavailable
/tmp/slurmd/job47679403/slurm_script: fork: retry: Resource temporarily unavailable
/tmp/slurmd/job47679403/slurm_script: fork: retry: Resource temporarily unavailable
/tmp/slurmd/job47679403/slurm_script: fork: retry: Resource temporarily unavailable
/tmp/slurmd/job47679403/slurm_script: fork: retry: Resource temporarily unavailable
/tmp/slurmd/job47679403/slurm_script: fork: retry: Resource temporarily unavailable
/tmp/slurmd/job47679403/slurm_script: fork: retry: Resource temporarily unavailable
/tmp/slurmd/job47679403/slurm_script: fork: retry: Resource temporarily unavailable
/tmp/slurmd/job47679403/slurm_script: fork: retry: Resource temporarily unavailable
/tmp/slurmd/job47679403/slurm_script: fork: retry: Resource temporarily unavailable
/tmp/slurmd/job47679403/slurm_script: fork: retry: Resource temporarily unavailable
/tmp/slurmd/job47679403/slurm_script: fork: retry: Resource temporarily unavailable
/tmp/slurmd/job47679403/slurm_script: fork: retry: Resource temporarily unavailable
/tmp/slurmd/job47679403/slurm_script: fork: retry: Resource temporarily unavailable
/tmp/slurmd/job47679403/slurm_script: fork: retry: Resource temporarily unavailable
/tmp/slurmd/job47679403/slurm_script: fork: retry: Resource temporarily unavailable
/tmp/slurmd/job47679403/slurm_script: fork: retry: Resource temporarily unavailable
/tmp/slurmd/job47679403/slurm_script: fork: retry: Resource temporarily unavailable
/tmp/slurmd/job47679403/slurm_script: fork: retry: Resource temporarily unavailable
/tmp/slurmd/job47679403/slurm_script: fork: retry: Resource temporarily unavailable
/tmp/slurmd/job47679403/slurm_script: fork: retry: Resource temporarily unavailable
/tmp/slurmd/job47679403/slurm_script: fork: retry: Resource temporarily unavailable
/tmp/slurmd/job47679403/slurm_script: fork: retry: Resource temporarily unavailable
/tmp/slurmd/job47679403/slurm_script: fork: retry: Resource temporarily unavailable
/tmp/slurmd/job47679403/slurm_script: fork: retry: Resource temporarily unavailable
/tmp/slurmd/job47679403/slurm_script: fork: retry: Resource temporarily unavailable
/tmp/slurmd/job47679403/slurm_script: fork: retry: Resource temporarily unavailable
/tmp/slurmd/job47679403/slurm_script: fork: retry: Resource temporarily unavailable
/tmp/slurmd/job47679403/slurm_script: fork: retry: Resource temporarily unavailable
/tmp/slurmd/job47679403/slurm_script: fork: retry: Resource temporarily unavailable
/tmp/slurmd/job47679403/slurm_script: fork: retry: Resource temporarily unavailable
/tmp/slurmd/job47679403/slurm_script: fork: retry: Resource temporarily unavailable
/tmp/slurmd/job47679403/slurm_script: fork: retry: Resource temporarily unavailable
/tmp/slurmd/job47679403/slurm_script: fork: retry: Resource temporarily unavailable
/tmp/slurmd/job47679403/slurm_script: fork: retry: Resource temporarily unavailable
/tmp/slurmd/job47679403/slurm_script: fork: retry: Resource temporarily unavailable
/tmp/slurmd/job47679403/slurm_script: fork: retry: Resource temporarily unavailable
/tmp/slurmd/job47679403/slurm_script: fork: retry: Resource temporarily unavailable
/tmp/slurmd/job47679403/slurm_script: fork: retry: Resource temporarily unavailable
/tmp/slurmd/job47679403/slurm_script: fork: retry: Resource temporarily unavailable
/tmp/slurmd/job47679403/slurm_script: fork: retry: Resource temporarily unavailable
/tmp/slurmd/job47679403/slurm_script: fork: retry: Resource temporarily unavailable
/tmp/slurmd/job47679403/slurm_script: fork: retry: Resource temporarily unavailable
/tmp/slurmd/job47679403/slurm_script: fork: retry: Resource temporarily unavailable
/tmp/slurmd/job47679403/slurm_script: fork: retry: Resource temporarily unavailable
/tmp/slurmd/job47679403/slurm_script: fork: retry: Resource temporarily unavailable
/tmp/slurmd/job47679403/slurm_script: fork: retry: Resource temporarily unavailable
/tmp/slurmd/job47679403/slurm_script: fork: retry: Resource temporarily unavailable
/tmp/slurmd/job47679403/slurm_script: fork: retry: Resource temporarily unavailable
/tmp/slurmd/job47679403/slurm_script: fork: retry: Resource temporarily unavailable
/tmp/slurmd/job47679403/slurm_script: fork: retry: Resource temporarily unavailable
/tmp/slurmd/job47679403/slurm_script: fork: retry: Resource temporarily unavailable
/tmp/slurmd/job47679403/slurm_script: fork: retry: Resource temporarily unavailable
/tmp/slurmd/job47679403/slurm_script: fork: retry: Resource temporarily unavailable
/tmp/slurmd/job47679403/slurm_script: fork: retry: Resource temporarily unavailable
/tmp/slurmd/job47679403/slurm_script: fork: retry: Resource temporarily unavailable
/tmp/slurmd/job47679403/slurm_script: fork: retry: Resource temporarily unavailable
/tmp/slurmd/job47679403/slurm_script: fork: retry: Resource temporarily unavailable
/tmp/slurmd/job47679403/slurm_script: fork: retry: Resource temporarily unavailable
/tmp/slurmd/job47679403/slurm_script: fork: retry: Resource temporarily unavailable
/tmp/slurmd/job47679403/slurm_script: fork: retry: Resource temporarily unavailable
/tmp/slurmd/job47679403/slurm_script: fork: retry: Resource temporarily unavailable
/tmp/slurmd/job47679403/slurm_script: fork: retry: Resource temporarily unavailable
/tmp/slurmd/job47679403/slurm_script: fork: retry: Resource temporarily unavailable
/tmp/slurmd/job47679403/slurm_script: fork: retry: Resource temporarily unavailable
/tmp/slurmd/job47679403/slurm_script: fork: retry: Resource temporarily unavailable
/tmp/slurmd/job47679403/slurm_script: fork: retry: Resource temporarily unavailable
/tmp/slurmd/job47679403/slurm_script: fork: retry: Resource temporarily unavailable
/tmp/slurmd/job47679403/slurm_script: fork: retry: Resource temporarily unavailable
/tmp/slurmd/job47679403/slurm_script: fork: retry: Resource temporarily unavailable
/tmp/slurmd/job47679403/slurm_script: fork: retry: Resource temporarily unavailable
/tmp/slurmd/job47679403/slurm_script: fork: retry: Resource temporarily unavailable
/tmp/slurmd/job47679403/slurm_script: fork: retry: Resource temporarily unavailable
/tmp/slurmd/job47679403/slurm_script: fork: retry: Resource temporarily unavailable
/tmp/slurmd/job47679403/slurm_script: fork: retry: Resource temporarily unavailable
/tmp/slurmd/job47679403/slurm_script: fork: retry: Resource temporarily unavailable
/tmp/slurmd/job47679403/slurm_script: fork: retry: Resource temporarily unavailable
/tmp/slurmd/job47679403/slurm_script: fork: retry: Resource temporarily unavailable
/tmp/slurmd/job47679403/slurm_script: fork: retry: Resource temporarily unavailable
/tmp/slurmd/job47679403/slurm_script: fork: retry: Resource temporarily unavailable
/tmp/slurmd/job47679403/slurm_script: fork: retry: Resource temporarily unavailable
/tmp/slurmd/job47679403/slurm_script: fork: retry: Resource temporarily unavailable
/tmp/slurmd/job47679403/slurm_script: fork: retry: Resource temporarily unavailable
/tmp/slurmd/job47679403/slurm_script: fork: retry: Resource temporarily unavailable
/tmp/slurmd/job47679403/slurm_script: fork: retry: Resource temporarily unavailable
/tmp/slurmd/job47679403/slurm_script: fork: retry: Resource temporarily unavailable
/tmp/slurmd/job47679403/slurm_script: fork: retry: Resource temporarily unavailable
/tmp/slurmd/job47679403/slurm_script: fork: retry: Resource temporarily unavailable
/tmp/slurmd/job47679403/slurm_script: fork: retry: Resource temporarily unavailable
/tmp/slurmd/job47679403/slurm_script: fork: retry: Resource temporarily unavailable
/tmp/slurmd/job47679403/slurm_script: fork: retry: Resource temporarily unavailable
/tmp/slurmd/job47679403/slurm_script: fork: retry: Resource temporarily unavailable
/tmp/slurmd/job47679403/slurm_script: fork: retry: Resource temporarily unavailable
/tmp/slurmd/job47679403/slurm_script: fork: retry: Resource temporarily unavailable
/tmp/slurmd/job47679403/slurm_script: fork: retry: Resource temporarily unavailable
/tmp/slurmd/job47679403/slurm_script: fork: retry: Resource temporarily unavailable
/tmp/slurmd/job47679403/slurm_script: fork: retry: Resource temporarily unavailable
/tmp/slurmd/job47679403/slurm_script: fork: retry: Resource temporarily unavailable
/tmp/slurmd/job47679403/slurm_script: fork: retry: Resource temporarily unavailable
/tmp/slurmd/job47679403/slurm_script: fork: retry: Resource temporarily unavailable
/tmp/slurmd/job47679403/slurm_script: fork: retry: Resource temporarily unavailable
/tmp/slurmd/job47679403/slurm_script: fork: retry: Resource temporarily unavailable
/tmp/slurmd/job47679403/slurm_script: fork: retry: Resource temporarily unavailable
/tmp/slurmd/job47679403/slurm_script: fork: retry: Resource temporarily unavailable
/tmp/slurmd/job47679403/slurm_script: fork: retry: Resource temporarily unavailable
/tmp/slurmd/job47679403/slurm_script: fork: retry: Resource temporarily unavailable
/tmp/slurmd/job47679403/slurm_script: fork: retry: Resource temporarily unavailable
/tmp/slurmd/job47679403/slurm_script: fork: retry: Resource temporarily unavailable
/tmp/slurmd/job47679403/slurm_script: fork: retry: Resource temporarily unavailable
/tmp/slurmd/job47679403/slurm_script: fork: retry: Resource temporarily unavailable
/tmp/slurmd/job47679403/slurm_script: fork: retry: Resource temporarily unavailable
/tmp/slurmd/job47679403/slurm_script: fork: retry: Resource temporarily unavailable
/tmp/slurmd/job47679403/slurm_script: fork: retry: Resource temporarily unavailable
/tmp/slurmd/job47679403/slurm_script: fork: retry: Resource temporarily unavailable
/tmp/slurmd/job47679403/slurm_script: fork: retry: Resource temporarily unavailable
/tmp/slurmd/job47679403/slurm_script: fork: retry: Resource temporarily unavailable
/tmp/slurmd/job47679403/slurm_script: fork: retry: Resource temporarily unavailable
/tmp/slurmd/job47679403/slurm_script: fork: retry: Resource temporarily unavailable
/tmp/slurmd/job47679403/slurm_script: fork: retry: Resource temporarily unavailable
/tmp/slurmd/job47679403/slurm_script: fork: retry: Resource temporarily unavailable
/tmp/slurmd/job47679403/slurm_script: fork: retry: Resource temporarily unavailable
/tmp/slurmd/job47679403/slurm_script: fork: retry: Resource temporarily unavailable
/tmp/slurmd/job47679403/slurm_script: fork: retry: Resource temporarily unavailable
/tmp/slurmd/job47679403/slurm_script: fork: retry: Resource temporarily unavailable
/tmp/slurmd/job47679403/slurm_script: fork: retry: Resource temporarily unavailable
/tmp/slurmd/job47679403/slurm_script: fork: retry: Resource temporarily unavailable
/tmp/slurmd/job47679403/slurm_script: fork: retry: Resource temporarily unavailable
/tmp/slurmd/job47679403/slurm_script: fork: retry: Resource temporarily unavailable
/tmp/slurmd/job47679403/slurm_script: fork: retry: Resource temporarily unavailable
/tmp/slurmd/job47679403/slurm_script: fork: retry: Resource temporarily unavailable
/tmp/slurmd/job47679403/slurm_script: fork: retry: Resource temporarily unavailable
/tmp/slurmd/job47679403/slurm_script: fork: retry: Resource temporarily unavailable
/tmp/slurmd/job47679403/slurm_script: fork: retry: Resource temporarily unavailable
/tmp/slurmd/job47679403/slurm_script: fork: retry: Resource temporarily unavailable
/tmp/slurmd/job47679403/slurm_script: fork: retry: Resource temporarily unavailable
/tmp/slurmd/job47679403/slurm_script: fork: retry: Resource temporarily unavailable
/tmp/slurmd/job47679403/slurm_script: fork: retry: Resource temporarily unavailable
/tmp/slurmd/job47679403/slurm_script: fork: retry: Resource temporarily unavailable
/tmp/slurmd/job47679403/slurm_script: fork: retry: Resource temporarily unavailable
/tmp/slurmd/job47679403/slurm_script: fork: retry: Resource temporarily unavailable
/tmp/slurmd/job47679403/slurm_script: fork: retry: Resource temporarily unavailable
/tmp/slurmd/job47679403/slurm_script: fork: retry: Resource temporarily unavailable
/tmp/slurmd/job47679403/slurm_script: fork: retry: Resource temporarily unavailable
/tmp/slurmd/job47679403/slurm_script: fork: retry: Resource temporarily unavailable
/tmp/slurmd/job47679403/slurm_script: fork: retry: Resource temporarily unavailable
/tmp/slurmd/job47679403/slurm_script: fork: retry: Resource temporarily unavailable
/tmp/slurmd/job47679403/slurm_script: fork: retry: Resource temporarily unavailable
/tmp/slurmd/job47679403/slurm_script: fork: retry: Resource temporarily unavailable
/tmp/slurmd/job47679403/slurm_script: fork: retry: Resource temporarily unavailable
/tmp/slurmd/job47679403/slurm_script: fork: retry: Resource temporarily unavailable
/tmp/slurmd/job47679403/slurm_script: fork: retry: Resource temporarily unavailable
/tmp/slurmd/job47679403/slurm_script: fork: retry: Resource temporarily unavailable
/tmp/slurmd/job47679403/slurm_script: fork: retry: Resource temporarily unavailable
/tmp/slurmd/job47679403/slurm_script: fork: retry: Resource temporarily unavailable
/tmp/slurmd/job47679403/slurm_script: fork: retry: Resource temporarily unavailable
/tmp/slurmd/job47679403/slurm_script: fork: retry: Resource temporarily unavailable
/tmp/slurmd/job47679403/slurm_script: fork: retry: Resource temporarily unavailable
/tmp/slurmd/job47679403/slurm_script: fork: retry: Resource temporarily unavailable
/tmp/slurmd/job47679403/slurm_script: fork: retry: Resource temporarily unavailable
/tmp/slurmd/job47679403/slurm_script: fork: retry: Resource temporarily unavailable
/tmp/slurmd/job47679403/slurm_script: fork: retry: Resource temporarily unavailable
/tmp/slurmd/job47679403/slurm_script: fork: retry: Resource temporarily unavailable
/tmp/slurmd/job47679403/slurm_script: fork: retry: Resource temporarily unavailable
/tmp/slurmd/job47679403/slurm_script: fork: retry: Resource temporarily unavailable
/tmp/slurmd/job47679403/slurm_script: fork: retry: Resource temporarily unavailable
/tmp/slurmd/job47679403/slurm_script: fork: retry: Resource temporarily unavailable
/tmp/slurmd/job47679403/slurm_script: fork: retry: Resource temporarily unavailable
/tmp/slurmd/job47679403/slurm_script: fork: retry: Resource temporarily unavailable
/tmp/slurmd/job47679403/slurm_script: fork: retry: Resource temporarily unavailable
/tmp/slurmd/job47679403/slurm_script: fork: retry: Resource temporarily unavailable
/tmp/slurmd/job47679403/slurm_script: fork: retry: Resource temporarily unavailable
/tmp/slurmd/job47679403/slurm_script: fork: retry: Resource temporarily unavailable
/tmp/slurmd/job47679403/slurm_script: fork: retry: Resource temporarily unavailable
/tmp/slurmd/job47679403/slurm_script: fork: retry: Resource temporarily unavailable
/tmp/slurmd/job47679403/slurm_script: fork: retry: Resource temporarily unavailable
/tmp/slurmd/job47679403/slurm_script: fork: retry: Resource temporarily unavailable
/tmp/slurmd/job47679403/slurm_script: fork: retry: Resource temporarily unavailable
/tmp/slurmd/job47679403/slurm_script: fork: retry: Resource temporarily unavailable
/tmp/slurmd/job47679403/slurm_script: fork: retry: Resource temporarily unavailable
/tmp/slurmd/job47679403/slurm_script: fork: retry: Resource temporarily unavailable
/tmp/slurmd/job47679403/slurm_script: fork: retry: Resource temporarily unavailable
/tmp/slurmd/job47679403/slurm_script: fork: retry: Resource temporarily unavailable
/tmp/slurmd/job47679403/slurm_script: fork: retry: Resource temporarily unavailable
/tmp/slurmd/job47679403/slurm_script: fork: retry: Resource temporarily unavailable
/tmp/slurmd/job47679403/slurm_script: fork: retry: Resource temporarily unavailable
/tmp/slurmd/job47679403/slurm_script: fork: retry: Resource temporarily unavailable
/tmp/slurmd/job47679403/slurm_script: fork: retry: Resource temporarily unavailable
/tmp/slurmd/job47679403/slurm_script: fork: retry: Resource temporarily unavailable
/tmp/slurmd/job47679403/slurm_script: fork: retry: Resource temporarily unavailable
/tmp/slurmd/job47679403/slurm_script: fork: retry: Resource temporarily unavailable
/tmp/slurmd/job47679403/slurm_script: fork: retry: Resource temporarily unavailable
/tmp/slurmd/job47679403/slurm_script: fork: retry: Resource temporarily unavailable
/tmp/slurmd/job47679403/slurm_script: fork: retry: Resource temporarily unavailable
/tmp/slurmd/job47679403/slurm_script: fork: retry: Resource temporarily unavailable
/tmp/slurmd/job47679403/slurm_script: fork: retry: Resource temporarily unavailable
/tmp/slurmd/job47679403/slurm_script: fork: retry: Resource temporarily unavailable
/tmp/slurmd/job47679403/slurm_script: fork: retry: Resource temporarily unavailable
/tmp/slurmd/job47679403/slurm_script: fork: retry: Resource temporarily unavailable
/tmp/slurmd/job47679403/slurm_script: fork: retry: Resource temporarily unavailable
/tmp/slurmd/job47679403/slurm_script: fork: retry: Resource temporarily unavailable
/tmp/slurmd/job47679403/slurm_script: fork: retry: Resource temporarily unavailable
/tmp/slurmd/job47679403/slurm_script: fork: retry: Resource temporarily unavailable
/tmp/slurmd/job47679403/slurm_script: fork: retry: Resource temporarily unavailable
/tmp/slurmd/job47679403/slurm_script: fork: retry: Resource temporarily unavailable
/tmp/slurmd/job47679403/slurm_script: fork: retry: Resource temporarily unavailable
/tmp/slurmd/job47679403/slurm_script: fork: retry: Resource temporarily unavailable
/tmp/slurmd/job47679403/slurm_script: fork: retry: Resource temporarily unavailable
/tmp/slurmd/job47679403/slurm_script: fork: retry: Resource temporarily unavailable
/tmp/slurmd/job47679403/slurm_script: fork: retry: Resource temporarily unavailable
/tmp/slurmd/job47679403/slurm_script: fork: retry: Resource temporarily unavailable
/tmp/slurmd/job47679403/slurm_script: fork: retry: Resource temporarily unavailable
/tmp/slurmd/job47679403/slurm_script: fork: retry: Resource temporarily unavailable
/tmp/slurmd/job47679403/slurm_script: fork: retry: Resource temporarily unavailable
/tmp/slurmd/job47679403/slurm_script: fork: retry: Resource temporarily unavailable
/tmp/slurmd/job47679403/slurm_script: fork: retry: Resource temporarily unavailable
/tmp/slurmd/job47679403/slurm_script: fork: retry: Resource temporarily unavailable
/tmp/slurmd/job47679403/slurm_script: fork: retry: Resource temporarily unavailable
/tmp/slurmd/job47679403/slurm_script: fork: retry: Resource temporarily unavailable
/tmp/slurmd/job47679403/slurm_script: fork: retry: Resource temporarily unavailable
/tmp/slurmd/job47679403/slurm_script: fork: retry: Resource temporarily unavailable
/tmp/slurmd/job47679403/slurm_script: fork: retry: Resource temporarily unavailable
/tmp/slurmd/job47679403/slurm_script: fork: retry: Resource temporarily unavailable
/tmp/slurmd/job47679403/slurm_script: fork: retry: Resource temporarily unavailable
/tmp/slurmd/job47679403/slurm_script: fork: retry: Resource temporarily unavailable
/tmp/slurmd/job47679403/slurm_script: fork: retry: Resource temporarily unavailable
/tmp/slurmd/job47679403/slurm_script: fork: retry: Resource temporarily unavailable
/tmp/slurmd/job47679403/slurm_script: fork: retry: Resource temporarily unavailable
/tmp/slurmd/job47679403/slurm_script: fork: retry: Resource temporarily unavailable
/tmp/slurmd/job47679403/slurm_script: fork: retry: Resource temporarily unavailable
/tmp/slurmd/job47679403/slurm_script: fork: retry: Resource temporarily unavailable
/tmp/slurmd/job47679403/slurm_script: fork: retry: Resource temporarily unavailable
/tmp/slurmd/job47679403/slurm_script: fork: Resource temporarily unavailable
/tmp/slurmd/job47679403/slurm_script: fork: Resource temporarily unavailable
/tmp/slurmd/job47679403/slurm_script: fork: Resource temporarily unavailable
/tmp/slurmd/job47679403/slurm_script: fork: Resource temporarily unavailable
/tmp/slurmd/job47679403/slurm_script: fork: Resource temporarily unavailable
/tmp/slurmd/job47679403/slurm_script: fork: Resource temporarily unavailable
/tmp/slurmd/job47679403/slurm_script: fork: Resource temporarily unavailable
/tmp/slurmd/job47679403/slurm_script: fork: Resource temporarily unavailable
/tmp/slurmd/job47679403/slurm_script: fork: Resource temporarily unavailable
/tmp/slurmd/job47679403/slurm_script: fork: Resource temporarily unavailable
/tmp/slurmd/job47679403/slurm_script: fork: Resource temporarily unavailable
/tmp/slurmd/job47679403/slurm_script: fork: Resource temporarily unavailable
/tmp/slurmd/job47679403/slurm_script: fork: Resource temporarily unavailable
/tmp/slurmd/job47679403/slurm_script: fork: Resource temporarily unavailable
/tmp/slurmd/job47679403/slurm_script: fork: Resource temporarily unavailable
/tmp/slurmd/job47679403/slurm_script: fork: Resource temporarily unavailable
/tmp/slurmd/job47679403/slurm_script: fork: Resource temporarily unavailable
/tmp/slurmd/job47679403/slurm_script: fork: Resource temporarily unavailable
/tmp/slurmd/job47679403/slurm_script: fork: Resource temporarily unavailable
/tmp/slurmd/job47679403/slurm_script: fork: Resource temporarily unavailable
/tmp/slurmd/job47679403/slurm_script: fork: Resource temporarily unavailable
/tmp/slurmd/job47679403/slurm_script: fork: Resource temporarily unavailable
/tmp/slurmd/job47679403/slurm_script: fork: Resource temporarily unavailable
/tmp/slurmd/job47679403/slurm_script: fork: Resource temporarily unavailable
/tmp/slurmd/job47679403/slurm_script: fork: Resource temporarily unavailable
/tmp/slurmd/job47679403/slurm_script: fork: Resource temporarily unavailable
/tmp/slurmd/job47679403/slurm_script: fork: Resource temporarily unavailable
/tmp/slurmd/job47679403/slurm_script: fork: Resource temporarily unavailable
/tmp/slurmd/job47679403/slurm_script: fork: Resource temporarily unavailable
/tmp/slurmd/job47679403/slurm_script: fork: Resource temporarily unavailable
/tmp/slurmd/job47679403/slurm_script: fork: Resource temporarily unavailable
/tmp/slurmd/job47679403/slurm_script: fork: Resource temporarily unavailable
/tmp/slurmd/job47679403/slurm_script: fork: Resource temporarily unavailable
/tmp/slurmd/job47679403/slurm_script: fork: Resource temporarily unavailable
/tmp/slurmd/job47679403/slurm_script: fork: Resource temporarily unavailable
/tmp/slurmd/job47679403/slurm_script: fork: Resource temporarily unavailable
/tmp/slurmd/job47679403/slurm_script: fork: Resource temporarily unavailable
/tmp/slurmd/job47679403/slurm_script: fork: Resource temporarily unavailable
/tmp/slurmd/job47679403/slurm_script: fork: Resource temporarily unavailable
/tmp/slurmd/job47679403/slurm_script: fork: Resource temporarily unavailable
/tmp/slurmd/job47679403/slurm_script: fork: Resource temporarily unavailable
/tmp/slurmd/job47679403/slurm_script: fork: Resource temporarily unavailable
/tmp/slurmd/job47679403/slurm_script: fork: Resource temporarily unavailable
/tmp/slurmd/job47679403/slurm_script: fork: Resource temporarily unavailable
/tmp/slurmd/job47679403/slurm_script: fork: Resource temporarily unavailable
/tmp/slurmd/job47679403/slurm_script: fork: Resource temporarily unavailable
/tmp/slurmd/job47679403/slurm_script: fork: Resource temporarily unavailable
/tmp/slurmd/job47679403/slurm_script: fork: Resource temporarily unavailable
/tmp/slurmd/job47679403/slurm_script: fork: Resource temporarily unavailable
/tmp/slurmd/job47679403/slurm_script: fork: Resource temporarily unavailable
/tmp/slurmd/job47679403/slurm_script: fork: Resource temporarily unavailable
/tmp/slurmd/job47679403/slurm_script: fork: Resource temporarily unavailable
/tmp/slurmd/job47679403/slurm_script: fork: Resource temporarily unavailable
/tmp/slurmd/job47679403/slurm_script: fork: Resource temporarily unavailable
/tmp/slurmd/job47679403/slurm_script: fork: Resource temporarily unavailable
/tmp/slurmd/job47679403/slurm_script: fork: Resource temporarily unavailable
/tmp/slurmd/job47679403/slurm_script: fork: Resource temporarily unavailable
/tmp/slurmd/job47679403/slurm_script: fork: Resource temporarily unavailable
/tmp/slurmd/job47679403/slurm_script: fork: Resource temporarily unavailable
/tmp/slurmd/job47679403/slurm_script: fork: Resource temporarily unavailable
/tmp/slurmd/job47679403/slurm_script: fork: Resource temporarily unavailable
/tmp/slurmd/job47679403/slurm_script: fork: Resource temporarily unavailable
/tmp/slurmd/job47679403/slurm_script: fork: Resource temporarily unavailable
/tmp/slurmd/job47679403/slurm_script: fork: Resource temporarily unavailable
/tmp/slurmd/job47679403/slurm_script: fork: Resource temporarily unavailable
/tmp/slurmd/job47679403/slurm_script: fork: Resource temporarily unavailable
/tmp/slurmd/job47679403/slurm_script: fork: Resource temporarily unavailable
/tmp/slurmd/job47679403/slurm_script: fork: Resource temporarily unavailable
/tmp/slurmd/job47679403/slurm_script: fork: Resource temporarily unavailable
/tmp/slurmd/job47679403/slurm_script: fork: Resource temporarily unavailable
slurmstepd-midway072: error: Detected 2 oom-kill event(s) in step 47679403.batch cgroup.
/tmp/slurmd/job47679403/slurm_script: line 18:   563 Bus error               ipengine --file=ipengine.json >> .ipengine_logs/$JOBNAME.log 2>&1
/tmp/slurmd/job47679403/slurm_script: line 18:  1183 Segmentation fault      ipengine --file=ipengine.json >> .ipengine_logs/$JOBNAME.log 2>&1
/tmp/slurmd/job47679403/slurm_script: line 18:  1181 Segmentation fault      ipengine --file=ipengine.json >> .ipengine_logs/$JOBNAME.log 2>&1
/tmp/slurmd/job47679403/slurm_script: line 18: 32197 Killed                  ipengine --file=ipengine.json >> .ipengine_logs/$JOBNAME.log 2>&1
/tmp/slurmd/job47679403/slurm_script: line 18: 32198 Killed                  ipengine --file=ipengine.json >> .ipengine_logs/$JOBNAME.log 2>&1
/tmp/slurmd/job47679403/slurm_script: line 18:   861 Killed                  ipengine --file=ipengine.json >> .ipengine_logs/$JOBNAME.log 2>&1
/tmp/slurmd/job47679403/slurm_script: line 18:   780 Killed                  ipengine --file=ipengine.json >> .ipengine_logs/$JOBNAME.log 2>&1
/tmp/slurmd/job47679403/slurm_script: line 18:   787 Killed                  ipengine --file=ipengine.json >> .ipengine_logs/$JOBNAME.log 2>&1
/tmp/slurmd/job47679403/slurm_script: line 18:   826 Killed                  ipengine --file=ipengine.json >> .ipengine_logs/$JOBNAME.log 2>&1
/tmp/slurmd/job47679403/slurm_script: line 18:   951 Killed                  ipengine --file=ipengine.json >> .ipengine_logs/$JOBNAME.log 2>&1
/tmp/slurmd/job47679403/slurm_script: line 18:   895 Killed                  ipengine --file=ipengine.json >> .ipengine_logs/$JOBNAME.log 2>&1
/tmp/slurmd/job47679403/slurm_script: line 18:   828 Killed                  ipengine --file=ipengine.json >> .ipengine_logs/$JOBNAME.log 2>&1
/tmp/slurmd/job47679403/slurm_script: line 18:   827 Killed                  ipengine --file=ipengine.json >> .ipengine_logs/$JOBNAME.log 2>&1
/tmp/slurmd/job47679403/slurm_script: line 18:   913 Killed                  ipengine --file=ipengine.json >> .ipengine_logs/$JOBNAME.log 2>&1
/tmp/slurmd/job47679403/slurm_script: line 18:   945 Killed                  ipengine --file=ipengine.json >> .ipengine_logs/$JOBNAME.log 2>&1
/tmp/slurmd/job47679403/slurm_script: line 18:   825 Killed                  ipengine --file=ipengine.json >> .ipengine_logs/$JOBNAME.log 2>&1
/tmp/slurmd/job47679403/slurm_script: line 18:   813 Killed                  ipengine --file=ipengine.json >> .ipengine_logs/$JOBNAME.log 2>&1
/tmp/slurmd/job47679403/slurm_script: line 18:   823 Killed                  ipengine --file=ipengine.json >> .ipengine_logs/$JOBNAME.log 2>&1
/tmp/slurmd/job47679403/slurm_script: line 18:   944 Killed                  ipengine --file=ipengine.json >> .ipengine_logs/$JOBNAME.log 2>&1
/tmp/slurmd/job47679403/slurm_script: line 18:   954 Killed                  ipengine --file=ipengine.json >> .ipengine_logs/$JOBNAME.log 2>&1
/tmp/slurmd/job47679403/slurm_script: line 18:   955 Killed                  ipengine --file=ipengine.json >> .ipengine_logs/$JOBNAME.log 2>&1
/tmp/slurmd/job47679403/slurm_script: line 18:   859 Killed                  ipengine --file=ipengine.json >> .ipengine_logs/$JOBNAME.log 2>&1
/tmp/slurmd/job47679403/slurm_script: line 18:   851 Killed                  ipengine --file=ipengine.json >> .ipengine_logs/$JOBNAME.log 2>&1
/tmp/slurmd/job47679403/slurm_script: line 18:   767 Killed                  ipengine --file=ipengine.json >> .ipengine_logs/$JOBNAME.log 2>&1
/tmp/slurmd/job47679403/slurm_script: line 18:   915 Killed                  ipengine --file=ipengine.json >> .ipengine_logs/$JOBNAME.log 2>&1
/tmp/slurmd/job47679403/slurm_script: line 18:   854 Killed                  ipengine --file=ipengine.json >> .ipengine_logs/$JOBNAME.log 2>&1
/tmp/slurmd/job47679403/slurm_script: line 18:   816 Killed                  ipengine --file=ipengine.json >> .ipengine_logs/$JOBNAME.log 2>&1
/tmp/slurmd/job47679403/slurm_script: line 18:   821 Killed                  ipengine --file=ipengine.json >> .ipengine_logs/$JOBNAME.log 2>&1
/tmp/slurmd/job47679403/slurm_script: line 18:   820 Killed                  ipengine --file=ipengine.json >> .ipengine_logs/$JOBNAME.log 2>&1
/tmp/slurmd/job47679403/slurm_script: line 18:   962 Killed                  ipengine --file=ipengine.json >> .ipengine_logs/$JOBNAME.log 2>&1
/tmp/slurmd/job47679403/slurm_script: line 18:   850 Killed                  ipengine --file=ipengine.json >> .ipengine_logs/$JOBNAME.log 2>&1
/tmp/slurmd/job47679403/slurm_script: line 18:   856 Killed                  ipengine --file=ipengine.json >> .ipengine_logs/$JOBNAME.log 2>&1
/tmp/slurmd/job47679403/slurm_script: line 18:   960 Killed                  ipengine --file=ipengine.json >> .ipengine_logs/$JOBNAME.log 2>&1
/tmp/slurmd/job47679403/slurm_script: line 18:   964 Killed                  ipengine --file=ipengine.json >> .ipengine_logs/$JOBNAME.log 2>&1
/tmp/slurmd/job47679403/slurm_script: line 18:   980 Killed                  ipengine --file=ipengine.json >> .ipengine_logs/$JOBNAME.log 2>&1
/tmp/slurmd/job47679403/slurm_script: line 18:   855 Killed                  ipengine --file=ipengine.json >> .ipengine_logs/$JOBNAME.log 2>&1
/tmp/slurmd/job47679403/slurm_script: line 18:   842 Killed                  ipengine --file=ipengine.json >> .ipengine_logs/$JOBNAME.log 2>&1
/tmp/slurmd/job47679403/slurm_script: line 18:   857 Killed                  ipengine --file=ipengine.json >> .ipengine_logs/$JOBNAME.log 2>&1
/tmp/slurmd/job47679403/slurm_script: line 18:   818 Killed                  ipengine --file=ipengine.json >> .ipengine_logs/$JOBNAME.log 2>&1
/tmp/slurmd/job47679403/slurm_script: line 18:   860 Killed                  ipengine --file=ipengine.json >> .ipengine_logs/$JOBNAME.log 2>&1
/tmp/slurmd/job47679403/slurm_script: line 18:   829 Killed                  ipengine --file=ipengine.json >> .ipengine_logs/$JOBNAME.log 2>&1
/tmp/slurmd/job47679403/slurm_script: line 18:   830 Killed                  ipengine --file=ipengine.json >> .ipengine_logs/$JOBNAME.log 2>&1
/tmp/slurmd/job47679403/slurm_script: line 18:   983 Killed                  ipengine --file=ipengine.json >> .ipengine_logs/$JOBNAME.log 2>&1
/tmp/slurmd/job47679403/slurm_script: line 18:   712 Killed                  ipengine --file=ipengine.json >> .ipengine_logs/$JOBNAME.log 2>&1
/tmp/slurmd/job47679403/slurm_script: line 18:   320 Killed                  ipengine --file=ipengine.json >> .ipengine_logs/$JOBNAME.log 2>&1
/tmp/slurmd/job47679403/slurm_script: line 18:   862 Killed                  ipengine --file=ipengine.json >> .ipengine_logs/$JOBNAME.log 2>&1
/tmp/slurmd/job47679403/slurm_script: line 18:   841 Killed                  ipengine --file=ipengine.json >> .ipengine_logs/$JOBNAME.log 2>&1
/tmp/slurmd/job47679403/slurm_script: line 18:   942 Killed                  ipengine --file=ipengine.json >> .ipengine_logs/$JOBNAME.log 2>&1
/tmp/slurmd/job47679403/slurm_script: line 18:   957 Killed                  ipengine --file=ipengine.json >> .ipengine_logs/$JOBNAME.log 2>&1
/tmp/slurmd/job47679403/slurm_script: line 18:   948 Killed                  ipengine --file=ipengine.json >> .ipengine_logs/$JOBNAME.log 2>&1
/tmp/slurmd/job47679403/slurm_script: line 18:   898 Killed                  ipengine --file=ipengine.json >> .ipengine_logs/$JOBNAME.log 2>&1
/tmp/slurmd/job47679403/slurm_script: line 18:   819 Killed                  ipengine --file=ipengine.json >> .ipengine_logs/$JOBNAME.log 2>&1
/tmp/slurmd/job47679403/slurm_script: line 18:   965 Killed                  ipengine --file=ipengine.json >> .ipengine_logs/$JOBNAME.log 2>&1
/tmp/slurmd/job47679403/slurm_script: line 18:   318 Killed                  ipengine --file=ipengine.json >> .ipengine_logs/$JOBNAME.log 2>&1
/tmp/slurmd/job47679403/slurm_script: line 18:   319 Killed                  ipengine --file=ipengine.json >> .ipengine_logs/$JOBNAME.log 2>&1
/tmp/slurmd/job47679403/slurm_script: line 18:   967 Killed                  ipengine --file=ipengine.json >> .ipengine_logs/$JOBNAME.log 2>&1
/tmp/slurmd/job47679403/slurm_script: line 18:   392 Killed                  ipengine --file=ipengine.json >> .ipengine_logs/$JOBNAME.log 2>&1
/tmp/slurmd/job47679403/slurm_script: line 18:   979 Killed                  ipengine --file=ipengine.json >> .ipengine_logs/$JOBNAME.log 2>&1
/tmp/slurmd/job47679403/slurm_script: line 18:   914 Killed                  ipengine --file=ipengine.json >> .ipengine_logs/$JOBNAME.log 2>&1
/tmp/slurmd/job47679403/slurm_script: line 18:   817 Killed                  ipengine --file=ipengine.json >> .ipengine_logs/$JOBNAME.log 2>&1
/tmp/slurmd/job47679403/slurm_script: line 18:   685 Killed                  ipengine --file=ipengine.json >> .ipengine_logs/$JOBNAME.log 2>&1
/tmp/slurmd/job47679403/slurm_script: line 18:   853 Killed                  ipengine --file=ipengine.json >> .ipengine_logs/$JOBNAME.log 2>&1
/tmp/slurmd/job47679403/slurm_script: line 18:   354 Killed                  ipengine --file=ipengine.json >> .ipengine_logs/$JOBNAME.log 2>&1
/tmp/slurmd/job47679403/slurm_script: line 18:   493 Killed                  ipengine --file=ipengine.json >> .ipengine_logs/$JOBNAME.log 2>&1
/tmp/slurmd/job47679403/slurm_script: line 18:   397 Killed                  ipengine --file=ipengine.json >> .ipengine_logs/$JOBNAME.log 2>&1
/tmp/slurmd/job47679403/slurm_script: line 18:   952 Killed                  ipengine --file=ipengine.json >> .ipengine_logs/$JOBNAME.log 2>&1
/tmp/slurmd/job47679403/slurm_script: line 18:   352 Killed                  ipengine --file=ipengine.json >> .ipengine_logs/$JOBNAME.log 2>&1
/tmp/slurmd/job47679403/slurm_script: line 18:   766 Killed                  ipengine --file=ipengine.json >> .ipengine_logs/$JOBNAME.log 2>&1
/tmp/slurmd/job47679403/slurm_script: line 18:   358 Killed                  ipengine --file=ipengine.json >> .ipengine_logs/$JOBNAME.log 2>&1
/tmp/slurmd/job47679403/slurm_script: line 18:   922 Killed                  ipengine --file=ipengine.json >> .ipengine_logs/$JOBNAME.log 2>&1
/tmp/slurmd/job47679403/slurm_script: line 18:   386 Killed                  ipengine --file=ipengine.json >> .ipengine_logs/$JOBNAME.log 2>&1
/tmp/slurmd/job47679403/slurm_script: line 18:   491 Killed                  ipengine --file=ipengine.json >> .ipengine_logs/$JOBNAME.log 2>&1
/tmp/slurmd/job47679403/slurm_script: line 18:   946 Killed                  ipengine --file=ipengine.json >> .ipengine_logs/$JOBNAME.log 2>&1
/tmp/slurmd/job47679403/slurm_script: line 18:   783 Killed                  ipengine --file=ipengine.json >> .ipengine_logs/$JOBNAME.log 2>&1
/tmp/slurmd/job47679403/slurm_script: line 18:   788 Killed                  ipengine --file=ipengine.json >> .ipengine_logs/$JOBNAME.log 2>&1
/tmp/slurmd/job47679403/slurm_script: line 18:   852 Killed                  ipengine --file=ipengine.json >> .ipengine_logs/$JOBNAME.log 2>&1
/tmp/slurmd/job47679403/slurm_script: line 18:   956 Killed                  ipengine --file=ipengine.json >> .ipengine_logs/$JOBNAME.log 2>&1
/tmp/slurmd/job47679403/slurm_script: line 18:   920 Killed                  ipengine --file=ipengine.json >> .ipengine_logs/$JOBNAME.log 2>&1
/tmp/slurmd/job47679403/slurm_script: line 18:   779 Killed                  ipengine --file=ipengine.json >> .ipengine_logs/$JOBNAME.log 2>&1
/tmp/slurmd/job47679403/slurm_script: line 18:   908 Killed                  ipengine --file=ipengine.json >> .ipengine_logs/$JOBNAME.log 2>&1
/tmp/slurmd/job47679403/slurm_script: line 18:   812 Killed                  ipengine --file=ipengine.json >> .ipengine_logs/$JOBNAME.log 2>&1
/tmp/slurmd/job47679403/slurm_script: line 18:   949 Killed                  ipengine --file=ipengine.json >> .ipengine_logs/$JOBNAME.log 2>&1
/tmp/slurmd/job47679403/slurm_script: line 18:   981 Killed                  ipengine --file=ipengine.json >> .ipengine_logs/$JOBNAME.log 2>&1
/tmp/slurmd/job47679403/slurm_script: line 18:   686 Killed                  ipengine --file=ipengine.json >> .ipengine_logs/$JOBNAME.log 2>&1
/tmp/slurmd/job47679403/slurm_script: line 18:   831 Killed                  ipengine --file=ipengine.json >> .ipengine_logs/$JOBNAME.log 2>&1
/tmp/slurmd/job47679403/slurm_script: line 18:   824 Killed                  ipengine --file=ipengine.json >> .ipengine_logs/$JOBNAME.log 2>&1
/tmp/slurmd/job47679403/slurm_script: line 18:  1011 Killed                  ipengine --file=ipengine.json >> .ipengine_logs/$JOBNAME.log 2>&1
/tmp/slurmd/job47679403/slurm_script: line 18:  1007 Killed                  ipengine --file=ipengine.json >> .ipengine_logs/$JOBNAME.log 2>&1
/tmp/slurmd/job47679403/slurm_script: line 18:   858 Killed                  ipengine --file=ipengine.json >> .ipengine_logs/$JOBNAME.log 2>&1
/tmp/slurmd/job47679403/slurm_script: line 18:  1006 Killed                  ipengine --file=ipengine.json >> .ipengine_logs/$JOBNAME.log 2>&1
/tmp/slurmd/job47679403/slurm_script: line 18:   689 Killed                  ipengine --file=ipengine.json >> .ipengine_logs/$JOBNAME.log 2>&1
/tmp/slurmd/job47679403/slurm_script: line 18:   849 Killed                  ipengine --file=ipengine.json >> .ipengine_logs/$JOBNAME.log 2>&1
/tmp/slurmd/job47679403/slurm_script: line 18:   947 Killed                  ipengine --file=ipengine.json >> .ipengine_logs/$JOBNAME.log 2>&1
/tmp/slurmd/job47679403/slurm_script: line 18:   418 Killed                  ipengine --file=ipengine.json >> .ipengine_logs/$JOBNAME.log 2>&1
/tmp/slurmd/job47679403/slurm_script: line 18:   950 Killed                  ipengine --file=ipengine.json >> .ipengine_logs/$JOBNAME.log 2>&1
/tmp/slurmd/job47679403/slurm_script: line 18:   781 Killed                  ipengine --file=ipengine.json >> .ipengine_logs/$JOBNAME.log 2>&1
/tmp/slurmd/job47679403/slurm_script: line 18:  1048 Killed                  ipengine --file=ipengine.json >> .ipengine_logs/$JOBNAME.log 2>&1
/tmp/slurmd/job47679403/slurm_script: line 18:   690 Killed                  ipengine --file=ipengine.json >> .ipengine_logs/$JOBNAME.log 2>&1
/tmp/slurmd/job47679403/slurm_script: line 18:  1008 Killed                  ipengine --file=ipengine.json >> .ipengine_logs/$JOBNAME.log 2>&1
/tmp/slurmd/job47679403/slurm_script: line 18:   911 Killed                  ipengine --file=ipengine.json >> .ipengine_logs/$JOBNAME.log 2>&1
/tmp/slurmd/job47679403/slurm_script: line 18:   978 Killed                  ipengine --file=ipengine.json >> .ipengine_logs/$JOBNAME.log 2>&1
/tmp/slurmd/job47679403/slurm_script: line 18:   961 Killed                  ipengine --file=ipengine.json >> .ipengine_logs/$JOBNAME.log 2>&1
/tmp/slurmd/job47679403/slurm_script: line 18:   943 Killed                  ipengine --file=ipengine.json >> .ipengine_logs/$JOBNAME.log 2>&1
/tmp/slurmd/job47679403/slurm_script: line 18:  1060 Killed                  ipengine --file=ipengine.json >> .ipengine_logs/$JOBNAME.log 2>&1
/tmp/slurmd/job47679403/slurm_script: line 18:  1009 Killed                  ipengine --file=ipengine.json >> .ipengine_logs/$JOBNAME.log 2>&1
/tmp/slurmd/job47679403/slurm_script: line 18: 32499 Bus error               ipengine --file=ipengine.json >> .ipengine_logs/$JOBNAME.log 2>&1
/tmp/slurmd/job47679403/slurm_script: line 18:   556 Killed                  ipengine --file=ipengine.json >> .ipengine_logs/$JOBNAME.log 2>&1
/tmp/slurmd/job47679403/slurm_script: line 18:  1010 Killed                  ipengine --file=ipengine.json >> .ipengine_logs/$JOBNAME.log 2>&1
/tmp/slurmd/job47679403/slurm_script: line 18:  1005 Killed                  ipengine --file=ipengine.json >> .ipengine_logs/$JOBNAME.log 2>&1
/tmp/slurmd/job47679403/slurm_script: line 18:   912 Killed                  ipengine --file=ipengine.json >> .ipengine_logs/$JOBNAME.log 2>&1
/tmp/slurmd/job47679403/slurm_script: line 18: 32489 Bus error               ipengine --file=ipengine.json >> .ipengine_logs/$JOBNAME.log 2>&1
