/tmp/slurmd/job47682290/slurm_script: fork: retry: Resource temporarily unavailable
/tmp/slurmd/job47682290/slurm_script: fork: retry: Resource temporarily unavailable
/tmp/slurmd/job47682290/slurm_script: fork: retry: Resource temporarily unavailable
/tmp/slurmd/job47682290/slurm_script: fork: retry: Resource temporarily unavailable
/tmp/slurmd/job47682290/slurm_script: fork: retry: Resource temporarily unavailable
/tmp/slurmd/job47682290/slurm_script: fork: retry: Resource temporarily unavailable
/tmp/slurmd/job47682290/slurm_script: fork: retry: Resource temporarily unavailable
/tmp/slurmd/job47682290/slurm_script: fork: retry: Resource temporarily unavailable
/tmp/slurmd/job47682290/slurm_script: fork: retry: Resource temporarily unavailable
/tmp/slurmd/job47682290/slurm_script: fork: retry: Resource temporarily unavailable
/tmp/slurmd/job47682290/slurm_script: fork: retry: Resource temporarily unavailable
/tmp/slurmd/job47682290/slurm_script: fork: retry: Resource temporarily unavailable
/tmp/slurmd/job47682290/slurm_script: fork: retry: Resource temporarily unavailable
/tmp/slurmd/job47682290/slurm_script: fork: retry: Resource temporarily unavailable
/tmp/slurmd/job47682290/slurm_script: fork: retry: Resource temporarily unavailable
/tmp/slurmd/job47682290/slurm_script: fork: retry: Resource temporarily unavailable
/tmp/slurmd/job47682290/slurm_script: fork: retry: Resource temporarily unavailable
/tmp/slurmd/job47682290/slurm_script: fork: retry: Resource temporarily unavailable
/tmp/slurmd/job47682290/slurm_script: fork: retry: Resource temporarily unavailable
/tmp/slurmd/job47682290/slurm_script: fork: retry: Resource temporarily unavailable
/tmp/slurmd/job47682290/slurm_script: fork: retry: Resource temporarily unavailable
/tmp/slurmd/job47682290/slurm_script: fork: retry: Resource temporarily unavailable
/tmp/slurmd/job47682290/slurm_script: fork: retry: Resource temporarily unavailable
/tmp/slurmd/job47682290/slurm_script: fork: retry: Resource temporarily unavailable
/tmp/slurmd/job47682290/slurm_script: fork: retry: Resource temporarily unavailable
/tmp/slurmd/job47682290/slurm_script: fork: retry: Resource temporarily unavailable
/tmp/slurmd/job47682290/slurm_script: fork: retry: Resource temporarily unavailable
/tmp/slurmd/job47682290/slurm_script: fork: retry: Resource temporarily unavailable
/tmp/slurmd/job47682290/slurm_script: fork: retry: Resource temporarily unavailable
/tmp/slurmd/job47682290/slurm_script: fork: retry: Resource temporarily unavailable
/tmp/slurmd/job47682290/slurm_script: fork: retry: Resource temporarily unavailable
/tmp/slurmd/job47682290/slurm_script: fork: retry: Resource temporarily unavailable
/tmp/slurmd/job47682290/slurm_script: fork: retry: Resource temporarily unavailable
/tmp/slurmd/job47682290/slurm_script: fork: retry: Resource temporarily unavailable
/tmp/slurmd/job47682290/slurm_script: fork: retry: Resource temporarily unavailable
/tmp/slurmd/job47682290/slurm_script: fork: retry: Resource temporarily unavailable
/tmp/slurmd/job47682290/slurm_script: fork: retry: Resource temporarily unavailable
/tmp/slurmd/job47682290/slurm_script: fork: retry: Resource temporarily unavailable
/tmp/slurmd/job47682290/slurm_script: fork: retry: Resource temporarily unavailable
/tmp/slurmd/job47682290/slurm_script: fork: retry: Resource temporarily unavailable
/tmp/slurmd/job47682290/slurm_script: fork: retry: Resource temporarily unavailable
/tmp/slurmd/job47682290/slurm_script: fork: retry: Resource temporarily unavailable
/tmp/slurmd/job47682290/slurm_script: fork: retry: Resource temporarily unavailable
/tmp/slurmd/job47682290/slurm_script: fork: retry: Resource temporarily unavailable
/tmp/slurmd/job47682290/slurm_script: fork: retry: Resource temporarily unavailable
/tmp/slurmd/job47682290/slurm_script: fork: retry: Resource temporarily unavailable
/tmp/slurmd/job47682290/slurm_script: fork: retry: Resource temporarily unavailable
/tmp/slurmd/job47682290/slurm_script: fork: retry: Resource temporarily unavailable
/tmp/slurmd/job47682290/slurm_script: fork: retry: Resource temporarily unavailable
/tmp/slurmd/job47682290/slurm_script: fork: retry: Resource temporarily unavailable
/tmp/slurmd/job47682290/slurm_script: fork: retry: Resource temporarily unavailable
/tmp/slurmd/job47682290/slurm_script: fork: retry: Resource temporarily unavailable
/tmp/slurmd/job47682290/slurm_script: fork: retry: Resource temporarily unavailable
/tmp/slurmd/job47682290/slurm_script: fork: retry: Resource temporarily unavailable
/tmp/slurmd/job47682290/slurm_script: fork: retry: Resource temporarily unavailable
/tmp/slurmd/job47682290/slurm_script: fork: retry: Resource temporarily unavailable
/tmp/slurmd/job47682290/slurm_script: fork: retry: Resource temporarily unavailable
/tmp/slurmd/job47682290/slurm_script: fork: retry: Resource temporarily unavailable
/tmp/slurmd/job47682290/slurm_script: fork: retry: Resource temporarily unavailable
/tmp/slurmd/job47682290/slurm_script: fork: Resource temporarily unavailable
/tmp/slurmd/job47682290/slurm_script: fork: Resource temporarily unavailable
/tmp/slurmd/job47682290/slurm_script: fork: Resource temporarily unavailable
/tmp/slurmd/job47682290/slurm_script: fork: retry: Resource temporarily unavailable
/tmp/slurmd/job47682290/slurm_script: fork: retry: Resource temporarily unavailable
/tmp/slurmd/job47682290/slurm_script: fork: retry: Resource temporarily unavailable
/tmp/slurmd/job47682290/slurm_script: fork: retry: Resource temporarily unavailable
/tmp/slurmd/job47682290/slurm_script: fork: Resource temporarily unavailable
/tmp/slurmd/job47682290/slurm_script: fork: Resource temporarily unavailable
/tmp/slurmd/job47682290/slurm_script: fork: Resource temporarily unavailable
/tmp/slurmd/job47682290/slurm_script: fork: Resource temporarily unavailable
/tmp/slurmd/job47682290/slurm_script: fork: Resource temporarily unavailable
/tmp/slurmd/job47682290/slurm_script: fork: retry: Resource temporarily unavailable
/tmp/slurmd/job47682290/slurm_script: fork: retry: Resource temporarily unavailable
/tmp/slurmd/job47682290/slurm_script: fork: retry: Resource temporarily unavailable
/tmp/slurmd/job47682290/slurm_script: fork: retry: Resource temporarily unavailable
/tmp/slurmd/job47682290/slurm_script: fork: retry: Resource temporarily unavailable
/tmp/slurmd/job47682290/slurm_script: fork: retry: Resource temporarily unavailable
/tmp/slurmd/job47682290/slurm_script: fork: retry: Resource temporarily unavailable
/tmp/slurmd/job47682290/slurm_script: fork: retry: Resource temporarily unavailable
/tmp/slurmd/job47682290/slurm_script: fork: retry: Resource temporarily unavailable
/tmp/slurmd/job47682290/slurm_script: fork: retry: Resource temporarily unavailable
/tmp/slurmd/job47682290/slurm_script: fork: retry: Resource temporarily unavailable
/tmp/slurmd/job47682290/slurm_script: fork: retry: Resource temporarily unavailable
/tmp/slurmd/job47682290/slurm_script: fork: retry: Resource temporarily unavailable
/tmp/slurmd/job47682290/slurm_script: fork: retry: Resource temporarily unavailable
/tmp/slurmd/job47682290/slurm_script: fork: retry: Resource temporarily unavailable
/tmp/slurmd/job47682290/slurm_script: fork: retry: Resource temporarily unavailable
/tmp/slurmd/job47682290/slurm_script: fork: retry: Resource temporarily unavailable
/tmp/slurmd/job47682290/slurm_script: fork: retry: Resource temporarily unavailable
/tmp/slurmd/job47682290/slurm_script: fork: retry: Resource temporarily unavailable
/tmp/slurmd/job47682290/slurm_script: fork: retry: Resource temporarily unavailable
/tmp/slurmd/job47682290/slurm_script: fork: retry: Resource temporarily unavailable
/tmp/slurmd/job47682290/slurm_script: fork: retry: Resource temporarily unavailable
/tmp/slurmd/job47682290/slurm_script: fork: retry: Resource temporarily unavailable
/tmp/slurmd/job47682290/slurm_script: fork: retry: Resource temporarily unavailable
/tmp/slurmd/job47682290/slurm_script: fork: retry: Resource temporarily unavailable
/tmp/slurmd/job47682290/slurm_script: fork: retry: Resource temporarily unavailable
/tmp/slurmd/job47682290/slurm_script: fork: retry: Resource temporarily unavailable
/tmp/slurmd/job47682290/slurm_script: fork: retry: Resource temporarily unavailable
/tmp/slurmd/job47682290/slurm_script: line 18: 10900 Killed                  ipengine --file=ipengine.json >> .ipengine_logs/$JOBNAME.log 2>&1
/tmp/slurmd/job47682290/slurm_script: line 18: 10942 Bus error               ipengine --file=ipengine.json >> .ipengine_logs/$JOBNAME.log 2>&1
/tmp/slurmd/job47682290/slurm_script: line 18: 10901 Killed                  ipengine --file=ipengine.json >> .ipengine_logs/$JOBNAME.log 2>&1
/tmp/slurmd/job47682290/slurm_script: line 18: 10972 Bus error               ipengine --file=ipengine.json >> .ipengine_logs/$JOBNAME.log 2>&1
/tmp/slurmd/job47682290/slurm_script: line 18: 10903 Killed                  ipengine --file=ipengine.json >> .ipengine_logs/$JOBNAME.log 2>&1
/tmp/slurmd/job47682290/slurm_script: line 18: 10904 Killed                  ipengine --file=ipengine.json >> .ipengine_logs/$JOBNAME.log 2>&1
/tmp/slurmd/job47682290/slurm_script: line 18: 11189 Bus error               ipengine --file=ipengine.json >> .ipengine_logs/$JOBNAME.log 2>&1
slurmstepd-midway033: error: *** JOB 47682290 ON midway033 CANCELLED AT 2018-07-19T10:38:24 ***
slurmstepd-midway033: error: Detected 137 oom-kill event(s) in step 47682290.batch cgroup.
