/tmp/slurmd/job47229637/slurm_script: line 18:  8218 Bus error               ipengine --file=ipengine.json >> .ipengine_logs/$JOBNAME.log 2>&1
/tmp/slurmd/job47229637/slurm_script: line 18:  8167 Killed                  ipengine --file=ipengine.json >> .ipengine_logs/$JOBNAME.log 2>&1
/tmp/slurmd/job47229637/slurm_script: line 18:  8198 Killed                  ipengine --file=ipengine.json >> .ipengine_logs/$JOBNAME.log 2>&1
/tmp/slurmd/job47229637/slurm_script: line 18:  8200 Aborted                 ipengine --file=ipengine.json >> .ipengine_logs/$JOBNAME.log 2>&1
/tmp/slurmd/job47229637/slurm_script: line 18:  8215 Aborted                 ipengine --file=ipengine.json >> .ipengine_logs/$JOBNAME.log 2>&1
/tmp/slurmd/job47229637/slurm_script: line 18:  8208 Aborted                 ipengine --file=ipengine.json >> .ipengine_logs/$JOBNAME.log 2>&1
/tmp/slurmd/job47229637/slurm_script: line 18:  8209 Aborted                 ipengine --file=ipengine.json >> .ipengine_logs/$JOBNAME.log 2>&1
/tmp/slurmd/job47229637/slurm_script: line 18:  8206 Aborted                 ipengine --file=ipengine.json >> .ipengine_logs/$JOBNAME.log 2>&1
/tmp/slurmd/job47229637/slurm_script: line 18:  8213 Aborted                 ipengine --file=ipengine.json >> .ipengine_logs/$JOBNAME.log 2>&1
/tmp/slurmd/job47229637/slurm_script: line 18:  8210 Aborted                 ipengine --file=ipengine.json >> .ipengine_logs/$JOBNAME.log 2>&1
/tmp/slurmd/job47229637/slurm_script: line 18:  8199 Killed                  ipengine --file=ipengine.json >> .ipengine_logs/$JOBNAME.log 2>&1
/tmp/slurmd/job47229637/slurm_script: line 18:  8225 Aborted                 ipengine --file=ipengine.json >> .ipengine_logs/$JOBNAME.log 2>&1
/tmp/slurmd/job47229637/slurm_script: line 18:  8237 Aborted                 ipengine --file=ipengine.json >> .ipengine_logs/$JOBNAME.log 2>&1
/tmp/slurmd/job47229637/slurm_script: line 18:  8236 Aborted                 ipengine --file=ipengine.json >> .ipengine_logs/$JOBNAME.log 2>&1
/tmp/slurmd/job47229637/slurm_script: line 18:  8220 Aborted                 ipengine --file=ipengine.json >> .ipengine_logs/$JOBNAME.log 2>&1
/tmp/slurmd/job47229637/slurm_script: line 18:  8217 Aborted                 ipengine --file=ipengine.json >> .ipengine_logs/$JOBNAME.log 2>&1
/tmp/slurmd/job47229637/slurm_script: line 18:  8201 Killed                  ipengine --file=ipengine.json >> .ipengine_logs/$JOBNAME.log 2>&1
slurmstepd-midway002: error: Job 47229637 exceeded memory limit (2086900 > 1945600), being killed
slurmstepd-midway002: error: *** JOB 47229637 ON midway002 CANCELLED AT 2018-07-02T13:40:09 ***
slurmstepd-midway002: error: Detected 945 oom-kill event(s) in step 47229637.batch cgroup.
