/tmp/slurmd/job47677681/slurm_script: fork: retry: Resource temporarily unavailable
/tmp/slurmd/job47677681/slurm_script: fork: retry: Resource temporarily unavailable
/tmp/slurmd/job47677681/slurm_script: fork: retry: Resource temporarily unavailable
/tmp/slurmd/job47677681/slurm_script: fork: retry: Resource temporarily unavailable
/tmp/slurmd/job47677681/slurm_script: fork: retry: Resource temporarily unavailable
/tmp/slurmd/job47677681/slurm_script: fork: retry: Resource temporarily unavailable
/tmp/slurmd/job47677681/slurm_script: fork: retry: Resource temporarily unavailable
/tmp/slurmd/job47677681/slurm_script: fork: retry: Resource temporarily unavailable
/tmp/slurmd/job47677681/slurm_script: fork: retry: Resource temporarily unavailable
/tmp/slurmd/job47677681/slurm_script: fork: retry: Resource temporarily unavailable
/tmp/slurmd/job47677681/slurm_script: fork: retry: Resource temporarily unavailable
/tmp/slurmd/job47677681/slurm_script: fork: retry: Resource temporarily unavailable
/tmp/slurmd/job47677681/slurm_script: fork: retry: Resource temporarily unavailable
/tmp/slurmd/job47677681/slurm_script: fork: retry: Resource temporarily unavailable
/tmp/slurmd/job47677681/slurm_script: fork: retry: Resource temporarily unavailable
/tmp/slurmd/job47677681/slurm_script: fork: retry: Resource temporarily unavailable
/tmp/slurmd/job47677681/slurm_script: fork: retry: Resource temporarily unavailable
/tmp/slurmd/job47677681/slurm_script: fork: retry: Resource temporarily unavailable
/tmp/slurmd/job47677681/slurm_script: fork: retry: Resource temporarily unavailable
/tmp/slurmd/job47677681/slurm_script: fork: retry: Resource temporarily unavailable
/tmp/slurmd/job47677681/slurm_script: fork: retry: Resource temporarily unavailable
/tmp/slurmd/job47677681/slurm_script: fork: retry: Resource temporarily unavailable
/tmp/slurmd/job47677681/slurm_script: fork: retry: Resource temporarily unavailable
/tmp/slurmd/job47677681/slurm_script: fork: retry: Resource temporarily unavailable
/tmp/slurmd/job47677681/slurm_script: fork: retry: Resource temporarily unavailable
/tmp/slurmd/job47677681/slurm_script: fork: retry: Resource temporarily unavailable
/tmp/slurmd/job47677681/slurm_script: fork: retry: Resource temporarily unavailable
/tmp/slurmd/job47677681/slurm_script: fork: retry: Resource temporarily unavailable
/tmp/slurmd/job47677681/slurm_script: fork: retry: Resource temporarily unavailable
/tmp/slurmd/job47677681/slurm_script: fork: retry: Resource temporarily unavailable
/tmp/slurmd/job47677681/slurm_script: fork: retry: Resource temporarily unavailable
/tmp/slurmd/job47677681/slurm_script: fork: retry: Resource temporarily unavailable
/tmp/slurmd/job47677681/slurm_script: fork: retry: Resource temporarily unavailable
/tmp/slurmd/job47677681/slurm_script: fork: retry: Resource temporarily unavailable
/tmp/slurmd/job47677681/slurm_script: fork: retry: Resource temporarily unavailable
/tmp/slurmd/job47677681/slurm_script: fork: retry: Resource temporarily unavailable
/tmp/slurmd/job47677681/slurm_script: fork: retry: Resource temporarily unavailable
/tmp/slurmd/job47677681/slurm_script: fork: retry: Resource temporarily unavailable
/tmp/slurmd/job47677681/slurm_script: fork: retry: Resource temporarily unavailable
/tmp/slurmd/job47677681/slurm_script: fork: retry: Resource temporarily unavailable
/tmp/slurmd/job47677681/slurm_script: fork: retry: Resource temporarily unavailable
/tmp/slurmd/job47677681/slurm_script: fork: retry: Resource temporarily unavailable
/tmp/slurmd/job47677681/slurm_script: fork: retry: Resource temporarily unavailable
/tmp/slurmd/job47677681/slurm_script: fork: retry: Resource temporarily unavailable
/tmp/slurmd/job47677681/slurm_script: fork: retry: Resource temporarily unavailable
/tmp/slurmd/job47677681/slurm_script: fork: retry: Resource temporarily unavailable
/tmp/slurmd/job47677681/slurm_script: fork: retry: Resource temporarily unavailable
/tmp/slurmd/job47677681/slurm_script: fork: retry: Resource temporarily unavailable
/tmp/slurmd/job47677681/slurm_script: fork: retry: Resource temporarily unavailable
/tmp/slurmd/job47677681/slurm_script: fork: retry: Resource temporarily unavailable
/tmp/slurmd/job47677681/slurm_script: fork: retry: Resource temporarily unavailable
/tmp/slurmd/job47677681/slurm_script: fork: retry: Resource temporarily unavailable
/tmp/slurmd/job47677681/slurm_script: fork: retry: Resource temporarily unavailable
/tmp/slurmd/job47677681/slurm_script: fork: retry: Resource temporarily unavailable
/tmp/slurmd/job47677681/slurm_script: fork: retry: Resource temporarily unavailable
/tmp/slurmd/job47677681/slurm_script: fork: retry: Resource temporarily unavailable
/tmp/slurmd/job47677681/slurm_script: fork: retry: Resource temporarily unavailable
/tmp/slurmd/job47677681/slurm_script: fork: retry: Resource temporarily unavailable
/tmp/slurmd/job47677681/slurm_script: fork: retry: Resource temporarily unavailable
/tmp/slurmd/job47677681/slurm_script: fork: retry: Resource temporarily unavailable
/tmp/slurmd/job47677681/slurm_script: fork: retry: Resource temporarily unavailable
/tmp/slurmd/job47677681/slurm_script: fork: retry: Resource temporarily unavailable
/tmp/slurmd/job47677681/slurm_script: fork: retry: Resource temporarily unavailable
/tmp/slurmd/job47677681/slurm_script: fork: retry: Resource temporarily unavailable
/tmp/slurmd/job47677681/slurm_script: fork: retry: Resource temporarily unavailable
/tmp/slurmd/job47677681/slurm_script: fork: retry: Resource temporarily unavailable
/tmp/slurmd/job47677681/slurm_script: fork: retry: Resource temporarily unavailable
/tmp/slurmd/job47677681/slurm_script: fork: retry: Resource temporarily unavailable
/tmp/slurmd/job47677681/slurm_script: fork: retry: Resource temporarily unavailable
/tmp/slurmd/job47677681/slurm_script: fork: retry: Resource temporarily unavailable
/tmp/slurmd/job47677681/slurm_script: fork: retry: Resource temporarily unavailable
/tmp/slurmd/job47677681/slurm_script: fork: retry: Resource temporarily unavailable
/tmp/slurmd/job47677681/slurm_script: fork: retry: Resource temporarily unavailable
/tmp/slurmd/job47677681/slurm_script: fork: retry: Resource temporarily unavailable
/tmp/slurmd/job47677681/slurm_script: fork: retry: Resource temporarily unavailable
/tmp/slurmd/job47677681/slurm_script: fork: retry: Resource temporarily unavailable
/tmp/slurmd/job47677681/slurm_script: fork: retry: Resource temporarily unavailable
/tmp/slurmd/job47677681/slurm_script: fork: retry: Resource temporarily unavailable
/tmp/slurmd/job47677681/slurm_script: fork: retry: Resource temporarily unavailable
/tmp/slurmd/job47677681/slurm_script: fork: retry: Resource temporarily unavailable
/tmp/slurmd/job47677681/slurm_script: fork: retry: Resource temporarily unavailable
/tmp/slurmd/job47677681/slurm_script: fork: retry: Resource temporarily unavailable
/tmp/slurmd/job47677681/slurm_script: fork: retry: Resource temporarily unavailable
/tmp/slurmd/job47677681/slurm_script: fork: retry: Resource temporarily unavailable
/tmp/slurmd/job47677681/slurm_script: fork: retry: Resource temporarily unavailable
/tmp/slurmd/job47677681/slurm_script: fork: retry: Resource temporarily unavailable
/tmp/slurmd/job47677681/slurm_script: fork: retry: Resource temporarily unavailable
/tmp/slurmd/job47677681/slurm_script: fork: retry: Resource temporarily unavailable
/tmp/slurmd/job47677681/slurm_script: fork: retry: Resource temporarily unavailable
/tmp/slurmd/job47677681/slurm_script: fork: retry: Resource temporarily unavailable
/tmp/slurmd/job47677681/slurm_script: fork: retry: Resource temporarily unavailable
/tmp/slurmd/job47677681/slurm_script: fork: retry: Resource temporarily unavailable
/tmp/slurmd/job47677681/slurm_script: fork: retry: Resource temporarily unavailable
/tmp/slurmd/job47677681/slurm_script: fork: retry: Resource temporarily unavailable
/tmp/slurmd/job47677681/slurm_script: fork: retry: Resource temporarily unavailable
/tmp/slurmd/job47677681/slurm_script: fork: retry: Resource temporarily unavailable
cat: -: Cannot allocate memory
/tmp/slurmd/job47677681/slurm_script: line 18: 25354 Segmentation fault      ipengine --file=ipengine.json >> .ipengine_logs/$JOBNAME.log 2>&1
/tmp/slurmd/job47677681/slurm_script: line 18: 25352 Segmentation fault      ipengine --file=ipengine.json >> .ipengine_logs/$JOBNAME.log 2>&1
cat: -: Cannot allocate memory
/tmp/slurmd/job47677681/slurm_script: line 18: 25371 Segmentation fault      ipengine --file=ipengine.json >> .ipengine_logs/$JOBNAME.log 2>&1
/tmp/slurmd/job47677681/slurm_script: line 18: 25367 Killed                  ipengine --file=ipengine.json >> .ipengine_logs/$JOBNAME.log 2>&1
/tmp/slurmd/job47677681/slurm_script: line 18: 25365 Segmentation fault      ipengine --file=ipengine.json >> .ipengine_logs/$JOBNAME.log 2>&1
/tmp/slurmd/job47677681/slurm_script: line 18: 24822 Bus error               ipengine --file=ipengine.json >> .ipengine_logs/$JOBNAME.log 2>&1
cat: -: Cannot allocate memory
cat: -: Cannot allocate memory
slurmstepd-midway197: error: Job 47677681 exceeded memory limit (2823656 > 1945600), being killed
/tmp/slurmd/job47677681/slurm_script: line 18: 24820 Bus error               ipengine --file=ipengine.json >> .ipengine_logs/$JOBNAME.log 2>&1
/tmp/slurmd/job47677681/slurm_script: line 20: /bin/cat: Argument list too long
/tmp/slurmd/job47677681/slurm_script: line 18: 24006 Killed                  ipengine --file=ipengine.json >> .ipengine_logs/$JOBNAME.log 2>&1
