/tmp/slurmd/job47229729/slurm_script: line 18: 18608 Killed                  ipengine --file=ipengine.json >> .ipengine_logs/$JOBNAME.log 2>&1
/tmp/slurmd/job47229729/slurm_script: line 18: 18576 Killed                  ipengine --file=ipengine.json >> .ipengine_logs/$JOBNAME.log 2>&1
/tmp/slurmd/job47229729/slurm_script: line 18: 18600 Killed                  ipengine --file=ipengine.json >> .ipengine_logs/$JOBNAME.log 2>&1
/tmp/slurmd/job47229729/slurm_script: line 18: 18590 Killed                  ipengine --file=ipengine.json >> .ipengine_logs/$JOBNAME.log 2>&1
/tmp/slurmd/job47229729/slurm_script: line 18: 18580 Killed                  ipengine --file=ipengine.json >> .ipengine_logs/$JOBNAME.log 2>&1
/tmp/slurmd/job47229729/slurm_script: line 18: 18583 Killed                  ipengine --file=ipengine.json >> .ipengine_logs/$JOBNAME.log 2>&1
/tmp/slurmd/job47229729/slurm_script: line 18: 18604 Bus error               ipengine --file=ipengine.json >> .ipengine_logs/$JOBNAME.log 2>&1
/tmp/slurmd/job47229729/slurm_script: line 18: 18594 Killed                  ipengine --file=ipengine.json >> .ipengine_logs/$JOBNAME.log 2>&1
/tmp/slurmd/job47229729/slurm_script: line 18: 18601 Killed                  ipengine --file=ipengine.json >> .ipengine_logs/$JOBNAME.log 2>&1
/tmp/slurmd/job47229729/slurm_script: line 18: 18633 Bus error               ipengine --file=ipengine.json >> .ipengine_logs/$JOBNAME.log 2>&1
/tmp/slurmd/job47229729/slurm_script: line 18: 18589 Killed                  ipengine --file=ipengine.json >> .ipengine_logs/$JOBNAME.log 2>&1
/tmp/slurmd/job47229729/slurm_script: line 18: 18572 Killed                  ipengine --file=ipengine.json >> .ipengine_logs/$JOBNAME.log 2>&1
/tmp/slurmd/job47229729/slurm_script: line 18: 18582 Bus error               ipengine --file=ipengine.json >> .ipengine_logs/$JOBNAME.log 2>&1
/tmp/slurmd/job47229729/slurm_script: line 18: 18613 Killed                  ipengine --file=ipengine.json >> .ipengine_logs/$JOBNAME.log 2>&1
/tmp/slurmd/job47229729/slurm_script: line 18: 18599 Killed                  ipengine --file=ipengine.json >> .ipengine_logs/$JOBNAME.log 2>&1
/tmp/slurmd/job47229729/slurm_script: line 18: 18574 Killed                  ipengine --file=ipengine.json >> .ipengine_logs/$JOBNAME.log 2>&1
/tmp/slurmd/job47229729/slurm_script: line 18: 18595 Killed                  ipengine --file=ipengine.json >> .ipengine_logs/$JOBNAME.log 2>&1
/tmp/slurmd/job47229729/slurm_script: line 18: 18568 Killed                  ipengine --file=ipengine.json >> .ipengine_logs/$JOBNAME.log 2>&1
slurmstepd-midway012: error: Job 47229729 exceeded memory limit (2103548 > 1945600), being killed
slurmstepd-midway012: error: Exceeded job memory limit
slurmstepd-midway012: error: *** JOB 47229729 ON midway012 CANCELLED AT 2018-07-02T18:01:34 ***
slurmstepd-midway012: error: Detected 2586 oom-kill event(s) in step 47229729.batch cgroup.
