/tmp/slurmd/job47722066/slurm_script: fork: retry: Resource temporarily unavailable
/tmp/slurmd/job47722066/slurm_script: fork: retry: Resource temporarily unavailable
/tmp/slurmd/job47722066/slurm_script: fork: retry: Resource temporarily unavailable
/tmp/slurmd/job47722066/slurm_script: fork: retry: Resource temporarily unavailable
/tmp/slurmd/job47722066/slurm_script: fork: retry: Resource temporarily unavailable
/tmp/slurmd/job47722066/slurm_script: fork: retry: Resource temporarily unavailable
/tmp/slurmd/job47722066/slurm_script: fork: retry: Resource temporarily unavailable
/tmp/slurmd/job47722066/slurm_script: fork: retry: Resource temporarily unavailable
/tmp/slurmd/job47722066/slurm_script: fork: retry: Resource temporarily unavailable
/tmp/slurmd/job47722066/slurm_script: fork: retry: Resource temporarily unavailable
/tmp/slurmd/job47722066/slurm_script: fork: retry: Resource temporarily unavailable
/tmp/slurmd/job47722066/slurm_script: fork: retry: Resource temporarily unavailable
/tmp/slurmd/job47722066/slurm_script: fork: retry: Resource temporarily unavailable
/tmp/slurmd/job47722066/slurm_script: fork: retry: Resource temporarily unavailable
/tmp/slurmd/job47722066/slurm_script: fork: retry: Resource temporarily unavailable
/tmp/slurmd/job47722066/slurm_script: fork: retry: Resource temporarily unavailable
/tmp/slurmd/job47722066/slurm_script: fork: retry: Resource temporarily unavailable
/tmp/slurmd/job47722066/slurm_script: fork: retry: Resource temporarily unavailable
/tmp/slurmd/job47722066/slurm_script: fork: retry: Resource temporarily unavailable
/tmp/slurmd/job47722066/slurm_script: fork: retry: Resource temporarily unavailable
/tmp/slurmd/job47722066/slurm_script: fork: retry: Resource temporarily unavailable
/tmp/slurmd/job47722066/slurm_script: fork: retry: Resource temporarily unavailable
/tmp/slurmd/job47722066/slurm_script: fork: retry: Resource temporarily unavailable
/tmp/slurmd/job47722066/slurm_script: fork: retry: Resource temporarily unavailable
/tmp/slurmd/job47722066/slurm_script: fork: retry: Resource temporarily unavailable
/tmp/slurmd/job47722066/slurm_script: fork: retry: Resource temporarily unavailable
/tmp/slurmd/job47722066/slurm_script: fork: retry: Resource temporarily unavailable
/tmp/slurmd/job47722066/slurm_script: fork: retry: Resource temporarily unavailable
/tmp/slurmd/job47722066/slurm_script: fork: retry: Resource temporarily unavailable
/tmp/slurmd/job47722066/slurm_script: fork: retry: Resource temporarily unavailable
/tmp/slurmd/job47722066/slurm_script: fork: retry: Resource temporarily unavailable
/tmp/slurmd/job47722066/slurm_script: fork: retry: Resource temporarily unavailable
/tmp/slurmd/job47722066/slurm_script: fork: retry: Resource temporarily unavailable
/tmp/slurmd/job47722066/slurm_script: fork: retry: Resource temporarily unavailable
/tmp/slurmd/job47722066/slurm_script: fork: retry: Resource temporarily unavailable
/tmp/slurmd/job47722066/slurm_script: fork: retry: Resource temporarily unavailable
/tmp/slurmd/job47722066/slurm_script: fork: retry: Resource temporarily unavailable
/tmp/slurmd/job47722066/slurm_script: fork: retry: Resource temporarily unavailable
/tmp/slurmd/job47722066/slurm_script: fork: retry: Resource temporarily unavailable
/tmp/slurmd/job47722066/slurm_script: fork: retry: Resource temporarily unavailable
/tmp/slurmd/job47722066/slurm_script: fork: retry: Resource temporarily unavailable
/tmp/slurmd/job47722066/slurm_script: fork: retry: Resource temporarily unavailable
/tmp/slurmd/job47722066/slurm_script: fork: retry: Resource temporarily unavailable
/tmp/slurmd/job47722066/slurm_script: fork: retry: Resource temporarily unavailable
/tmp/slurmd/job47722066/slurm_script: fork: retry: Resource temporarily unavailable
/tmp/slurmd/job47722066/slurm_script: fork: retry: Resource temporarily unavailable
/tmp/slurmd/job47722066/slurm_script: fork: retry: Resource temporarily unavailable
/tmp/slurmd/job47722066/slurm_script: fork: retry: Resource temporarily unavailable
/tmp/slurmd/job47722066/slurm_script: fork: retry: Resource temporarily unavailable
/tmp/slurmd/job47722066/slurm_script: fork: retry: Resource temporarily unavailable
/tmp/slurmd/job47722066/slurm_script: fork: retry: Resource temporarily unavailable
/tmp/slurmd/job47722066/slurm_script: fork: retry: Resource temporarily unavailable
/tmp/slurmd/job47722066/slurm_script: fork: retry: Resource temporarily unavailable
/tmp/slurmd/job47722066/slurm_script: fork: retry: Resource temporarily unavailable
/tmp/slurmd/job47722066/slurm_script: fork: retry: Resource temporarily unavailable
/tmp/slurmd/job47722066/slurm_script: fork: retry: Resource temporarily unavailable
/tmp/slurmd/job47722066/slurm_script: fork: retry: Resource temporarily unavailable
/tmp/slurmd/job47722066/slurm_script: fork: retry: Resource temporarily unavailable
/tmp/slurmd/job47722066/slurm_script: fork: retry: Resource temporarily unavailable
/tmp/slurmd/job47722066/slurm_script: fork: retry: Resource temporarily unavailable
/tmp/slurmd/job47722066/slurm_script: fork: retry: Resource temporarily unavailable
/tmp/slurmd/job47722066/slurm_script: fork: retry: Resource temporarily unavailable
/tmp/slurmd/job47722066/slurm_script: fork: retry: Resource temporarily unavailable
/tmp/slurmd/job47722066/slurm_script: fork: retry: Resource temporarily unavailable
/tmp/slurmd/job47722066/slurm_script: fork: retry: Resource temporarily unavailable
/tmp/slurmd/job47722066/slurm_script: fork: retry: Resource temporarily unavailable
/tmp/slurmd/job47722066/slurm_script: fork: retry: Resource temporarily unavailable
/tmp/slurmd/job47722066/slurm_script: fork: retry: Resource temporarily unavailable
/tmp/slurmd/job47722066/slurm_script: fork: retry: Resource temporarily unavailable
/tmp/slurmd/job47722066/slurm_script: fork: retry: Resource temporarily unavailable
/tmp/slurmd/job47722066/slurm_script: fork: retry: Resource temporarily unavailable
/tmp/slurmd/job47722066/slurm_script: fork: retry: Resource temporarily unavailable
/tmp/slurmd/job47722066/slurm_script: fork: retry: Resource temporarily unavailable
/tmp/slurmd/job47722066/slurm_script: fork: retry: Resource temporarily unavailable
/tmp/slurmd/job47722066/slurm_script: fork: retry: Resource temporarily unavailable
/tmp/slurmd/job47722066/slurm_script: fork: retry: Resource temporarily unavailable
/tmp/slurmd/job47722066/slurm_script: fork: retry: Resource temporarily unavailable
/tmp/slurmd/job47722066/slurm_script: fork: retry: Resource temporarily unavailable
/tmp/slurmd/job47722066/slurm_script: fork: retry: Resource temporarily unavailable
/tmp/slurmd/job47722066/slurm_script: fork: retry: Resource temporarily unavailable
/tmp/slurmd/job47722066/slurm_script: fork: retry: Resource temporarily unavailable
/tmp/slurmd/job47722066/slurm_script: fork: retry: Resource temporarily unavailable
/tmp/slurmd/job47722066/slurm_script: fork: retry: Resource temporarily unavailable
/tmp/slurmd/job47722066/slurm_script: fork: retry: Resource temporarily unavailable
/tmp/slurmd/job47722066/slurm_script: fork: retry: Resource temporarily unavailable
/tmp/slurmd/job47722066/slurm_script: fork: retry: Resource temporarily unavailable
/tmp/slurmd/job47722066/slurm_script: fork: retry: Resource temporarily unavailable
/tmp/slurmd/job47722066/slurm_script: fork: retry: Resource temporarily unavailable
/tmp/slurmd/job47722066/slurm_script: fork: retry: Resource temporarily unavailable
/tmp/slurmd/job47722066/slurm_script: fork: retry: Resource temporarily unavailable
/tmp/slurmd/job47722066/slurm_script: fork: retry: Resource temporarily unavailable
/tmp/slurmd/job47722066/slurm_script: fork: retry: Resource temporarily unavailable
/tmp/slurmd/job47722066/slurm_script: fork: retry: Resource temporarily unavailable
/tmp/slurmd/job47722066/slurm_script: fork: retry: Resource temporarily unavailable
/tmp/slurmd/job47722066/slurm_script: fork: retry: Resource temporarily unavailable
/tmp/slurmd/job47722066/slurm_script: fork: retry: Resource temporarily unavailable
/tmp/slurmd/job47722066/slurm_script: fork: retry: Resource temporarily unavailable
/tmp/slurmd/job47722066/slurm_script: fork: retry: Resource temporarily unavailable
/tmp/slurmd/job47722066/slurm_script: fork: retry: Resource temporarily unavailable
/tmp/slurmd/job47722066/slurm_script: fork: retry: Resource temporarily unavailable
/tmp/slurmd/job47722066/slurm_script: fork: retry: Resource temporarily unavailable
/tmp/slurmd/job47722066/slurm_script: fork: retry: Resource temporarily unavailable
/tmp/slurmd/job47722066/slurm_script: fork: retry: Resource temporarily unavailable
/tmp/slurmd/job47722066/slurm_script: fork: retry: Resource temporarily unavailable
/tmp/slurmd/job47722066/slurm_script: fork: retry: Resource temporarily unavailable
/tmp/slurmd/job47722066/slurm_script: fork: retry: Resource temporarily unavailable
/tmp/slurmd/job47722066/slurm_script: fork: retry: Resource temporarily unavailable
/tmp/slurmd/job47722066/slurm_script: fork: retry: Resource temporarily unavailable
/tmp/slurmd/job47722066/slurm_script: fork: retry: Resource temporarily unavailable
/tmp/slurmd/job47722066/slurm_script: fork: retry: Resource temporarily unavailable
/tmp/slurmd/job47722066/slurm_script: fork: retry: Resource temporarily unavailable
/tmp/slurmd/job47722066/slurm_script: fork: retry: Resource temporarily unavailable
/tmp/slurmd/job47722066/slurm_script: fork: retry: Resource temporarily unavailable
/tmp/slurmd/job47722066/slurm_script: fork: retry: Resource temporarily unavailable
/tmp/slurmd/job47722066/slurm_script: fork: retry: Resource temporarily unavailable
/tmp/slurmd/job47722066/slurm_script: fork: retry: Resource temporarily unavailable
/tmp/slurmd/job47722066/slurm_script: fork: retry: Resource temporarily unavailable
/tmp/slurmd/job47722066/slurm_script: fork: retry: Resource temporarily unavailable
/tmp/slurmd/job47722066/slurm_script: fork: retry: Resource temporarily unavailable
/tmp/slurmd/job47722066/slurm_script: fork: retry: Resource temporarily unavailable
/tmp/slurmd/job47722066/slurm_script: fork: retry: Resource temporarily unavailable
/tmp/slurmd/job47722066/slurm_script: fork: retry: Resource temporarily unavailable
/tmp/slurmd/job47722066/slurm_script: fork: retry: Resource temporarily unavailable
/tmp/slurmd/job47722066/slurm_script: fork: retry: Resource temporarily unavailable
/tmp/slurmd/job47722066/slurm_script: fork: retry: Resource temporarily unavailable
/tmp/slurmd/job47722066/slurm_script: fork: retry: Resource temporarily unavailable
/tmp/slurmd/job47722066/slurm_script: fork: retry: Resource temporarily unavailable
/tmp/slurmd/job47722066/slurm_script: fork: retry: Resource temporarily unavailable
/tmp/slurmd/job47722066/slurm_script: fork: retry: Resource temporarily unavailable
/tmp/slurmd/job47722066/slurm_script: fork: retry: Resource temporarily unavailable
/tmp/slurmd/job47722066/slurm_script: fork: retry: Resource temporarily unavailable
/tmp/slurmd/job47722066/slurm_script: fork: retry: Resource temporarily unavailable
/tmp/slurmd/job47722066/slurm_script: fork: retry: Resource temporarily unavailable
/tmp/slurmd/job47722066/slurm_script: fork: retry: Resource temporarily unavailable
/tmp/slurmd/job47722066/slurm_script: fork: retry: Resource temporarily unavailable
/tmp/slurmd/job47722066/slurm_script: fork: retry: Resource temporarily unavailable
/tmp/slurmd/job47722066/slurm_script: fork: retry: Resource temporarily unavailable
/tmp/slurmd/job47722066/slurm_script: fork: retry: Resource temporarily unavailable
/tmp/slurmd/job47722066/slurm_script: fork: retry: Resource temporarily unavailable
/tmp/slurmd/job47722066/slurm_script: fork: retry: Resource temporarily unavailable
/tmp/slurmd/job47722066/slurm_script: fork: retry: Resource temporarily unavailable
/tmp/slurmd/job47722066/slurm_script: fork: retry: Resource temporarily unavailable
/tmp/slurmd/job47722066/slurm_script: fork: retry: Resource temporarily unavailable
/tmp/slurmd/job47722066/slurm_script: fork: retry: Resource temporarily unavailable
/tmp/slurmd/job47722066/slurm_script: fork: retry: Resource temporarily unavailable
/tmp/slurmd/job47722066/slurm_script: fork: retry: Resource temporarily unavailable
/tmp/slurmd/job47722066/slurm_script: fork: retry: Resource temporarily unavailable
/tmp/slurmd/job47722066/slurm_script: fork: retry: Resource temporarily unavailable
/tmp/slurmd/job47722066/slurm_script: fork: retry: Resource temporarily unavailable
/tmp/slurmd/job47722066/slurm_script: fork: retry: Resource temporarily unavailable
/tmp/slurmd/job47722066/slurm_script: fork: retry: Resource temporarily unavailable
/tmp/slurmd/job47722066/slurm_script: fork: retry: Resource temporarily unavailable
/tmp/slurmd/job47722066/slurm_script: fork: retry: Resource temporarily unavailable
/tmp/slurmd/job47722066/slurm_script: fork: retry: Resource temporarily unavailable
/tmp/slurmd/job47722066/slurm_script: fork: retry: Resource temporarily unavailable
/tmp/slurmd/job47722066/slurm_script: fork: retry: Resource temporarily unavailable
/tmp/slurmd/job47722066/slurm_script: fork: retry: Resource temporarily unavailable
/tmp/slurmd/job47722066/slurm_script: fork: retry: Resource temporarily unavailable
/tmp/slurmd/job47722066/slurm_script: fork: retry: Resource temporarily unavailable
/tmp/slurmd/job47722066/slurm_script: fork: retry: Resource temporarily unavailable
/tmp/slurmd/job47722066/slurm_script: fork: retry: Resource temporarily unavailable
/tmp/slurmd/job47722066/slurm_script: fork: retry: Resource temporarily unavailable
/tmp/slurmd/job47722066/slurm_script: fork: retry: Resource temporarily unavailable
/tmp/slurmd/job47722066/slurm_script: fork: retry: Resource temporarily unavailable
/tmp/slurmd/job47722066/slurm_script: fork: retry: Resource temporarily unavailable
/tmp/slurmd/job47722066/slurm_script: fork: retry: Resource temporarily unavailable
/tmp/slurmd/job47722066/slurm_script: fork: retry: Resource temporarily unavailable
/tmp/slurmd/job47722066/slurm_script: fork: retry: Resource temporarily unavailable
/tmp/slurmd/job47722066/slurm_script: fork: retry: Resource temporarily unavailable
/tmp/slurmd/job47722066/slurm_script: fork: retry: Resource temporarily unavailable
/tmp/slurmd/job47722066/slurm_script: fork: retry: Resource temporarily unavailable
/tmp/slurmd/job47722066/slurm_script: fork: retry: Resource temporarily unavailable
/tmp/slurmd/job47722066/slurm_script: fork: retry: Resource temporarily unavailable
/tmp/slurmd/job47722066/slurm_script: fork: retry: Resource temporarily unavailable
/tmp/slurmd/job47722066/slurm_script: fork: retry: Resource temporarily unavailable
/tmp/slurmd/job47722066/slurm_script: fork: retry: Resource temporarily unavailable
/tmp/slurmd/job47722066/slurm_script: fork: retry: Resource temporarily unavailable
/tmp/slurmd/job47722066/slurm_script: fork: retry: Resource temporarily unavailable
/tmp/slurmd/job47722066/slurm_script: fork: retry: Resource temporarily unavailable
/tmp/slurmd/job47722066/slurm_script: fork: retry: Resource temporarily unavailable
/tmp/slurmd/job47722066/slurm_script: fork: retry: Resource temporarily unavailable
/tmp/slurmd/job47722066/slurm_script: fork: retry: Resource temporarily unavailable
/tmp/slurmd/job47722066/slurm_script: fork: retry: Resource temporarily unavailable
/tmp/slurmd/job47722066/slurm_script: fork: retry: Resource temporarily unavailable
/tmp/slurmd/job47722066/slurm_script: fork: retry: Resource temporarily unavailable
/tmp/slurmd/job47722066/slurm_script: fork: retry: Resource temporarily unavailable
/tmp/slurmd/job47722066/slurm_script: fork: retry: Resource temporarily unavailable
/tmp/slurmd/job47722066/slurm_script: fork: retry: Resource temporarily unavailable
/tmp/slurmd/job47722066/slurm_script: fork: retry: Resource temporarily unavailable
/tmp/slurmd/job47722066/slurm_script: fork: retry: Resource temporarily unavailable
/tmp/slurmd/job47722066/slurm_script: fork: retry: Resource temporarily unavailable
/tmp/slurmd/job47722066/slurm_script: fork: Resource temporarily unavailable
/tmp/slurmd/job47722066/slurm_script: fork: Resource temporarily unavailable
/tmp/slurmd/job47722066/slurm_script: fork: Resource temporarily unavailable
/tmp/slurmd/job47722066/slurm_script: fork: Resource temporarily unavailable
/tmp/slurmd/job47722066/slurm_script: fork: Resource temporarily unavailable
/tmp/slurmd/job47722066/slurm_script: fork: Resource temporarily unavailable
/tmp/slurmd/job47722066/slurm_script: fork: Resource temporarily unavailable
/tmp/slurmd/job47722066/slurm_script: fork: Resource temporarily unavailable
/tmp/slurmd/job47722066/slurm_script: fork: Resource temporarily unavailable
/tmp/slurmd/job47722066/slurm_script: fork: Resource temporarily unavailable
/tmp/slurmd/job47722066/slurm_script: fork: Resource temporarily unavailable
/tmp/slurmd/job47722066/slurm_script: fork: Resource temporarily unavailable
/tmp/slurmd/job47722066/slurm_script: fork: Resource temporarily unavailable
/tmp/slurmd/job47722066/slurm_script: fork: Resource temporarily unavailable
/tmp/slurmd/job47722066/slurm_script: fork: Resource temporarily unavailable
/tmp/slurmd/job47722066/slurm_script: fork: Resource temporarily unavailable
/tmp/slurmd/job47722066/slurm_script: fork: Resource temporarily unavailable
/tmp/slurmd/job47722066/slurm_script: line 18:  6219 Bus error               ipengine --file=ipengine.json >> .ipengine_logs/$JOBNAME.log 2>&1
/tmp/slurmd/job47722066/slurm_script: line 18:  4916 Killed                  ipengine --file=ipengine.json >> .ipengine_logs/$JOBNAME.log 2>&1
/tmp/slurmd/job47722066/slurm_script: fork: Resource temporarily unavailable
/tmp/slurmd/job47722066/slurm_script: fork: Resource temporarily unavailable
/tmp/slurmd/job47722066/slurm_script: fork: Resource temporarily unavailable
/tmp/slurmd/job47722066/slurm_script: fork: Resource temporarily unavailable
/tmp/slurmd/job47722066/slurm_script: fork: Resource temporarily unavailable
/tmp/slurmd/job47722066/slurm_script: fork: retry: Resource temporarily unavailable
/tmp/slurmd/job47722066/slurm_script: line 18:  4917 Killed                  ipengine --file=ipengine.json >> .ipengine_logs/$JOBNAME.log 2>&1
/tmp/slurmd/job47722066/slurm_script: fork: Resource temporarily unavailable
/tmp/slurmd/job47722066/slurm_script: fork: Resource temporarily unavailable
/tmp/slurmd/job47722066/slurm_script: fork: Resource temporarily unavailable
/tmp/slurmd/job47722066/slurm_script: fork: Resource temporarily unavailable
/tmp/slurmd/job47722066/slurm_script: line 18:  6248 Bus error               ipengine --file=ipengine.json >> .ipengine_logs/$JOBNAME.log 2>&1
/tmp/slurmd/job47722066/slurm_script: line 18:  4918 Killed                  ipengine --file=ipengine.json >> .ipengine_logs/$JOBNAME.log 2>&1
/tmp/slurmd/job47722066/slurm_script: line 18:  6555 Segmentation fault      ipengine --file=ipengine.json >> .ipengine_logs/$JOBNAME.log 2>&1
/tmp/slurmd/job47722066/slurm_script: line 18:  4919 Killed                  ipengine --file=ipengine.json >> .ipengine_logs/$JOBNAME.log 2>&1
/tmp/slurmd/job47722066/slurm_script: line 18:  4920 Killed                  ipengine --file=ipengine.json >> .ipengine_logs/$JOBNAME.log 2>&1
/tmp/slurmd/job47722066/slurm_script: line 18:  4921 Killed                  ipengine --file=ipengine.json >> .ipengine_logs/$JOBNAME.log 2>&1
/tmp/slurmd/job47722066/slurm_script: line 18:  4974 Bus error               ipengine --file=ipengine.json >> .ipengine_logs/$JOBNAME.log 2>&1
/tmp/slurmd/job47722066/slurm_script: line 18:  4922 Killed                  ipengine --file=ipengine.json >> .ipengine_logs/$JOBNAME.log 2>&1
/tmp/slurmd/job47722066/slurm_script: line 18:  6320 Bus error               ipengine --file=ipengine.json >> .ipengine_logs/$JOBNAME.log 2>&1
/tmp/slurmd/job47722066/slurm_script: line 18:  4923 Killed                  ipengine --file=ipengine.json >> .ipengine_logs/$JOBNAME.log 2>&1
/tmp/slurmd/job47722066/slurm_script: line 18:  4924 Killed                  ipengine --file=ipengine.json >> .ipengine_logs/$JOBNAME.log 2>&1
/tmp/slurmd/job47722066/slurm_script: line 18:  4925 Killed                  ipengine --file=ipengine.json >> .ipengine_logs/$JOBNAME.log 2>&1
/tmp/slurmd/job47722066/slurm_script: line 18:  4973 Bus error               ipengine --file=ipengine.json >> .ipengine_logs/$JOBNAME.log 2>&1
/tmp/slurmd/job47722066/slurm_script: line 18:  4929 Killed                  ipengine --file=ipengine.json >> .ipengine_logs/$JOBNAME.log 2>&1
/tmp/slurmd/job47722066/slurm_script: line 18:  4972 Bus error               ipengine --file=ipengine.json >> .ipengine_logs/$JOBNAME.log 2>&1
/tmp/slurmd/job47722066/slurm_script: line 18:  4940 Killed                  ipengine --file=ipengine.json >> .ipengine_logs/$JOBNAME.log 2>&1
/tmp/slurmd/job47722066/slurm_script: line 18:  6384 Bus error               ipengine --file=ipengine.json >> .ipengine_logs/$JOBNAME.log 2>&1
slurmstepd-midway472: error: Job 47722066 exceeded memory limit (2603668 > 1945600), being killed
/tmp/slurmd/job47722066/slurm_script: line 18:  6388 Bus error               ipengine --file=ipengine.json >> .ipengine_logs/$JOBNAME.log 2>&1
/tmp/slurmd/job47722066/slurm_script: line 18:  6372 Bus error               ipengine --file=ipengine.json >> .ipengine_logs/$JOBNAME.log 2>&1
/tmp/slurmd/job47722066/slurm_script: line 18:  4966 Bus error               ipengine --file=ipengine.json >> .ipengine_logs/$JOBNAME.log 2>&1
/tmp/slurmd/job47722066/slurm_script: line 18:  4947 Bus error               ipengine --file=ipengine.json >> .ipengine_logs/$JOBNAME.log 2>&1
/tmp/slurmd/job47722066/slurm_script: line 18:  4946 Killed                  ipengine --file=ipengine.json >> .ipengine_logs/$JOBNAME.log 2>&1
slurmstepd-midway472: error: Ex/tmp/slurmd/job47722066/slurm_script: line 18:  6441 Bus error               ipengine --file=ipengine.json >> .ipengine_logs/$JOBNAME.log 2>&1
ceeded job memory limit
/tmp/slurmd/job47722066/slurm_script: line 18:  4927 Killed                  ipengine --file=ipengine.json >> .ipengine_logs/$JOBNAME.log 2>&1
/tmp/slurmd/job47722066/slurm_script: line 18:  4930 Killed                  ipengine --file=ipengine.json >> .ipengine_logs/$JOBNAME.log 2>&1
/tmp/slurmd/job47722066/slurm_script: line 18:  4965 Bus error               ipengine --file=ipengine.json >> .ipengine_logs/$JOBNAME.log 2>&1
slurmstepd-midway472: error: *** JOB 47722066 ON midway472 CANCELLED AT 2018-07-19T21:36:23 ***
/tmp/slurmd/job47722066/slurm_script: line 18:  4986 Killed                  ipengine --file=ipengine.json >> .ipengine_logs/$JOBNAME.log 2>&1
/tmp/slurmd/job47722066/slurm_script: line 18:  6464 Bus error               ipengine --file=ipengine.json >> .ipengine_logs/$JOBNAME.log 2>&1
/tmp/slurmd/job47722066/slurm_script: line 18:  4983 Killed                  ipengine --file=ipengine.json >> .ipengine_logs/$JOBNAME.log 2>&1
/tmp/slurmd/job47722066/slurm_script: line 18:  6450 Bus error               ipengine --file=ipengine.json >> .ipengine_logs/$JOBNAME.log 2>&1
/tmp/slurmd/job47722066/slurm_script: line 18:  6467 Bus error               ipengine --file=ipengine.json >> .ipengine_logs/$JOBNAME.log 2>&1
/tmp/slurmd/job47722066/slurm_script: line 18:  4931 Killed                  ipengine --file=ipengine.json >> .ipengine_logs/$JOBNAME.log 2>&1
/tmp/slurmd/job47722066/slurm_script: line 18:  4932 Killed                  ipengine --file=ipengine.json >> .ipengine_logs/$JOBNAME.log 2>&1
/tmp/slurmd/job47722066/slurm_script: line 18:  6489 Bus error               ipengine --file=ipengine.json >> .ipengine_logs/$JOBNAME.log 2>&1
/tmp/slurmd/job47722066/slurm_script: line 18:  4934 Killed                  ipengine --file=ipengine.json >> .ipengine_logs/$JOBNAME.log 2>&1
/tmp/slurmd/job47722066/slurm_script: line 18:  4955 Bus error               ipengine --file=ipengine.json >> .ipengine_logs/$JOBNAME.log 2>&1
slurmstepd-midway472: error: Job 47722066 exceeded memory limit (2499964 > 1945600), being killed
/tmp/slurmd/job47722066/slurm_script: line 18:  6487 Bus error               ipengine --file=ipengine.json >> .ipengine_logs/$JOBNAME.log 2>&1
/tmp/slurmd/job47722066/slurm_script: line 18:  6486 Bus error               ipengine --file=ipengine.json >> .ipengine_logs/$JOBNAME.log 2>&1
/tmp/slurmd/job47722066/slurm_script: line 18:  6469 Bus error               ipengine --file=ipengine.json >> .ipengine_logs/$JOBNAME.log 2>&1
/tmp/slurmd/job47722066/slurm_script: line 18:  6508 Bus error               ipengine --file=ipengine.json >> .ipengine_logs/$JOBNAME.log 2>&1
/tmp/slurmd/job47722066/slurm_script: line 18:  5122 Bus error               ipengine --file=ipengine.json >> .ipengine_logs/$JOBNAME.log 2>&1
/tmp/slurmd/job47722066/slurm_script: line 18:  4980 Bus error               ipengine --file=ipengine.json >> .ipengine_logs/$JOBNAME.log 2>&1
/tmp/slurmd/job47722066/slurm_script: line 18:  5126 Bus error               ipengine --file=ipengine.json >> .ipengine_logs/$JOBNAME.log 2>&1
/tmp/slurmd/job47722066/slurm_script: line 18:  6560 Bus error               ipengine --file=ipengine.json >> .ipengine_logs/$JOBNAME.log 2>&1
slurmstepd-midway472: error: Detected 144181 oom-kill event(s) in step 47722066.batch cgroup.
