/tmp/slurmd/job47239090/slurm_script: line 18: 10494 Killed                  ipengine --file=ipengine.json >> .ipengine_logs/$JOBNAME.log 2>&1
/tmp/slurmd/job47239090/slurm_script: line 18: 10495 Killed                  ipengine --file=ipengine.json >> .ipengine_logs/$JOBNAME.log 2>&1
/tmp/slurmd/job47239090/slurm_script: line 18: 10496 Killed                  ipengine --file=ipengine.json >> .ipengine_logs/$JOBNAME.log 2>&1
/tmp/slurmd/job47239090/slurm_script: line 18: 10498 Killed                  ipengine --file=ipengine.json >> .ipengine_logs/$JOBNAME.log 2>&1
/tmp/slurmd/job47239090/slurm_script: line 18: 10551 Bus error               ipengine --file=ipengine.json >> .ipengine_logs/$JOBNAME.log 2>&1
/tmp/slurmd/job47239090/slurm_script: line 18: 10497 Killed                  ipengine --file=ipengine.json >> .ipengine_logs/$JOBNAME.log 2>&1
/tmp/slurmd/job47239090/slurm_script: line 18: 10541 Bus error               ipengine --file=ipengine.json >> .ipengine_logs/$JOBNAME.log 2>&1
/tmp/slurmd/job47239090/slurm_script: line 18: 10500 Killed                  ipengine --file=ipengine.json >> .ipengine_logs/$JOBNAME.log 2>&1
/tmp/slurmd/job47239090/slurm_script: line 18: 10572 Bus error               ipengine --file=ipengine.json >> .ipengine_logs/$JOBNAME.log 2>&1
/tmp/slurmd/job47239090/slurm_script: line 18: 10501 Killed                  ipengine --file=ipengine.json >> .ipengine_logs/$JOBNAME.log 2>&1
/tmp/slurmd/job47239090/slurm_script: line 18: 10558 Bus error               ipengine --file=ipengine.json >> .ipengine_logs/$JOBNAME.log 2>&1
/tmp/slurmd/job47239090/slurm_script: line 18: 10525 Killed                  ipengine --file=ipengine.json >> .ipengine_logs/$JOBNAME.log 2>&1
/tmp/slurmd/job47239090/slurm_script: line 18: 10537 Bus error               ipengine --file=ipengine.json >> .ipengine_logs/$JOBNAME.log 2>&1
/tmp/slurmd/job47239090/slurm_script: line 18: 10590 Bus error               ipengine --file=ipengine.json >> .ipengine_logs/$JOBNAME.log 2>&1
/tmp/slurmd/job47239090/slurm_script: line 18: 10502 Killed                  ipengine --file=ipengine.json >> .ipengine_logs/$JOBNAME.log 2>&1
/tmp/slurmd/job47239090/slurm_script: line 18: 10503 Killed                  ipengine --file=ipengine.json >> .ipengine_logs/$JOBNAME.log 2>&1
/tmp/slurmd/job47239090/slurm_script: line 18: 10560 Bus error               ipengine --file=ipengine.json >> .ipengine_logs/$JOBNAME.log 2>&1
/tmp/slurmd/job47239090/slurm_script: line 18: 10504 Killed                  ipengine --file=ipengine.json >> .ipengine_logs/$JOBNAME.log 2>&1
/tmp/slurmd/job47239090/slurm_script: line 18: 10507 Killed                  ipengine --file=ipengine.json >> .ipengine_logs/$JOBNAME.log 2>&1
/tmp/slurmd/job47239090/slurm_script: line 18: 10557 Bus error               ipengine --file=ipengine.json >> .ipengine_logs/$JOBNAME.log 2>&1
/tmp/slurmd/job47239090/slurm_script: line 18: 10505 Killed                  ipengine --file=ipengine.json >> .ipengine_logs/$JOBNAME.log 2>&1
/tmp/slurmd/job47239090/slurm_script: line 18: 10508 Killed                  ipengine --file=ipengine.json >> .ipengine_logs/$JOBNAME.log 2>&1
/tmp/slurmd/job47239090/slurm_script: line 18: 10591 Bus error               ipengine --file=ipengine.json >> .ipengine_logs/$JOBNAME.log 2>&1
/tmp/slurmd/job47239090/slurm_script: line 18: 10570 Bus error               ipengine --file=ipengine.json >> .ipengine_logs/$JOBNAME.log 2>&1
/tmp/slurmd/job47239090/slurm_script: line 18: 10592 Bus error               ipengine --file=ipengine.json >> .ipengine_logs/$JOBNAME.log 2>&1
/tmp/slurmd/job47239090/slurm_script: line 18: 10593 Bus error               ipengine --file=ipengine.json >> .ipengine_logs/$JOBNAME.log 2>&1
/tmp/slurmd/job47239090/slurm_script: line 18: 10555 Bus error               ipengine --file=ipengine.json >> .ipengine_logs/$JOBNAME.log 2>&1
/tmp/slurmd/job47239090/slurm_script: line 18: 10530 Bus error               ipengine --file=ipengine.json >> .ipengine_logs/$JOBNAME.log 2>&1
/tmp/slurmd/job47239090/slurm_script: line 18: 10561 Bus error               ipengine --file=ipengine.json >> .ipengine_logs/$JOBNAME.log 2>&1
/tmp/slurmd/job47239090/slurm_script: line 18: 10571 Bus error               ipengine --file=ipengine.json >> .ipengine_logs/$JOBNAME.log 2>&1
/tmp/slurmd/job47239090/slurm_script: line 18: 10579 Bus error               ipengine --file=ipengine.json >> .ipengine_logs/$JOBNAME.log 2>&1
/tmp/slurmd/job47239090/slurm_script: line 18: 10576 Bus error               ipengine --file=ipengine.json >> .ipengine_logs/$JOBNAME.log 2>&1
/tmp/slurmd/job47239090/slurm_script: line 18: 10506 Killed                  ipengine --file=ipengine.json >> .ipengine_logs/$JOBNAME.log 2>&1
slurmstepd-midway002: error: Job 47239090 exceeded memory limit (2045312 > 1945600), being killed
/tmp/slurmd/job47239090/slurm_script: line 18: 10509 Killed                  ipengine --file=ipengine.json >> .ipengine_logs/$JOBNAME.log 2>&1
slurmstepd-midway002: error: Exceeded job memory limit
slurmstepd-midway002: error: *** JOB 47239090 ON midway002 CANCELLED AT 2018-07-03T16:23:14 ***
/tmp/slurmd/job47239090/slurm_script: line 18: 10547 Bus error               ipengine --file=ipengine.json >> .ipengine_logs/$JOBNAME.log 2>&1
slurmstepd-midway002: error: Detected 1672 oom-kill event(s) in step 47239090.batch cgroup.
