/tmp/slurmd/job47230176/slurm_script: line 18: 19868 Killed                  ipengine --file=ipengine.json >> .ipengine_logs/$JOBNAME.log 2>&1
/tmp/slurmd/job47230176/slurm_script: line 18: 19869 Killed                  ipengine --file=ipengine.json >> .ipengine_logs/$JOBNAME.log 2>&1
/tmp/slurmd/job47230176/slurm_script: line 18: 19886 Killed                  ipengine --file=ipengine.json >> .ipengine_logs/$JOBNAME.log 2>&1
/tmp/slurmd/job47230176/slurm_script: line 18: 19871 Killed                  ipengine --file=ipengine.json >> .ipengine_logs/$JOBNAME.log 2>&1
slurmstepd-midway012: error: Job 47230176 exceeded memory limit (2190716 > 1945600), being killed
/tmp/slurmd/job47230176/slurm_script: line 18: 19873 Killed                  ipengine --file=ipengine.json >> .ipengine_logs/$JOBNAME.log 2>&1
slurmstepd-midway012: error: Exceeded job memory limit
/tmp/slurmd/job47230176/slurm_script: line 18: 19880 Killed                  ipengine --file=ipengine.json >> .ipengine_logs/$JOBNAME.log 2>&1
slurmstepd-midway012: error: *** JOB 47230176 ON midway012 CANCELLED AT 2018-07-02T18:02:40 ***
/tmp/slurmd/job47230176/slurm_script: line 18: 19881 Killed                  ipengine --file=ipengine.json >> .ipengine_logs/$JOBNAME.log 2>&1
/tmp/slurmd/job47230176/slurm_script: line 18: 19874 Killed                  ipengine --file=ipengine.json >> .ipengine_logs/$JOBNAME.log 2>&1
/tmp/slurmd/job47230176/slurm_script: line 18: 19875 Killed                  ipengine --file=ipengine.json >> .ipengine_logs/$JOBNAME.log 2>&1
/tmp/slurmd/job47230176/slurm_script: line 18: 19888 Killed                  ipengine --file=ipengine.json >> .ipengine_logs/$JOBNAME.log 2>&1
/tmp/slurmd/job47230176/slurm_script: line 18: 19876 Killed                  ipengine --file=ipengine.json >> .ipengine_logs/$JOBNAME.log 2>&1
/tmp/slurmd/job47230176/slurm_script: line 18: 19883 Killed                  ipengine --file=ipengine.json >> .ipengine_logs/$JOBNAME.log 2>&1
/tmp/slurmd/job47230176/slurm_script: line 18: 19885 Killed                  ipengine --file=ipengine.json >> .ipengine_logs/$JOBNAME.log 2>&1
/tmp/slurmd/job47230176/slurm_script: line 18: 19879 Killed                  ipengine --file=ipengine.json >> .ipengine_logs/$JOBNAME.log 2>&1
/tmp/slurmd/job47230176/slurm_script: line 18: 19877 Killed                  ipengine --file=ipengine.json >> .ipengine_logs/$JOBNAME.log 2>&1
/tmp/slurmd/job47230176/slurm_script: line 18: 19891 Killed                  ipengine --file=ipengine.json >> .ipengine_logs/$JOBNAME.log 2>&1
/tmp/slurmd/job47230176/slurm_script: line 18: 19882 Killed                  ipengine --file=ipengine.json >> .ipengine_logs/$JOBNAME.log 2>&1
/tmp/slurmd/job47230176/slurm_script: line 18: 19884 Killed                  ipengine --file=ipengine.json >> .ipengine_logs/$JOBNAME.log 2>&1
slurmstepd-midway012: error: Detected 4189 oom-kill event(s) in step 47230176.batch cgroup.
