slurmstepd-midway069: error: Job 47319628 exceeded memory limit (2355680 > 1945600), being killed
/tmp/slurmd/job47319628/slurm_script: line 18: 31573 Killed                  ipengine --file=ipengine.json >> .ipengine_logs/$JOBNAME.log 2>&1
/tmp/slurmd/job47319628/slurm_script: line 18: 31594 Killed                  ipengine --file=ipengine.json >> .ipengine_logs/$JOBNAME.log 2>&1
/tmp/slurmd/job47319628/slurm_script: line 18: 31580 Killed                  ipengine --file=ipengine.json >> .ipengine_logs/$JOBNAME.log 2>&1
/tmp/slurmd/job47319628/slurm_script: line 18: 31577 Killed                  ipengine --file=ipengine.json >> .ipengine_logs/$JOBNAME.log 2>&1
slurmstepd-midway069: error: Exceeded job memory limit
slurmstepd-midway069: error: *** JOB 47319628 ON midway069 CANCELLED AT 2018-07-06T15:16:51 ***
/tmp/slurmd/job47319628/slurm_script: line 18: 31582 Killed                  ipengine --file=ipengine.json >> .ipengine_logs/$JOBNAME.log 2>&1
/tmp/slurmd/job47319628/slurm_script: line 18: 31669 Bus error               ipengine --file=ipengine.json >> .ipengine_logs/$JOBNAME.log 2>&1
/tmp/slurmd/job47319628/slurm_script: line 18: 31583 Killed                  ipengine --file=ipengine.json >> .ipengine_logs/$JOBNAME.log 2>&1
/tmp/slurmd/job47319628/slurm_script: line 18: 31619 Bus error               ipengine --file=ipengine.json >> .ipengine_logs/$JOBNAME.log 2>&1
/tmp/slurmd/job47319628/slurm_script: line 18: 31588 Killed                  ipengine --file=ipengine.json >> .ipengine_logs/$JOBNAME.log 2>&1
/tmp/slurmd/job47319628/slurm_script: line 18: 31586 Killed                  ipengine --file=ipengine.json >> .ipengine_logs/$JOBNAME.log 2>&1
/tmp/slurmd/job47319628/slurm_script: line 18: 31587 Killed                  ipengine --file=ipengine.json >> .ipengine_logs/$JOBNAME.log 2>&1
/tmp/slurmd/job47319628/slurm_script: line 18: 31584 Killed                  ipengine --file=ipengine.json >> .ipengine_logs/$JOBNAME.log 2>&1
/tmp/slurmd/job47319628/slurm_script: line 18: 31589 Killed                  ipengine --file=ipengine.json >> .ipengine_logs/$JOBNAME.log 2>&1
/tmp/slurmd/job47319628/slurm_script: line 18: 31590 Killed                  ipengine --file=ipengine.json >> .ipengine_logs/$JOBNAME.log 2>&1
/tmp/slurmd/job47319628/slurm_script: line 18: 31593 Killed                  ipengine --file=ipengine.json >> .ipengine_logs/$JOBNAME.log 2>&1
/tmp/slurmd/job47319628/slurm_script: line 18: 31618 Bus error               ipengine --file=ipengine.json >> .ipengine_logs/$JOBNAME.log 2>&1
/tmp/slurmd/job47319628/slurm_script: line 18: 31615 Bus error               ipengine --file=ipengine.json >> .ipengine_logs/$JOBNAME.log 2>&1
/tmp/slurmd/job47319628/slurm_script: line 18: 31591 Killed                  ipengine --file=ipengine.json >> .ipengine_logs/$JOBNAME.log 2>&1
/tmp/slurmd/job47319628/slurm_script: line 18: 31592 Killed                  ipengine --file=ipengine.json >> .ipengine_logs/$JOBNAME.log 2>&1
/tmp/slurmd/job47319628/slurm_script: line 18: 31595 Killed                  ipengine --file=ipengine.json >> .ipengine_logs/$JOBNAME.log 2>&1
/tmp/slurmd/job47319628/slurm_script: line 18: 31596 Killed                  ipengine --file=ipengine.json >> .ipengine_logs/$JOBNAME.log 2>&1
/tmp/slurmd/job47319628/slurm_script: line 18: 31605 Killed                  ipengine --file=ipengine.json >> .ipengine_logs/$JOBNAME.log 2>&1
/tmp/slurmd/job47319628/slurm_script: line 18: 31597 Killed                  ipengine --file=ipengine.json >> .ipengine_logs/$JOBNAME.log 2>&1
/tmp/slurmd/job47319628/slurm_script: line 18: 31668 Bus error               ipengine --file=ipengine.json >> .ipengine_logs/$JOBNAME.log 2>&1
slurmstepd-midway069: error: Detected 46193 oom-kill event(s) in step 47319628.batch cgroup.
