/tmp/slurmd/job47668886/slurm_script: line 18: 22163 Killed                  ipengine --file=ipengine.json >> .ipengine_logs/$JOBNAME.log 2>&1
/tmp/slurmd/job47668886/slurm_script: line 18: 22164 Killed                  ipengine --file=ipengine.json >> .ipengine_logs/$JOBNAME.log 2>&1
/tmp/slurmd/job47668886/slurm_script: line 18: 22171 Killed                  ipengine --file=ipengine.json >> .ipengine_logs/$JOBNAME.log 2>&1
slurmstepd-midway508: error: Job 47668886 exceeded memory limit (2171252 > 1945600), being killed
/tmp/slurmd/job47668886/slurm_script: line 18: 22166 Killed                  ipengine --file=ipengine.json >> .ipengine_logs/$JOBNAME.log 2>&1
slurmstepd-midway508: error: Exceeded job memory limit
slurmstepd-midway508: error: *** JOB 47668886 ON midway508 CANCELLED AT 2018-07-19T01:49:20 ***
/tmp/slurmd/job47668886/slurm_script: line 18: 22168 Killed                  ipengine --file=ipengine.json >> .ipengine_logs/$JOBNAME.log 2>&1
/tmp/slurmd/job47668886/slurm_script: line 18: 22169 Killed                  ipengine --file=ipengine.json >> .ipengine_logs/$JOBNAME.log 2>&1
/tmp/slurmd/job47668886/slurm_script: line 18: 22213 Bus error               ipengine --file=ipengine.json >> .ipengine_logs/$JOBNAME.log 2>&1
/tmp/slurmd/job47668886/slurm_script: line 18: 22170 Killed                  ipengine --file=ipengine.json >> .ipengine_logs/$JOBNAME.log 2>&1
/tmp/slurmd/job47668886/slurm_script: line 18: 22172 Killed                  ipengine --file=ipengine.json >> .ipengine_logs/$JOBNAME.log 2>&1
/tmp/slurmd/job47668886/slurm_script: line 18: 22173 Killed                  ipengine --file=ipengine.json >> .ipengine_logs/$JOBNAME.log 2>&1
/tmp/slurmd/job47668886/slurm_script: line 18: 22174 Killed                  ipengine --file=ipengine.json >> .ipengine_logs/$JOBNAME.log 2>&1
/tmp/slurmd/job47668886/slurm_script: line 18: 22217 Killed                  ipengine --file=ipengine.json >> .ipengine_logs/$JOBNAME.log 2>&1
/tmp/slurmd/job47668886/slurm_script: line 18: 22175 Killed                  ipengine --file=ipengine.json >> .ipengine_logs/$JOBNAME.log 2>&1
/tmp/slurmd/job47668886/slurm_script: line 18: 22176 Killed                  ipengine --file=ipengine.json >> .ipengine_logs/$JOBNAME.log 2>&1
/tmp/slurmd/job47668886/slurm_script: line 18: 22177 Killed                  ipengine --file=ipengine.json >> .ipengine_logs/$JOBNAME.log 2>&1
/tmp/slurmd/job47668886/slurm_script: line 18: 22206 Bus error               ipengine --file=ipengine.json >> .ipengine_logs/$JOBNAME.log 2>&1
/tmp/slurmd/job47668886/slurm_script: line 18: 22178 Killed                  ipengine --file=ipengine.json >> .ipengine_logs/$JOBNAME.log 2>&1
/tmp/slurmd/job47668886/slurm_script: line 18: 22221 Aborted                 ipengine --file=ipengine.json >> .ipengine_logs/$JOBNAME.log 2>&1
/tmp/slurmd/job47668886/slurm_script: line 18: 22205 Aborted                 ipengine --file=ipengine.json >> .ipengine_logs/$JOBNAME.log 2>&1
slurmstepd-midway508: error: Detected 267173 oom-kill event(s) in step 47668886.batch cgroup.
