/tmp/slurmd/job47229735/slurm_script: line 18:  4022 Killed                  ipengine --file=ipengine.json >> .ipengine_logs/$JOBNAME.log 2>&1
/tmp/slurmd/job47229735/slurm_script: line 18:  4050 Bus error               ipengine --file=ipengine.json >> .ipengine_logs/$JOBNAME.log 2>&1
/tmp/slurmd/job47229735/slurm_script: line 18:  4025 Killed                  ipengine --file=ipengine.json >> .ipengine_logs/$JOBNAME.log 2>&1
slurmstepd-midway002: error: Job 47229735 exceeded memory limit (2342580 > 1945600), being killed
/tmp/slurmd/job47229735/slurm_script: line 18:  4028 Killed                  ipengine --file=ipengine.json >> .ipengine_logs/$JOBNAME.log 2>&1
/tmp/slurmd/job47229735/slurm_script: line 18:  4031 Killed                  ipengine --file=ipengine.json >> .ipengine_logs/$JOBNAME.log 2>&1
/tmp/slurmd/job47229735/slurm_script: line 18:  4035 Killed                  ipengine --file=ipengine.json >> .ipengine_logs/$JOBNAME.log 2>&1
slurmstepd-midway002: error: Exceeded job memory limit
/tmp/slurmd/job47229735/slurm_script: line 18:  4124 Bus error               ipengine --file=ipengine.json >> .ipengine_logs/$JOBNAME.log 2>&1
/tmp/slurmd/job47229735/slurm_script: line 18:  4033 Killed                  ipengine --file=ipengine.json >> .ipengine_logs/$JOBNAME.log 2>&1
slurmstepd-midway002: error: *** JOB 47229735 ON midway002 CANCELLED AT 2018-07-05T04:51:13 ***
/tmp/slurmd/job47229735/slurm_script: line 18:  4038 Killed                  ipengine --file=ipengine.json >> .ipengine_logs/$JOBNAME.log 2>&1
/tmp/slurmd/job47229735/slurm_script: line 18:  4039 Killed                  ipengine --file=ipengine.json >> .ipengine_logs/$JOBNAME.log 2>&1
/tmp/slurmd/job47229735/slurm_script: line 18:  4040 Killed                  ipengine --file=ipengine.json >> .ipengine_logs/$JOBNAME.log 2>&1
/tmp/slurmd/job47229735/slurm_script: line 18:  4116 Bus error               ipengine --file=ipengine.json >> .ipengine_logs/$JOBNAME.log 2>&1
/tmp/slurmd/job47229735/slurm_script: line 18:  4042 Killed                  ipengine --file=ipengine.json >> .ipengine_logs/$JOBNAME.log 2>&1
/tmp/slurmd/job47229735/slurm_script: line 18:  4041 Killed                  ipengine --file=ipengine.json >> .ipengine_logs/$JOBNAME.log 2>&1
/tmp/slurmd/job47229735/slurm_script: line 18:  4056 Bus error               ipengine --file=ipengine.json >> .ipengine_logs/$JOBNAME.log 2>&1
/tmp/slurmd/job47229735/slurm_script: line 18:  4043 Killed                  ipengine --file=ipengine.json >> .ipengine_logs/$JOBNAME.log 2>&1
/tmp/slurmd/job47229735/slurm_script: line 18:  4044 Killed                  ipengine --file=ipengine.json >> .ipengine_logs/$JOBNAME.log 2>&1
/tmp/slurmd/job47229735/slurm_script: line 18:  4048 Killed                  ipengine --file=ipengine.json >> .ipengine_logs/$JOBNAME.log 2>&1
/tmp/slurmd/job47229735/slurm_script: line 18:  4047 Killed                  ipengine --file=ipengine.json >> .ipengine_logs/$JOBNAME.log 2>&1
/tmp/slurmd/job47229735/slurm_script: line 18:  4046 Killed                  ipengine --file=ipengine.json >> .ipengine_logs/$JOBNAME.log 2>&1
/tmp/slurmd/job47229735/slurm_script: line 18:  4049 Killed                  ipengine --file=ipengine.json >> .ipengine_logs/$JOBNAME.log 2>&1
/tmp/slurmd/job47229735/slurm_script: line 18:  4053 Killed                  ipengine --file=ipengine.json >> .ipengine_logs/$JOBNAME.log 2>&1
/tmp/slurmd/job47229735/slurm_script: line 18:  4045 Killed                  ipengine --file=ipengine.json >> .ipengine_logs/$JOBNAME.log 2>&1
/tmp/slurmd/job47229735/slurm_script: line 18:  4051 Killed                  ipengine --file=ipengine.json >> .ipengine_logs/$JOBNAME.log 2>&1
/tmp/slurmd/job47229735/slurm_script: line 18:  4054 Killed                  ipengine --file=ipengine.json >> .ipengine_logs/$JOBNAME.log 2>&1
/tmp/slurmd/job47229735/slurm_script: line 18:  4055 Killed                  ipengine --file=ipengine.json >> .ipengine_logs/$JOBNAME.log 2>&1
/tmp/slurmd/job47229735/slurm_script: line 18:  4120 Killed                  ipengine --file=ipengine.json >> .ipengine_logs/$JOBNAME.log 2>&1
/tmp/slurmd/job47229735/slurm_script: line 18:  4057 Killed                  ipengine --file=ipengine.json >> .ipengine_logs/$JOBNAME.log 2>&1
/tmp/slurmd/job47229735/slurm_script: line 18:  4058 Killed                  ipengine --file=ipengine.json >> .ipengine_logs/$JOBNAME.log 2>&1
/tmp/slurmd/job47229735/slurm_script: line 18:  4059 Killed                  ipengine --file=ipengine.json >> .ipengine_logs/$JOBNAME.log 2>&1
/tmp/slurmd/job47229735/slurm_script: line 18:  4061 Killed                  ipengine --file=ipengine.json >> .ipengine_logs/$JOBNAME.log 2>&1
/tmp/slurmd/job47229735/slurm_script: line 18:  4062 Killed                  ipengine --file=ipengine.json >> .ipengine_logs/$JOBNAME.log 2>&1
/tmp/slurmd/job47229735/slurm_script: line 18:  4063 Killed                  ipengine --file=ipengine.json >> .ipengine_logs/$JOBNAME.log 2>&1
/tmp/slurmd/job47229735/slurm_script: line 18:  4064 Killed                  ipengine --file=ipengine.json >> .ipengine_logs/$JOBNAME.log 2>&1
/tmp/slurmd/job47229735/slurm_script: line 18:  4067 Killed                  ipengine --file=ipengine.json >> .ipengine_logs/$JOBNAME.log 2>&1
/tmp/slurmd/job47229735/slurm_script: line 18:  4066 Killed                  ipengine --file=ipengine.json >> .ipengine_logs/$JOBNAME.log 2>&1
/tmp/slurmd/job47229735/slurm_script: line 18:  4069 Killed                  ipengine --file=ipengine.json >> .ipengine_logs/$JOBNAME.log 2>&1
/tmp/slurmd/job47229735/slurm_script: line 18:  4072 Killed                  ipengine --file=ipengine.json >> .ipengine_logs/$JOBNAME.log 2>&1
/tmp/slurmd/job47229735/slurm_script: line 18:  4074 Killed                  ipengine --file=ipengine.json >> .ipengine_logs/$JOBNAME.log 2>&1
/tmp/slurmd/job47229735/slurm_script: line 18:  4075 Killed                  ipengine --file=ipengine.json >> .ipengine_logs/$JOBNAME.log 2>&1
/tmp/slurmd/job47229735/slurm_script: line 18:  4068 Killed                  ipengine --file=ipengine.json >> .ipengine_logs/$JOBNAME.log 2>&1
slurmstepd-midway002: error: Detected 53748 oom-kill event(s) in step 47229735.batch cgroup.
