/tmp/slurmd/job47721331/slurm_script: fork: retry: Resource temporarily unavailable
/tmp/slurmd/job47721331/slurm_script: fork: retry: Resource temporarily unavailable
/tmp/slurmd/job47721331/slurm_script: fork: retry: Resource temporarily unavailable
/tmp/slurmd/job47721331/slurm_script: fork: retry: Resource temporarily unavailable
/tmp/slurmd/job47721331/slurm_script: fork: retry: Resource temporarily unavailable
/tmp/slurmd/job47721331/slurm_script: line 18: 29174 Bus error               ipengine --file=ipengine.json >> .ipengine_logs/$JOBNAME.log 2>&1
/tmp/slurmd/job47721331/slurm_script: line 18: 28031 Killed                  ipengine --file=ipengine.json >> .ipengine_logs/$JOBNAME.log 2>&1
/tmp/slurmd/job47721331/slurm_script: line 18: 28032 Killed                  ipengine --file=ipengine.json >> .ipengine_logs/$JOBNAME.log 2>&1
/tmp/slurmd/job47721331/slurm_script: line 18: 28979 Bus error               ipengine --file=ipengine.json >> .ipengine_logs/$JOBNAME.log 2>&1
/tmp/slurmd/job47721331/slurm_script: line 18: 29096 Bus error               ipengine --file=ipengine.json >> .ipengine_logs/$JOBNAME.log 2>&1
/tmp/slurmd/job47721331/slurm_script: line 18: 29458 Bus error               ipengine --file=ipengine.json >> .ipengine_logs/$JOBNAME.log 2>&1
/tmp/slurmd/job47721331/slurm_script: line 18: 29438 Bus error               ipengine --file=ipengine.json >> .ipengine_logs/$JOBNAME.log 2>&1
/tmp/slurmd/job47721331/slurm_script: line 18: 29385 Bus error               ipengine --file=ipengine.json >> .ipengine_logs/$JOBNAME.log 2>&1
/tmp/slurmd/job47721331/slurm_script: line 18: 29501 Bus error               ipengine --file=ipengine.json >> .ipengine_logs/$JOBNAME.log 2>&1
/tmp/slurmd/job47721331/slurm_script: line 18: 29444 Bus error               ipengine --file=ipengine.json >> .ipengine_logs/$JOBNAME.log 2>&1
/tmp/slurmd/job47721331/slurm_script: line 18: 29494 Bus error               ipengine --file=ipengine.json >> .ipengine_logs/$JOBNAME.log 2>&1
/tmp/slurmd/job47721331/slurm_script: line 18: 28033 Killed                  ipengine --file=ipengine.json >> .ipengine_logs/$JOBNAME.log 2>&1
/tmp/slurmd/job47721331/slurm_script: line 18: 28227 Bus error               ipengine --file=ipengine.json >> .ipengine_logs/$JOBNAME.log 2>&1
/tmp/slurmd/job47721331/slurm_script: line 18: 29634 Bus error               ipengine --file=ipengine.json >> .ipengine_logs/$JOBNAME.log 2>&1
/tmp/slurmd/job47721331/slurm_script: line 18: 29098 Bus error               ipengine --file=ipengine.json >> .ipengine_logs/$JOBNAME.log 2>&1
/tmp/slurmd/job47721331/slurm_script: line 18: 29428 Bus error               ipengine --file=ipengine.json >> .ipengine_logs/$JOBNAME.log 2>&1
/tmp/slurmd/job47721331/slurm_script: line 18: 28034 Killed                  ipengine --file=ipengine.json >> .ipengine_logs/$JOBNAME.log 2>&1
/tmp/slurmd/job47721331/slurm_script: line 18: 29730 Bus error               ipengine --file=ipengine.json >> .ipengine_logs/$JOBNAME.log 2>&1
/tmp/slurmd/job47721331/slurm_script: line 18: 29624 Bus error               ipengine --file=ipengine.json >> .ipengine_logs/$JOBNAME.log 2>&1
/tmp/slurmd/job47721331/slurm_script: line 18: 29159 Bus error               ipengine --file=ipengine.json >> .ipengine_logs/$JOBNAME.log 2>&1
/tmp/slurmd/job47721331/slurm_script: line 18: 28035 Killed                  ipengine --file=ipengine.json >> .ipengine_logs/$JOBNAME.log 2>&1
/tmp/slurmd/job47721331/slurm_script: line 18: 29176 Bus error               ipengine --file=ipengine.json >> .ipengine_logs/$JOBNAME.log 2>&1
/tmp/slurmd/job47721331/slurm_script: line 18: 28037 Killed                  ipengine --file=ipengine.json >> .ipengine_logs/$JOBNAME.log 2>&1
/tmp/slurmd/job47721331/slurm_script: line 18: 29749 Bus error               ipengine --file=ipengine.json >> .ipengine_logs/$JOBNAME.log 2>&1
/tmp/slurmd/job47721331/slurm_script: line 18: 29234 Bus error               ipengine --file=ipengine.json >> .ipengine_logs/$JOBNAME.log 2>&1
/tmp/slurmd/job47721331/slurm_script: line 18: 29431 Bus error               ipengine --file=ipengine.json >> .ipengine_logs/$JOBNAME.log 2>&1
/tmp/slurmd/job47721331/slurm_script: line 18: 28039 Killed                  ipengine --file=ipengine.json >> .ipengine_logs/$JOBNAME.log 2>&1
/tmp/slurmd/job47721331/slurm_script: line 18: 29228 Bus error               ipengine --file=ipengine.json >> .ipengine_logs/$JOBNAME.log 2>&1
/tmp/slurmd/job47721331/slurm_script: line 18: 28049 Killed                  ipengine --file=ipengine.json >> .ipengine_logs/$JOBNAME.log 2>&1
/tmp/slurmd/job47721331/slurm_script: line 18: 29646 Bus error               ipengine --file=ipengine.json >> .ipengine_logs/$JOBNAME.log 2>&1
/tmp/slurmd/job47721331/slurm_script: line 18: 28863 Bus error               ipengine --file=ipengine.json >> .ipengine_logs/$JOBNAME.log 2>&1
/tmp/slurmd/job47721331/slurm_script: line 18: 28040 Killed                  ipengine --file=ipengine.json >> .ipengine_logs/$JOBNAME.log 2>&1
/tmp/slurmd/job47721331/slurm_script: line 18: 28062 Killed                  ipengine --file=ipengine.json >> .ipengine_logs/$JOBNAME.log 2>&1
/tmp/slurmd/job47721331/slurm_script: line 18: 28036 Killed                  ipengine --file=ipengine.json >> .ipengine_logs/$JOBNAME.log 2>&1
/tmp/slurmd/job47721331/slurm_script: line 18: 29653 Bus error               ipengine --file=ipengine.json >> .ipengine_logs/$JOBNAME.log 2>&1
/tmp/slurmd/job47721331/slurm_script: line 18: 29498 Bus error               ipengine --file=ipengine.json >> .ipengine_logs/$JOBNAME.log 2>&1
/tmp/slurmd/job47721331/slurm_script: line 18: 28044 Killed                  ipengine --file=ipengine.json >> .ipengine_logs/$JOBNAME.log 2>&1
/tmp/slurmd/job47721331/slurm_script: line 18: 29337 Bus error               ipengine --file=ipengine.json >> .ipengine_logs/$JOBNAME.log 2>&1
/tmp/slurmd/job47721331/slurm_script: line 18: 28038 Killed                  ipengine --file=ipengine.json >> .ipengine_logs/$JOBNAME.log 2>&1
/tmp/slurmd/job47721331/slurm_script: line 18: 29120 Bus error               ipengine --file=ipengine.json >> .ipengine_logs/$JOBNAME.log 2>&1
/tmp/slurmd/job47721331/slurm_script: line 18: 28045 Killed                  ipengine --file=ipengine.json >> .ipengine_logs/$JOBNAME.log 2>&1
/tmp/slurmd/job47721331/slurm_script: line 18: 29158 Bus error               ipengine --file=ipengine.json >> .ipengine_logs/$JOBNAME.log 2>&1
/tmp/slurmd/job47721331/slurm_script: line 18: 29595 Bus error               ipengine --file=ipengine.json >> .ipengine_logs/$JOBNAME.log 2>&1
/tmp/slurmd/job47721331/slurm_script: line 18: 28041 Killed                  ipengine --file=ipengine.json >> .ipengine_logs/$JOBNAME.log 2>&1
/tmp/slurmd/job47721331/slurm_script: line 18: 29497 Bus error               ipengine --file=ipengine.json >> .ipengine_logs/$JOBNAME.log 2>&1
/tmp/slurmd/job47721331/slurm_script: line 18: 28042 Killed                  ipengine --file=ipengine.json >> .ipengine_logs/$JOBNAME.log 2>&1
/tmp/slurmd/job47721331/slurm_script: line 18: 29448 Bus error               ipengine --file=ipengine.json >> .ipengine_logs/$JOBNAME.log 2>&1
/tmp/slurmd/job47721331/slurm_script: line 18: 28071 Bus error               ipengine --file=ipengine.json >> .ipengine_logs/$JOBNAME.log 2>&1
/tmp/slurmd/job47721331/slurm_script: line 18: 28043 Killed                  ipengine --file=ipengine.json >> .ipengine_logs/$JOBNAME.log 2>&1
/tmp/slurmd/job47721331/slurm_script: line 18: 28046 Killed                  ipengine --file=ipengine.json >> .ipengine_logs/$JOBNAME.log 2>&1
/tmp/slurmd/job47721331/slurm_script: line 18: 29300 Bus error               ipengine --file=ipengine.json >> .ipengine_logs/$JOBNAME.log 2>&1
/tmp/slurmd/job47721331/slurm_script: line 18: 29699 Bus error               ipengine --file=ipengine.json >> .ipengine_logs/$JOBNAME.log 2>&1
/tmp/slurmd/job47721331/slurm_script: line 18: 28047 Killed                  ipengine --file=ipengine.json >> .ipengine_logs/$JOBNAME.log 2>&1
/tmp/slurmd/job47721331/slurm_script: line 18: 29493 Bus error               ipengine --file=ipengine.json >> .ipengine_logs/$JOBNAME.log 2>&1
/tmp/slurmd/job47721331/slurm_script: line 18: 28072 Killed                  ipengine --file=ipengine.json >> .ipengine_logs/$JOBNAME.log 2>&1
/tmp/slurmd/job47721331/slurm_script: line 18: 29445 Bus error               ipengine --file=ipengine.json >> .ipengine_logs/$JOBNAME.log 2>&1
/tmp/slurmd/job47721331/slurm_script: line 18: 29548 Bus error               ipengine --file=ipengine.json >> .ipengine_logs/$JOBNAME.log 2>&1
/tmp/slurmd/job47721331/slurm_script: line 18: 29226 Bus error               ipengine --file=ipengine.json >> .ipengine_logs/$JOBNAME.log 2>&1
/tmp/slurmd/job47721331/slurm_script: line 18: 28073 Bus error               ipengine --file=ipengine.json >> .ipengine_logs/$JOBNAME.log 2>&1
/tmp/slurmd/job47721331/slurm_script: line 18: 28050 Killed                  ipengine --file=ipengine.json >> .ipengine_logs/$JOBNAME.log 2>&1
/tmp/slurmd/job47721331/slurm_script: line 18: 29724 Bus error               ipengine --file=ipengine.json >> .ipengine_logs/$JOBNAME.log 2>&1
/tmp/slurmd/job47721331/slurm_script: line 18: 28048 Killed                  ipengine --file=ipengine.json >> .ipengine_logs/$JOBNAME.log 2>&1
/tmp/slurmd/job47721331/slurm_script: line 18: 28856 Bus error               ipengine --file=ipengine.json >> .ipengine_logs/$JOBNAME.log 2>&1
/tmp/slurmd/job47721331/slurm_script: line 18: 29499 Bus error               ipengine --file=ipengine.json >> .ipengine_logs/$JOBNAME.log 2>&1
/tmp/slurmd/job47721331/slurm_script: line 18: 29736 Bus error               ipengine --file=ipengine.json >> .ipengine_logs/$JOBNAME.log 2>&1
/tmp/slurmd/job47721331/slurm_script: line 18: 29292 Bus error               ipengine --file=ipengine.json >> .ipengine_logs/$JOBNAME.log 2>&1
/tmp/slurmd/job47721331/slurm_script: line 18: 29753 Bus error               ipengine --file=ipengine.json >> .ipengine_logs/$JOBNAME.log 2>&1
/tmp/slurmd/job47721331/slurm_script: line 18: 29745 Bus error               ipengine --file=ipengine.json >> .ipengine_logs/$JOBNAME.log 2>&1
/tmp/slurmd/job47721331/slurm_script: line 18: 28651 Bus error               ipengine --file=ipengine.json >> .ipengine_logs/$JOBNAME.log 2>&1
/tmp/slurmd/job47721331/slurm_script: line 18: 29632 Bus error               ipengine --file=ipengine.json >> .ipengine_logs/$JOBNAME.log 2>&1
/tmp/slurmd/job47721331/slurm_script: line 18: 29721 Bus error               ipengine --file=ipengine.json >> .ipengine_logs/$JOBNAME.log 2>&1
/tmp/slurmd/job47721331/slurm_script: line 18: 28232 Bus error               ipengine --file=ipengine.json >> .ipengine_logs/$JOBNAME.log 2>&1
/tmp/slurmd/job47721331/slurm_script: line 18: 28085 Bus error               ipengine --file=ipengine.json >> .ipengine_logs/$JOBNAME.log 2>&1
/tmp/slurmd/job47721331/slurm_script: line 18: 28640 Bus error               ipengine --file=ipengine.json >> .ipengine_logs/$JOBNAME.log 2>&1
/tmp/slurmd/job47721331/slurm_script: line 18: 28051 Killed                  ipengine --file=ipengine.json >> .ipengine_logs/$JOBNAME.log 2>&1
/tmp/slurmd/job47721331/slurm_script: line 18: 29596 Bus error               ipengine --file=ipengine.json >> .ipengine_logs/$JOBNAME.log 2>&1
/tmp/slurmd/job47721331/slurm_script: line 18: 29609 Bus error               ipengine --file=ipengine.json >> .ipengine_logs/$JOBNAME.log 2>&1
/tmp/slurmd/job47721331/slurm_script: line 18: 28221 Killed                  ipengine --file=ipengine.json >> .ipengine_logs/$JOBNAME.log 2>&1
/tmp/slurmd/job47721331/slurm_script: line 18: 29642 Bus error               ipengine --file=ipengine.json >> .ipengine_logs/$JOBNAME.log 2>&1
/tmp/slurmd/job47721331/slurm_script: line 18: 29243 Bus error               ipengine --file=ipengine.json >> .ipengine_logs/$JOBNAME.log 2>&1
/tmp/slurmd/job47721331/slurm_script: line 18: 28838 Bus error               ipengine --file=ipengine.json >> .ipengine_logs/$JOBNAME.log 2>&1
/tmp/slurmd/job47721331/slurm_script: line 18: 29630 Bus error               ipengine --file=ipengine.json >> .ipengine_logs/$JOBNAME.log 2>&1
/tmp/slurmd/job47721331/slurm_script: line 18: 29097 Bus error               ipengine --file=ipengine.json >> .ipengine_logs/$JOBNAME.log 2>&1
/tmp/slurmd/job47721331/slurm_script: line 18: 29610 Bus error               ipengine --file=ipengine.json >> .ipengine_logs/$JOBNAME.log 2>&1
/tmp/slurmd/job47721331/slurm_script: line 18: 28238 Bus error               ipengine --file=ipengine.json >> .ipengine_logs/$JOBNAME.log 2>&1
/tmp/slurmd/job47721331/slurm_script: line 18: 28233 Bus error               ipengine --file=ipengine.json >> .ipengine_logs/$JOBNAME.log 2>&1
/tmp/slurmd/job47721331/slurm_script: line 18: 29718 Bus error               ipengine --file=ipengine.json >> .ipengine_logs/$JOBNAME.log 2>&1
/tmp/slurmd/job47721331/slurm_script: line 18: 29750 Bus error               ipengine --file=ipengine.json >> .ipengine_logs/$JOBNAME.log 2>&1
/tmp/slurmd/job47721331/slurm_script: line 18: 28301 Killed                  ipengine --file=ipengine.json >> .ipengine_logs/$JOBNAME.log 2>&1
/tmp/slurmd/job47721331/slurm_script: line 18: 28306 Killed                  ipengine --file=ipengine.json >> .ipengine_logs/$JOBNAME.log 2>&1
/tmp/slurmd/job47721331/slurm_script: line 18: 29232 Bus error               ipengine --file=ipengine.json >> .ipengine_logs/$JOBNAME.log 2>&1
/tmp/slurmd/job47721331/slurm_script: line 18: 28847 Bus error               ipengine --file=ipengine.json >> .ipengine_logs/$JOBNAME.log 2>&1
/tmp/slurmd/job47721331/slurm_script: line 18: 29747 Bus error               ipengine --file=ipengine.json >> .ipengine_logs/$JOBNAME.log 2>&1
/tmp/slurmd/job47721331/slurm_script: line 18: 29680 Bus error               ipengine --file=ipengine.json >> .ipengine_logs/$JOBNAME.log 2>&1
/tmp/slurmd/job47721331/slurm_script: line 18: 28320 Bus error               ipengine --file=ipengine.json >> .ipengine_logs/$JOBNAME.log 2>&1
/tmp/slurmd/job47721331/slurm_script: line 18: 28913 Bus error               ipengine --file=ipengine.json >> .ipengine_logs/$JOBNAME.log 2>&1
/tmp/slurmd/job47721331/slurm_script: line 18: 28105 Bus error               ipengine --file=ipengine.json >> .ipengine_logs/$JOBNAME.log 2>&1
/tmp/slurmd/job47721331/slurm_script: line 18: 28303 Bus error               ipengine --file=ipengine.json >> .ipengine_logs/$JOBNAME.log 2>&1
/tmp/slurmd/job47721331/slurm_script: line 18: 28317 Killed                  ipengine --file=ipengine.json >> .ipengine_logs/$JOBNAME.log 2>&1
/tmp/slurmd/job47721331/slurm_script: line 18: 29740 Bus error               ipengine --file=ipengine.json >> .ipengine_logs/$JOBNAME.log 2>&1
/tmp/slurmd/job47721331/slurm_script: line 18: 29459 Bus error               ipengine --file=ipengine.json >> .ipengine_logs/$JOBNAME.log 2>&1
/tmp/slurmd/job47721331/slurm_script: line 18: 28628 Killed                  ipengine --file=ipengine.json >> .ipengine_logs/$JOBNAME.log 2>&1
/tmp/slurmd/job47721331/slurm_script: line 18: 28669 Bus error               ipengine --file=ipengine.json >> .ipengine_logs/$JOBNAME.log 2>&1
/tmp/slurmd/job47721331/slurm_script: line 18: 28059 Bus error               ipengine --file=ipengine.json >> .ipengine_logs/$JOBNAME.log 2>&1
/tmp/slurmd/job47721331/slurm_script: line 18: 29726 Bus error               ipengine --file=ipengine.json >> .ipengine_logs/$JOBNAME.log 2>&1
/tmp/slurmd/job47721331/slurm_script: line 18: 28089 Killed                  ipengine --file=ipengine.json >> .ipengine_logs/$JOBNAME.log 2>&1
/tmp/slurmd/job47721331/slurm_script: line 18: 29678 Bus error               ipengine --file=ipengine.json >> .ipengine_logs/$JOBNAME.log 2>&1
/tmp/slurmd/job47721331/slurm_script: line 18: 28097 Bus error               ipengine --file=ipengine.json >> .ipengine_logs/$JOBNAME.log 2>&1
/tmp/slurmd/job47721331/slurm_script: line 18: 29126 Bus error               ipengine --file=ipengine.json >> .ipengine_logs/$JOBNAME.log 2>&1
/tmp/slurmd/job47721331/slurm_script: line 18: 28054 Killed                  ipengine --file=ipengine.json >> .ipengine_logs/$JOBNAME.log 2>&1
/tmp/slurmd/job47721331/slurm_script: line 18: 28058 Killed                  ipengine --file=ipengine.json >> .ipengine_logs/$JOBNAME.log 2>&1
/tmp/slurmd/job47721331/slurm_script: line 18: 29152 Bus error               ipengine --file=ipengine.json >> .ipengine_logs/$JOBNAME.log 2>&1
/tmp/slurmd/job47721331/slurm_script: line 18: 28755 Bus error               ipengine --file=ipengine.json >> .ipengine_logs/$JOBNAME.log 2>&1
/tmp/slurmd/job47721331/slurm_script: line 18: 28095 Killed                  ipengine --file=ipengine.json >> .ipengine_logs/$JOBNAME.log 2>&1
/tmp/slurmd/job47721331/slurm_script: line 18: 28973 Bus error               ipengine --file=ipengine.json >> .ipengine_logs/$JOBNAME.log 2>&1
/tmp/slurmd/job47721331/slurm_script: line 18: 29326 Bus error               ipengine --file=ipengine.json >> .ipengine_logs/$JOBNAME.log 2>&1
/tmp/slurmd/job47721331/slurm_script: line 18: 28309 Bus error               ipengine --file=ipengine.json >> .ipengine_logs/$JOBNAME.log 2>&1
/tmp/slurmd/job47721331/slurm_script: line 18: 29436 Bus error               ipengine --file=ipengine.json >> .ipengine_logs/$JOBNAME.log 2>&1
/tmp/slurmd/job47721331/slurm_script: line 18: 28236 Killed                  ipengine --file=ipengine.json >> .ipengine_logs/$JOBNAME.log 2>&1
/tmp/slurmd/job47721331/slurm_script: line 18: 29654 Bus error               ipengine --file=ipengine.json >> .ipengine_logs/$JOBNAME.log 2>&1
/tmp/slurmd/job47721331/slurm_script: line 18: 28052 Killed                  ipengine --file=ipengine.json >> .ipengine_logs/$JOBNAME.log 2>&1
/tmp/slurmd/job47721331/slurm_script: line 18: 29676 Bus error               ipengine --file=ipengine.json >> .ipengine_logs/$JOBNAME.log 2>&1
/tmp/slurmd/job47721331/slurm_script: line 18: 28055 Bus error               ipengine --file=ipengine.json >> .ipengine_logs/$JOBNAME.log 2>&1
/tmp/slurmd/job47721331/slurm_script: line 18: 28053 Killed                  ipengine --file=ipengine.json >> .ipengine_logs/$JOBNAME.log 2>&1
/tmp/slurmd/job47721331/slurm_script: line 18: 28312 Killed                  ipengine --file=ipengine.json >> .ipengine_logs/$JOBNAME.log 2>&1
/tmp/slurmd/job47721331/slurm_script: line 18: 28111 Bus error               ipengine --file=ipengine.json >> .ipengine_logs/$JOBNAME.log 2>&1
/tmp/slurmd/job47721331/slurm_script: line 18: 28323 Killed                  ipengine --file=ipengine.json >> .ipengine_logs/$JOBNAME.log 2>&1
/tmp/slurmd/job47721331/slurm_script: line 18: 29743 Bus error               ipengine --file=ipengine.json >> .ipengine_logs/$JOBNAME.log 2>&1
/tmp/slurmd/job47721331/slurm_script: line 18: 29612 Bus error               ipengine --file=ipengine.json >> .ipengine_logs/$JOBNAME.log 2>&1
/tmp/slurmd/job47721331/slurm_script: line 18: 28324 Bus error               ipengine --file=ipengine.json >> .ipengine_logs/$JOBNAME.log 2>&1
/tmp/slurmd/job47721331/slurm_script: line 18: 29649 Bus error               ipengine --file=ipengine.json >> .ipengine_logs/$JOBNAME.log 2>&1
/tmp/slurmd/job47721331/slurm_script: line 18: 28978 Bus error               ipengine --file=ipengine.json >> .ipengine_logs/$JOBNAME.log 2>&1
/tmp/slurmd/job47721331/slurm_script: line 18: 28849 Bus error               ipengine --file=ipengine.json >> .ipengine_logs/$JOBNAME.log 2>&1
/tmp/slurmd/job47721331/slurm_script: line 18: 28056 Killed                  ipengine --file=ipengine.json >> .ipengine_logs/$JOBNAME.log 2>&1
/tmp/slurmd/job47721331/slurm_script: line 18: 29434 Bus error               ipengine --file=ipengine.json >> .ipengine_logs/$JOBNAME.log 2>&1
/tmp/slurmd/job47721331/slurm_script: line 18: 28319 Killed                  ipengine --file=ipengine.json >> .ipengine_logs/$JOBNAME.log 2>&1
/tmp/slurmd/job47721331/slurm_script: line 18: 28771 Killed                  ipengine --file=ipengine.json >> .ipengine_logs/$JOBNAME.log 2>&1
/tmp/slurmd/job47721331/slurm_script: line 18: 28583 Bus error               ipengine --file=ipengine.json >> .ipengine_logs/$JOBNAME.log 2>&1
/tmp/slurmd/job47721331/slurm_script: line 18: 29496 Bus error               ipengine --file=ipengine.json >> .ipengine_logs/$JOBNAME.log 2>&1
/tmp/slurmd/job47721331/slurm_script: line 18: 28575 Bus error               ipengine --file=ipengine.json >> .ipengine_logs/$JOBNAME.log 2>&1
/tmp/slurmd/job47721331/slurm_script: line 18: 28057 Killed                  ipengine --file=ipengine.json >> .ipengine_logs/$JOBNAME.log 2>&1
/tmp/slurmd/job47721331/slurm_script: line 18: 29746 Bus error               ipengine --file=ipengine.json >> .ipengine_logs/$JOBNAME.log 2>&1
/tmp/slurmd/job47721331/slurm_script: line 18: 28975 Bus error               ipengine --file=ipengine.json >> .ipengine_logs/$JOBNAME.log 2>&1
/tmp/slurmd/job47721331/slurm_script: line 18: 28304 Bus error               ipengine --file=ipengine.json >> .ipengine_logs/$JOBNAME.log 2>&1
/tmp/slurmd/job47721331/slurm_script: line 18: 28075 Killed                  ipengine --file=ipengine.json >> .ipengine_logs/$JOBNAME.log 2>&1
/tmp/slurmd/job47721331/slurm_script: line 18: 28101 Bus error               ipengine --file=ipengine.json >> .ipengine_logs/$JOBNAME.log 2>&1
/tmp/slurmd/job47721331/slurm_script: line 18: 28092 Bus error               ipengine --file=ipengine.json >> .ipengine_logs/$JOBNAME.log 2>&1
/tmp/slurmd/job47721331/slurm_script: line 18: 29203 Bus error               ipengine --file=ipengine.json >> .ipengine_logs/$JOBNAME.log 2>&1
/tmp/slurmd/job47721331/slurm_script: line 18: 28080 Killed                  ipengine --file=ipengine.json >> .ipengine_logs/$JOBNAME.log 2>&1
slurmstepd-midway504: error: Job 47721331 exceeded memory limit (2099836 > 1945600), being killed
/tmp/slurmd/job47721331/slurm_script: line 18: 28067 Killed                  ipengine --file=ipengine.json >> .ipengine_logs/$JOBNAME.log 2>&1
/tmp/slurmd/job47721331/slurm_script: line 18: 28827 Bus error               ipengine --file=ipengine.json >> .ipengine_logs/$JOBNAME.log 2>&1
/tmp/slurmd/job47721331/slurm_script: line 18: 28070 Killed                  ipengine --file=ipengine.json >> .ipengine_logs/$JOBNAME.log 2>&1
/tmp/slurmd/job47721331/slurm_script: line 18: 29727 Bus error               ipengine --file=ipengine.json >> .ipengine_logs/$JOBNAME.log 2>&1
/tmp/slurmd/job47721331/slurm_script: line 18: 28833 Bus error               ipengine --file=ipengine.json >> .ipengine_logs/$JOBNAME.log 2>&1
/tmp/slurmd/job47721331/slurm_script: line 18: 28107 Bus error               ipengine --file=ipengine.json >> .ipengine_logs/$JOBNAME.log 2>&1
/tmp/slurmd/job47721331/slurm_script: line 18: 29129 Bus error               ipengine --file=ipengine.json >> .ipengine_logs/$JOBNAME.log 2>&1
/tmp/slurmd/job47721331/slurm_script: line 18: 28637 Bus error               ipengine --file=ipengine.json >> .ipengine_logs/$JOBNAME.log 2>&1
/tmp/slurmd/job47721331/slurm_script: line 18: 28582 Bus error               ipengine --file=ipengine.json >> .ipengine_logs/$JOBNAME.log 2>&1
/tmp/slurmd/job47721331/slurm_script: line 18: 29166 Killed                  ipengine --file=ipengine.json >> .ipengine_logs/$JOBNAME.log 2>&1
/tmp/slurmd/job47721331/slurm_script: line 18: 29311 Bus error               ipengine --file=ipengine.json >> .ipengine_logs/$JOBNAME.log 2>&1
/tmp/slurmd/job47721331/slurm_script: line 18: 29304 Killed                  ipengine --file=ipengine.json >> .ipengine_logs/$JOBNAME.log 2>&1
/tmp/slurmd/job47721331/slurm_script: line 18: 28308 Bus error               ipengine --file=ipengine.json >> .ipengine_logs/$JOBNAME.log 2>&1
/tmp/slurmd/job47721331/slurm_script: line 18: 29180 Bus error               ipengine --file=ipengine.json >> .ipengine_logs/$JOBNAME.log 2>&1
/tmp/slurmd/job47721331/slurm_script: line 18: 28063 Killed                  ipengine --file=ipengine.json >> .ipengine_logs/$JOBNAME.log 2>&1
/tmp/slurmd/job47721331/slurm_script: line 18: 29245 Killed                  ipengine --file=ipengine.json >> .ipengine_logs/$JOBNAME.log 2>&1
/tmp/slurmd/job47721331/slurm_script: line 18: 29124 Bus error               ipengine --file=ipengine.json >> .ipengine_logs/$JOBNAME.log 2>&1
slurmstepd-midway504: error: Exceeded job memory limit
/tmp/slurmd/job47721331/slurm_script: line 18: 28096 Bus error               ipengine --file=ipengine.json >> .ipengine_logs/$JOBNAME.log 2>&1
/tmp/slurmd/job47721331/slurm_script: line 18: 29725 Bus error               ipengine --file=ipengine.json >> .ipengine_logs/$JOBNAME.log 2>&1
/tmp/slurmd/job47721331/slurm_script: line 18: 28060 Killed                  ipengine --file=ipengine.json >> .ipengine_logs/$JOBNAME.log 2>&1
/tmp/slurmd/job47721331/slurm_script: line 18: 29247 Bus error               ipengine --file=ipengine.json >> .ipengine_logs/$JOBNAME.log 2>&1
/tmp/slurmd/job47721331/slurm_script: line 18: 28066 Killed                  ipengine --file=ipengine.json >> .ipengine_logs/$JOBNAME.log 2>&1
/tmp/slurmd/job47721331/slurm_script: line 18: 29751 Bus error               ipengine --file=ipengine.json >> .ipengine_logs/$JOBNAME.log 2>&1
/tmp/slurmd/job47721331/slurm_script: line 18: 29711 Bus error               ipengine --file=ipengine.json >> .ipengine_logs/$JOBNAME.log 2>&1
/tmp/slurmd/job47721331/slurm_script: line 18: 29240 Bus error               ipengine --file=ipengine.json >> .ipengine_logs/$JOBNAME.log 2>&1
/tmp/slurmd/job47721331/slurm_script: line 18: 28082 Killed                  ipengine --file=ipengine.json >> .ipengine_logs/$JOBNAME.log 2>&1
/tmp/slurmd/job47721331/slurm_script: line 18: 28074 Killed                  ipengine --file=ipengine.json >> .ipengine_logs/$JOBNAME.log 2>&1
slurmstepd-midway504: error: *** JOB 47721331 ON midway504 CANCELLED AT 2018-07-19T20:46:54 ***
/tmp/slurmd/job47721331/slurm_script: line 18: 29229 Bus error               ipengine --file=ipengine.json >> .ipengine_logs/$JOBNAME.log 2>&1
/tmp/slurmd/job47721331/slurm_script: line 18: 28230 Bus error               ipengine --file=ipengine.json >> .ipengine_logs/$JOBNAME.log 2>&1
/tmp/slurmd/job47721331/slurm_script: line 18: 28076 Killed                  ipengine --file=ipengine.json >> .ipengine_logs/$JOBNAME.log 2>&1
/tmp/slurmd/job47721331/slurm_script: line 18: 29312 Bus error               ipengine --file=ipengine.json >> .ipengine_logs/$JOBNAME.log 2>&1
/tmp/slurmd/job47721331/slurm_script: line 18: 29165 Bus error               ipengine --file=ipengine.json >> .ipengine_logs/$JOBNAME.log 2>&1
/tmp/slurmd/job47721331/slurm_script: line 18: 28974 Bus error               ipengine --file=ipengine.json >> .ipengine_logs/$JOBNAME.log 2>&1
/tmp/slurmd/job47721331/slurm_script: line 18: 28182 Bus error               ipengine --file=ipengine.json >> .ipengine_logs/$JOBNAME.log 2>&1
/tmp/slurmd/job47721331/slurm_script: line 18: 29116 Killed                  ipengine --file=ipengine.json >> .ipengine_logs/$JOBNAME.log 2>&1
/tmp/slurmd/job47721331/slurm_script: line 18: 29121 Bus error               ipengine --file=ipengine.json >> .ipengine_logs/$JOBNAME.log 2>&1
/tmp/slurmd/job47721331/slurm_script: line 18: 28061 Killed                  ipengine --file=ipengine.json >> .ipengine_logs/$JOBNAME.log 2>&1
/tmp/slurmd/job47721331/slurm_script: line 18: 29339 Bus error               ipengine --file=ipengine.json >> .ipengine_logs/$JOBNAME.log 2>&1
/tmp/slurmd/job47721331/slurm_script: line 18: 29108 Bus error               ipengine --file=ipengine.json >> .ipengine_logs/$JOBNAME.log 2>&1
/tmp/slurmd/job47721331/slurm_script: line 18: 28079 Killed                  ipengine --file=ipengine.json >> .ipengine_logs/$JOBNAME.log 2>&1
/tmp/slurmd/job47721331/slurm_script: line 18: 29633 Bus error               ipengine --file=ipengine.json >> .ipengine_logs/$JOBNAME.log 2>&1
/tmp/slurmd/job47721331/slurm_script: line 18: 29673 Bus error               ipengine --file=ipengine.json >> .ipengine_logs/$JOBNAME.log 2>&1
/tmp/slurmd/job47721331/slurm_script: line 18: 29567 Bus error               ipengine --file=ipengine.json >> .ipengine_logs/$JOBNAME.log 2>&1
/tmp/slurmd/job47721331/slurm_script: line 18: 29443 Bus error               ipengine --file=ipengine.json >> .ipengine_logs/$JOBNAME.log 2>&1
/tmp/slurmd/job47721331/slurm_script: line 18: 29608 Bus error               ipengine --file=ipengine.json >> .ipengine_logs/$JOBNAME.log 2>&1
/tmp/slurmd/job47721331/slurm_script: line 18: 29429 Bus error               ipengine --file=ipengine.json >> .ipengine_logs/$JOBNAME.log 2>&1
/tmp/slurmd/job47721331/slurm_script: line 18: 29715 Bus error               ipengine --file=ipengine.json >> .ipengine_logs/$JOBNAME.log 2>&1
/tmp/slurmd/job47721331/slurm_script: line 18: 29119 Bus error               ipengine --file=ipengine.json >> .ipengine_logs/$JOBNAME.log 2>&1
/tmp/slurmd/job47721331/slurm_script: line 18: 28318 Bus error               ipengine --file=ipengine.json >> .ipengine_logs/$JOBNAME.log 2>&1
/tmp/slurmd/job47721331/slurm_script: line 18: 29115 Bus error               ipengine --file=ipengine.json >> .ipengine_logs/$JOBNAME.log 2>&1
/tmp/slurmd/job47721331/slurm_script: line 18: 28336 Bus error               ipengine --file=ipengine.json >> .ipengine_logs/$JOBNAME.log 2>&1
/tmp/slurmd/job47721331/slurm_script: line 18: 28245 Bus error               ipengine --file=ipengine.json >> .ipengine_logs/$JOBNAME.log 2>&1
/tmp/slurmd/job47721331/slurm_script: line 18: 29156 Bus error               ipengine --file=ipengine.json >> .ipengine_logs/$JOBNAME.log 2>&1
/tmp/slurmd/job47721331/slurm_script: line 18: 28305 Bus error               ipengine --file=ipengine.json >> .ipengine_logs/$JOBNAME.log 2>&1
/tmp/slurmd/job47721331/slurm_script: line 18: 28848 Bus error               ipengine --file=ipengine.json >> .ipengine_logs/$JOBNAME.log 2>&1
/tmp/slurmd/job47721331/slurm_script: line 18: 28104 Bus error               ipengine --file=ipengine.json >> .ipengine_logs/$JOBNAME.log 2>&1
/tmp/slurmd/job47721331/slurm_script: line 18: 29580 Killed                  ipengine --file=ipengine.json >> .ipengine_logs/$JOBNAME.log 2>&1
/tmp/slurmd/job47721331/slurm_script: line 18: 28068 Killed                  ipengine --file=ipengine.json >> .ipengine_logs/$JOBNAME.log 2>&1
/tmp/slurmd/job47721331/slurm_script: line 18: 29384 Killed                  ipengine --file=ipengine.json >> .ipengine_logs/$JOBNAME.log 2>&1
/tmp/slurmd/job47721331/slurm_script: line 18: 28064 Killed                  ipengine --file=ipengine.json >> .ipengine_logs/$JOBNAME.log 2>&1
/tmp/slurmd/job47721331/slurm_script: line 18: 28335 Bus error               ipengine --file=ipengine.json >> .ipengine_logs/$JOBNAME.log 2>&1
/tmp/slurmd/job47721331/slurm_script: line 18: 29611 Bus error               ipengine --file=ipengine.json >> .ipengine_logs/$JOBNAME.log 2>&1
/tmp/slurmd/job47721331/slurm_script: line 18: 28069 Killed                  ipengine --file=ipengine.json >> .ipengine_logs/$JOBNAME.log 2>&1
/tmp/slurmd/job47721331/slurm_script: line 18: 29236 Bus error               ipengine --file=ipengine.json >> .ipengine_logs/$JOBNAME.log 2>&1
/tmp/slurmd/job47721331/slurm_script: line 18: 29742 Bus error               ipengine --file=ipengine.json >> .ipengine_logs/$JOBNAME.log 2>&1
/tmp/slurmd/job47721331/slurm_script: line 18: 29677 Killed                  ipengine --file=ipengine.json >> .ipengine_logs/$JOBNAME.log 2>&1
/tmp/slurmd/job47721331/slurm_script: line 18: 29209 Bus error               ipengine --file=ipengine.json >> .ipengine_logs/$JOBNAME.log 2>&1
/tmp/slurmd/job47721331/slurm_script: line 18: 29729 Bus error               ipengine --file=ipengine.json >> .ipengine_logs/$JOBNAME.log 2>&1
/tmp/slurmd/job47721331/slurm_script: line 18: 29741 Bus error               ipengine --file=ipengine.json >> .ipengine_logs/$JOBNAME.log 2>&1
/tmp/slurmd/job47721331/slurm_script: line 18: 29175 Bus error               ipengine --file=ipengine.json >> .ipengine_logs/$JOBNAME.log 2>&1
/tmp/slurmd/job47721331/slurm_script: line 18: 29600 Bus error               ipengine --file=ipengine.json >> .ipengine_logs/$JOBNAME.log 2>&1
/tmp/slurmd/job47721331/slurm_script: line 18: 28103 Bus error               ipengine --file=ipengine.json >> .ipengine_logs/$JOBNAME.log 2>&1
/tmp/slurmd/job47721331/slurm_script: line 18: 29598 Bus error               ipengine --file=ipengine.json >> .ipengine_logs/$JOBNAME.log 2>&1
/tmp/slurmd/job47721331/slurm_script: line 18: 29622 Bus error               ipengine --file=ipengine.json >> .ipengine_logs/$JOBNAME.log 2>&1
/tmp/slurmd/job47721331/slurm_script: line 18: 29681 Bus error               ipengine --file=ipengine.json >> .ipengine_logs/$JOBNAME.log 2>&1
/tmp/slurmd/job47721331/slurm_script: line 18: 29254 Bus error               ipengine --file=ipengine.json >> .ipengine_logs/$JOBNAME.log 2>&1
/tmp/slurmd/job47721331/slurm_script: line 18: 29182 Bus error               ipengine --file=ipengine.json >> .ipengine_logs/$JOBNAME.log 2>&1
/tmp/slurmd/job47721331/slurm_script: line 18: 29684 Bus error               ipengine --file=ipengine.json >> .ipengine_logs/$JOBNAME.log 2>&1
/tmp/slurmd/job47721331/slurm_script: line 18: 29723 Bus error               ipengine --file=ipengine.json >> .ipengine_logs/$JOBNAME.log 2>&1
/tmp/slurmd/job47721331/slurm_script: line 18: 29613 Bus error               ipengine --file=ipengine.json >> .ipengine_logs/$JOBNAME.log 2>&1
/tmp/slurmd/job47721331/slurm_script: line 18: 29155 Bus error               ipengine --file=ipengine.json >> .ipengine_logs/$JOBNAME.log 2>&1
/tmp/slurmd/job47721331/slurm_script: line 18: 29597 Bus error               ipengine --file=ipengine.json >> .ipengine_logs/$JOBNAME.log 2>&1
/tmp/slurmd/job47721331/slurm_script: line 18: 29569 Bus error               ipengine --file=ipengine.json >> .ipengine_logs/$JOBNAME.log 2>&1
/tmp/slurmd/job47721331/slurm_script: line 18: 29656 Bus error               ipengine --file=ipengine.json >> .ipengine_logs/$JOBNAME.log 2>&1
/tmp/slurmd/job47721331/slurm_script: line 18: 29213 Bus error               ipengine --file=ipengine.json >> .ipengine_logs/$JOBNAME.log 2>&1
/tmp/slurmd/job47721331/slurm_script: line 18: 29492 Bus error               ipengine --file=ipengine.json >> .ipengine_logs/$JOBNAME.log 2>&1
/tmp/slurmd/job47721331/slurm_script: line 18: 29460 Bus error               ipengine --file=ipengine.json >> .ipengine_logs/$JOBNAME.log 2>&1
/tmp/slurmd/job47721331/slurm_script: line 18: 29672 Bus error               ipengine --file=ipengine.json >> .ipengine_logs/$JOBNAME.log 2>&1
/tmp/slurmd/job47721331/slurm_script: line 18: 29682 Bus error               ipengine --file=ipengine.json >> .ipengine_logs/$JOBNAME.log 2>&1
/tmp/slurmd/job47721331/slurm_script: line 18: 29748 Bus error               ipengine --file=ipengine.json >> .ipengine_logs/$JOBNAME.log 2>&1
/tmp/slurmd/job47721331/slurm_script: line 18: 29671 Bus error               ipengine --file=ipengine.json >> .ipengine_logs/$JOBNAME.log 2>&1
/tmp/slurmd/job47721331/slurm_script: line 18: 28065 Bus error               ipengine --file=ipengine.json >> .ipengine_logs/$JOBNAME.log 2>&1
/tmp/slurmd/job47721331/slurm_script: line 18: 28077 Killed                  ipengine --file=ipengine.json >> .ipengine_logs/$JOBNAME.log 2>&1
/tmp/slurmd/job47721331/slurm_script: line 18: 29154 Bus error               ipengine --file=ipengine.json >> .ipengine_logs/$JOBNAME.log 2>&1
/tmp/slurmd/job47721331/slurm_script: line 18: 29123 Bus error               ipengine --file=ipengine.json >> .ipengine_logs/$JOBNAME.log 2>&1
/tmp/slurmd/job47721331/slurm_script: line 18: 28316 Bus error               ipengine --file=ipengine.json >> .ipengine_logs/$JOBNAME.log 2>&1
/tmp/slurmd/job47721331/slurm_script: line 18: 28222 Bus error               ipengine --file=ipengine.json >> .ipengine_logs/$JOBNAME.log 2>&1
/tmp/slurmd/job47721331/slurm_script: line 18: 28078 Killed                  ipengine --file=ipengine.json >> .ipengine_logs/$JOBNAME.log 2>&1
/tmp/slurmd/job47721331/slurm_script: line 18: 28081 Killed                  ipengine --file=ipengine.json >> .ipengine_logs/$JOBNAME.log 2>&1
/tmp/slurmd/job47721331/slurm_script: line 18: 29117 Bus error               ipengine --file=ipengine.json >> .ipengine_logs/$JOBNAME.log 2>&1
/tmp/slurmd/job47721331/slurm_script: line 18: 29462 Bus error               ipengine --file=ipengine.json >> .ipengine_logs/$JOBNAME.log 2>&1
/tmp/slurmd/job47721331/slurm_script: line 18: 29202 Bus error               ipengine --file=ipengine.json >> .ipengine_logs/$JOBNAME.log 2>&1
/tmp/slurmd/job47721331/slurm_script: line 18: 29478 Bus error               ipengine --file=ipengine.json >> .ipengine_logs/$JOBNAME.log 2>&1
/tmp/slurmd/job47721331/slurm_script: line 18: 28083 Killed                  ipengine --file=ipengine.json >> .ipengine_logs/$JOBNAME.log 2>&1
/tmp/slurmd/job47721331/slurm_script: line 18: 28084 Killed                  ipengine --file=ipengine.json >> .ipengine_logs/$JOBNAME.log 2>&1
/tmp/slurmd/job47721331/slurm_script: line 18: 29728 Bus error               ipengine --file=ipengine.json >> .ipengine_logs/$JOBNAME.log 2>&1
/tmp/slurmd/job47721331/slurm_script: line 18: 28086 Killed                  ipengine --file=ipengine.json >> .ipengine_logs/$JOBNAME.log 2>&1
/tmp/slurmd/job47721331/slurm_script: line 18: 29614 Bus error               ipengine --file=ipengine.json >> .ipengine_logs/$JOBNAME.log 2>&1
/tmp/slurmd/job47721331/slurm_script: line 18: 29453 Bus error               ipengine --file=ipengine.json >> .ipengine_logs/$JOBNAME.log 2>&1
/tmp/slurmd/job47721331/slurm_script: line 18: 29714 Bus error               ipengine --file=ipengine.json >> .ipengine_logs/$JOBNAME.log 2>&1
/tmp/slurmd/job47721331/slurm_script: line 18: 29248 Bus error               ipengine --file=ipengine.json >> .ipengine_logs/$JOBNAME.log 2>&1
/tmp/slurmd/job47721331/slurm_script: line 18: 28087 Killed                  ipengine --file=ipengine.json >> .ipengine_logs/$JOBNAME.log 2>&1
/tmp/slurmd/job47721331/slurm_script: line 18: 29336 Bus error               ipengine --file=ipengine.json >> .ipengine_logs/$JOBNAME.log 2>&1
/tmp/slurmd/job47721331/slurm_script: line 18: 28853 Bus error               ipengine --file=ipengine.json >> .ipengine_logs/$JOBNAME.log 2>&1
/tmp/slurmd/job47721331/slurm_script: line 18: 29720 Killed                  ipengine --file=ipengine.json >> .ipengine_logs/$JOBNAME.log 2>&1
/tmp/slurmd/job47721331/slurm_script: line 18: 29432 Bus error               ipengine --file=ipengine.json >> .ipengine_logs/$JOBNAME.log 2>&1
/tmp/slurmd/job47721331/slurm_script: line 18: 28088 Killed                  ipengine --file=ipengine.json >> .ipengine_logs/$JOBNAME.log 2>&1
/tmp/slurmd/job47721331/slurm_script: line 18: 28829 Bus error               ipengine --file=ipengine.json >> .ipengine_logs/$JOBNAME.log 2>&1
/tmp/slurmd/job47721331/slurm_script: line 18: 28589 Bus error               ipengine --file=ipengine.json >> .ipengine_logs/$JOBNAME.log 2>&1
/tmp/slurmd/job47721331/slurm_script: line 18: 28090 Killed                  ipengine --file=ipengine.json >> .ipengine_logs/$JOBNAME.log 2>&1
/tmp/slurmd/job47721331/slurm_script: line 18: 28843 Bus error               ipengine --file=ipengine.json >> .ipengine_logs/$JOBNAME.log 2>&1
/tmp/slurmd/job47721331/slurm_script: line 18: 28216 Bus error               ipengine --file=ipengine.json >> .ipengine_logs/$JOBNAME.log 2>&1
/tmp/slurmd/job47721331/slurm_script: line 18: 28098 Killed                  ipengine --file=ipengine.json >> .ipengine_logs/$JOBNAME.log 2>&1
/tmp/slurmd/job47721331/slurm_script: line 18: 28093 Killed                  ipengine --file=ipengine.json >> .ipengine_logs/$JOBNAME.log 2>&1
/tmp/slurmd/job47721331/slurm_script: line 18: 29113 Bus error               ipengine --file=ipengine.json >> .ipengine_logs/$JOBNAME.log 2>&1
/tmp/slurmd/job47721331/slurm_script: line 18: 28102 Killed                  ipengine --file=ipengine.json >> .ipengine_logs/$JOBNAME.log 2>&1
/tmp/slurmd/job47721331/slurm_script: line 18: 29647 Bus error               ipengine --file=ipengine.json >> .ipengine_logs/$JOBNAME.log 2>&1
/tmp/slurmd/job47721331/slurm_script: line 18: 28091 Killed                  ipengine --file=ipengine.json >> .ipengine_logs/$JOBNAME.log 2>&1
/tmp/slurmd/job47721331/slurm_script: line 18: 29227 Bus error               ipengine --file=ipengine.json >> .ipengine_logs/$JOBNAME.log 2>&1
/tmp/slurmd/job47721331/slurm_script: line 18: 29162 Bus error               ipengine --file=ipengine.json >> .ipengine_logs/$JOBNAME.log 2>&1
/tmp/slurmd/job47721331/slurm_script: line 18: 29173 Bus error               ipengine --file=ipengine.json >> .ipengine_logs/$JOBNAME.log 2>&1
/tmp/slurmd/job47721331/slurm_script: line 18: 28100 Bus error               ipengine --file=ipengine.json >> .ipengine_logs/$JOBNAME.log 2>&1
/tmp/slurmd/job47721331/slurm_script: line 18: 29241 Bus error               ipengine --file=ipengine.json >> .ipengine_logs/$JOBNAME.log 2>&1
/tmp/slurmd/job47721331/slurm_script: line 18: 28099 Killed                  ipengine --file=ipengine.json >> .ipengine_logs/$JOBNAME.log 2>&1
/tmp/slurmd/job47721331/slurm_script: line 18: 29371 Bus error               ipengine --file=ipengine.json >> .ipengine_logs/$JOBNAME.log 2>&1
/tmp/slurmd/job47721331/slurm_script: line 18: 28842 Bus error               ipengine --file=ipengine.json >> .ipengine_logs/$JOBNAME.log 2>&1
/tmp/slurmd/job47721331/slurm_script: line 18: 28106 Killed                  ipengine --file=ipengine.json >> .ipengine_logs/$JOBNAME.log 2>&1
/tmp/slurmd/job47721331/slurm_script: line 18: 29164 Bus error               ipengine --file=ipengine.json >> .ipengine_logs/$JOBNAME.log 2>&1
/tmp/slurmd/job47721331/slurm_script: line 18: 29253 Bus error               ipengine --file=ipengine.json >> .ipengine_logs/$JOBNAME.log 2>&1
/tmp/slurmd/job47721331/slurm_script: line 18: 29669 Bus error               ipengine --file=ipengine.json >> .ipengine_logs/$JOBNAME.log 2>&1
/tmp/slurmd/job47721331/slurm_script: line 18: 28823 Bus error               ipengine --file=ipengine.json >> .ipengine_logs/$JOBNAME.log 2>&1
/tmp/slurmd/job47721331/slurm_script: line 18: 28179 Bus error               ipengine --file=ipengine.json >> .ipengine_logs/$JOBNAME.log 2>&1
/tmp/slurmd/job47721331/slurm_script: line 18: 29153 Bus error               ipengine --file=ipengine.json >> .ipengine_logs/$JOBNAME.log 2>&1
/tmp/slurmd/job47721331/slurm_script: line 18: 29305 Bus error               ipengine --file=ipengine.json >> .ipengine_logs/$JOBNAME.log 2>&1
/tmp/slurmd/job47721331/slurm_script: line 18: 28108 Killed                  ipengine --file=ipengine.json >> .ipengine_logs/$JOBNAME.log 2>&1
/tmp/slurmd/job47721331/slurm_script: line 18: 28173 Bus error               ipengine --file=ipengine.json >> .ipengine_logs/$JOBNAME.log 2>&1
/tmp/slurmd/job47721331/slurm_script: line 18: 29220 Bus error               ipengine --file=ipengine.json >> .ipengine_logs/$JOBNAME.log 2>&1
/tmp/slurmd/job47721331/slurm_script: line 18: 28313 Bus error               ipengine --file=ipengine.json >> .ipengine_logs/$JOBNAME.log 2>&1
/tmp/slurmd/job47721331/slurm_script: line 18: 29652 Killed                  ipengine --file=ipengine.json >> .ipengine_logs/$JOBNAME.log 2>&1
/tmp/slurmd/job47721331/slurm_script: line 18: 29252 Bus error               ipengine --file=ipengine.json >> .ipengine_logs/$JOBNAME.log 2>&1
/tmp/slurmd/job47721331/slurm_script: line 18: 29716 Bus error               ipengine --file=ipengine.json >> .ipengine_logs/$JOBNAME.log 2>&1
/tmp/slurmd/job47721331/slurm_script: line 18: 29491 Bus error               ipengine --file=ipengine.json >> .ipengine_logs/$JOBNAME.log 2>&1
/tmp/slurmd/job47721331/slurm_script: line 18: 28839 Bus error               ipengine --file=ipengine.json >> .ipengine_logs/$JOBNAME.log 2>&1
/tmp/slurmd/job47721331/slurm_script: line 18: 29238 Bus error               ipengine --file=ipengine.json >> .ipengine_logs/$JOBNAME.log 2>&1
/tmp/slurmd/job47721331/slurm_script: line 18: 28231 Bus error               ipengine --file=ipengine.json >> .ipengine_logs/$JOBNAME.log 2>&1
/tmp/slurmd/job47721331/slurm_script: line 18: 29616 Bus error               ipengine --file=ipengine.json >> .ipengine_logs/$JOBNAME.log 2>&1
/tmp/slurmd/job47721331/slurm_script: line 18: 28828 Killed                  ipengine --file=ipengine.json >> .ipengine_logs/$JOBNAME.log 2>&1
/tmp/slurmd/job47721331/slurm_script: line 18: 29233 Bus error               ipengine --file=ipengine.json >> .ipengine_logs/$JOBNAME.log 2>&1
/tmp/slurmd/job47721331/slurm_script: line 18: 29214 Bus error               ipengine --file=ipengine.json >> .ipengine_logs/$JOBNAME.log 2>&1
/tmp/slurmd/job47721331/slurm_script: line 18: 28226 Bus error               ipengine --file=ipengine.json >> .ipengine_logs/$JOBNAME.log 2>&1
/tmp/slurmd/job47721331/slurm_script: line 18: 28241 Killed                  ipengine --file=ipengine.json >> .ipengine_logs/$JOBNAME.log 2>&1
/tmp/slurmd/job47721331/slurm_script: line 18: 28643 Bus error               ipengine --file=ipengine.json >> .ipengine_logs/$JOBNAME.log 2>&1
/tmp/slurmd/job47721331/slurm_script: line 18: 29225 Bus error               ipengine --file=ipengine.json >> .ipengine_logs/$JOBNAME.log 2>&1
/tmp/slurmd/job47721331/slurm_script: line 18: 28234 Killed                  ipengine --file=ipengine.json >> .ipengine_logs/$JOBNAME.log 2>&1
/tmp/slurmd/job47721331/slurm_script: line 18: 28841 Bus error               ipengine --file=ipengine.json >> .ipengine_logs/$JOBNAME.log 2>&1
/tmp/slurmd/job47721331/slurm_script: line 18: 29237 Bus error               ipengine --file=ipengine.json >> .ipengine_logs/$JOBNAME.log 2>&1
/tmp/slurmd/job47721331/slurm_script: line 18: 29231 Bus error               ipengine --file=ipengine.json >> .ipengine_logs/$JOBNAME.log 2>&1
/tmp/slurmd/job47721331/slurm_script: line 18: 28109 Killed                  ipengine --file=ipengine.json >> .ipengine_logs/$JOBNAME.log 2>&1
/tmp/slurmd/job47721331/slurm_script: line 18: 28112 Killed                  ipengine --file=ipengine.json >> .ipengine_logs/$JOBNAME.log 2>&1
/tmp/slurmd/job47721331/slurm_script: line 18: 28110 Killed                  ipengine --file=ipengine.json >> .ipengine_logs/$JOBNAME.log 2>&1
/tmp/slurmd/job47721331/slurm_script: line 18: 29551 Bus error               ipengine --file=ipengine.json >> .ipengine_logs/$JOBNAME.log 2>&1
/tmp/slurmd/job47721331/slurm_script: line 18: 28321 Bus error               ipengine --file=ipengine.json >> .ipengine_logs/$JOBNAME.log 2>&1
/tmp/slurmd/job47721331/slurm_script: line 18: 28207 Killed                  ipengine --file=ipengine.json >> .ipengine_logs/$JOBNAME.log 2>&1
/tmp/slurmd/job47721331/slurm_script: line 18: 28170 Killed                  ipengine --file=ipengine.json >> .ipengine_logs/$JOBNAME.log 2>&1
/tmp/slurmd/job47721331/slurm_script: line 18: 28835 Bus error               ipengine --file=ipengine.json >> .ipengine_logs/$JOBNAME.log 2>&1
/tmp/slurmd/job47721331/slurm_script: line 18: 28239 Bus error               ipengine --file=ipengine.json >> .ipengine_logs/$JOBNAME.log 2>&1
/tmp/slurmd/job47721331/slurm_script: line 18: 28209 Killed                  ipengine --file=ipengine.json >> .ipengine_logs/$JOBNAME.log 2>&1
/tmp/slurmd/job47721331/slurm_script: line 18: 29244 Bus error               ipengine --file=ipengine.json >> .ipengine_logs/$JOBNAME.log 2>&1
/tmp/slurmd/job47721331/slurm_script: line 18: 29169 Bus error               ipengine --file=ipengine.json >> .ipengine_logs/$JOBNAME.log 2>&1
/tmp/slurmd/job47721331/slurm_script: line 18: 29679 Bus error               ipengine --file=ipengine.json >> .ipengine_logs/$JOBNAME.log 2>&1
/tmp/slurmd/job47721331/slurm_script: line 18: 29386 Bus error               ipengine --file=ipengine.json >> .ipengine_logs/$JOBNAME.log 2>&1
/tmp/slurmd/job47721331/slurm_script: line 18: 28664 Bus error               ipengine --file=ipengine.json >> .ipengine_logs/$JOBNAME.log 2>&1
/tmp/slurmd/job47721331/slurm_script: line 18: 28223 Killed                  ipengine --file=ipengine.json >> .ipengine_logs/$JOBNAME.log 2>&1
/tmp/slurmd/job47721331/slurm_script: line 18: 28217 Killed                  ipengine --file=ipengine.json >> .ipengine_logs/$JOBNAME.log 2>&1
/tmp/slurmd/job47721331/slurm_script: line 18: 29207 Bus error               ipengine --file=ipengine.json >> .ipengine_logs/$JOBNAME.log 2>&1
/tmp/slurmd/job47721331/slurm_script: line 18: 28237 Killed                  ipengine --file=ipengine.json >> .ipengine_logs/$JOBNAME.log 2>&1
/tmp/slurmd/job47721331/slurm_script: line 18: 29306 Bus error               ipengine --file=ipengine.json >> .ipengine_logs/$JOBNAME.log 2>&1
/tmp/slurmd/job47721331/slurm_script: line 18: 28240 Killed                  ipengine --file=ipengine.json >> .ipengine_logs/$JOBNAME.log 2>&1
/tmp/slurmd/job47721331/slurm_script: line 18: 29712 Bus error               ipengine --file=ipengine.json >> .ipengine_logs/$JOBNAME.log 2>&1
/tmp/slurmd/job47721331/slurm_script: line 18: 29481 Bus error               ipengine --file=ipengine.json >> .ipengine_logs/$JOBNAME.log 2>&1
/tmp/slurmd/job47721331/slurm_script: line 18: 28645 Bus error               ipengine --file=ipengine.json >> .ipengine_logs/$JOBNAME.log 2>&1
/tmp/slurmd/job47721331/slurm_script: line 18: 29235 Bus error               ipengine --file=ipengine.json >> .ipengine_logs/$JOBNAME.log 2>&1
/tmp/slurmd/job47721331/slurm_script: line 18: 29223 Bus error               ipengine --file=ipengine.json >> .ipengine_logs/$JOBNAME.log 2>&1
/tmp/slurmd/job47721331/slurm_script: line 18: 28854 Bus error               ipengine --file=ipengine.json >> .ipengine_logs/$JOBNAME.log 2>&1
/tmp/slurmd/job47721331/slurm_script: line 18: 28307 Killed                  ipengine --file=ipengine.json >> .ipengine_logs/$JOBNAME.log 2>&1
/tmp/slurmd/job47721331/slurm_script: line 18: 29118 Bus error               ipengine --file=ipengine.json >> .ipengine_logs/$JOBNAME.log 2>&1
/tmp/slurmd/job47721331/slurm_script: line 18: 29249 Bus error               ipengine --file=ipengine.json >> .ipengine_logs/$JOBNAME.log 2>&1
/tmp/slurmd/job47721331/slurm_script: line 18: 28242 Killed                  ipengine --file=ipengine.json >> .ipengine_logs/$JOBNAME.log 2>&1
/tmp/slurmd/job47721331/slurm_script: line 18: 29449 Bus error               ipengine --file=ipengine.json >> .ipengine_logs/$JOBNAME.log 2>&1
/tmp/slurmd/job47721331/slurm_script: line 18: 29433 Bus error               ipengine --file=ipengine.json >> .ipengine_logs/$JOBNAME.log 2>&1
/tmp/slurmd/job47721331/slurm_script: line 18: 29251 Bus error               ipengine --file=ipengine.json >> .ipengine_logs/$JOBNAME.log 2>&1
/tmp/slurmd/job47721331/slurm_script: line 18: 28311 Killed                  ipengine --file=ipengine.json >> .ipengine_logs/$JOBNAME.log 2>&1
/tmp/slurmd/job47721331/slurm_script: line 18: 29378 Bus error               ipengine --file=ipengine.json >> .ipengine_logs/$JOBNAME.log 2>&1
/tmp/slurmd/job47721331/slurm_script: line 18: 28258 Killed                  ipengine --file=ipengine.json >> .ipengine_logs/$JOBNAME.log 2>&1
/tmp/slurmd/job47721331/slurm_script: line 18: 28873 Bus error               ipengine --file=ipengine.json >> .ipengine_logs/$JOBNAME.log 2>&1
/tmp/slurmd/job47721331/slurm_script: line 18: 29167 Bus error               ipengine --file=ipengine.json >> .ipengine_logs/$JOBNAME.log 2>&1
/tmp/slurmd/job47721331/slurm_script: line 18: 28327 Bus error               ipengine --file=ipengine.json >> .ipengine_logs/$JOBNAME.log 2>&1
/tmp/slurmd/job47721331/slurm_script: line 18: 29212 Bus error               ipengine --file=ipengine.json >> .ipengine_logs/$JOBNAME.log 2>&1
/tmp/slurmd/job47721331/slurm_script: line 18: 28208 Killed                  ipengine --file=ipengine.json >> .ipengine_logs/$JOBNAME.log 2>&1
/tmp/slurmd/job47721331/slurm_script: line 18: 28822 Bus error               ipengine --file=ipengine.json >> .ipengine_logs/$JOBNAME.log 2>&1
/tmp/slurmd/job47721331/slurm_script: line 18: 28244 Killed                  ipengine --file=ipengine.json >> .ipengine_logs/$JOBNAME.log 2>&1
/tmp/slurmd/job47721331/slurm_script: line 18: 28780 Bus error               ipengine --file=ipengine.json >> .ipengine_logs/$JOBNAME.log 2>&1
/tmp/slurmd/job47721331/slurm_script: line 18: 29287 Bus error               ipengine --file=ipengine.json >> .ipengine_logs/$JOBNAME.log 2>&1
/tmp/slurmd/job47721331/slurm_script: line 18: 28572 Bus error               ipengine --file=ipengine.json >> .ipengine_logs/$JOBNAME.log 2>&1
/tmp/slurmd/job47721331/slurm_script: line 18: 29545 Bus error               ipengine --file=ipengine.json >> .ipengine_logs/$JOBNAME.log 2>&1
/tmp/slurmd/job47721331/slurm_script: line 18: 28825 Bus error               ipengine --file=ipengine.json >> .ipengine_logs/$JOBNAME.log 2>&1
/tmp/slurmd/job47721331/slurm_script: line 18: 29698 Bus error               ipengine --file=ipengine.json >> .ipengine_logs/$JOBNAME.log 2>&1
/tmp/slurmd/job47721331/slurm_script: line 18: 28210 Killed                  ipengine --file=ipengine.json >> .ipengine_logs/$JOBNAME.log 2>&1
/tmp/slurmd/job47721331/slurm_script: line 18: 28981 Bus error               ipengine --file=ipengine.json >> .ipengine_logs/$JOBNAME.log 2>&1
/tmp/slurmd/job47721331/slurm_script: line 18: 28228 Bus error               ipengine --file=ipengine.json >> .ipengine_logs/$JOBNAME.log 2>&1
/tmp/slurmd/job47721331/slurm_script: line 18: 29309 Bus error               ipengine --file=ipengine.json >> .ipengine_logs/$JOBNAME.log 2>&1
/tmp/slurmd/job47721331/slurm_script: line 18: 28850 Bus error               ipengine --file=ipengine.json >> .ipengine_logs/$JOBNAME.log 2>&1
/tmp/slurmd/job47721331/slurm_script: line 18: 29177 Bus error               ipengine --file=ipengine.json >> .ipengine_logs/$JOBNAME.log 2>&1
/tmp/slurmd/job47721331/slurm_script: line 18: 28667 Bus error               ipengine --file=ipengine.json >> .ipengine_logs/$JOBNAME.log 2>&1
/tmp/slurmd/job47721331/slurm_script: line 18: 28094 Killed                  ipengine --file=ipengine.json >> .ipengine_logs/$JOBNAME.log 2>&1
/tmp/slurmd/job47721331/slurm_script: line 18: 29495 Bus error               ipengine --file=ipengine.json >> .ipengine_logs/$JOBNAME.log 2>&1
/tmp/slurmd/job47721331/slurm_script: line 18: 28259 Bus error               ipengine --file=ipengine.json >> .ipengine_logs/$JOBNAME.log 2>&1
/tmp/slurmd/job47721331/slurm_script: line 18: 28851 Bus error               ipengine --file=ipengine.json >> .ipengine_logs/$JOBNAME.log 2>&1
/tmp/slurmd/job47721331/slurm_script: line 18: 29201 Bus error               ipengine --file=ipengine.json >> .ipengine_logs/$JOBNAME.log 2>&1
/tmp/slurmd/job47721331/slurm_script: line 18: 28655 Bus error               ipengine --file=ipengine.json >> .ipengine_logs/$JOBNAME.log 2>&1
/tmp/slurmd/job47721331/slurm_script: line 18: 29454 Bus error               ipengine --file=ipengine.json >> .ipengine_logs/$JOBNAME.log 2>&1
/tmp/slurmd/job47721331/slurm_script: line 18: 28243 Killed                  ipengine --file=ipengine.json >> .ipengine_logs/$JOBNAME.log 2>&1
/tmp/slurmd/job47721331/slurm_script: line 18: 28246 Bus error               ipengine --file=ipengine.json >> .ipengine_logs/$JOBNAME.log 2>&1
/tmp/slurmd/job47721331/slurm_script: line 18: 28763 Bus error               ipengine --file=ipengine.json >> .ipengine_logs/$JOBNAME.log 2>&1
/tmp/slurmd/job47721331/slurm_script: line 18: 29250 Bus error               ipengine --file=ipengine.json >> .ipengine_logs/$JOBNAME.log 2>&1
/tmp/slurmd/job47721331/slurm_script: line 18: 28314 Killed                  ipengine --file=ipengine.json >> .ipengine_logs/$JOBNAME.log 2>&1
/tmp/slurmd/job47721331/slurm_script: line 18: 28577 Bus error               ipengine --file=ipengine.json >> .ipengine_logs/$JOBNAME.log 2>&1
/tmp/slurmd/job47721331/slurm_script: line 18: 29321 Bus error               ipengine --file=ipengine.json >> .ipengine_logs/$JOBNAME.log 2>&1
/tmp/slurmd/job47721331/slurm_script: line 18: 29172 Bus error               ipengine --file=ipengine.json >> .ipengine_logs/$JOBNAME.log 2>&1
/tmp/slurmd/job47721331/slurm_script: line 18: 29442 Bus error               ipengine --file=ipengine.json >> .ipengine_logs/$JOBNAME.log 2>&1
/tmp/slurmd/job47721331/slurm_script: line 18: 29179 Bus error               ipengine --file=ipengine.json >> .ipengine_logs/$JOBNAME.log 2>&1
/tmp/slurmd/job47721331/slurm_script: line 18: 28325 Killed                  ipengine --file=ipengine.json >> .ipengine_logs/$JOBNAME.log 2>&1
/tmp/slurmd/job47721331/slurm_script: line 18: 29717 Bus error               ipengine --file=ipengine.json >> .ipengine_logs/$JOBNAME.log 2>&1
/tmp/slurmd/job47721331/slurm_script: line 18: 28846 Bus error               ipengine --file=ipengine.json >> .ipengine_logs/$JOBNAME.log 2>&1
/tmp/slurmd/job47721331/slurm_script: line 18: 28631 Bus error               ipengine --file=ipengine.json >> .ipengine_logs/$JOBNAME.log 2>&1
/tmp/slurmd/job47721331/slurm_script: line 18: 29446 Bus error               ipengine --file=ipengine.json >> .ipengine_logs/$JOBNAME.log 2>&1
/tmp/slurmd/job47721331/slurm_script: line 18: 28326 Killed                  ipengine --file=ipengine.json >> .ipengine_logs/$JOBNAME.log 2>&1
/tmp/slurmd/job47721331/slurm_script: line 18: 28777 Bus error               ipengine --file=ipengine.json >> .ipengine_logs/$JOBNAME.log 2>&1
/tmp/slurmd/job47721331/slurm_script: line 18: 28328 Killed                  ipengine --file=ipengine.json >> .ipengine_logs/$JOBNAME.log 2>&1
/tmp/slurmd/job47721331/slurm_script: line 18: 28632 Bus error               ipengine --file=ipengine.json >> .ipengine_logs/$JOBNAME.log 2>&1
/tmp/slurmd/job47721331/slurm_script: line 18: 29122 Bus error               ipengine --file=ipengine.json >> .ipengine_logs/$JOBNAME.log 2>&1
/tmp/slurmd/job47721331/slurm_script: line 18: 29549 Bus error               ipengine --file=ipengine.json >> .ipengine_logs/$JOBNAME.log 2>&1
/tmp/slurmd/job47721331/slurm_script: line 18: 28576 Killed                  ipengine --file=ipengine.json >> .ipengine_logs/$JOBNAME.log 2>&1
/tmp/slurmd/job47721331/slurm_script: line 18: 28866 Bus error               ipengine --file=ipengine.json >> .ipengine_logs/$JOBNAME.log 2>&1
/tmp/slurmd/job47721331/slurm_script: line 18: 29200 Bus error               ipengine --file=ipengine.json >> .ipengine_logs/$JOBNAME.log 2>&1
/tmp/slurmd/job47721331/slurm_script: line 18: 29145 Bus error               ipengine --file=ipengine.json >> .ipengine_logs/$JOBNAME.log 2>&1
/tmp/slurmd/job47721331/slurm_script: line 18: 29178 Bus error               ipengine --file=ipengine.json >> .ipengine_logs/$JOBNAME.log 2>&1
/tmp/slurmd/job47721331/slurm_script: line 18: 28334 Killed                  ipengine --file=ipengine.json >> .ipengine_logs/$JOBNAME.log 2>&1
/tmp/slurmd/job47721331/slurm_script: line 18: 29713 Bus error               ipengine --file=ipengine.json >> .ipengine_logs/$JOBNAME.log 2>&1
/tmp/slurmd/job47721331/slurm_script: line 18: 28315 Bus error               ipengine --file=ipengine.json >> .ipengine_logs/$JOBNAME.log 2>&1
/tmp/slurmd/job47721331/slurm_script: line 18: 29338 Bus error               ipengine --file=ipengine.json >> .ipengine_logs/$JOBNAME.log 2>&1
/tmp/slurmd/job47721331/slurm_script: line 18: 28834 Bus error               ipengine --file=ipengine.json >> .ipengine_logs/$JOBNAME.log 2>&1
/tmp/slurmd/job47721331/slurm_script: line 18: 29125 Bus error               ipengine --file=ipengine.json >> .ipengine_logs/$JOBNAME.log 2>&1
/tmp/slurmd/job47721331/slurm_script: line 18: 29451 Bus error               ipengine --file=ipengine.json >> .ipengine_logs/$JOBNAME.log 2>&1
/tmp/slurmd/job47721331/slurm_script: line 18: 28310 Bus error               ipengine --file=ipengine.json >> .ipengine_logs/$JOBNAME.log 2>&1
/tmp/slurmd/job47721331/slurm_script: line 18: 29744 Bus error               ipengine --file=ipengine.json >> .ipengine_logs/$JOBNAME.log 2>&1
/tmp/slurmd/job47721331/slurm_script: line 18: 28573 Killed                  ipengine --file=ipengine.json >> .ipengine_logs/$JOBNAME.log 2>&1
/tmp/slurmd/job47721331/slurm_script: line 18: 29151 Bus error               ipengine --file=ipengine.json >> .ipengine_logs/$JOBNAME.log 2>&1
/tmp/slurmd/job47721331/slurm_script: line 18: 29696 Bus error               ipengine --file=ipengine.json >> .ipengine_logs/$JOBNAME.log 2>&1
/tmp/slurmd/job47721331/slurm_script: line 18: 29217 Bus error               ipengine --file=ipengine.json >> .ipengine_logs/$JOBNAME.log 2>&1
/tmp/slurmd/job47721331/slurm_script: line 18: 29160 Bus error               ipengine --file=ipengine.json >> .ipengine_logs/$JOBNAME.log 2>&1
/tmp/slurmd/job47721331/slurm_script: line 18: 29683 Bus error               ipengine --file=ipengine.json >> .ipengine_logs/$JOBNAME.log 2>&1
/tmp/slurmd/job47721331/slurm_script: line 18: 29150 Bus error               ipengine --file=ipengine.json >> .ipengine_logs/$JOBNAME.log 2>&1
/tmp/slurmd/job47721331/slurm_script: line 18: 29700 Bus error               ipengine --file=ipengine.json >> .ipengine_logs/$JOBNAME.log 2>&1
/tmp/slurmd/job47721331/slurm_script: line 18: 28571 Killed                  ipengine --file=ipengine.json >> .ipengine_logs/$JOBNAME.log 2>&1
/tmp/slurmd/job47721331/slurm_script: line 18: 28634 Killed                  ipengine --file=ipengine.json >> .ipengine_logs/$JOBNAME.log 2>&1
/tmp/slurmd/job47721331/slurm_script: line 18: 29099 Bus error               ipengine --file=ipengine.json >> .ipengine_logs/$JOBNAME.log 2>&1
/tmp/slurmd/job47721331/slurm_script: line 18: 29619 Bus error               ipengine --file=ipengine.json >> .ipengine_logs/$JOBNAME.log 2>&1
/tmp/slurmd/job47721331/slurm_script: line 18: 29205 Bus error               ipengine --file=ipengine.json >> .ipengine_logs/$JOBNAME.log 2>&1
/tmp/slurmd/job47721331/slurm_script: line 18: 28648 Bus error               ipengine --file=ipengine.json >> .ipengine_logs/$JOBNAME.log 2>&1
/tmp/slurmd/job47721331/slurm_script: line 18: 28644 Bus error               ipengine --file=ipengine.json >> .ipengine_logs/$JOBNAME.log 2>&1
/tmp/slurmd/job47721331/slurm_script: line 18: 29307 Bus error               ipengine --file=ipengine.json >> .ipengine_logs/$JOBNAME.log 2>&1
/tmp/slurmd/job47721331/slurm_script: line 18: 29109 Bus error               ipengine --file=ipengine.json >> .ipengine_logs/$JOBNAME.log 2>&1
/tmp/slurmd/job47721331/slurm_script: line 18: 29110 Bus error               ipengine --file=ipengine.json >> .ipengine_logs/$JOBNAME.log 2>&1
/tmp/slurmd/job47721331/slurm_script: line 18: 29320 Bus error               ipengine --file=ipengine.json >> .ipengine_logs/$JOBNAME.log 2>&1
/tmp/slurmd/job47721331/slurm_script: line 18: 28983 Bus error               ipengine --file=ipengine.json >> .ipengine_logs/$JOBNAME.log 2>&1
/tmp/slurmd/job47721331/slurm_script: line 18: 29148 Bus error               ipengine --file=ipengine.json >> .ipengine_logs/$JOBNAME.log 2>&1
/tmp/slurmd/job47721331/slurm_script: line 18: 29658 Bus error               ipengine --file=ipengine.json >> .ipengine_logs/$JOBNAME.log 2>&1
/tmp/slurmd/job47721331/slurm_script: line 18: 29208 Bus error               ipengine --file=ipengine.json >> .ipengine_logs/$JOBNAME.log 2>&1
/tmp/slurmd/job47721331/slurm_script: line 18: 28322 Bus error               ipengine --file=ipengine.json >> .ipengine_logs/$JOBNAME.log 2>&1
/tmp/slurmd/job47721331/slurm_script: line 18: 29130 Bus error               ipengine --file=ipengine.json >> .ipengine_logs/$JOBNAME.log 2>&1
/tmp/slurmd/job47721331/slurm_script: line 18: 29131 Killed                  ipengine --file=ipengine.json >> .ipengine_logs/$JOBNAME.log 2>&1
/tmp/slurmd/job47721331/slurm_script: line 18: 29440 Bus error               ipengine --file=ipengine.json >> .ipengine_logs/$JOBNAME.log 2>&1
/tmp/slurmd/job47721331/slurm_script: line 18: 28652 Killed                  ipengine --file=ipengine.json >> .ipengine_logs/$JOBNAME.log 2>&1
/tmp/slurmd/job47721331/slurm_script: line 18: 28744 Bus error               ipengine --file=ipengine.json >> .ipengine_logs/$JOBNAME.log 2>&1
/tmp/slurmd/job47721331/slurm_script: line 18: 28872 Bus error               ipengine --file=ipengine.json >> .ipengine_logs/$JOBNAME.log 2>&1
/tmp/slurmd/job47721331/slurm_script: line 18: 29648 Bus error               ipengine --file=ipengine.json >> .ipengine_logs/$JOBNAME.log 2>&1
/tmp/slurmd/job47721331/slurm_script: line 18: 29480 Bus error               ipengine --file=ipengine.json >> .ipengine_logs/$JOBNAME.log 2>&1
/tmp/slurmd/job47721331/slurm_script: line 18: 28663 Killed                  ipengine --file=ipengine.json >> .ipengine_logs/$JOBNAME.log 2>&1
/tmp/slurmd/job47721331/slurm_script: line 18: 28855 Bus error               ipengine --file=ipengine.json >> .ipengine_logs/$JOBNAME.log 2>&1
/tmp/slurmd/job47721331/slurm_script: line 18: 29450 Bus error               ipengine --file=ipengine.json >> .ipengine_logs/$JOBNAME.log 2>&1
/tmp/slurmd/job47721331/slurm_script: line 18: 29242 Bus error               ipengine --file=ipengine.json >> .ipengine_logs/$JOBNAME.log 2>&1
/tmp/slurmd/job47721331/slurm_script: line 18: 29479 Bus error               ipengine --file=ipengine.json >> .ipengine_logs/$JOBNAME.log 2>&1
/tmp/slurmd/job47721331/slurm_script: line 18: 28588 Killed                  ipengine --file=ipengine.json >> .ipengine_logs/$JOBNAME.log 2>&1
/tmp/slurmd/job47721331/slurm_script: line 18: 29308 Bus error               ipengine --file=ipengine.json >> .ipengine_logs/$JOBNAME.log 2>&1
/tmp/slurmd/job47721331/slurm_script: line 18: 29218 Bus error               ipengine --file=ipengine.json >> .ipengine_logs/$JOBNAME.log 2>&1
/tmp/slurmd/job47721331/slurm_script: line 18: 29327 Bus error               ipengine --file=ipengine.json >> .ipengine_logs/$JOBNAME.log 2>&1
/tmp/slurmd/job47721331/slurm_script: line 18: 29697 Bus error               ipengine --file=ipengine.json >> .ipengine_logs/$JOBNAME.log 2>&1
/tmp/slurmd/job47721331/slurm_script: line 18: 28670 Killed                  ipengine --file=ipengine.json >> .ipengine_logs/$JOBNAME.log 2>&1
/tmp/slurmd/job47721331/slurm_script: line 18: 29708 Bus error               ipengine --file=ipengine.json >> .ipengine_logs/$JOBNAME.log 2>&1
/tmp/slurmd/job47721331/slurm_script: line 18: 29294 Bus error               ipengine --file=ipengine.json >> .ipengine_logs/$JOBNAME.log 2>&1
/tmp/slurmd/job47721331/slurm_script: line 18: 29374 Bus error               ipengine --file=ipengine.json >> .ipengine_logs/$JOBNAME.log 2>&1
/tmp/slurmd/job47721331/slurm_script: line 18: 28830 Bus error               ipengine --file=ipengine.json >> .ipengine_logs/$JOBNAME.log 2>&1
/tmp/slurmd/job47721331/slurm_script: line 18: 29503 Bus error               ipengine --file=ipengine.json >> .ipengine_logs/$JOBNAME.log 2>&1
slurmstepd-midway504: error: Detected 3910 oom-kill event(s) in step 47721331.batch cgroup.
