2018-07-17 13:56:47.991 [IPControllerApp] Created profile dir: '/scratch/midway2/madduru/parsl/parsl/tests/integration/test_stress/runinfo/1162/profile_midway_ipp'
2018-07-17 13:56:48.011 [IPControllerApp] Hub listening on tcp://*:38619 for registration.
2018-07-17 13:56:48.013 [IPControllerApp] Hub using DB backend: 'DictDB'
2018-07-17 13:56:48.277 [IPControllerApp] hub::created hub
2018-07-17 13:56:48.278 [IPControllerApp] writing connection info to /scratch/midway2/madduru/parsl/parsl/tests/integration/test_stress/runinfo/1162/profile_midway_ipp/security/ipcontroller-client.json
2018-07-17 13:56:48.279 [IPControllerApp] writing connection info to /scratch/midway2/madduru/parsl/parsl/tests/integration/test_stress/runinfo/1162/profile_midway_ipp/security/ipcontroller-engine.json
2018-07-17 13:56:48.280 [IPControllerApp] task::using Python leastload Task scheduler
2018-07-17 13:56:48.280 [IPControllerApp] Heartmonitor started
2018-07-17 13:56:48.293 [IPControllerApp] Creating pid file: /scratch/midway2/madduru/parsl/parsl/tests/integration/test_stress/runinfo/1162/profile_midway_ipp/pid/ipcontroller.pid
2018-07-17 13:56:48.306 [scheduler] Scheduler started [leastload]
2018-07-17 13:56:48.309 [IPControllerApp] client::client b'\x00k\x8bEg' requested 'connection_request'
2018-07-17 13:56:48.310 [IPControllerApp] client::client [b'\x00k\x8bEg'] connected
2018-07-17 13:56:49.175 [IPControllerApp] client::client b'\x00k\x8bEh' requested 'connection_request'
2018-07-17 13:56:49.175 [IPControllerApp] client::client [b'\x00k\x8bEh'] connected
2018-07-17 13:56:51.161 [IPControllerApp] client::client b'08c00eef-7434ff9dddec01f7f6ef6102' requested 'registration_request'
2018-07-17 13:56:54.283 [IPControllerApp] registration::finished registering engine 0:08c00eef-7434ff9dddec01f7f6ef6102
2018-07-17 13:56:54.284 [IPControllerApp] engine::Engine Connected: 0
2018-07-17 13:56:54.289 [IPControllerApp] task::task '6a5e4fb3-c30196cd5cbb1844c704f106' arrived on 0
2018-07-17 13:57:04.839 [IPControllerApp] task::task '72c228da-ecb6625a03a1620779e14361' arrived on 0
2018-07-17 13:57:04.841 [IPControllerApp] task::task '6a5e4fb3-c30196cd5cbb1844c704f106' finished on 0
2018-07-17 13:57:14.856 [IPControllerApp] task::task '575a2265-0bf20636e71dc95b7351c659' arrived on 0
2018-07-17 13:57:14.857 [IPControllerApp] task::task '72c228da-ecb6625a03a1620779e14361' finished on 0
2018-07-17 13:57:24.872 [IPControllerApp] task::task 'f1951fcd-219109781dea91dcd004130f' arrived on 0
2018-07-17 13:57:24.873 [IPControllerApp] task::task '575a2265-0bf20636e71dc95b7351c659' finished on 0
2018-07-17 13:57:34.886 [IPControllerApp] task::task 'e9743830-523e02d3c4aa6c3367375e01' arrived on 0
2018-07-17 13:57:34.888 [IPControllerApp] task::task 'f1951fcd-219109781dea91dcd004130f' finished on 0
2018-07-17 13:57:44.901 [IPControllerApp] task::task '28ac1de9-b66e4e7ad2e0c3bbbed10a15' arrived on 0
2018-07-17 13:57:44.903 [IPControllerApp] task::task 'e9743830-523e02d3c4aa6c3367375e01' finished on 0
2018-07-17 13:57:54.917 [IPControllerApp] task::task '532cb249-5efad490d72b1baa10801d2f' arrived on 0
2018-07-17 13:57:54.918 [IPControllerApp] task::task '28ac1de9-b66e4e7ad2e0c3bbbed10a15' finished on 0
2018-07-17 13:58:04.932 [IPControllerApp] task::task '24404af1-766dcf325ea77d147a163e5f' arrived on 0
2018-07-17 13:58:04.933 [IPControllerApp] task::task '532cb249-5efad490d72b1baa10801d2f' finished on 0
2018-07-17 13:58:14.947 [IPControllerApp] task::task '902669fb-df58d75f6158c547711b0e64' arrived on 0
2018-07-17 13:58:14.948 [IPControllerApp] task::task '24404af1-766dcf325ea77d147a163e5f' finished on 0
2018-07-17 13:58:24.962 [IPControllerApp] task::task 'b24581c0-4e262f90f300f0a8b51b5979' arrived on 0
2018-07-17 13:58:24.963 [IPControllerApp] task::task '902669fb-df58d75f6158c547711b0e64' finished on 0
2018-07-17 13:58:34.976 [IPControllerApp] task::task '73206dfe-2a8cee7e41a1f9eb296cfcd6' arrived on 0
2018-07-17 13:58:34.978 [IPControllerApp] task::task 'b24581c0-4e262f90f300f0a8b51b5979' finished on 0
2018-07-17 13:58:44.991 [IPControllerApp] task::task '4b31dd4a-4bb282040cd3929175d50502' arrived on 0
2018-07-17 13:58:44.992 [IPControllerApp] task::task '73206dfe-2a8cee7e41a1f9eb296cfcd6' finished on 0
2018-07-17 13:58:55.005 [IPControllerApp] task::task 'b480fd1f-571226632a2acf8f9beb35b8' arrived on 0
2018-07-17 13:58:55.006 [IPControllerApp] task::task '4b31dd4a-4bb282040cd3929175d50502' finished on 0
2018-07-17 13:59:05.021 [IPControllerApp] task::task 'a12887db-32605db209e558733b171070' arrived on 0
2018-07-17 13:59:05.023 [IPControllerApp] task::task 'b480fd1f-571226632a2acf8f9beb35b8' finished on 0
2018-07-17 13:59:15.036 [IPControllerApp] task::task '36f57af3-e0107610eb24c86fb4b7b18b' arrived on 0
2018-07-17 13:59:15.037 [IPControllerApp] task::task 'a12887db-32605db209e558733b171070' finished on 0
2018-07-17 13:59:25.051 [IPControllerApp] task::task 'e7245d59-146610462af69a6e1344eff0' arrived on 0
2018-07-17 13:59:25.052 [IPControllerApp] task::task '36f57af3-e0107610eb24c86fb4b7b18b' finished on 0
2018-07-17 13:59:35.065 [IPControllerApp] task::task '18c93be6-3b64765bc6408df1748ca42c' arrived on 0
2018-07-17 13:59:35.067 [IPControllerApp] task::task 'e7245d59-146610462af69a6e1344eff0' finished on 0
2018-07-17 13:59:45.081 [IPControllerApp] task::task '8926a48e-8f4f994f9442810faef88a9a' arrived on 0
2018-07-17 13:59:45.082 [IPControllerApp] task::task '18c93be6-3b64765bc6408df1748ca42c' finished on 0
2018-07-17 13:59:55.096 [IPControllerApp] task::task 'e0af5602-2c7f5ca115a7c7a66fcd4c7f' arrived on 0
2018-07-17 13:59:55.098 [IPControllerApp] task::task '8926a48e-8f4f994f9442810faef88a9a' finished on 0
2018-07-17 14:00:05.112 [IPControllerApp] task::task 'cd86faff-7851aba00030827cf3639186' arrived on 0
2018-07-17 14:00:05.114 [IPControllerApp] task::task 'e0af5602-2c7f5ca115a7c7a66fcd4c7f' finished on 0
2018-07-17 14:00:15.127 [IPControllerApp] task::task '1b8e05d6-dd828ecf1a16fc28bf598056' arrived on 0
2018-07-17 14:00:15.129 [IPControllerApp] task::task 'cd86faff-7851aba00030827cf3639186' finished on 0
2018-07-17 14:00:19.935 [IPControllerApp] CRITICAL | Received signal 15, shutting down
2018-07-17 14:00:19.936 [IPControllerApp] CRITICAL | terminating children...
