2018-07-19 12:58:47.738 [IPControllerApp] Created profile dir: '/scratch/midway2/madduru/parsl/parsl/tests/integration/test_stress/runinfo/1238/profile_midway_ipp'
2018-07-19 12:58:47.756 [IPControllerApp] Hub listening on tcp://*:32823 for registration.
2018-07-19 12:58:47.758 [IPControllerApp] Hub using DB backend: 'DictDB'
2018-07-19 12:58:48.021 [IPControllerApp] hub::created hub
2018-07-19 12:58:48.021 [IPControllerApp] writing connection info to /scratch/midway2/madduru/parsl/parsl/tests/integration/test_stress/runinfo/1238/profile_midway_ipp/security/ipcontroller-client.json
2018-07-19 12:58:48.022 [IPControllerApp] writing connection info to /scratch/midway2/madduru/parsl/parsl/tests/integration/test_stress/runinfo/1238/profile_midway_ipp/security/ipcontroller-engine.json
2018-07-19 12:58:48.023 [IPControllerApp] task::using Python leastload Task scheduler
2018-07-19 12:58:48.024 [IPControllerApp] Heartmonitor started
2018-07-19 12:58:48.035 [IPControllerApp] Creating pid file: /scratch/midway2/madduru/parsl/parsl/tests/integration/test_stress/runinfo/1238/profile_midway_ipp/pid/ipcontroller.pid
2018-07-19 12:58:48.045 [scheduler] Scheduler started [leastload]
2018-07-19 12:58:48.047 [IPControllerApp] client::client b'\x00k\x8bEg' requested 'connection_request'
2018-07-19 12:58:48.047 [IPControllerApp] client::client [b'\x00k\x8bEg'] connected
2018-07-19 12:58:49.163 [IPControllerApp] client::client b'\x00k\x8bEh' requested 'connection_request'
2018-07-19 12:58:49.163 [IPControllerApp] client::client [b'\x00k\x8bEh'] connected
2018-07-19 12:59:25.404 [IPControllerApp] client::client b'e637721c-1edbfe3db186868c3a448299' requested 'registration_request'
2018-07-19 12:59:25.405 [IPControllerApp] client::client b'1c6efc1f-d8d5033a0dfb6a1c5326e2a1' requested 'registration_request'
2018-07-19 12:59:30.027 [IPControllerApp] registration::finished registering engine 0:e637721c-1edbfe3db186868c3a448299
2018-07-19 12:59:30.028 [IPControllerApp] engine::Engine Connected: 0
2018-07-19 12:59:30.029 [IPControllerApp] registration::finished registering engine 1:1c6efc1f-d8d5033a0dfb6a1c5326e2a1
2018-07-19 12:59:30.030 [IPControllerApp] engine::Engine Connected: 1
2018-07-19 12:59:30.032 [IPControllerApp] task::task '4fa201f4-2a45c1025d28cb628e98c5cd' arrived on 0
2018-07-19 12:59:30.033 [IPControllerApp] task::task '27c1ae15-9c8c5c5f023448ff227ef66d' arrived on 1
2018-07-19 12:59:42.153 [IPControllerApp] task::task 'ea7c4fbb-ec78016c9be34495300c893c' arrived on 0
2018-07-19 12:59:42.154 [IPControllerApp] task::task '4fa201f4-2a45c1025d28cb628e98c5cd' finished on 0
2018-07-19 12:59:42.155 [IPControllerApp] task::task 'c8129bb1-c762884415cb4826fd2500fd' arrived on 1
2018-07-19 12:59:42.156 [IPControllerApp] task::task '27c1ae15-9c8c5c5f023448ff227ef66d' finished on 1
2018-07-19 12:59:52.174 [IPControllerApp] task::task 'e955bcf5-5607adb350d8952f5b81ba4e' arrived on 0
2018-07-19 12:59:52.175 [IPControllerApp] task::task 'ea7c4fbb-ec78016c9be34495300c893c' finished on 0
2018-07-19 12:59:52.176 [IPControllerApp] task::task 'b24b9753-b114ef6dd8f3618571d26180' arrived on 1
2018-07-19 12:59:52.178 [IPControllerApp] task::task 'c8129bb1-c762884415cb4826fd2500fd' finished on 1
2018-07-19 13:00:02.194 [IPControllerApp] task::task 'c2a5eaf8-8f42d618f5d8d8c70d210b13' arrived on 0
2018-07-19 13:00:02.195 [IPControllerApp] task::task 'e955bcf5-5607adb350d8952f5b81ba4e' finished on 0
2018-07-19 13:00:02.197 [IPControllerApp] task::task 'cdca8be6-5446abb9cecf069cb34539c5' arrived on 1
2018-07-19 13:00:02.199 [IPControllerApp] task::task 'b24b9753-b114ef6dd8f3618571d26180' finished on 1
2018-07-19 13:00:12.201 [IPControllerApp] task::task 'd0417710-110fb230a8559f511e188648' arrived on 0
2018-07-19 13:00:12.202 [IPControllerApp] task::task 'c2a5eaf8-8f42d618f5d8d8c70d210b13' finished on 0
2018-07-19 13:00:12.211 [IPControllerApp] task::task 'bb083e98-668c3b1a566540eed17ad247' arrived on 1
2018-07-19 13:00:12.212 [IPControllerApp] task::task 'cdca8be6-5446abb9cecf069cb34539c5' finished on 1
2018-07-19 13:00:22.222 [IPControllerApp] task::task 'fdac3506-26f8441a6aae57ed414c623b' arrived on 1
2018-07-19 13:00:22.223 [IPControllerApp] task::task 'bb083e98-668c3b1a566540eed17ad247' finished on 1
2018-07-19 13:00:22.223 [IPControllerApp] task::task '5e2fdd38-84d5f189f2f998a6da86a772' arrived on 0
2018-07-19 13:00:22.224 [IPControllerApp] task::task 'd0417710-110fb230a8559f511e188648' finished on 0
2018-07-19 13:00:32.242 [IPControllerApp] task::task '3997d228-c5894b7fd65a7bab5f4d7c89' arrived on 1
2018-07-19 13:00:32.243 [IPControllerApp] task::task 'fdac3506-26f8441a6aae57ed414c623b' finished on 1
2018-07-19 13:00:32.244 [IPControllerApp] task::task '87f7a113-6ec82bab4fcaca19663ad141' arrived on 0
2018-07-19 13:00:32.245 [IPControllerApp] task::task '5e2fdd38-84d5f189f2f998a6da86a772' finished on 0
2018-07-19 13:00:42.262 [IPControllerApp] task::task '1ee1d60d-ee4501b2e076eb4939790007' arrived on 1
2018-07-19 13:00:42.263 [IPControllerApp] task::task '3997d228-c5894b7fd65a7bab5f4d7c89' finished on 1
2018-07-19 13:00:42.264 [IPControllerApp] task::task 'bb94b8e3-07e101b060430f596d1df0b7' arrived on 0
2018-07-19 13:00:42.265 [IPControllerApp] task::task '87f7a113-6ec82bab4fcaca19663ad141' finished on 0
2018-07-19 13:00:52.283 [IPControllerApp] task::task 'd04ae536-28a1d9e1206405b8c96453a5' arrived on 1
2018-07-19 13:00:52.284 [IPControllerApp] task::task '1ee1d60d-ee4501b2e076eb4939790007' finished on 1
2018-07-19 13:00:52.285 [IPControllerApp] task::task '0fbf05df-6bc8681d1e0d3e64f29d015b' arrived on 0
2018-07-19 13:00:52.286 [IPControllerApp] task::task 'bb94b8e3-07e101b060430f596d1df0b7' finished on 0
2018-07-19 13:01:02.302 [IPControllerApp] task::task '165d0fb6-4df0614c8d657d95984ea16d' arrived on 1
2018-07-19 13:01:02.303 [IPControllerApp] task::task 'd04ae536-28a1d9e1206405b8c96453a5' finished on 1
2018-07-19 13:01:02.304 [IPControllerApp] task::task '4958d791-dcdb64138801b216596dcb16' arrived on 0
2018-07-19 13:01:02.305 [IPControllerApp] task::task '0fbf05df-6bc8681d1e0d3e64f29d015b' finished on 0
2018-07-19 13:01:12.321 [IPControllerApp] task::task 'a190d7bc-1ea9a095ebc5fb394a4b2fa2' arrived on 1
2018-07-19 13:01:12.322 [IPControllerApp] task::task '165d0fb6-4df0614c8d657d95984ea16d' finished on 1
2018-07-19 13:01:12.323 [IPControllerApp] task::task '422c9fe1-d1739ca33f844c4e19844e85' arrived on 0
2018-07-19 13:01:12.324 [IPControllerApp] task::task '4958d791-dcdb64138801b216596dcb16' finished on 0
2018-07-19 13:01:22.340 [IPControllerApp] task::task 'f26275db-563ecda27afd4e6e06636e9d' arrived on 1
2018-07-19 13:01:22.341 [IPControllerApp] task::task 'a190d7bc-1ea9a095ebc5fb394a4b2fa2' finished on 1
2018-07-19 13:01:22.342 [IPControllerApp] task::task 'ad1e31ca-8696b58d2d08eba6d63ce014' arrived on 0
2018-07-19 13:01:22.343 [IPControllerApp] task::task '422c9fe1-d1739ca33f844c4e19844e85' finished on 0
2018-07-19 13:01:32.358 [IPControllerApp] task::task 'fb98fee2-97996e349c7f02a938a74ac1' arrived on 1
2018-07-19 13:01:32.359 [IPControllerApp] task::task 'f26275db-563ecda27afd4e6e06636e9d' finished on 1
2018-07-19 13:01:32.359 [IPControllerApp] task::task '63faf0e6-823d4bf9a5f1eb31f7118c69' arrived on 0
2018-07-19 13:01:32.361 [IPControllerApp] task::task 'ad1e31ca-8696b58d2d08eba6d63ce014' finished on 0
2018-07-19 13:01:42.377 [IPControllerApp] task::task 'ef6e77d2-d785ab123e4e339112a69846' arrived on 0
2018-07-19 13:01:42.378 [IPControllerApp] task::task '63faf0e6-823d4bf9a5f1eb31f7118c69' finished on 0
2018-07-19 13:01:42.378 [IPControllerApp] task::task '0e2368e3-2ef1058868186ba2da5fb4d2' arrived on 1
2018-07-19 13:01:42.379 [IPControllerApp] task::task 'fb98fee2-97996e349c7f02a938a74ac1' finished on 1
2018-07-19 13:01:52.397 [IPControllerApp] task::task 'da470587-b6796b0da37c1d5e66d1db45' arrived on 0
2018-07-19 13:01:52.398 [IPControllerApp] task::task 'ef6e77d2-d785ab123e4e339112a69846' finished on 0
2018-07-19 13:01:52.399 [IPControllerApp] task::task '76f9d901-7b165e802be8a3b5ddba076f' arrived on 1
2018-07-19 13:01:52.400 [IPControllerApp] task::task '0e2368e3-2ef1058868186ba2da5fb4d2' finished on 1
2018-07-19 13:02:02.416 [IPControllerApp] task::task 'bda947c2-4f6653aa3e6c563b12a4cfbb' arrived on 0
2018-07-19 13:02:02.417 [IPControllerApp] task::task 'da470587-b6796b0da37c1d5e66d1db45' finished on 0
2018-07-19 13:02:02.418 [IPControllerApp] task::task '15302572-bc2545a61e3439174ea00289' arrived on 1
2018-07-19 13:02:02.420 [IPControllerApp] task::task '76f9d901-7b165e802be8a3b5ddba076f' finished on 1
2018-07-19 13:02:12.437 [IPControllerApp] task::task 'f0df821d-778e2be373ac8544f7aeabaf' arrived on 0
2018-07-19 13:02:12.439 [IPControllerApp] task::task 'bda947c2-4f6653aa3e6c563b12a4cfbb' finished on 0
2018-07-19 13:02:12.440 [IPControllerApp] task::task '89871f67-38ece961b9a9d03a494aae64' arrived on 1
2018-07-19 13:02:12.442 [IPControllerApp] task::task '15302572-bc2545a61e3439174ea00289' finished on 1
2018-07-19 13:02:22.455 [IPControllerApp] task::task 'aa62e49b-fc279f930454fe2c05b6075a' arrived on 0
2018-07-19 13:02:22.456 [IPControllerApp] task::task 'f0df821d-778e2be373ac8544f7aeabaf' finished on 0
2018-07-19 13:02:22.456 [IPControllerApp] task::task 'a672c381-611250f799102f59ea4e1567' arrived on 1
2018-07-19 13:02:22.457 [IPControllerApp] task::task '89871f67-38ece961b9a9d03a494aae64' finished on 1
2018-07-19 13:02:32.474 [IPControllerApp] task::task '76f88f44-7952b1ad860a79a4b5f4079a' arrived on 1
2018-07-19 13:02:32.475 [IPControllerApp] task::task 'a672c381-611250f799102f59ea4e1567' finished on 1
2018-07-19 13:02:32.476 [IPControllerApp] task::task '6284bd6e-622e58df09515fbc92ba985b' arrived on 0
2018-07-19 13:02:32.477 [IPControllerApp] task::task 'aa62e49b-fc279f930454fe2c05b6075a' finished on 0
2018-07-19 13:02:42.495 [IPControllerApp] task::task 'f02f06a8-90574a19e578608587b37a0f' arrived on 1
2018-07-19 13:02:42.496 [IPControllerApp] task::task '76f88f44-7952b1ad860a79a4b5f4079a' finished on 1
2018-07-19 13:02:42.496 [IPControllerApp] task::task 'f76fe3d1-a0e0e27b5538b6387b550a60' arrived on 0
2018-07-19 13:02:42.497 [IPControllerApp] task::task '6284bd6e-622e58df09515fbc92ba985b' finished on 0
2018-07-19 13:02:52.514 [IPControllerApp] task::task '78afbda2-1fa9af0f8abee10bf9464bfa' arrived on 0
2018-07-19 13:02:52.515 [IPControllerApp] task::task 'f76fe3d1-a0e0e27b5538b6387b550a60' finished on 0
2018-07-19 13:02:52.515 [IPControllerApp] task::task '4442b12d-2a34f0d23ce6be4625f8ac0e' arrived on 1
2018-07-19 13:02:52.517 [IPControllerApp] task::task 'f02f06a8-90574a19e578608587b37a0f' finished on 1
2018-07-19 13:03:02.533 [IPControllerApp] task::task 'e8f67722-6947d6d70293bf62b537b995' arrived on 0
2018-07-19 13:03:02.534 [IPControllerApp] task::task '78afbda2-1fa9af0f8abee10bf9464bfa' finished on 0
2018-07-19 13:03:02.535 [IPControllerApp] task::task 'ae550c16-b56d5285b91f8359fa0dd142' arrived on 1
2018-07-19 13:03:02.536 [IPControllerApp] task::task '4442b12d-2a34f0d23ce6be4625f8ac0e' finished on 1
2018-07-19 13:03:12.551 [IPControllerApp] task::task '3b57311e-417fdbfa313f6def42a361e8' arrived on 1
2018-07-19 13:03:12.552 [IPControllerApp] task::task 'ae550c16-b56d5285b91f8359fa0dd142' finished on 1
2018-07-19 13:03:12.553 [IPControllerApp] task::task 'd67a86ac-456f60f0ecbe514e8ee1070b' arrived on 0
2018-07-19 13:03:12.554 [IPControllerApp] task::task 'e8f67722-6947d6d70293bf62b537b995' finished on 0
2018-07-19 13:03:22.570 [IPControllerApp] task::task 'f5928281-329e48af3e645c4ee75712a8' arrived on 0
2018-07-19 13:03:22.571 [IPControllerApp] task::task 'd67a86ac-456f60f0ecbe514e8ee1070b' finished on 0
2018-07-19 13:03:22.572 [IPControllerApp] task::task '5b635b9b-e58a8c592ffabd782043278f' arrived on 1
2018-07-19 13:03:22.573 [IPControllerApp] task::task '3b57311e-417fdbfa313f6def42a361e8' finished on 1
2018-07-19 13:03:32.589 [IPControllerApp] task::task '4d7724bf-5b02e5f96c3290da993c69d9' arrived on 1
2018-07-19 13:03:32.590 [IPControllerApp] task::task '5b635b9b-e58a8c592ffabd782043278f' finished on 1
2018-07-19 13:03:32.591 [IPControllerApp] task::task '2547023b-83c04aa5c6aee3fedf83e3ca' arrived on 0
2018-07-19 13:03:32.592 [IPControllerApp] task::task 'f5928281-329e48af3e645c4ee75712a8' finished on 0
2018-07-19 13:03:42.608 [IPControllerApp] task::task 'dc342403-f3e88661c37665f3cad6c818' arrived on 0
2018-07-19 13:03:42.609 [IPControllerApp] task::task '2547023b-83c04aa5c6aee3fedf83e3ca' finished on 0
2018-07-19 13:03:42.610 [IPControllerApp] task::task 'ca457d6d-4eaa2308b4f7a476e403387e' arrived on 1
2018-07-19 13:03:42.611 [IPControllerApp] task::task '4d7724bf-5b02e5f96c3290da993c69d9' finished on 1
2018-07-19 13:03:52.628 [IPControllerApp] task::task '814c5e34-12d4f4cb771cfa79268b16b5' arrived on 0
2018-07-19 13:03:52.629 [IPControllerApp] task::task 'dc342403-f3e88661c37665f3cad6c818' finished on 0
2018-07-19 13:03:52.629 [IPControllerApp] task::task 'd666cbce-0c3ee949d1e3aa16fbcc068c' arrived on 1
2018-07-19 13:03:52.631 [IPControllerApp] task::task 'ca457d6d-4eaa2308b4f7a476e403387e' finished on 1
2018-07-19 13:04:02.647 [IPControllerApp] task::task '338dfcd4-45fea8b5372907f48569c541' arrived on 0
2018-07-19 13:04:02.647 [IPControllerApp] task::task '814c5e34-12d4f4cb771cfa79268b16b5' finished on 0
2018-07-19 13:04:02.648 [IPControllerApp] task::task '2cca982e-9e1f5c4f311e1dd62f97e671' arrived on 1
2018-07-19 13:04:02.649 [IPControllerApp] task::task 'd666cbce-0c3ee949d1e3aa16fbcc068c' finished on 1
2018-07-19 13:04:12.670 [IPControllerApp] task::task '9957f333-641c4123923d87a73b4cb354' arrived on 1
2018-07-19 13:04:12.670 [IPControllerApp] task::task '2cca982e-9e1f5c4f311e1dd62f97e671' finished on 1
2018-07-19 13:04:12.671 [IPControllerApp] task::task '0275d8be-b03be38d5365059e25a1c52d' arrived on 0
2018-07-19 13:04:12.672 [IPControllerApp] task::task '338dfcd4-45fea8b5372907f48569c541' finished on 0
2018-07-19 13:04:22.688 [IPControllerApp] task::task '09b9571e-fd6000d1c056b645db6cbe12' arrived on 0
2018-07-19 13:04:22.689 [IPControllerApp] task::task '0275d8be-b03be38d5365059e25a1c52d' finished on 0
2018-07-19 13:04:22.690 [IPControllerApp] task::task '87bfd1a5-0661339ffb4ad411b163dc2c' arrived on 1
2018-07-19 13:04:22.691 [IPControllerApp] task::task '9957f333-641c4123923d87a73b4cb354' finished on 1
2018-07-19 13:04:32.708 [IPControllerApp] task::task '61a2f398-987a1856ce944875d4846103' arrived on 1
2018-07-19 13:04:32.708 [IPControllerApp] task::task '87bfd1a5-0661339ffb4ad411b163dc2c' finished on 1
2018-07-19 13:04:32.709 [IPControllerApp] task::task 'a809ac08-fb3f1636ef2f4fb40c0cee8e' arrived on 0
2018-07-19 13:04:32.711 [IPControllerApp] task::task '09b9571e-fd6000d1c056b645db6cbe12' finished on 0
2018-07-19 13:04:42.727 [IPControllerApp] task::task '16347fb3-a871b5d279d35a990b9204f1' arrived on 1
2018-07-19 13:04:42.728 [IPControllerApp] task::task '61a2f398-987a1856ce944875d4846103' finished on 1
2018-07-19 13:04:42.729 [IPControllerApp] task::task 'bbec7c96-a65ab620888881db4830596a' arrived on 0
2018-07-19 13:04:42.730 [IPControllerApp] task::task 'a809ac08-fb3f1636ef2f4fb40c0cee8e' finished on 0
2018-07-19 13:04:52.746 [IPControllerApp] task::task '9c695142-b0228b1fc5beec30981fa984' arrived on 0
2018-07-19 13:04:52.747 [IPControllerApp] task::task 'bbec7c96-a65ab620888881db4830596a' finished on 0
2018-07-19 13:04:52.748 [IPControllerApp] task::task 'c4ed6bed-9b830636790f3584585ca9ec' arrived on 1
2018-07-19 13:04:52.749 [IPControllerApp] task::task '16347fb3-a871b5d279d35a990b9204f1' finished on 1
2018-07-19 13:05:02.767 [IPControllerApp] task::task 'e7f7f578-a40a043a9915304fa9e6764a' arrived on 1
2018-07-19 13:05:02.768 [IPControllerApp] task::task 'c4ed6bed-9b830636790f3584585ca9ec' finished on 1
2018-07-19 13:05:02.769 [IPControllerApp] task::task '9062e4e6-8cabe142ca3c57bc4d1f03cc' arrived on 0
2018-07-19 13:05:02.771 [IPControllerApp] task::task '9c695142-b0228b1fc5beec30981fa984' finished on 0
2018-07-19 13:05:12.788 [IPControllerApp] task::task '9fcce79c-e80f85d13cc13b483285025f' arrived on 1
2018-07-19 13:05:12.789 [IPControllerApp] task::task 'e7f7f578-a40a043a9915304fa9e6764a' finished on 1
2018-07-19 13:05:12.791 [IPControllerApp] task::task 'b3acdd0b-5809ee0cee18dafb4dd87c62' arrived on 0
2018-07-19 13:05:12.792 [IPControllerApp] task::task '9062e4e6-8cabe142ca3c57bc4d1f03cc' finished on 0
2018-07-19 13:05:22.808 [IPControllerApp] task::task 'fc5b820e-2a2fc1b2f5b5a94281272e17' arrived on 0
2018-07-19 13:05:22.809 [IPControllerApp] task::task 'b3acdd0b-5809ee0cee18dafb4dd87c62' finished on 0
2018-07-19 13:05:22.810 [IPControllerApp] task::task '612db997-926178c67f5653b49fd0c523' arrived on 1
2018-07-19 13:05:22.812 [IPControllerApp] task::task '9fcce79c-e80f85d13cc13b483285025f' finished on 1
2018-07-19 13:05:32.827 [IPControllerApp] task::task '19f1e63d-83593f968b1073f10f483905' arrived on 0
2018-07-19 13:05:32.828 [IPControllerApp] task::task 'fc5b820e-2a2fc1b2f5b5a94281272e17' finished on 0
2018-07-19 13:05:32.829 [IPControllerApp] task::task 'a5f18a88-a88e557ed4e768258e88e314' arrived on 1
2018-07-19 13:05:32.830 [IPControllerApp] task::task '612db997-926178c67f5653b49fd0c523' finished on 1
2018-07-19 13:05:42.847 [IPControllerApp] task::task '7fe30fd7-a0a93401c8837b4bf1abd2da' arrived on 1
2018-07-19 13:05:42.848 [IPControllerApp] task::task 'a5f18a88-a88e557ed4e768258e88e314' finished on 1
2018-07-19 13:05:42.849 [IPControllerApp] task::task 'ac3e0307-c02e625814e81c48f27120ff' arrived on 0
2018-07-19 13:05:42.850 [IPControllerApp] task::task '19f1e63d-83593f968b1073f10f483905' finished on 0
2018-07-19 13:05:52.867 [IPControllerApp] task::task '4811adc6-844c2300ea6051e25d4ce7a2' arrived on 0
2018-07-19 13:05:52.868 [IPControllerApp] task::task 'ac3e0307-c02e625814e81c48f27120ff' finished on 0
2018-07-19 13:05:52.869 [IPControllerApp] task::task 'f7567eb5-4efd6372a6cfc27283245690' arrived on 1
2018-07-19 13:05:52.870 [IPControllerApp] task::task '7fe30fd7-a0a93401c8837b4bf1abd2da' finished on 1
2018-07-19 13:06:02.886 [IPControllerApp] task::task '79a4982e-dd78677e22cdbc0b04f96c68' arrived on 0
2018-07-19 13:06:02.886 [IPControllerApp] task::task '4811adc6-844c2300ea6051e25d4ce7a2' finished on 0
2018-07-19 13:06:02.887 [IPControllerApp] task::task '886f84e6-ce4a61bb302cd19e1236bcd3' arrived on 1
2018-07-19 13:06:02.888 [IPControllerApp] task::task 'f7567eb5-4efd6372a6cfc27283245690' finished on 1
2018-07-19 13:06:12.905 [IPControllerApp] task::task '11122b84-f304443275fc018eaf58af17' arrived on 0
2018-07-19 13:06:12.906 [IPControllerApp] task::task '79a4982e-dd78677e22cdbc0b04f96c68' finished on 0
2018-07-19 13:06:12.907 [IPControllerApp] task::task '2d200435-c2b0aa098bef37cc40e560ff' arrived on 1
2018-07-19 13:06:12.908 [IPControllerApp] task::task '886f84e6-ce4a61bb302cd19e1236bcd3' finished on 1
2018-07-19 13:06:22.926 [IPControllerApp] task::task '5a129512-ef25d9ace62222c0febf2b7a' arrived on 0
2018-07-19 13:06:22.927 [IPControllerApp] task::task '11122b84-f304443275fc018eaf58af17' finished on 0
2018-07-19 13:06:22.928 [IPControllerApp] task::task 'a6e56376-b9432e0c4ab89d11afaf0ade' arrived on 1
2018-07-19 13:06:22.929 [IPControllerApp] task::task '2d200435-c2b0aa098bef37cc40e560ff' finished on 1
2018-07-19 13:06:32.946 [IPControllerApp] task::task '38484a55-723a3625608307fe94d80273' arrived on 1
2018-07-19 13:06:32.947 [IPControllerApp] task::task 'a6e56376-b9432e0c4ab89d11afaf0ade' finished on 1
2018-07-19 13:06:32.947 [IPControllerApp] task::task '9ce7cbfb-7f409af52ed41141e9af1568' arrived on 0
2018-07-19 13:06:32.949 [IPControllerApp] task::task '5a129512-ef25d9ace62222c0febf2b7a' finished on 0
2018-07-19 13:06:42.965 [IPControllerApp] task::task '3a2deb8a-ef73364cb61d059d8fffbcf2' arrived on 1
2018-07-19 13:06:42.967 [IPControllerApp] task::task '38484a55-723a3625608307fe94d80273' finished on 1
2018-07-19 13:06:42.968 [IPControllerApp] task::task 'b368bd91-cc20ba137d27215eb60ac85f' arrived on 0
2018-07-19 13:06:42.969 [IPControllerApp] task::task '9ce7cbfb-7f409af52ed41141e9af1568' finished on 0
2018-07-19 13:06:52.986 [IPControllerApp] task::task 'dd812957-5c5a5f030fb0445fb9018563' arrived on 1
2018-07-19 13:06:52.988 [IPControllerApp] task::task '3a2deb8a-ef73364cb61d059d8fffbcf2' finished on 1
2018-07-19 13:06:52.989 [IPControllerApp] task::task '09a5d7b3-1737722dd13cbd83c8ddd5e5' arrived on 0
2018-07-19 13:06:52.990 [IPControllerApp] task::task 'b368bd91-cc20ba137d27215eb60ac85f' finished on 0
2018-07-19 13:07:03.007 [IPControllerApp] task::task '5c986c8e-073eaa5e72630aaa55fe5919' arrived on 0
2018-07-19 13:07:03.009 [IPControllerApp] task::task '09a5d7b3-1737722dd13cbd83c8ddd5e5' finished on 0
2018-07-19 13:07:03.010 [IPControllerApp] task::task 'e4b7f984-8429c8c5e47011d329c386f8' arrived on 1
2018-07-19 13:07:03.012 [IPControllerApp] task::task 'dd812957-5c5a5f030fb0445fb9018563' finished on 1
2018-07-19 13:07:13.029 [IPControllerApp] task::task '55909825-c1ea7dae0259e1b5ff0b8bf5' arrived on 0
2018-07-19 13:07:13.030 [IPControllerApp] task::task '5c986c8e-073eaa5e72630aaa55fe5919' finished on 0
2018-07-19 13:07:13.031 [IPControllerApp] task::task '3447c799-349faf77d6c40a6d6de0f9db' arrived on 1
2018-07-19 13:07:13.033 [IPControllerApp] task::task 'e4b7f984-8429c8c5e47011d329c386f8' finished on 1
2018-07-19 13:07:23.050 [IPControllerApp] task::task '170144a7-725a4e611971a475529e2cc8' arrived on 0
2018-07-19 13:07:23.051 [IPControllerApp] task::task '55909825-c1ea7dae0259e1b5ff0b8bf5' finished on 0
2018-07-19 13:07:23.053 [IPControllerApp] task::task '47fee98a-1202177e046880a58fc90a51' arrived on 1
2018-07-19 13:07:23.055 [IPControllerApp] task::task '3447c799-349faf77d6c40a6d6de0f9db' finished on 1
2018-07-19 13:07:33.070 [IPControllerApp] task::task '52ae4814-6ac627d63746b2ef8f8656db' arrived on 0
2018-07-19 13:07:33.070 [IPControllerApp] task::task '170144a7-725a4e611971a475529e2cc8' finished on 0
2018-07-19 13:07:33.071 [IPControllerApp] task::task '39af1a6a-916e6fadd4eb8697c5d23d16' arrived on 1
2018-07-19 13:07:33.072 [IPControllerApp] task::task '47fee98a-1202177e046880a58fc90a51' finished on 1
2018-07-19 13:07:43.090 [IPControllerApp] task::task 'd3226243-636f4962135b5cac89cefece' arrived on 0
2018-07-19 13:07:43.091 [IPControllerApp] task::task '52ae4814-6ac627d63746b2ef8f8656db' finished on 0
2018-07-19 13:07:43.092 [IPControllerApp] task::task '13f66c9d-ab437595a4dae65f93bf9932' arrived on 1
2018-07-19 13:07:43.093 [IPControllerApp] task::task '39af1a6a-916e6fadd4eb8697c5d23d16' finished on 1
2018-07-19 13:07:53.110 [IPControllerApp] task::task 'd3226243-636f4962135b5cac89cefece' finished on 0
2018-07-19 13:07:53.112 [IPControllerApp] task::task '13f66c9d-ab437595a4dae65f93bf9932' finished on 1
2018-07-19 13:07:54.008 [IPControllerApp] CRITICAL | Received signal 15, shutting down
2018-07-19 13:07:54.009 [IPControllerApp] CRITICAL | terminating children...
