2018-07-13 15:23:18.906 [IPControllerApp] Created profile dir: '/scratch/midway2/madduru/parsl/parsl/tests/integration/test_stress/runinfo/1075/profile_midway_ipp'
2018-07-13 15:23:18.925 [IPControllerApp] Hub listening on tcp://*:61494 for registration.
2018-07-13 15:23:18.927 [IPControllerApp] Hub using DB backend: 'DictDB'
2018-07-13 15:23:19.190 [IPControllerApp] hub::created hub
2018-07-13 15:23:19.190 [IPControllerApp] writing connection info to /scratch/midway2/madduru/parsl/parsl/tests/integration/test_stress/runinfo/1075/profile_midway_ipp/security/ipcontroller-client.json
2018-07-13 15:23:19.192 [IPControllerApp] writing connection info to /scratch/midway2/madduru/parsl/parsl/tests/integration/test_stress/runinfo/1075/profile_midway_ipp/security/ipcontroller-engine.json
2018-07-13 15:23:19.192 [IPControllerApp] task::using Python leastload Task scheduler
2018-07-13 15:23:19.193 [IPControllerApp] Heartmonitor started
2018-07-13 15:23:19.203 [IPControllerApp] Creating pid file: /scratch/midway2/madduru/parsl/parsl/tests/integration/test_stress/runinfo/1075/profile_midway_ipp/pid/ipcontroller.pid
2018-07-13 15:23:19.212 [scheduler] Scheduler started [leastload]
2018-07-13 15:23:19.215 [IPControllerApp] client::client b'\x00k\x8bEg' requested 'connection_request'
2018-07-13 15:23:19.215 [IPControllerApp] client::client [b'\x00k\x8bEg'] connected
2018-07-13 15:23:20.374 [IPControllerApp] client::client b'\x00k\x8bEh' requested 'connection_request'
2018-07-13 15:23:20.374 [IPControllerApp] client::client [b'\x00k\x8bEh'] connected
2018-07-13 15:23:24.933 [IPControllerApp] client::client b'fe88c0c0-5e9eeaf12c9a3ec095fec298' requested 'registration_request'
2018-07-13 15:23:25.009 [IPControllerApp] client::client b'57167cfe-5d499bb426d1747d108443b7' requested 'registration_request'
2018-07-13 15:23:25.029 [IPControllerApp] client::client b'ba2d87d1-f56686e3116d31592ee83c05' requested 'registration_request'
2018-07-13 15:23:25.069 [IPControllerApp] client::client b'6374e1f9-bf1d042cd34b6ad7f9375b38' requested 'registration_request'
2018-07-13 15:23:28.197 [IPControllerApp] registration::finished registering engine 0:fe88c0c0-5e9eeaf12c9a3ec095fec298
2018-07-13 15:23:28.198 [IPControllerApp] engine::Engine Connected: 0
2018-07-13 15:23:28.199 [IPControllerApp] registration::finished registering engine 2:ba2d87d1-f56686e3116d31592ee83c05
2018-07-13 15:23:28.199 [IPControllerApp] engine::Engine Connected: 2
2018-07-13 15:23:28.200 [IPControllerApp] registration::finished registering engine 1:57167cfe-5d499bb426d1747d108443b7
2018-07-13 15:23:28.200 [IPControllerApp] engine::Engine Connected: 1
2018-07-13 15:23:28.200 [IPControllerApp] registration::finished registering engine 3:6374e1f9-bf1d042cd34b6ad7f9375b38
2018-07-13 15:23:28.201 [IPControllerApp] engine::Engine Connected: 3
2018-07-13 15:23:28.204 [IPControllerApp] task::task '45c1a2ab-2f74db782db36d1e3f0d475a' arrived on 0
2018-07-13 15:23:28.204 [IPControllerApp] task::task '7bea96a4-892c2ce33cc71453ce5cccc4' arrived on 2
2018-07-13 15:23:28.205 [IPControllerApp] task::task '38e13753-a933051a88100a1c3ea3636c' arrived on 1
2018-07-13 15:23:28.206 [IPControllerApp] task::task '564ef1d1-3704a8d7e8d670d3f6402afe' arrived on 3
2018-07-13 15:23:40.146 [IPControllerApp] task::task 'ee359140-b4d235204e2ee764b8587dd1' arrived on 1
2018-07-13 15:23:40.147 [IPControllerApp] task::task '38e13753-a933051a88100a1c3ea3636c' finished on 1
2018-07-13 15:23:40.169 [IPControllerApp] task::task '2900b50f-6b3cd3b7cc9a5ad745fd7b46' arrived on 0
2018-07-13 15:23:40.169 [IPControllerApp] task::task '45c1a2ab-2f74db782db36d1e3f0d475a' finished on 0
2018-07-13 15:23:40.175 [IPControllerApp] task::task '7f001db0-d3ca8921c369dda9495d2a8f' arrived on 2
2018-07-13 15:23:40.176 [IPControllerApp] task::task '7bea96a4-892c2ce33cc71453ce5cccc4' finished on 2
2018-07-13 15:23:40.185 [IPControllerApp] task::task 'd659fc89-77230e3db9a12567f754ced4' arrived on 3
2018-07-13 15:23:40.186 [IPControllerApp] task::task '564ef1d1-3704a8d7e8d670d3f6402afe' finished on 3
2018-07-13 15:23:50.174 [IPControllerApp] task::task 'e46d522b-6fe8604f2864ecbefb18b669' arrived on 1
2018-07-13 15:23:50.175 [IPControllerApp] task::task 'ee359140-b4d235204e2ee764b8587dd1' finished on 1
2018-07-13 15:23:50.190 [IPControllerApp] task::task '99a4cc38-db8daeda58a0377511cfff62' arrived on 0
2018-07-13 15:23:50.190 [IPControllerApp] task::task '2900b50f-6b3cd3b7cc9a5ad745fd7b46' finished on 0
2018-07-13 15:23:50.191 [IPControllerApp] task::task '55d8ce99-c861e12b98a1a265ce3f6aee' arrived on 2
2018-07-13 15:23:50.192 [IPControllerApp] task::task '7f001db0-d3ca8921c369dda9495d2a8f' finished on 2
2018-07-13 15:23:50.199 [IPControllerApp] task::task 'f31b928f-ab64bbb37458ba21d3268a69' arrived on 3
2018-07-13 15:23:50.200 [IPControllerApp] task::task 'd659fc89-77230e3db9a12567f754ced4' finished on 3
2018-07-13 15:24:00.189 [IPControllerApp] task::task '58c66963-11f0fa43ef44e777dafedaac' arrived on 1
2018-07-13 15:24:00.190 [IPControllerApp] task::task 'e46d522b-6fe8604f2864ecbefb18b669' finished on 1
2018-07-13 15:24:00.206 [IPControllerApp] task::task '47c25921-373facc4ceadcec5b282087e' arrived on 0
2018-07-13 15:24:00.207 [IPControllerApp] task::task '99a4cc38-db8daeda58a0377511cfff62' finished on 0
2018-07-13 15:24:00.208 [IPControllerApp] task::task '76f7bdbe-f88f3fe1847225a4e4142525' arrived on 2
2018-07-13 15:24:00.209 [IPControllerApp] task::task '55d8ce99-c861e12b98a1a265ce3f6aee' finished on 2
2018-07-13 15:24:00.214 [IPControllerApp] task::task '33b962fa-4819bbdfd62aa982d4a328e2' arrived on 3
2018-07-13 15:24:00.215 [IPControllerApp] task::task 'f31b928f-ab64bbb37458ba21d3268a69' finished on 3
2018-07-13 15:24:10.204 [IPControllerApp] task::task '88e3fb05-9494ad471bfe576f38bc55cc' arrived on 1
2018-07-13 15:24:10.204 [IPControllerApp] task::task '58c66963-11f0fa43ef44e777dafedaac' finished on 1
2018-07-13 15:24:10.226 [IPControllerApp] task::task 'b73f86fa-8fc77264c9c1fc2aabfe7c51' arrived on 3
2018-07-13 15:24:10.226 [IPControllerApp] task::task '33b962fa-4819bbdfd62aa982d4a328e2' finished on 3
2018-07-13 15:24:10.228 [IPControllerApp] task::task 'e259a74a-dae875509704af660ac7e9d6' arrived on 2
2018-07-13 15:24:10.229 [IPControllerApp] task::task '76f7bdbe-f88f3fe1847225a4e4142525' finished on 2
2018-07-13 15:24:10.230 [IPControllerApp] task::task '1264b36d-b7efd2041654762afc32a92e' arrived on 0
2018-07-13 15:24:10.231 [IPControllerApp] task::task '47c25921-373facc4ceadcec5b282087e' finished on 0
2018-07-13 15:24:20.219 [IPControllerApp] task::task '4ddd908c-6f35d4f466a2c1c04e336ef6' arrived on 1
2018-07-13 15:24:20.220 [IPControllerApp] task::task '88e3fb05-9494ad471bfe576f38bc55cc' finished on 1
2018-07-13 15:24:20.246 [IPControllerApp] task::task 'c4d27534-778b2c7d9e4b553917e58636' arrived on 2
2018-07-13 15:24:20.246 [IPControllerApp] task::task 'e259a74a-dae875509704af660ac7e9d6' finished on 2
2018-07-13 15:24:20.248 [IPControllerApp] task::task '11e8b850-6ae717535ed6ab45987adc7f' arrived on 3
2018-07-13 15:24:20.249 [IPControllerApp] task::task 'b73f86fa-8fc77264c9c1fc2aabfe7c51' finished on 3
2018-07-13 15:24:20.250 [IPControllerApp] task::task '6542166f-22f95227e4df0c85651cbec6' arrived on 0
2018-07-13 15:24:20.251 [IPControllerApp] task::task '1264b36d-b7efd2041654762afc32a92e' finished on 0
2018-07-13 15:24:30.234 [IPControllerApp] task::task '9b5b0929-667f768f618a6910232d8690' arrived on 1
2018-07-13 15:24:30.235 [IPControllerApp] task::task '4ddd908c-6f35d4f466a2c1c04e336ef6' finished on 1
2018-07-13 15:24:30.263 [IPControllerApp] task::task 'cfb0f71a-e906e2e6dadcb8ce80f1c241' arrived on 0
2018-07-13 15:24:30.264 [IPControllerApp] task::task '6542166f-22f95227e4df0c85651cbec6' finished on 0
2018-07-13 15:24:30.265 [IPControllerApp] task::task '936617d1-fe8e17c2f569a81bd44c33c8' arrived on 3
2018-07-13 15:24:30.267 [IPControllerApp] task::task '11e8b850-6ae717535ed6ab45987adc7f' finished on 3
2018-07-13 15:24:30.267 [IPControllerApp] task::task 'cb4442fb-7e98fafa8a2d8cd54918eac3' arrived on 2
2018-07-13 15:24:30.268 [IPControllerApp] task::task 'c4d27534-778b2c7d9e4b553917e58636' finished on 2
2018-07-13 15:24:40.249 [IPControllerApp] task::task 'cf94736f-4df1c69b1d06fd2dc8c9eb1b' arrived on 1
2018-07-13 15:24:40.250 [IPControllerApp] task::task '9b5b0929-667f768f618a6910232d8690' finished on 1
2018-07-13 15:24:40.278 [IPControllerApp] task::task '76fd288f-e32ae61be5585d6f2c8e3a1a' arrived on 0
2018-07-13 15:24:40.278 [IPControllerApp] task::task 'cfb0f71a-e906e2e6dadcb8ce80f1c241' finished on 0
2018-07-13 15:24:40.280 [IPControllerApp] task::task '77e781d7-a99846991eacd555a419504a' arrived on 3
2018-07-13 15:24:40.280 [IPControllerApp] task::task '936617d1-fe8e17c2f569a81bd44c33c8' finished on 3
2018-07-13 15:24:40.283 [IPControllerApp] task::task '70f4cc4b-d4f1650394e1cbe0696fb228' arrived on 2
2018-07-13 15:24:40.284 [IPControllerApp] task::task 'cb4442fb-7e98fafa8a2d8cd54918eac3' finished on 2
2018-07-13 15:24:50.265 [IPControllerApp] task::task 'f0872ef2-e3b08d0d468f3a44086d1187' arrived on 1
2018-07-13 15:24:50.266 [IPControllerApp] task::task 'cf94736f-4df1c69b1d06fd2dc8c9eb1b' finished on 1
2018-07-13 15:24:50.295 [IPControllerApp] task::task 'e6ae98d8-e04ccc000a21fb1d77bdd942' arrived on 0
2018-07-13 15:24:50.296 [IPControllerApp] task::task '76fd288f-e32ae61be5585d6f2c8e3a1a' finished on 0
2018-07-13 15:24:50.297 [IPControllerApp] task::task 'b8bafa27-852dcaf334de93ca019765bd' arrived on 3
2018-07-13 15:24:50.298 [IPControllerApp] task::task '77e781d7-a99846991eacd555a419504a' finished on 3
2018-07-13 15:24:50.302 [IPControllerApp] task::task '50211696-722a2a864eb14823766a63bf' arrived on 2
2018-07-13 15:24:50.303 [IPControllerApp] task::task '70f4cc4b-d4f1650394e1cbe0696fb228' finished on 2
2018-07-13 15:25:00.281 [IPControllerApp] task::task '1e6faa03-01ab3054d647fb14397efb42' arrived on 1
2018-07-13 15:25:00.282 [IPControllerApp] task::task 'f0872ef2-e3b08d0d468f3a44086d1187' finished on 1
2018-07-13 15:25:00.317 [IPControllerApp] task::task 'd02e2c56-294834aab5f2062308676df0' arrived on 0
2018-07-13 15:25:00.317 [IPControllerApp] task::task 'e6ae98d8-e04ccc000a21fb1d77bdd942' finished on 0
2018-07-13 15:25:00.319 [IPControllerApp] task::task '1382d9bf-c1809af5261afb24eef024d4' arrived on 3
2018-07-13 15:25:00.320 [IPControllerApp] task::task 'b8bafa27-852dcaf334de93ca019765bd' finished on 3
2018-07-13 15:25:00.321 [IPControllerApp] task::task '507cf80d-c04f8cef3dc8fabac41a597e' arrived on 2
2018-07-13 15:25:00.322 [IPControllerApp] task::task '50211696-722a2a864eb14823766a63bf' finished on 2
2018-07-13 15:25:10.298 [IPControllerApp] task::task 'e4ebcf2c-5478bead4886bd65979ef7c1' arrived on 1
2018-07-13 15:25:10.300 [IPControllerApp] task::task '1e6faa03-01ab3054d647fb14397efb42' finished on 1
2018-07-13 15:25:10.338 [IPControllerApp] task::task '2ea978bd-14ec78e87c300a8fa00f93fd' arrived on 2
2018-07-13 15:25:10.339 [IPControllerApp] task::task '507cf80d-c04f8cef3dc8fabac41a597e' finished on 2
2018-07-13 15:25:10.340 [IPControllerApp] task::task '1c5967de-d0642de73b4f4c2b094d1665' arrived on 3
2018-07-13 15:25:10.341 [IPControllerApp] task::task '1382d9bf-c1809af5261afb24eef024d4' finished on 3
2018-07-13 15:25:10.342 [IPControllerApp] task::task '1ab762b1-2aa9d47e93618636ee9e4d89' arrived on 0
2018-07-13 15:25:10.343 [IPControllerApp] task::task 'd02e2c56-294834aab5f2062308676df0' finished on 0
2018-07-13 15:25:20.313 [IPControllerApp] task::task '0d88bf52-dd9a7184947b404e84206283' arrived on 1
2018-07-13 15:25:20.314 [IPControllerApp] task::task 'e4ebcf2c-5478bead4886bd65979ef7c1' finished on 1
2018-07-13 15:25:20.356 [IPControllerApp] task::task '2f483431-60f22bf07da374d54f20e492' arrived on 0
2018-07-13 15:25:20.356 [IPControllerApp] task::task '1ab762b1-2aa9d47e93618636ee9e4d89' finished on 0
2018-07-13 15:25:20.358 [IPControllerApp] task::task '35e47517-da5a4a67ee80e42f80e309e3' arrived on 3
2018-07-13 15:25:20.359 [IPControllerApp] task::task '1c5967de-d0642de73b4f4c2b094d1665' finished on 3
2018-07-13 15:25:20.360 [IPControllerApp] task::task 'aacbd2ab-39dc820bf8119a4d92ee35b5' arrived on 2
2018-07-13 15:25:20.361 [IPControllerApp] task::task '2ea978bd-14ec78e87c300a8fa00f93fd' finished on 2
2018-07-13 15:25:30.328 [IPControllerApp] task::task '290acd90-94d3bc45d5f61ab71a406a33' arrived on 1
2018-07-13 15:25:30.329 [IPControllerApp] task::task '0d88bf52-dd9a7184947b404e84206283' finished on 1
2018-07-13 15:25:30.376 [IPControllerApp] task::task '1d00c543-abad85dc9957afa869278d9a' arrived on 2
2018-07-13 15:25:30.377 [IPControllerApp] task::task 'aacbd2ab-39dc820bf8119a4d92ee35b5' finished on 2
2018-07-13 15:25:30.378 [IPControllerApp] task::task 'f4e28d05-c4f2bc153567f38563c337ac' arrived on 3
2018-07-13 15:25:30.378 [IPControllerApp] task::task '35e47517-da5a4a67ee80e42f80e309e3' finished on 3
2018-07-13 15:25:30.379 [IPControllerApp] task::task '97eeb073-daf920bdde42b7902cdbffb7' arrived on 0
2018-07-13 15:25:30.380 [IPControllerApp] task::task '2f483431-60f22bf07da374d54f20e492' finished on 0
2018-07-13 15:25:40.343 [IPControllerApp] task::task 'c3f7cb12-7d593fcc522a4cf84ff1cce5' arrived on 1
2018-07-13 15:25:40.344 [IPControllerApp] task::task '290acd90-94d3bc45d5f61ab71a406a33' finished on 1
2018-07-13 15:25:40.398 [IPControllerApp] task::task 'ed115b99-0380ca9cb2e5d80e98c3fa3b' arrived on 2
2018-07-13 15:25:40.399 [IPControllerApp] task::task '1d00c543-abad85dc9957afa869278d9a' finished on 2
2018-07-13 15:25:40.400 [IPControllerApp] task::task 'c1d97955-b30e5b0102631d0c7849bacc' arrived on 0
2018-07-13 15:25:40.401 [IPControllerApp] task::task '97eeb073-daf920bdde42b7902cdbffb7' finished on 0
2018-07-13 15:25:40.402 [IPControllerApp] task::task '18411a0b-dba3641d9cc3bab5c228a5d3' arrived on 3
2018-07-13 15:25:40.403 [IPControllerApp] task::task 'f4e28d05-c4f2bc153567f38563c337ac' finished on 3
2018-07-13 15:25:50.358 [IPControllerApp] task::task '5bbb301e-46d93ebc951e459bc1be8910' arrived on 1
2018-07-13 15:25:50.359 [IPControllerApp] task::task 'c3f7cb12-7d593fcc522a4cf84ff1cce5' finished on 1
2018-07-13 15:25:50.416 [IPControllerApp] task::task '57e94411-b6478887f5b8591a132f76c6' arrived on 2
2018-07-13 15:25:50.416 [IPControllerApp] task::task 'ed115b99-0380ca9cb2e5d80e98c3fa3b' finished on 2
2018-07-13 15:25:50.418 [IPControllerApp] task::task '5469d75b-bbca2c8b569a74d66a2fb446' arrived on 3
2018-07-13 15:25:50.419 [IPControllerApp] task::task '18411a0b-dba3641d9cc3bab5c228a5d3' finished on 3
2018-07-13 15:25:50.420 [IPControllerApp] task::task '37b47883-84b9e009a01adf1d242ad332' arrived on 0
2018-07-13 15:25:50.421 [IPControllerApp] task::task 'c1d97955-b30e5b0102631d0c7849bacc' finished on 0
2018-07-13 15:26:00.374 [IPControllerApp] task::task 'ecfb043a-82d429a3f1b326f6fe297bd3' arrived on 1
2018-07-13 15:26:00.375 [IPControllerApp] task::task '5bbb301e-46d93ebc951e459bc1be8910' finished on 1
2018-07-13 15:26:00.437 [IPControllerApp] task::task 'c71f6ce2-fb2d52e6f206bbcbb50d00a8' arrived on 2
2018-07-13 15:26:00.437 [IPControllerApp] task::task '57e94411-b6478887f5b8591a132f76c6' finished on 2
2018-07-13 15:26:00.438 [IPControllerApp] task::task '156c748f-12750990cd3083532b6f869e' arrived on 3
2018-07-13 15:26:00.439 [IPControllerApp] task::task '5469d75b-bbca2c8b569a74d66a2fb446' finished on 3
2018-07-13 15:26:00.440 [IPControllerApp] task::task 'bf02780f-a86996794e165c42ce4ab923' arrived on 0
2018-07-13 15:26:00.442 [IPControllerApp] task::task '37b47883-84b9e009a01adf1d242ad332' finished on 0
2018-07-13 15:26:10.389 [IPControllerApp] task::task 'befa7fbd-790aa8bf7d7fa5333dd1f874' arrived on 1
2018-07-13 15:26:10.390 [IPControllerApp] task::task 'ecfb043a-82d429a3f1b326f6fe297bd3' finished on 1
2018-07-13 15:26:10.457 [IPControllerApp] task::task 'd4bf726c-e701dfe5aa75f7f0e759f537' arrived on 0
2018-07-13 15:26:10.458 [IPControllerApp] task::task 'bf02780f-a86996794e165c42ce4ab923' finished on 0
2018-07-13 15:26:10.459 [IPControllerApp] task::task 'b1676d2d-b7da5c2b8dc9ef30ee187c52' arrived on 2
2018-07-13 15:26:10.461 [IPControllerApp] task::task 'c71f6ce2-fb2d52e6f206bbcbb50d00a8' finished on 2
2018-07-13 15:26:10.462 [IPControllerApp] task::task '60690e1a-6d43a7a33e091bdd59db5988' arrived on 3
2018-07-13 15:26:10.463 [IPControllerApp] task::task '156c748f-12750990cd3083532b6f869e' finished on 3
2018-07-13 15:26:20.404 [IPControllerApp] task::task 'f2653893-352da4552ccde8ffa092a519' arrived on 1
2018-07-13 15:26:20.405 [IPControllerApp] task::task 'befa7fbd-790aa8bf7d7fa5333dd1f874' finished on 1
2018-07-13 15:26:20.476 [IPControllerApp] task::task '76bcbc2c-8f0333bb4f859292c911775d' arrived on 3
2018-07-13 15:26:20.477 [IPControllerApp] task::task '60690e1a-6d43a7a33e091bdd59db5988' finished on 3
2018-07-13 15:26:20.478 [IPControllerApp] task::task '839fc36b-2be3692360546310a39002d5' arrived on 0
2018-07-13 15:26:20.479 [IPControllerApp] task::task 'd4bf726c-e701dfe5aa75f7f0e759f537' finished on 0
2018-07-13 15:26:20.480 [IPControllerApp] task::task 'e3f8eb38-41b7fe798af47227f0f4d5df' arrived on 2
2018-07-13 15:26:20.481 [IPControllerApp] task::task 'b1676d2d-b7da5c2b8dc9ef30ee187c52' finished on 2
2018-07-13 15:26:30.419 [IPControllerApp] task::task '9cfe8b5f-1fc220a38d3a92dd32912632' arrived on 1
2018-07-13 15:26:30.420 [IPControllerApp] task::task 'f2653893-352da4552ccde8ffa092a519' finished on 1
2018-07-13 15:26:30.494 [IPControllerApp] task::task 'd9590679-00b0e55d4a1e7697ae336a06' arrived on 0
2018-07-13 15:26:30.494 [IPControllerApp] task::task '839fc36b-2be3692360546310a39002d5' finished on 0
2018-07-13 15:26:30.496 [IPControllerApp] task::task '6d3b9616-add279257b62b4be8ed688fc' arrived on 2
2018-07-13 15:26:30.497 [IPControllerApp] task::task 'e3f8eb38-41b7fe798af47227f0f4d5df' finished on 2
2018-07-13 15:26:30.498 [IPControllerApp] task::task '54fcf0db-8754786460cd1ac144ac44de' arrived on 3
2018-07-13 15:26:30.499 [IPControllerApp] task::task '76bcbc2c-8f0333bb4f859292c911775d' finished on 3
2018-07-13 15:26:40.435 [IPControllerApp] task::task 'b7ac1f23-9d8a7409f24015b91c82d0dd' arrived on 1
2018-07-13 15:26:40.436 [IPControllerApp] task::task '9cfe8b5f-1fc220a38d3a92dd32912632' finished on 1
2018-07-13 15:26:40.517 [IPControllerApp] task::task '618c58ec-6404a4a042542559d0294316' arrived on 2
2018-07-13 15:26:40.518 [IPControllerApp] task::task '6d3b9616-add279257b62b4be8ed688fc' finished on 2
2018-07-13 15:26:40.519 [IPControllerApp] task::task '798aa471-c116e7f9ea81d53ab73d780e' arrived on 3
2018-07-13 15:26:40.520 [IPControllerApp] task::task '54fcf0db-8754786460cd1ac144ac44de' finished on 3
2018-07-13 15:26:40.521 [IPControllerApp] task::task '9090262d-f72228ca2fed7fda65151ef3' arrived on 0
2018-07-13 15:26:40.522 [IPControllerApp] task::task 'd9590679-00b0e55d4a1e7697ae336a06' finished on 0
2018-07-13 15:26:50.450 [IPControllerApp] task::task 'aa938a6d-269ac5988a28d12e4a08a621' arrived on 1
2018-07-13 15:26:50.451 [IPControllerApp] task::task 'b7ac1f23-9d8a7409f24015b91c82d0dd' finished on 1
2018-07-13 15:26:50.532 [IPControllerApp] task::task 'a18c1741-b8f5c42eb3b40af0f0803d89' arrived on 2
2018-07-13 15:26:50.532 [IPControllerApp] task::task '618c58ec-6404a4a042542559d0294316' finished on 2
2018-07-13 15:26:50.533 [IPControllerApp] task::task '4b810d29-ee2dc7ba98912e4dd964cc00' arrived on 3
2018-07-13 15:26:50.534 [IPControllerApp] task::task '798aa471-c116e7f9ea81d53ab73d780e' finished on 3
2018-07-13 15:26:50.536 [IPControllerApp] task::task '1e0e33a7-44c75dc0352d60e6903a6f4e' arrived on 0
2018-07-13 15:26:50.537 [IPControllerApp] task::task '9090262d-f72228ca2fed7fda65151ef3' finished on 0
2018-07-13 15:27:00.466 [IPControllerApp] task::task '5b43a112-dee8d972f83e379eaf00f0b6' arrived on 1
2018-07-13 15:27:00.467 [IPControllerApp] task::task 'aa938a6d-269ac5988a28d12e4a08a621' finished on 1
2018-07-13 15:27:00.551 [IPControllerApp] task::task '7dd8c32e-8a3f75303cda30036dd31e9e' arrived on 3
2018-07-13 15:27:00.552 [IPControllerApp] task::task '4b810d29-ee2dc7ba98912e4dd964cc00' finished on 3
2018-07-13 15:27:00.553 [IPControllerApp] task::task 'aa2cbf0c-8432bcc1ca5a92a290c3b168' arrived on 0
2018-07-13 15:27:00.554 [IPControllerApp] task::task '1e0e33a7-44c75dc0352d60e6903a6f4e' finished on 0
2018-07-13 15:27:00.556 [IPControllerApp] task::task '7132ec0f-55f663fafb8429f47dc03b3c' arrived on 2
2018-07-13 15:27:00.556 [IPControllerApp] task::task 'a18c1741-b8f5c42eb3b40af0f0803d89' finished on 2
2018-07-13 15:27:10.482 [IPControllerApp] task::task 'fb660b24-d085ea49b2488c9b94639d98' arrived on 1
2018-07-13 15:27:10.483 [IPControllerApp] task::task '5b43a112-dee8d972f83e379eaf00f0b6' finished on 1
2018-07-13 15:27:10.570 [IPControllerApp] task::task 'e33b9f4b-999888b746cc673f1d3ea71c' arrived on 0
2018-07-13 15:27:10.571 [IPControllerApp] task::task 'aa2cbf0c-8432bcc1ca5a92a290c3b168' finished on 0
2018-07-13 15:27:10.572 [IPControllerApp] task::task '92916933-a14de86d6c8fd8dfff2cb587' arrived on 2
2018-07-13 15:27:10.573 [IPControllerApp] task::task '7132ec0f-55f663fafb8429f47dc03b3c' finished on 2
2018-07-13 15:27:10.574 [IPControllerApp] task::task 'c6c4b8d0-fd783ca40b40b13fe72485d4' arrived on 3
2018-07-13 15:27:10.575 [IPControllerApp] task::task '7dd8c32e-8a3f75303cda30036dd31e9e' finished on 3
2018-07-13 15:27:20.498 [IPControllerApp] task::task '3fe81076-1bc22ddd782a09f82be8f8d7' arrived on 1
2018-07-13 15:27:20.499 [IPControllerApp] task::task 'fb660b24-d085ea49b2488c9b94639d98' finished on 1
2018-07-13 15:27:20.589 [IPControllerApp] task::task 'ab366f58-48236eed96d13d979a78a606' arrived on 3
2018-07-13 15:27:20.589 [IPControllerApp] task::task 'c6c4b8d0-fd783ca40b40b13fe72485d4' finished on 3
2018-07-13 15:27:20.590 [IPControllerApp] task::task '66bb5a0c-9a530f95b84be91702270be0' arrived on 2
2018-07-13 15:27:20.591 [IPControllerApp] task::task '92916933-a14de86d6c8fd8dfff2cb587' finished on 2
2018-07-13 15:27:20.591 [IPControllerApp] task::task '395ae4e0-d3338ba969c690febf6e7c5a' arrived on 0
2018-07-13 15:27:20.593 [IPControllerApp] task::task 'e33b9f4b-999888b746cc673f1d3ea71c' finished on 0
2018-07-13 15:27:30.513 [IPControllerApp] task::task '2760add2-62f4d651600648fdce7f7f38' arrived on 1
2018-07-13 15:27:30.514 [IPControllerApp] task::task '3fe81076-1bc22ddd782a09f82be8f8d7' finished on 1
2018-07-13 15:27:30.608 [IPControllerApp] task::task 'dd919185-bf1d0a278837e8b0edd0e0ce' arrived on 3
2018-07-13 15:27:30.609 [IPControllerApp] task::task 'ab366f58-48236eed96d13d979a78a606' finished on 3
2018-07-13 15:27:30.610 [IPControllerApp] task::task '1f5032f4-f38ffd2c3ca8cb8ec7ce5c97' arrived on 0
2018-07-13 15:27:30.612 [IPControllerApp] task::task '395ae4e0-d3338ba969c690febf6e7c5a' finished on 0
2018-07-13 15:27:30.613 [IPControllerApp] task::task '6329e2b4-1f9450c4131cb293f9262405' arrived on 2
2018-07-13 15:27:30.613 [IPControllerApp] task::task '66bb5a0c-9a530f95b84be91702270be0' finished on 2
2018-07-13 15:27:40.530 [IPControllerApp] task::task 'bb1b97d9-4c6d956e623fe86699b2a4e7' arrived on 1
2018-07-13 15:27:40.531 [IPControllerApp] task::task '2760add2-62f4d651600648fdce7f7f38' finished on 1
2018-07-13 15:27:40.629 [IPControllerApp] task::task '4258f2bc-fb1fd397c8edbb83c143480a' arrived on 0
2018-07-13 15:27:40.630 [IPControllerApp] task::task '1f5032f4-f38ffd2c3ca8cb8ec7ce5c97' finished on 0
2018-07-13 15:27:40.631 [IPControllerApp] task::task '9373769f-14fde75b26cc1ba8a9e1754b' arrived on 3
2018-07-13 15:27:40.632 [IPControllerApp] task::task 'dd919185-bf1d0a278837e8b0edd0e0ce' finished on 3
2018-07-13 15:27:40.632 [IPControllerApp] task::task '0b0c618b-04a741decb9f45058d25ca4e' arrived on 2
2018-07-13 15:27:40.634 [IPControllerApp] task::task '6329e2b4-1f9450c4131cb293f9262405' finished on 2
2018-07-13 15:27:50.547 [IPControllerApp] task::task 'f654c656-570922f95b93be4a7c1b73b1' arrived on 1
2018-07-13 15:27:50.548 [IPControllerApp] task::task 'bb1b97d9-4c6d956e623fe86699b2a4e7' finished on 1
2018-07-13 15:27:50.649 [IPControllerApp] task::task 'f3be2222-8a381002b9c7a9bf27666411' arrived on 3
2018-07-13 15:27:50.650 [IPControllerApp] task::task '9373769f-14fde75b26cc1ba8a9e1754b' finished on 3
2018-07-13 15:27:50.652 [IPControllerApp] task::task 'fd730396-52af920cc42f884406c8cf83' arrived on 0
2018-07-13 15:27:50.653 [IPControllerApp] task::task '4258f2bc-fb1fd397c8edbb83c143480a' finished on 0
2018-07-13 15:27:50.654 [IPControllerApp] task::task 'dfd49586-f0d14946f30bed7182ebf520' arrived on 2
2018-07-13 15:27:50.654 [IPControllerApp] task::task '0b0c618b-04a741decb9f45058d25ca4e' finished on 2
2018-07-13 15:28:00.561 [IPControllerApp] task::task 'c05e34d2-061de80ad5045c4817d22165' arrived on 1
2018-07-13 15:28:00.562 [IPControllerApp] task::task 'f654c656-570922f95b93be4a7c1b73b1' finished on 1
2018-07-13 15:28:00.667 [IPControllerApp] task::task '1e3f5b2d-c5cc37f5feb0482553ab4bf2' arrived on 0
2018-07-13 15:28:00.668 [IPControllerApp] task::task 'fd730396-52af920cc42f884406c8cf83' finished on 0
2018-07-13 15:28:00.669 [IPControllerApp] task::task '661d75fc-dd34061ee53686935b9d5024' arrived on 3
2018-07-13 15:28:00.671 [IPControllerApp] task::task 'f3be2222-8a381002b9c7a9bf27666411' finished on 3
2018-07-13 15:28:00.672 [IPControllerApp] task::task '61dc6c85-e86926a74d0c3cfa154852d2' arrived on 2
2018-07-13 15:28:00.673 [IPControllerApp] task::task 'dfd49586-f0d14946f30bed7182ebf520' finished on 2
2018-07-13 15:28:10.577 [IPControllerApp] task::task 'c0ff8781-2c4ea1ed4588c543719a31b6' arrived on 1
2018-07-13 15:28:10.578 [IPControllerApp] task::task 'c05e34d2-061de80ad5045c4817d22165' finished on 1
2018-07-13 15:28:10.686 [IPControllerApp] task::task '64839972-4f8e816e6d446393943369d0' arrived on 3
2018-07-13 15:28:10.687 [IPControllerApp] task::task '661d75fc-dd34061ee53686935b9d5024' finished on 3
2018-07-13 15:28:10.688 [IPControllerApp] task::task '9e397ce0-6e354736fd943aea604d8e22' arrived on 2
2018-07-13 15:28:10.689 [IPControllerApp] task::task '61dc6c85-e86926a74d0c3cfa154852d2' finished on 2
2018-07-13 15:28:10.690 [IPControllerApp] task::task 'ddf18f62-03a1c93216bcbeabfb09cd9c' arrived on 0
2018-07-13 15:28:10.691 [IPControllerApp] task::task '1e3f5b2d-c5cc37f5feb0482553ab4bf2' finished on 0
2018-07-13 15:28:20.592 [IPControllerApp] task::task 'bf59bf52-554cfc30767bac7dad1a6657' arrived on 1
2018-07-13 15:28:20.593 [IPControllerApp] task::task 'c0ff8781-2c4ea1ed4588c543719a31b6' finished on 1
2018-07-13 15:28:20.703 [IPControllerApp] task::task '1066e2d0-294291a05a1b8cbc2047e142' arrived on 3
2018-07-13 15:28:20.705 [IPControllerApp] task::task '64839972-4f8e816e6d446393943369d0' finished on 3
2018-07-13 15:28:20.706 [IPControllerApp] task::task 'bdae7189-64ef574d060e93212debc185' arrived on 0
2018-07-13 15:28:20.707 [IPControllerApp] task::task 'ddf18f62-03a1c93216bcbeabfb09cd9c' finished on 0
2018-07-13 15:28:20.709 [IPControllerApp] task::task 'd18a3e6f-3f3a34023e8704d47f3a29d3' arrived on 2
2018-07-13 15:28:20.711 [IPControllerApp] task::task '9e397ce0-6e354736fd943aea604d8e22' finished on 2
2018-07-13 15:28:30.607 [IPControllerApp] task::task '4ad4a2f7-eb8f834c4b309086243b90d6' arrived on 1
2018-07-13 15:28:30.608 [IPControllerApp] task::task 'bf59bf52-554cfc30767bac7dad1a6657' finished on 1
2018-07-13 15:28:30.723 [IPControllerApp] task::task 'df91e4b2-70764908f36918cb1b77324b' arrived on 3
2018-07-13 15:28:30.724 [IPControllerApp] task::task '1066e2d0-294291a05a1b8cbc2047e142' finished on 3
2018-07-13 15:28:30.725 [IPControllerApp] task::task '96ecd429-3eea89f32fa4272fc0de0755' arrived on 0
2018-07-13 15:28:30.726 [IPControllerApp] task::task 'bdae7189-64ef574d060e93212debc185' finished on 0
2018-07-13 15:28:30.728 [IPControllerApp] task::task '26958424-ad2d2341f277cce6af39d88c' arrived on 2
2018-07-13 15:28:30.728 [IPControllerApp] task::task 'd18a3e6f-3f3a34023e8704d47f3a29d3' finished on 2
2018-07-13 15:28:40.623 [IPControllerApp] task::task '860c0b29-69c753d0f98e015726a392ef' arrived on 1
2018-07-13 15:28:40.623 [IPControllerApp] task::task '4ad4a2f7-eb8f834c4b309086243b90d6' finished on 1
2018-07-13 15:28:40.745 [IPControllerApp] task::task '1f7a55a1-9b79adc30100981e4ddfc9e7' arrived on 3
2018-07-13 15:28:40.746 [IPControllerApp] task::task 'df91e4b2-70764908f36918cb1b77324b' finished on 3
2018-07-13 15:28:40.748 [IPControllerApp] task::task '4e2c0562-4625bbfb6edaa342296f49c8' arrived on 0
2018-07-13 15:28:40.749 [IPControllerApp] task::task '96ecd429-3eea89f32fa4272fc0de0755' finished on 0
2018-07-13 15:28:40.749 [IPControllerApp] task::task '29f3d83e-812a226567f7a6ee770de5e9' arrived on 2
2018-07-13 15:28:40.751 [IPControllerApp] task::task '26958424-ad2d2341f277cce6af39d88c' finished on 2
2018-07-13 15:28:50.637 [IPControllerApp] task::task '76eb1797-28d5a7b8dece151a9ff372d6' arrived on 1
2018-07-13 15:28:50.638 [IPControllerApp] task::task '860c0b29-69c753d0f98e015726a392ef' finished on 1
2018-07-13 15:28:50.767 [IPControllerApp] task::task '9503572e-0c7287d4b598f44913db1145' arrived on 3
2018-07-13 15:28:50.768 [IPControllerApp] task::task '1f7a55a1-9b79adc30100981e4ddfc9e7' finished on 3
2018-07-13 15:28:50.771 [IPControllerApp] task::task '443f4ca4-6e9e27734ae1f903f1f6724e' arrived on 2
2018-07-13 15:28:50.772 [IPControllerApp] task::task '29f3d83e-812a226567f7a6ee770de5e9' finished on 2
2018-07-13 15:28:50.772 [IPControllerApp] task::task '5e7f61bd-22a9420126881406b2fe0e84' arrived on 0
2018-07-13 15:28:50.774 [IPControllerApp] task::task '4e2c0562-4625bbfb6edaa342296f49c8' finished on 0
2018-07-13 15:29:00.655 [IPControllerApp] task::task 'be7decb7-38966af4e71a7d40cf3a90fd' arrived on 1
2018-07-13 15:29:00.656 [IPControllerApp] task::task '76eb1797-28d5a7b8dece151a9ff372d6' finished on 1
2018-07-13 15:29:00.793 [IPControllerApp] task::task 'b69972ef-41904e97f204e730738e8def' arrived on 3
2018-07-13 15:29:00.794 [IPControllerApp] task::task '9503572e-0c7287d4b598f44913db1145' finished on 3
2018-07-13 15:29:00.795 [IPControllerApp] task::task 'e7bd5beb-4fab40848243881057f2d7b9' arrived on 2
2018-07-13 15:29:00.797 [IPControllerApp] task::task '443f4ca4-6e9e27734ae1f903f1f6724e' finished on 2
2018-07-13 15:29:00.798 [IPControllerApp] task::task 'd5abd062-aae396943d60ffd2d767a487' arrived on 0
2018-07-13 15:29:00.798 [IPControllerApp] task::task '5e7f61bd-22a9420126881406b2fe0e84' finished on 0
2018-07-13 15:29:10.671 [IPControllerApp] task::task '3254743b-69d1769fa6d2d1ca651e20c8' arrived on 1
2018-07-13 15:29:10.672 [IPControllerApp] task::task 'be7decb7-38966af4e71a7d40cf3a90fd' finished on 1
2018-07-13 15:29:10.810 [IPControllerApp] task::task 'a8efa04b-8cdb0bd3647dac124ca0c6cd' arrived on 0
2018-07-13 15:29:10.811 [IPControllerApp] task::task 'd5abd062-aae396943d60ffd2d767a487' finished on 0
2018-07-13 15:29:10.812 [IPControllerApp] task::task 'e9f8ae06-669216097135ca9e28e71273' arrived on 3
2018-07-13 15:29:10.813 [IPControllerApp] task::task 'b69972ef-41904e97f204e730738e8def' finished on 3
2018-07-13 15:29:10.814 [IPControllerApp] task::task 'fe14a79a-aa57abb03d6831ea6a4b49ad' arrived on 2
2018-07-13 15:29:10.815 [IPControllerApp] task::task 'e7bd5beb-4fab40848243881057f2d7b9' finished on 2
2018-07-13 15:29:20.686 [IPControllerApp] task::task '4f27a650-a55a95d5ae8e34431a1fe636' arrived on 1
2018-07-13 15:29:20.687 [IPControllerApp] task::task '3254743b-69d1769fa6d2d1ca651e20c8' finished on 1
2018-07-13 15:29:20.827 [IPControllerApp] task::task 'a8919eee-2ad838d13e285eb819d6c350' arrived on 0
2018-07-13 15:29:20.828 [IPControllerApp] task::task 'a8efa04b-8cdb0bd3647dac124ca0c6cd' finished on 0
2018-07-13 15:29:20.829 [IPControllerApp] task::task '3a3553ac-3ca8d54961cea166f9b11c70' arrived on 2
2018-07-13 15:29:20.831 [IPControllerApp] task::task 'fe14a79a-aa57abb03d6831ea6a4b49ad' finished on 2
2018-07-13 15:29:20.832 [IPControllerApp] task::task '9a3c0ced-872f2bbf4f0ea46e76f6060e' arrived on 3
2018-07-13 15:29:20.833 [IPControllerApp] task::task 'e9f8ae06-669216097135ca9e28e71273' finished on 3
2018-07-13 15:29:30.702 [IPControllerApp] task::task '4b3a7a1e-1dba0608789ded794c981a12' arrived on 1
2018-07-13 15:29:30.703 [IPControllerApp] task::task '4f27a650-a55a95d5ae8e34431a1fe636' finished on 1
2018-07-13 15:29:30.846 [IPControllerApp] task::task '5dfe63bd-898d7edcfd0775439ef1fb82' arrived on 3
2018-07-13 15:29:30.847 [IPControllerApp] task::task '9a3c0ced-872f2bbf4f0ea46e76f6060e' finished on 3
2018-07-13 15:29:30.849 [IPControllerApp] task::task '8a241e40-aa170bccd5b5af1b6d0caf45' arrived on 2
2018-07-13 15:29:30.850 [IPControllerApp] task::task '3a3553ac-3ca8d54961cea166f9b11c70' finished on 2
2018-07-13 15:29:30.851 [IPControllerApp] task::task '33ae966c-bee11175ee92ead20a6b8579' arrived on 0
2018-07-13 15:29:30.851 [IPControllerApp] task::task 'a8919eee-2ad838d13e285eb819d6c350' finished on 0
2018-07-13 15:29:40.717 [IPControllerApp] task::task '89ac9b02-f5bc4168037e5f974c3dc914' arrived on 1
2018-07-13 15:29:40.719 [IPControllerApp] task::task '4b3a7a1e-1dba0608789ded794c981a12' finished on 1
2018-07-13 15:29:40.862 [IPControllerApp] task::task 'a5c1b5d6-bd45273514a9c55da0d0572f' arrived on 2
2018-07-13 15:29:40.863 [IPControllerApp] task::task '8a241e40-aa170bccd5b5af1b6d0caf45' finished on 2
2018-07-13 15:29:40.864 [IPControllerApp] task::task 'd7f5d720-09ac8222e8787fbcea9480a0' arrived on 0
2018-07-13 15:29:40.865 [IPControllerApp] task::task '33ae966c-bee11175ee92ead20a6b8579' finished on 0
2018-07-13 15:29:40.866 [IPControllerApp] task::task 'ea9ec891-671ec1cb25f5441a854fa70e' arrived on 3
2018-07-13 15:29:40.868 [IPControllerApp] task::task '5dfe63bd-898d7edcfd0775439ef1fb82' finished on 3
2018-07-13 15:29:50.732 [IPControllerApp] task::task '7056feb2-dfd6f3426f880aa250be172b' arrived on 1
2018-07-13 15:29:50.733 [IPControllerApp] task::task '89ac9b02-f5bc4168037e5f974c3dc914' finished on 1
2018-07-13 15:29:50.882 [IPControllerApp] task::task '08f9ebff-991a9c424985aefec47985dc' arrived on 3
2018-07-13 15:29:50.882 [IPControllerApp] task::task 'ea9ec891-671ec1cb25f5441a854fa70e' finished on 3
2018-07-13 15:29:50.884 [IPControllerApp] task::task '939d7fea-25afee6c0b12865de9a711b2' arrived on 0
2018-07-13 15:29:50.885 [IPControllerApp] task::task 'd7f5d720-09ac8222e8787fbcea9480a0' finished on 0
2018-07-13 15:29:50.886 [IPControllerApp] task::task 'a0398418-f2d48408d80f51632d68476d' arrived on 2
2018-07-13 15:29:50.887 [IPControllerApp] task::task 'a5c1b5d6-bd45273514a9c55da0d0572f' finished on 2
2018-07-13 15:30:00.748 [IPControllerApp] task::task '057231f1-04ef813340989926dc6dc691' arrived on 1
2018-07-13 15:30:00.749 [IPControllerApp] task::task '7056feb2-dfd6f3426f880aa250be172b' finished on 1
2018-07-13 15:30:00.904 [IPControllerApp] task::task 'ade640f3-5783d58d8b8975aa4c6115fb' arrived on 3
2018-07-13 15:30:00.905 [IPControllerApp] task::task '08f9ebff-991a9c424985aefec47985dc' finished on 3
2018-07-13 15:30:00.906 [IPControllerApp] task::task '24d7d567-72626575b2c6ddad442907f4' arrived on 2
2018-07-13 15:30:00.907 [IPControllerApp] task::task 'a0398418-f2d48408d80f51632d68476d' finished on 2
2018-07-13 15:30:00.909 [IPControllerApp] task::task 'b2ca7a48-e2bad669644c20a404256b8f' arrived on 0
2018-07-13 15:30:00.909 [IPControllerApp] task::task '939d7fea-25afee6c0b12865de9a711b2' finished on 0
2018-07-13 15:30:10.765 [IPControllerApp] task::task '6624fa94-136cd0d579737a45df1ede7c' arrived on 1
2018-07-13 15:30:10.766 [IPControllerApp] task::task '057231f1-04ef813340989926dc6dc691' finished on 1
2018-07-13 15:30:10.923 [IPControllerApp] task::task '5bcf5f26-eb807b1dd27ee476498f5c68' arrived on 3
2018-07-13 15:30:10.924 [IPControllerApp] task::task 'ade640f3-5783d58d8b8975aa4c6115fb' finished on 3
2018-07-13 15:30:10.924 [IPControllerApp] task::task '8049dbb2-d76616a6b4586555c1744192' arrived on 0
2018-07-13 15:30:10.926 [IPControllerApp] task::task 'b2ca7a48-e2bad669644c20a404256b8f' finished on 0
2018-07-13 15:30:10.927 [IPControllerApp] task::task '1402f0cc-416da07cd47e27f68829ff0e' arrived on 2
2018-07-13 15:30:10.928 [IPControllerApp] task::task '24d7d567-72626575b2c6ddad442907f4' finished on 2
2018-07-13 15:30:20.781 [IPControllerApp] task::task '6873f423-d5fed004ddf604a754c5a363' arrived on 1
2018-07-13 15:30:20.782 [IPControllerApp] task::task '6624fa94-136cd0d579737a45df1ede7c' finished on 1
2018-07-13 15:30:20.945 [IPControllerApp] task::task 'ea03307f-7087a3862e65dd2730a03ef1' arrived on 2
2018-07-13 15:30:20.946 [IPControllerApp] task::task '1402f0cc-416da07cd47e27f68829ff0e' finished on 2
2018-07-13 15:30:20.947 [IPControllerApp] task::task '08c0561e-3a5f0abe60699499efd12967' arrived on 0
2018-07-13 15:30:20.949 [IPControllerApp] task::task '8049dbb2-d76616a6b4586555c1744192' finished on 0
2018-07-13 15:30:20.950 [IPControllerApp] task::task '0afa78dd-b210cf164820142f251997cf' arrived on 3
2018-07-13 15:30:20.951 [IPControllerApp] task::task '5bcf5f26-eb807b1dd27ee476498f5c68' finished on 3
2018-07-13 15:30:30.796 [IPControllerApp] task::task 'e17600c6-da2200b7b083523faf70df22' arrived on 1
2018-07-13 15:30:30.797 [IPControllerApp] task::task '6873f423-d5fed004ddf604a754c5a363' finished on 1
2018-07-13 15:30:30.965 [IPControllerApp] task::task '3705d50c-e6d9aa396b1e6196e7b3ce9c' arrived on 0
2018-07-13 15:30:30.966 [IPControllerApp] task::task '08c0561e-3a5f0abe60699499efd12967' finished on 0
2018-07-13 15:30:30.967 [IPControllerApp] task::task '22545afd-98a7fa326b1e769853f903ec' arrived on 2
2018-07-13 15:30:30.969 [IPControllerApp] task::task 'ea03307f-7087a3862e65dd2730a03ef1' finished on 2
2018-07-13 15:30:30.970 [IPControllerApp] task::task '27d83c4f-46283cb37a05b71168592ee3' arrived on 3
2018-07-13 15:30:30.970 [IPControllerApp] task::task '0afa78dd-b210cf164820142f251997cf' finished on 3
2018-07-13 15:30:40.807 [IPControllerApp] task::task 'ca017d37-17f0d48e3f3d1d96fa1e0bef' arrived on 1
2018-07-13 15:30:40.808 [IPControllerApp] task::task 'e17600c6-da2200b7b083523faf70df22' finished on 1
2018-07-13 15:30:40.984 [IPControllerApp] task::task '3321abb6-373defb58f633a51df6ba020' arrived on 3
2018-07-13 15:30:40.985 [IPControllerApp] task::task '27d83c4f-46283cb37a05b71168592ee3' finished on 3
2018-07-13 15:30:40.987 [IPControllerApp] task::task '9112df16-f21432a9beaaa1d2e0af4952' arrived on 0
2018-07-13 15:30:40.988 [IPControllerApp] task::task '3705d50c-e6d9aa396b1e6196e7b3ce9c' finished on 0
2018-07-13 15:30:40.989 [IPControllerApp] task::task '7d44a53b-0ec64a494d435855f3a3a50f' arrived on 2
2018-07-13 15:30:40.989 [IPControllerApp] task::task '22545afd-98a7fa326b1e769853f903ec' finished on 2
2018-07-13 15:30:50.822 [IPControllerApp] task::task 'bbccbc70-a71a3c3794525ad9c3065eae' arrived on 1
2018-07-13 15:30:50.823 [IPControllerApp] task::task 'ca017d37-17f0d48e3f3d1d96fa1e0bef' finished on 1
2018-07-13 15:30:51.002 [IPControllerApp] task::task '6313c7c0-b3cec76a80901302468d55ae' arrived on 3
2018-07-13 15:30:51.003 [IPControllerApp] task::task '3321abb6-373defb58f633a51df6ba020' finished on 3
2018-07-13 15:30:51.004 [IPControllerApp] task::task '7a376541-6abf382317c4dc7519ad11ce' arrived on 0
2018-07-13 15:30:51.005 [IPControllerApp] task::task '9112df16-f21432a9beaaa1d2e0af4952' finished on 0
2018-07-13 15:30:51.006 [IPControllerApp] task::task '0ce0b355-5c768e2923be7fc204ab9d03' arrived on 2
2018-07-13 15:30:51.008 [IPControllerApp] task::task '7d44a53b-0ec64a494d435855f3a3a50f' finished on 2
2018-07-13 15:31:00.837 [IPControllerApp] task::task '90015a82-49d693143cd1c825e20f0db8' arrived on 1
2018-07-13 15:31:00.838 [IPControllerApp] task::task 'bbccbc70-a71a3c3794525ad9c3065eae' finished on 1
2018-07-13 15:31:01.022 [IPControllerApp] task::task '92236de0-1cafa4af1d06041ec27262c6' arrived on 3
2018-07-13 15:31:01.023 [IPControllerApp] task::task '6313c7c0-b3cec76a80901302468d55ae' finished on 3
2018-07-13 15:31:01.024 [IPControllerApp] task::task '387444dd-3dc3de5fa2d1367c576f7aa9' arrived on 2
2018-07-13 15:31:01.025 [IPControllerApp] task::task '0ce0b355-5c768e2923be7fc204ab9d03' finished on 2
2018-07-13 15:31:01.027 [IPControllerApp] task::task '6429019f-5411b4efc5377e8f89b01728' arrived on 0
2018-07-13 15:31:01.029 [IPControllerApp] task::task '7a376541-6abf382317c4dc7519ad11ce' finished on 0
2018-07-13 15:31:10.853 [IPControllerApp] task::task '8d8ad1ab-43010c20447fe867f2db3ecd' arrived on 1
2018-07-13 15:31:10.854 [IPControllerApp] task::task '90015a82-49d693143cd1c825e20f0db8' finished on 1
2018-07-13 15:31:11.046 [IPControllerApp] task::task 'b39c583f-67086b841f4e073156375fdd' arrived on 2
2018-07-13 15:31:11.046 [IPControllerApp] task::task '387444dd-3dc3de5fa2d1367c576f7aa9' finished on 2
2018-07-13 15:31:11.048 [IPControllerApp] task::task 'e0816a24-00f9eecf5f2f7b4a2f776b62' arrived on 0
2018-07-13 15:31:11.049 [IPControllerApp] task::task '6429019f-5411b4efc5377e8f89b01728' finished on 0
2018-07-13 15:31:11.050 [IPControllerApp] task::task '93f8dc75-ff2e53164ca4f40d026bdb7e' arrived on 3
2018-07-13 15:31:11.051 [IPControllerApp] task::task '92236de0-1cafa4af1d06041ec27262c6' finished on 3
2018-07-13 15:31:20.868 [IPControllerApp] task::task '22b58ec7-51724d691bf17f65d575ffc7' arrived on 1
2018-07-13 15:31:20.868 [IPControllerApp] task::task '8d8ad1ab-43010c20447fe867f2db3ecd' finished on 1
2018-07-13 15:31:21.064 [IPControllerApp] task::task '67335e1b-f518e599585ec3b21253c96d' arrived on 2
2018-07-13 15:31:21.065 [IPControllerApp] task::task 'b39c583f-67086b841f4e073156375fdd' finished on 2
2018-07-13 15:31:21.065 [IPControllerApp] task::task 'c3071601-eae77becf1b5cb0aaa152aaa' arrived on 0
2018-07-13 15:31:21.066 [IPControllerApp] task::task 'e0816a24-00f9eecf5f2f7b4a2f776b62' finished on 0
2018-07-13 15:31:21.067 [IPControllerApp] task::task '27d2337d-61066c266d1a2da20cdb9c91' arrived on 3
2018-07-13 15:31:21.068 [IPControllerApp] task::task '93f8dc75-ff2e53164ca4f40d026bdb7e' finished on 3
2018-07-13 15:31:30.882 [IPControllerApp] task::task 'e98fec20-52e558a09684694d9977ec7d' arrived on 1
2018-07-13 15:31:30.883 [IPControllerApp] task::task '22b58ec7-51724d691bf17f65d575ffc7' finished on 1
2018-07-13 15:31:31.083 [IPControllerApp] task::task '47d5c52d-934ede57ede5578eb1be1423' arrived on 2
2018-07-13 15:31:31.084 [IPControllerApp] task::task '67335e1b-f518e599585ec3b21253c96d' finished on 2
2018-07-13 15:31:31.085 [IPControllerApp] task::task 'b2b92a75-05b81f7f5f13a008547bde74' arrived on 0
2018-07-13 15:31:31.086 [IPControllerApp] task::task 'c3071601-eae77becf1b5cb0aaa152aaa' finished on 0
2018-07-13 15:31:31.087 [IPControllerApp] task::task '2ed27809-6cf5c5a8aa011117cf52d2a7' arrived on 3
2018-07-13 15:31:31.087 [IPControllerApp] task::task '27d2337d-61066c266d1a2da20cdb9c91' finished on 3
2018-07-13 15:31:40.897 [IPControllerApp] task::task 'b043662e-50b319b2d959c5507699cf04' arrived on 1
2018-07-13 15:31:40.898 [IPControllerApp] task::task 'e98fec20-52e558a09684694d9977ec7d' finished on 1
2018-07-13 15:31:41.107 [IPControllerApp] task::task 'dbc4e6c9-b84e1d5b0709c62510ce9227' arrived on 0
2018-07-13 15:31:41.108 [IPControllerApp] task::task 'b2b92a75-05b81f7f5f13a008547bde74' finished on 0
2018-07-13 15:31:41.109 [IPControllerApp] task::task '915b4a00-b16f91b8dea7e1d6af664167' arrived on 3
2018-07-13 15:31:41.110 [IPControllerApp] task::task '2ed27809-6cf5c5a8aa011117cf52d2a7' finished on 3
2018-07-13 15:31:41.111 [IPControllerApp] task::task 'ef3b63bf-12c4cdc17974954c5f494ec1' arrived on 2
2018-07-13 15:31:41.112 [IPControllerApp] task::task '47d5c52d-934ede57ede5578eb1be1423' finished on 2
2018-07-13 15:31:50.912 [IPControllerApp] task::task '3b765443-543dfff5c24e7ab6521d05a2' arrived on 1
2018-07-13 15:31:50.913 [IPControllerApp] task::task 'b043662e-50b319b2d959c5507699cf04' finished on 1
2018-07-13 15:31:51.126 [IPControllerApp] task::task '77159db8-e84608ef8a5840d00f72460f' arrived on 2
2018-07-13 15:31:51.126 [IPControllerApp] task::task 'ef3b63bf-12c4cdc17974954c5f494ec1' finished on 2
2018-07-13 15:31:51.128 [IPControllerApp] task::task '9fe558d1-3313a30798622aacfcc43856' arrived on 0
2018-07-13 15:31:51.129 [IPControllerApp] task::task 'dbc4e6c9-b84e1d5b0709c62510ce9227' finished on 0
2018-07-13 15:31:51.130 [IPControllerApp] task::task '2346a96b-590b826d8fdf8eedef75e24a' arrived on 3
2018-07-13 15:31:51.131 [IPControllerApp] task::task '915b4a00-b16f91b8dea7e1d6af664167' finished on 3
2018-07-13 15:32:00.927 [IPControllerApp] task::task '1d8b92b7-1b406a41209ba17d5224f648' arrived on 1
2018-07-13 15:32:00.928 [IPControllerApp] task::task '3b765443-543dfff5c24e7ab6521d05a2' finished on 1
2018-07-13 15:32:01.144 [IPControllerApp] task::task '385404d3-13296c99281f176ae99ecb41' arrived on 3
2018-07-13 15:32:01.145 [IPControllerApp] task::task '2346a96b-590b826d8fdf8eedef75e24a' finished on 3
2018-07-13 15:32:01.146 [IPControllerApp] task::task '7d7186d6-e38c1e4174757ad23ca40fd1' arrived on 0
2018-07-13 15:32:01.148 [IPControllerApp] task::task '9fe558d1-3313a30798622aacfcc43856' finished on 0
2018-07-13 15:32:01.149 [IPControllerApp] task::task 'df9dad4c-f65f7aaaf355bc78a7c5d5b3' arrived on 2
2018-07-13 15:32:01.150 [IPControllerApp] task::task '77159db8-e84608ef8a5840d00f72460f' finished on 2
2018-07-13 15:32:10.942 [IPControllerApp] task::task 'd03966ca-61d573aaed1a3b4ca2f1a657' arrived on 1
2018-07-13 15:32:10.943 [IPControllerApp] task::task '1d8b92b7-1b406a41209ba17d5224f648' finished on 1
2018-07-13 15:32:11.164 [IPControllerApp] task::task '4f9f7534-bac1e9fe304146c0fdfa98f8' arrived on 2
2018-07-13 15:32:11.165 [IPControllerApp] task::task 'df9dad4c-f65f7aaaf355bc78a7c5d5b3' finished on 2
2018-07-13 15:32:11.167 [IPControllerApp] task::task 'a14a2111-19faaa7f7b9e0b3eb7018452' arrived on 0
2018-07-13 15:32:11.168 [IPControllerApp] task::task '7d7186d6-e38c1e4174757ad23ca40fd1' finished on 0
2018-07-13 15:32:11.169 [IPControllerApp] task::task 'bafab4f9-3e592f83df2c15f647adce17' arrived on 3
2018-07-13 15:32:11.171 [IPControllerApp] task::task '385404d3-13296c99281f176ae99ecb41' finished on 3
2018-07-13 15:32:20.957 [IPControllerApp] task::task 'bd7119ef-3cda20b88169ca5536f4d88d' arrived on 1
2018-07-13 15:32:20.959 [IPControllerApp] task::task 'd03966ca-61d573aaed1a3b4ca2f1a657' finished on 1
2018-07-13 15:32:21.183 [IPControllerApp] task::task '2ae90bf2-29a848ec47ad25a7730a7b16' arrived on 0
2018-07-13 15:32:21.184 [IPControllerApp] task::task 'a14a2111-19faaa7f7b9e0b3eb7018452' finished on 0
2018-07-13 15:32:21.185 [IPControllerApp] task::task '5fe702c3-87da8084b9d0dea170e1ad68' arrived on 3
2018-07-13 15:32:21.186 [IPControllerApp] task::task 'bafab4f9-3e592f83df2c15f647adce17' finished on 3
2018-07-13 15:32:21.188 [IPControllerApp] task::task 'f1297bff-b8386dec047ab0cd9fbf8e40' arrived on 2
2018-07-13 15:32:21.188 [IPControllerApp] task::task '4f9f7534-bac1e9fe304146c0fdfa98f8' finished on 2
2018-07-13 15:32:30.973 [IPControllerApp] task::task '4a6eafaf-d32b4ce295ba2335d442923a' arrived on 1
2018-07-13 15:32:30.974 [IPControllerApp] task::task 'bd7119ef-3cda20b88169ca5536f4d88d' finished on 1
2018-07-13 15:32:31.201 [IPControllerApp] task::task '6a3d33c9-ef8bebf19bb28230dd766952' arrived on 2
2018-07-13 15:32:31.202 [IPControllerApp] task::task 'f1297bff-b8386dec047ab0cd9fbf8e40' finished on 2
2018-07-13 15:32:31.203 [IPControllerApp] task::task '987cd4c5-e1746f0e04c65229141dd69e' arrived on 3
2018-07-13 15:32:31.204 [IPControllerApp] task::task '5fe702c3-87da8084b9d0dea170e1ad68' finished on 3
2018-07-13 15:32:31.206 [IPControllerApp] task::task 'd602b004-b94fe23e91910c73f4bfcbb1' arrived on 0
2018-07-13 15:32:31.206 [IPControllerApp] task::task '2ae90bf2-29a848ec47ad25a7730a7b16' finished on 0
2018-07-13 15:32:40.988 [IPControllerApp] task::task '4bad6bab-64f19578d961689ea78d5b6a' arrived on 1
2018-07-13 15:32:40.989 [IPControllerApp] task::task '4a6eafaf-d32b4ce295ba2335d442923a' finished on 1
2018-07-13 15:32:41.219 [IPControllerApp] task::task '8476c29d-6c8fc2e3487dc5fd125b91d4' arrived on 2
2018-07-13 15:32:41.220 [IPControllerApp] task::task '6a3d33c9-ef8bebf19bb28230dd766952' finished on 2
2018-07-13 15:32:41.221 [IPControllerApp] task::task '573869b2-262857f05524bc670dcc85cc' arrived on 3
2018-07-13 15:32:41.223 [IPControllerApp] task::task '987cd4c5-e1746f0e04c65229141dd69e' finished on 3
2018-07-13 15:32:41.224 [IPControllerApp] task::task '286b0665-4ff9fe39f2cde30af1887f9c' arrived on 0
2018-07-13 15:32:41.225 [IPControllerApp] task::task 'd602b004-b94fe23e91910c73f4bfcbb1' finished on 0
2018-07-13 15:32:51.003 [IPControllerApp] task::task 'c1305deb-abf66c4d061f5003c1c6af19' arrived on 1
2018-07-13 15:32:51.004 [IPControllerApp] task::task '4bad6bab-64f19578d961689ea78d5b6a' finished on 1
2018-07-13 15:32:51.241 [IPControllerApp] task::task '649e1c39-e7e7865f8593f99f536af105' arrived on 3
2018-07-13 15:32:51.242 [IPControllerApp] task::task '573869b2-262857f05524bc670dcc85cc' finished on 3
2018-07-13 15:32:51.243 [IPControllerApp] task::task 'aa852318-a9e5db0efc11642342444824' arrived on 2
2018-07-13 15:32:51.244 [IPControllerApp] task::task '8476c29d-6c8fc2e3487dc5fd125b91d4' finished on 2
2018-07-13 15:32:51.245 [IPControllerApp] task::task '4549c14a-f12231e2a01d53df0bfe4171' arrived on 0
2018-07-13 15:32:51.246 [IPControllerApp] task::task '286b0665-4ff9fe39f2cde30af1887f9c' finished on 0
2018-07-13 15:33:01.019 [IPControllerApp] task::task '25cc7bbe-b4197c79ebd5a548cc21fd64' arrived on 1
2018-07-13 15:33:01.020 [IPControllerApp] task::task 'c1305deb-abf66c4d061f5003c1c6af19' finished on 1
2018-07-13 15:33:01.257 [IPControllerApp] task::task '4d11e1ec-a55a03b7a262b01a11875f46' arrived on 2
2018-07-13 15:33:01.258 [IPControllerApp] task::task 'aa852318-a9e5db0efc11642342444824' finished on 2
2018-07-13 15:33:01.259 [IPControllerApp] task::task 'eb16b36a-33e8a309518d9a10391e86fc' arrived on 3
2018-07-13 15:33:01.260 [IPControllerApp] task::task '649e1c39-e7e7865f8593f99f536af105' finished on 3
2018-07-13 15:33:01.260 [IPControllerApp] task::task '0c67f7e3-f19c0ee113232551396126ed' arrived on 0
2018-07-13 15:33:01.261 [IPControllerApp] task::task '4549c14a-f12231e2a01d53df0bfe4171' finished on 0
2018-07-13 15:33:11.035 [IPControllerApp] task::task '87c806e0-147823ac4d4f06dd8cb7ee9c' arrived on 1
2018-07-13 15:33:11.035 [IPControllerApp] task::task '25cc7bbe-b4197c79ebd5a548cc21fd64' finished on 1
2018-07-13 15:33:11.279 [IPControllerApp] task::task '1ad57027-d13593379d02297186256bd3' arrived on 2
2018-07-13 15:33:11.280 [IPControllerApp] task::task '4d11e1ec-a55a03b7a262b01a11875f46' finished on 2
2018-07-13 15:33:11.281 [IPControllerApp] task::task '7535bfdf-2dabe545496913d80420490f' arrived on 0
2018-07-13 15:33:11.282 [IPControllerApp] task::task '0c67f7e3-f19c0ee113232551396126ed' finished on 0
2018-07-13 15:33:11.283 [IPControllerApp] task::task '5ff30226-e73190b9e45d89c1ad540d8d' arrived on 3
2018-07-13 15:33:11.284 [IPControllerApp] task::task 'eb16b36a-33e8a309518d9a10391e86fc' finished on 3
2018-07-13 15:33:21.050 [IPControllerApp] task::task 'c1365a30-5168703c405e8c9c9346df4b' arrived on 1
2018-07-13 15:33:21.051 [IPControllerApp] task::task '87c806e0-147823ac4d4f06dd8cb7ee9c' finished on 1
2018-07-13 15:33:21.297 [IPControllerApp] task::task '3db8f4cd-d0652eaa0d879d3a4e015d10' arrived on 2
2018-07-13 15:33:21.298 [IPControllerApp] task::task '1ad57027-d13593379d02297186256bd3' finished on 2
2018-07-13 15:33:21.299 [IPControllerApp] task::task '64474dcf-8c22eb464eb8673de69480e7' arrived on 0
2018-07-13 15:33:21.301 [IPControllerApp] task::task '7535bfdf-2dabe545496913d80420490f' finished on 0
2018-07-13 15:33:21.301 [IPControllerApp] task::task 'd3b88255-f3b81978683bb70053ff845c' arrived on 3
2018-07-13 15:33:21.302 [IPControllerApp] task::task '5ff30226-e73190b9e45d89c1ad540d8d' finished on 3
2018-07-13 15:33:31.064 [IPControllerApp] task::task '06e3854e-5c1af291ef5af8209fc5bc34' arrived on 1
2018-07-13 15:33:31.065 [IPControllerApp] task::task 'c1365a30-5168703c405e8c9c9346df4b' finished on 1
2018-07-13 15:33:31.320 [IPControllerApp] task::task '1b3a43b3-056db85f2c117867a01726d4' arrived on 3
2018-07-13 15:33:31.322 [IPControllerApp] task::task 'd3b88255-f3b81978683bb70053ff845c' finished on 3
2018-07-13 15:33:31.323 [IPControllerApp] task::task '15aa92ad-c7a0f6ba66709be080147833' arrived on 0
2018-07-13 15:33:31.324 [IPControllerApp] task::task '64474dcf-8c22eb464eb8673de69480e7' finished on 0
2018-07-13 15:33:31.325 [IPControllerApp] task::task '94614c9a-9225cf949a22802a7e0f14ec' arrived on 2
2018-07-13 15:33:31.326 [IPControllerApp] task::task '3db8f4cd-d0652eaa0d879d3a4e015d10' finished on 2
2018-07-13 15:33:41.080 [IPControllerApp] task::task '72fab948-ae25f5b1a4a3ca354f4b8d18' arrived on 1
2018-07-13 15:33:41.081 [IPControllerApp] task::task '06e3854e-5c1af291ef5af8209fc5bc34' finished on 1
2018-07-13 15:33:41.340 [IPControllerApp] task::task '42271427-3aeefd2b3c714d189f0a9e5f' arrived on 2
2018-07-13 15:33:41.341 [IPControllerApp] task::task '94614c9a-9225cf949a22802a7e0f14ec' finished on 2
2018-07-13 15:33:41.342 [IPControllerApp] task::task 'b186a487-002adc50a4ec40c707e9170d' arrived on 3
2018-07-13 15:33:41.343 [IPControllerApp] task::task '1b3a43b3-056db85f2c117867a01726d4' finished on 3
2018-07-13 15:33:41.344 [IPControllerApp] task::task 'bbfd60d7-eab9b32382fe8b5bd52edc06' arrived on 0
2018-07-13 15:33:41.345 [IPControllerApp] task::task '15aa92ad-c7a0f6ba66709be080147833' finished on 0
2018-07-13 15:33:51.095 [IPControllerApp] task::task '5a8e155b-8ec208a4d0f2017632f6fa6a' arrived on 1
2018-07-13 15:33:51.096 [IPControllerApp] task::task '72fab948-ae25f5b1a4a3ca354f4b8d18' finished on 1
2018-07-13 15:33:51.363 [IPControllerApp] task::task 'c7b3e0fe-2b9c34a8ec31d2a0873dbb5b' arrived on 3
2018-07-13 15:33:51.364 [IPControllerApp] task::task 'b186a487-002adc50a4ec40c707e9170d' finished on 3
2018-07-13 15:33:51.365 [IPControllerApp] task::task '3c396ee7-8fe3296b90c759ef3f6b8afe' arrived on 0
2018-07-13 15:33:51.366 [IPControllerApp] task::task 'bbfd60d7-eab9b32382fe8b5bd52edc06' finished on 0
2018-07-13 15:33:51.367 [IPControllerApp] task::task 'bb5c2b28-9cb86e31b56042f85c1aa3fd' arrived on 2
2018-07-13 15:33:51.368 [IPControllerApp] task::task '42271427-3aeefd2b3c714d189f0a9e5f' finished on 2
2018-07-13 15:34:01.110 [IPControllerApp] task::task '4066b660-93bd6c71ea42a4c53dc13386' arrived on 1
2018-07-13 15:34:01.111 [IPControllerApp] task::task '5a8e155b-8ec208a4d0f2017632f6fa6a' finished on 1
2018-07-13 15:34:01.381 [IPControllerApp] task::task '3eee41d5-a2973c2e58a34dd2b81eda27' arrived on 3
2018-07-13 15:34:01.382 [IPControllerApp] task::task 'c7b3e0fe-2b9c34a8ec31d2a0873dbb5b' finished on 3
2018-07-13 15:34:01.383 [IPControllerApp] task::task '1c41a0e9-77051b9dd7af5456bd2779e2' arrived on 2
2018-07-13 15:34:01.384 [IPControllerApp] task::task 'bb5c2b28-9cb86e31b56042f85c1aa3fd' finished on 2
2018-07-13 15:34:01.386 [IPControllerApp] task::task '95c753ee-63807fd8795dcb0db68412a5' arrived on 0
2018-07-13 15:34:01.387 [IPControllerApp] task::task '3c396ee7-8fe3296b90c759ef3f6b8afe' finished on 0
2018-07-13 15:34:11.127 [IPControllerApp] task::task 'aa74ee54-f8befaeb4353ec2d96ae9d5f' arrived on 1
2018-07-13 15:34:11.128 [IPControllerApp] task::task '4066b660-93bd6c71ea42a4c53dc13386' finished on 1
2018-07-13 15:34:11.401 [IPControllerApp] task::task 'a90f93f2-58358543ac737358cb6b4dce' arrived on 0
2018-07-13 15:34:11.402 [IPControllerApp] task::task '95c753ee-63807fd8795dcb0db68412a5' finished on 0
2018-07-13 15:34:11.403 [IPControllerApp] task::task '8576fa32-311dbd46532ba7cf1506b8dd' arrived on 2
2018-07-13 15:34:11.405 [IPControllerApp] task::task '1c41a0e9-77051b9dd7af5456bd2779e2' finished on 2
2018-07-13 15:34:11.406 [IPControllerApp] task::task '302be3e8-a2a22a32dbc4b868d514cc6f' arrived on 3
2018-07-13 15:34:11.407 [IPControllerApp] task::task '3eee41d5-a2973c2e58a34dd2b81eda27' finished on 3
2018-07-13 15:34:21.142 [IPControllerApp] task::task 'defb2331-e932a8a948252d19ade833e9' arrived on 1
2018-07-13 15:34:21.143 [IPControllerApp] task::task 'aa74ee54-f8befaeb4353ec2d96ae9d5f' finished on 1
2018-07-13 15:34:21.420 [IPControllerApp] task::task '85e340c8-37e0c8913617f2a60cc319e3' arrived on 2
2018-07-13 15:34:21.420 [IPControllerApp] task::task '8576fa32-311dbd46532ba7cf1506b8dd' finished on 2
2018-07-13 15:34:21.422 [IPControllerApp] task::task '03d1d532-c4d51b3b03c90384256d652c' arrived on 0
2018-07-13 15:34:21.423 [IPControllerApp] task::task 'a90f93f2-58358543ac737358cb6b4dce' finished on 0
2018-07-13 15:34:21.424 [IPControllerApp] task::task '20870623-9418e5d0f9a0e3775b8febba' arrived on 3
2018-07-13 15:34:21.425 [IPControllerApp] task::task '302be3e8-a2a22a32dbc4b868d514cc6f' finished on 3
2018-07-13 15:34:31.194 [IPControllerApp] heartbeat::missed b'fe88c0c0-5e9eeaf12c9a3ec095fec298' : 1
2018-07-13 15:34:31.195 [IPControllerApp] heartbeat::missed b'ba2d87d1-f56686e3116d31592ee83c05' : 1
2018-07-13 15:34:31.195 [IPControllerApp] heartbeat::missed b'57167cfe-5d499bb426d1747d108443b7' : 1
2018-07-13 15:34:31.195 [IPControllerApp] heartbeat::missed b'6374e1f9-bf1d042cd34b6ad7f9375b38' : 1
2018-07-13 15:34:34.194 [IPControllerApp] heartbeat::missed b'fe88c0c0-5e9eeaf12c9a3ec095fec298' : 2
2018-07-13 15:34:34.194 [IPControllerApp] heartbeat::missed b'ba2d87d1-f56686e3116d31592ee83c05' : 2
2018-07-13 15:34:34.194 [IPControllerApp] heartbeat::missed b'57167cfe-5d499bb426d1747d108443b7' : 2
2018-07-13 15:34:34.194 [IPControllerApp] heartbeat::missed b'6374e1f9-bf1d042cd34b6ad7f9375b38' : 2
2018-07-13 15:34:37.195 [IPControllerApp] heartbeat::missed b'fe88c0c0-5e9eeaf12c9a3ec095fec298' : 3
2018-07-13 15:34:37.196 [IPControllerApp] heartbeat::missed b'ba2d87d1-f56686e3116d31592ee83c05' : 3
2018-07-13 15:34:37.196 [IPControllerApp] heartbeat::missed b'57167cfe-5d499bb426d1747d108443b7' : 3
2018-07-13 15:34:37.196 [IPControllerApp] heartbeat::missed b'6374e1f9-bf1d042cd34b6ad7f9375b38' : 3
2018-07-13 15:34:38.797 [IPControllerApp] client::client b'5a903140-9f24954238a147dcaf97a3df' requested 'registration_request'
2018-07-13 15:34:38.798 [IPControllerApp] client::client b'686087af-b43aa07f74c11a02fc58e7b1' requested 'registration_request'
2018-07-13 15:34:38.799 [IPControllerApp] client::client b'f0799303-8281e472e1c7285e343ff34f' requested 'registration_request'
2018-07-13 15:34:38.800 [IPControllerApp] client::client b'1caece08-972ff765c395c1ac578e08a3' requested 'registration_request'
2018-07-13 15:34:40.195 [IPControllerApp] heartbeat::missed b'fe88c0c0-5e9eeaf12c9a3ec095fec298' : 4
2018-07-13 15:34:40.195 [IPControllerApp] heartbeat::missed b'ba2d87d1-f56686e3116d31592ee83c05' : 4
2018-07-13 15:34:40.195 [IPControllerApp] heartbeat::missed b'57167cfe-5d499bb426d1747d108443b7' : 4
2018-07-13 15:34:40.195 [IPControllerApp] heartbeat::missed b'6374e1f9-bf1d042cd34b6ad7f9375b38' : 4
2018-07-13 15:34:43.197 [IPControllerApp] registration::finished registering engine 5:686087af-b43aa07f74c11a02fc58e7b1
2018-07-13 15:34:43.197 [IPControllerApp] engine::Engine Connected: 5
2018-07-13 15:34:43.198 [IPControllerApp] registration::finished registering engine 4:5a903140-9f24954238a147dcaf97a3df
2018-07-13 15:34:43.198 [IPControllerApp] engine::Engine Connected: 4
2018-07-13 15:34:43.199 [IPControllerApp] registration::finished registering engine 6:f0799303-8281e472e1c7285e343ff34f
2018-07-13 15:34:43.199 [IPControllerApp] engine::Engine Connected: 6
2018-07-13 15:34:43.199 [IPControllerApp] registration::finished registering engine 7:1caece08-972ff765c395c1ac578e08a3
2018-07-13 15:34:43.199 [IPControllerApp] engine::Engine Connected: 7
2018-07-13 15:34:43.200 [IPControllerApp] heartbeat::missed b'fe88c0c0-5e9eeaf12c9a3ec095fec298' : 5
2018-07-13 15:34:43.200 [IPControllerApp] heartbeat::missed b'ba2d87d1-f56686e3116d31592ee83c05' : 5
2018-07-13 15:34:43.200 [IPControllerApp] heartbeat::missed b'57167cfe-5d499bb426d1747d108443b7' : 5
2018-07-13 15:34:43.200 [IPControllerApp] heartbeat::missed b'6374e1f9-bf1d042cd34b6ad7f9375b38' : 5
2018-07-13 15:34:43.202 [IPControllerApp] task::task 'c74b1356-be74791ba3b653d15d26634a' arrived on 5
2018-07-13 15:34:43.203 [IPControllerApp] task::task 'e54553bc-6a8e4efcc301d6e2daf11d6a' arrived on 4
2018-07-13 15:34:43.205 [IPControllerApp] task::task 'f8f14d8f-d20cd092966540d991d6c755' arrived on 6
2018-07-13 15:34:43.205 [IPControllerApp] task::task '46fff37e-9d3715a8e2d2bcd5ba5eb927' arrived on 7
2018-07-13 15:34:46.196 [IPControllerApp] heartbeat::missed b'fe88c0c0-5e9eeaf12c9a3ec095fec298' : 6
2018-07-13 15:34:46.197 [IPControllerApp] heartbeat::missed b'ba2d87d1-f56686e3116d31592ee83c05' : 6
2018-07-13 15:34:46.197 [IPControllerApp] heartbeat::missed b'57167cfe-5d499bb426d1747d108443b7' : 6
2018-07-13 15:34:46.197 [IPControllerApp] heartbeat::missed b'6374e1f9-bf1d042cd34b6ad7f9375b38' : 6
2018-07-13 15:34:49.196 [IPControllerApp] heartbeat::missed b'fe88c0c0-5e9eeaf12c9a3ec095fec298' : 7
2018-07-13 15:34:49.196 [IPControllerApp] heartbeat::missed b'ba2d87d1-f56686e3116d31592ee83c05' : 7
2018-07-13 15:34:49.196 [IPControllerApp] heartbeat::missed b'57167cfe-5d499bb426d1747d108443b7' : 7
2018-07-13 15:34:49.197 [IPControllerApp] heartbeat::missed b'6374e1f9-bf1d042cd34b6ad7f9375b38' : 7
2018-07-13 15:34:52.197 [IPControllerApp] heartbeat::missed b'fe88c0c0-5e9eeaf12c9a3ec095fec298' : 8
2018-07-13 15:34:52.197 [IPControllerApp] heartbeat::missed b'ba2d87d1-f56686e3116d31592ee83c05' : 8
2018-07-13 15:34:52.197 [IPControllerApp] heartbeat::missed b'57167cfe-5d499bb426d1747d108443b7' : 8
2018-07-13 15:34:52.197 [IPControllerApp] heartbeat::missed b'6374e1f9-bf1d042cd34b6ad7f9375b38' : 8
2018-07-13 15:34:55.196 [IPControllerApp] heartbeat::missed b'fe88c0c0-5e9eeaf12c9a3ec095fec298' : 9
2018-07-13 15:34:55.196 [IPControllerApp] heartbeat::missed b'ba2d87d1-f56686e3116d31592ee83c05' : 9
2018-07-13 15:34:55.197 [IPControllerApp] heartbeat::missed b'57167cfe-5d499bb426d1747d108443b7' : 9
2018-07-13 15:34:55.197 [IPControllerApp] heartbeat::missed b'6374e1f9-bf1d042cd34b6ad7f9375b38' : 9
2018-07-13 15:34:56.564 [IPControllerApp] task::task 'd37f4807-b3a0bdd63cf9c09c53304d80' arrived on 5
2018-07-13 15:34:56.565 [IPControllerApp] task::task 'c74b1356-be74791ba3b653d15d26634a' finished on 5
2018-07-13 15:34:56.569 [IPControllerApp] task::task 'f88e9730-e739caf76bf8322832dde50b' arrived on 4
2018-07-13 15:34:56.570 [IPControllerApp] task::task 'e54553bc-6a8e4efcc301d6e2daf11d6a' finished on 4
2018-07-13 15:34:56.574 [IPControllerApp] task::task '287eb8c9-c6b502f616dc5e9b078e957b' arrived on 7
2018-07-13 15:34:56.574 [IPControllerApp] task::task '46fff37e-9d3715a8e2d2bcd5ba5eb927' finished on 7
2018-07-13 15:34:56.578 [IPControllerApp] task::task '7e2a0b98-9ebdaf6eef2fdeb1dc170bb7' arrived on 6
2018-07-13 15:34:56.579 [IPControllerApp] task::task 'f8f14d8f-d20cd092966540d991d6c755' finished on 6
2018-07-13 15:34:58.196 [IPControllerApp] heartbeat::missed b'fe88c0c0-5e9eeaf12c9a3ec095fec298' : 10
2018-07-13 15:34:58.196 [IPControllerApp] heartbeat::missed b'ba2d87d1-f56686e3116d31592ee83c05' : 10
2018-07-13 15:34:58.196 [IPControllerApp] heartbeat::missed b'57167cfe-5d499bb426d1747d108443b7' : 10
2018-07-13 15:34:58.196 [IPControllerApp] heartbeat::missed b'6374e1f9-bf1d042cd34b6ad7f9375b38' : 10
2018-07-13 15:35:01.197 [IPControllerApp] heartbeat::missed b'fe88c0c0-5e9eeaf12c9a3ec095fec298' : 11
2018-07-13 15:35:01.197 [IPControllerApp] heartbeat::missed b'ba2d87d1-f56686e3116d31592ee83c05' : 11
2018-07-13 15:35:01.197 [IPControllerApp] heartbeat::missed b'57167cfe-5d499bb426d1747d108443b7' : 11
2018-07-13 15:35:01.197 [IPControllerApp] heartbeat::missed b'6374e1f9-bf1d042cd34b6ad7f9375b38' : 11
2018-07-13 15:35:01.197 [IPControllerApp] registration::unregister_engine(0)
2018-07-13 15:35:01.198 [IPControllerApp] registration::unregister_engine(2)
2018-07-13 15:35:01.199 [IPControllerApp] registration::unregister_engine(1)
2018-07-13 15:35:01.199 [IPControllerApp] registration::unregister_engine(3)
2018-07-13 15:35:06.214 [IPControllerApp] task::task '03d1d532-c4d51b3b03c90384256d652c' finished on 0
2018-07-13 15:35:06.215 [IPControllerApp] task::task '85e340c8-37e0c8913617f2a60cc319e3' finished on 2
2018-07-13 15:35:06.215 [IPControllerApp] task::task 'defb2331-e932a8a948252d19ade833e9' finished on 1
2018-07-13 15:35:06.217 [IPControllerApp] task::task '20870623-9418e5d0f9a0e3775b8febba' finished on 3
2018-07-13 15:35:06.594 [IPControllerApp] task::task 'cc775cd2-26bb3e5abc6114f4d3494d5c' arrived on 5
2018-07-13 15:35:06.595 [IPControllerApp] task::task 'd37f4807-b3a0bdd63cf9c09c53304d80' finished on 5
2018-07-13 15:35:06.596 [IPControllerApp] task::task 'ed7ad7a0-6304579be3a318c98c11110c' arrived on 4
2018-07-13 15:35:06.597 [IPControllerApp] task::task 'f88e9730-e739caf76bf8322832dde50b' finished on 4
2018-07-13 15:35:06.599 [IPControllerApp] task::task '0ac1806e-b33bd2448dc59c2320775e7d' arrived on 7
2018-07-13 15:35:06.600 [IPControllerApp] task::task '287eb8c9-c6b502f616dc5e9b078e957b' finished on 7
2018-07-13 15:35:06.602 [IPControllerApp] task::task '80ea5fc0-456a8972948deda17ae4bd9b' arrived on 6
2018-07-13 15:35:06.603 [IPControllerApp] task::task '7e2a0b98-9ebdaf6eef2fdeb1dc170bb7' finished on 6
2018-07-13 15:35:08.447 [IPControllerApp] CRITICAL | Received signal 15, shutting down
2018-07-13 15:35:08.447 [IPControllerApp] CRITICAL | terminating children...
