2018-07-23 10:56:47.819 [IPControllerApp] Created profile dir: '/scratch/midway2/madduru/parsl/parsl/tests/integration/test_stress/runinfo/1289/profile_midway_ipp'
2018-07-23 10:56:47.836 [IPControllerApp] Hub listening on tcp://*:62428 for registration.
2018-07-23 10:56:47.837 [IPControllerApp] Hub using DB backend: 'DictDB'
2018-07-23 10:56:48.099 [IPControllerApp] hub::created hub
2018-07-23 10:56:48.099 [IPControllerApp] writing connection info to /scratch/midway2/madduru/parsl/parsl/tests/integration/test_stress/runinfo/1289/profile_midway_ipp/security/ipcontroller-client.json
2018-07-23 10:56:48.100 [IPControllerApp] writing connection info to /scratch/midway2/madduru/parsl/parsl/tests/integration/test_stress/runinfo/1289/profile_midway_ipp/security/ipcontroller-engine.json
2018-07-23 10:56:48.101 [IPControllerApp] task::using Python leastload Task scheduler
2018-07-23 10:56:48.102 [IPControllerApp] Heartmonitor started
2018-07-23 10:56:48.110 [IPControllerApp] Creating pid file: /scratch/midway2/madduru/parsl/parsl/tests/integration/test_stress/runinfo/1289/profile_midway_ipp/pid/ipcontroller.pid
2018-07-23 10:56:48.119 [scheduler] Scheduler started [leastload]
2018-07-23 10:56:48.121 [IPControllerApp] client::client b'\x00k\x8bEg' requested 'connection_request'
2018-07-23 10:56:48.121 [IPControllerApp] client::client [b'\x00k\x8bEg'] connected
2018-07-23 10:56:49.299 [IPControllerApp] client::client b'\x00k\x8bEh' requested 'connection_request'
2018-07-23 10:56:49.299 [IPControllerApp] client::client [b'\x00k\x8bEh'] connected
2018-07-23 10:57:04.532 [IPControllerApp] client::client b'dcfde817-d030129f698ff49cfed42074' requested 'registration_request'
2018-07-23 10:57:04.542 [IPControllerApp] client::client b'b04e3166-b41301992afeb17c454e4c8e' requested 'registration_request'
2018-07-23 10:57:04.556 [IPControllerApp] client::client b'fc623da5-045a52c917b0614770968b74' requested 'registration_request'
2018-07-23 10:57:04.557 [IPControllerApp] client::client b'33f0ceeb-647c386f013d4b2e167edaa9' requested 'registration_request'
2018-07-23 10:57:04.559 [IPControllerApp] client::client b'5652a583-432f352b06294211f51648f9' requested 'registration_request'
2018-07-23 10:57:04.567 [IPControllerApp] client::client b'7e03269a-ce0d4c1285105f5cb9af1d91' requested 'registration_request'
2018-07-23 10:57:04.568 [IPControllerApp] client::client b'13f7ffca-9d48ee10bd91b59e45d48312' requested 'registration_request'
2018-07-23 10:57:04.569 [IPControllerApp] client::client b'298b3953-ae06786ba8ca667be45d01c8' requested 'registration_request'
2018-07-23 10:57:04.578 [IPControllerApp] client::client b'435b030e-864fcfe5b9fd91550de44d95' requested 'registration_request'
2018-07-23 10:57:04.579 [IPControllerApp] client::client b'608c9bb5-37e78445259df9394d867917' requested 'registration_request'
2018-07-23 10:57:04.580 [IPControllerApp] client::client b'0ba373b5-e8d1c99b4efdad5c689190b3' requested 'registration_request'
2018-07-23 10:57:04.628 [IPControllerApp] client::client b'589002f8-ae59aae8b1315419a0361ca7' requested 'registration_request'
2018-07-23 10:57:04.651 [IPControllerApp] client::client b'2e038bb5-430e42835cfef54c25432716' requested 'registration_request'
2018-07-23 10:57:04.751 [IPControllerApp] client::client b'b3f4a311-79da53584409bb3850129660' requested 'registration_request'
2018-07-23 10:57:04.831 [IPControllerApp] client::client b'038ba93c-55fa4915bc5dac5d7fb2a628' requested 'registration_request'
2018-07-23 10:57:04.914 [IPControllerApp] client::client b'5fa386a6-8ad3d7663ca4fdab9c8868f1' requested 'registration_request'
2018-07-23 10:57:09.105 [IPControllerApp] registration::finished registering engine 11:589002f8-ae59aae8b1315419a0361ca7
2018-07-23 10:57:09.106 [IPControllerApp] engine::Engine Connected: 11
2018-07-23 10:57:09.107 [IPControllerApp] registration::finished registering engine 7:298b3953-ae06786ba8ca667be45d01c8
2018-07-23 10:57:09.107 [IPControllerApp] engine::Engine Connected: 7
2018-07-23 10:57:09.114 [IPControllerApp] registration::finished registering engine 4:5652a583-432f352b06294211f51648f9
2018-07-23 10:57:09.114 [IPControllerApp] engine::Engine Connected: 4
2018-07-23 10:57:09.115 [IPControllerApp] registration::finished registering engine 14:038ba93c-55fa4915bc5dac5d7fb2a628
2018-07-23 10:57:09.115 [IPControllerApp] engine::Engine Connected: 14
2018-07-23 10:57:09.115 [IPControllerApp] registration::finished registering engine 1:b04e3166-b41301992afeb17c454e4c8e
2018-07-23 10:57:09.116 [IPControllerApp] engine::Engine Connected: 1
2018-07-23 10:57:09.116 [IPControllerApp] registration::finished registering engine 5:7e03269a-ce0d4c1285105f5cb9af1d91
2018-07-23 10:57:09.116 [IPControllerApp] engine::Engine Connected: 5
2018-07-23 10:57:09.116 [IPControllerApp] registration::finished registering engine 9:608c9bb5-37e78445259df9394d867917
2018-07-23 10:57:09.117 [IPControllerApp] engine::Engine Connected: 9
2018-07-23 10:57:09.117 [IPControllerApp] registration::finished registering engine 0:dcfde817-d030129f698ff49cfed42074
2018-07-23 10:57:09.117 [IPControllerApp] engine::Engine Connected: 0
2018-07-23 10:57:09.118 [IPControllerApp] registration::finished registering engine 2:fc623da5-045a52c917b0614770968b74
2018-07-23 10:57:09.118 [IPControllerApp] engine::Engine Connected: 2
2018-07-23 10:57:09.118 [IPControllerApp] registration::finished registering engine 15:5fa386a6-8ad3d7663ca4fdab9c8868f1
2018-07-23 10:57:09.118 [IPControllerApp] engine::Engine Connected: 15
2018-07-23 10:57:09.119 [IPControllerApp] registration::finished registering engine 6:13f7ffca-9d48ee10bd91b59e45d48312
2018-07-23 10:57:09.119 [IPControllerApp] engine::Engine Connected: 6
2018-07-23 10:57:09.119 [IPControllerApp] registration::finished registering engine 3:33f0ceeb-647c386f013d4b2e167edaa9
2018-07-23 10:57:09.119 [IPControllerApp] engine::Engine Connected: 3
2018-07-23 10:57:09.120 [IPControllerApp] registration::finished registering engine 10:0ba373b5-e8d1c99b4efdad5c689190b3
2018-07-23 10:57:09.120 [IPControllerApp] engine::Engine Connected: 10
2018-07-23 10:57:09.120 [IPControllerApp] registration::finished registering engine 8:435b030e-864fcfe5b9fd91550de44d95
2018-07-23 10:57:09.121 [IPControllerApp] engine::Engine Connected: 8
2018-07-23 10:57:09.121 [IPControllerApp] registration::finished registering engine 12:2e038bb5-430e42835cfef54c25432716
2018-07-23 10:57:09.121 [IPControllerApp] engine::Engine Connected: 12
2018-07-23 10:57:09.121 [IPControllerApp] registration::finished registering engine 13:b3f4a311-79da53584409bb3850129660
2018-07-23 10:57:09.122 [IPControllerApp] engine::Engine Connected: 13
2018-07-23 10:57:15.813 [IPControllerApp] CRITICAL | Received signal 15, shutting down
2018-07-23 10:57:15.813 [IPControllerApp] CRITICAL | terminating children...
