2018-07-18 12:52:24.732 [IPControllerApp] Created profile dir: '/scratch/midway2/madduru/parsl/parsl/tests/integration/test_stress/runinfo/1168/profile_midway_ipp'
2018-07-18 12:52:24.752 [IPControllerApp] Hub listening on tcp://*:59085 for registration.
2018-07-18 12:52:24.754 [IPControllerApp] Hub using DB backend: 'DictDB'
2018-07-18 12:52:25.017 [IPControllerApp] hub::created hub
2018-07-18 12:52:25.018 [IPControllerApp] writing connection info to /scratch/midway2/madduru/parsl/parsl/tests/integration/test_stress/runinfo/1168/profile_midway_ipp/security/ipcontroller-client.json
2018-07-18 12:52:25.019 [IPControllerApp] writing connection info to /scratch/midway2/madduru/parsl/parsl/tests/integration/test_stress/runinfo/1168/profile_midway_ipp/security/ipcontroller-engine.json
2018-07-18 12:52:25.020 [IPControllerApp] task::using Python leastload Task scheduler
2018-07-18 12:52:25.021 [IPControllerApp] Heartmonitor started
2018-07-18 12:52:25.032 [IPControllerApp] Creating pid file: /scratch/midway2/madduru/parsl/parsl/tests/integration/test_stress/runinfo/1168/profile_midway_ipp/pid/ipcontroller.pid
2018-07-18 12:52:25.041 [scheduler] Scheduler started [leastload]
2018-07-18 12:52:25.044 [IPControllerApp] client::client b'\x00k\x8bEg' requested 'connection_request'
2018-07-18 12:52:25.044 [IPControllerApp] client::client [b'\x00k\x8bEg'] connected
2018-07-18 12:52:25.974 [IPControllerApp] client::client b'\x00k\x8bEh' requested 'connection_request'
2018-07-18 12:52:25.974 [IPControllerApp] client::client [b'\x00k\x8bEh'] connected
2018-07-18 12:52:30.556 [IPControllerApp] client::client b'b8507622-3a3d59b457f08b89fcb9a750' requested 'registration_request'
2018-07-18 12:52:34.025 [IPControllerApp] registration::finished registering engine 0:b8507622-3a3d59b457f08b89fcb9a750
2018-07-18 12:52:34.026 [IPControllerApp] engine::Engine Connected: 0
2018-07-18 12:52:34.030 [IPControllerApp] task::task '72a1dc21-73bcb5237261161ed7303319' arrived on 0
2018-07-18 12:52:45.163 [IPControllerApp] task::task '107630e8-0c36af71037d2d28cf5a6070' arrived on 0
2018-07-18 12:52:45.164 [IPControllerApp] task::task '72a1dc21-73bcb5237261161ed7303319' finished on 0
2018-07-18 12:52:55.178 [IPControllerApp] task::task '0b0e0944-0da8eb09719459acb90e32d2' arrived on 0
2018-07-18 12:52:55.179 [IPControllerApp] task::task '107630e8-0c36af71037d2d28cf5a6070' finished on 0
2018-07-18 12:53:05.193 [IPControllerApp] task::task '92c38eb2-1e69aaccea0ef11d71122df3' arrived on 0
2018-07-18 12:53:05.194 [IPControllerApp] task::task '0b0e0944-0da8eb09719459acb90e32d2' finished on 0
2018-07-18 12:53:15.207 [IPControllerApp] task::task 'e8f3dc20-ed04185fbf182fbecc19832b' arrived on 0
2018-07-18 12:53:15.208 [IPControllerApp] task::task '92c38eb2-1e69aaccea0ef11d71122df3' finished on 0
2018-07-18 12:53:25.222 [IPControllerApp] task::task '0b4472de-66f05b67415c3d48bcd019a3' arrived on 0
2018-07-18 12:53:25.224 [IPControllerApp] task::task 'e8f3dc20-ed04185fbf182fbecc19832b' finished on 0
2018-07-18 12:53:35.238 [IPControllerApp] task::task 'dd23fe02-eacf4396ba7e335e47fd562b' arrived on 0
2018-07-18 12:53:35.239 [IPControllerApp] task::task '0b4472de-66f05b67415c3d48bcd019a3' finished on 0
2018-07-18 12:53:45.253 [IPControllerApp] task::task '754400e0-a8c163106bc759bc31a41190' arrived on 0
2018-07-18 12:53:45.254 [IPControllerApp] task::task 'dd23fe02-eacf4396ba7e335e47fd562b' finished on 0
2018-07-18 12:53:55.268 [IPControllerApp] task::task '53808076-de02ece060b119f744929013' arrived on 0
2018-07-18 12:53:55.269 [IPControllerApp] task::task '754400e0-a8c163106bc759bc31a41190' finished on 0
2018-07-18 12:54:05.283 [IPControllerApp] task::task 'a4ff9feb-a845be695ca8c1ea33035068' arrived on 0
2018-07-18 12:54:05.285 [IPControllerApp] task::task '53808076-de02ece060b119f744929013' finished on 0
2018-07-18 12:54:15.298 [IPControllerApp] task::task '58027143-79225a7c07d254515074549f' arrived on 0
2018-07-18 12:54:15.299 [IPControllerApp] task::task 'a4ff9feb-a845be695ca8c1ea33035068' finished on 0
2018-07-18 12:54:25.313 [IPControllerApp] task::task '7583cf38-3b7d3b8a57d60e30cfde44ac' arrived on 0
2018-07-18 12:54:25.314 [IPControllerApp] task::task '58027143-79225a7c07d254515074549f' finished on 0
2018-07-18 12:54:35.327 [IPControllerApp] task::task 'ed753c3b-92a6b989fabb006a014e0d28' arrived on 0
2018-07-18 12:54:35.328 [IPControllerApp] task::task '7583cf38-3b7d3b8a57d60e30cfde44ac' finished on 0
2018-07-18 12:54:45.345 [IPControllerApp] task::task '04430634-c5299a7d84fa18c48b0cd16b' arrived on 0
2018-07-18 12:54:45.346 [IPControllerApp] task::task 'ed753c3b-92a6b989fabb006a014e0d28' finished on 0
2018-07-18 12:54:55.360 [IPControllerApp] task::task '3b3550fe-4e7fc389278cfe3ea1bae930' arrived on 0
2018-07-18 12:54:55.361 [IPControllerApp] task::task '04430634-c5299a7d84fa18c48b0cd16b' finished on 0
2018-07-18 12:55:05.375 [IPControllerApp] task::task '7371d484-9e72ad04b3426127274c0c12' arrived on 0
2018-07-18 12:55:05.376 [IPControllerApp] task::task '3b3550fe-4e7fc389278cfe3ea1bae930' finished on 0
2018-07-18 12:55:15.389 [IPControllerApp] task::task '07500938-4e66f74b434251c10b022b81' arrived on 0
2018-07-18 12:55:15.391 [IPControllerApp] task::task '7371d484-9e72ad04b3426127274c0c12' finished on 0
2018-07-18 12:55:25.404 [IPControllerApp] task::task 'c124341b-501ad6cc8e0024c0c94b2207' arrived on 0
2018-07-18 12:55:25.405 [IPControllerApp] task::task '07500938-4e66f74b434251c10b022b81' finished on 0
2018-07-18 12:55:35.420 [IPControllerApp] task::task '4d1e91d3-cf578f90ef2f36e9d5a36cf7' arrived on 0
2018-07-18 12:55:35.421 [IPControllerApp] task::task 'c124341b-501ad6cc8e0024c0c94b2207' finished on 0
2018-07-18 12:55:45.435 [IPControllerApp] task::task '6f4fd943-3c0b85bd27a67978b9c322c6' arrived on 0
2018-07-18 12:55:45.436 [IPControllerApp] task::task '4d1e91d3-cf578f90ef2f36e9d5a36cf7' finished on 0
2018-07-18 12:55:55.450 [IPControllerApp] task::task '26fc5023-e6d550294284619a656e25e0' arrived on 0
2018-07-18 12:55:55.451 [IPControllerApp] task::task '6f4fd943-3c0b85bd27a67978b9c322c6' finished on 0
2018-07-18 12:56:05.465 [IPControllerApp] task::task '69b3009a-c537517663162d6ff6a02709' arrived on 0
2018-07-18 12:56:05.466 [IPControllerApp] task::task '26fc5023-e6d550294284619a656e25e0' finished on 0
2018-07-18 12:56:15.480 [IPControllerApp] task::task '92090816-b8f8b1fc5fec90c6ac33166b' arrived on 0
2018-07-18 12:56:15.481 [IPControllerApp] task::task '69b3009a-c537517663162d6ff6a02709' finished on 0
2018-07-18 12:56:25.494 [IPControllerApp] task::task '67b8abf2-6150f5160f488d02c3ec1598' arrived on 0
2018-07-18 12:56:25.495 [IPControllerApp] task::task '92090816-b8f8b1fc5fec90c6ac33166b' finished on 0
2018-07-18 12:56:35.507 [IPControllerApp] task::task '06f12a8f-895155850ea55e2a9ff6dade' arrived on 0
2018-07-18 12:56:35.508 [IPControllerApp] task::task '67b8abf2-6150f5160f488d02c3ec1598' finished on 0
2018-07-18 12:56:45.522 [IPControllerApp] task::task '06f12a8f-895155850ea55e2a9ff6dade' finished on 0
2018-07-18 12:56:46.229 [IPControllerApp] CRITICAL | Received signal 15, shutting down
2018-07-18 12:56:46.229 [IPControllerApp] CRITICAL | terminating children...
