2018-07-16 13:21:53.794 [IPControllerApp] Created profile dir: '/scratch/midway2/madduru/parsl/parsl/tests/integration/test_stress/runinfo/1121/profile_midway_ipp'
2018-07-16 13:21:53.812 [IPControllerApp] Hub listening on tcp://*:58343 for registration.
2018-07-16 13:21:53.814 [IPControllerApp] Hub using DB backend: 'DictDB'
2018-07-16 13:21:54.076 [IPControllerApp] hub::created hub
2018-07-16 13:21:54.077 [IPControllerApp] writing connection info to /scratch/midway2/madduru/parsl/parsl/tests/integration/test_stress/runinfo/1121/profile_midway_ipp/security/ipcontroller-client.json
2018-07-16 13:21:54.077 [IPControllerApp] writing connection info to /scratch/midway2/madduru/parsl/parsl/tests/integration/test_stress/runinfo/1121/profile_midway_ipp/security/ipcontroller-engine.json
2018-07-16 13:21:54.078 [IPControllerApp] task::using Python leastload Task scheduler
2018-07-16 13:21:54.079 [IPControllerApp] Heartmonitor started
2018-07-16 13:21:54.089 [IPControllerApp] Creating pid file: /scratch/midway2/madduru/parsl/parsl/tests/integration/test_stress/runinfo/1121/profile_midway_ipp/pid/ipcontroller.pid
2018-07-16 13:21:54.101 [scheduler] Scheduler started [leastload]
2018-07-16 13:21:54.103 [IPControllerApp] client::client b'\x00k\x8bEg' requested 'connection_request'
2018-07-16 13:21:54.104 [IPControllerApp] client::client [b'\x00k\x8bEg'] connected
2018-07-16 13:21:55.223 [IPControllerApp] client::client b'\x00k\x8bEh' requested 'connection_request'
2018-07-16 13:21:55.223 [IPControllerApp] client::client [b'\x00k\x8bEh'] connected
2018-07-16 13:22:01.915 [IPControllerApp] client::client b'22bfbe3f-ff2d3a73159795746c87b636' requested 'registration_request'
2018-07-16 13:22:06.081 [IPControllerApp] registration::finished registering engine 0:22bfbe3f-ff2d3a73159795746c87b636
2018-07-16 13:22:06.082 [IPControllerApp] engine::Engine Connected: 0
2018-07-16 13:22:06.086 [IPControllerApp] task::task 'ebb9db12-fd75f25d9947a176d23d5a20' arrived on 0
2018-07-16 13:22:17.273 [IPControllerApp] task::task 'ebb9db12-fd75f25d9947a176d23d5a20' finished on 0
2018-07-16 13:22:17.279 [IPControllerApp] task::task '01cc36bc-63a5cccba979b89308dec58f' arrived on 0
2018-07-16 13:22:27.293 [IPControllerApp] task::task '01cc36bc-63a5cccba979b89308dec58f' finished on 0
2018-07-16 13:22:27.300 [IPControllerApp] task::task 'aec4b699-41ad8db72c1159d84076fd24' arrived on 0
2018-07-16 13:22:37.314 [IPControllerApp] task::task 'aec4b699-41ad8db72c1159d84076fd24' finished on 0
2018-07-16 13:22:37.320 [IPControllerApp] task::task '2b4943ef-da1f9f776bf7f6a254763240' arrived on 0
2018-07-16 13:22:47.335 [IPControllerApp] task::task '2b4943ef-da1f9f776bf7f6a254763240' finished on 0
2018-07-16 13:22:47.342 [IPControllerApp] task::task 'f62b7070-494438c28af89b555896ca18' arrived on 0
2018-07-16 13:22:57.356 [IPControllerApp] task::task 'f62b7070-494438c28af89b555896ca18' finished on 0
2018-07-16 13:22:57.363 [IPControllerApp] task::task '3170ddd7-9ebdb12056d56e0ad11743dd' arrived on 0
2018-07-16 13:23:07.377 [IPControllerApp] task::task '3170ddd7-9ebdb12056d56e0ad11743dd' finished on 0
2018-07-16 13:23:07.383 [IPControllerApp] task::task 'a0d9b061-07b30266d2ff41a6fba0fe71' arrived on 0
2018-07-16 13:23:17.397 [IPControllerApp] task::task 'a0d9b061-07b30266d2ff41a6fba0fe71' finished on 0
2018-07-16 13:23:17.405 [IPControllerApp] task::task '3d309141-7904d882217863a351967212' arrived on 0
2018-07-16 13:23:27.419 [IPControllerApp] task::task '3d309141-7904d882217863a351967212' finished on 0
2018-07-16 13:23:27.425 [IPControllerApp] task::task 'ed604b30-230f52483d8c2f29397d8eb0' arrived on 0
2018-07-16 13:23:37.440 [IPControllerApp] task::task 'ed604b30-230f52483d8c2f29397d8eb0' finished on 0
2018-07-16 13:23:37.446 [IPControllerApp] task::task '3e2b63dd-467c6eaa6ab4bed850415b3e' arrived on 0
2018-07-16 13:23:47.460 [IPControllerApp] task::task '3e2b63dd-467c6eaa6ab4bed850415b3e' finished on 0
2018-07-16 13:23:47.467 [IPControllerApp] task::task 'e8b20759-7420cee49782cf6e0cd24892' arrived on 0
2018-07-16 13:23:57.481 [IPControllerApp] task::task 'e8b20759-7420cee49782cf6e0cd24892' finished on 0
2018-07-16 13:23:57.489 [IPControllerApp] task::task '429479e5-54b241983ed60e4d2c6fe035' arrived on 0
2018-07-16 13:24:07.504 [IPControllerApp] task::task '429479e5-54b241983ed60e4d2c6fe035' finished on 0
2018-07-16 13:24:07.513 [IPControllerApp] task::task '8e601a05-7e856c4d7f7c6851b3df8179' arrived on 0
2018-07-16 13:24:17.527 [IPControllerApp] task::task '8e601a05-7e856c4d7f7c6851b3df8179' finished on 0
2018-07-16 13:24:17.534 [IPControllerApp] task::task '23c04370-8410d21195e4779cf7e0e5b1' arrived on 0
2018-07-16 13:24:27.548 [IPControllerApp] task::task '23c04370-8410d21195e4779cf7e0e5b1' finished on 0
2018-07-16 13:24:27.555 [IPControllerApp] task::task '4b9dbc38-e45e163556738fa3f54a46bb' arrived on 0
2018-07-16 13:24:37.570 [IPControllerApp] task::task '4b9dbc38-e45e163556738fa3f54a46bb' finished on 0
2018-07-16 13:24:37.576 [IPControllerApp] task::task '000ea2f3-537500145efabe94d7a405b4' arrived on 0
2018-07-16 13:24:47.591 [IPControllerApp] task::task '000ea2f3-537500145efabe94d7a405b4' finished on 0
2018-07-16 13:24:47.597 [IPControllerApp] task::task 'b0be0331-eb9e8195bc7c2a30a9c9e48a' arrived on 0
2018-07-16 13:24:57.611 [IPControllerApp] task::task 'b0be0331-eb9e8195bc7c2a30a9c9e48a' finished on 0
2018-07-16 13:24:57.618 [IPControllerApp] task::task 'ab709557-92036a71cccdefd54df23e14' arrived on 0
2018-07-16 13:25:07.632 [IPControllerApp] task::task 'ab709557-92036a71cccdefd54df23e14' finished on 0
2018-07-16 13:25:07.640 [IPControllerApp] task::task '1aa1800d-4654d1e3e3790ecf97dbf1a5' arrived on 0
2018-07-16 13:25:17.654 [IPControllerApp] task::task '1aa1800d-4654d1e3e3790ecf97dbf1a5' finished on 0
2018-07-16 13:25:17.661 [IPControllerApp] task::task 'e22c1da7-df4b95302f2b83307115fceb' arrived on 0
2018-07-16 13:25:27.675 [IPControllerApp] task::task 'e22c1da7-df4b95302f2b83307115fceb' finished on 0
2018-07-16 13:25:27.683 [IPControllerApp] task::task '91be7966-4c8060d6e7c8e3cff9fd3607' arrived on 0
2018-07-16 13:25:37.697 [IPControllerApp] task::task '91be7966-4c8060d6e7c8e3cff9fd3607' finished on 0
2018-07-16 13:25:37.706 [IPControllerApp] task::task '85ac0aed-694bfb4c87fc211ae68521bc' arrived on 0
2018-07-16 13:25:47.720 [IPControllerApp] task::task '85ac0aed-694bfb4c87fc211ae68521bc' finished on 0
2018-07-16 13:25:47.727 [IPControllerApp] task::task 'e8f374ba-57fc4f3790edbe37a6555439' arrived on 0
2018-07-16 13:25:57.742 [IPControllerApp] task::task 'e8f374ba-57fc4f3790edbe37a6555439' finished on 0
2018-07-16 13:25:57.749 [IPControllerApp] task::task 'aa584564-1df410804e24091cbab7465a' arrived on 0
2018-07-16 13:26:05.069 [IPControllerApp] CRITICAL | Received signal 15, shutting down
2018-07-16 13:26:05.070 [IPControllerApp] CRITICAL | terminating children...
