2018-07-11 14:15:39.071 [IPControllerApp] Created profile dir: '/scratch/midway2/madduru/parsl/parsl/tests/integration/test_stress/runinfo/995/profile_midway_ipp'
2018-07-11 14:15:39.090 [IPControllerApp] Hub listening on tcp://*:56249 for registration.
2018-07-11 14:15:39.092 [IPControllerApp] Hub using DB backend: 'DictDB'
2018-07-11 14:15:39.356 [IPControllerApp] hub::created hub
2018-07-11 14:15:39.356 [IPControllerApp] writing connection info to /scratch/midway2/madduru/parsl/parsl/tests/integration/test_stress/runinfo/995/profile_midway_ipp/security/ipcontroller-client.json
2018-07-11 14:15:39.357 [IPControllerApp] writing connection info to /scratch/midway2/madduru/parsl/parsl/tests/integration/test_stress/runinfo/995/profile_midway_ipp/security/ipcontroller-engine.json
2018-07-11 14:15:39.358 [IPControllerApp] task::using Python leastload Task scheduler
2018-07-11 14:15:39.358 [IPControllerApp] Heartmonitor started
2018-07-11 14:15:39.367 [IPControllerApp] Creating pid file: /scratch/midway2/madduru/parsl/parsl/tests/integration/test_stress/runinfo/995/profile_midway_ipp/pid/ipcontroller.pid
2018-07-11 14:15:39.377 [scheduler] Scheduler started [leastload]
2018-07-11 14:15:39.380 [IPControllerApp] client::client b'\x00k\x8bEg' requested 'connection_request'
2018-07-11 14:15:39.380 [IPControllerApp] client::client [b'\x00k\x8bEg'] connected
2018-07-11 14:15:40.427 [IPControllerApp] client::client b'\x00k\x8bEh' requested 'connection_request'
2018-07-11 14:15:40.427 [IPControllerApp] client::client [b'\x00k\x8bEh'] connected
2018-07-11 14:16:18.575 [IPControllerApp] client::client b'54b7ce23-9203ef0127991bc7f75600aa' requested 'registration_request'
2018-07-11 14:16:18.577 [IPControllerApp] client::client b'ef3f7bec-789281637620ff5dc41f7f0f' requested 'registration_request'
2018-07-11 14:16:18.579 [IPControllerApp] client::client b'7d08aa43-76d77b986cf49df0bfaa5416' requested 'registration_request'
2018-07-11 14:16:18.580 [IPControllerApp] client::client b'9fb5f96d-dab6872b438595dd8c2139f5' requested 'registration_request'
2018-07-11 14:16:24.362 [IPControllerApp] registration::finished registering engine 0:54b7ce23-9203ef0127991bc7f75600aa
2018-07-11 14:16:24.363 [IPControllerApp] engine::Engine Connected: 0
2018-07-11 14:16:24.364 [IPControllerApp] registration::finished registering engine 1:ef3f7bec-789281637620ff5dc41f7f0f
2018-07-11 14:16:24.364 [IPControllerApp] engine::Engine Connected: 1
2018-07-11 14:16:24.365 [IPControllerApp] registration::finished registering engine 2:7d08aa43-76d77b986cf49df0bfaa5416
2018-07-11 14:16:24.365 [IPControllerApp] engine::Engine Connected: 2
2018-07-11 14:16:24.365 [IPControllerApp] registration::finished registering engine 3:9fb5f96d-dab6872b438595dd8c2139f5
2018-07-11 14:16:24.366 [IPControllerApp] engine::Engine Connected: 3
2018-07-11 14:16:24.368 [IPControllerApp] task::task 'bec5918b-3b74759dbb3f9e85223d0e41' arrived on 0
2018-07-11 14:16:24.369 [IPControllerApp] task::task '9235bc37-c601ab8e4588d4af5f66b120' arrived on 1
2018-07-11 14:16:24.370 [IPControllerApp] task::task '2174efb5-0966f52f35390b676171e791' arrived on 2
2018-07-11 14:16:24.371 [IPControllerApp] task::task 'e4f5fa5b-672da572ef6922f4f3e3de53' arrived on 3
2018-07-11 14:16:26.898 [IPControllerApp] task::task '17aaaa5b-b74b7ac0d213537ba1898e45' arrived on 3
2018-07-11 14:16:26.899 [IPControllerApp] task::task 'e4f5fa5b-672da572ef6922f4f3e3de53' finished on 3
2018-07-11 14:16:26.905 [IPControllerApp] task::task '3517c677-a6207fb8932d4d96001a5c77' arrived on 2
2018-07-11 14:16:26.906 [IPControllerApp] task::task '2174efb5-0966f52f35390b676171e791' finished on 2
2018-07-11 14:16:26.907 [IPControllerApp] task::task '504db092-00da7ac6bf71a539011a01c4' arrived on 1
2018-07-11 14:16:26.908 [IPControllerApp] task::task '9235bc37-c601ab8e4588d4af5f66b120' finished on 1
2018-07-11 14:16:26.909 [IPControllerApp] task::task 'efffea2d-8a1577b3279341ea6949db62' arrived on 0
2018-07-11 14:16:26.910 [IPControllerApp] task::task 'bec5918b-3b74759dbb3f9e85223d0e41' finished on 0
2018-07-11 14:16:27.909 [IPControllerApp] task::task '63f69075-91c89dd42c7dfe1bf268e2d4' arrived on 3
2018-07-11 14:16:27.910 [IPControllerApp] task::task '17aaaa5b-b74b7ac0d213537ba1898e45' finished on 3
2018-07-11 14:16:27.912 [IPControllerApp] task::task 'f5d4c6c2-20de6ce901a40e0306cecf34' arrived on 1
2018-07-11 14:16:27.913 [IPControllerApp] task::task '504db092-00da7ac6bf71a539011a01c4' finished on 1
2018-07-11 14:16:27.915 [IPControllerApp] task::task '43288e88-fedf53bb1ea8c0710929abbb' arrived on 0
2018-07-11 14:16:27.916 [IPControllerApp] task::task 'efffea2d-8a1577b3279341ea6949db62' finished on 0
2018-07-11 14:16:27.919 [IPControllerApp] task::task '56920e73-58dba5edb12bd96ed520d34c' arrived on 2
2018-07-11 14:16:27.920 [IPControllerApp] task::task '3517c677-a6207fb8932d4d96001a5c77' finished on 2
2018-07-11 14:16:28.922 [IPControllerApp] task::task '1b2655bc-63276cbdb6eb213021e5c448' arrived on 1
2018-07-11 14:16:28.923 [IPControllerApp] task::task 'f5d4c6c2-20de6ce901a40e0306cecf34' finished on 1
2018-07-11 14:16:28.925 [IPControllerApp] task::task 'b3b0051c-4d6c514f7347bd7af464a40f' arrived on 3
2018-07-11 14:16:28.928 [IPControllerApp] task::task '63f69075-91c89dd42c7dfe1bf268e2d4' finished on 3
2018-07-11 14:16:28.930 [IPControllerApp] task::task '2fc7027c-e9dbb12fc1c00d867e89db89' arrived on 0
2018-07-11 14:16:28.932 [IPControllerApp] task::task '43288e88-fedf53bb1ea8c0710929abbb' finished on 0
2018-07-11 14:16:28.934 [IPControllerApp] task::task 'ee2c35b3-6cb1ebaa7c352860c6c5adc9' arrived on 2
2018-07-11 14:16:28.936 [IPControllerApp] task::task '56920e73-58dba5edb12bd96ed520d34c' finished on 2
2018-07-11 14:16:29.931 [IPControllerApp] task::task 'c82b212d-85dabf58ce2c78579fcf6771' arrived on 3
2018-07-11 14:16:29.931 [IPControllerApp] task::task 'b3b0051c-4d6c514f7347bd7af464a40f' finished on 3
2018-07-11 14:16:29.933 [IPControllerApp] task::task '34aa40d6-fd566b471209d32e999487ec' arrived on 1
2018-07-11 14:16:29.934 [IPControllerApp] task::task '1b2655bc-63276cbdb6eb213021e5c448' finished on 1
2018-07-11 14:16:29.935 [IPControllerApp] task::task '6f31ecd5-a86a8bb5684dfe25d43b8b54' arrived on 0
2018-07-11 14:16:29.936 [IPControllerApp] task::task '2fc7027c-e9dbb12fc1c00d867e89db89' finished on 0
2018-07-11 14:16:29.938 [IPControllerApp] task::task 'ae282f17-f41a36ebcd9a24c612b5bd45' arrived on 2
2018-07-11 14:16:29.938 [IPControllerApp] task::task 'ee2c35b3-6cb1ebaa7c352860c6c5adc9' finished on 2
2018-07-11 14:16:30.938 [IPControllerApp] task::task 'b56f053d-6e274b2c34aadb189f608098' arrived on 1
2018-07-11 14:16:30.939 [IPControllerApp] task::task '34aa40d6-fd566b471209d32e999487ec' finished on 1
2018-07-11 14:16:30.940 [IPControllerApp] task::task '424fd3ac-5bdee1e8469586476b3cdc9b' arrived on 3
2018-07-11 14:16:30.942 [IPControllerApp] task::task 'c82b212d-85dabf58ce2c78579fcf6771' finished on 3
2018-07-11 14:16:30.943 [IPControllerApp] task::task 'a4db56fd-9fbe3abe2616aa51202fb31f' arrived on 0
2018-07-11 14:16:30.944 [IPControllerApp] task::task '6f31ecd5-a86a8bb5684dfe25d43b8b54' finished on 0
2018-07-11 14:16:30.945 [IPControllerApp] task::task '2eecd3af-7f5e4ec1c30c020a4f16c974' arrived on 2
2018-07-11 14:16:30.946 [IPControllerApp] task::task 'ae282f17-f41a36ebcd9a24c612b5bd45' finished on 2
2018-07-11 14:16:31.945 [IPControllerApp] task::task '2da1a96a-adca62acd7b2d7694e3c432b' arrived on 3
2018-07-11 14:16:31.946 [IPControllerApp] task::task '424fd3ac-5bdee1e8469586476b3cdc9b' finished on 3
2018-07-11 14:16:31.948 [IPControllerApp] task::task 'b56f053d-6e274b2c34aadb189f608098' finished on 1
2018-07-11 14:16:31.949 [IPControllerApp] task::task 'a4db56fd-9fbe3abe2616aa51202fb31f' finished on 0
2018-07-11 14:16:31.950 [IPControllerApp] task::task '2eecd3af-7f5e4ec1c30c020a4f16c974' finished on 2
2018-07-11 14:16:32.950 [IPControllerApp] task::task '2da1a96a-adca62acd7b2d7694e3c432b' finished on 3
2018-07-11 14:16:34.102 [IPControllerApp] CRITICAL | Received signal 15, shutting down
2018-07-11 14:16:34.103 [IPControllerApp] CRITICAL | terminating children...
